[2025-12-17T16:16:16.919+0000] {local_task_job_runner.py:123} INFO - ::group::Pre task execution logs
[2025-12-17T16:16:17.087+0000] {taskinstance.py:2613} INFO - Dependencies all met for dep_context=non-requeueable deps ti=<TaskInstance: our_first_dag_v5.first_task manual__2025-12-17T16:16:06.314849+00:00 [queued]>
[2025-12-17T16:16:17.205+0000] {taskinstance.py:2613} INFO - Dependencies all met for dep_context=requeueable deps ti=<TaskInstance: our_first_dag_v5.first_task manual__2025-12-17T16:16:06.314849+00:00 [queued]>
[2025-12-17T16:16:17.206+0000] {taskinstance.py:2866} INFO - Starting attempt 1 of 6
[2025-12-17T16:16:17.346+0000] {taskinstance.py:2889} INFO - Executing <Task(BashOperator): first_task> on 2025-12-17 16:16:06.314849+00:00
[2025-12-17T16:16:17.410+0000] {logging_mixin.py:190} WARNING - /home/***/.local/lib/python3.12/site-packages/***/task/task_runner/standard_task_runner.py:70 DeprecationWarning: This process (pid=657) is multi-threaded, use of fork() may lead to deadlocks in the child.
[2025-12-17T16:16:17.414+0000] {standard_task_runner.py:72} INFO - Started process 661 to run task
[2025-12-17T16:16:17.405+0000] {standard_task_runner.py:104} INFO - Running: ['***', 'tasks', 'run', 'our_first_dag_v5', 'first_task', 'manual__2025-12-17T16:16:06.314849+00:00', '--job-id', '3', '--raw', '--subdir', 'DAGS_FOLDER/our_first_dag.py', '--cfg-path', '/tmp/tmpajidddcx']
[2025-12-17T16:16:17.422+0000] {standard_task_runner.py:105} INFO - Job 3: Subtask first_task
[2025-12-17T16:16:17.912+0000] {task_command.py:467} INFO - Running <TaskInstance: our_first_dag_v5.first_task manual__2025-12-17T16:16:06.314849+00:00 [running]> on host 15a5db013bdd
[2025-12-17T16:16:19.817+0000] {taskinstance.py:3132} INFO - Exporting env vars: AIRFLOW_CTX_DAG_OWNER='pedro' AIRFLOW_CTX_DAG_ID='our_first_dag_v5' AIRFLOW_CTX_TASK_ID='first_task' AIRFLOW_CTX_EXECUTION_DATE='2025-12-17T16:16:06.314849+00:00' AIRFLOW_CTX_TRY_NUMBER='1' AIRFLOW_CTX_DAG_RUN_ID='manual__2025-12-17T16:16:06.314849+00:00'
[2025-12-17T16:16:19.839+0000] {taskinstance.py:731} INFO - ::endgroup::
[2025-12-17T16:16:20.501+0000] {subprocess.py:78} INFO - Tmp dir root location: /tmp
[2025-12-17T16:16:20.514+0000] {subprocess.py:88} INFO - Running command: ['/usr/bin/bash', '-c', 'echo hello world this is the first task']
[2025-12-17T16:16:20.634+0000] {subprocess.py:99} INFO - Output:
[2025-12-17T16:16:20.692+0000] {subprocess.py:106} INFO - hello world this is the first task
[2025-12-17T16:16:20.701+0000] {subprocess.py:110} INFO - Command exited with return code 0
[2025-12-17T16:16:20.875+0000] {taskinstance.py:340} INFO - ::group::Post task execution logs
[2025-12-17T16:16:20.876+0000] {taskinstance.py:352} INFO - Marking task as SUCCESS. dag_id=our_first_dag_v5, task_id=first_task, run_id=manual__2025-12-17T16:16:06.314849+00:00, execution_date=20251217T161606, start_date=20251217T161617, end_date=20251217T161620
[2025-12-17T16:16:20.968+0000] {local_task_job_runner.py:266} INFO - Task exited with return code 0
[2025-12-17T16:16:21.563+0000] {taskinstance.py:3895} INFO - 2 downstream tasks scheduled from follow-on schedule check
[2025-12-17T16:16:21.572+0000] {local_task_job_runner.py:245} INFO - ::endgroup::
