[2025-12-15T19:01:23.463+0000] {local_task_job_runner.py:123} INFO - ::group::Pre task execution logs
[2025-12-15T19:01:23.698+0000] {taskinstance.py:2613} INFO - Dependencies all met for dep_context=non-requeueable deps ti=<TaskInstance: example_bash_operator.runme_0 scheduled__2025-12-14T00:00:00+00:00 [queued]>
[2025-12-15T19:01:23.757+0000] {taskinstance.py:2613} INFO - Dependencies all met for dep_context=requeueable deps ti=<TaskInstance: example_bash_operator.runme_0 scheduled__2025-12-14T00:00:00+00:00 [queued]>
[2025-12-15T19:01:23.759+0000] {taskinstance.py:2866} INFO - Starting attempt 1 of 1
[2025-12-15T19:01:23.862+0000] {taskinstance.py:2889} INFO - Executing <Task(BashOperator): runme_0> on 2025-12-14 00:00:00+00:00
[2025-12-15T19:01:24.022+0000] {logging_mixin.py:190} WARNING - /home/***/.local/lib/python3.12/site-packages/***/task/task_runner/standard_task_runner.py:70 DeprecationWarning: This process (pid=1980) is multi-threaded, use of fork() may lead to deadlocks in the child.
[2025-12-15T19:01:24.053+0000] {standard_task_runner.py:104} INFO - Running: ['***', 'tasks', 'run', 'example_bash_operator', 'runme_0', 'scheduled__2025-12-14T00:00:00+00:00', '--job-id', '4', '--raw', '--subdir', '/home/***/.local/lib/python3.12/site-packages/***/example_dags/example_bash_operator.py', '--cfg-path', '/tmp/tmpjqbkj1pk']
[2025-12-15T19:01:24.068+0000] {standard_task_runner.py:105} INFO - Job 4: Subtask runme_0
[2025-12-15T19:01:24.068+0000] {standard_task_runner.py:72} INFO - Started process 2228 to run task
[2025-12-15T19:01:31.943+0000] {job.py:229} INFO - Heartbeat recovered after 16.20 seconds
[2025-12-15T19:01:32.125+0000] {task_command.py:467} INFO - Running <TaskInstance: example_bash_operator.runme_0 scheduled__2025-12-14T00:00:00+00:00 [running]> on host 1e924d654c97
[2025-12-15T19:01:35.158+0000] {taskinstance.py:3132} INFO - Exporting env vars: AIRFLOW_CTX_DAG_OWNER='***' AIRFLOW_CTX_DAG_ID='example_bash_operator' AIRFLOW_CTX_TASK_ID='runme_0' AIRFLOW_CTX_EXECUTION_DATE='2025-12-14T00:00:00+00:00' AIRFLOW_CTX_TRY_NUMBER='1' AIRFLOW_CTX_DAG_RUN_ID='scheduled__2025-12-14T00:00:00+00:00'
[2025-12-15T19:01:35.197+0000] {logging_mixin.py:190} INFO - Task instance is in running state
[2025-12-15T19:01:35.199+0000] {logging_mixin.py:190} INFO -  Previous state of the Task instance: queued
[2025-12-15T19:01:35.206+0000] {logging_mixin.py:190} INFO - Current task name:runme_0 state:running start_date:2025-12-15 19:01:23.699754+00:00
[2025-12-15T19:01:35.209+0000] {logging_mixin.py:190} INFO - Dag name:example_bash_operator and current dag run status:running
[2025-12-15T19:01:35.214+0000] {taskinstance.py:731} INFO - ::endgroup::
[2025-12-15T19:01:35.234+0000] {subprocess.py:78} INFO - Tmp dir root location: /tmp
[2025-12-15T19:01:35.246+0000] {subprocess.py:88} INFO - Running command: ['/usr/bin/bash', '-c', 'echo "example_bash_operator__runme_0__20251214" && sleep 1']
[2025-12-15T19:01:35.397+0000] {subprocess.py:99} INFO - Output:
[2025-12-15T19:01:35.401+0000] {subprocess.py:106} INFO - example_bash_operator__runme_0__20251214
[2025-12-15T19:01:36.413+0000] {subprocess.py:110} INFO - Command exited with return code 0
[2025-12-15T19:01:36.535+0000] {taskinstance.py:340} INFO - ::group::Post task execution logs
[2025-12-15T19:01:36.537+0000] {taskinstance.py:352} INFO - Marking task as SUCCESS. dag_id=example_bash_operator, task_id=runme_0, run_id=scheduled__2025-12-14T00:00:00+00:00, execution_date=20251214T000000, start_date=20251215T190123, end_date=20251215T190136
[2025-12-15T19:01:36.576+0000] {logging_mixin.py:190} INFO - Task instance in success state
[2025-12-15T19:01:36.577+0000] {logging_mixin.py:190} INFO -  Previous state of the Task instance: running
[2025-12-15T19:01:36.578+0000] {logging_mixin.py:190} INFO - Dag name:example_bash_operator queued_at:2025-12-15 18:59:46.540732+00:00
[2025-12-15T19:01:36.578+0000] {logging_mixin.py:190} INFO - Task hostname:1e924d654c97 operator:BashOperator
[2025-12-15T19:01:36.651+0000] {local_task_job_runner.py:266} INFO - Task exited with return code 0
[2025-12-15T19:01:36.718+0000] {taskinstance.py:3895} INFO - 1 downstream tasks scheduled from follow-on schedule check
[2025-12-15T19:01:36.729+0000] {local_task_job_runner.py:245} INFO - ::endgroup::
