[2025-12-17T16:16:22.793+0000] {local_task_job_runner.py:123} INFO - ::group::Pre task execution logs
[2025-12-17T16:16:22.890+0000] {taskinstance.py:2613} INFO - Dependencies all met for dep_context=non-requeueable deps ti=<TaskInstance: our_first_dag_v5.second_task scheduled__2025-12-15T00:00:00+00:00 [queued]>
[2025-12-17T16:16:22.959+0000] {taskinstance.py:2613} INFO - Dependencies all met for dep_context=requeueable deps ti=<TaskInstance: our_first_dag_v5.second_task scheduled__2025-12-15T00:00:00+00:00 [queued]>
[2025-12-17T16:16:22.959+0000] {taskinstance.py:2866} INFO - Starting attempt 1 of 6
[2025-12-17T16:16:25.105+0000] {taskinstance.py:2889} INFO - Executing <Task(BashOperator): second_task> on 2025-12-15 00:00:00+00:00
[2025-12-17T16:16:26.200+0000] {logging_mixin.py:190} WARNING - /home/***/.local/lib/python3.12/site-packages/***/task/task_runner/standard_task_runner.py:70 DeprecationWarning: This process (pid=672) is multi-threaded, use of fork() may lead to deadlocks in the child.
[2025-12-17T16:16:26.651+0000] {standard_task_runner.py:72} INFO - Started process 677 to run task
[2025-12-17T16:16:26.856+0000] {standard_task_runner.py:104} INFO - Running: ['***', 'tasks', 'run', 'our_first_dag_v5', 'second_task', 'scheduled__2025-12-15T00:00:00+00:00', '--job-id', '10', '--raw', '--subdir', 'DAGS_FOLDER/our_first_dag.py', '--cfg-path', '/tmp/tmpvl7cpwil']
[2025-12-17T16:16:27.205+0000] {standard_task_runner.py:105} INFO - Job 10: Subtask second_task
[2025-12-17T16:16:30.406+0000] {task_command.py:467} INFO - Running <TaskInstance: our_first_dag_v5.second_task scheduled__2025-12-15T00:00:00+00:00 [running]> on host 15a5db013bdd
[2025-12-17T16:16:33.379+0000] {job.py:229} INFO - Heartbeat recovered after 10.84 seconds
[2025-12-17T16:16:37.357+0000] {taskinstance.py:3132} INFO - Exporting env vars: AIRFLOW_CTX_DAG_OWNER='pedro' AIRFLOW_CTX_DAG_ID='our_first_dag_v5' AIRFLOW_CTX_TASK_ID='second_task' AIRFLOW_CTX_EXECUTION_DATE='2025-12-15T00:00:00+00:00' AIRFLOW_CTX_TRY_NUMBER='1' AIRFLOW_CTX_DAG_RUN_ID='scheduled__2025-12-15T00:00:00+00:00'
[2025-12-17T16:16:37.453+0000] {taskinstance.py:731} INFO - ::endgroup::
[2025-12-17T16:16:38.278+0000] {subprocess.py:78} INFO - Tmp dir root location: /tmp
[2025-12-17T16:16:38.289+0000] {subprocess.py:88} INFO - Running command: ['/usr/bin/bash', '-c', 'echo hey, I am the second task and i will be runnig after task one']
[2025-12-17T16:16:38.510+0000] {subprocess.py:99} INFO - Output:
[2025-12-17T16:16:38.597+0000] {subprocess.py:106} INFO - hey, I am the second task and i will be runnig after task one
[2025-12-17T16:16:38.599+0000] {subprocess.py:110} INFO - Command exited with return code 0
[2025-12-17T16:16:39.429+0000] {taskinstance.py:340} INFO - ::group::Post task execution logs
[2025-12-17T16:16:39.431+0000] {taskinstance.py:352} INFO - Marking task as SUCCESS. dag_id=our_first_dag_v5, task_id=second_task, run_id=scheduled__2025-12-15T00:00:00+00:00, execution_date=20251215T000000, start_date=20251217T161622, end_date=20251217T161639
[2025-12-17T16:16:39.928+0000] {local_task_job_runner.py:266} INFO - Task exited with return code 0
[2025-12-17T16:16:39.980+0000] {local_task_job_runner.py:245} INFO - ::endgroup::
