[2025-12-17T16:16:22.793+0000] {local_task_job_runner.py:123} INFO - ::group::Pre task execution logs
[2025-12-17T16:16:23.003+0000] {taskinstance.py:2613} INFO - Dependencies all met for dep_context=non-requeueable deps ti=<TaskInstance: our_first_dag_v5.third_task scheduled__2025-12-15T00:00:00+00:00 [queued]>
[2025-12-17T16:16:23.115+0000] {taskinstance.py:2613} INFO - Dependencies all met for dep_context=requeueable deps ti=<TaskInstance: our_first_dag_v5.third_task scheduled__2025-12-15T00:00:00+00:00 [queued]>
[2025-12-17T16:16:23.117+0000] {taskinstance.py:2866} INFO - Starting attempt 1 of 6
[2025-12-17T16:16:25.804+0000] {taskinstance.py:2889} INFO - Executing <Task(BashOperator): third_task> on 2025-12-15 00:00:00+00:00
[2025-12-17T16:16:26.659+0000] {standard_task_runner.py:104} INFO - Running: ['***', 'tasks', 'run', 'our_first_dag_v5', 'third_task', 'scheduled__2025-12-15T00:00:00+00:00', '--job-id', '9', '--raw', '--subdir', 'DAGS_FOLDER/our_first_dag.py', '--cfg-path', '/tmp/tmp3ih4kx5i']
[2025-12-17T16:16:26.678+0000] {standard_task_runner.py:105} INFO - Job 9: Subtask third_task
[2025-12-17T16:16:26.684+0000] {logging_mixin.py:190} WARNING - /home/***/.local/lib/python3.12/site-packages/***/task/task_runner/standard_task_runner.py:70 DeprecationWarning: This process (pid=671) is multi-threaded, use of fork() may lead to deadlocks in the child.
[2025-12-17T16:16:26.686+0000] {standard_task_runner.py:72} INFO - Started process 678 to run task
[2025-12-17T16:16:28.763+0000] {task_command.py:467} INFO - Running <TaskInstance: our_first_dag_v5.third_task scheduled__2025-12-15T00:00:00+00:00 [running]> on host 15a5db013bdd
[2025-12-17T16:16:33.386+0000] {job.py:229} INFO - Heartbeat recovered after 10.86 seconds
[2025-12-17T16:16:37.438+0000] {taskinstance.py:3132} INFO - Exporting env vars: AIRFLOW_CTX_DAG_OWNER='pedro' AIRFLOW_CTX_DAG_ID='our_first_dag_v5' AIRFLOW_CTX_TASK_ID='third_task' AIRFLOW_CTX_EXECUTION_DATE='2025-12-15T00:00:00+00:00' AIRFLOW_CTX_TRY_NUMBER='1' AIRFLOW_CTX_DAG_RUN_ID='scheduled__2025-12-15T00:00:00+00:00'
[2025-12-17T16:16:37.441+0000] {taskinstance.py:731} INFO - ::endgroup::
[2025-12-17T16:16:38.205+0000] {subprocess.py:78} INFO - Tmp dir root location: /tmp
[2025-12-17T16:16:38.358+0000] {subprocess.py:88} INFO - Running command: ['/usr/bin/bash', '-c', 'echo hey, I am the third task and i will be runnig after task one and same time as task two']
[2025-12-17T16:16:38.704+0000] {subprocess.py:99} INFO - Output:
[2025-12-17T16:16:38.706+0000] {subprocess.py:106} INFO - hey, I am the third task and i will be runnig after task one and same time as task two
[2025-12-17T16:16:38.721+0000] {subprocess.py:110} INFO - Command exited with return code 0
[2025-12-17T16:16:39.453+0000] {taskinstance.py:340} INFO - ::group::Post task execution logs
[2025-12-17T16:16:39.455+0000] {taskinstance.py:352} INFO - Marking task as SUCCESS. dag_id=our_first_dag_v5, task_id=third_task, run_id=scheduled__2025-12-15T00:00:00+00:00, execution_date=20251215T000000, start_date=20251217T161623, end_date=20251217T161639
[2025-12-17T16:16:39.823+0000] {local_task_job_runner.py:266} INFO - Task exited with return code 0
[2025-12-17T16:16:39.986+0000] {taskinstance.py:3895} INFO - 0 downstream tasks scheduled from follow-on schedule check
[2025-12-17T16:16:39.998+0000] {local_task_job_runner.py:245} INFO - ::endgroup::
