[2025-12-17T16:16:22.793+0000] {local_task_job_runner.py:123} INFO - ::group::Pre task execution logs
[2025-12-17T16:16:22.896+0000] {taskinstance.py:2613} INFO - Dependencies all met for dep_context=non-requeueable deps ti=<TaskInstance: our_first_dag_v5.second_task manual__2025-12-17T16:16:06.314849+00:00 [queued]>
[2025-12-17T16:16:22.967+0000] {taskinstance.py:2613} INFO - Dependencies all met for dep_context=requeueable deps ti=<TaskInstance: our_first_dag_v5.second_task manual__2025-12-17T16:16:06.314849+00:00 [queued]>
[2025-12-17T16:16:22.970+0000] {taskinstance.py:2866} INFO - Starting attempt 1 of 6
[2025-12-17T16:16:25.794+0000] {taskinstance.py:2889} INFO - Executing <Task(BashOperator): second_task> on 2025-12-17 16:16:06.314849+00:00
[2025-12-17T16:16:26.644+0000] {logging_mixin.py:190} WARNING - /home/***/.local/lib/python3.12/site-packages/***/task/task_runner/standard_task_runner.py:70 DeprecationWarning: This process (pid=673) is multi-threaded, use of fork() may lead to deadlocks in the child.
[2025-12-17T16:16:26.787+0000] {standard_task_runner.py:72} INFO - Started process 680 to run task
[2025-12-17T16:16:27.030+0000] {standard_task_runner.py:104} INFO - Running: ['***', 'tasks', 'run', 'our_first_dag_v5', 'second_task', 'manual__2025-12-17T16:16:06.314849+00:00', '--job-id', '6', '--raw', '--subdir', 'DAGS_FOLDER/our_first_dag.py', '--cfg-path', '/tmp/tmpzdnwvtqa']
[2025-12-17T16:16:27.289+0000] {standard_task_runner.py:105} INFO - Job 6: Subtask second_task
[2025-12-17T16:16:32.364+0000] {task_command.py:467} INFO - Running <TaskInstance: our_first_dag_v5.second_task manual__2025-12-17T16:16:06.314849+00:00 [running]> on host 15a5db013bdd
[2025-12-17T16:16:33.222+0000] {job.py:229} INFO - Heartbeat recovered after 10.71 seconds
[2025-12-17T16:16:37.530+0000] {taskinstance.py:3132} INFO - Exporting env vars: AIRFLOW_CTX_DAG_OWNER='pedro' AIRFLOW_CTX_DAG_ID='our_first_dag_v5' AIRFLOW_CTX_TASK_ID='second_task' AIRFLOW_CTX_EXECUTION_DATE='2025-12-17T16:16:06.314849+00:00' AIRFLOW_CTX_TRY_NUMBER='1' AIRFLOW_CTX_DAG_RUN_ID='manual__2025-12-17T16:16:06.314849+00:00'
[2025-12-17T16:16:37.533+0000] {taskinstance.py:731} INFO - ::endgroup::
[2025-12-17T16:16:38.211+0000] {subprocess.py:78} INFO - Tmp dir root location: /tmp
[2025-12-17T16:16:38.279+0000] {subprocess.py:88} INFO - Running command: ['/usr/bin/bash', '-c', 'echo hey, I am the second task and i will be runnig after task one']
[2025-12-17T16:16:38.592+0000] {subprocess.py:99} INFO - Output:
[2025-12-17T16:16:38.607+0000] {subprocess.py:106} INFO - hey, I am the second task and i will be runnig after task one
[2025-12-17T16:16:38.615+0000] {subprocess.py:110} INFO - Command exited with return code 0
[2025-12-17T16:16:39.542+0000] {taskinstance.py:340} INFO - ::group::Post task execution logs
[2025-12-17T16:16:39.547+0000] {taskinstance.py:352} INFO - Marking task as SUCCESS. dag_id=our_first_dag_v5, task_id=second_task, run_id=manual__2025-12-17T16:16:06.314849+00:00, execution_date=20251217T161606, start_date=20251217T161622, end_date=20251217T161639
[2025-12-17T16:16:39.867+0000] {local_task_job_runner.py:266} INFO - Task exited with return code 0
[2025-12-17T16:16:39.956+0000] {taskinstance.py:3895} INFO - 0 downstream tasks scheduled from follow-on schedule check
[2025-12-17T16:16:39.978+0000] {local_task_job_runner.py:245} INFO - ::endgroup::
