[2025-12-15T19:01:23.503+0000] {local_task_job_runner.py:123} INFO - ::group::Pre task execution logs
[2025-12-15T19:01:23.738+0000] {taskinstance.py:2613} INFO - Dependencies all met for dep_context=non-requeueable deps ti=<TaskInstance: example_bash_operator.also_run_this scheduled__2025-12-14T00:00:00+00:00 [queued]>
[2025-12-15T19:01:23.807+0000] {taskinstance.py:2613} INFO - Dependencies all met for dep_context=requeueable deps ti=<TaskInstance: example_bash_operator.also_run_this scheduled__2025-12-14T00:00:00+00:00 [queued]>
[2025-12-15T19:01:23.809+0000] {taskinstance.py:2866} INFO - Starting attempt 1 of 1
[2025-12-15T19:01:23.920+0000] {taskinstance.py:2889} INFO - Executing <Task(BashOperator): also_run_this> on 2025-12-14 00:00:00+00:00
[2025-12-15T19:01:24.123+0000] {logging_mixin.py:190} WARNING - /home/***/.local/lib/python3.12/site-packages/***/task/task_runner/standard_task_runner.py:70 DeprecationWarning: This process (pid=1984) is multi-threaded, use of fork() may lead to deadlocks in the child.
[2025-12-15T19:01:24.183+0000] {standard_task_runner.py:72} INFO - Started process 2229 to run task
[2025-12-15T19:01:24.223+0000] {standard_task_runner.py:104} INFO - Running: ['***', 'tasks', 'run', 'example_bash_operator', 'also_run_this', 'scheduled__2025-12-14T00:00:00+00:00', '--job-id', '7', '--raw', '--subdir', '/home/***/.local/lib/python3.12/site-packages/***/example_dags/example_bash_operator.py', '--cfg-path', '/tmp/tmp9f8bn4se']
[2025-12-15T19:01:24.238+0000] {standard_task_runner.py:105} INFO - Job 7: Subtask also_run_this
[2025-12-15T19:01:32.026+0000] {job.py:229} INFO - Heartbeat recovered after 16.10 seconds
[2025-12-15T19:01:32.262+0000] {task_command.py:467} INFO - Running <TaskInstance: example_bash_operator.also_run_this scheduled__2025-12-14T00:00:00+00:00 [running]> on host 1e924d654c97
[2025-12-15T19:01:33.573+0000] {taskinstance.py:3132} INFO - Exporting env vars: AIRFLOW_CTX_DAG_OWNER='***' AIRFLOW_CTX_DAG_ID='example_bash_operator' AIRFLOW_CTX_TASK_ID='also_run_this' AIRFLOW_CTX_EXECUTION_DATE='2025-12-14T00:00:00+00:00' AIRFLOW_CTX_TRY_NUMBER='1' AIRFLOW_CTX_DAG_RUN_ID='scheduled__2025-12-14T00:00:00+00:00'
[2025-12-15T19:01:33.608+0000] {logging_mixin.py:190} INFO - Task instance is in running state
[2025-12-15T19:01:33.609+0000] {logging_mixin.py:190} INFO -  Previous state of the Task instance: queued
[2025-12-15T19:01:33.610+0000] {logging_mixin.py:190} INFO - Current task name:also_run_this state:running start_date:2025-12-15 19:01:23.739384+00:00
[2025-12-15T19:01:33.610+0000] {logging_mixin.py:190} INFO - Dag name:example_bash_operator and current dag run status:running
[2025-12-15T19:01:33.611+0000] {taskinstance.py:731} INFO - ::endgroup::
[2025-12-15T19:01:33.612+0000] {subprocess.py:78} INFO - Tmp dir root location: /tmp
[2025-12-15T19:01:35.073+0000] {subprocess.py:88} INFO - Running command: ['/usr/bin/bash', '-c', 'echo "ti_key=example_bash_operator__also_run_this__20251214"']
[2025-12-15T19:01:35.182+0000] {subprocess.py:99} INFO - Output:
[2025-12-15T19:01:35.232+0000] {subprocess.py:106} INFO - ti_key=example_bash_operator__also_run_this__20251214
[2025-12-15T19:01:35.239+0000] {subprocess.py:110} INFO - Command exited with return code 0
[2025-12-15T19:01:35.431+0000] {taskinstance.py:340} INFO - ::group::Post task execution logs
[2025-12-15T19:01:35.432+0000] {taskinstance.py:352} INFO - Marking task as SUCCESS. dag_id=example_bash_operator, task_id=also_run_this, run_id=scheduled__2025-12-14T00:00:00+00:00, execution_date=20251214T000000, start_date=20251215T190123, end_date=20251215T190135
[2025-12-15T19:01:35.505+0000] {logging_mixin.py:190} INFO - Task instance in success state
[2025-12-15T19:01:35.520+0000] {logging_mixin.py:190} INFO -  Previous state of the Task instance: running
[2025-12-15T19:01:35.524+0000] {logging_mixin.py:190} INFO - Dag name:example_bash_operator queued_at:2025-12-15 18:59:46.540732+00:00
[2025-12-15T19:01:35.525+0000] {logging_mixin.py:190} INFO - Task hostname:1e924d654c97 operator:BashOperator
[2025-12-15T19:01:35.563+0000] {local_task_job_runner.py:266} INFO - Task exited with return code 0
[2025-12-15T19:01:35.650+0000] {standard_task_runner.py:217} INFO - Process not found (most likely exited), stop collecting metrics
[2025-12-15T19:01:35.654+0000] {taskinstance.py:3895} INFO - 0 downstream tasks scheduled from follow-on schedule check
[2025-12-15T19:01:35.676+0000] {local_task_job_runner.py:245} INFO - ::endgroup::
