[2025-12-17T19:20:16.542+0000] {local_task_job_runner.py:123} INFO - ::group::Pre task execution logs
[2025-12-17T19:20:16.577+0000] {taskinstance.py:2613} INFO - Dependencies all met for dep_context=non-requeueable deps ti=<TaskInstance: dag_with_postgres_operator_v1.create_postgres_table manual__2025-12-17T19:20:14.166387+00:00 [queued]>
[2025-12-17T19:20:16.595+0000] {taskinstance.py:2613} INFO - Dependencies all met for dep_context=requeueable deps ti=<TaskInstance: dag_with_postgres_operator_v1.create_postgres_table manual__2025-12-17T19:20:14.166387+00:00 [queued]>
[2025-12-17T19:20:16.595+0000] {taskinstance.py:2866} INFO - Starting attempt 1 of 6
[2025-12-17T19:20:16.643+0000] {taskinstance.py:2889} INFO - Executing <Task(PostgresOperator): create_postgres_table> on 2025-12-17 19:20:14.166387+00:00
[2025-12-17T19:20:16.663+0000] {logging_mixin.py:190} WARNING - /home/***/.local/lib/python3.12/site-packages/***/task/task_runner/standard_task_runner.py:70 DeprecationWarning: This process (pid=2740) is multi-threaded, use of fork() may lead to deadlocks in the child.
[2025-12-17T19:20:16.665+0000] {standard_task_runner.py:72} INFO - Started process 2741 to run task
[2025-12-17T19:20:16.663+0000] {standard_task_runner.py:104} INFO - Running: ['***', 'tasks', 'run', 'dag_with_postgres_operator_v1', 'create_postgres_table', 'manual__2025-12-17T19:20:14.166387+00:00', '--job-id', '10', '--raw', '--subdir', 'DAGS_FOLDER/dag_with_postgres_operator.py', '--cfg-path', '/tmp/tmptoahyou4']
[2025-12-17T19:20:16.667+0000] {standard_task_runner.py:105} INFO - Job 10: Subtask create_postgres_table
[2025-12-17T19:20:16.766+0000] {task_command.py:467} INFO - Running <TaskInstance: dag_with_postgres_operator_v1.create_postgres_table manual__2025-12-17T19:20:14.166387+00:00 [running]> on host 49a93f729fc9
[2025-12-17T19:20:16.965+0000] {taskinstance.py:3132} INFO - Exporting env vars: AIRFLOW_CTX_DAG_OWNER='pedro' AIRFLOW_CTX_DAG_ID='dag_with_postgres_operator_v1' AIRFLOW_CTX_TASK_ID='create_postgres_table' AIRFLOW_CTX_EXECUTION_DATE='2025-12-17T19:20:14.166387+00:00' AIRFLOW_CTX_TRY_NUMBER='1' AIRFLOW_CTX_DAG_RUN_ID='manual__2025-12-17T19:20:14.166387+00:00'
[2025-12-17T19:20:16.966+0000] {taskinstance.py:731} INFO - ::endgroup::
[2025-12-17T19:20:17.003+0000] {sql.py:278} INFO - Executing: 
        CREATE TABLE if not exists dag_runs (
            dt date,
            dag_id character varying,
            primary key (dt, dag_id)    
        )
        
[2025-12-17T19:20:17.018+0000] {base.py:84} INFO - Retrieving connection 'postgres_localhost'
[2025-12-17T19:20:17.034+0000] {base.py:84} INFO - Retrieving connection 'postgres_localhost'
[2025-12-17T19:20:17.063+0000] {sql.py:544} INFO - Running statement: 
        CREATE TABLE if not exists dag_runs (
            dt date,
            dag_id character varying,
            primary key (dt, dag_id)    
        )
        , parameters: None
[2025-12-17T19:20:17.101+0000] {taskinstance.py:340} INFO - ::group::Post task execution logs
[2025-12-17T19:20:17.102+0000] {taskinstance.py:352} INFO - Marking task as SUCCESS. dag_id=dag_with_postgres_operator_v1, task_id=create_postgres_table, run_id=manual__2025-12-17T19:20:14.166387+00:00, execution_date=20251217T192014, start_date=20251217T192016, end_date=20251217T192017
[2025-12-17T19:20:17.165+0000] {local_task_job_runner.py:266} INFO - Task exited with return code 0
[2025-12-17T19:20:17.200+0000] {taskinstance.py:3895} INFO - 1 downstream tasks scheduled from follow-on schedule check
[2025-12-17T19:20:17.227+0000] {local_task_job_runner.py:245} INFO - ::endgroup::
