[2025-12-17T17:27:35.850+0000] {local_task_job_runner.py:123} INFO - ::group::Pre task execution logs
[2025-12-17T17:27:35.878+0000] {taskinstance.py:2613} INFO - Dependencies all met for dep_context=non-requeueable deps ti=<TaskInstance: dag_with_catchup_and_backfill_v2.task1 scheduled__2025-12-16T00:00:00+00:00 [queued]>
[2025-12-17T17:27:35.894+0000] {taskinstance.py:2613} INFO - Dependencies all met for dep_context=requeueable deps ti=<TaskInstance: dag_with_catchup_and_backfill_v2.task1 scheduled__2025-12-16T00:00:00+00:00 [queued]>
[2025-12-17T17:27:35.895+0000] {taskinstance.py:2866} INFO - Starting attempt 1 of 6
[2025-12-17T17:27:35.914+0000] {taskinstance.py:2889} INFO - Executing <Task(BashOperator): task1> on 2025-12-16 00:00:00+00:00
[2025-12-17T17:27:35.926+0000] {standard_task_runner.py:104} INFO - Running: ['***', 'tasks', 'run', 'dag_with_catchup_and_backfill_v2', 'task1', 'scheduled__2025-12-16T00:00:00+00:00', '--job-id', '39', '--raw', '--subdir', 'DAGS_FOLDER/dag_with_catchup_and_backfill.py', '--cfg-path', '/tmp/tmpkjlwrt3z']
[2025-12-17T17:27:35.931+0000] {standard_task_runner.py:105} INFO - Job 39: Subtask task1
[2025-12-17T17:27:36.001+0000] {logging_mixin.py:190} WARNING - /home/***/.local/lib/python3.12/site-packages/***/task/task_runner/standard_task_runner.py:70 DeprecationWarning: This process (pid=3419) is multi-threaded, use of fork() may lead to deadlocks in the child.
[2025-12-17T17:27:36.001+0000] {standard_task_runner.py:72} INFO - Started process 3420 to run task
[2025-12-17T17:27:36.019+0000] {task_command.py:467} INFO - Running <TaskInstance: dag_with_catchup_and_backfill_v2.task1 scheduled__2025-12-16T00:00:00+00:00 [running]> on host 15a5db013bdd
[2025-12-17T17:27:36.143+0000] {taskinstance.py:3132} INFO - Exporting env vars: AIRFLOW_CTX_DAG_OWNER='pedro' AIRFLOW_CTX_DAG_ID='dag_with_catchup_and_backfill_v2' AIRFLOW_CTX_TASK_ID='task1' AIRFLOW_CTX_EXECUTION_DATE='2025-12-16T00:00:00+00:00' AIRFLOW_CTX_TRY_NUMBER='1' AIRFLOW_CTX_DAG_RUN_ID='scheduled__2025-12-16T00:00:00+00:00'
[2025-12-17T17:27:36.144+0000] {taskinstance.py:731} INFO - ::endgroup::
[2025-12-17T17:27:36.175+0000] {subprocess.py:78} INFO - Tmp dir root location: /tmp
[2025-12-17T17:27:36.182+0000] {subprocess.py:88} INFO - Running command: ['/usr/bin/bash', '-c', 'echo This is a simple bash command']
[2025-12-17T17:27:36.194+0000] {subprocess.py:99} INFO - Output:
[2025-12-17T17:27:36.198+0000] {subprocess.py:106} INFO - This is a simple bash command
[2025-12-17T17:27:36.199+0000] {subprocess.py:110} INFO - Command exited with return code 0
[2025-12-17T17:27:36.236+0000] {taskinstance.py:340} INFO - ::group::Post task execution logs
[2025-12-17T17:27:36.237+0000] {taskinstance.py:352} INFO - Marking task as SUCCESS. dag_id=dag_with_catchup_and_backfill_v2, task_id=task1, run_id=scheduled__2025-12-16T00:00:00+00:00, execution_date=20251216T000000, start_date=20251217T172735, end_date=20251217T172736
[2025-12-17T17:27:36.261+0000] {local_task_job_runner.py:266} INFO - Task exited with return code 0
[2025-12-17T17:27:36.286+0000] {taskinstance.py:3895} INFO - 0 downstream tasks scheduled from follow-on schedule check
[2025-12-17T17:27:36.289+0000] {local_task_job_runner.py:245} INFO - ::endgroup::
