[2025-12-15T18:56:21.585+0000] {processor.py:186} INFO - Started process (PID=390) to work on /home/airflow/.local/lib/python3.12/site-packages/airflow/example_dags/example_outlet_event_extra.py
[2025-12-15T18:56:21.586+0000] {processor.py:914} INFO - Processing file /home/airflow/.local/lib/python3.12/site-packages/airflow/example_dags/example_outlet_event_extra.py for tasks to queue
[2025-12-15T18:56:21.593+0000] {logging_mixin.py:190} INFO - [2025-12-15T18:56:21.592+0000] {dagbag.py:588} INFO - Filling up the DagBag from /home/airflow/.local/lib/python3.12/site-packages/airflow/example_dags/example_outlet_event_extra.py
[2025-12-15T18:56:23.962+0000] {processor.py:925} INFO - DAG(s) 'dataset_with_extra_by_yield', 'dataset_with_extra_by_context', 'dataset_with_extra_from_classic_operator' retrieved from /home/airflow/.local/lib/python3.12/site-packages/airflow/example_dags/example_outlet_event_extra.py
[2025-12-15T18:56:24.294+0000] {logging_mixin.py:190} INFO - [2025-12-15T18:56:24.292+0000] {override.py:1911} INFO - Created Permission View: can read on DAG:dataset_with_extra_by_yield
[2025-12-15T18:56:24.329+0000] {logging_mixin.py:190} INFO - [2025-12-15T18:56:24.328+0000] {override.py:1911} INFO - Created Permission View: can edit on DAG:dataset_with_extra_by_yield
[2025-12-15T18:56:24.353+0000] {logging_mixin.py:190} INFO - [2025-12-15T18:56:24.352+0000] {override.py:1911} INFO - Created Permission View: can delete on DAG:dataset_with_extra_by_yield
[2025-12-15T18:56:24.396+0000] {logging_mixin.py:190} INFO - [2025-12-15T18:56:24.395+0000] {override.py:1911} INFO - Created Permission View: can read on DAG Run:dataset_with_extra_by_yield
[2025-12-15T18:56:24.435+0000] {logging_mixin.py:190} INFO - [2025-12-15T18:56:24.435+0000] {override.py:1911} INFO - Created Permission View: menu access on DAG Run:dataset_with_extra_by_yield
[2025-12-15T18:56:24.473+0000] {logging_mixin.py:190} INFO - [2025-12-15T18:56:24.473+0000] {override.py:1911} INFO - Created Permission View: can create on DAG Run:dataset_with_extra_by_yield
[2025-12-15T18:56:24.526+0000] {logging_mixin.py:190} INFO - [2025-12-15T18:56:24.525+0000] {override.py:1911} INFO - Created Permission View: can delete on DAG Run:dataset_with_extra_by_yield
[2025-12-15T18:56:24.692+0000] {logging_mixin.py:190} INFO - [2025-12-15T18:56:24.691+0000] {override.py:1911} INFO - Created Permission View: can read on DAG:dataset_with_extra_by_context
[2025-12-15T18:56:24.737+0000] {logging_mixin.py:190} INFO - [2025-12-15T18:56:24.736+0000] {override.py:1911} INFO - Created Permission View: can edit on DAG:dataset_with_extra_by_context
[2025-12-15T18:56:24.789+0000] {logging_mixin.py:190} INFO - [2025-12-15T18:56:24.788+0000] {override.py:1911} INFO - Created Permission View: can delete on DAG:dataset_with_extra_by_context
[2025-12-15T18:56:24.845+0000] {logging_mixin.py:190} INFO - [2025-12-15T18:56:24.844+0000] {override.py:1911} INFO - Created Permission View: can read on DAG Run:dataset_with_extra_by_context
[2025-12-15T18:56:24.908+0000] {logging_mixin.py:190} INFO - [2025-12-15T18:56:24.907+0000] {override.py:1911} INFO - Created Permission View: menu access on DAG Run:dataset_with_extra_by_context
[2025-12-15T18:56:24.955+0000] {logging_mixin.py:190} INFO - [2025-12-15T18:56:24.954+0000] {override.py:1911} INFO - Created Permission View: can create on DAG Run:dataset_with_extra_by_context
[2025-12-15T18:56:25.004+0000] {logging_mixin.py:190} INFO - [2025-12-15T18:56:25.003+0000] {override.py:1911} INFO - Created Permission View: can delete on DAG Run:dataset_with_extra_by_context
[2025-12-15T18:56:25.097+0000] {logging_mixin.py:190} INFO - [2025-12-15T18:56:25.096+0000] {override.py:1911} INFO - Created Permission View: can read on DAG:dataset_with_extra_from_classic_operator
[2025-12-15T18:56:25.146+0000] {logging_mixin.py:190} INFO - [2025-12-15T18:56:25.145+0000] {override.py:1911} INFO - Created Permission View: can edit on DAG:dataset_with_extra_from_classic_operator
[2025-12-15T18:56:25.196+0000] {logging_mixin.py:190} INFO - [2025-12-15T18:56:25.195+0000] {override.py:1911} INFO - Created Permission View: can delete on DAG:dataset_with_extra_from_classic_operator
[2025-12-15T18:56:25.243+0000] {logging_mixin.py:190} INFO - [2025-12-15T18:56:25.242+0000] {override.py:1911} INFO - Created Permission View: can read on DAG Run:dataset_with_extra_from_classic_operator
[2025-12-15T18:56:25.318+0000] {logging_mixin.py:190} INFO - [2025-12-15T18:56:25.317+0000] {override.py:1911} INFO - Created Permission View: menu access on DAG Run:dataset_with_extra_from_classic_operator
[2025-12-15T18:56:25.393+0000] {logging_mixin.py:190} INFO - [2025-12-15T18:56:25.392+0000] {override.py:1911} INFO - Created Permission View: can create on DAG Run:dataset_with_extra_from_classic_operator
[2025-12-15T18:56:25.450+0000] {logging_mixin.py:190} INFO - [2025-12-15T18:56:25.449+0000] {override.py:1911} INFO - Created Permission View: can delete on DAG Run:dataset_with_extra_from_classic_operator
[2025-12-15T18:56:25.459+0000] {logging_mixin.py:190} INFO - [2025-12-15T18:56:25.458+0000] {dag.py:3239} INFO - Sync 3 DAGs
[2025-12-15T18:56:25.575+0000] {logging_mixin.py:190} INFO - [2025-12-15T18:56:25.573+0000] {dag.py:3262} INFO - Creating ORM DAG for dataset_with_extra_by_yield
[2025-12-15T18:56:25.578+0000] {logging_mixin.py:190} INFO - [2025-12-15T18:56:25.577+0000] {dag.py:3262} INFO - Creating ORM DAG for dataset_with_extra_from_classic_operator
[2025-12-15T18:56:25.580+0000] {logging_mixin.py:190} INFO - [2025-12-15T18:56:25.580+0000] {dag.py:3262} INFO - Creating ORM DAG for dataset_with_extra_by_context
[2025-12-15T18:56:25.674+0000] {logging_mixin.py:190} INFO - [2025-12-15T18:56:25.673+0000] {dag.py:4180} INFO - Setting next_dagrun for dataset_with_extra_by_context to 2025-12-14 00:00:00+00:00, run_after=2025-12-15 00:00:00+00:00
[2025-12-15T18:56:25.680+0000] {logging_mixin.py:190} INFO - [2025-12-15T18:56:25.680+0000] {dag.py:4180} INFO - Setting next_dagrun for dataset_with_extra_by_yield to 2025-12-14 00:00:00+00:00, run_after=2025-12-15 00:00:00+00:00
[2025-12-15T18:56:25.722+0000] {logging_mixin.py:190} INFO - [2025-12-15T18:56:25.721+0000] {dag.py:4180} INFO - Setting next_dagrun for dataset_with_extra_from_classic_operator to 2025-12-14 00:00:00+00:00, run_after=2025-12-15 00:00:00+00:00
[2025-12-15T18:56:25.964+0000] {processor.py:208} INFO - Processing /home/airflow/.local/lib/python3.12/site-packages/airflow/example_dags/example_outlet_event_extra.py took 4.396 seconds
[2025-12-15T18:56:58.041+0000] {processor.py:186} INFO - Started process (PID=695) to work on /home/airflow/.local/lib/python3.12/site-packages/airflow/example_dags/example_outlet_event_extra.py
[2025-12-15T18:56:58.044+0000] {processor.py:914} INFO - Processing file /home/airflow/.local/lib/python3.12/site-packages/airflow/example_dags/example_outlet_event_extra.py for tasks to queue
[2025-12-15T18:56:58.049+0000] {logging_mixin.py:190} INFO - [2025-12-15T18:56:58.048+0000] {dagbag.py:588} INFO - Filling up the DagBag from /home/airflow/.local/lib/python3.12/site-packages/airflow/example_dags/example_outlet_event_extra.py
[2025-12-15T18:56:59.837+0000] {processor.py:925} INFO - DAG(s) 'dataset_with_extra_from_classic_operator', 'dataset_with_extra_by_context', 'dataset_with_extra_by_yield' retrieved from /home/airflow/.local/lib/python3.12/site-packages/airflow/example_dags/example_outlet_event_extra.py
[2025-12-15T18:56:59.884+0000] {logging_mixin.py:190} INFO - [2025-12-15T18:56:59.883+0000] {dag.py:3239} INFO - Sync 3 DAGs
[2025-12-15T18:56:59.937+0000] {logging_mixin.py:190} INFO - [2025-12-15T18:56:59.936+0000] {dag.py:4180} INFO - Setting next_dagrun for dataset_with_extra_by_context to 2025-12-14 00:00:00+00:00, run_after=2025-12-15 00:00:00+00:00
[2025-12-15T18:56:59.947+0000] {logging_mixin.py:190} INFO - [2025-12-15T18:56:59.947+0000] {dag.py:4180} INFO - Setting next_dagrun for dataset_with_extra_by_yield to 2025-12-14 00:00:00+00:00, run_after=2025-12-15 00:00:00+00:00
[2025-12-15T18:56:59.954+0000] {logging_mixin.py:190} INFO - [2025-12-15T18:56:59.954+0000] {dag.py:4180} INFO - Setting next_dagrun for dataset_with_extra_from_classic_operator to 2025-12-14 00:00:00+00:00, run_after=2025-12-15 00:00:00+00:00
[2025-12-15T18:57:00.013+0000] {processor.py:208} INFO - Processing /home/airflow/.local/lib/python3.12/site-packages/airflow/example_dags/example_outlet_event_extra.py took 1.987 seconds
[2025-12-15T18:57:33.186+0000] {processor.py:186} INFO - Started process (PID=986) to work on /home/airflow/.local/lib/python3.12/site-packages/airflow/example_dags/example_outlet_event_extra.py
[2025-12-15T18:57:33.188+0000] {processor.py:914} INFO - Processing file /home/airflow/.local/lib/python3.12/site-packages/airflow/example_dags/example_outlet_event_extra.py for tasks to queue
[2025-12-15T18:57:33.194+0000] {logging_mixin.py:190} INFO - [2025-12-15T18:57:33.193+0000] {dagbag.py:588} INFO - Filling up the DagBag from /home/airflow/.local/lib/python3.12/site-packages/airflow/example_dags/example_outlet_event_extra.py
[2025-12-15T18:57:34.873+0000] {processor.py:925} INFO - DAG(s) 'dataset_with_extra_by_context', 'dataset_with_extra_by_yield', 'dataset_with_extra_from_classic_operator' retrieved from /home/airflow/.local/lib/python3.12/site-packages/airflow/example_dags/example_outlet_event_extra.py
[2025-12-15T18:57:34.937+0000] {logging_mixin.py:190} INFO - [2025-12-15T18:57:34.937+0000] {dag.py:3239} INFO - Sync 3 DAGs
[2025-12-15T18:57:35.033+0000] {logging_mixin.py:190} INFO - [2025-12-15T18:57:35.032+0000] {dag.py:4180} INFO - Setting next_dagrun for dataset_with_extra_by_context to 2025-12-14 00:00:00+00:00, run_after=2025-12-15 00:00:00+00:00
[2025-12-15T18:57:35.051+0000] {logging_mixin.py:190} INFO - [2025-12-15T18:57:35.051+0000] {dag.py:4180} INFO - Setting next_dagrun for dataset_with_extra_by_yield to 2025-12-14 00:00:00+00:00, run_after=2025-12-15 00:00:00+00:00
[2025-12-15T18:57:35.059+0000] {logging_mixin.py:190} INFO - [2025-12-15T18:57:35.058+0000] {dag.py:4180} INFO - Setting next_dagrun for dataset_with_extra_from_classic_operator to 2025-12-14 00:00:00+00:00, run_after=2025-12-15 00:00:00+00:00
[2025-12-15T18:57:35.120+0000] {processor.py:208} INFO - Processing /home/airflow/.local/lib/python3.12/site-packages/airflow/example_dags/example_outlet_event_extra.py took 1.950 seconds
[2025-12-15T18:58:14.513+0000] {processor.py:186} INFO - Started process (PID=1288) to work on /home/airflow/.local/lib/python3.12/site-packages/airflow/example_dags/example_outlet_event_extra.py
[2025-12-15T18:58:14.524+0000] {processor.py:914} INFO - Processing file /home/airflow/.local/lib/python3.12/site-packages/airflow/example_dags/example_outlet_event_extra.py for tasks to queue
[2025-12-15T18:58:14.535+0000] {logging_mixin.py:190} INFO - [2025-12-15T18:58:14.534+0000] {dagbag.py:588} INFO - Filling up the DagBag from /home/airflow/.local/lib/python3.12/site-packages/airflow/example_dags/example_outlet_event_extra.py
[2025-12-15T18:58:17.532+0000] {processor.py:925} INFO - DAG(s) 'dataset_with_extra_by_context', 'dataset_with_extra_from_classic_operator', 'dataset_with_extra_by_yield' retrieved from /home/airflow/.local/lib/python3.12/site-packages/airflow/example_dags/example_outlet_event_extra.py
[2025-12-15T18:58:17.569+0000] {logging_mixin.py:190} INFO - [2025-12-15T18:58:17.569+0000] {dag.py:3239} INFO - Sync 3 DAGs
[2025-12-15T18:58:17.608+0000] {logging_mixin.py:190} INFO - [2025-12-15T18:58:17.608+0000] {dag.py:4180} INFO - Setting next_dagrun for dataset_with_extra_by_context to 2025-12-14 00:00:00+00:00, run_after=2025-12-15 00:00:00+00:00
[2025-12-15T18:58:17.615+0000] {logging_mixin.py:190} INFO - [2025-12-15T18:58:17.615+0000] {dag.py:4180} INFO - Setting next_dagrun for dataset_with_extra_by_yield to 2025-12-14 00:00:00+00:00, run_after=2025-12-15 00:00:00+00:00
[2025-12-15T18:58:17.620+0000] {logging_mixin.py:190} INFO - [2025-12-15T18:58:17.619+0000] {dag.py:4180} INFO - Setting next_dagrun for dataset_with_extra_from_classic_operator to 2025-12-14 00:00:00+00:00, run_after=2025-12-15 00:00:00+00:00
[2025-12-15T18:58:17.781+0000] {processor.py:208} INFO - Processing /home/airflow/.local/lib/python3.12/site-packages/airflow/example_dags/example_outlet_event_extra.py took 3.302 seconds
[2025-12-15T18:58:48.442+0000] {processor.py:186} INFO - Started process (PID=1599) to work on /home/airflow/.local/lib/python3.12/site-packages/airflow/example_dags/example_outlet_event_extra.py
[2025-12-15T18:58:48.444+0000] {processor.py:914} INFO - Processing file /home/airflow/.local/lib/python3.12/site-packages/airflow/example_dags/example_outlet_event_extra.py for tasks to queue
[2025-12-15T18:58:48.447+0000] {logging_mixin.py:190} INFO - [2025-12-15T18:58:48.446+0000] {dagbag.py:588} INFO - Filling up the DagBag from /home/airflow/.local/lib/python3.12/site-packages/airflow/example_dags/example_outlet_event_extra.py
[2025-12-15T18:58:50.535+0000] {processor.py:925} INFO - DAG(s) 'dataset_with_extra_from_classic_operator', 'dataset_with_extra_by_yield', 'dataset_with_extra_by_context' retrieved from /home/airflow/.local/lib/python3.12/site-packages/airflow/example_dags/example_outlet_event_extra.py
[2025-12-15T18:58:51.359+0000] {logging_mixin.py:190} INFO - [2025-12-15T18:58:51.358+0000] {dag.py:3239} INFO - Sync 3 DAGs
[2025-12-15T18:58:51.642+0000] {logging_mixin.py:190} INFO - [2025-12-15T18:58:51.641+0000] {dag.py:4180} INFO - Setting next_dagrun for dataset_with_extra_by_context to 2025-12-14 00:00:00+00:00, run_after=2025-12-15 00:00:00+00:00
[2025-12-15T18:58:51.674+0000] {logging_mixin.py:190} INFO - [2025-12-15T18:58:51.674+0000] {dag.py:4180} INFO - Setting next_dagrun for dataset_with_extra_by_yield to 2025-12-14 00:00:00+00:00, run_after=2025-12-15 00:00:00+00:00
[2025-12-15T18:58:51.691+0000] {logging_mixin.py:190} INFO - [2025-12-15T18:58:51.691+0000] {dag.py:4180} INFO - Setting next_dagrun for dataset_with_extra_from_classic_operator to 2025-12-14 00:00:00+00:00, run_after=2025-12-15 00:00:00+00:00
[2025-12-15T18:58:51.871+0000] {processor.py:208} INFO - Processing /home/airflow/.local/lib/python3.12/site-packages/airflow/example_dags/example_outlet_event_extra.py took 3.438 seconds
[2025-12-15T18:59:47.410+0000] {processor.py:186} INFO - Started process (PID=1977) to work on /home/airflow/.local/lib/python3.12/site-packages/airflow/example_dags/example_outlet_event_extra.py
[2025-12-15T18:59:47.413+0000] {processor.py:914} INFO - Processing file /home/airflow/.local/lib/python3.12/site-packages/airflow/example_dags/example_outlet_event_extra.py for tasks to queue
[2025-12-15T18:59:47.426+0000] {logging_mixin.py:190} INFO - [2025-12-15T18:59:47.423+0000] {dagbag.py:588} INFO - Filling up the DagBag from /home/airflow/.local/lib/python3.12/site-packages/airflow/example_dags/example_outlet_event_extra.py
[2025-12-15T18:59:51.627+0000] {processor.py:925} INFO - DAG(s) 'dataset_with_extra_by_yield', 'dataset_with_extra_by_context', 'dataset_with_extra_from_classic_operator' retrieved from /home/airflow/.local/lib/python3.12/site-packages/airflow/example_dags/example_outlet_event_extra.py
[2025-12-15T18:59:51.829+0000] {logging_mixin.py:190} INFO - [2025-12-15T18:59:51.828+0000] {dag.py:3239} INFO - Sync 3 DAGs
[2025-12-15T18:59:52.114+0000] {logging_mixin.py:190} INFO - [2025-12-15T18:59:52.102+0000] {dag.py:4180} INFO - Setting next_dagrun for dataset_with_extra_by_context to 2025-12-14 00:00:00+00:00, run_after=2025-12-15 00:00:00+00:00
[2025-12-15T18:59:52.239+0000] {logging_mixin.py:190} INFO - [2025-12-15T18:59:52.238+0000] {dag.py:4180} INFO - Setting next_dagrun for dataset_with_extra_by_yield to 2025-12-14 00:00:00+00:00, run_after=2025-12-15 00:00:00+00:00
[2025-12-15T18:59:52.269+0000] {logging_mixin.py:190} INFO - [2025-12-15T18:59:52.268+0000] {dag.py:4180} INFO - Setting next_dagrun for dataset_with_extra_from_classic_operator to 2025-12-14 00:00:00+00:00, run_after=2025-12-15 00:00:00+00:00
[2025-12-15T18:59:53.009+0000] {processor.py:208} INFO - Processing /home/airflow/.local/lib/python3.12/site-packages/airflow/example_dags/example_outlet_event_extra.py took 5.628 seconds
[2025-12-15T19:01:53.417+0000] {processor.py:186} INFO - Started process (PID=2299) to work on /home/airflow/.local/lib/python3.12/site-packages/airflow/example_dags/example_outlet_event_extra.py
[2025-12-15T19:01:53.427+0000] {processor.py:914} INFO - Processing file /home/airflow/.local/lib/python3.12/site-packages/airflow/example_dags/example_outlet_event_extra.py for tasks to queue
[2025-12-15T19:01:53.437+0000] {logging_mixin.py:190} INFO - [2025-12-15T19:01:53.436+0000] {dagbag.py:588} INFO - Filling up the DagBag from /home/airflow/.local/lib/python3.12/site-packages/airflow/example_dags/example_outlet_event_extra.py
[2025-12-15T19:01:55.912+0000] {processor.py:925} INFO - DAG(s) 'dataset_with_extra_by_yield', 'dataset_with_extra_by_context', 'dataset_with_extra_from_classic_operator' retrieved from /home/airflow/.local/lib/python3.12/site-packages/airflow/example_dags/example_outlet_event_extra.py
[2025-12-15T19:01:55.979+0000] {logging_mixin.py:190} INFO - [2025-12-15T19:01:55.979+0000] {dag.py:3239} INFO - Sync 3 DAGs
[2025-12-15T19:01:56.061+0000] {logging_mixin.py:190} INFO - [2025-12-15T19:01:56.060+0000] {dag.py:4180} INFO - Setting next_dagrun for dataset_with_extra_by_context to 2025-12-14 00:00:00+00:00, run_after=2025-12-15 00:00:00+00:00
[2025-12-15T19:01:56.088+0000] {logging_mixin.py:190} INFO - [2025-12-15T19:01:56.086+0000] {dag.py:4180} INFO - Setting next_dagrun for dataset_with_extra_by_yield to 2025-12-14 00:00:00+00:00, run_after=2025-12-15 00:00:00+00:00
[2025-12-15T19:01:56.102+0000] {logging_mixin.py:190} INFO - [2025-12-15T19:01:56.101+0000] {dag.py:4180} INFO - Setting next_dagrun for dataset_with_extra_from_classic_operator to 2025-12-14 00:00:00+00:00, run_after=2025-12-15 00:00:00+00:00
[2025-12-15T19:01:56.182+0000] {processor.py:208} INFO - Processing /home/airflow/.local/lib/python3.12/site-packages/airflow/example_dags/example_outlet_event_extra.py took 2.841 seconds
[2025-12-15T19:02:26.440+0000] {processor.py:186} INFO - Started process (PID=2616) to work on /home/airflow/.local/lib/python3.12/site-packages/airflow/example_dags/example_outlet_event_extra.py
[2025-12-15T19:02:26.443+0000] {processor.py:914} INFO - Processing file /home/airflow/.local/lib/python3.12/site-packages/airflow/example_dags/example_outlet_event_extra.py for tasks to queue
[2025-12-15T19:02:26.460+0000] {logging_mixin.py:190} INFO - [2025-12-15T19:02:26.459+0000] {dagbag.py:588} INFO - Filling up the DagBag from /home/airflow/.local/lib/python3.12/site-packages/airflow/example_dags/example_outlet_event_extra.py
[2025-12-15T19:02:29.651+0000] {processor.py:925} INFO - DAG(s) 'dataset_with_extra_by_yield', 'dataset_with_extra_from_classic_operator', 'dataset_with_extra_by_context' retrieved from /home/airflow/.local/lib/python3.12/site-packages/airflow/example_dags/example_outlet_event_extra.py
[2025-12-15T19:02:29.699+0000] {logging_mixin.py:190} INFO - [2025-12-15T19:02:29.698+0000] {dag.py:3239} INFO - Sync 3 DAGs
[2025-12-15T19:02:29.760+0000] {logging_mixin.py:190} INFO - [2025-12-15T19:02:29.759+0000] {dag.py:4180} INFO - Setting next_dagrun for dataset_with_extra_by_context to 2025-12-14 00:00:00+00:00, run_after=2025-12-15 00:00:00+00:00
[2025-12-15T19:02:29.774+0000] {logging_mixin.py:190} INFO - [2025-12-15T19:02:29.773+0000] {dag.py:4180} INFO - Setting next_dagrun for dataset_with_extra_by_yield to 2025-12-14 00:00:00+00:00, run_after=2025-12-15 00:00:00+00:00
[2025-12-15T19:02:29.780+0000] {logging_mixin.py:190} INFO - [2025-12-15T19:02:29.779+0000] {dag.py:4180} INFO - Setting next_dagrun for dataset_with_extra_from_classic_operator to 2025-12-14 00:00:00+00:00, run_after=2025-12-15 00:00:00+00:00
[2025-12-15T19:02:29.824+0000] {processor.py:208} INFO - Processing /home/airflow/.local/lib/python3.12/site-packages/airflow/example_dags/example_outlet_event_extra.py took 3.427 seconds
[2025-12-15T19:03:00.453+0000] {processor.py:186} INFO - Started process (PID=2909) to work on /home/airflow/.local/lib/python3.12/site-packages/airflow/example_dags/example_outlet_event_extra.py
[2025-12-15T19:03:00.455+0000] {processor.py:914} INFO - Processing file /home/airflow/.local/lib/python3.12/site-packages/airflow/example_dags/example_outlet_event_extra.py for tasks to queue
[2025-12-15T19:03:00.464+0000] {logging_mixin.py:190} INFO - [2025-12-15T19:03:00.463+0000] {dagbag.py:588} INFO - Filling up the DagBag from /home/airflow/.local/lib/python3.12/site-packages/airflow/example_dags/example_outlet_event_extra.py
[2025-12-15T19:03:01.533+0000] {processor.py:925} INFO - DAG(s) 'dataset_with_extra_from_classic_operator', 'dataset_with_extra_by_context', 'dataset_with_extra_by_yield' retrieved from /home/airflow/.local/lib/python3.12/site-packages/airflow/example_dags/example_outlet_event_extra.py
[2025-12-15T19:03:01.583+0000] {logging_mixin.py:190} INFO - [2025-12-15T19:03:01.583+0000] {dag.py:3239} INFO - Sync 3 DAGs
[2025-12-15T19:03:01.649+0000] {logging_mixin.py:190} INFO - [2025-12-15T19:03:01.649+0000] {dag.py:4180} INFO - Setting next_dagrun for dataset_with_extra_by_context to 2025-12-14 00:00:00+00:00, run_after=2025-12-15 00:00:00+00:00
[2025-12-15T19:03:01.656+0000] {logging_mixin.py:190} INFO - [2025-12-15T19:03:01.656+0000] {dag.py:4180} INFO - Setting next_dagrun for dataset_with_extra_by_yield to 2025-12-14 00:00:00+00:00, run_after=2025-12-15 00:00:00+00:00
[2025-12-15T19:03:01.664+0000] {logging_mixin.py:190} INFO - [2025-12-15T19:03:01.663+0000] {dag.py:4180} INFO - Setting next_dagrun for dataset_with_extra_from_classic_operator to 2025-12-14 00:00:00+00:00, run_after=2025-12-15 00:00:00+00:00
[2025-12-15T19:03:01.712+0000] {processor.py:208} INFO - Processing /home/airflow/.local/lib/python3.12/site-packages/airflow/example_dags/example_outlet_event_extra.py took 1.273 seconds
[2025-12-15T19:03:32.100+0000] {processor.py:186} INFO - Started process (PID=3203) to work on /home/airflow/.local/lib/python3.12/site-packages/airflow/example_dags/example_outlet_event_extra.py
[2025-12-15T19:03:32.102+0000] {processor.py:914} INFO - Processing file /home/airflow/.local/lib/python3.12/site-packages/airflow/example_dags/example_outlet_event_extra.py for tasks to queue
[2025-12-15T19:03:32.106+0000] {logging_mixin.py:190} INFO - [2025-12-15T19:03:32.105+0000] {dagbag.py:588} INFO - Filling up the DagBag from /home/airflow/.local/lib/python3.12/site-packages/airflow/example_dags/example_outlet_event_extra.py
[2025-12-15T19:03:33.275+0000] {processor.py:925} INFO - DAG(s) 'dataset_with_extra_by_yield', 'dataset_with_extra_by_context', 'dataset_with_extra_from_classic_operator' retrieved from /home/airflow/.local/lib/python3.12/site-packages/airflow/example_dags/example_outlet_event_extra.py
[2025-12-15T19:03:33.318+0000] {logging_mixin.py:190} INFO - [2025-12-15T19:03:33.317+0000] {dag.py:3239} INFO - Sync 3 DAGs
[2025-12-15T19:03:33.361+0000] {logging_mixin.py:190} INFO - [2025-12-15T19:03:33.361+0000] {dag.py:4180} INFO - Setting next_dagrun for dataset_with_extra_by_context to 2025-12-14 00:00:00+00:00, run_after=2025-12-15 00:00:00+00:00
[2025-12-15T19:03:33.369+0000] {logging_mixin.py:190} INFO - [2025-12-15T19:03:33.369+0000] {dag.py:4180} INFO - Setting next_dagrun for dataset_with_extra_by_yield to 2025-12-14 00:00:00+00:00, run_after=2025-12-15 00:00:00+00:00
[2025-12-15T19:03:33.373+0000] {logging_mixin.py:190} INFO - [2025-12-15T19:03:33.373+0000] {dag.py:4180} INFO - Setting next_dagrun for dataset_with_extra_from_classic_operator to 2025-12-14 00:00:00+00:00, run_after=2025-12-15 00:00:00+00:00
[2025-12-15T19:03:33.416+0000] {processor.py:208} INFO - Processing /home/airflow/.local/lib/python3.12/site-packages/airflow/example_dags/example_outlet_event_extra.py took 1.333 seconds
[2025-12-15T19:04:07.672+0000] {processor.py:186} INFO - Started process (PID=3484) to work on /home/airflow/.local/lib/python3.12/site-packages/airflow/example_dags/example_outlet_event_extra.py
[2025-12-15T19:04:07.682+0000] {processor.py:914} INFO - Processing file /home/airflow/.local/lib/python3.12/site-packages/airflow/example_dags/example_outlet_event_extra.py for tasks to queue
[2025-12-15T19:04:07.686+0000] {logging_mixin.py:190} INFO - [2025-12-15T19:04:07.685+0000] {dagbag.py:588} INFO - Filling up the DagBag from /home/airflow/.local/lib/python3.12/site-packages/airflow/example_dags/example_outlet_event_extra.py
[2025-12-15T19:04:08.893+0000] {processor.py:925} INFO - DAG(s) 'dataset_with_extra_by_context', 'dataset_with_extra_by_yield', 'dataset_with_extra_from_classic_operator' retrieved from /home/airflow/.local/lib/python3.12/site-packages/airflow/example_dags/example_outlet_event_extra.py
[2025-12-15T19:04:08.941+0000] {logging_mixin.py:190} INFO - [2025-12-15T19:04:08.941+0000] {dag.py:3239} INFO - Sync 3 DAGs
[2025-12-15T19:04:08.987+0000] {logging_mixin.py:190} INFO - [2025-12-15T19:04:08.987+0000] {dag.py:4180} INFO - Setting next_dagrun for dataset_with_extra_by_context to 2025-12-14 00:00:00+00:00, run_after=2025-12-15 00:00:00+00:00
[2025-12-15T19:04:08.999+0000] {logging_mixin.py:190} INFO - [2025-12-15T19:04:08.998+0000] {dag.py:4180} INFO - Setting next_dagrun for dataset_with_extra_by_yield to 2025-12-14 00:00:00+00:00, run_after=2025-12-15 00:00:00+00:00
[2025-12-15T19:04:09.005+0000] {logging_mixin.py:190} INFO - [2025-12-15T19:04:09.004+0000] {dag.py:4180} INFO - Setting next_dagrun for dataset_with_extra_from_classic_operator to 2025-12-14 00:00:00+00:00, run_after=2025-12-15 00:00:00+00:00
[2025-12-15T19:04:09.052+0000] {processor.py:208} INFO - Processing /home/airflow/.local/lib/python3.12/site-packages/airflow/example_dags/example_outlet_event_extra.py took 1.393 seconds
[2025-12-15T19:04:43.218+0000] {processor.py:186} INFO - Started process (PID=3860) to work on /home/airflow/.local/lib/python3.12/site-packages/airflow/example_dags/example_outlet_event_extra.py
[2025-12-15T19:04:43.220+0000] {processor.py:914} INFO - Processing file /home/airflow/.local/lib/python3.12/site-packages/airflow/example_dags/example_outlet_event_extra.py for tasks to queue
[2025-12-15T19:04:43.225+0000] {logging_mixin.py:190} INFO - [2025-12-15T19:04:43.224+0000] {dagbag.py:588} INFO - Filling up the DagBag from /home/airflow/.local/lib/python3.12/site-packages/airflow/example_dags/example_outlet_event_extra.py
[2025-12-15T19:04:44.395+0000] {processor.py:925} INFO - DAG(s) 'dataset_with_extra_by_yield', 'dataset_with_extra_from_classic_operator', 'dataset_with_extra_by_context' retrieved from /home/airflow/.local/lib/python3.12/site-packages/airflow/example_dags/example_outlet_event_extra.py
[2025-12-15T19:04:44.440+0000] {logging_mixin.py:190} INFO - [2025-12-15T19:04:44.439+0000] {dag.py:3239} INFO - Sync 3 DAGs
[2025-12-15T19:04:44.486+0000] {logging_mixin.py:190} INFO - [2025-12-15T19:04:44.486+0000] {dag.py:4180} INFO - Setting next_dagrun for dataset_with_extra_by_context to 2025-12-14 00:00:00+00:00, run_after=2025-12-15 00:00:00+00:00
[2025-12-15T19:04:44.495+0000] {logging_mixin.py:190} INFO - [2025-12-15T19:04:44.494+0000] {dag.py:4180} INFO - Setting next_dagrun for dataset_with_extra_by_yield to 2025-12-14 00:00:00+00:00, run_after=2025-12-15 00:00:00+00:00
[2025-12-15T19:04:44.499+0000] {logging_mixin.py:190} INFO - [2025-12-15T19:04:44.499+0000] {dag.py:4180} INFO - Setting next_dagrun for dataset_with_extra_from_classic_operator to 2025-12-14 00:00:00+00:00, run_after=2025-12-15 00:00:00+00:00
[2025-12-15T19:04:44.540+0000] {processor.py:208} INFO - Processing /home/airflow/.local/lib/python3.12/site-packages/airflow/example_dags/example_outlet_event_extra.py took 1.333 seconds
[2025-12-15T19:05:16.149+0000] {processor.py:186} INFO - Started process (PID=4161) to work on /home/airflow/.local/lib/python3.12/site-packages/airflow/example_dags/example_outlet_event_extra.py
[2025-12-15T19:05:16.151+0000] {processor.py:914} INFO - Processing file /home/airflow/.local/lib/python3.12/site-packages/airflow/example_dags/example_outlet_event_extra.py for tasks to queue
[2025-12-15T19:05:16.158+0000] {logging_mixin.py:190} INFO - [2025-12-15T19:05:16.155+0000] {dagbag.py:588} INFO - Filling up the DagBag from /home/airflow/.local/lib/python3.12/site-packages/airflow/example_dags/example_outlet_event_extra.py
[2025-12-15T19:05:17.114+0000] {processor.py:925} INFO - DAG(s) 'dataset_with_extra_by_yield', 'dataset_with_extra_from_classic_operator', 'dataset_with_extra_by_context' retrieved from /home/airflow/.local/lib/python3.12/site-packages/airflow/example_dags/example_outlet_event_extra.py
[2025-12-15T19:05:17.161+0000] {logging_mixin.py:190} INFO - [2025-12-15T19:05:17.161+0000] {dag.py:3239} INFO - Sync 3 DAGs
[2025-12-15T19:05:17.211+0000] {logging_mixin.py:190} INFO - [2025-12-15T19:05:17.210+0000] {dag.py:4180} INFO - Setting next_dagrun for dataset_with_extra_by_context to 2025-12-14 00:00:00+00:00, run_after=2025-12-15 00:00:00+00:00
[2025-12-15T19:05:17.219+0000] {logging_mixin.py:190} INFO - [2025-12-15T19:05:17.219+0000] {dag.py:4180} INFO - Setting next_dagrun for dataset_with_extra_by_yield to 2025-12-14 00:00:00+00:00, run_after=2025-12-15 00:00:00+00:00
[2025-12-15T19:05:17.223+0000] {logging_mixin.py:190} INFO - [2025-12-15T19:05:17.223+0000] {dag.py:4180} INFO - Setting next_dagrun for dataset_with_extra_from_classic_operator to 2025-12-14 00:00:00+00:00, run_after=2025-12-15 00:00:00+00:00
[2025-12-15T19:05:17.276+0000] {processor.py:208} INFO - Processing /home/airflow/.local/lib/python3.12/site-packages/airflow/example_dags/example_outlet_event_extra.py took 1.136 seconds
[2025-12-15T19:05:47.711+0000] {processor.py:186} INFO - Started process (PID=4454) to work on /home/airflow/.local/lib/python3.12/site-packages/airflow/example_dags/example_outlet_event_extra.py
[2025-12-15T19:05:47.719+0000] {processor.py:914} INFO - Processing file /home/airflow/.local/lib/python3.12/site-packages/airflow/example_dags/example_outlet_event_extra.py for tasks to queue
[2025-12-15T19:05:47.723+0000] {logging_mixin.py:190} INFO - [2025-12-15T19:05:47.722+0000] {dagbag.py:588} INFO - Filling up the DagBag from /home/airflow/.local/lib/python3.12/site-packages/airflow/example_dags/example_outlet_event_extra.py
[2025-12-15T19:05:48.467+0000] {processor.py:925} INFO - DAG(s) 'dataset_with_extra_from_classic_operator', 'dataset_with_extra_by_yield', 'dataset_with_extra_by_context' retrieved from /home/airflow/.local/lib/python3.12/site-packages/airflow/example_dags/example_outlet_event_extra.py
[2025-12-15T19:05:48.500+0000] {logging_mixin.py:190} INFO - [2025-12-15T19:05:48.499+0000] {dag.py:3239} INFO - Sync 3 DAGs
[2025-12-15T19:05:48.532+0000] {logging_mixin.py:190} INFO - [2025-12-15T19:05:48.532+0000] {dag.py:4180} INFO - Setting next_dagrun for dataset_with_extra_by_context to 2025-12-14 00:00:00+00:00, run_after=2025-12-15 00:00:00+00:00
[2025-12-15T19:05:48.539+0000] {logging_mixin.py:190} INFO - [2025-12-15T19:05:48.539+0000] {dag.py:4180} INFO - Setting next_dagrun for dataset_with_extra_by_yield to 2025-12-14 00:00:00+00:00, run_after=2025-12-15 00:00:00+00:00
[2025-12-15T19:05:48.543+0000] {logging_mixin.py:190} INFO - [2025-12-15T19:05:48.543+0000] {dag.py:4180} INFO - Setting next_dagrun for dataset_with_extra_from_classic_operator to 2025-12-14 00:00:00+00:00, run_after=2025-12-15 00:00:00+00:00
[2025-12-15T19:05:48.576+0000] {processor.py:208} INFO - Processing /home/airflow/.local/lib/python3.12/site-packages/airflow/example_dags/example_outlet_event_extra.py took 0.874 seconds
[2025-12-15T19:06:21.409+0000] {processor.py:186} INFO - Started process (PID=4753) to work on /home/airflow/.local/lib/python3.12/site-packages/airflow/example_dags/example_outlet_event_extra.py
[2025-12-15T19:06:21.412+0000] {processor.py:914} INFO - Processing file /home/airflow/.local/lib/python3.12/site-packages/airflow/example_dags/example_outlet_event_extra.py for tasks to queue
[2025-12-15T19:06:21.416+0000] {logging_mixin.py:190} INFO - [2025-12-15T19:06:21.416+0000] {dagbag.py:588} INFO - Filling up the DagBag from /home/airflow/.local/lib/python3.12/site-packages/airflow/example_dags/example_outlet_event_extra.py
[2025-12-15T19:06:22.404+0000] {processor.py:925} INFO - DAG(s) 'dataset_with_extra_by_yield', 'dataset_with_extra_from_classic_operator', 'dataset_with_extra_by_context' retrieved from /home/airflow/.local/lib/python3.12/site-packages/airflow/example_dags/example_outlet_event_extra.py
[2025-12-15T19:06:22.441+0000] {logging_mixin.py:190} INFO - [2025-12-15T19:06:22.441+0000] {dag.py:3239} INFO - Sync 3 DAGs
[2025-12-15T19:06:22.490+0000] {logging_mixin.py:190} INFO - [2025-12-15T19:06:22.490+0000] {dag.py:4180} INFO - Setting next_dagrun for dataset_with_extra_by_context to 2025-12-14 00:00:00+00:00, run_after=2025-12-15 00:00:00+00:00
[2025-12-15T19:06:22.497+0000] {logging_mixin.py:190} INFO - [2025-12-15T19:06:22.496+0000] {dag.py:4180} INFO - Setting next_dagrun for dataset_with_extra_by_yield to 2025-12-14 00:00:00+00:00, run_after=2025-12-15 00:00:00+00:00
[2025-12-15T19:06:22.501+0000] {logging_mixin.py:190} INFO - [2025-12-15T19:06:22.500+0000] {dag.py:4180} INFO - Setting next_dagrun for dataset_with_extra_from_classic_operator to 2025-12-14 00:00:00+00:00, run_after=2025-12-15 00:00:00+00:00
[2025-12-15T19:06:22.544+0000] {processor.py:208} INFO - Processing /home/airflow/.local/lib/python3.12/site-packages/airflow/example_dags/example_outlet_event_extra.py took 1.148 seconds
[2025-12-15T19:06:53.193+0000] {processor.py:186} INFO - Started process (PID=5046) to work on /home/airflow/.local/lib/python3.12/site-packages/airflow/example_dags/example_outlet_event_extra.py
[2025-12-15T19:06:53.195+0000] {processor.py:914} INFO - Processing file /home/airflow/.local/lib/python3.12/site-packages/airflow/example_dags/example_outlet_event_extra.py for tasks to queue
[2025-12-15T19:06:53.200+0000] {logging_mixin.py:190} INFO - [2025-12-15T19:06:53.199+0000] {dagbag.py:588} INFO - Filling up the DagBag from /home/airflow/.local/lib/python3.12/site-packages/airflow/example_dags/example_outlet_event_extra.py
[2025-12-15T19:06:55.105+0000] {processor.py:925} INFO - DAG(s) 'dataset_with_extra_by_yield', 'dataset_with_extra_by_context', 'dataset_with_extra_from_classic_operator' retrieved from /home/airflow/.local/lib/python3.12/site-packages/airflow/example_dags/example_outlet_event_extra.py
[2025-12-15T19:06:55.182+0000] {logging_mixin.py:190} INFO - [2025-12-15T19:06:55.180+0000] {dag.py:3239} INFO - Sync 3 DAGs
[2025-12-15T19:06:55.259+0000] {logging_mixin.py:190} INFO - [2025-12-15T19:06:55.258+0000] {dag.py:4180} INFO - Setting next_dagrun for dataset_with_extra_by_context to 2025-12-14 00:00:00+00:00, run_after=2025-12-15 00:00:00+00:00
[2025-12-15T19:06:55.272+0000] {logging_mixin.py:190} INFO - [2025-12-15T19:06:55.271+0000] {dag.py:4180} INFO - Setting next_dagrun for dataset_with_extra_by_yield to 2025-12-14 00:00:00+00:00, run_after=2025-12-15 00:00:00+00:00
[2025-12-15T19:06:55.280+0000] {logging_mixin.py:190} INFO - [2025-12-15T19:06:55.279+0000] {dag.py:4180} INFO - Setting next_dagrun for dataset_with_extra_from_classic_operator to 2025-12-14 00:00:00+00:00, run_after=2025-12-15 00:00:00+00:00
[2025-12-15T19:06:55.347+0000] {processor.py:208} INFO - Processing /home/airflow/.local/lib/python3.12/site-packages/airflow/example_dags/example_outlet_event_extra.py took 2.162 seconds
[2025-12-15T19:07:31.095+0000] {processor.py:186} INFO - Started process (PID=5335) to work on /home/airflow/.local/lib/python3.12/site-packages/airflow/example_dags/example_outlet_event_extra.py
[2025-12-15T19:07:31.149+0000] {processor.py:914} INFO - Processing file /home/airflow/.local/lib/python3.12/site-packages/airflow/example_dags/example_outlet_event_extra.py for tasks to queue
[2025-12-15T19:07:31.154+0000] {logging_mixin.py:190} INFO - [2025-12-15T19:07:31.153+0000] {dagbag.py:588} INFO - Filling up the DagBag from /home/airflow/.local/lib/python3.12/site-packages/airflow/example_dags/example_outlet_event_extra.py
[2025-12-15T19:07:32.288+0000] {processor.py:925} INFO - DAG(s) 'dataset_with_extra_by_context', 'dataset_with_extra_from_classic_operator', 'dataset_with_extra_by_yield' retrieved from /home/airflow/.local/lib/python3.12/site-packages/airflow/example_dags/example_outlet_event_extra.py
[2025-12-15T19:07:32.332+0000] {logging_mixin.py:190} INFO - [2025-12-15T19:07:32.332+0000] {dag.py:3239} INFO - Sync 3 DAGs
[2025-12-15T19:07:32.380+0000] {logging_mixin.py:190} INFO - [2025-12-15T19:07:32.380+0000] {dag.py:4180} INFO - Setting next_dagrun for dataset_with_extra_by_context to 2025-12-14 00:00:00+00:00, run_after=2025-12-15 00:00:00+00:00
[2025-12-15T19:07:32.389+0000] {logging_mixin.py:190} INFO - [2025-12-15T19:07:32.389+0000] {dag.py:4180} INFO - Setting next_dagrun for dataset_with_extra_by_yield to 2025-12-14 00:00:00+00:00, run_after=2025-12-15 00:00:00+00:00
[2025-12-15T19:07:32.395+0000] {logging_mixin.py:190} INFO - [2025-12-15T19:07:32.395+0000] {dag.py:4180} INFO - Setting next_dagrun for dataset_with_extra_from_classic_operator to 2025-12-14 00:00:00+00:00, run_after=2025-12-15 00:00:00+00:00
[2025-12-15T19:07:32.441+0000] {processor.py:208} INFO - Processing /home/airflow/.local/lib/python3.12/site-packages/airflow/example_dags/example_outlet_event_extra.py took 1.367 seconds
[2025-12-15T19:08:02.612+0000] {processor.py:186} INFO - Started process (PID=5628) to work on /home/airflow/.local/lib/python3.12/site-packages/airflow/example_dags/example_outlet_event_extra.py
[2025-12-15T19:08:02.614+0000] {processor.py:914} INFO - Processing file /home/airflow/.local/lib/python3.12/site-packages/airflow/example_dags/example_outlet_event_extra.py for tasks to queue
[2025-12-15T19:08:02.619+0000] {logging_mixin.py:190} INFO - [2025-12-15T19:08:02.618+0000] {dagbag.py:588} INFO - Filling up the DagBag from /home/airflow/.local/lib/python3.12/site-packages/airflow/example_dags/example_outlet_event_extra.py
[2025-12-15T19:08:04.265+0000] {processor.py:925} INFO - DAG(s) 'dataset_with_extra_by_context', 'dataset_with_extra_by_yield', 'dataset_with_extra_from_classic_operator' retrieved from /home/airflow/.local/lib/python3.12/site-packages/airflow/example_dags/example_outlet_event_extra.py
[2025-12-15T19:08:04.330+0000] {logging_mixin.py:190} INFO - [2025-12-15T19:08:04.329+0000] {dag.py:3239} INFO - Sync 3 DAGs
[2025-12-15T19:08:04.405+0000] {logging_mixin.py:190} INFO - [2025-12-15T19:08:04.404+0000] {dag.py:4180} INFO - Setting next_dagrun for dataset_with_extra_by_context to 2025-12-14 00:00:00+00:00, run_after=2025-12-15 00:00:00+00:00
[2025-12-15T19:08:04.417+0000] {logging_mixin.py:190} INFO - [2025-12-15T19:08:04.416+0000] {dag.py:4180} INFO - Setting next_dagrun for dataset_with_extra_by_yield to 2025-12-14 00:00:00+00:00, run_after=2025-12-15 00:00:00+00:00
[2025-12-15T19:08:04.423+0000] {logging_mixin.py:190} INFO - [2025-12-15T19:08:04.423+0000] {dag.py:4180} INFO - Setting next_dagrun for dataset_with_extra_from_classic_operator to 2025-12-14 00:00:00+00:00, run_after=2025-12-15 00:00:00+00:00
[2025-12-15T19:08:04.470+0000] {processor.py:208} INFO - Processing /home/airflow/.local/lib/python3.12/site-packages/airflow/example_dags/example_outlet_event_extra.py took 1.871 seconds
[2025-12-15T19:08:34.736+0000] {processor.py:186} INFO - Started process (PID=5919) to work on /home/airflow/.local/lib/python3.12/site-packages/airflow/example_dags/example_outlet_event_extra.py
[2025-12-15T19:08:34.738+0000] {processor.py:914} INFO - Processing file /home/airflow/.local/lib/python3.12/site-packages/airflow/example_dags/example_outlet_event_extra.py for tasks to queue
[2025-12-15T19:08:34.752+0000] {logging_mixin.py:190} INFO - [2025-12-15T19:08:34.751+0000] {dagbag.py:588} INFO - Filling up the DagBag from /home/airflow/.local/lib/python3.12/site-packages/airflow/example_dags/example_outlet_event_extra.py
[2025-12-15T19:08:37.742+0000] {processor.py:925} INFO - DAG(s) 'dataset_with_extra_by_yield', 'dataset_with_extra_from_classic_operator', 'dataset_with_extra_by_context' retrieved from /home/airflow/.local/lib/python3.12/site-packages/airflow/example_dags/example_outlet_event_extra.py
[2025-12-15T19:06:52.646+0000] {logging_mixin.py:190} INFO - [2025-12-15T19:06:52.646+0000] {dag.py:3239} INFO - Sync 3 DAGs
[2025-12-15T19:08:39.040+0000] {logging_mixin.py:190} INFO - [2025-12-15T19:08:39.039+0000] {dag.py:4180} INFO - Setting next_dagrun for dataset_with_extra_by_context to 2025-12-14 00:00:00+00:00, run_after=2025-12-15 00:00:00+00:00
[2025-12-15T19:08:39.072+0000] {logging_mixin.py:190} INFO - [2025-12-15T19:08:39.072+0000] {dag.py:4180} INFO - Setting next_dagrun for dataset_with_extra_by_yield to 2025-12-14 00:00:00+00:00, run_after=2025-12-15 00:00:00+00:00
[2025-12-15T19:08:39.080+0000] {logging_mixin.py:190} INFO - [2025-12-15T19:08:39.079+0000] {dag.py:4180} INFO - Setting next_dagrun for dataset_with_extra_from_classic_operator to 2025-12-14 00:00:00+00:00, run_after=2025-12-15 00:00:00+00:00
[2025-12-15T19:08:39.193+0000] {processor.py:208} INFO - Processing /home/airflow/.local/lib/python3.12/site-packages/airflow/example_dags/example_outlet_event_extra.py took 3.676 seconds
[2025-12-15T19:09:09.973+0000] {processor.py:186} INFO - Started process (PID=6210) to work on /home/airflow/.local/lib/python3.12/site-packages/airflow/example_dags/example_outlet_event_extra.py
[2025-12-15T19:09:09.997+0000] {processor.py:914} INFO - Processing file /home/airflow/.local/lib/python3.12/site-packages/airflow/example_dags/example_outlet_event_extra.py for tasks to queue
[2025-12-15T19:09:10.002+0000] {logging_mixin.py:190} INFO - [2025-12-15T19:09:10.001+0000] {dagbag.py:588} INFO - Filling up the DagBag from /home/airflow/.local/lib/python3.12/site-packages/airflow/example_dags/example_outlet_event_extra.py
[2025-12-15T19:09:10.765+0000] {processor.py:925} INFO - DAG(s) 'dataset_with_extra_by_context', 'dataset_with_extra_by_yield', 'dataset_with_extra_from_classic_operator' retrieved from /home/airflow/.local/lib/python3.12/site-packages/airflow/example_dags/example_outlet_event_extra.py
[2025-12-15T19:09:10.801+0000] {logging_mixin.py:190} INFO - [2025-12-15T19:09:10.800+0000] {dag.py:3239} INFO - Sync 3 DAGs
[2025-12-15T19:09:10.839+0000] {logging_mixin.py:190} INFO - [2025-12-15T19:09:10.838+0000] {dag.py:4180} INFO - Setting next_dagrun for dataset_with_extra_by_context to 2025-12-14 00:00:00+00:00, run_after=2025-12-15 00:00:00+00:00
[2025-12-15T19:09:10.846+0000] {logging_mixin.py:190} INFO - [2025-12-15T19:09:10.846+0000] {dag.py:4180} INFO - Setting next_dagrun for dataset_with_extra_by_yield to 2025-12-14 00:00:00+00:00, run_after=2025-12-15 00:00:00+00:00
[2025-12-15T19:09:10.851+0000] {logging_mixin.py:190} INFO - [2025-12-15T19:09:10.850+0000] {dag.py:4180} INFO - Setting next_dagrun for dataset_with_extra_from_classic_operator to 2025-12-14 00:00:00+00:00, run_after=2025-12-15 00:00:00+00:00
[2025-12-15T19:09:10.884+0000] {processor.py:208} INFO - Processing /home/airflow/.local/lib/python3.12/site-packages/airflow/example_dags/example_outlet_event_extra.py took 0.920 seconds
[2025-12-15T19:09:42.649+0000] {processor.py:186} INFO - Started process (PID=6501) to work on /home/airflow/.local/lib/python3.12/site-packages/airflow/example_dags/example_outlet_event_extra.py
[2025-12-15T19:09:42.657+0000] {processor.py:914} INFO - Processing file /home/airflow/.local/lib/python3.12/site-packages/airflow/example_dags/example_outlet_event_extra.py for tasks to queue
[2025-12-15T19:09:42.661+0000] {logging_mixin.py:190} INFO - [2025-12-15T19:09:42.660+0000] {dagbag.py:588} INFO - Filling up the DagBag from /home/airflow/.local/lib/python3.12/site-packages/airflow/example_dags/example_outlet_event_extra.py
[2025-12-15T19:09:43.586+0000] {processor.py:925} INFO - DAG(s) 'dataset_with_extra_by_context', 'dataset_with_extra_from_classic_operator', 'dataset_with_extra_by_yield' retrieved from /home/airflow/.local/lib/python3.12/site-packages/airflow/example_dags/example_outlet_event_extra.py
[2025-12-15T19:09:43.632+0000] {logging_mixin.py:190} INFO - [2025-12-15T19:09:43.629+0000] {dag.py:3239} INFO - Sync 3 DAGs
[2025-12-15T19:09:43.676+0000] {logging_mixin.py:190} INFO - [2025-12-15T19:09:43.675+0000] {dag.py:4180} INFO - Setting next_dagrun for dataset_with_extra_by_context to 2025-12-14 00:00:00+00:00, run_after=2025-12-15 00:00:00+00:00
[2025-12-15T19:09:43.686+0000] {logging_mixin.py:190} INFO - [2025-12-15T19:09:43.686+0000] {dag.py:4180} INFO - Setting next_dagrun for dataset_with_extra_by_yield to 2025-12-14 00:00:00+00:00, run_after=2025-12-15 00:00:00+00:00
[2025-12-15T19:09:43.690+0000] {logging_mixin.py:190} INFO - [2025-12-15T19:09:43.690+0000] {dag.py:4180} INFO - Setting next_dagrun for dataset_with_extra_from_classic_operator to 2025-12-14 00:00:00+00:00, run_after=2025-12-15 00:00:00+00:00
[2025-12-15T19:09:43.735+0000] {processor.py:208} INFO - Processing /home/airflow/.local/lib/python3.12/site-packages/airflow/example_dags/example_outlet_event_extra.py took 1.097 seconds
[2025-12-15T19:10:14.235+0000] {processor.py:186} INFO - Started process (PID=6792) to work on /home/airflow/.local/lib/python3.12/site-packages/airflow/example_dags/example_outlet_event_extra.py
[2025-12-15T19:10:14.245+0000] {processor.py:914} INFO - Processing file /home/airflow/.local/lib/python3.12/site-packages/airflow/example_dags/example_outlet_event_extra.py for tasks to queue
[2025-12-15T19:10:14.249+0000] {logging_mixin.py:190} INFO - [2025-12-15T19:10:14.248+0000] {dagbag.py:588} INFO - Filling up the DagBag from /home/airflow/.local/lib/python3.12/site-packages/airflow/example_dags/example_outlet_event_extra.py
[2025-12-15T19:10:15.245+0000] {processor.py:925} INFO - DAG(s) 'dataset_with_extra_by_context', 'dataset_with_extra_by_yield', 'dataset_with_extra_from_classic_operator' retrieved from /home/airflow/.local/lib/python3.12/site-packages/airflow/example_dags/example_outlet_event_extra.py
[2025-12-15T19:10:15.294+0000] {logging_mixin.py:190} INFO - [2025-12-15T19:10:15.293+0000] {dag.py:3239} INFO - Sync 3 DAGs
[2025-12-15T19:10:15.340+0000] {logging_mixin.py:190} INFO - [2025-12-15T19:10:15.337+0000] {dag.py:4180} INFO - Setting next_dagrun for dataset_with_extra_by_context to 2025-12-14 00:00:00+00:00, run_after=2025-12-15 00:00:00+00:00
[2025-12-15T19:10:15.348+0000] {logging_mixin.py:190} INFO - [2025-12-15T19:10:15.348+0000] {dag.py:4180} INFO - Setting next_dagrun for dataset_with_extra_by_yield to 2025-12-14 00:00:00+00:00, run_after=2025-12-15 00:00:00+00:00
[2025-12-15T19:10:15.352+0000] {logging_mixin.py:190} INFO - [2025-12-15T19:10:15.352+0000] {dag.py:4180} INFO - Setting next_dagrun for dataset_with_extra_from_classic_operator to 2025-12-14 00:00:00+00:00, run_after=2025-12-15 00:00:00+00:00
[2025-12-15T19:10:15.399+0000] {processor.py:208} INFO - Processing /home/airflow/.local/lib/python3.12/site-packages/airflow/example_dags/example_outlet_event_extra.py took 1.173 seconds
[2025-12-15T19:10:46.333+0000] {processor.py:186} INFO - Started process (PID=7084) to work on /home/airflow/.local/lib/python3.12/site-packages/airflow/example_dags/example_outlet_event_extra.py
[2025-12-15T19:10:46.348+0000] {processor.py:914} INFO - Processing file /home/airflow/.local/lib/python3.12/site-packages/airflow/example_dags/example_outlet_event_extra.py for tasks to queue
[2025-12-15T19:10:46.364+0000] {logging_mixin.py:190} INFO - [2025-12-15T19:10:46.363+0000] {dagbag.py:588} INFO - Filling up the DagBag from /home/airflow/.local/lib/python3.12/site-packages/airflow/example_dags/example_outlet_event_extra.py
[2025-12-15T19:10:47.942+0000] {processor.py:925} INFO - DAG(s) 'dataset_with_extra_by_yield', 'dataset_with_extra_from_classic_operator', 'dataset_with_extra_by_context' retrieved from /home/airflow/.local/lib/python3.12/site-packages/airflow/example_dags/example_outlet_event_extra.py
[2025-12-15T19:10:47.990+0000] {logging_mixin.py:190} INFO - [2025-12-15T19:10:47.990+0000] {dag.py:3239} INFO - Sync 3 DAGs
[2025-12-15T19:10:48.034+0000] {logging_mixin.py:190} INFO - [2025-12-15T19:10:48.034+0000] {dag.py:4180} INFO - Setting next_dagrun for dataset_with_extra_by_context to 2025-12-14 00:00:00+00:00, run_after=2025-12-15 00:00:00+00:00
[2025-12-15T19:10:48.044+0000] {logging_mixin.py:190} INFO - [2025-12-15T19:10:48.043+0000] {dag.py:4180} INFO - Setting next_dagrun for dataset_with_extra_by_yield to 2025-12-14 00:00:00+00:00, run_after=2025-12-15 00:00:00+00:00
[2025-12-15T19:10:48.048+0000] {logging_mixin.py:190} INFO - [2025-12-15T19:10:48.047+0000] {dag.py:4180} INFO - Setting next_dagrun for dataset_with_extra_from_classic_operator to 2025-12-14 00:00:00+00:00, run_after=2025-12-15 00:00:00+00:00
[2025-12-15T19:10:48.083+0000] {processor.py:208} INFO - Processing /home/airflow/.local/lib/python3.12/site-packages/airflow/example_dags/example_outlet_event_extra.py took 1.795 seconds
[2025-12-15T19:11:18.315+0000] {processor.py:186} INFO - Started process (PID=7375) to work on /home/airflow/.local/lib/python3.12/site-packages/airflow/example_dags/example_outlet_event_extra.py
[2025-12-15T19:11:18.317+0000] {processor.py:914} INFO - Processing file /home/airflow/.local/lib/python3.12/site-packages/airflow/example_dags/example_outlet_event_extra.py for tasks to queue
[2025-12-15T19:11:18.323+0000] {logging_mixin.py:190} INFO - [2025-12-15T19:11:18.322+0000] {dagbag.py:588} INFO - Filling up the DagBag from /home/airflow/.local/lib/python3.12/site-packages/airflow/example_dags/example_outlet_event_extra.py
[2025-12-15T19:11:19.058+0000] {processor.py:925} INFO - DAG(s) 'dataset_with_extra_by_context', 'dataset_with_extra_from_classic_operator', 'dataset_with_extra_by_yield' retrieved from /home/airflow/.local/lib/python3.12/site-packages/airflow/example_dags/example_outlet_event_extra.py
[2025-12-15T19:11:19.088+0000] {logging_mixin.py:190} INFO - [2025-12-15T19:11:19.088+0000] {dag.py:3239} INFO - Sync 3 DAGs
[2025-12-15T19:11:19.117+0000] {logging_mixin.py:190} INFO - [2025-12-15T19:11:19.117+0000] {dag.py:4180} INFO - Setting next_dagrun for dataset_with_extra_by_context to 2025-12-14 00:00:00+00:00, run_after=2025-12-15 00:00:00+00:00
[2025-12-15T19:11:19.123+0000] {logging_mixin.py:190} INFO - [2025-12-15T19:11:19.123+0000] {dag.py:4180} INFO - Setting next_dagrun for dataset_with_extra_by_yield to 2025-12-14 00:00:00+00:00, run_after=2025-12-15 00:00:00+00:00
[2025-12-15T19:11:19.126+0000] {logging_mixin.py:190} INFO - [2025-12-15T19:11:19.126+0000] {dag.py:4180} INFO - Setting next_dagrun for dataset_with_extra_from_classic_operator to 2025-12-14 00:00:00+00:00, run_after=2025-12-15 00:00:00+00:00
[2025-12-15T19:11:19.153+0000] {processor.py:208} INFO - Processing /home/airflow/.local/lib/python3.12/site-packages/airflow/example_dags/example_outlet_event_extra.py took 0.856 seconds
[2025-12-15T19:11:49.641+0000] {processor.py:186} INFO - Started process (PID=7666) to work on /home/airflow/.local/lib/python3.12/site-packages/airflow/example_dags/example_outlet_event_extra.py
[2025-12-15T19:11:49.643+0000] {processor.py:914} INFO - Processing file /home/airflow/.local/lib/python3.12/site-packages/airflow/example_dags/example_outlet_event_extra.py for tasks to queue
[2025-12-15T19:11:49.644+0000] {logging_mixin.py:190} INFO - [2025-12-15T19:11:49.644+0000] {dagbag.py:588} INFO - Filling up the DagBag from /home/airflow/.local/lib/python3.12/site-packages/airflow/example_dags/example_outlet_event_extra.py
[2025-12-15T19:11:50.551+0000] {processor.py:925} INFO - DAG(s) 'dataset_with_extra_by_yield', 'dataset_with_extra_by_context', 'dataset_with_extra_from_classic_operator' retrieved from /home/airflow/.local/lib/python3.12/site-packages/airflow/example_dags/example_outlet_event_extra.py
[2025-12-15T19:11:50.592+0000] {logging_mixin.py:190} INFO - [2025-12-15T19:11:50.592+0000] {dag.py:3239} INFO - Sync 3 DAGs
[2025-12-15T19:11:50.636+0000] {logging_mixin.py:190} INFO - [2025-12-15T19:11:50.635+0000] {dag.py:4180} INFO - Setting next_dagrun for dataset_with_extra_by_context to 2025-12-14 00:00:00+00:00, run_after=2025-12-15 00:00:00+00:00
[2025-12-15T19:11:50.645+0000] {logging_mixin.py:190} INFO - [2025-12-15T19:11:50.644+0000] {dag.py:4180} INFO - Setting next_dagrun for dataset_with_extra_by_yield to 2025-12-14 00:00:00+00:00, run_after=2025-12-15 00:00:00+00:00
[2025-12-15T19:11:50.652+0000] {logging_mixin.py:190} INFO - [2025-12-15T19:11:50.651+0000] {dag.py:4180} INFO - Setting next_dagrun for dataset_with_extra_from_classic_operator to 2025-12-14 00:00:00+00:00, run_after=2025-12-15 00:00:00+00:00
[2025-12-15T19:11:50.690+0000] {processor.py:208} INFO - Processing /home/airflow/.local/lib/python3.12/site-packages/airflow/example_dags/example_outlet_event_extra.py took 1.057 seconds
[2025-12-15T19:12:21.139+0000] {processor.py:186} INFO - Started process (PID=7957) to work on /home/airflow/.local/lib/python3.12/site-packages/airflow/example_dags/example_outlet_event_extra.py
[2025-12-15T19:12:21.141+0000] {processor.py:914} INFO - Processing file /home/airflow/.local/lib/python3.12/site-packages/airflow/example_dags/example_outlet_event_extra.py for tasks to queue
[2025-12-15T19:12:21.143+0000] {logging_mixin.py:190} INFO - [2025-12-15T19:12:21.143+0000] {dagbag.py:588} INFO - Filling up the DagBag from /home/airflow/.local/lib/python3.12/site-packages/airflow/example_dags/example_outlet_event_extra.py
[2025-12-15T19:12:21.923+0000] {processor.py:925} INFO - DAG(s) 'dataset_with_extra_from_classic_operator', 'dataset_with_extra_by_context', 'dataset_with_extra_by_yield' retrieved from /home/airflow/.local/lib/python3.12/site-packages/airflow/example_dags/example_outlet_event_extra.py
[2025-12-15T19:12:21.954+0000] {logging_mixin.py:190} INFO - [2025-12-15T19:12:21.954+0000] {dag.py:3239} INFO - Sync 3 DAGs
[2025-12-15T19:12:21.987+0000] {logging_mixin.py:190} INFO - [2025-12-15T19:12:21.987+0000] {dag.py:4180} INFO - Setting next_dagrun for dataset_with_extra_by_context to 2025-12-14 00:00:00+00:00, run_after=2025-12-15 00:00:00+00:00
[2025-12-15T19:12:21.995+0000] {logging_mixin.py:190} INFO - [2025-12-15T19:12:21.994+0000] {dag.py:4180} INFO - Setting next_dagrun for dataset_with_extra_by_yield to 2025-12-14 00:00:00+00:00, run_after=2025-12-15 00:00:00+00:00
[2025-12-15T19:12:21.998+0000] {logging_mixin.py:190} INFO - [2025-12-15T19:12:21.998+0000] {dag.py:4180} INFO - Setting next_dagrun for dataset_with_extra_from_classic_operator to 2025-12-14 00:00:00+00:00, run_after=2025-12-15 00:00:00+00:00
[2025-12-15T19:12:22.029+0000] {processor.py:208} INFO - Processing /home/airflow/.local/lib/python3.12/site-packages/airflow/example_dags/example_outlet_event_extra.py took 0.898 seconds
[2025-12-15T19:12:52.406+0000] {processor.py:186} INFO - Started process (PID=8248) to work on /home/airflow/.local/lib/python3.12/site-packages/airflow/example_dags/example_outlet_event_extra.py
[2025-12-15T19:12:52.429+0000] {processor.py:914} INFO - Processing file /home/airflow/.local/lib/python3.12/site-packages/airflow/example_dags/example_outlet_event_extra.py for tasks to queue
[2025-12-15T19:12:52.430+0000] {logging_mixin.py:190} INFO - [2025-12-15T19:12:52.430+0000] {dagbag.py:588} INFO - Filling up the DagBag from /home/airflow/.local/lib/python3.12/site-packages/airflow/example_dags/example_outlet_event_extra.py
[2025-12-15T19:12:53.702+0000] {processor.py:925} INFO - DAG(s) 'dataset_with_extra_by_yield', 'dataset_with_extra_from_classic_operator', 'dataset_with_extra_by_context' retrieved from /home/airflow/.local/lib/python3.12/site-packages/airflow/example_dags/example_outlet_event_extra.py
[2025-12-15T19:12:53.773+0000] {logging_mixin.py:190} INFO - [2025-12-15T19:12:53.773+0000] {dag.py:3239} INFO - Sync 3 DAGs
[2025-12-15T19:12:53.834+0000] {logging_mixin.py:190} INFO - [2025-12-15T19:12:53.833+0000] {dag.py:4180} INFO - Setting next_dagrun for dataset_with_extra_by_context to 2025-12-14 00:00:00+00:00, run_after=2025-12-15 00:00:00+00:00
[2025-12-15T19:12:53.841+0000] {logging_mixin.py:190} INFO - [2025-12-15T19:12:53.840+0000] {dag.py:4180} INFO - Setting next_dagrun for dataset_with_extra_by_yield to 2025-12-14 00:00:00+00:00, run_after=2025-12-15 00:00:00+00:00
[2025-12-15T19:12:53.844+0000] {logging_mixin.py:190} INFO - [2025-12-15T19:12:53.844+0000] {dag.py:4180} INFO - Setting next_dagrun for dataset_with_extra_from_classic_operator to 2025-12-14 00:00:00+00:00, run_after=2025-12-15 00:00:00+00:00
[2025-12-15T19:12:53.880+0000] {processor.py:208} INFO - Processing /home/airflow/.local/lib/python3.12/site-packages/airflow/example_dags/example_outlet_event_extra.py took 1.482 seconds
[2025-12-15T19:13:24.104+0000] {processor.py:186} INFO - Started process (PID=8537) to work on /home/airflow/.local/lib/python3.12/site-packages/airflow/example_dags/example_outlet_event_extra.py
[2025-12-15T19:13:24.106+0000] {processor.py:914} INFO - Processing file /home/airflow/.local/lib/python3.12/site-packages/airflow/example_dags/example_outlet_event_extra.py for tasks to queue
[2025-12-15T19:13:24.109+0000] {logging_mixin.py:190} INFO - [2025-12-15T19:13:24.108+0000] {dagbag.py:588} INFO - Filling up the DagBag from /home/airflow/.local/lib/python3.12/site-packages/airflow/example_dags/example_outlet_event_extra.py
[2025-12-15T19:13:27.071+0000] {processor.py:925} INFO - DAG(s) 'dataset_with_extra_by_yield', 'dataset_with_extra_by_context', 'dataset_with_extra_from_classic_operator' retrieved from /home/airflow/.local/lib/python3.12/site-packages/airflow/example_dags/example_outlet_event_extra.py
[2025-12-15T19:13:27.242+0000] {logging_mixin.py:190} INFO - [2025-12-15T19:13:27.241+0000] {dag.py:3239} INFO - Sync 3 DAGs
[2025-12-15T19:13:27.388+0000] {logging_mixin.py:190} INFO - [2025-12-15T19:13:27.387+0000] {dag.py:4180} INFO - Setting next_dagrun for dataset_with_extra_by_context to 2025-12-14 00:00:00+00:00, run_after=2025-12-15 00:00:00+00:00
[2025-12-15T19:13:27.415+0000] {logging_mixin.py:190} INFO - [2025-12-15T19:13:27.414+0000] {dag.py:4180} INFO - Setting next_dagrun for dataset_with_extra_by_yield to 2025-12-14 00:00:00+00:00, run_after=2025-12-15 00:00:00+00:00
[2025-12-15T19:13:27.431+0000] {logging_mixin.py:190} INFO - [2025-12-15T19:13:27.430+0000] {dag.py:4180} INFO - Setting next_dagrun for dataset_with_extra_from_classic_operator to 2025-12-14 00:00:00+00:00, run_after=2025-12-15 00:00:00+00:00
[2025-12-15T19:13:27.670+0000] {processor.py:208} INFO - Processing /home/airflow/.local/lib/python3.12/site-packages/airflow/example_dags/example_outlet_event_extra.py took 3.586 seconds
[2025-12-15T19:13:58.216+0000] {processor.py:186} INFO - Started process (PID=8833) to work on /home/airflow/.local/lib/python3.12/site-packages/airflow/example_dags/example_outlet_event_extra.py
[2025-12-15T19:13:58.218+0000] {processor.py:914} INFO - Processing file /home/airflow/.local/lib/python3.12/site-packages/airflow/example_dags/example_outlet_event_extra.py for tasks to queue
[2025-12-15T19:13:58.219+0000] {logging_mixin.py:190} INFO - [2025-12-15T19:13:58.219+0000] {dagbag.py:588} INFO - Filling up the DagBag from /home/airflow/.local/lib/python3.12/site-packages/airflow/example_dags/example_outlet_event_extra.py
[2025-12-15T19:13:59.154+0000] {processor.py:925} INFO - DAG(s) 'dataset_with_extra_from_classic_operator', 'dataset_with_extra_by_yield', 'dataset_with_extra_by_context' retrieved from /home/airflow/.local/lib/python3.12/site-packages/airflow/example_dags/example_outlet_event_extra.py
[2025-12-15T19:13:59.193+0000] {logging_mixin.py:190} INFO - [2025-12-15T19:13:59.192+0000] {dag.py:3239} INFO - Sync 3 DAGs
[2025-12-15T19:13:59.232+0000] {logging_mixin.py:190} INFO - [2025-12-15T19:13:59.232+0000] {dag.py:4180} INFO - Setting next_dagrun for dataset_with_extra_by_context to 2025-12-14 00:00:00+00:00, run_after=2025-12-15 00:00:00+00:00
[2025-12-15T19:13:59.240+0000] {logging_mixin.py:190} INFO - [2025-12-15T19:13:59.240+0000] {dag.py:4180} INFO - Setting next_dagrun for dataset_with_extra_by_yield to 2025-12-14 00:00:00+00:00, run_after=2025-12-15 00:00:00+00:00
[2025-12-15T19:13:59.248+0000] {logging_mixin.py:190} INFO - [2025-12-15T19:13:59.248+0000] {dag.py:4180} INFO - Setting next_dagrun for dataset_with_extra_from_classic_operator to 2025-12-14 00:00:00+00:00, run_after=2025-12-15 00:00:00+00:00
[2025-12-15T19:13:59.283+0000] {processor.py:208} INFO - Processing /home/airflow/.local/lib/python3.12/site-packages/airflow/example_dags/example_outlet_event_extra.py took 1.075 seconds
[2025-12-15T19:14:29.557+0000] {processor.py:186} INFO - Started process (PID=9129) to work on /home/airflow/.local/lib/python3.12/site-packages/airflow/example_dags/example_outlet_event_extra.py
[2025-12-15T19:14:29.587+0000] {processor.py:914} INFO - Processing file /home/airflow/.local/lib/python3.12/site-packages/airflow/example_dags/example_outlet_event_extra.py for tasks to queue
[2025-12-15T19:14:29.588+0000] {logging_mixin.py:190} INFO - [2025-12-15T19:14:29.588+0000] {dagbag.py:588} INFO - Filling up the DagBag from /home/airflow/.local/lib/python3.12/site-packages/airflow/example_dags/example_outlet_event_extra.py
[2025-12-15T19:14:31.503+0000] {processor.py:925} INFO - DAG(s) 'dataset_with_extra_by_yield', 'dataset_with_extra_from_classic_operator', 'dataset_with_extra_by_context' retrieved from /home/airflow/.local/lib/python3.12/site-packages/airflow/example_dags/example_outlet_event_extra.py
[2025-12-15T19:14:31.575+0000] {logging_mixin.py:190} INFO - [2025-12-15T19:14:31.573+0000] {dag.py:3239} INFO - Sync 3 DAGs
[2025-12-15T19:14:31.645+0000] {logging_mixin.py:190} INFO - [2025-12-15T19:14:31.645+0000] {dag.py:4180} INFO - Setting next_dagrun for dataset_with_extra_by_context to 2025-12-14 00:00:00+00:00, run_after=2025-12-15 00:00:00+00:00
[2025-12-15T19:14:31.657+0000] {logging_mixin.py:190} INFO - [2025-12-15T19:14:31.657+0000] {dag.py:4180} INFO - Setting next_dagrun for dataset_with_extra_by_yield to 2025-12-14 00:00:00+00:00, run_after=2025-12-15 00:00:00+00:00
[2025-12-15T19:14:31.665+0000] {logging_mixin.py:190} INFO - [2025-12-15T19:14:31.663+0000] {dag.py:4180} INFO - Setting next_dagrun for dataset_with_extra_from_classic_operator to 2025-12-14 00:00:00+00:00, run_after=2025-12-15 00:00:00+00:00
[2025-12-15T19:14:31.704+0000] {processor.py:208} INFO - Processing /home/airflow/.local/lib/python3.12/site-packages/airflow/example_dags/example_outlet_event_extra.py took 2.158 seconds
[2025-12-15T19:15:02.432+0000] {processor.py:186} INFO - Started process (PID=9430) to work on /home/airflow/.local/lib/python3.12/site-packages/airflow/example_dags/example_outlet_event_extra.py
[2025-12-15T19:15:02.436+0000] {processor.py:914} INFO - Processing file /home/airflow/.local/lib/python3.12/site-packages/airflow/example_dags/example_outlet_event_extra.py for tasks to queue
[2025-12-15T19:15:02.439+0000] {logging_mixin.py:190} INFO - [2025-12-15T19:15:02.438+0000] {dagbag.py:588} INFO - Filling up the DagBag from /home/airflow/.local/lib/python3.12/site-packages/airflow/example_dags/example_outlet_event_extra.py
[2025-12-15T19:15:05.302+0000] {processor.py:925} INFO - DAG(s) 'dataset_with_extra_from_classic_operator', 'dataset_with_extra_by_yield', 'dataset_with_extra_by_context' retrieved from /home/airflow/.local/lib/python3.12/site-packages/airflow/example_dags/example_outlet_event_extra.py
[2025-12-15T19:15:05.371+0000] {logging_mixin.py:190} INFO - [2025-12-15T19:15:05.371+0000] {dag.py:3239} INFO - Sync 3 DAGs
[2025-12-15T19:15:05.435+0000] {logging_mixin.py:190} INFO - [2025-12-15T19:15:05.435+0000] {dag.py:4180} INFO - Setting next_dagrun for dataset_with_extra_by_context to 2025-12-14 00:00:00+00:00, run_after=2025-12-15 00:00:00+00:00
[2025-12-15T19:15:05.451+0000] {logging_mixin.py:190} INFO - [2025-12-15T19:15:05.451+0000] {dag.py:4180} INFO - Setting next_dagrun for dataset_with_extra_by_yield to 2025-12-14 00:00:00+00:00, run_after=2025-12-15 00:00:00+00:00
[2025-12-15T19:15:05.459+0000] {logging_mixin.py:190} INFO - [2025-12-15T19:15:05.458+0000] {dag.py:4180} INFO - Setting next_dagrun for dataset_with_extra_from_classic_operator to 2025-12-14 00:00:00+00:00, run_after=2025-12-15 00:00:00+00:00
[2025-12-15T19:15:05.520+0000] {processor.py:208} INFO - Processing /home/airflow/.local/lib/python3.12/site-packages/airflow/example_dags/example_outlet_event_extra.py took 3.104 seconds
[2025-12-15T19:15:36.037+0000] {processor.py:186} INFO - Started process (PID=9724) to work on /home/airflow/.local/lib/python3.12/site-packages/airflow/example_dags/example_outlet_event_extra.py
[2025-12-15T19:15:36.069+0000] {processor.py:914} INFO - Processing file /home/airflow/.local/lib/python3.12/site-packages/airflow/example_dags/example_outlet_event_extra.py for tasks to queue
[2025-12-15T19:15:36.072+0000] {logging_mixin.py:190} INFO - [2025-12-15T19:15:36.071+0000] {dagbag.py:588} INFO - Filling up the DagBag from /home/airflow/.local/lib/python3.12/site-packages/airflow/example_dags/example_outlet_event_extra.py
[2025-12-15T19:15:38.075+0000] {processor.py:925} INFO - DAG(s) 'dataset_with_extra_by_yield', 'dataset_with_extra_by_context', 'dataset_with_extra_from_classic_operator' retrieved from /home/airflow/.local/lib/python3.12/site-packages/airflow/example_dags/example_outlet_event_extra.py
[2025-12-15T19:15:38.157+0000] {logging_mixin.py:190} INFO - [2025-12-15T19:15:38.157+0000] {dag.py:3239} INFO - Sync 3 DAGs
[2025-12-15T19:15:38.276+0000] {logging_mixin.py:190} INFO - [2025-12-15T19:15:38.275+0000] {dag.py:4180} INFO - Setting next_dagrun for dataset_with_extra_by_context to 2025-12-14 00:00:00+00:00, run_after=2025-12-15 00:00:00+00:00
[2025-12-15T19:15:38.295+0000] {logging_mixin.py:190} INFO - [2025-12-15T19:15:38.295+0000] {dag.py:4180} INFO - Setting next_dagrun for dataset_with_extra_by_yield to 2025-12-14 00:00:00+00:00, run_after=2025-12-15 00:00:00+00:00
[2025-12-15T19:15:38.309+0000] {logging_mixin.py:190} INFO - [2025-12-15T19:15:38.308+0000] {dag.py:4180} INFO - Setting next_dagrun for dataset_with_extra_from_classic_operator to 2025-12-14 00:00:00+00:00, run_after=2025-12-15 00:00:00+00:00
[2025-12-15T19:15:38.383+0000] {processor.py:208} INFO - Processing /home/airflow/.local/lib/python3.12/site-packages/airflow/example_dags/example_outlet_event_extra.py took 2.359 seconds
[2025-12-15T19:16:08.579+0000] {processor.py:186} INFO - Started process (PID=10015) to work on /home/airflow/.local/lib/python3.12/site-packages/airflow/example_dags/example_outlet_event_extra.py
[2025-12-15T19:16:08.583+0000] {processor.py:914} INFO - Processing file /home/airflow/.local/lib/python3.12/site-packages/airflow/example_dags/example_outlet_event_extra.py for tasks to queue
[2025-12-15T19:16:08.588+0000] {logging_mixin.py:190} INFO - [2025-12-15T19:16:08.587+0000] {dagbag.py:588} INFO - Filling up the DagBag from /home/airflow/.local/lib/python3.12/site-packages/airflow/example_dags/example_outlet_event_extra.py
[2025-12-15T19:16:09.660+0000] {processor.py:925} INFO - DAG(s) 'dataset_with_extra_by_context', 'dataset_with_extra_by_yield', 'dataset_with_extra_from_classic_operator' retrieved from /home/airflow/.local/lib/python3.12/site-packages/airflow/example_dags/example_outlet_event_extra.py
[2025-12-15T19:16:09.706+0000] {logging_mixin.py:190} INFO - [2025-12-15T19:16:09.705+0000] {dag.py:3239} INFO - Sync 3 DAGs
[2025-12-15T19:16:09.760+0000] {logging_mixin.py:190} INFO - [2025-12-15T19:16:09.760+0000] {dag.py:4180} INFO - Setting next_dagrun for dataset_with_extra_by_context to 2025-12-14 00:00:00+00:00, run_after=2025-12-15 00:00:00+00:00
[2025-12-15T19:16:09.769+0000] {logging_mixin.py:190} INFO - [2025-12-15T19:16:09.769+0000] {dag.py:4180} INFO - Setting next_dagrun for dataset_with_extra_by_yield to 2025-12-14 00:00:00+00:00, run_after=2025-12-15 00:00:00+00:00
[2025-12-15T19:16:09.774+0000] {logging_mixin.py:190} INFO - [2025-12-15T19:16:09.774+0000] {dag.py:4180} INFO - Setting next_dagrun for dataset_with_extra_from_classic_operator to 2025-12-14 00:00:00+00:00, run_after=2025-12-15 00:00:00+00:00
[2025-12-15T19:16:09.812+0000] {processor.py:208} INFO - Processing /home/airflow/.local/lib/python3.12/site-packages/airflow/example_dags/example_outlet_event_extra.py took 1.241 seconds
[2025-12-15T19:16:40.178+0000] {processor.py:186} INFO - Started process (PID=10309) to work on /home/airflow/.local/lib/python3.12/site-packages/airflow/example_dags/example_outlet_event_extra.py
[2025-12-15T19:16:40.180+0000] {processor.py:914} INFO - Processing file /home/airflow/.local/lib/python3.12/site-packages/airflow/example_dags/example_outlet_event_extra.py for tasks to queue
[2025-12-15T19:16:40.181+0000] {logging_mixin.py:190} INFO - [2025-12-15T19:16:40.181+0000] {dagbag.py:588} INFO - Filling up the DagBag from /home/airflow/.local/lib/python3.12/site-packages/airflow/example_dags/example_outlet_event_extra.py
[2025-12-15T19:16:41.800+0000] {processor.py:925} INFO - DAG(s) 'dataset_with_extra_from_classic_operator', 'dataset_with_extra_by_yield', 'dataset_with_extra_by_context' retrieved from /home/airflow/.local/lib/python3.12/site-packages/airflow/example_dags/example_outlet_event_extra.py
[2025-12-15T19:16:41.912+0000] {logging_mixin.py:190} INFO - [2025-12-15T19:16:41.911+0000] {dag.py:3239} INFO - Sync 3 DAGs
[2025-12-15T19:16:42.025+0000] {logging_mixin.py:190} INFO - [2025-12-15T19:16:42.025+0000] {dag.py:4180} INFO - Setting next_dagrun for dataset_with_extra_by_context to 2025-12-14 00:00:00+00:00, run_after=2025-12-15 00:00:00+00:00
[2025-12-15T19:16:42.038+0000] {logging_mixin.py:190} INFO - [2025-12-15T19:16:42.037+0000] {dag.py:4180} INFO - Setting next_dagrun for dataset_with_extra_by_yield to 2025-12-14 00:00:00+00:00, run_after=2025-12-15 00:00:00+00:00
[2025-12-15T19:16:42.050+0000] {logging_mixin.py:190} INFO - [2025-12-15T19:16:42.050+0000] {dag.py:4180} INFO - Setting next_dagrun for dataset_with_extra_from_classic_operator to 2025-12-14 00:00:00+00:00, run_after=2025-12-15 00:00:00+00:00
[2025-12-15T19:16:42.133+0000] {processor.py:208} INFO - Processing /home/airflow/.local/lib/python3.12/site-packages/airflow/example_dags/example_outlet_event_extra.py took 1.965 seconds
[2025-12-15T19:17:15.108+0000] {processor.py:186} INFO - Started process (PID=10605) to work on /home/airflow/.local/lib/python3.12/site-packages/airflow/example_dags/example_outlet_event_extra.py
[2025-12-15T19:17:15.111+0000] {processor.py:914} INFO - Processing file /home/airflow/.local/lib/python3.12/site-packages/airflow/example_dags/example_outlet_event_extra.py for tasks to queue
[2025-12-15T19:17:15.115+0000] {logging_mixin.py:190} INFO - [2025-12-15T19:17:15.114+0000] {dagbag.py:588} INFO - Filling up the DagBag from /home/airflow/.local/lib/python3.12/site-packages/airflow/example_dags/example_outlet_event_extra.py
[2025-12-15T19:17:19.972+0000] {processor.py:925} INFO - DAG(s) 'dataset_with_extra_by_context', 'dataset_with_extra_by_yield', 'dataset_with_extra_from_classic_operator' retrieved from /home/airflow/.local/lib/python3.12/site-packages/airflow/example_dags/example_outlet_event_extra.py
[2025-12-15T19:17:20.164+0000] {logging_mixin.py:190} INFO - [2025-12-15T19:17:20.163+0000] {dag.py:3239} INFO - Sync 3 DAGs
[2025-12-15T19:17:20.326+0000] {logging_mixin.py:190} INFO - [2025-12-15T19:17:20.325+0000] {dag.py:4180} INFO - Setting next_dagrun for dataset_with_extra_by_context to 2025-12-14 00:00:00+00:00, run_after=2025-12-15 00:00:00+00:00
[2025-12-15T19:17:20.358+0000] {logging_mixin.py:190} INFO - [2025-12-15T19:17:20.357+0000] {dag.py:4180} INFO - Setting next_dagrun for dataset_with_extra_by_yield to 2025-12-14 00:00:00+00:00, run_after=2025-12-15 00:00:00+00:00
[2025-12-15T19:17:20.388+0000] {logging_mixin.py:190} INFO - [2025-12-15T19:17:20.387+0000] {dag.py:4180} INFO - Setting next_dagrun for dataset_with_extra_from_classic_operator to 2025-12-14 00:00:00+00:00, run_after=2025-12-15 00:00:00+00:00
[2025-12-15T19:17:20.522+0000] {processor.py:208} INFO - Processing /home/airflow/.local/lib/python3.12/site-packages/airflow/example_dags/example_outlet_event_extra.py took 5.432 seconds
[2025-12-15T19:17:51.027+0000] {processor.py:186} INFO - Started process (PID=10907) to work on /home/airflow/.local/lib/python3.12/site-packages/airflow/example_dags/example_outlet_event_extra.py
[2025-12-15T19:17:51.033+0000] {processor.py:914} INFO - Processing file /home/airflow/.local/lib/python3.12/site-packages/airflow/example_dags/example_outlet_event_extra.py for tasks to queue
[2025-12-15T19:17:51.039+0000] {logging_mixin.py:190} INFO - [2025-12-15T19:17:51.037+0000] {dagbag.py:588} INFO - Filling up the DagBag from /home/airflow/.local/lib/python3.12/site-packages/airflow/example_dags/example_outlet_event_extra.py
[2025-12-15T19:17:52.732+0000] {processor.py:925} INFO - DAG(s) 'dataset_with_extra_from_classic_operator', 'dataset_with_extra_by_context', 'dataset_with_extra_by_yield' retrieved from /home/airflow/.local/lib/python3.12/site-packages/airflow/example_dags/example_outlet_event_extra.py
[2025-12-15T19:17:52.869+0000] {logging_mixin.py:190} INFO - [2025-12-15T19:17:52.868+0000] {dag.py:3239} INFO - Sync 3 DAGs
[2025-12-15T19:17:52.941+0000] {logging_mixin.py:190} INFO - [2025-12-15T19:17:52.940+0000] {dag.py:4180} INFO - Setting next_dagrun for dataset_with_extra_by_context to 2025-12-14 00:00:00+00:00, run_after=2025-12-15 00:00:00+00:00
[2025-12-15T19:17:52.954+0000] {logging_mixin.py:190} INFO - [2025-12-15T19:17:52.953+0000] {dag.py:4180} INFO - Setting next_dagrun for dataset_with_extra_by_yield to 2025-12-14 00:00:00+00:00, run_after=2025-12-15 00:00:00+00:00
[2025-12-15T19:17:52.959+0000] {logging_mixin.py:190} INFO - [2025-12-15T19:17:52.959+0000] {dag.py:4180} INFO - Setting next_dagrun for dataset_with_extra_from_classic_operator to 2025-12-14 00:00:00+00:00, run_after=2025-12-15 00:00:00+00:00
[2025-12-15T19:17:53.005+0000] {processor.py:208} INFO - Processing /home/airflow/.local/lib/python3.12/site-packages/airflow/example_dags/example_outlet_event_extra.py took 2.008 seconds
[2025-12-15T19:18:23.317+0000] {processor.py:186} INFO - Started process (PID=11201) to work on /home/airflow/.local/lib/python3.12/site-packages/airflow/example_dags/example_outlet_event_extra.py
[2025-12-15T19:18:23.334+0000] {processor.py:914} INFO - Processing file /home/airflow/.local/lib/python3.12/site-packages/airflow/example_dags/example_outlet_event_extra.py for tasks to queue
[2025-12-15T19:18:23.336+0000] {logging_mixin.py:190} INFO - [2025-12-15T19:18:23.335+0000] {dagbag.py:588} INFO - Filling up the DagBag from /home/airflow/.local/lib/python3.12/site-packages/airflow/example_dags/example_outlet_event_extra.py
[2025-12-15T19:18:24.540+0000] {processor.py:925} INFO - DAG(s) 'dataset_with_extra_from_classic_operator', 'dataset_with_extra_by_yield', 'dataset_with_extra_by_context' retrieved from /home/airflow/.local/lib/python3.12/site-packages/airflow/example_dags/example_outlet_event_extra.py
[2025-12-15T19:18:24.604+0000] {logging_mixin.py:190} INFO - [2025-12-15T19:18:24.603+0000] {dag.py:3239} INFO - Sync 3 DAGs
[2025-12-15T19:18:24.793+0000] {logging_mixin.py:190} INFO - [2025-12-15T19:18:24.792+0000] {dag.py:4180} INFO - Setting next_dagrun for dataset_with_extra_by_context to 2025-12-14 00:00:00+00:00, run_after=2025-12-15 00:00:00+00:00
[2025-12-15T19:18:24.815+0000] {logging_mixin.py:190} INFO - [2025-12-15T19:18:24.815+0000] {dag.py:4180} INFO - Setting next_dagrun for dataset_with_extra_by_yield to 2025-12-14 00:00:00+00:00, run_after=2025-12-15 00:00:00+00:00
[2025-12-15T19:18:24.824+0000] {logging_mixin.py:190} INFO - [2025-12-15T19:18:24.823+0000] {dag.py:4180} INFO - Setting next_dagrun for dataset_with_extra_from_classic_operator to 2025-12-14 00:00:00+00:00, run_after=2025-12-15 00:00:00+00:00
[2025-12-15T19:18:24.933+0000] {processor.py:208} INFO - Processing /home/airflow/.local/lib/python3.12/site-packages/airflow/example_dags/example_outlet_event_extra.py took 1.628 seconds
[2025-12-15T19:18:55.211+0000] {processor.py:186} INFO - Started process (PID=11510) to work on /home/airflow/.local/lib/python3.12/site-packages/airflow/example_dags/example_outlet_event_extra.py
[2025-12-15T19:18:55.235+0000] {processor.py:914} INFO - Processing file /home/airflow/.local/lib/python3.12/site-packages/airflow/example_dags/example_outlet_event_extra.py for tasks to queue
[2025-12-15T19:18:55.237+0000] {logging_mixin.py:190} INFO - [2025-12-15T19:18:55.237+0000] {dagbag.py:588} INFO - Filling up the DagBag from /home/airflow/.local/lib/python3.12/site-packages/airflow/example_dags/example_outlet_event_extra.py
[2025-12-15T19:18:56.775+0000] {processor.py:925} INFO - DAG(s) 'dataset_with_extra_by_yield', 'dataset_with_extra_from_classic_operator', 'dataset_with_extra_by_context' retrieved from /home/airflow/.local/lib/python3.12/site-packages/airflow/example_dags/example_outlet_event_extra.py
[2025-12-15T19:18:56.832+0000] {logging_mixin.py:190} INFO - [2025-12-15T19:18:56.832+0000] {dag.py:3239} INFO - Sync 3 DAGs
[2025-12-15T19:18:56.880+0000] {logging_mixin.py:190} INFO - [2025-12-15T19:18:56.880+0000] {dag.py:4180} INFO - Setting next_dagrun for dataset_with_extra_by_context to 2025-12-14 00:00:00+00:00, run_after=2025-12-15 00:00:00+00:00
[2025-12-15T19:18:56.891+0000] {logging_mixin.py:190} INFO - [2025-12-15T19:18:56.891+0000] {dag.py:4180} INFO - Setting next_dagrun for dataset_with_extra_by_yield to 2025-12-14 00:00:00+00:00, run_after=2025-12-15 00:00:00+00:00
[2025-12-15T19:18:56.895+0000] {logging_mixin.py:190} INFO - [2025-12-15T19:18:56.895+0000] {dag.py:4180} INFO - Setting next_dagrun for dataset_with_extra_from_classic_operator to 2025-12-14 00:00:00+00:00, run_after=2025-12-15 00:00:00+00:00
[2025-12-15T19:18:56.938+0000] {processor.py:208} INFO - Processing /home/airflow/.local/lib/python3.12/site-packages/airflow/example_dags/example_outlet_event_extra.py took 1.743 seconds
