[2025-12-15T18:56:11.503+0000] {processor.py:186} INFO - Started process (PID=360) to work on /home/airflow/.local/lib/python3.12/site-packages/airflow/example_dags/example_dag_decorator.py
[2025-12-15T18:56:11.505+0000] {processor.py:914} INFO - Processing file /home/airflow/.local/lib/python3.12/site-packages/airflow/example_dags/example_dag_decorator.py for tasks to queue
[2025-12-15T18:56:11.513+0000] {logging_mixin.py:190} INFO - [2025-12-15T18:56:11.511+0000] {dagbag.py:588} INFO - Filling up the DagBag from /home/airflow/.local/lib/python3.12/site-packages/airflow/example_dags/example_dag_decorator.py
[2025-12-15T18:56:11.588+0000] {processor.py:925} INFO - DAG(s) 'example_dag_decorator' retrieved from /home/airflow/.local/lib/python3.12/site-packages/airflow/example_dags/example_dag_decorator.py
[2025-12-15T18:56:12.129+0000] {logging_mixin.py:190} INFO - [2025-12-15T18:56:12.120+0000] {override.py:1911} INFO - Created Permission View: can read on DAG:example_dag_decorator
[2025-12-15T18:56:12.194+0000] {logging_mixin.py:190} INFO - [2025-12-15T18:56:12.193+0000] {override.py:1911} INFO - Created Permission View: can edit on DAG:example_dag_decorator
[2025-12-15T18:56:12.236+0000] {logging_mixin.py:190} INFO - [2025-12-15T18:56:12.235+0000] {override.py:1911} INFO - Created Permission View: can delete on DAG:example_dag_decorator
[2025-12-15T18:56:12.276+0000] {logging_mixin.py:190} INFO - [2025-12-15T18:56:12.275+0000] {override.py:1911} INFO - Created Permission View: can read on DAG Run:example_dag_decorator
[2025-12-15T18:56:12.315+0000] {logging_mixin.py:190} INFO - [2025-12-15T18:56:12.314+0000] {override.py:1911} INFO - Created Permission View: menu access on DAG Run:example_dag_decorator
[2025-12-15T18:56:12.400+0000] {logging_mixin.py:190} INFO - [2025-12-15T18:56:12.399+0000] {override.py:1911} INFO - Created Permission View: can create on DAG Run:example_dag_decorator
[2025-12-15T18:56:12.501+0000] {logging_mixin.py:190} INFO - [2025-12-15T18:56:12.500+0000] {override.py:1911} INFO - Created Permission View: can delete on DAG Run:example_dag_decorator
[2025-12-15T18:56:12.503+0000] {logging_mixin.py:190} INFO - [2025-12-15T18:56:12.502+0000] {dag.py:3239} INFO - Sync 1 DAGs
[2025-12-15T18:56:12.745+0000] {logging_mixin.py:190} INFO - [2025-12-15T18:56:12.744+0000] {dag.py:3262} INFO - Creating ORM DAG for example_dag_decorator
[2025-12-15T18:56:12.757+0000] {logging_mixin.py:190} INFO - [2025-12-15T18:56:12.757+0000] {dag.py:4180} INFO - Setting next_dagrun for example_dag_decorator to None, run_after=None
[2025-12-15T18:56:12.933+0000] {processor.py:208} INFO - Processing /home/airflow/.local/lib/python3.12/site-packages/airflow/example_dags/example_dag_decorator.py took 1.457 seconds
[2025-12-15T18:56:55.907+0000] {processor.py:186} INFO - Started process (PID=654) to work on /home/airflow/.local/lib/python3.12/site-packages/airflow/example_dags/example_dag_decorator.py
[2025-12-15T18:56:55.915+0000] {processor.py:914} INFO - Processing file /home/airflow/.local/lib/python3.12/site-packages/airflow/example_dags/example_dag_decorator.py for tasks to queue
[2025-12-15T18:56:55.921+0000] {logging_mixin.py:190} INFO - [2025-12-15T18:56:55.920+0000] {dagbag.py:588} INFO - Filling up the DagBag from /home/airflow/.local/lib/python3.12/site-packages/airflow/example_dags/example_dag_decorator.py
[2025-12-15T18:56:55.950+0000] {processor.py:925} INFO - DAG(s) 'example_dag_decorator' retrieved from /home/airflow/.local/lib/python3.12/site-packages/airflow/example_dags/example_dag_decorator.py
[2025-12-15T18:56:56.264+0000] {logging_mixin.py:190} INFO - [2025-12-15T18:56:56.264+0000] {dag.py:3239} INFO - Sync 1 DAGs
[2025-12-15T18:56:56.296+0000] {logging_mixin.py:190} INFO - [2025-12-15T18:56:56.296+0000] {dag.py:4180} INFO - Setting next_dagrun for example_dag_decorator to None, run_after=None
[2025-12-15T18:56:56.338+0000] {processor.py:208} INFO - Processing /home/airflow/.local/lib/python3.12/site-packages/airflow/example_dags/example_dag_decorator.py took 0.448 seconds
[2025-12-15T18:57:31.934+0000] {processor.py:186} INFO - Started process (PID=958) to work on /home/airflow/.local/lib/python3.12/site-packages/airflow/example_dags/example_dag_decorator.py
[2025-12-15T18:57:31.935+0000] {processor.py:914} INFO - Processing file /home/airflow/.local/lib/python3.12/site-packages/airflow/example_dags/example_dag_decorator.py for tasks to queue
[2025-12-15T18:57:31.940+0000] {logging_mixin.py:190} INFO - [2025-12-15T18:57:31.939+0000] {dagbag.py:588} INFO - Filling up the DagBag from /home/airflow/.local/lib/python3.12/site-packages/airflow/example_dags/example_dag_decorator.py
[2025-12-15T18:57:31.963+0000] {processor.py:925} INFO - DAG(s) 'example_dag_decorator' retrieved from /home/airflow/.local/lib/python3.12/site-packages/airflow/example_dags/example_dag_decorator.py
[2025-12-15T18:57:32.165+0000] {logging_mixin.py:190} INFO - [2025-12-15T18:57:32.165+0000] {dag.py:3239} INFO - Sync 1 DAGs
[2025-12-15T18:57:32.184+0000] {logging_mixin.py:190} INFO - [2025-12-15T18:57:32.183+0000] {dag.py:4180} INFO - Setting next_dagrun for example_dag_decorator to None, run_after=None
[2025-12-15T18:57:32.215+0000] {processor.py:208} INFO - Processing /home/airflow/.local/lib/python3.12/site-packages/airflow/example_dags/example_dag_decorator.py took 0.292 seconds
[2025-12-15T18:58:05.243+0000] {processor.py:186} INFO - Started process (PID=1251) to work on /home/airflow/.local/lib/python3.12/site-packages/airflow/example_dags/example_dag_decorator.py
[2025-12-15T18:58:05.246+0000] {processor.py:914} INFO - Processing file /home/airflow/.local/lib/python3.12/site-packages/airflow/example_dags/example_dag_decorator.py for tasks to queue
[2025-12-15T18:58:05.254+0000] {logging_mixin.py:190} INFO - [2025-12-15T18:58:05.252+0000] {dagbag.py:588} INFO - Filling up the DagBag from /home/airflow/.local/lib/python3.12/site-packages/airflow/example_dags/example_dag_decorator.py
[2025-12-15T18:58:05.345+0000] {processor.py:925} INFO - DAG(s) 'example_dag_decorator' retrieved from /home/airflow/.local/lib/python3.12/site-packages/airflow/example_dags/example_dag_decorator.py
[2025-12-15T18:58:06.546+0000] {logging_mixin.py:190} INFO - [2025-12-15T18:58:06.546+0000] {dag.py:3239} INFO - Sync 1 DAGs
[2025-12-15T18:58:06.694+0000] {logging_mixin.py:190} INFO - [2025-12-15T18:58:06.694+0000] {dag.py:4180} INFO - Setting next_dagrun for example_dag_decorator to None, run_after=None
[2025-12-15T18:58:06.893+0000] {processor.py:208} INFO - Processing /home/airflow/.local/lib/python3.12/site-packages/airflow/example_dags/example_dag_decorator.py took 1.663 seconds
[2025-12-15T18:58:38.087+0000] {processor.py:186} INFO - Started process (PID=1547) to work on /home/airflow/.local/lib/python3.12/site-packages/airflow/example_dags/example_dag_decorator.py
[2025-12-15T18:58:38.113+0000] {processor.py:914} INFO - Processing file /home/airflow/.local/lib/python3.12/site-packages/airflow/example_dags/example_dag_decorator.py for tasks to queue
[2025-12-15T18:58:38.130+0000] {logging_mixin.py:190} INFO - [2025-12-15T18:58:38.129+0000] {dagbag.py:588} INFO - Filling up the DagBag from /home/airflow/.local/lib/python3.12/site-packages/airflow/example_dags/example_dag_decorator.py
[2025-12-15T18:58:38.233+0000] {processor.py:925} INFO - DAG(s) 'example_dag_decorator' retrieved from /home/airflow/.local/lib/python3.12/site-packages/airflow/example_dags/example_dag_decorator.py
[2025-12-15T18:58:39.289+0000] {logging_mixin.py:190} INFO - [2025-12-15T18:58:39.288+0000] {dag.py:3239} INFO - Sync 1 DAGs
[2025-12-15T18:58:39.378+0000] {logging_mixin.py:190} INFO - [2025-12-15T18:58:39.378+0000] {dag.py:4180} INFO - Setting next_dagrun for example_dag_decorator to None, run_after=None
[2025-12-15T18:58:39.510+0000] {processor.py:208} INFO - Processing /home/airflow/.local/lib/python3.12/site-packages/airflow/example_dags/example_dag_decorator.py took 1.482 seconds
[2025-12-15T18:59:10.180+0000] {processor.py:186} INFO - Started process (PID=1833) to work on /home/airflow/.local/lib/python3.12/site-packages/airflow/example_dags/example_dag_decorator.py
[2025-12-15T18:59:10.189+0000] {processor.py:914} INFO - Processing file /home/airflow/.local/lib/python3.12/site-packages/airflow/example_dags/example_dag_decorator.py for tasks to queue
[2025-12-15T18:59:10.237+0000] {logging_mixin.py:190} INFO - [2025-12-15T18:59:10.232+0000] {dagbag.py:588} INFO - Filling up the DagBag from /home/airflow/.local/lib/python3.12/site-packages/airflow/example_dags/example_dag_decorator.py
[2025-12-15T18:59:10.336+0000] {processor.py:925} INFO - DAG(s) 'example_dag_decorator' retrieved from /home/airflow/.local/lib/python3.12/site-packages/airflow/example_dags/example_dag_decorator.py
[2025-12-15T18:59:11.977+0000] {logging_mixin.py:190} INFO - [2025-12-15T18:59:11.976+0000] {dag.py:3239} INFO - Sync 1 DAGs
[2025-12-15T18:59:12.492+0000] {logging_mixin.py:190} INFO - [2025-12-15T18:59:12.491+0000] {dag.py:4180} INFO - Setting next_dagrun for example_dag_decorator to None, run_after=None
[2025-12-15T18:59:12.727+0000] {processor.py:208} INFO - Processing /home/airflow/.local/lib/python3.12/site-packages/airflow/example_dags/example_dag_decorator.py took 2.599 seconds
[2025-12-15T19:01:48.129+0000] {processor.py:186} INFO - Started process (PID=2269) to work on /home/airflow/.local/lib/python3.12/site-packages/airflow/example_dags/example_dag_decorator.py
[2025-12-15T19:01:48.132+0000] {processor.py:914} INFO - Processing file /home/airflow/.local/lib/python3.12/site-packages/airflow/example_dags/example_dag_decorator.py for tasks to queue
[2025-12-15T19:01:48.139+0000] {logging_mixin.py:190} INFO - [2025-12-15T19:01:48.138+0000] {dagbag.py:588} INFO - Filling up the DagBag from /home/airflow/.local/lib/python3.12/site-packages/airflow/example_dags/example_dag_decorator.py
[2025-12-15T19:01:48.187+0000] {processor.py:925} INFO - DAG(s) 'example_dag_decorator' retrieved from /home/airflow/.local/lib/python3.12/site-packages/airflow/example_dags/example_dag_decorator.py
[2025-12-15T19:01:48.893+0000] {logging_mixin.py:190} INFO - [2025-12-15T19:01:48.893+0000] {dag.py:3239} INFO - Sync 1 DAGs
[2025-12-15T19:01:48.942+0000] {logging_mixin.py:190} INFO - [2025-12-15T19:01:48.941+0000] {dag.py:4180} INFO - Setting next_dagrun for example_dag_decorator to None, run_after=None
[2025-12-15T19:01:49.017+0000] {processor.py:208} INFO - Processing /home/airflow/.local/lib/python3.12/site-packages/airflow/example_dags/example_dag_decorator.py took 0.909 seconds
[2025-12-15T19:02:20.019+0000] {processor.py:186} INFO - Started process (PID=2560) to work on /home/airflow/.local/lib/python3.12/site-packages/airflow/example_dags/example_dag_decorator.py
[2025-12-15T19:02:20.022+0000] {processor.py:914} INFO - Processing file /home/airflow/.local/lib/python3.12/site-packages/airflow/example_dags/example_dag_decorator.py for tasks to queue
[2025-12-15T19:02:20.031+0000] {logging_mixin.py:190} INFO - [2025-12-15T19:02:20.031+0000] {dagbag.py:588} INFO - Filling up the DagBag from /home/airflow/.local/lib/python3.12/site-packages/airflow/example_dags/example_dag_decorator.py
[2025-12-15T19:02:20.065+0000] {processor.py:925} INFO - DAG(s) 'example_dag_decorator' retrieved from /home/airflow/.local/lib/python3.12/site-packages/airflow/example_dags/example_dag_decorator.py
[2025-12-15T19:00:34.997+0000] {logging_mixin.py:190} INFO - [2025-12-15T19:00:34.996+0000] {dag.py:3239} INFO - Sync 1 DAGs
[2025-12-15T19:00:35.039+0000] {logging_mixin.py:190} INFO - [2025-12-15T19:00:35.038+0000] {dag.py:4180} INFO - Setting next_dagrun for example_dag_decorator to None, run_after=None
[2025-12-15T19:00:35.101+0000] {processor.py:208} INFO - Processing /home/airflow/.local/lib/python3.12/site-packages/airflow/example_dags/example_dag_decorator.py took 0.218 seconds
[2025-12-15T19:02:22.257+0000] {processor.py:186} INFO - Started process (PID=2570) to work on /home/airflow/.local/lib/python3.12/site-packages/airflow/example_dags/example_dag_decorator.py
[2025-12-15T19:02:22.258+0000] {processor.py:914} INFO - Processing file /home/airflow/.local/lib/python3.12/site-packages/airflow/example_dags/example_dag_decorator.py for tasks to queue
[2025-12-15T19:02:22.265+0000] {logging_mixin.py:190} INFO - [2025-12-15T19:02:22.264+0000] {dagbag.py:588} INFO - Filling up the DagBag from /home/airflow/.local/lib/python3.12/site-packages/airflow/example_dags/example_dag_decorator.py
[2025-12-15T19:02:22.289+0000] {processor.py:925} INFO - DAG(s) 'example_dag_decorator' retrieved from /home/airflow/.local/lib/python3.12/site-packages/airflow/example_dags/example_dag_decorator.py
[2025-12-15T19:02:22.553+0000] {logging_mixin.py:190} INFO - [2025-12-15T19:02:22.552+0000] {dag.py:3239} INFO - Sync 1 DAGs
[2025-12-15T19:02:22.580+0000] {logging_mixin.py:190} INFO - [2025-12-15T19:02:22.579+0000] {dag.py:4180} INFO - Setting next_dagrun for example_dag_decorator to None, run_after=None
[2025-12-15T19:02:22.615+0000] {processor.py:208} INFO - Processing /home/airflow/.local/lib/python3.12/site-packages/airflow/example_dags/example_dag_decorator.py took 0.369 seconds
[2025-12-15T19:02:55.263+0000] {processor.py:186} INFO - Started process (PID=2861) to work on /home/airflow/.local/lib/python3.12/site-packages/airflow/example_dags/example_dag_decorator.py
[2025-12-15T19:02:55.266+0000] {processor.py:914} INFO - Processing file /home/airflow/.local/lib/python3.12/site-packages/airflow/example_dags/example_dag_decorator.py for tasks to queue
[2025-12-15T19:02:55.275+0000] {logging_mixin.py:190} INFO - [2025-12-15T19:02:55.274+0000] {dagbag.py:588} INFO - Filling up the DagBag from /home/airflow/.local/lib/python3.12/site-packages/airflow/example_dags/example_dag_decorator.py
[2025-12-15T19:02:55.313+0000] {processor.py:925} INFO - DAG(s) 'example_dag_decorator' retrieved from /home/airflow/.local/lib/python3.12/site-packages/airflow/example_dags/example_dag_decorator.py
[2025-12-15T19:02:55.695+0000] {logging_mixin.py:190} INFO - [2025-12-15T19:02:55.695+0000] {dag.py:3239} INFO - Sync 1 DAGs
[2025-12-15T19:02:55.734+0000] {logging_mixin.py:190} INFO - [2025-12-15T19:02:55.733+0000] {dag.py:4180} INFO - Setting next_dagrun for example_dag_decorator to None, run_after=None
[2025-12-15T19:02:55.794+0000] {processor.py:208} INFO - Processing /home/airflow/.local/lib/python3.12/site-packages/airflow/example_dags/example_dag_decorator.py took 0.549 seconds
[2025-12-15T19:03:30.018+0000] {processor.py:186} INFO - Started process (PID=3158) to work on /home/airflow/.local/lib/python3.12/site-packages/airflow/example_dags/example_dag_decorator.py
[2025-12-15T19:03:30.020+0000] {processor.py:914} INFO - Processing file /home/airflow/.local/lib/python3.12/site-packages/airflow/example_dags/example_dag_decorator.py for tasks to queue
[2025-12-15T19:03:30.026+0000] {logging_mixin.py:190} INFO - [2025-12-15T19:03:30.026+0000] {dagbag.py:588} INFO - Filling up the DagBag from /home/airflow/.local/lib/python3.12/site-packages/airflow/example_dags/example_dag_decorator.py
[2025-12-15T19:03:30.051+0000] {processor.py:925} INFO - DAG(s) 'example_dag_decorator' retrieved from /home/airflow/.local/lib/python3.12/site-packages/airflow/example_dags/example_dag_decorator.py
[2025-12-15T19:03:30.282+0000] {logging_mixin.py:190} INFO - [2025-12-15T19:03:30.282+0000] {dag.py:3239} INFO - Sync 1 DAGs
[2025-12-15T19:03:30.307+0000] {logging_mixin.py:190} INFO - [2025-12-15T19:03:30.307+0000] {dag.py:4180} INFO - Setting next_dagrun for example_dag_decorator to None, run_after=None
[2025-12-15T19:03:30.343+0000] {processor.py:208} INFO - Processing /home/airflow/.local/lib/python3.12/site-packages/airflow/example_dags/example_dag_decorator.py took 0.336 seconds
[2025-12-15T19:04:06.346+0000] {processor.py:186} INFO - Started process (PID=3454) to work on /home/airflow/.local/lib/python3.12/site-packages/airflow/example_dags/example_dag_decorator.py
[2025-12-15T19:04:06.355+0000] {processor.py:914} INFO - Processing file /home/airflow/.local/lib/python3.12/site-packages/airflow/example_dags/example_dag_decorator.py for tasks to queue
[2025-12-15T19:04:06.359+0000] {logging_mixin.py:190} INFO - [2025-12-15T19:04:06.358+0000] {dagbag.py:588} INFO - Filling up the DagBag from /home/airflow/.local/lib/python3.12/site-packages/airflow/example_dags/example_dag_decorator.py
[2025-12-15T19:04:06.386+0000] {processor.py:925} INFO - DAG(s) 'example_dag_decorator' retrieved from /home/airflow/.local/lib/python3.12/site-packages/airflow/example_dags/example_dag_decorator.py
[2025-12-15T19:04:06.638+0000] {logging_mixin.py:190} INFO - [2025-12-15T19:04:06.637+0000] {dag.py:3239} INFO - Sync 1 DAGs
[2025-12-15T19:04:06.666+0000] {logging_mixin.py:190} INFO - [2025-12-15T19:04:06.665+0000] {dag.py:4180} INFO - Setting next_dagrun for example_dag_decorator to None, run_after=None
[2025-12-15T19:04:06.704+0000] {processor.py:208} INFO - Processing /home/airflow/.local/lib/python3.12/site-packages/airflow/example_dags/example_dag_decorator.py took 0.375 seconds
[2025-12-15T19:04:37.700+0000] {processor.py:186} INFO - Started process (PID=3745) to work on /home/airflow/.local/lib/python3.12/site-packages/airflow/example_dags/example_dag_decorator.py
[2025-12-15T19:04:37.702+0000] {processor.py:914} INFO - Processing file /home/airflow/.local/lib/python3.12/site-packages/airflow/example_dags/example_dag_decorator.py for tasks to queue
[2025-12-15T19:04:37.707+0000] {logging_mixin.py:190} INFO - [2025-12-15T19:04:37.706+0000] {dagbag.py:588} INFO - Filling up the DagBag from /home/airflow/.local/lib/python3.12/site-packages/airflow/example_dags/example_dag_decorator.py
[2025-12-15T19:04:37.739+0000] {processor.py:925} INFO - DAG(s) 'example_dag_decorator' retrieved from /home/airflow/.local/lib/python3.12/site-packages/airflow/example_dags/example_dag_decorator.py
[2025-12-15T19:04:37.810+0000] {logging_mixin.py:190} INFO - [2025-12-15T19:04:37.809+0000] {dag.py:3239} INFO - Sync 1 DAGs
[2025-12-15T19:04:37.857+0000] {logging_mixin.py:190} INFO - [2025-12-15T19:04:37.856+0000] {dag.py:4180} INFO - Setting next_dagrun for example_dag_decorator to None, run_after=None
[2025-12-15T19:04:37.906+0000] {processor.py:208} INFO - Processing /home/airflow/.local/lib/python3.12/site-packages/airflow/example_dags/example_dag_decorator.py took 0.221 seconds
[2025-12-15T19:05:09.446+0000] {processor.py:186} INFO - Started process (PID=4038) to work on /home/airflow/.local/lib/python3.12/site-packages/airflow/example_dags/example_dag_decorator.py
[2025-12-15T19:05:09.447+0000] {processor.py:914} INFO - Processing file /home/airflow/.local/lib/python3.12/site-packages/airflow/example_dags/example_dag_decorator.py for tasks to queue
[2025-12-15T19:05:09.450+0000] {logging_mixin.py:190} INFO - [2025-12-15T19:05:09.450+0000] {dagbag.py:588} INFO - Filling up the DagBag from /home/airflow/.local/lib/python3.12/site-packages/airflow/example_dags/example_dag_decorator.py
[2025-12-15T19:05:09.466+0000] {processor.py:925} INFO - DAG(s) 'example_dag_decorator' retrieved from /home/airflow/.local/lib/python3.12/site-packages/airflow/example_dags/example_dag_decorator.py
[2025-12-15T19:05:09.630+0000] {logging_mixin.py:190} INFO - [2025-12-15T19:05:09.628+0000] {dag.py:3239} INFO - Sync 1 DAGs
[2025-12-15T19:05:09.652+0000] {logging_mixin.py:190} INFO - [2025-12-15T19:05:09.652+0000] {dag.py:4180} INFO - Setting next_dagrun for example_dag_decorator to None, run_after=None
[2025-12-15T19:05:09.678+0000] {processor.py:208} INFO - Processing /home/airflow/.local/lib/python3.12/site-packages/airflow/example_dags/example_dag_decorator.py took 0.241 seconds
[2025-12-15T19:05:41.353+0000] {processor.py:186} INFO - Started process (PID=4329) to work on /home/airflow/.local/lib/python3.12/site-packages/airflow/example_dags/example_dag_decorator.py
[2025-12-15T19:05:41.355+0000] {processor.py:914} INFO - Processing file /home/airflow/.local/lib/python3.12/site-packages/airflow/example_dags/example_dag_decorator.py for tasks to queue
[2025-12-15T19:05:41.358+0000] {logging_mixin.py:190} INFO - [2025-12-15T19:05:41.357+0000] {dagbag.py:588} INFO - Filling up the DagBag from /home/airflow/.local/lib/python3.12/site-packages/airflow/example_dags/example_dag_decorator.py
[2025-12-15T19:05:41.375+0000] {processor.py:925} INFO - DAG(s) 'example_dag_decorator' retrieved from /home/airflow/.local/lib/python3.12/site-packages/airflow/example_dags/example_dag_decorator.py
[2025-12-15T19:05:41.555+0000] {logging_mixin.py:190} INFO - [2025-12-15T19:05:41.555+0000] {dag.py:3239} INFO - Sync 1 DAGs
[2025-12-15T19:05:41.570+0000] {logging_mixin.py:190} INFO - [2025-12-15T19:05:41.570+0000] {dag.py:4180} INFO - Setting next_dagrun for example_dag_decorator to None, run_after=None
[2025-12-15T19:05:41.598+0000] {processor.py:208} INFO - Processing /home/airflow/.local/lib/python3.12/site-packages/airflow/example_dags/example_dag_decorator.py took 0.253 seconds
[2025-12-15T19:06:13.089+0000] {processor.py:186} INFO - Started process (PID=4618) to work on /home/airflow/.local/lib/python3.12/site-packages/airflow/example_dags/example_dag_decorator.py
[2025-12-15T19:06:13.093+0000] {processor.py:914} INFO - Processing file /home/airflow/.local/lib/python3.12/site-packages/airflow/example_dags/example_dag_decorator.py for tasks to queue
[2025-12-15T19:06:13.098+0000] {logging_mixin.py:190} INFO - [2025-12-15T19:06:13.097+0000] {dagbag.py:588} INFO - Filling up the DagBag from /home/airflow/.local/lib/python3.12/site-packages/airflow/example_dags/example_dag_decorator.py
[2025-12-15T19:06:13.127+0000] {processor.py:925} INFO - DAG(s) 'example_dag_decorator' retrieved from /home/airflow/.local/lib/python3.12/site-packages/airflow/example_dags/example_dag_decorator.py
[2025-12-15T19:06:13.402+0000] {logging_mixin.py:190} INFO - [2025-12-15T19:06:13.401+0000] {dag.py:3239} INFO - Sync 1 DAGs
[2025-12-15T19:06:13.432+0000] {logging_mixin.py:190} INFO - [2025-12-15T19:06:13.431+0000] {dag.py:4180} INFO - Setting next_dagrun for example_dag_decorator to None, run_after=None
[2025-12-15T19:06:13.474+0000] {processor.py:208} INFO - Processing /home/airflow/.local/lib/python3.12/site-packages/airflow/example_dags/example_dag_decorator.py took 0.396 seconds
[2025-12-15T19:06:44.702+0000] {processor.py:186} INFO - Started process (PID=4909) to work on /home/airflow/.local/lib/python3.12/site-packages/airflow/example_dags/example_dag_decorator.py
[2025-12-15T19:06:44.705+0000] {processor.py:914} INFO - Processing file /home/airflow/.local/lib/python3.12/site-packages/airflow/example_dags/example_dag_decorator.py for tasks to queue
[2025-12-15T19:06:44.710+0000] {logging_mixin.py:190} INFO - [2025-12-15T19:06:44.709+0000] {dagbag.py:588} INFO - Filling up the DagBag from /home/airflow/.local/lib/python3.12/site-packages/airflow/example_dags/example_dag_decorator.py
[2025-12-15T19:06:44.734+0000] {processor.py:925} INFO - DAG(s) 'example_dag_decorator' retrieved from /home/airflow/.local/lib/python3.12/site-packages/airflow/example_dags/example_dag_decorator.py
[2025-12-15T19:06:45.327+0000] {logging_mixin.py:190} INFO - [2025-12-15T19:06:45.326+0000] {dag.py:3239} INFO - Sync 1 DAGs
[2025-12-15T19:06:45.410+0000] {logging_mixin.py:190} INFO - [2025-12-15T19:06:45.409+0000] {dag.py:4180} INFO - Setting next_dagrun for example_dag_decorator to None, run_after=None
[2025-12-15T19:06:45.538+0000] {processor.py:208} INFO - Processing /home/airflow/.local/lib/python3.12/site-packages/airflow/example_dags/example_dag_decorator.py took 0.850 seconds
[2025-12-15T19:07:27.135+0000] {processor.py:186} INFO - Started process (PID=5290) to work on /home/airflow/.local/lib/python3.12/site-packages/airflow/example_dags/example_dag_decorator.py
[2025-12-15T19:07:27.137+0000] {processor.py:914} INFO - Processing file /home/airflow/.local/lib/python3.12/site-packages/airflow/example_dags/example_dag_decorator.py for tasks to queue
[2025-12-15T19:07:27.143+0000] {logging_mixin.py:190} INFO - [2025-12-15T19:07:27.141+0000] {dagbag.py:588} INFO - Filling up the DagBag from /home/airflow/.local/lib/python3.12/site-packages/airflow/example_dags/example_dag_decorator.py
[2025-12-15T19:07:27.174+0000] {processor.py:925} INFO - DAG(s) 'example_dag_decorator' retrieved from /home/airflow/.local/lib/python3.12/site-packages/airflow/example_dags/example_dag_decorator.py
[2025-12-15T19:07:27.222+0000] {logging_mixin.py:190} INFO - [2025-12-15T19:07:27.222+0000] {dag.py:3239} INFO - Sync 1 DAGs
[2025-12-15T19:07:27.267+0000] {logging_mixin.py:190} INFO - [2025-12-15T19:07:27.265+0000] {dag.py:4180} INFO - Setting next_dagrun for example_dag_decorator to None, run_after=None
[2025-12-15T19:07:27.328+0000] {processor.py:208} INFO - Processing /home/airflow/.local/lib/python3.12/site-packages/airflow/example_dags/example_dag_decorator.py took 0.207 seconds
[2025-12-15T19:07:57.983+0000] {processor.py:186} INFO - Started process (PID=5581) to work on /home/airflow/.local/lib/python3.12/site-packages/airflow/example_dags/example_dag_decorator.py
[2025-12-15T19:07:57.986+0000] {processor.py:914} INFO - Processing file /home/airflow/.local/lib/python3.12/site-packages/airflow/example_dags/example_dag_decorator.py for tasks to queue
[2025-12-15T19:07:57.990+0000] {logging_mixin.py:190} INFO - [2025-12-15T19:07:57.989+0000] {dagbag.py:588} INFO - Filling up the DagBag from /home/airflow/.local/lib/python3.12/site-packages/airflow/example_dags/example_dag_decorator.py
[2025-12-15T19:07:58.010+0000] {processor.py:925} INFO - DAG(s) 'example_dag_decorator' retrieved from /home/airflow/.local/lib/python3.12/site-packages/airflow/example_dags/example_dag_decorator.py
[2025-12-15T19:07:58.200+0000] {logging_mixin.py:190} INFO - [2025-12-15T19:07:58.200+0000] {dag.py:3239} INFO - Sync 1 DAGs
[2025-12-15T19:07:58.217+0000] {logging_mixin.py:190} INFO - [2025-12-15T19:07:58.217+0000] {dag.py:4180} INFO - Setting next_dagrun for example_dag_decorator to None, run_after=None
[2025-12-15T19:07:58.370+0000] {processor.py:208} INFO - Processing /home/airflow/.local/lib/python3.12/site-packages/airflow/example_dags/example_dag_decorator.py took 0.397 seconds
[2025-12-15T19:08:30.234+0000] {processor.py:186} INFO - Started process (PID=5874) to work on /home/airflow/.local/lib/python3.12/site-packages/airflow/example_dags/example_dag_decorator.py
[2025-12-15T19:08:30.236+0000] {processor.py:914} INFO - Processing file /home/airflow/.local/lib/python3.12/site-packages/airflow/example_dags/example_dag_decorator.py for tasks to queue
[2025-12-15T19:08:30.241+0000] {logging_mixin.py:190} INFO - [2025-12-15T19:08:30.241+0000] {dagbag.py:588} INFO - Filling up the DagBag from /home/airflow/.local/lib/python3.12/site-packages/airflow/example_dags/example_dag_decorator.py
[2025-12-15T19:08:30.265+0000] {processor.py:925} INFO - DAG(s) 'example_dag_decorator' retrieved from /home/airflow/.local/lib/python3.12/site-packages/airflow/example_dags/example_dag_decorator.py
[2025-12-15T19:08:30.540+0000] {logging_mixin.py:190} INFO - [2025-12-15T19:08:30.539+0000] {dag.py:3239} INFO - Sync 1 DAGs
[2025-12-15T19:08:30.572+0000] {logging_mixin.py:190} INFO - [2025-12-15T19:08:30.571+0000] {dag.py:4180} INFO - Setting next_dagrun for example_dag_decorator to None, run_after=None
[2025-12-15T19:08:30.625+0000] {processor.py:208} INFO - Processing /home/airflow/.local/lib/python3.12/site-packages/airflow/example_dags/example_dag_decorator.py took 0.402 seconds
[2025-12-15T19:09:00.727+0000] {processor.py:186} INFO - Started process (PID=6170) to work on /home/airflow/.local/lib/python3.12/site-packages/airflow/example_dags/example_dag_decorator.py
[2025-12-15T19:09:00.730+0000] {processor.py:914} INFO - Processing file /home/airflow/.local/lib/python3.12/site-packages/airflow/example_dags/example_dag_decorator.py for tasks to queue
[2025-12-15T19:09:00.736+0000] {logging_mixin.py:190} INFO - [2025-12-15T19:09:00.736+0000] {dagbag.py:588} INFO - Filling up the DagBag from /home/airflow/.local/lib/python3.12/site-packages/airflow/example_dags/example_dag_decorator.py
[2025-12-15T19:09:00.760+0000] {processor.py:925} INFO - DAG(s) 'example_dag_decorator' retrieved from /home/airflow/.local/lib/python3.12/site-packages/airflow/example_dags/example_dag_decorator.py
[2025-12-15T19:09:01.058+0000] {logging_mixin.py:190} INFO - [2025-12-15T19:09:01.057+0000] {dag.py:3239} INFO - Sync 1 DAGs
[2025-12-15T19:09:01.099+0000] {logging_mixin.py:190} INFO - [2025-12-15T19:09:01.099+0000] {dag.py:4180} INFO - Setting next_dagrun for example_dag_decorator to None, run_after=None
[2025-12-15T19:09:01.162+0000] {processor.py:208} INFO - Processing /home/airflow/.local/lib/python3.12/site-packages/airflow/example_dags/example_dag_decorator.py took 0.447 seconds
[2025-12-15T19:09:32.353+0000] {processor.py:186} INFO - Started process (PID=6454) to work on /home/airflow/.local/lib/python3.12/site-packages/airflow/example_dags/example_dag_decorator.py
[2025-12-15T19:09:32.355+0000] {processor.py:914} INFO - Processing file /home/airflow/.local/lib/python3.12/site-packages/airflow/example_dags/example_dag_decorator.py for tasks to queue
[2025-12-15T19:09:32.367+0000] {logging_mixin.py:190} INFO - [2025-12-15T19:09:32.365+0000] {dagbag.py:588} INFO - Filling up the DagBag from /home/airflow/.local/lib/python3.12/site-packages/airflow/example_dags/example_dag_decorator.py
[2025-12-15T19:09:32.451+0000] {processor.py:925} INFO - DAG(s) 'example_dag_decorator' retrieved from /home/airflow/.local/lib/python3.12/site-packages/airflow/example_dags/example_dag_decorator.py
[2025-12-15T19:09:33.130+0000] {logging_mixin.py:190} INFO - [2025-12-15T19:09:33.129+0000] {dag.py:3239} INFO - Sync 1 DAGs
[2025-12-15T19:09:33.208+0000] {logging_mixin.py:190} INFO - [2025-12-15T19:09:33.207+0000] {dag.py:4180} INFO - Setting next_dagrun for example_dag_decorator to None, run_after=None
[2025-12-15T19:09:33.315+0000] {processor.py:208} INFO - Processing /home/airflow/.local/lib/python3.12/site-packages/airflow/example_dags/example_dag_decorator.py took 0.997 seconds
[2025-12-15T19:10:04.004+0000] {processor.py:186} INFO - Started process (PID=6747) to work on /home/airflow/.local/lib/python3.12/site-packages/airflow/example_dags/example_dag_decorator.py
[2025-12-15T19:10:04.026+0000] {processor.py:914} INFO - Processing file /home/airflow/.local/lib/python3.12/site-packages/airflow/example_dags/example_dag_decorator.py for tasks to queue
[2025-12-15T19:10:04.031+0000] {logging_mixin.py:190} INFO - [2025-12-15T19:10:04.030+0000] {dagbag.py:588} INFO - Filling up the DagBag from /home/airflow/.local/lib/python3.12/site-packages/airflow/example_dags/example_dag_decorator.py
[2025-12-15T19:10:04.050+0000] {processor.py:925} INFO - DAG(s) 'example_dag_decorator' retrieved from /home/airflow/.local/lib/python3.12/site-packages/airflow/example_dags/example_dag_decorator.py
[2025-12-15T19:10:04.233+0000] {logging_mixin.py:190} INFO - [2025-12-15T19:10:04.233+0000] {dag.py:3239} INFO - Sync 1 DAGs
[2025-12-15T19:10:04.250+0000] {logging_mixin.py:190} INFO - [2025-12-15T19:10:04.249+0000] {dag.py:4180} INFO - Setting next_dagrun for example_dag_decorator to None, run_after=None
[2025-12-15T19:10:04.280+0000] {processor.py:208} INFO - Processing /home/airflow/.local/lib/python3.12/site-packages/airflow/example_dags/example_dag_decorator.py took 0.287 seconds
[2025-12-15T19:10:37.659+0000] {processor.py:186} INFO - Started process (PID=7037) to work on /home/airflow/.local/lib/python3.12/site-packages/airflow/example_dags/example_dag_decorator.py
[2025-12-15T19:10:37.661+0000] {processor.py:914} INFO - Processing file /home/airflow/.local/lib/python3.12/site-packages/airflow/example_dags/example_dag_decorator.py for tasks to queue
[2025-12-15T19:10:37.672+0000] {logging_mixin.py:190} INFO - [2025-12-15T19:10:37.669+0000] {dagbag.py:588} INFO - Filling up the DagBag from /home/airflow/.local/lib/python3.12/site-packages/airflow/example_dags/example_dag_decorator.py
[2025-12-15T19:10:37.731+0000] {processor.py:925} INFO - DAG(s) 'example_dag_decorator' retrieved from /home/airflow/.local/lib/python3.12/site-packages/airflow/example_dags/example_dag_decorator.py
[2025-12-15T19:10:38.359+0000] {logging_mixin.py:190} INFO - [2025-12-15T19:10:38.358+0000] {dag.py:3239} INFO - Sync 1 DAGs
[2025-12-15T19:10:38.398+0000] {logging_mixin.py:190} INFO - [2025-12-15T19:10:38.398+0000] {dag.py:4180} INFO - Setting next_dagrun for example_dag_decorator to None, run_after=None
[2025-12-15T19:10:38.455+0000] {processor.py:208} INFO - Processing /home/airflow/.local/lib/python3.12/site-packages/airflow/example_dags/example_dag_decorator.py took 0.810 seconds
[2025-12-15T19:11:08.721+0000] {processor.py:186} INFO - Started process (PID=7323) to work on /home/airflow/.local/lib/python3.12/site-packages/airflow/example_dags/example_dag_decorator.py
[2025-12-15T19:11:08.737+0000] {processor.py:914} INFO - Processing file /home/airflow/.local/lib/python3.12/site-packages/airflow/example_dags/example_dag_decorator.py for tasks to queue
[2025-12-15T19:11:08.751+0000] {logging_mixin.py:190} INFO - [2025-12-15T19:11:08.750+0000] {dagbag.py:588} INFO - Filling up the DagBag from /home/airflow/.local/lib/python3.12/site-packages/airflow/example_dags/example_dag_decorator.py
[2025-12-15T19:11:08.842+0000] {processor.py:925} INFO - DAG(s) 'example_dag_decorator' retrieved from /home/airflow/.local/lib/python3.12/site-packages/airflow/example_dags/example_dag_decorator.py
[2025-12-15T19:11:09.789+0000] {logging_mixin.py:190} INFO - [2025-12-15T19:11:09.788+0000] {dag.py:3239} INFO - Sync 1 DAGs
[2025-12-15T19:11:09.845+0000] {logging_mixin.py:190} INFO - [2025-12-15T19:11:09.844+0000] {dag.py:4180} INFO - Setting next_dagrun for example_dag_decorator to None, run_after=None
[2025-12-15T19:11:09.978+0000] {processor.py:208} INFO - Processing /home/airflow/.local/lib/python3.12/site-packages/airflow/example_dags/example_dag_decorator.py took 1.313 seconds
[2025-12-15T19:11:40.563+0000] {processor.py:186} INFO - Started process (PID=7621) to work on /home/airflow/.local/lib/python3.12/site-packages/airflow/example_dags/example_dag_decorator.py
[2025-12-15T19:11:40.581+0000] {processor.py:914} INFO - Processing file /home/airflow/.local/lib/python3.12/site-packages/airflow/example_dags/example_dag_decorator.py for tasks to queue
[2025-12-15T19:11:40.589+0000] {logging_mixin.py:190} INFO - [2025-12-15T19:11:40.584+0000] {dagbag.py:588} INFO - Filling up the DagBag from /home/airflow/.local/lib/python3.12/site-packages/airflow/example_dags/example_dag_decorator.py
[2025-12-15T19:11:40.672+0000] {processor.py:925} INFO - DAG(s) 'example_dag_decorator' retrieved from /home/airflow/.local/lib/python3.12/site-packages/airflow/example_dags/example_dag_decorator.py
[2025-12-15T19:11:41.230+0000] {logging_mixin.py:190} INFO - [2025-12-15T19:11:41.229+0000] {dag.py:3239} INFO - Sync 1 DAGs
[2025-12-15T19:11:41.264+0000] {logging_mixin.py:190} INFO - [2025-12-15T19:11:41.263+0000] {dag.py:4180} INFO - Setting next_dagrun for example_dag_decorator to None, run_after=None
[2025-12-15T19:11:41.331+0000] {processor.py:208} INFO - Processing /home/airflow/.local/lib/python3.12/site-packages/airflow/example_dags/example_dag_decorator.py took 0.843 seconds
[2025-12-15T19:12:12.324+0000] {processor.py:186} INFO - Started process (PID=7912) to work on /home/airflow/.local/lib/python3.12/site-packages/airflow/example_dags/example_dag_decorator.py
[2025-12-15T19:12:12.335+0000] {processor.py:914} INFO - Processing file /home/airflow/.local/lib/python3.12/site-packages/airflow/example_dags/example_dag_decorator.py for tasks to queue
[2025-12-15T19:12:12.340+0000] {logging_mixin.py:190} INFO - [2025-12-15T19:12:12.337+0000] {dagbag.py:588} INFO - Filling up the DagBag from /home/airflow/.local/lib/python3.12/site-packages/airflow/example_dags/example_dag_decorator.py
[2025-12-15T19:12:12.415+0000] {processor.py:925} INFO - DAG(s) 'example_dag_decorator' retrieved from /home/airflow/.local/lib/python3.12/site-packages/airflow/example_dags/example_dag_decorator.py
[2025-12-15T19:12:12.632+0000] {logging_mixin.py:190} INFO - [2025-12-15T19:12:12.632+0000] {dag.py:3239} INFO - Sync 1 DAGs
[2025-12-15T19:12:12.651+0000] {logging_mixin.py:190} INFO - [2025-12-15T19:12:12.651+0000] {dag.py:4180} INFO - Setting next_dagrun for example_dag_decorator to None, run_after=None
[2025-12-15T19:12:12.687+0000] {processor.py:208} INFO - Processing /home/airflow/.local/lib/python3.12/site-packages/airflow/example_dags/example_dag_decorator.py took 0.408 seconds
[2025-12-15T19:12:42.829+0000] {processor.py:186} INFO - Started process (PID=8206) to work on /home/airflow/.local/lib/python3.12/site-packages/airflow/example_dags/example_dag_decorator.py
[2025-12-15T19:12:42.830+0000] {processor.py:914} INFO - Processing file /home/airflow/.local/lib/python3.12/site-packages/airflow/example_dags/example_dag_decorator.py for tasks to queue
[2025-12-15T19:12:42.831+0000] {logging_mixin.py:190} INFO - [2025-12-15T19:12:42.831+0000] {dagbag.py:588} INFO - Filling up the DagBag from /home/airflow/.local/lib/python3.12/site-packages/airflow/example_dags/example_dag_decorator.py
[2025-12-15T19:12:42.853+0000] {processor.py:925} INFO - DAG(s) 'example_dag_decorator' retrieved from /home/airflow/.local/lib/python3.12/site-packages/airflow/example_dags/example_dag_decorator.py
[2025-12-15T19:12:43.065+0000] {logging_mixin.py:190} INFO - [2025-12-15T19:12:43.065+0000] {dag.py:3239} INFO - Sync 1 DAGs
[2025-12-15T19:12:43.091+0000] {logging_mixin.py:190} INFO - [2025-12-15T19:12:43.091+0000] {dag.py:4180} INFO - Setting next_dagrun for example_dag_decorator to None, run_after=None
[2025-12-15T19:12:43.122+0000] {processor.py:208} INFO - Processing /home/airflow/.local/lib/python3.12/site-packages/airflow/example_dags/example_dag_decorator.py took 0.302 seconds
[2025-12-15T19:13:13.404+0000] {processor.py:186} INFO - Started process (PID=8494) to work on /home/airflow/.local/lib/python3.12/site-packages/airflow/example_dags/example_dag_decorator.py
[2025-12-15T19:13:13.427+0000] {processor.py:914} INFO - Processing file /home/airflow/.local/lib/python3.12/site-packages/airflow/example_dags/example_dag_decorator.py for tasks to queue
[2025-12-15T19:13:13.428+0000] {logging_mixin.py:190} INFO - [2025-12-15T19:13:13.428+0000] {dagbag.py:588} INFO - Filling up the DagBag from /home/airflow/.local/lib/python3.12/site-packages/airflow/example_dags/example_dag_decorator.py
[2025-12-15T19:13:13.443+0000] {processor.py:925} INFO - DAG(s) 'example_dag_decorator' retrieved from /home/airflow/.local/lib/python3.12/site-packages/airflow/example_dags/example_dag_decorator.py
[2025-12-15T19:13:13.590+0000] {logging_mixin.py:190} INFO - [2025-12-15T19:13:13.590+0000] {dag.py:3239} INFO - Sync 1 DAGs
[2025-12-15T19:13:13.606+0000] {logging_mixin.py:190} INFO - [2025-12-15T19:13:13.606+0000] {dag.py:4180} INFO - Setting next_dagrun for example_dag_decorator to None, run_after=None
[2025-12-15T19:13:13.650+0000] {processor.py:208} INFO - Processing /home/airflow/.local/lib/python3.12/site-packages/airflow/example_dags/example_dag_decorator.py took 0.254 seconds
[2025-12-15T19:13:44.073+0000] {processor.py:186} INFO - Started process (PID=8783) to work on /home/airflow/.local/lib/python3.12/site-packages/airflow/example_dags/example_dag_decorator.py
[2025-12-15T19:13:44.084+0000] {processor.py:914} INFO - Processing file /home/airflow/.local/lib/python3.12/site-packages/airflow/example_dags/example_dag_decorator.py for tasks to queue
[2025-12-15T19:13:44.089+0000] {logging_mixin.py:190} INFO - [2025-12-15T19:13:44.087+0000] {dagbag.py:588} INFO - Filling up the DagBag from /home/airflow/.local/lib/python3.12/site-packages/airflow/example_dags/example_dag_decorator.py
[2025-12-15T19:13:44.186+0000] {processor.py:925} INFO - DAG(s) 'example_dag_decorator' retrieved from /home/airflow/.local/lib/python3.12/site-packages/airflow/example_dags/example_dag_decorator.py
[2025-12-15T19:13:45.523+0000] {logging_mixin.py:190} INFO - [2025-12-15T19:13:45.523+0000] {dag.py:3239} INFO - Sync 1 DAGs
[2025-12-15T19:13:45.567+0000] {logging_mixin.py:190} INFO - [2025-12-15T19:13:45.567+0000] {dag.py:4180} INFO - Setting next_dagrun for example_dag_decorator to None, run_after=None
[2025-12-15T19:13:45.629+0000] {processor.py:208} INFO - Processing /home/airflow/.local/lib/python3.12/site-packages/airflow/example_dags/example_dag_decorator.py took 1.607 seconds
[2025-12-15T19:14:15.912+0000] {processor.py:186} INFO - Started process (PID=9074) to work on /home/airflow/.local/lib/python3.12/site-packages/airflow/example_dags/example_dag_decorator.py
[2025-12-15T19:14:15.927+0000] {processor.py:914} INFO - Processing file /home/airflow/.local/lib/python3.12/site-packages/airflow/example_dags/example_dag_decorator.py for tasks to queue
[2025-12-15T19:14:15.929+0000] {logging_mixin.py:190} INFO - [2025-12-15T19:14:15.928+0000] {dagbag.py:588} INFO - Filling up the DagBag from /home/airflow/.local/lib/python3.12/site-packages/airflow/example_dags/example_dag_decorator.py
[2025-12-15T19:14:15.958+0000] {processor.py:925} INFO - DAG(s) 'example_dag_decorator' retrieved from /home/airflow/.local/lib/python3.12/site-packages/airflow/example_dags/example_dag_decorator.py
[2025-12-15T19:14:16.417+0000] {logging_mixin.py:190} INFO - [2025-12-15T19:14:16.417+0000] {dag.py:3239} INFO - Sync 1 DAGs
[2025-12-15T19:14:16.504+0000] {logging_mixin.py:190} INFO - [2025-12-15T19:14:16.503+0000] {dag.py:4180} INFO - Setting next_dagrun for example_dag_decorator to None, run_after=None
[2025-12-15T19:14:16.701+0000] {processor.py:208} INFO - Processing /home/airflow/.local/lib/python3.12/site-packages/airflow/example_dags/example_dag_decorator.py took 0.803 seconds
[2025-12-15T19:14:47.644+0000] {processor.py:186} INFO - Started process (PID=9362) to work on /home/airflow/.local/lib/python3.12/site-packages/airflow/example_dags/example_dag_decorator.py
[2025-12-15T19:14:47.650+0000] {processor.py:914} INFO - Processing file /home/airflow/.local/lib/python3.12/site-packages/airflow/example_dags/example_dag_decorator.py for tasks to queue
[2025-12-15T19:14:47.652+0000] {logging_mixin.py:190} INFO - [2025-12-15T19:14:47.651+0000] {dagbag.py:588} INFO - Filling up the DagBag from /home/airflow/.local/lib/python3.12/site-packages/airflow/example_dags/example_dag_decorator.py
[2025-12-15T19:14:47.671+0000] {processor.py:925} INFO - DAG(s) 'example_dag_decorator' retrieved from /home/airflow/.local/lib/python3.12/site-packages/airflow/example_dags/example_dag_decorator.py
[2025-12-15T19:14:47.845+0000] {logging_mixin.py:190} INFO - [2025-12-15T19:14:47.844+0000] {dag.py:3239} INFO - Sync 1 DAGs
[2025-12-15T19:14:47.863+0000] {logging_mixin.py:190} INFO - [2025-12-15T19:14:47.863+0000] {dag.py:4180} INFO - Setting next_dagrun for example_dag_decorator to None, run_after=None
[2025-12-15T19:14:47.902+0000] {processor.py:208} INFO - Processing /home/airflow/.local/lib/python3.12/site-packages/airflow/example_dags/example_dag_decorator.py took 0.266 seconds
[2025-12-15T19:15:18.125+0000] {processor.py:186} INFO - Started process (PID=9653) to work on /home/airflow/.local/lib/python3.12/site-packages/airflow/example_dags/example_dag_decorator.py
[2025-12-15T19:15:18.128+0000] {processor.py:914} INFO - Processing file /home/airflow/.local/lib/python3.12/site-packages/airflow/example_dags/example_dag_decorator.py for tasks to queue
[2025-12-15T19:15:18.131+0000] {logging_mixin.py:190} INFO - [2025-12-15T19:15:18.131+0000] {dagbag.py:588} INFO - Filling up the DagBag from /home/airflow/.local/lib/python3.12/site-packages/airflow/example_dags/example_dag_decorator.py
[2025-12-15T19:15:18.159+0000] {processor.py:925} INFO - DAG(s) 'example_dag_decorator' retrieved from /home/airflow/.local/lib/python3.12/site-packages/airflow/example_dags/example_dag_decorator.py
[2025-12-15T19:15:18.409+0000] {logging_mixin.py:190} INFO - [2025-12-15T19:15:18.409+0000] {dag.py:3239} INFO - Sync 1 DAGs
[2025-12-15T19:15:18.430+0000] {logging_mixin.py:190} INFO - [2025-12-15T19:15:18.430+0000] {dag.py:4180} INFO - Setting next_dagrun for example_dag_decorator to None, run_after=None
[2025-12-15T19:15:18.489+0000] {processor.py:208} INFO - Processing /home/airflow/.local/lib/python3.12/site-packages/airflow/example_dags/example_dag_decorator.py took 0.375 seconds
[2025-12-15T19:15:48.609+0000] {processor.py:186} INFO - Started process (PID=9949) to work on /home/airflow/.local/lib/python3.12/site-packages/airflow/example_dags/example_dag_decorator.py
[2025-12-15T19:15:48.638+0000] {processor.py:914} INFO - Processing file /home/airflow/.local/lib/python3.12/site-packages/airflow/example_dags/example_dag_decorator.py for tasks to queue
[2025-12-15T19:15:48.641+0000] {logging_mixin.py:190} INFO - [2025-12-15T19:15:48.640+0000] {dagbag.py:588} INFO - Filling up the DagBag from /home/airflow/.local/lib/python3.12/site-packages/airflow/example_dags/example_dag_decorator.py
[2025-12-15T19:15:48.674+0000] {processor.py:925} INFO - DAG(s) 'example_dag_decorator' retrieved from /home/airflow/.local/lib/python3.12/site-packages/airflow/example_dags/example_dag_decorator.py
[2025-12-15T19:15:48.734+0000] {logging_mixin.py:190} INFO - [2025-12-15T19:15:48.734+0000] {dag.py:3239} INFO - Sync 1 DAGs
[2025-12-15T19:15:48.781+0000] {logging_mixin.py:190} INFO - [2025-12-15T19:15:48.780+0000] {dag.py:4180} INFO - Setting next_dagrun for example_dag_decorator to None, run_after=None
[2025-12-15T19:15:48.842+0000] {processor.py:208} INFO - Processing /home/airflow/.local/lib/python3.12/site-packages/airflow/example_dags/example_dag_decorator.py took 0.250 seconds
[2025-12-15T19:16:19.654+0000] {processor.py:186} INFO - Started process (PID=10240) to work on /home/airflow/.local/lib/python3.12/site-packages/airflow/example_dags/example_dag_decorator.py
[2025-12-15T19:16:19.671+0000] {processor.py:914} INFO - Processing file /home/airflow/.local/lib/python3.12/site-packages/airflow/example_dags/example_dag_decorator.py for tasks to queue
[2025-12-15T19:16:19.673+0000] {logging_mixin.py:190} INFO - [2025-12-15T19:16:19.672+0000] {dagbag.py:588} INFO - Filling up the DagBag from /home/airflow/.local/lib/python3.12/site-packages/airflow/example_dags/example_dag_decorator.py
[2025-12-15T19:16:19.694+0000] {processor.py:925} INFO - DAG(s) 'example_dag_decorator' retrieved from /home/airflow/.local/lib/python3.12/site-packages/airflow/example_dags/example_dag_decorator.py
[2025-12-15T19:16:19.865+0000] {logging_mixin.py:190} INFO - [2025-12-15T19:16:19.865+0000] {dag.py:3239} INFO - Sync 1 DAGs
[2025-12-15T19:16:19.887+0000] {logging_mixin.py:190} INFO - [2025-12-15T19:16:19.887+0000] {dag.py:4180} INFO - Setting next_dagrun for example_dag_decorator to None, run_after=None
[2025-12-15T19:16:19.942+0000] {processor.py:208} INFO - Processing /home/airflow/.local/lib/python3.12/site-packages/airflow/example_dags/example_dag_decorator.py took 0.296 seconds
[2025-12-15T19:16:53.872+0000] {processor.py:186} INFO - Started process (PID=10534) to work on /home/airflow/.local/lib/python3.12/site-packages/airflow/example_dags/example_dag_decorator.py
[2025-12-15T19:16:53.874+0000] {processor.py:914} INFO - Processing file /home/airflow/.local/lib/python3.12/site-packages/airflow/example_dags/example_dag_decorator.py for tasks to queue
[2025-12-15T19:16:53.886+0000] {logging_mixin.py:190} INFO - [2025-12-15T19:16:53.885+0000] {dagbag.py:588} INFO - Filling up the DagBag from /home/airflow/.local/lib/python3.12/site-packages/airflow/example_dags/example_dag_decorator.py
[2025-12-15T19:16:53.992+0000] {processor.py:925} INFO - DAG(s) 'example_dag_decorator' retrieved from /home/airflow/.local/lib/python3.12/site-packages/airflow/example_dags/example_dag_decorator.py
[2025-12-15T19:16:54.975+0000] {logging_mixin.py:190} INFO - [2025-12-15T19:16:54.974+0000] {dag.py:3239} INFO - Sync 1 DAGs
[2025-12-15T19:16:55.079+0000] {logging_mixin.py:190} INFO - [2025-12-15T19:16:55.078+0000] {dag.py:4180} INFO - Setting next_dagrun for example_dag_decorator to None, run_after=None
[2025-12-15T19:16:55.203+0000] {processor.py:208} INFO - Processing /home/airflow/.local/lib/python3.12/site-packages/airflow/example_dags/example_dag_decorator.py took 1.385 seconds
[2025-12-15T19:17:30.913+0000] {processor.py:186} INFO - Started process (PID=10805) to work on /home/airflow/.local/lib/python3.12/site-packages/airflow/example_dags/example_dag_decorator.py
[2025-12-15T19:17:30.915+0000] {processor.py:914} INFO - Processing file /home/airflow/.local/lib/python3.12/site-packages/airflow/example_dags/example_dag_decorator.py for tasks to queue
[2025-12-15T19:17:30.917+0000] {logging_mixin.py:190} INFO - [2025-12-15T19:17:30.917+0000] {dagbag.py:588} INFO - Filling up the DagBag from /home/airflow/.local/lib/python3.12/site-packages/airflow/example_dags/example_dag_decorator.py
[2025-12-15T19:17:30.951+0000] {processor.py:925} INFO - DAG(s) 'example_dag_decorator' retrieved from /home/airflow/.local/lib/python3.12/site-packages/airflow/example_dags/example_dag_decorator.py
[2025-12-15T19:17:31.709+0000] {logging_mixin.py:190} INFO - [2025-12-15T19:17:31.708+0000] {dag.py:3239} INFO - Sync 1 DAGs
[2025-12-15T19:17:31.784+0000] {logging_mixin.py:190} INFO - [2025-12-15T19:17:31.784+0000] {dag.py:4180} INFO - Setting next_dagrun for example_dag_decorator to None, run_after=None
[2025-12-15T19:17:31.908+0000] {processor.py:208} INFO - Processing /home/airflow/.local/lib/python3.12/site-packages/airflow/example_dags/example_dag_decorator.py took 1.011 seconds
[2025-12-15T19:18:02.705+0000] {processor.py:186} INFO - Started process (PID=11100) to work on /home/airflow/.local/lib/python3.12/site-packages/airflow/example_dags/example_dag_decorator.py
[2025-12-15T19:18:02.710+0000] {processor.py:914} INFO - Processing file /home/airflow/.local/lib/python3.12/site-packages/airflow/example_dags/example_dag_decorator.py for tasks to queue
[2025-12-15T19:18:02.714+0000] {logging_mixin.py:190} INFO - [2025-12-15T19:18:02.712+0000] {dagbag.py:588} INFO - Filling up the DagBag from /home/airflow/.local/lib/python3.12/site-packages/airflow/example_dags/example_dag_decorator.py
[2025-12-15T19:18:02.786+0000] {processor.py:925} INFO - DAG(s) 'example_dag_decorator' retrieved from /home/airflow/.local/lib/python3.12/site-packages/airflow/example_dags/example_dag_decorator.py
[2025-12-15T19:18:03.438+0000] {logging_mixin.py:190} INFO - [2025-12-15T19:18:03.437+0000] {dag.py:3239} INFO - Sync 1 DAGs
[2025-12-15T19:18:03.489+0000] {logging_mixin.py:190} INFO - [2025-12-15T19:18:03.488+0000] {dag.py:4180} INFO - Setting next_dagrun for example_dag_decorator to None, run_after=None
[2025-12-15T19:18:03.587+0000] {processor.py:208} INFO - Processing /home/airflow/.local/lib/python3.12/site-packages/airflow/example_dags/example_dag_decorator.py took 0.920 seconds
[2025-12-15T19:18:33.857+0000] {processor.py:186} INFO - Started process (PID=11401) to work on /home/airflow/.local/lib/python3.12/site-packages/airflow/example_dags/example_dag_decorator.py
[2025-12-15T19:18:33.859+0000] {processor.py:914} INFO - Processing file /home/airflow/.local/lib/python3.12/site-packages/airflow/example_dags/example_dag_decorator.py for tasks to queue
[2025-12-15T19:18:33.861+0000] {logging_mixin.py:190} INFO - [2025-12-15T19:18:33.861+0000] {dagbag.py:588} INFO - Filling up the DagBag from /home/airflow/.local/lib/python3.12/site-packages/airflow/example_dags/example_dag_decorator.py
[2025-12-15T19:18:33.882+0000] {processor.py:925} INFO - DAG(s) 'example_dag_decorator' retrieved from /home/airflow/.local/lib/python3.12/site-packages/airflow/example_dags/example_dag_decorator.py
[2025-12-15T19:18:34.109+0000] {logging_mixin.py:190} INFO - [2025-12-15T19:18:34.109+0000] {dag.py:3239} INFO - Sync 1 DAGs
[2025-12-15T19:18:34.138+0000] {logging_mixin.py:190} INFO - [2025-12-15T19:18:34.138+0000] {dag.py:4180} INFO - Setting next_dagrun for example_dag_decorator to None, run_after=None
[2025-12-15T19:18:34.188+0000] {processor.py:208} INFO - Processing /home/airflow/.local/lib/python3.12/site-packages/airflow/example_dags/example_dag_decorator.py took 0.342 seconds
[2025-12-15T19:19:08.007+0000] {processor.py:186} INFO - Started process (PID=11693) to work on /home/airflow/.local/lib/python3.12/site-packages/airflow/example_dags/example_dag_decorator.py
[2025-12-15T19:19:08.009+0000] {processor.py:914} INFO - Processing file /home/airflow/.local/lib/python3.12/site-packages/airflow/example_dags/example_dag_decorator.py for tasks to queue
[2025-12-15T19:19:08.013+0000] {logging_mixin.py:190} INFO - [2025-12-15T19:19:08.012+0000] {dagbag.py:588} INFO - Filling up the DagBag from /home/airflow/.local/lib/python3.12/site-packages/airflow/example_dags/example_dag_decorator.py
[2025-12-15T19:19:08.045+0000] {processor.py:925} INFO - DAG(s) 'example_dag_decorator' retrieved from /home/airflow/.local/lib/python3.12/site-packages/airflow/example_dags/example_dag_decorator.py
[2025-12-15T19:19:08.335+0000] {logging_mixin.py:190} INFO - [2025-12-15T19:19:08.334+0000] {dag.py:3239} INFO - Sync 1 DAGs
[2025-12-15T19:19:08.383+0000] {logging_mixin.py:190} INFO - [2025-12-15T19:19:08.383+0000] {dag.py:4180} INFO - Setting next_dagrun for example_dag_decorator to None, run_after=None
[2025-12-15T19:19:08.473+0000] {processor.py:208} INFO - Processing /home/airflow/.local/lib/python3.12/site-packages/airflow/example_dags/example_dag_decorator.py took 0.478 seconds
