[2025-12-15T18:55:31.147+0000] {processor.py:186} INFO - Started process (PID=249) to work on /home/airflow/.local/lib/python3.12/site-packages/airflow/example_dags/example_sensor_decorator.py
[2025-12-15T18:55:31.149+0000] {processor.py:914} INFO - Processing file /home/airflow/.local/lib/python3.12/site-packages/airflow/example_dags/example_sensor_decorator.py for tasks to queue
[2025-12-15T18:55:31.164+0000] {logging_mixin.py:190} INFO - [2025-12-15T18:55:31.163+0000] {dagbag.py:588} INFO - Filling up the DagBag from /home/airflow/.local/lib/python3.12/site-packages/airflow/example_dags/example_sensor_decorator.py
[2025-12-15T18:55:31.220+0000] {processor.py:925} INFO - DAG(s) 'example_sensor_decorator' retrieved from /home/airflow/.local/lib/python3.12/site-packages/airflow/example_dags/example_sensor_decorator.py
[2025-12-15T18:55:32.541+0000] {logging_mixin.py:190} INFO - [2025-12-15T18:55:32.539+0000] {override.py:1911} INFO - Created Permission View: can read on DAG:example_sensor_decorator
[2025-12-15T18:55:32.617+0000] {logging_mixin.py:190} INFO - [2025-12-15T18:55:32.614+0000] {override.py:1911} INFO - Created Permission View: can edit on DAG:example_sensor_decorator
[2025-12-15T18:55:32.652+0000] {logging_mixin.py:190} INFO - [2025-12-15T18:55:32.652+0000] {override.py:1911} INFO - Created Permission View: can delete on DAG:example_sensor_decorator
[2025-12-15T18:55:32.697+0000] {logging_mixin.py:190} INFO - [2025-12-15T18:55:32.696+0000] {override.py:1911} INFO - Created Permission View: can read on DAG Run:example_sensor_decorator
[2025-12-15T18:55:32.740+0000] {logging_mixin.py:190} INFO - [2025-12-15T18:55:32.739+0000] {override.py:1911} INFO - Created Permission View: menu access on DAG Run:example_sensor_decorator
[2025-12-15T18:55:32.768+0000] {logging_mixin.py:190} INFO - [2025-12-15T18:55:32.767+0000] {override.py:1911} INFO - Created Permission View: can create on DAG Run:example_sensor_decorator
[2025-12-15T18:55:32.803+0000] {logging_mixin.py:190} INFO - [2025-12-15T18:55:32.802+0000] {override.py:1911} INFO - Created Permission View: can delete on DAG Run:example_sensor_decorator
[2025-12-15T18:55:32.804+0000] {logging_mixin.py:190} INFO - [2025-12-15T18:55:32.804+0000] {dag.py:3239} INFO - Sync 1 DAGs
[2025-12-15T18:55:32.864+0000] {logging_mixin.py:190} INFO - [2025-12-15T18:55:32.863+0000] {dag.py:3262} INFO - Creating ORM DAG for example_sensor_decorator
[2025-12-15T18:55:32.866+0000] {logging_mixin.py:190} INFO - [2025-12-15T18:55:32.866+0000] {dag.py:4180} INFO - Setting next_dagrun for example_sensor_decorator to None, run_after=None
[2025-12-15T18:55:32.977+0000] {processor.py:208} INFO - Processing /home/airflow/.local/lib/python3.12/site-packages/airflow/example_dags/example_sensor_decorator.py took 1.865 seconds
[2025-12-15T18:56:43.692+0000] {processor.py:186} INFO - Started process (PID=544) to work on /home/airflow/.local/lib/python3.12/site-packages/airflow/example_dags/example_sensor_decorator.py
[2025-12-15T18:56:43.701+0000] {processor.py:914} INFO - Processing file /home/airflow/.local/lib/python3.12/site-packages/airflow/example_dags/example_sensor_decorator.py for tasks to queue
[2025-12-15T18:56:43.710+0000] {logging_mixin.py:190} INFO - [2025-12-15T18:56:43.707+0000] {dagbag.py:588} INFO - Filling up the DagBag from /home/airflow/.local/lib/python3.12/site-packages/airflow/example_dags/example_sensor_decorator.py
[2025-12-15T18:56:43.769+0000] {processor.py:925} INFO - DAG(s) 'example_sensor_decorator' retrieved from /home/airflow/.local/lib/python3.12/site-packages/airflow/example_dags/example_sensor_decorator.py
[2025-12-15T18:56:43.852+0000] {logging_mixin.py:190} INFO - [2025-12-15T18:56:43.851+0000] {dag.py:3239} INFO - Sync 1 DAGs
[2025-12-15T18:56:43.897+0000] {logging_mixin.py:190} INFO - [2025-12-15T18:56:43.897+0000] {dag.py:4180} INFO - Setting next_dagrun for example_sensor_decorator to None, run_after=None
[2025-12-15T18:56:44.066+0000] {processor.py:208} INFO - Processing /home/airflow/.local/lib/python3.12/site-packages/airflow/example_dags/example_sensor_decorator.py took 0.392 seconds
[2025-12-15T18:57:14.990+0000] {processor.py:186} INFO - Started process (PID=845) to work on /home/airflow/.local/lib/python3.12/site-packages/airflow/example_dags/example_sensor_decorator.py
[2025-12-15T18:57:14.998+0000] {processor.py:914} INFO - Processing file /home/airflow/.local/lib/python3.12/site-packages/airflow/example_dags/example_sensor_decorator.py for tasks to queue
[2025-12-15T18:57:15.018+0000] {logging_mixin.py:190} INFO - [2025-12-15T18:57:15.005+0000] {dagbag.py:588} INFO - Filling up the DagBag from /home/airflow/.local/lib/python3.12/site-packages/airflow/example_dags/example_sensor_decorator.py
[2025-12-15T18:57:15.078+0000] {processor.py:925} INFO - DAG(s) 'example_sensor_decorator' retrieved from /home/airflow/.local/lib/python3.12/site-packages/airflow/example_dags/example_sensor_decorator.py
[2025-12-15T18:57:15.229+0000] {logging_mixin.py:190} INFO - [2025-12-15T18:57:15.228+0000] {dag.py:3239} INFO - Sync 1 DAGs
[2025-12-15T18:57:15.334+0000] {logging_mixin.py:190} INFO - [2025-12-15T18:57:15.333+0000] {dag.py:4180} INFO - Setting next_dagrun for example_sensor_decorator to None, run_after=None
[2025-12-15T18:57:15.500+0000] {processor.py:208} INFO - Processing /home/airflow/.local/lib/python3.12/site-packages/airflow/example_dags/example_sensor_decorator.py took 0.553 seconds
[2025-12-15T18:57:50.493+0000] {processor.py:186} INFO - Started process (PID=1109) to work on /home/airflow/.local/lib/python3.12/site-packages/airflow/example_dags/example_sensor_decorator.py
[2025-12-15T18:57:50.496+0000] {processor.py:914} INFO - Processing file /home/airflow/.local/lib/python3.12/site-packages/airflow/example_dags/example_sensor_decorator.py for tasks to queue
[2025-12-15T18:57:50.510+0000] {logging_mixin.py:190} INFO - [2025-12-15T18:57:50.509+0000] {dagbag.py:588} INFO - Filling up the DagBag from /home/airflow/.local/lib/python3.12/site-packages/airflow/example_dags/example_sensor_decorator.py
[2025-12-15T18:57:50.566+0000] {processor.py:925} INFO - DAG(s) 'example_sensor_decorator' retrieved from /home/airflow/.local/lib/python3.12/site-packages/airflow/example_dags/example_sensor_decorator.py
[2025-12-15T18:57:50.692+0000] {logging_mixin.py:190} INFO - [2025-12-15T18:57:50.692+0000] {dag.py:3239} INFO - Sync 1 DAGs
[2025-12-15T18:57:50.744+0000] {logging_mixin.py:190} INFO - [2025-12-15T18:57:50.743+0000] {dag.py:4180} INFO - Setting next_dagrun for example_sensor_decorator to None, run_after=None
[2025-12-15T18:57:50.794+0000] {processor.py:208} INFO - Processing /home/airflow/.local/lib/python3.12/site-packages/airflow/example_dags/example_sensor_decorator.py took 0.333 seconds
[2025-12-15T18:58:24.327+0000] {processor.py:186} INFO - Started process (PID=1406) to work on /home/airflow/.local/lib/python3.12/site-packages/airflow/example_dags/example_sensor_decorator.py
[2025-12-15T18:58:24.331+0000] {processor.py:914} INFO - Processing file /home/airflow/.local/lib/python3.12/site-packages/airflow/example_dags/example_sensor_decorator.py for tasks to queue
[2025-12-15T18:58:24.338+0000] {logging_mixin.py:190} INFO - [2025-12-15T18:58:24.337+0000] {dagbag.py:588} INFO - Filling up the DagBag from /home/airflow/.local/lib/python3.12/site-packages/airflow/example_dags/example_sensor_decorator.py
[2025-12-15T18:58:24.368+0000] {processor.py:925} INFO - DAG(s) 'example_sensor_decorator' retrieved from /home/airflow/.local/lib/python3.12/site-packages/airflow/example_dags/example_sensor_decorator.py
[2025-12-15T18:58:24.417+0000] {logging_mixin.py:190} INFO - [2025-12-15T18:58:24.417+0000] {dag.py:3239} INFO - Sync 1 DAGs
[2025-12-15T18:58:24.449+0000] {logging_mixin.py:190} INFO - [2025-12-15T18:58:24.449+0000] {dag.py:4180} INFO - Setting next_dagrun for example_sensor_decorator to None, run_after=None
[2025-12-15T18:58:24.494+0000] {processor.py:208} INFO - Processing /home/airflow/.local/lib/python3.12/site-packages/airflow/example_dags/example_sensor_decorator.py took 0.188 seconds
[2025-12-15T18:58:55.729+0000] {processor.py:186} INFO - Started process (PID=1697) to work on /home/airflow/.local/lib/python3.12/site-packages/airflow/example_dags/example_sensor_decorator.py
[2025-12-15T18:58:55.731+0000] {processor.py:914} INFO - Processing file /home/airflow/.local/lib/python3.12/site-packages/airflow/example_dags/example_sensor_decorator.py for tasks to queue
[2025-12-15T18:58:55.735+0000] {logging_mixin.py:190} INFO - [2025-12-15T18:58:55.735+0000] {dagbag.py:588} INFO - Filling up the DagBag from /home/airflow/.local/lib/python3.12/site-packages/airflow/example_dags/example_sensor_decorator.py
[2025-12-15T18:58:55.751+0000] {processor.py:925} INFO - DAG(s) 'example_sensor_decorator' retrieved from /home/airflow/.local/lib/python3.12/site-packages/airflow/example_dags/example_sensor_decorator.py
[2025-12-15T18:58:55.842+0000] {logging_mixin.py:190} INFO - [2025-12-15T18:58:55.842+0000] {dag.py:3239} INFO - Sync 1 DAGs
[2025-12-15T18:58:55.870+0000] {logging_mixin.py:190} INFO - [2025-12-15T18:58:55.870+0000] {dag.py:4180} INFO - Setting next_dagrun for example_sensor_decorator to None, run_after=None
[2025-12-15T18:58:55.906+0000] {processor.py:208} INFO - Processing /home/airflow/.local/lib/python3.12/site-packages/airflow/example_dags/example_sensor_decorator.py took 0.188 seconds
[2025-12-15T18:59:37.007+0000] {processor.py:186} INFO - Started process (PID=1879) to work on /home/airflow/.local/lib/python3.12/site-packages/airflow/example_dags/example_sensor_decorator.py
[2025-12-15T18:59:37.010+0000] {processor.py:914} INFO - Processing file /home/airflow/.local/lib/python3.12/site-packages/airflow/example_dags/example_sensor_decorator.py for tasks to queue
[2025-12-15T18:59:37.035+0000] {logging_mixin.py:190} INFO - [2025-12-15T18:59:37.025+0000] {dagbag.py:588} INFO - Filling up the DagBag from /home/airflow/.local/lib/python3.12/site-packages/airflow/example_dags/example_sensor_decorator.py
[2025-12-15T18:59:37.111+0000] {processor.py:925} INFO - DAG(s) 'example_sensor_decorator' retrieved from /home/airflow/.local/lib/python3.12/site-packages/airflow/example_dags/example_sensor_decorator.py
[2025-12-15T18:59:37.311+0000] {logging_mixin.py:190} INFO - [2025-12-15T18:59:37.310+0000] {dag.py:3239} INFO - Sync 1 DAGs
[2025-12-15T18:59:37.466+0000] {logging_mixin.py:190} INFO - [2025-12-15T18:59:37.457+0000] {dag.py:4180} INFO - Setting next_dagrun for example_sensor_decorator to None, run_after=None
[2025-12-15T18:59:37.604+0000] {processor.py:208} INFO - Processing /home/airflow/.local/lib/python3.12/site-packages/airflow/example_dags/example_sensor_decorator.py took 0.643 seconds
[2025-12-15T19:00:54.883+0000] {processor.py:186} INFO - Started process (PID=2144) to work on /home/airflow/.local/lib/python3.12/site-packages/airflow/example_dags/example_sensor_decorator.py
[2025-12-15T19:00:54.889+0000] {processor.py:914} INFO - Processing file /home/airflow/.local/lib/python3.12/site-packages/airflow/example_dags/example_sensor_decorator.py for tasks to queue
[2025-12-15T19:00:54.894+0000] {logging_mixin.py:190} INFO - [2025-12-15T19:00:54.893+0000] {dagbag.py:588} INFO - Filling up the DagBag from /home/airflow/.local/lib/python3.12/site-packages/airflow/example_dags/example_sensor_decorator.py
[2025-12-15T19:00:54.934+0000] {processor.py:925} INFO - DAG(s) 'example_sensor_decorator' retrieved from /home/airflow/.local/lib/python3.12/site-packages/airflow/example_dags/example_sensor_decorator.py
[2025-12-15T19:00:55.197+0000] {logging_mixin.py:190} INFO - [2025-12-15T19:00:55.195+0000] {dag.py:3239} INFO - Sync 1 DAGs
[2025-12-15T19:00:55.262+0000] {logging_mixin.py:190} INFO - [2025-12-15T19:00:55.262+0000] {dag.py:4180} INFO - Setting next_dagrun for example_sensor_decorator to None, run_after=None
[2025-12-15T19:00:55.401+0000] {processor.py:208} INFO - Processing /home/airflow/.local/lib/python3.12/site-packages/airflow/example_dags/example_sensor_decorator.py took 0.536 seconds
[2025-12-15T19:01:59.142+0000] {processor.py:186} INFO - Started process (PID=2410) to work on /home/airflow/.local/lib/python3.12/site-packages/airflow/example_dags/example_sensor_decorator.py
[2025-12-15T19:01:59.144+0000] {processor.py:914} INFO - Processing file /home/airflow/.local/lib/python3.12/site-packages/airflow/example_dags/example_sensor_decorator.py for tasks to queue
[2025-12-15T19:01:59.151+0000] {logging_mixin.py:190} INFO - [2025-12-15T19:01:59.150+0000] {dagbag.py:588} INFO - Filling up the DagBag from /home/airflow/.local/lib/python3.12/site-packages/airflow/example_dags/example_sensor_decorator.py
[2025-12-15T19:01:59.172+0000] {processor.py:925} INFO - DAG(s) 'example_sensor_decorator' retrieved from /home/airflow/.local/lib/python3.12/site-packages/airflow/example_dags/example_sensor_decorator.py
[2025-12-15T19:01:59.217+0000] {logging_mixin.py:190} INFO - [2025-12-15T19:01:59.217+0000] {dag.py:3239} INFO - Sync 1 DAGs
[2025-12-15T19:01:59.257+0000] {logging_mixin.py:190} INFO - [2025-12-15T19:01:59.257+0000] {dag.py:4180} INFO - Setting next_dagrun for example_sensor_decorator to None, run_after=None
[2025-12-15T19:01:59.300+0000] {processor.py:208} INFO - Processing /home/airflow/.local/lib/python3.12/site-packages/airflow/example_dags/example_sensor_decorator.py took 0.174 seconds
[2025-12-15T19:02:31.385+0000] {processor.py:186} INFO - Started process (PID=2666) to work on /home/airflow/.local/lib/python3.12/site-packages/airflow/example_dags/example_sensor_decorator.py
[2025-12-15T19:02:31.392+0000] {processor.py:914} INFO - Processing file /home/airflow/.local/lib/python3.12/site-packages/airflow/example_dags/example_sensor_decorator.py for tasks to queue
[2025-12-15T19:02:31.397+0000] {logging_mixin.py:190} INFO - [2025-12-15T19:02:31.396+0000] {dagbag.py:588} INFO - Filling up the DagBag from /home/airflow/.local/lib/python3.12/site-packages/airflow/example_dags/example_sensor_decorator.py
[2025-12-15T19:02:31.414+0000] {processor.py:925} INFO - DAG(s) 'example_sensor_decorator' retrieved from /home/airflow/.local/lib/python3.12/site-packages/airflow/example_dags/example_sensor_decorator.py
[2025-12-15T19:02:31.462+0000] {logging_mixin.py:190} INFO - [2025-12-15T19:02:31.461+0000] {dag.py:3239} INFO - Sync 1 DAGs
[2025-12-15T19:02:31.498+0000] {logging_mixin.py:190} INFO - [2025-12-15T19:02:31.498+0000] {dag.py:4180} INFO - Setting next_dagrun for example_sensor_decorator to None, run_after=None
[2025-12-15T19:02:31.541+0000] {processor.py:208} INFO - Processing /home/airflow/.local/lib/python3.12/site-packages/airflow/example_dags/example_sensor_decorator.py took 0.169 seconds
[2025-12-15T19:03:05.483+0000] {processor.py:186} INFO - Started process (PID=2957) to work on /home/airflow/.local/lib/python3.12/site-packages/airflow/example_dags/example_sensor_decorator.py
[2025-12-15T19:03:05.486+0000] {processor.py:914} INFO - Processing file /home/airflow/.local/lib/python3.12/site-packages/airflow/example_dags/example_sensor_decorator.py for tasks to queue
[2025-12-15T19:03:05.494+0000] {logging_mixin.py:190} INFO - [2025-12-15T19:03:05.492+0000] {dagbag.py:588} INFO - Filling up the DagBag from /home/airflow/.local/lib/python3.12/site-packages/airflow/example_dags/example_sensor_decorator.py
[2025-12-15T19:03:05.535+0000] {processor.py:925} INFO - DAG(s) 'example_sensor_decorator' retrieved from /home/airflow/.local/lib/python3.12/site-packages/airflow/example_dags/example_sensor_decorator.py
[2025-12-15T19:03:05.587+0000] {logging_mixin.py:190} INFO - [2025-12-15T19:03:05.587+0000] {dag.py:3239} INFO - Sync 1 DAGs
[2025-12-15T19:03:05.639+0000] {logging_mixin.py:190} INFO - [2025-12-15T19:03:05.638+0000] {dag.py:4180} INFO - Setting next_dagrun for example_sensor_decorator to None, run_after=None
[2025-12-15T19:03:05.688+0000] {processor.py:208} INFO - Processing /home/airflow/.local/lib/python3.12/site-packages/airflow/example_dags/example_sensor_decorator.py took 0.229 seconds
[2025-12-15T19:03:36.293+0000] {processor.py:186} INFO - Started process (PID=3248) to work on /home/airflow/.local/lib/python3.12/site-packages/airflow/example_dags/example_sensor_decorator.py
[2025-12-15T19:03:36.303+0000] {processor.py:914} INFO - Processing file /home/airflow/.local/lib/python3.12/site-packages/airflow/example_dags/example_sensor_decorator.py for tasks to queue
[2025-12-15T19:03:36.307+0000] {logging_mixin.py:190} INFO - [2025-12-15T19:03:36.306+0000] {dagbag.py:588} INFO - Filling up the DagBag from /home/airflow/.local/lib/python3.12/site-packages/airflow/example_dags/example_sensor_decorator.py
[2025-12-15T19:03:36.324+0000] {processor.py:925} INFO - DAG(s) 'example_sensor_decorator' retrieved from /home/airflow/.local/lib/python3.12/site-packages/airflow/example_dags/example_sensor_decorator.py
[2025-12-15T19:03:36.364+0000] {logging_mixin.py:190} INFO - [2025-12-15T19:03:36.363+0000] {dag.py:3239} INFO - Sync 1 DAGs
[2025-12-15T19:03:36.394+0000] {logging_mixin.py:190} INFO - [2025-12-15T19:03:36.393+0000] {dag.py:4180} INFO - Setting next_dagrun for example_sensor_decorator to None, run_after=None
[2025-12-15T19:03:36.435+0000] {processor.py:208} INFO - Processing /home/airflow/.local/lib/python3.12/site-packages/airflow/example_dags/example_sensor_decorator.py took 0.152 seconds
[2025-12-15T19:04:09.559+0000] {processor.py:186} INFO - Started process (PID=3534) to work on /home/airflow/.local/lib/python3.12/site-packages/airflow/example_dags/example_sensor_decorator.py
[2025-12-15T19:04:09.560+0000] {processor.py:914} INFO - Processing file /home/airflow/.local/lib/python3.12/site-packages/airflow/example_dags/example_sensor_decorator.py for tasks to queue
[2025-12-15T19:04:09.566+0000] {logging_mixin.py:190} INFO - [2025-12-15T19:04:09.565+0000] {dagbag.py:588} INFO - Filling up the DagBag from /home/airflow/.local/lib/python3.12/site-packages/airflow/example_dags/example_sensor_decorator.py
[2025-12-15T19:04:09.586+0000] {processor.py:925} INFO - DAG(s) 'example_sensor_decorator' retrieved from /home/airflow/.local/lib/python3.12/site-packages/airflow/example_dags/example_sensor_decorator.py
[2025-12-15T19:04:09.625+0000] {logging_mixin.py:190} INFO - [2025-12-15T19:04:09.624+0000] {dag.py:3239} INFO - Sync 1 DAGs
[2025-12-15T19:04:09.656+0000] {logging_mixin.py:190} INFO - [2025-12-15T19:04:09.655+0000] {dag.py:4180} INFO - Setting next_dagrun for example_sensor_decorator to None, run_after=None
[2025-12-15T19:04:09.688+0000] {processor.py:208} INFO - Processing /home/airflow/.local/lib/python3.12/site-packages/airflow/example_dags/example_sensor_decorator.py took 0.140 seconds
[2025-12-15T19:04:41.782+0000] {processor.py:186} INFO - Started process (PID=3795) to work on /home/airflow/.local/lib/python3.12/site-packages/airflow/example_dags/example_sensor_decorator.py
[2025-12-15T19:04:41.784+0000] {processor.py:914} INFO - Processing file /home/airflow/.local/lib/python3.12/site-packages/airflow/example_dags/example_sensor_decorator.py for tasks to queue
[2025-12-15T19:04:41.789+0000] {logging_mixin.py:190} INFO - [2025-12-15T19:04:41.788+0000] {dagbag.py:588} INFO - Filling up the DagBag from /home/airflow/.local/lib/python3.12/site-packages/airflow/example_dags/example_sensor_decorator.py
[2025-12-15T19:04:41.805+0000] {processor.py:925} INFO - DAG(s) 'example_sensor_decorator' retrieved from /home/airflow/.local/lib/python3.12/site-packages/airflow/example_dags/example_sensor_decorator.py
[2025-12-15T19:04:41.845+0000] {logging_mixin.py:190} INFO - [2025-12-15T19:04:41.845+0000] {dag.py:3239} INFO - Sync 1 DAGs
[2025-12-15T19:04:41.881+0000] {logging_mixin.py:190} INFO - [2025-12-15T19:04:41.881+0000] {dag.py:4180} INFO - Setting next_dagrun for example_sensor_decorator to None, run_after=None
[2025-12-15T19:04:41.918+0000] {processor.py:208} INFO - Processing /home/airflow/.local/lib/python3.12/site-packages/airflow/example_dags/example_sensor_decorator.py took 0.147 seconds
[2025-12-15T19:05:13.243+0000] {processor.py:186} INFO - Started process (PID=4081) to work on /home/airflow/.local/lib/python3.12/site-packages/airflow/example_dags/example_sensor_decorator.py
[2025-12-15T19:05:13.335+0000] {processor.py:914} INFO - Processing file /home/airflow/.local/lib/python3.12/site-packages/airflow/example_dags/example_sensor_decorator.py for tasks to queue
[2025-12-15T19:05:13.339+0000] {logging_mixin.py:190} INFO - [2025-12-15T19:05:13.338+0000] {dagbag.py:588} INFO - Filling up the DagBag from /home/airflow/.local/lib/python3.12/site-packages/airflow/example_dags/example_sensor_decorator.py
[2025-12-15T19:05:13.351+0000] {processor.py:925} INFO - DAG(s) 'example_sensor_decorator' retrieved from /home/airflow/.local/lib/python3.12/site-packages/airflow/example_dags/example_sensor_decorator.py
[2025-12-15T19:05:13.378+0000] {logging_mixin.py:190} INFO - [2025-12-15T19:05:13.378+0000] {dag.py:3239} INFO - Sync 1 DAGs
[2025-12-15T19:05:13.398+0000] {logging_mixin.py:190} INFO - [2025-12-15T19:05:13.398+0000] {dag.py:4180} INFO - Setting next_dagrun for example_sensor_decorator to None, run_after=None
[2025-12-15T19:05:13.528+0000] {processor.py:208} INFO - Processing /home/airflow/.local/lib/python3.12/site-packages/airflow/example_dags/example_sensor_decorator.py took 0.295 seconds
[2025-12-15T19:05:44.468+0000] {processor.py:186} INFO - Started process (PID=4372) to work on /home/airflow/.local/lib/python3.12/site-packages/airflow/example_dags/example_sensor_decorator.py
[2025-12-15T19:05:44.487+0000] {processor.py:914} INFO - Processing file /home/airflow/.local/lib/python3.12/site-packages/airflow/example_dags/example_sensor_decorator.py for tasks to queue
[2025-12-15T19:05:44.494+0000] {logging_mixin.py:190} INFO - [2025-12-15T19:05:44.493+0000] {dagbag.py:588} INFO - Filling up the DagBag from /home/airflow/.local/lib/python3.12/site-packages/airflow/example_dags/example_sensor_decorator.py
[2025-12-15T19:05:44.538+0000] {processor.py:925} INFO - DAG(s) 'example_sensor_decorator' retrieved from /home/airflow/.local/lib/python3.12/site-packages/airflow/example_dags/example_sensor_decorator.py
[2025-12-15T19:05:44.674+0000] {logging_mixin.py:190} INFO - [2025-12-15T19:05:44.674+0000] {dag.py:3239} INFO - Sync 1 DAGs
[2025-12-15T19:05:44.814+0000] {logging_mixin.py:190} INFO - [2025-12-15T19:05:44.813+0000] {dag.py:4180} INFO - Setting next_dagrun for example_sensor_decorator to None, run_after=None
[2025-12-15T19:05:44.961+0000] {processor.py:208} INFO - Processing /home/airflow/.local/lib/python3.12/site-packages/airflow/example_dags/example_sensor_decorator.py took 0.526 seconds
[2025-12-15T19:06:15.586+0000] {processor.py:186} INFO - Started process (PID=4663) to work on /home/airflow/.local/lib/python3.12/site-packages/airflow/example_dags/example_sensor_decorator.py
[2025-12-15T19:06:15.589+0000] {processor.py:914} INFO - Processing file /home/airflow/.local/lib/python3.12/site-packages/airflow/example_dags/example_sensor_decorator.py for tasks to queue
[2025-12-15T19:06:15.594+0000] {logging_mixin.py:190} INFO - [2025-12-15T19:06:15.592+0000] {dagbag.py:588} INFO - Filling up the DagBag from /home/airflow/.local/lib/python3.12/site-packages/airflow/example_dags/example_sensor_decorator.py
[2025-12-15T19:06:15.614+0000] {processor.py:925} INFO - DAG(s) 'example_sensor_decorator' retrieved from /home/airflow/.local/lib/python3.12/site-packages/airflow/example_dags/example_sensor_decorator.py
[2025-12-15T19:06:15.657+0000] {logging_mixin.py:190} INFO - [2025-12-15T19:06:15.656+0000] {dag.py:3239} INFO - Sync 1 DAGs
[2025-12-15T19:06:15.690+0000] {logging_mixin.py:190} INFO - [2025-12-15T19:06:15.689+0000] {dag.py:4180} INFO - Setting next_dagrun for example_sensor_decorator to None, run_after=None
[2025-12-15T19:06:15.736+0000] {processor.py:208} INFO - Processing /home/airflow/.local/lib/python3.12/site-packages/airflow/example_dags/example_sensor_decorator.py took 0.161 seconds
[2025-12-15T19:06:46.709+0000] {processor.py:186} INFO - Started process (PID=4954) to work on /home/airflow/.local/lib/python3.12/site-packages/airflow/example_dags/example_sensor_decorator.py
[2025-12-15T19:06:46.712+0000] {processor.py:914} INFO - Processing file /home/airflow/.local/lib/python3.12/site-packages/airflow/example_dags/example_sensor_decorator.py for tasks to queue
[2025-12-15T19:06:46.720+0000] {logging_mixin.py:190} INFO - [2025-12-15T19:06:46.719+0000] {dagbag.py:588} INFO - Filling up the DagBag from /home/airflow/.local/lib/python3.12/site-packages/airflow/example_dags/example_sensor_decorator.py
[2025-12-15T19:06:46.741+0000] {processor.py:925} INFO - DAG(s) 'example_sensor_decorator' retrieved from /home/airflow/.local/lib/python3.12/site-packages/airflow/example_dags/example_sensor_decorator.py
[2025-12-15T19:06:46.783+0000] {logging_mixin.py:190} INFO - [2025-12-15T19:06:46.783+0000] {dag.py:3239} INFO - Sync 1 DAGs
[2025-12-15T19:06:46.810+0000] {logging_mixin.py:190} INFO - [2025-12-15T19:06:46.810+0000] {dag.py:4180} INFO - Setting next_dagrun for example_sensor_decorator to None, run_after=None
[2025-12-15T19:06:46.848+0000] {processor.py:208} INFO - Processing /home/airflow/.local/lib/python3.12/site-packages/airflow/example_dags/example_sensor_decorator.py took 0.158 seconds
[2025-12-15T19:07:24.495+0000] {processor.py:186} INFO - Started process (PID=5220) to work on /home/airflow/.local/lib/python3.12/site-packages/airflow/example_dags/example_sensor_decorator.py
[2025-12-15T19:07:24.498+0000] {processor.py:914} INFO - Processing file /home/airflow/.local/lib/python3.12/site-packages/airflow/example_dags/example_sensor_decorator.py for tasks to queue
[2025-12-15T19:07:24.526+0000] {logging_mixin.py:190} INFO - [2025-12-15T19:07:24.525+0000] {dagbag.py:588} INFO - Filling up the DagBag from /home/airflow/.local/lib/python3.12/site-packages/airflow/example_dags/example_sensor_decorator.py
[2025-12-15T19:07:24.619+0000] {processor.py:925} INFO - DAG(s) 'example_sensor_decorator' retrieved from /home/airflow/.local/lib/python3.12/site-packages/airflow/example_dags/example_sensor_decorator.py
[2025-12-15T19:07:24.756+0000] {logging_mixin.py:190} INFO - [2025-12-15T19:07:24.756+0000] {dag.py:3239} INFO - Sync 1 DAGs
[2025-12-15T19:07:24.901+0000] {logging_mixin.py:190} INFO - [2025-12-15T19:07:24.901+0000] {dag.py:4180} INFO - Setting next_dagrun for example_sensor_decorator to None, run_after=None
[2025-12-15T19:07:25.068+0000] {processor.py:208} INFO - Processing /home/airflow/.local/lib/python3.12/site-packages/airflow/example_dags/example_sensor_decorator.py took 0.631 seconds
[2025-12-15T19:07:55.751+0000] {processor.py:186} INFO - Started process (PID=5511) to work on /home/airflow/.local/lib/python3.12/site-packages/airflow/example_dags/example_sensor_decorator.py
[2025-12-15T19:07:56.177+0000] {processor.py:914} INFO - Processing file /home/airflow/.local/lib/python3.12/site-packages/airflow/example_dags/example_sensor_decorator.py for tasks to queue
[2025-12-15T19:07:56.195+0000] {logging_mixin.py:190} INFO - [2025-12-15T19:07:56.195+0000] {dagbag.py:588} INFO - Filling up the DagBag from /home/airflow/.local/lib/python3.12/site-packages/airflow/example_dags/example_sensor_decorator.py
[2025-12-15T19:07:56.207+0000] {processor.py:925} INFO - DAG(s) 'example_sensor_decorator' retrieved from /home/airflow/.local/lib/python3.12/site-packages/airflow/example_dags/example_sensor_decorator.py
[2025-12-15T19:07:56.235+0000] {logging_mixin.py:190} INFO - [2025-12-15T19:07:56.234+0000] {dag.py:3239} INFO - Sync 1 DAGs
[2025-12-15T19:07:56.254+0000] {logging_mixin.py:190} INFO - [2025-12-15T19:07:56.254+0000] {dag.py:4180} INFO - Setting next_dagrun for example_sensor_decorator to None, run_after=None
[2025-12-15T19:07:56.667+0000] {processor.py:208} INFO - Processing /home/airflow/.local/lib/python3.12/site-packages/airflow/example_dags/example_sensor_decorator.py took 0.924 seconds
[2025-12-15T19:08:27.772+0000] {processor.py:186} INFO - Started process (PID=5802) to work on /home/airflow/.local/lib/python3.12/site-packages/airflow/example_dags/example_sensor_decorator.py
[2025-12-15T19:08:27.787+0000] {processor.py:914} INFO - Processing file /home/airflow/.local/lib/python3.12/site-packages/airflow/example_dags/example_sensor_decorator.py for tasks to queue
[2025-12-15T19:08:27.804+0000] {logging_mixin.py:190} INFO - [2025-12-15T19:08:27.803+0000] {dagbag.py:588} INFO - Filling up the DagBag from /home/airflow/.local/lib/python3.12/site-packages/airflow/example_dags/example_sensor_decorator.py
[2025-12-15T19:08:27.861+0000] {processor.py:925} INFO - DAG(s) 'example_sensor_decorator' retrieved from /home/airflow/.local/lib/python3.12/site-packages/airflow/example_dags/example_sensor_decorator.py
[2025-12-15T19:08:27.993+0000] {logging_mixin.py:190} INFO - [2025-12-15T19:08:27.993+0000] {dag.py:3239} INFO - Sync 1 DAGs
[2025-12-15T19:08:28.050+0000] {logging_mixin.py:190} INFO - [2025-12-15T19:08:28.050+0000] {dag.py:4180} INFO - Setting next_dagrun for example_sensor_decorator to None, run_after=None
[2025-12-15T19:08:28.124+0000] {processor.py:208} INFO - Processing /home/airflow/.local/lib/python3.12/site-packages/airflow/example_dags/example_sensor_decorator.py took 0.403 seconds
[2025-12-15T19:08:58.419+0000] {processor.py:186} INFO - Started process (PID=6088) to work on /home/airflow/.local/lib/python3.12/site-packages/airflow/example_dags/example_sensor_decorator.py
[2025-12-15T19:08:58.421+0000] {processor.py:914} INFO - Processing file /home/airflow/.local/lib/python3.12/site-packages/airflow/example_dags/example_sensor_decorator.py for tasks to queue
[2025-12-15T19:08:58.425+0000] {logging_mixin.py:190} INFO - [2025-12-15T19:08:58.424+0000] {dagbag.py:588} INFO - Filling up the DagBag from /home/airflow/.local/lib/python3.12/site-packages/airflow/example_dags/example_sensor_decorator.py
[2025-12-15T19:08:58.439+0000] {processor.py:925} INFO - DAG(s) 'example_sensor_decorator' retrieved from /home/airflow/.local/lib/python3.12/site-packages/airflow/example_dags/example_sensor_decorator.py
[2025-12-15T19:08:58.468+0000] {logging_mixin.py:190} INFO - [2025-12-15T19:08:58.468+0000] {dag.py:3239} INFO - Sync 1 DAGs
[2025-12-15T19:08:58.514+0000] {logging_mixin.py:190} INFO - [2025-12-15T19:08:58.514+0000] {dag.py:4180} INFO - Setting next_dagrun for example_sensor_decorator to None, run_after=None
[2025-12-15T19:08:58.554+0000] {processor.py:208} INFO - Processing /home/airflow/.local/lib/python3.12/site-packages/airflow/example_dags/example_sensor_decorator.py took 0.142 seconds
[2025-12-15T19:09:29.158+0000] {processor.py:186} INFO - Started process (PID=6379) to work on /home/airflow/.local/lib/python3.12/site-packages/airflow/example_dags/example_sensor_decorator.py
[2025-12-15T19:09:29.161+0000] {processor.py:914} INFO - Processing file /home/airflow/.local/lib/python3.12/site-packages/airflow/example_dags/example_sensor_decorator.py for tasks to queue
[2025-12-15T19:09:29.165+0000] {logging_mixin.py:190} INFO - [2025-12-15T19:09:29.164+0000] {dagbag.py:588} INFO - Filling up the DagBag from /home/airflow/.local/lib/python3.12/site-packages/airflow/example_dags/example_sensor_decorator.py
[2025-12-15T19:09:29.181+0000] {processor.py:925} INFO - DAG(s) 'example_sensor_decorator' retrieved from /home/airflow/.local/lib/python3.12/site-packages/airflow/example_dags/example_sensor_decorator.py
[2025-12-15T19:09:29.216+0000] {logging_mixin.py:190} INFO - [2025-12-15T19:09:29.215+0000] {dag.py:3239} INFO - Sync 1 DAGs
[2025-12-15T19:09:29.242+0000] {logging_mixin.py:190} INFO - [2025-12-15T19:09:29.241+0000] {dag.py:4180} INFO - Setting next_dagrun for example_sensor_decorator to None, run_after=None
[2025-12-15T19:09:29.593+0000] {processor.py:208} INFO - Processing /home/airflow/.local/lib/python3.12/site-packages/airflow/example_dags/example_sensor_decorator.py took 0.446 seconds
[2025-12-15T19:10:00.323+0000] {processor.py:186} INFO - Started process (PID=6672) to work on /home/airflow/.local/lib/python3.12/site-packages/airflow/example_dags/example_sensor_decorator.py
[2025-12-15T19:10:00.325+0000] {processor.py:914} INFO - Processing file /home/airflow/.local/lib/python3.12/site-packages/airflow/example_dags/example_sensor_decorator.py for tasks to queue
[2025-12-15T19:10:00.333+0000] {logging_mixin.py:190} INFO - [2025-12-15T19:10:00.332+0000] {dagbag.py:588} INFO - Filling up the DagBag from /home/airflow/.local/lib/python3.12/site-packages/airflow/example_dags/example_sensor_decorator.py
[2025-12-15T19:10:00.349+0000] {processor.py:925} INFO - DAG(s) 'example_sensor_decorator' retrieved from /home/airflow/.local/lib/python3.12/site-packages/airflow/example_dags/example_sensor_decorator.py
[2025-12-15T19:10:00.387+0000] {logging_mixin.py:190} INFO - [2025-12-15T19:10:00.386+0000] {dag.py:3239} INFO - Sync 1 DAGs
[2025-12-15T19:10:00.414+0000] {logging_mixin.py:190} INFO - [2025-12-15T19:10:00.413+0000] {dag.py:4180} INFO - Setting next_dagrun for example_sensor_decorator to None, run_after=None
[2025-12-15T19:10:00.465+0000] {processor.py:208} INFO - Processing /home/airflow/.local/lib/python3.12/site-packages/airflow/example_dags/example_sensor_decorator.py took 0.154 seconds
[2025-12-15T19:10:30.924+0000] {processor.py:186} INFO - Started process (PID=6957) to work on /home/airflow/.local/lib/python3.12/site-packages/airflow/example_dags/example_sensor_decorator.py
[2025-12-15T19:10:30.927+0000] {processor.py:914} INFO - Processing file /home/airflow/.local/lib/python3.12/site-packages/airflow/example_dags/example_sensor_decorator.py for tasks to queue
[2025-12-15T19:10:30.931+0000] {logging_mixin.py:190} INFO - [2025-12-15T19:10:30.930+0000] {dagbag.py:588} INFO - Filling up the DagBag from /home/airflow/.local/lib/python3.12/site-packages/airflow/example_dags/example_sensor_decorator.py
[2025-12-15T19:10:30.958+0000] {processor.py:925} INFO - DAG(s) 'example_sensor_decorator' retrieved from /home/airflow/.local/lib/python3.12/site-packages/airflow/example_dags/example_sensor_decorator.py
[2025-12-15T19:10:31.015+0000] {logging_mixin.py:190} INFO - [2025-12-15T19:10:31.015+0000] {dag.py:3239} INFO - Sync 1 DAGs
[2025-12-15T19:10:31.050+0000] {logging_mixin.py:190} INFO - [2025-12-15T19:10:31.049+0000] {dag.py:4180} INFO - Setting next_dagrun for example_sensor_decorator to None, run_after=None
[2025-12-15T19:10:31.093+0000] {processor.py:208} INFO - Processing /home/airflow/.local/lib/python3.12/site-packages/airflow/example_dags/example_sensor_decorator.py took 0.183 seconds
[2025-12-15T19:11:01.862+0000] {processor.py:186} INFO - Started process (PID=7248) to work on /home/airflow/.local/lib/python3.12/site-packages/airflow/example_dags/example_sensor_decorator.py
[2025-12-15T19:11:01.863+0000] {processor.py:914} INFO - Processing file /home/airflow/.local/lib/python3.12/site-packages/airflow/example_dags/example_sensor_decorator.py for tasks to queue
[2025-12-15T19:11:01.868+0000] {logging_mixin.py:190} INFO - [2025-12-15T19:11:01.867+0000] {dagbag.py:588} INFO - Filling up the DagBag from /home/airflow/.local/lib/python3.12/site-packages/airflow/example_dags/example_sensor_decorator.py
[2025-12-15T19:11:01.881+0000] {processor.py:925} INFO - DAG(s) 'example_sensor_decorator' retrieved from /home/airflow/.local/lib/python3.12/site-packages/airflow/example_dags/example_sensor_decorator.py
[2025-12-15T19:11:01.918+0000] {logging_mixin.py:190} INFO - [2025-12-15T19:11:01.918+0000] {dag.py:3239} INFO - Sync 1 DAGs
[2025-12-15T19:11:01.946+0000] {logging_mixin.py:190} INFO - [2025-12-15T19:11:01.946+0000] {dag.py:4180} INFO - Setting next_dagrun for example_sensor_decorator to None, run_after=None
[2025-12-15T19:11:01.987+0000] {processor.py:208} INFO - Processing /home/airflow/.local/lib/python3.12/site-packages/airflow/example_dags/example_sensor_decorator.py took 0.136 seconds
[2025-12-15T19:11:32.557+0000] {processor.py:186} INFO - Started process (PID=7539) to work on /home/airflow/.local/lib/python3.12/site-packages/airflow/example_dags/example_sensor_decorator.py
[2025-12-15T19:11:32.561+0000] {processor.py:914} INFO - Processing file /home/airflow/.local/lib/python3.12/site-packages/airflow/example_dags/example_sensor_decorator.py for tasks to queue
[2025-12-15T19:11:32.567+0000] {logging_mixin.py:190} INFO - [2025-12-15T19:11:32.566+0000] {dagbag.py:588} INFO - Filling up the DagBag from /home/airflow/.local/lib/python3.12/site-packages/airflow/example_dags/example_sensor_decorator.py
[2025-12-15T19:11:32.619+0000] {processor.py:925} INFO - DAG(s) 'example_sensor_decorator' retrieved from /home/airflow/.local/lib/python3.12/site-packages/airflow/example_dags/example_sensor_decorator.py
[2025-12-15T19:11:32.704+0000] {logging_mixin.py:190} INFO - [2025-12-15T19:11:32.703+0000] {dag.py:3239} INFO - Sync 1 DAGs
[2025-12-15T19:11:32.748+0000] {logging_mixin.py:190} INFO - [2025-12-15T19:11:32.748+0000] {dag.py:4180} INFO - Setting next_dagrun for example_sensor_decorator to None, run_after=None
[2025-12-15T19:11:32.799+0000] {processor.py:208} INFO - Processing /home/airflow/.local/lib/python3.12/site-packages/airflow/example_dags/example_sensor_decorator.py took 0.281 seconds
[2025-12-15T19:12:03.091+0000] {processor.py:186} INFO - Started process (PID=7830) to work on /home/airflow/.local/lib/python3.12/site-packages/airflow/example_dags/example_sensor_decorator.py
[2025-12-15T19:12:03.092+0000] {processor.py:914} INFO - Processing file /home/airflow/.local/lib/python3.12/site-packages/airflow/example_dags/example_sensor_decorator.py for tasks to queue
[2025-12-15T19:12:03.094+0000] {logging_mixin.py:190} INFO - [2025-12-15T19:12:03.094+0000] {dagbag.py:588} INFO - Filling up the DagBag from /home/airflow/.local/lib/python3.12/site-packages/airflow/example_dags/example_sensor_decorator.py
[2025-12-15T19:12:03.107+0000] {processor.py:925} INFO - DAG(s) 'example_sensor_decorator' retrieved from /home/airflow/.local/lib/python3.12/site-packages/airflow/example_dags/example_sensor_decorator.py
[2025-12-15T19:12:03.140+0000] {logging_mixin.py:190} INFO - [2025-12-15T19:12:03.139+0000] {dag.py:3239} INFO - Sync 1 DAGs
[2025-12-15T19:12:03.165+0000] {logging_mixin.py:190} INFO - [2025-12-15T19:12:03.165+0000] {dag.py:4180} INFO - Setting next_dagrun for example_sensor_decorator to None, run_after=None
[2025-12-15T19:12:03.194+0000] {processor.py:208} INFO - Processing /home/airflow/.local/lib/python3.12/site-packages/airflow/example_dags/example_sensor_decorator.py took 0.114 seconds
[2025-12-15T19:12:33.477+0000] {processor.py:186} INFO - Started process (PID=8122) to work on /home/airflow/.local/lib/python3.12/site-packages/airflow/example_dags/example_sensor_decorator.py
[2025-12-15T19:12:33.479+0000] {processor.py:914} INFO - Processing file /home/airflow/.local/lib/python3.12/site-packages/airflow/example_dags/example_sensor_decorator.py for tasks to queue
[2025-12-15T19:12:33.482+0000] {logging_mixin.py:190} INFO - [2025-12-15T19:12:33.481+0000] {dagbag.py:588} INFO - Filling up the DagBag from /home/airflow/.local/lib/python3.12/site-packages/airflow/example_dags/example_sensor_decorator.py
[2025-12-15T19:12:33.500+0000] {processor.py:925} INFO - DAG(s) 'example_sensor_decorator' retrieved from /home/airflow/.local/lib/python3.12/site-packages/airflow/example_dags/example_sensor_decorator.py
[2025-12-15T19:12:33.543+0000] {logging_mixin.py:190} INFO - [2025-12-15T19:12:33.543+0000] {dag.py:3239} INFO - Sync 1 DAGs
[2025-12-15T19:12:33.567+0000] {logging_mixin.py:190} INFO - [2025-12-15T19:12:33.566+0000] {dag.py:4180} INFO - Setting next_dagrun for example_sensor_decorator to None, run_after=None
[2025-12-15T19:12:33.593+0000] {processor.py:208} INFO - Processing /home/airflow/.local/lib/python3.12/site-packages/airflow/example_dags/example_sensor_decorator.py took 0.131 seconds
[2025-12-15T19:13:03.812+0000] {processor.py:186} INFO - Started process (PID=8412) to work on /home/airflow/.local/lib/python3.12/site-packages/airflow/example_dags/example_sensor_decorator.py
[2025-12-15T19:13:03.814+0000] {processor.py:914} INFO - Processing file /home/airflow/.local/lib/python3.12/site-packages/airflow/example_dags/example_sensor_decorator.py for tasks to queue
[2025-12-15T19:13:03.816+0000] {logging_mixin.py:190} INFO - [2025-12-15T19:13:03.815+0000] {dagbag.py:588} INFO - Filling up the DagBag from /home/airflow/.local/lib/python3.12/site-packages/airflow/example_dags/example_sensor_decorator.py
[2025-12-15T19:13:03.828+0000] {processor.py:925} INFO - DAG(s) 'example_sensor_decorator' retrieved from /home/airflow/.local/lib/python3.12/site-packages/airflow/example_dags/example_sensor_decorator.py
[2025-12-15T19:13:03.853+0000] {logging_mixin.py:190} INFO - [2025-12-15T19:13:03.853+0000] {dag.py:3239} INFO - Sync 1 DAGs
[2025-12-15T19:13:03.877+0000] {logging_mixin.py:190} INFO - [2025-12-15T19:13:03.877+0000] {dag.py:4180} INFO - Setting next_dagrun for example_sensor_decorator to None, run_after=None
[2025-12-15T19:13:03.924+0000] {processor.py:208} INFO - Processing /home/airflow/.local/lib/python3.12/site-packages/airflow/example_dags/example_sensor_decorator.py took 0.125 seconds
[2025-12-15T19:13:34.929+0000] {processor.py:186} INFO - Started process (PID=8683) to work on /home/airflow/.local/lib/python3.12/site-packages/airflow/example_dags/example_sensor_decorator.py
[2025-12-15T19:13:34.937+0000] {processor.py:914} INFO - Processing file /home/airflow/.local/lib/python3.12/site-packages/airflow/example_dags/example_sensor_decorator.py for tasks to queue
[2025-12-15T19:13:34.948+0000] {logging_mixin.py:190} INFO - [2025-12-15T19:13:34.947+0000] {dagbag.py:588} INFO - Filling up the DagBag from /home/airflow/.local/lib/python3.12/site-packages/airflow/example_dags/example_sensor_decorator.py
[2025-12-15T19:13:35.002+0000] {processor.py:925} INFO - DAG(s) 'example_sensor_decorator' retrieved from /home/airflow/.local/lib/python3.12/site-packages/airflow/example_dags/example_sensor_decorator.py
[2025-12-15T19:13:35.100+0000] {logging_mixin.py:190} INFO - [2025-12-15T19:13:35.099+0000] {dag.py:3239} INFO - Sync 1 DAGs
[2025-12-15T19:13:35.184+0000] {logging_mixin.py:190} INFO - [2025-12-15T19:13:35.184+0000] {dag.py:4180} INFO - Setting next_dagrun for example_sensor_decorator to None, run_after=None
[2025-12-15T19:13:35.242+0000] {processor.py:208} INFO - Processing /home/airflow/.local/lib/python3.12/site-packages/airflow/example_dags/example_sensor_decorator.py took 0.364 seconds
[2025-12-15T19:14:06.204+0000] {processor.py:186} INFO - Started process (PID=8976) to work on /home/airflow/.local/lib/python3.12/site-packages/airflow/example_dags/example_sensor_decorator.py
[2025-12-15T19:14:06.213+0000] {processor.py:914} INFO - Processing file /home/airflow/.local/lib/python3.12/site-packages/airflow/example_dags/example_sensor_decorator.py for tasks to queue
[2025-12-15T19:14:06.223+0000] {logging_mixin.py:190} INFO - [2025-12-15T19:14:06.222+0000] {dagbag.py:588} INFO - Filling up the DagBag from /home/airflow/.local/lib/python3.12/site-packages/airflow/example_dags/example_sensor_decorator.py
[2025-12-15T19:14:06.320+0000] {processor.py:925} INFO - DAG(s) 'example_sensor_decorator' retrieved from /home/airflow/.local/lib/python3.12/site-packages/airflow/example_dags/example_sensor_decorator.py
[2025-12-15T19:14:06.489+0000] {logging_mixin.py:190} INFO - [2025-12-15T19:14:06.488+0000] {dag.py:3239} INFO - Sync 1 DAGs
[2025-12-15T19:14:06.649+0000] {logging_mixin.py:190} INFO - [2025-12-15T19:14:06.648+0000] {dag.py:4180} INFO - Setting next_dagrun for example_sensor_decorator to None, run_after=None
[2025-12-15T19:14:06.825+0000] {processor.py:208} INFO - Processing /home/airflow/.local/lib/python3.12/site-packages/airflow/example_dags/example_sensor_decorator.py took 0.683 seconds
[2025-12-15T19:14:37.590+0000] {processor.py:186} INFO - Started process (PID=9267) to work on /home/airflow/.local/lib/python3.12/site-packages/airflow/example_dags/example_sensor_decorator.py
[2025-12-15T19:14:37.591+0000] {processor.py:914} INFO - Processing file /home/airflow/.local/lib/python3.12/site-packages/airflow/example_dags/example_sensor_decorator.py for tasks to queue
[2025-12-15T19:14:37.593+0000] {logging_mixin.py:190} INFO - [2025-12-15T19:14:37.592+0000] {dagbag.py:588} INFO - Filling up the DagBag from /home/airflow/.local/lib/python3.12/site-packages/airflow/example_dags/example_sensor_decorator.py
[2025-12-15T19:14:37.607+0000] {processor.py:925} INFO - DAG(s) 'example_sensor_decorator' retrieved from /home/airflow/.local/lib/python3.12/site-packages/airflow/example_dags/example_sensor_decorator.py
[2025-12-15T19:14:37.647+0000] {logging_mixin.py:190} INFO - [2025-12-15T19:14:37.647+0000] {dag.py:3239} INFO - Sync 1 DAGs
[2025-12-15T19:14:37.669+0000] {logging_mixin.py:190} INFO - [2025-12-15T19:14:37.669+0000] {dag.py:4180} INFO - Setting next_dagrun for example_sensor_decorator to None, run_after=None
[2025-12-15T19:14:37.700+0000] {processor.py:208} INFO - Processing /home/airflow/.local/lib/python3.12/site-packages/airflow/example_dags/example_sensor_decorator.py took 0.121 seconds
[2025-12-15T19:15:09.513+0000] {processor.py:186} INFO - Started process (PID=9556) to work on /home/airflow/.local/lib/python3.12/site-packages/airflow/example_dags/example_sensor_decorator.py
[2025-12-15T19:15:09.519+0000] {processor.py:914} INFO - Processing file /home/airflow/.local/lib/python3.12/site-packages/airflow/example_dags/example_sensor_decorator.py for tasks to queue
[2025-12-15T19:15:09.526+0000] {logging_mixin.py:190} INFO - [2025-12-15T19:15:09.525+0000] {dagbag.py:588} INFO - Filling up the DagBag from /home/airflow/.local/lib/python3.12/site-packages/airflow/example_dags/example_sensor_decorator.py
[2025-12-15T19:15:09.556+0000] {processor.py:925} INFO - DAG(s) 'example_sensor_decorator' retrieved from /home/airflow/.local/lib/python3.12/site-packages/airflow/example_dags/example_sensor_decorator.py
[2025-12-15T19:15:09.597+0000] {logging_mixin.py:190} INFO - [2025-12-15T19:15:09.596+0000] {dag.py:3239} INFO - Sync 1 DAGs
[2025-12-15T19:15:09.641+0000] {logging_mixin.py:190} INFO - [2025-12-15T19:15:09.641+0000] {dag.py:4180} INFO - Setting next_dagrun for example_sensor_decorator to None, run_after=None
[2025-12-15T19:15:09.694+0000] {processor.py:208} INFO - Processing /home/airflow/.local/lib/python3.12/site-packages/airflow/example_dags/example_sensor_decorator.py took 0.204 seconds
[2025-12-15T19:15:40.918+0000] {processor.py:186} INFO - Started process (PID=9829) to work on /home/airflow/.local/lib/python3.12/site-packages/airflow/example_dags/example_sensor_decorator.py
[2025-12-15T19:15:40.921+0000] {processor.py:914} INFO - Processing file /home/airflow/.local/lib/python3.12/site-packages/airflow/example_dags/example_sensor_decorator.py for tasks to queue
[2025-12-15T19:15:40.926+0000] {logging_mixin.py:190} INFO - [2025-12-15T19:15:40.924+0000] {dagbag.py:588} INFO - Filling up the DagBag from /home/airflow/.local/lib/python3.12/site-packages/airflow/example_dags/example_sensor_decorator.py
[2025-12-15T19:15:40.964+0000] {processor.py:925} INFO - DAG(s) 'example_sensor_decorator' retrieved from /home/airflow/.local/lib/python3.12/site-packages/airflow/example_dags/example_sensor_decorator.py
[2025-12-15T19:15:41.083+0000] {logging_mixin.py:190} INFO - [2025-12-15T19:15:41.082+0000] {dag.py:3239} INFO - Sync 1 DAGs
[2025-12-15T19:15:41.196+0000] {logging_mixin.py:190} INFO - [2025-12-15T19:15:41.195+0000] {dag.py:4180} INFO - Setting next_dagrun for example_sensor_decorator to None, run_after=None
[2025-12-15T19:15:41.355+0000] {processor.py:208} INFO - Processing /home/airflow/.local/lib/python3.12/site-packages/airflow/example_dags/example_sensor_decorator.py took 0.449 seconds
[2025-12-15T19:16:13.232+0000] {processor.py:186} INFO - Started process (PID=10120) to work on /home/airflow/.local/lib/python3.12/site-packages/airflow/example_dags/example_sensor_decorator.py
[2025-12-15T19:16:13.234+0000] {processor.py:914} INFO - Processing file /home/airflow/.local/lib/python3.12/site-packages/airflow/example_dags/example_sensor_decorator.py for tasks to queue
[2025-12-15T19:16:13.238+0000] {logging_mixin.py:190} INFO - [2025-12-15T19:16:13.236+0000] {dagbag.py:588} INFO - Filling up the DagBag from /home/airflow/.local/lib/python3.12/site-packages/airflow/example_dags/example_sensor_decorator.py
[2025-12-15T19:16:13.255+0000] {processor.py:925} INFO - DAG(s) 'example_sensor_decorator' retrieved from /home/airflow/.local/lib/python3.12/site-packages/airflow/example_dags/example_sensor_decorator.py
[2025-12-15T19:16:13.293+0000] {logging_mixin.py:190} INFO - [2025-12-15T19:16:13.293+0000] {dag.py:3239} INFO - Sync 1 DAGs
[2025-12-15T19:16:13.323+0000] {logging_mixin.py:190} INFO - [2025-12-15T19:16:13.322+0000] {dag.py:4180} INFO - Setting next_dagrun for example_sensor_decorator to None, run_after=None
[2025-12-15T19:16:13.357+0000] {processor.py:208} INFO - Processing /home/airflow/.local/lib/python3.12/site-packages/airflow/example_dags/example_sensor_decorator.py took 0.137 seconds
[2025-12-15T19:16:45.874+0000] {processor.py:186} INFO - Started process (PID=10389) to work on /home/airflow/.local/lib/python3.12/site-packages/airflow/example_dags/example_sensor_decorator.py
[2025-12-15T19:16:45.879+0000] {processor.py:914} INFO - Processing file /home/airflow/.local/lib/python3.12/site-packages/airflow/example_dags/example_sensor_decorator.py for tasks to queue
[2025-12-15T19:16:45.882+0000] {logging_mixin.py:190} INFO - [2025-12-15T19:16:45.881+0000] {dagbag.py:588} INFO - Filling up the DagBag from /home/airflow/.local/lib/python3.12/site-packages/airflow/example_dags/example_sensor_decorator.py
[2025-12-15T19:16:45.914+0000] {processor.py:925} INFO - DAG(s) 'example_sensor_decorator' retrieved from /home/airflow/.local/lib/python3.12/site-packages/airflow/example_dags/example_sensor_decorator.py
[2025-12-15T19:16:45.985+0000] {logging_mixin.py:190} INFO - [2025-12-15T19:16:45.983+0000] {dag.py:3239} INFO - Sync 1 DAGs
[2025-12-15T19:16:46.050+0000] {logging_mixin.py:190} INFO - [2025-12-15T19:16:46.049+0000] {dag.py:4180} INFO - Setting next_dagrun for example_sensor_decorator to None, run_after=None
[2025-12-15T19:16:46.142+0000] {processor.py:208} INFO - Processing /home/airflow/.local/lib/python3.12/site-packages/airflow/example_dags/example_sensor_decorator.py took 0.290 seconds
[2025-12-15T19:17:23.608+0000] {processor.py:186} INFO - Started process (PID=10655) to work on /home/airflow/.local/lib/python3.12/site-packages/airflow/example_dags/example_sensor_decorator.py
[2025-12-15T19:17:23.614+0000] {processor.py:914} INFO - Processing file /home/airflow/.local/lib/python3.12/site-packages/airflow/example_dags/example_sensor_decorator.py for tasks to queue
[2025-12-15T19:17:23.617+0000] {logging_mixin.py:190} INFO - [2025-12-15T19:17:23.617+0000] {dagbag.py:588} INFO - Filling up the DagBag from /home/airflow/.local/lib/python3.12/site-packages/airflow/example_dags/example_sensor_decorator.py
[2025-12-15T19:17:23.652+0000] {processor.py:925} INFO - DAG(s) 'example_sensor_decorator' retrieved from /home/airflow/.local/lib/python3.12/site-packages/airflow/example_dags/example_sensor_decorator.py
[2025-12-15T19:17:23.705+0000] {logging_mixin.py:190} INFO - [2025-12-15T19:17:23.704+0000] {dag.py:3239} INFO - Sync 1 DAGs
[2025-12-15T19:17:23.756+0000] {logging_mixin.py:190} INFO - [2025-12-15T19:17:23.755+0000] {dag.py:4180} INFO - Setting next_dagrun for example_sensor_decorator to None, run_after=None
[2025-12-15T19:17:23.810+0000] {processor.py:208} INFO - Processing /home/airflow/.local/lib/python3.12/site-packages/airflow/example_dags/example_sensor_decorator.py took 0.216 seconds
[2025-12-15T19:17:54.318+0000] {processor.py:186} INFO - Started process (PID=10950) to work on /home/airflow/.local/lib/python3.12/site-packages/airflow/example_dags/example_sensor_decorator.py
[2025-12-15T19:17:54.338+0000] {processor.py:914} INFO - Processing file /home/airflow/.local/lib/python3.12/site-packages/airflow/example_dags/example_sensor_decorator.py for tasks to queue
[2025-12-15T19:17:54.341+0000] {logging_mixin.py:190} INFO - [2025-12-15T19:17:54.340+0000] {dagbag.py:588} INFO - Filling up the DagBag from /home/airflow/.local/lib/python3.12/site-packages/airflow/example_dags/example_sensor_decorator.py
[2025-12-15T19:17:54.360+0000] {processor.py:925} INFO - DAG(s) 'example_sensor_decorator' retrieved from /home/airflow/.local/lib/python3.12/site-packages/airflow/example_dags/example_sensor_decorator.py
[2025-12-15T19:17:54.398+0000] {logging_mixin.py:190} INFO - [2025-12-15T19:17:54.398+0000] {dag.py:3239} INFO - Sync 1 DAGs
[2025-12-15T19:17:54.428+0000] {logging_mixin.py:190} INFO - [2025-12-15T19:17:54.427+0000] {dag.py:4180} INFO - Setting next_dagrun for example_sensor_decorator to None, run_after=None
[2025-12-15T19:17:54.465+0000] {processor.py:208} INFO - Processing /home/airflow/.local/lib/python3.12/site-packages/airflow/example_dags/example_sensor_decorator.py took 0.160 seconds
[2025-12-15T19:18:26.402+0000] {processor.py:186} INFO - Started process (PID=11241) to work on /home/airflow/.local/lib/python3.12/site-packages/airflow/example_dags/example_sensor_decorator.py
[2025-12-15T19:18:26.405+0000] {processor.py:914} INFO - Processing file /home/airflow/.local/lib/python3.12/site-packages/airflow/example_dags/example_sensor_decorator.py for tasks to queue
[2025-12-15T19:18:26.407+0000] {logging_mixin.py:190} INFO - [2025-12-15T19:18:26.407+0000] {dagbag.py:588} INFO - Filling up the DagBag from /home/airflow/.local/lib/python3.12/site-packages/airflow/example_dags/example_sensor_decorator.py
[2025-12-15T19:18:26.447+0000] {processor.py:925} INFO - DAG(s) 'example_sensor_decorator' retrieved from /home/airflow/.local/lib/python3.12/site-packages/airflow/example_dags/example_sensor_decorator.py
[2025-12-15T19:18:26.527+0000] {logging_mixin.py:190} INFO - [2025-12-15T19:18:26.526+0000] {dag.py:3239} INFO - Sync 1 DAGs
[2025-12-15T19:18:26.591+0000] {logging_mixin.py:190} INFO - [2025-12-15T19:18:26.590+0000] {dag.py:4180} INFO - Setting next_dagrun for example_sensor_decorator to None, run_after=None
[2025-12-15T19:18:26.658+0000] {processor.py:208} INFO - Processing /home/airflow/.local/lib/python3.12/site-packages/airflow/example_dags/example_sensor_decorator.py took 0.277 seconds
[2025-12-15T19:18:57.241+0000] {processor.py:186} INFO - Started process (PID=11532) to work on /home/airflow/.local/lib/python3.12/site-packages/airflow/example_dags/example_sensor_decorator.py
[2025-12-15T19:18:57.265+0000] {processor.py:914} INFO - Processing file /home/airflow/.local/lib/python3.12/site-packages/airflow/example_dags/example_sensor_decorator.py for tasks to queue
[2025-12-15T19:18:57.270+0000] {logging_mixin.py:190} INFO - [2025-12-15T19:18:57.267+0000] {dagbag.py:588} INFO - Filling up the DagBag from /home/airflow/.local/lib/python3.12/site-packages/airflow/example_dags/example_sensor_decorator.py
[2025-12-15T19:18:57.313+0000] {processor.py:925} INFO - DAG(s) 'example_sensor_decorator' retrieved from /home/airflow/.local/lib/python3.12/site-packages/airflow/example_dags/example_sensor_decorator.py
[2025-12-15T19:18:57.383+0000] {logging_mixin.py:190} INFO - [2025-12-15T19:18:57.383+0000] {dag.py:3239} INFO - Sync 1 DAGs
[2025-12-15T19:18:57.413+0000] {logging_mixin.py:190} INFO - [2025-12-15T19:18:57.413+0000] {dag.py:4180} INFO - Setting next_dagrun for example_sensor_decorator to None, run_after=None
[2025-12-15T19:18:57.449+0000] {processor.py:208} INFO - Processing /home/airflow/.local/lib/python3.12/site-packages/airflow/example_dags/example_sensor_decorator.py took 0.220 seconds
