[2025-12-15T18:56:09.936+0000] {processor.py:186} INFO - Started process (PID=350) to work on /home/airflow/.local/lib/python3.12/site-packages/airflow/example_dags/example_task_group.py
[2025-12-15T18:56:09.937+0000] {processor.py:914} INFO - Processing file /home/airflow/.local/lib/python3.12/site-packages/airflow/example_dags/example_task_group.py for tasks to queue
[2025-12-15T18:56:09.943+0000] {logging_mixin.py:190} INFO - [2025-12-15T18:56:09.942+0000] {dagbag.py:588} INFO - Filling up the DagBag from /home/airflow/.local/lib/python3.12/site-packages/airflow/example_dags/example_task_group.py
[2025-12-15T18:56:09.972+0000] {processor.py:925} INFO - DAG(s) 'example_task_group' retrieved from /home/airflow/.local/lib/python3.12/site-packages/airflow/example_dags/example_task_group.py
[2025-12-15T18:56:10.667+0000] {logging_mixin.py:190} INFO - [2025-12-15T18:56:10.665+0000] {override.py:1911} INFO - Created Permission View: can read on DAG:example_task_group
[2025-12-15T18:56:10.859+0000] {logging_mixin.py:190} INFO - [2025-12-15T18:56:10.858+0000] {override.py:1911} INFO - Created Permission View: can edit on DAG:example_task_group
[2025-12-15T18:56:10.906+0000] {logging_mixin.py:190} INFO - [2025-12-15T18:56:10.905+0000] {override.py:1911} INFO - Created Permission View: can delete on DAG:example_task_group
[2025-12-15T18:56:11.001+0000] {logging_mixin.py:190} INFO - [2025-12-15T18:56:11.000+0000] {override.py:1911} INFO - Created Permission View: can read on DAG Run:example_task_group
[2025-12-15T18:56:11.036+0000] {logging_mixin.py:190} INFO - [2025-12-15T18:56:11.035+0000] {override.py:1911} INFO - Created Permission View: menu access on DAG Run:example_task_group
[2025-12-15T18:56:11.128+0000] {logging_mixin.py:190} INFO - [2025-12-15T18:56:11.127+0000] {override.py:1911} INFO - Created Permission View: can create on DAG Run:example_task_group
[2025-12-15T18:56:11.209+0000] {logging_mixin.py:190} INFO - [2025-12-15T18:56:11.206+0000] {override.py:1911} INFO - Created Permission View: can delete on DAG Run:example_task_group
[2025-12-15T18:56:11.210+0000] {logging_mixin.py:190} INFO - [2025-12-15T18:56:11.210+0000] {dag.py:3239} INFO - Sync 1 DAGs
[2025-12-15T18:56:11.288+0000] {logging_mixin.py:190} INFO - [2025-12-15T18:56:11.287+0000] {dag.py:3262} INFO - Creating ORM DAG for example_task_group
[2025-12-15T18:56:11.290+0000] {logging_mixin.py:190} INFO - [2025-12-15T18:56:11.289+0000] {dag.py:4180} INFO - Setting next_dagrun for example_task_group to None, run_after=None
[2025-12-15T18:56:11.374+0000] {processor.py:208} INFO - Processing /home/airflow/.local/lib/python3.12/site-packages/airflow/example_dags/example_task_group.py took 1.457 seconds
[2025-12-15T18:56:55.308+0000] {processor.py:186} INFO - Started process (PID=639) to work on /home/airflow/.local/lib/python3.12/site-packages/airflow/example_dags/example_task_group.py
[2025-12-15T18:56:55.312+0000] {processor.py:914} INFO - Processing file /home/airflow/.local/lib/python3.12/site-packages/airflow/example_dags/example_task_group.py for tasks to queue
[2025-12-15T18:56:55.324+0000] {logging_mixin.py:190} INFO - [2025-12-15T18:56:55.323+0000] {dagbag.py:588} INFO - Filling up the DagBag from /home/airflow/.local/lib/python3.12/site-packages/airflow/example_dags/example_task_group.py
[2025-12-15T18:56:55.387+0000] {processor.py:925} INFO - DAG(s) 'example_task_group' retrieved from /home/airflow/.local/lib/python3.12/site-packages/airflow/example_dags/example_task_group.py
[2025-12-15T18:56:55.592+0000] {logging_mixin.py:190} INFO - [2025-12-15T18:56:55.591+0000] {dag.py:3239} INFO - Sync 1 DAGs
[2025-12-15T18:56:55.664+0000] {logging_mixin.py:190} INFO - [2025-12-15T18:56:55.664+0000] {dag.py:4180} INFO - Setting next_dagrun for example_task_group to None, run_after=None
[2025-12-15T18:56:55.716+0000] {processor.py:208} INFO - Processing /home/airflow/.local/lib/python3.12/site-packages/airflow/example_dags/example_task_group.py took 0.437 seconds
[2025-12-15T18:57:31.468+0000] {processor.py:186} INFO - Started process (PID=946) to work on /home/airflow/.local/lib/python3.12/site-packages/airflow/example_dags/example_task_group.py
[2025-12-15T18:57:31.471+0000] {processor.py:914} INFO - Processing file /home/airflow/.local/lib/python3.12/site-packages/airflow/example_dags/example_task_group.py for tasks to queue
[2025-12-15T18:57:31.477+0000] {logging_mixin.py:190} INFO - [2025-12-15T18:57:31.476+0000] {dagbag.py:588} INFO - Filling up the DagBag from /home/airflow/.local/lib/python3.12/site-packages/airflow/example_dags/example_task_group.py
[2025-12-15T18:57:31.498+0000] {processor.py:925} INFO - DAG(s) 'example_task_group' retrieved from /home/airflow/.local/lib/python3.12/site-packages/airflow/example_dags/example_task_group.py
[2025-12-15T18:57:31.545+0000] {logging_mixin.py:190} INFO - [2025-12-15T18:57:31.544+0000] {dag.py:3239} INFO - Sync 1 DAGs
[2025-12-15T18:57:31.582+0000] {logging_mixin.py:190} INFO - [2025-12-15T18:57:31.581+0000] {dag.py:4180} INFO - Setting next_dagrun for example_task_group to None, run_after=None
[2025-12-15T18:57:31.634+0000] {processor.py:208} INFO - Processing /home/airflow/.local/lib/python3.12/site-packages/airflow/example_dags/example_task_group.py took 0.180 seconds
[2025-12-15T18:58:04.826+0000] {processor.py:186} INFO - Started process (PID=1241) to work on /home/airflow/.local/lib/python3.12/site-packages/airflow/example_dags/example_task_group.py
[2025-12-15T18:58:04.827+0000] {processor.py:914} INFO - Processing file /home/airflow/.local/lib/python3.12/site-packages/airflow/example_dags/example_task_group.py for tasks to queue
[2025-12-15T18:58:04.831+0000] {logging_mixin.py:190} INFO - [2025-12-15T18:58:04.831+0000] {dagbag.py:588} INFO - Filling up the DagBag from /home/airflow/.local/lib/python3.12/site-packages/airflow/example_dags/example_task_group.py
[2025-12-15T18:58:04.848+0000] {processor.py:925} INFO - DAG(s) 'example_task_group' retrieved from /home/airflow/.local/lib/python3.12/site-packages/airflow/example_dags/example_task_group.py
[2025-12-15T18:58:04.940+0000] {logging_mixin.py:190} INFO - [2025-12-15T18:58:04.940+0000] {dag.py:3239} INFO - Sync 1 DAGs
[2025-12-15T18:58:04.963+0000] {logging_mixin.py:190} INFO - [2025-12-15T18:58:04.963+0000] {dag.py:4180} INFO - Setting next_dagrun for example_task_group to None, run_after=None
[2025-12-15T18:58:04.997+0000] {processor.py:208} INFO - Processing /home/airflow/.local/lib/python3.12/site-packages/airflow/example_dags/example_task_group.py took 0.192 seconds
[2025-12-15T18:58:35.664+0000] {processor.py:186} INFO - Started process (PID=1532) to work on /home/airflow/.local/lib/python3.12/site-packages/airflow/example_dags/example_task_group.py
[2025-12-15T18:58:35.673+0000] {processor.py:914} INFO - Processing file /home/airflow/.local/lib/python3.12/site-packages/airflow/example_dags/example_task_group.py for tasks to queue
[2025-12-15T18:58:35.685+0000] {logging_mixin.py:190} INFO - [2025-12-15T18:58:35.684+0000] {dagbag.py:588} INFO - Filling up the DagBag from /home/airflow/.local/lib/python3.12/site-packages/airflow/example_dags/example_task_group.py
[2025-12-15T18:58:35.705+0000] {processor.py:925} INFO - DAG(s) 'example_task_group' retrieved from /home/airflow/.local/lib/python3.12/site-packages/airflow/example_dags/example_task_group.py
[2025-12-15T18:58:35.748+0000] {logging_mixin.py:190} INFO - [2025-12-15T18:58:35.747+0000] {dag.py:3239} INFO - Sync 1 DAGs
[2025-12-15T18:58:35.779+0000] {logging_mixin.py:190} INFO - [2025-12-15T18:58:35.778+0000] {dag.py:4180} INFO - Setting next_dagrun for example_task_group to None, run_after=None
[2025-12-15T18:58:35.813+0000] {processor.py:208} INFO - Processing /home/airflow/.local/lib/python3.12/site-packages/airflow/example_dags/example_task_group.py took 0.159 seconds
[2025-12-15T18:59:06.069+0000] {processor.py:186} INFO - Started process (PID=1820) to work on /home/airflow/.local/lib/python3.12/site-packages/airflow/example_dags/example_task_group.py
[2025-12-15T18:59:06.073+0000] {processor.py:914} INFO - Processing file /home/airflow/.local/lib/python3.12/site-packages/airflow/example_dags/example_task_group.py for tasks to queue
[2025-12-15T18:59:06.090+0000] {logging_mixin.py:190} INFO - [2025-12-15T18:59:06.089+0000] {dagbag.py:588} INFO - Filling up the DagBag from /home/airflow/.local/lib/python3.12/site-packages/airflow/example_dags/example_task_group.py
[2025-12-15T18:59:06.159+0000] {processor.py:925} INFO - DAG(s) 'example_task_group' retrieved from /home/airflow/.local/lib/python3.12/site-packages/airflow/example_dags/example_task_group.py
[2025-12-15T18:59:06.331+0000] {logging_mixin.py:190} INFO - [2025-12-15T18:59:06.322+0000] {dag.py:3239} INFO - Sync 1 DAGs
[2025-12-15T18:59:06.501+0000] {logging_mixin.py:190} INFO - [2025-12-15T18:59:06.500+0000] {dag.py:4180} INFO - Setting next_dagrun for example_task_group to None, run_after=None
[2025-12-15T18:59:07.475+0000] {processor.py:208} INFO - Processing /home/airflow/.local/lib/python3.12/site-packages/airflow/example_dags/example_task_group.py took 1.445 seconds
[2025-12-15T19:01:47.795+0000] {processor.py:186} INFO - Started process (PID=2259) to work on /home/airflow/.local/lib/python3.12/site-packages/airflow/example_dags/example_task_group.py
[2025-12-15T19:01:47.806+0000] {processor.py:914} INFO - Processing file /home/airflow/.local/lib/python3.12/site-packages/airflow/example_dags/example_task_group.py for tasks to queue
[2025-12-15T19:01:47.813+0000] {logging_mixin.py:190} INFO - [2025-12-15T19:01:47.812+0000] {dagbag.py:588} INFO - Filling up the DagBag from /home/airflow/.local/lib/python3.12/site-packages/airflow/example_dags/example_task_group.py
[2025-12-15T19:01:47.846+0000] {processor.py:925} INFO - DAG(s) 'example_task_group' retrieved from /home/airflow/.local/lib/python3.12/site-packages/airflow/example_dags/example_task_group.py
[2025-12-15T19:01:47.911+0000] {logging_mixin.py:190} INFO - [2025-12-15T19:01:47.911+0000] {dag.py:3239} INFO - Sync 1 DAGs
[2025-12-15T19:01:47.982+0000] {logging_mixin.py:190} INFO - [2025-12-15T19:01:47.981+0000] {dag.py:4180} INFO - Setting next_dagrun for example_task_group to None, run_after=None
[2025-12-15T19:01:48.035+0000] {processor.py:208} INFO - Processing /home/airflow/.local/lib/python3.12/site-packages/airflow/example_dags/example_task_group.py took 0.270 seconds
[2025-12-15T19:02:19.766+0000] {processor.py:186} INFO - Started process (PID=2550) to work on /home/airflow/.local/lib/python3.12/site-packages/airflow/example_dags/example_task_group.py
[2025-12-15T19:02:19.771+0000] {processor.py:914} INFO - Processing file /home/airflow/.local/lib/python3.12/site-packages/airflow/example_dags/example_task_group.py for tasks to queue
[2025-12-15T19:02:19.776+0000] {logging_mixin.py:190} INFO - [2025-12-15T19:02:19.775+0000] {dagbag.py:588} INFO - Filling up the DagBag from /home/airflow/.local/lib/python3.12/site-packages/airflow/example_dags/example_task_group.py
[2025-12-15T19:02:19.799+0000] {processor.py:925} INFO - DAG(s) 'example_task_group' retrieved from /home/airflow/.local/lib/python3.12/site-packages/airflow/example_dags/example_task_group.py
[2025-12-15T19:02:19.860+0000] {logging_mixin.py:190} INFO - [2025-12-15T19:02:19.859+0000] {dag.py:3239} INFO - Sync 1 DAGs
[2025-12-15T19:02:19.902+0000] {logging_mixin.py:190} INFO - [2025-12-15T19:02:19.902+0000] {dag.py:4180} INFO - Setting next_dagrun for example_task_group to None, run_after=None
[2025-12-15T19:02:19.945+0000] {processor.py:208} INFO - Processing /home/airflow/.local/lib/python3.12/site-packages/airflow/example_dags/example_task_group.py took 0.195 seconds
[2025-12-15T19:02:54.975+0000] {processor.py:186} INFO - Started process (PID=2851) to work on /home/airflow/.local/lib/python3.12/site-packages/airflow/example_dags/example_task_group.py
[2025-12-15T19:02:54.978+0000] {processor.py:914} INFO - Processing file /home/airflow/.local/lib/python3.12/site-packages/airflow/example_dags/example_task_group.py for tasks to queue
[2025-12-15T19:02:54.983+0000] {logging_mixin.py:190} INFO - [2025-12-15T19:02:54.982+0000] {dagbag.py:588} INFO - Filling up the DagBag from /home/airflow/.local/lib/python3.12/site-packages/airflow/example_dags/example_task_group.py
[2025-12-15T19:02:55.007+0000] {processor.py:925} INFO - DAG(s) 'example_task_group' retrieved from /home/airflow/.local/lib/python3.12/site-packages/airflow/example_dags/example_task_group.py
[2025-12-15T19:02:55.060+0000] {logging_mixin.py:190} INFO - [2025-12-15T19:02:55.060+0000] {dag.py:3239} INFO - Sync 1 DAGs
[2025-12-15T19:02:55.105+0000] {logging_mixin.py:190} INFO - [2025-12-15T19:02:55.102+0000] {dag.py:4180} INFO - Setting next_dagrun for example_task_group to None, run_after=None
[2025-12-15T19:02:55.165+0000] {processor.py:208} INFO - Processing /home/airflow/.local/lib/python3.12/site-packages/airflow/example_dags/example_task_group.py took 0.214 seconds
[2025-12-15T19:03:29.819+0000] {processor.py:186} INFO - Started process (PID=3150) to work on /home/airflow/.local/lib/python3.12/site-packages/airflow/example_dags/example_task_group.py
[2025-12-15T19:03:29.820+0000] {processor.py:914} INFO - Processing file /home/airflow/.local/lib/python3.12/site-packages/airflow/example_dags/example_task_group.py for tasks to queue
[2025-12-15T19:03:29.826+0000] {logging_mixin.py:190} INFO - [2025-12-15T19:03:29.826+0000] {dagbag.py:588} INFO - Filling up the DagBag from /home/airflow/.local/lib/python3.12/site-packages/airflow/example_dags/example_task_group.py
[2025-12-15T19:03:29.842+0000] {processor.py:925} INFO - DAG(s) 'example_task_group' retrieved from /home/airflow/.local/lib/python3.12/site-packages/airflow/example_dags/example_task_group.py
[2025-12-15T19:03:29.880+0000] {logging_mixin.py:190} INFO - [2025-12-15T19:03:29.879+0000] {dag.py:3239} INFO - Sync 1 DAGs
[2025-12-15T19:03:29.904+0000] {logging_mixin.py:190} INFO - [2025-12-15T19:03:29.904+0000] {dag.py:4180} INFO - Setting next_dagrun for example_task_group to None, run_after=None
[2025-12-15T19:03:29.946+0000] {processor.py:208} INFO - Processing /home/airflow/.local/lib/python3.12/site-packages/airflow/example_dags/example_task_group.py took 0.139 seconds
[2025-12-15T19:04:06.131+0000] {processor.py:186} INFO - Started process (PID=3444) to work on /home/airflow/.local/lib/python3.12/site-packages/airflow/example_dags/example_task_group.py
[2025-12-15T19:04:06.133+0000] {processor.py:914} INFO - Processing file /home/airflow/.local/lib/python3.12/site-packages/airflow/example_dags/example_task_group.py for tasks to queue
[2025-12-15T19:04:06.138+0000] {logging_mixin.py:190} INFO - [2025-12-15T19:04:06.137+0000] {dagbag.py:588} INFO - Filling up the DagBag from /home/airflow/.local/lib/python3.12/site-packages/airflow/example_dags/example_task_group.py
[2025-12-15T19:04:06.164+0000] {processor.py:925} INFO - DAG(s) 'example_task_group' retrieved from /home/airflow/.local/lib/python3.12/site-packages/airflow/example_dags/example_task_group.py
[2025-12-15T19:04:06.213+0000] {logging_mixin.py:190} INFO - [2025-12-15T19:04:06.212+0000] {dag.py:3239} INFO - Sync 1 DAGs
[2025-12-15T19:04:06.245+0000] {logging_mixin.py:190} INFO - [2025-12-15T19:04:06.244+0000] {dag.py:4180} INFO - Setting next_dagrun for example_task_group to None, run_after=None
[2025-12-15T19:04:06.281+0000] {processor.py:208} INFO - Processing /home/airflow/.local/lib/python3.12/site-packages/airflow/example_dags/example_task_group.py took 0.165 seconds
[2025-12-15T19:04:37.446+0000] {processor.py:186} INFO - Started process (PID=3735) to work on /home/airflow/.local/lib/python3.12/site-packages/airflow/example_dags/example_task_group.py
[2025-12-15T19:04:37.451+0000] {processor.py:914} INFO - Processing file /home/airflow/.local/lib/python3.12/site-packages/airflow/example_dags/example_task_group.py for tasks to queue
[2025-12-15T19:04:37.457+0000] {logging_mixin.py:190} INFO - [2025-12-15T19:04:37.456+0000] {dagbag.py:588} INFO - Filling up the DagBag from /home/airflow/.local/lib/python3.12/site-packages/airflow/example_dags/example_task_group.py
[2025-12-15T19:04:37.481+0000] {processor.py:925} INFO - DAG(s) 'example_task_group' retrieved from /home/airflow/.local/lib/python3.12/site-packages/airflow/example_dags/example_task_group.py
[2025-12-15T19:04:37.532+0000] {logging_mixin.py:190} INFO - [2025-12-15T19:04:37.531+0000] {dag.py:3239} INFO - Sync 1 DAGs
[2025-12-15T19:04:37.572+0000] {logging_mixin.py:190} INFO - [2025-12-15T19:04:37.571+0000] {dag.py:4180} INFO - Setting next_dagrun for example_task_group to None, run_after=None
[2025-12-15T19:04:37.622+0000] {processor.py:208} INFO - Processing /home/airflow/.local/lib/python3.12/site-packages/airflow/example_dags/example_task_group.py took 0.189 seconds
[2025-12-15T19:05:09.313+0000] {processor.py:186} INFO - Started process (PID=4028) to work on /home/airflow/.local/lib/python3.12/site-packages/airflow/example_dags/example_task_group.py
[2025-12-15T19:05:09.314+0000] {processor.py:914} INFO - Processing file /home/airflow/.local/lib/python3.12/site-packages/airflow/example_dags/example_task_group.py for tasks to queue
[2025-12-15T19:05:09.319+0000] {logging_mixin.py:190} INFO - [2025-12-15T19:05:09.318+0000] {dagbag.py:588} INFO - Filling up the DagBag from /home/airflow/.local/lib/python3.12/site-packages/airflow/example_dags/example_task_group.py
[2025-12-15T19:05:09.330+0000] {processor.py:925} INFO - DAG(s) 'example_task_group' retrieved from /home/airflow/.local/lib/python3.12/site-packages/airflow/example_dags/example_task_group.py
[2025-12-15T19:05:09.358+0000] {logging_mixin.py:190} INFO - [2025-12-15T19:05:09.358+0000] {dag.py:3239} INFO - Sync 1 DAGs
[2025-12-15T19:05:09.376+0000] {logging_mixin.py:190} INFO - [2025-12-15T19:05:09.376+0000] {dag.py:4180} INFO - Setting next_dagrun for example_task_group to None, run_after=None
[2025-12-15T19:05:09.403+0000] {processor.py:208} INFO - Processing /home/airflow/.local/lib/python3.12/site-packages/airflow/example_dags/example_task_group.py took 0.097 seconds
[2025-12-15T19:05:41.086+0000] {processor.py:186} INFO - Started process (PID=4319) to work on /home/airflow/.local/lib/python3.12/site-packages/airflow/example_dags/example_task_group.py
[2025-12-15T19:05:41.087+0000] {processor.py:914} INFO - Processing file /home/airflow/.local/lib/python3.12/site-packages/airflow/example_dags/example_task_group.py for tasks to queue
[2025-12-15T19:05:41.090+0000] {logging_mixin.py:190} INFO - [2025-12-15T19:05:41.090+0000] {dagbag.py:588} INFO - Filling up the DagBag from /home/airflow/.local/lib/python3.12/site-packages/airflow/example_dags/example_task_group.py
[2025-12-15T19:05:41.101+0000] {processor.py:925} INFO - DAG(s) 'example_task_group' retrieved from /home/airflow/.local/lib/python3.12/site-packages/airflow/example_dags/example_task_group.py
[2025-12-15T19:05:41.127+0000] {logging_mixin.py:190} INFO - [2025-12-15T19:05:41.127+0000] {dag.py:3239} INFO - Sync 1 DAGs
[2025-12-15T19:05:41.145+0000] {logging_mixin.py:190} INFO - [2025-12-15T19:05:41.144+0000] {dag.py:4180} INFO - Setting next_dagrun for example_task_group to None, run_after=None
[2025-12-15T19:05:41.172+0000] {processor.py:208} INFO - Processing /home/airflow/.local/lib/python3.12/site-packages/airflow/example_dags/example_task_group.py took 0.093 seconds
[2025-12-15T19:06:12.851+0000] {processor.py:186} INFO - Started process (PID=4608) to work on /home/airflow/.local/lib/python3.12/site-packages/airflow/example_dags/example_task_group.py
[2025-12-15T19:06:12.853+0000] {processor.py:914} INFO - Processing file /home/airflow/.local/lib/python3.12/site-packages/airflow/example_dags/example_task_group.py for tasks to queue
[2025-12-15T19:06:12.860+0000] {logging_mixin.py:190} INFO - [2025-12-15T19:06:12.860+0000] {dagbag.py:588} INFO - Filling up the DagBag from /home/airflow/.local/lib/python3.12/site-packages/airflow/example_dags/example_task_group.py
[2025-12-15T19:06:12.881+0000] {processor.py:925} INFO - DAG(s) 'example_task_group' retrieved from /home/airflow/.local/lib/python3.12/site-packages/airflow/example_dags/example_task_group.py
[2025-12-15T19:06:12.932+0000] {logging_mixin.py:190} INFO - [2025-12-15T19:06:12.932+0000] {dag.py:3239} INFO - Sync 1 DAGs
[2025-12-15T19:06:12.977+0000] {logging_mixin.py:190} INFO - [2025-12-15T19:06:12.977+0000] {dag.py:4180} INFO - Setting next_dagrun for example_task_group to None, run_after=None
[2025-12-15T19:06:13.020+0000] {processor.py:208} INFO - Processing /home/airflow/.local/lib/python3.12/site-packages/airflow/example_dags/example_task_group.py took 0.180 seconds
[2025-12-15T19:06:44.478+0000] {processor.py:186} INFO - Started process (PID=4899) to work on /home/airflow/.local/lib/python3.12/site-packages/airflow/example_dags/example_task_group.py
[2025-12-15T19:06:44.483+0000] {processor.py:914} INFO - Processing file /home/airflow/.local/lib/python3.12/site-packages/airflow/example_dags/example_task_group.py for tasks to queue
[2025-12-15T19:06:44.487+0000] {logging_mixin.py:190} INFO - [2025-12-15T19:06:44.487+0000] {dagbag.py:588} INFO - Filling up the DagBag from /home/airflow/.local/lib/python3.12/site-packages/airflow/example_dags/example_task_group.py
[2025-12-15T19:06:44.508+0000] {processor.py:925} INFO - DAG(s) 'example_task_group' retrieved from /home/airflow/.local/lib/python3.12/site-packages/airflow/example_dags/example_task_group.py
[2025-12-15T19:06:44.555+0000] {logging_mixin.py:190} INFO - [2025-12-15T19:06:44.554+0000] {dag.py:3239} INFO - Sync 1 DAGs
[2025-12-15T19:06:44.589+0000] {logging_mixin.py:190} INFO - [2025-12-15T19:06:44.588+0000] {dag.py:4180} INFO - Setting next_dagrun for example_task_group to None, run_after=None
[2025-12-15T19:06:44.631+0000] {processor.py:208} INFO - Processing /home/airflow/.local/lib/python3.12/site-packages/airflow/example_dags/example_task_group.py took 0.170 seconds
[2025-12-15T19:07:22.751+0000] {processor.py:186} INFO - Started process (PID=5190) to work on /home/airflow/.local/lib/python3.12/site-packages/airflow/example_dags/example_task_group.py
[2025-12-15T19:07:22.754+0000] {processor.py:914} INFO - Processing file /home/airflow/.local/lib/python3.12/site-packages/airflow/example_dags/example_task_group.py for tasks to queue
[2025-12-15T19:07:22.766+0000] {logging_mixin.py:190} INFO - [2025-12-15T19:07:22.763+0000] {dagbag.py:588} INFO - Filling up the DagBag from /home/airflow/.local/lib/python3.12/site-packages/airflow/example_dags/example_task_group.py
[2025-12-15T19:07:22.822+0000] {processor.py:925} INFO - DAG(s) 'example_task_group' retrieved from /home/airflow/.local/lib/python3.12/site-packages/airflow/example_dags/example_task_group.py
[2025-12-15T19:07:22.965+0000] {logging_mixin.py:190} INFO - [2025-12-15T19:07:22.964+0000] {dag.py:3239} INFO - Sync 1 DAGs
[2025-12-15T19:07:23.053+0000] {logging_mixin.py:190} INFO - [2025-12-15T19:07:23.052+0000] {dag.py:4180} INFO - Setting next_dagrun for example_task_group to None, run_after=None
[2025-12-15T19:07:23.180+0000] {processor.py:208} INFO - Processing /home/airflow/.local/lib/python3.12/site-packages/airflow/example_dags/example_task_group.py took 0.467 seconds
[2025-12-15T19:07:53.674+0000] {processor.py:186} INFO - Started process (PID=5481) to work on /home/airflow/.local/lib/python3.12/site-packages/airflow/example_dags/example_task_group.py
[2025-12-15T19:07:53.677+0000] {processor.py:914} INFO - Processing file /home/airflow/.local/lib/python3.12/site-packages/airflow/example_dags/example_task_group.py for tasks to queue
[2025-12-15T19:07:53.693+0000] {logging_mixin.py:190} INFO - [2025-12-15T19:07:53.684+0000] {dagbag.py:588} INFO - Filling up the DagBag from /home/airflow/.local/lib/python3.12/site-packages/airflow/example_dags/example_task_group.py
[2025-12-15T19:07:53.747+0000] {processor.py:925} INFO - DAG(s) 'example_task_group' retrieved from /home/airflow/.local/lib/python3.12/site-packages/airflow/example_dags/example_task_group.py
[2025-12-15T19:07:53.835+0000] {logging_mixin.py:190} INFO - [2025-12-15T19:07:53.835+0000] {dag.py:3239} INFO - Sync 1 DAGs
[2025-12-15T19:07:53.905+0000] {logging_mixin.py:190} INFO - [2025-12-15T19:07:53.904+0000] {dag.py:4180} INFO - Setting next_dagrun for example_task_group to None, run_after=None
[2025-12-15T19:07:54.007+0000] {processor.py:208} INFO - Processing /home/airflow/.local/lib/python3.12/site-packages/airflow/example_dags/example_task_group.py took 0.364 seconds
[2025-12-15T19:08:24.234+0000] {processor.py:186} INFO - Started process (PID=5767) to work on /home/airflow/.local/lib/python3.12/site-packages/airflow/example_dags/example_task_group.py
[2025-12-15T19:08:24.245+0000] {processor.py:914} INFO - Processing file /home/airflow/.local/lib/python3.12/site-packages/airflow/example_dags/example_task_group.py for tasks to queue
[2025-12-15T19:08:24.250+0000] {logging_mixin.py:190} INFO - [2025-12-15T19:08:24.249+0000] {dagbag.py:588} INFO - Filling up the DagBag from /home/airflow/.local/lib/python3.12/site-packages/airflow/example_dags/example_task_group.py
[2025-12-15T19:08:24.283+0000] {processor.py:925} INFO - DAG(s) 'example_task_group' retrieved from /home/airflow/.local/lib/python3.12/site-packages/airflow/example_dags/example_task_group.py
[2025-12-15T19:08:24.374+0000] {logging_mixin.py:190} INFO - [2025-12-15T19:08:24.373+0000] {dag.py:3239} INFO - Sync 1 DAGs
[2025-12-15T19:08:24.456+0000] {logging_mixin.py:190} INFO - [2025-12-15T19:08:24.456+0000] {dag.py:4180} INFO - Setting next_dagrun for example_task_group to None, run_after=None
[2025-12-15T19:08:24.515+0000] {processor.py:208} INFO - Processing /home/airflow/.local/lib/python3.12/site-packages/airflow/example_dags/example_task_group.py took 0.298 seconds
[2025-12-15T19:08:56.939+0000] {processor.py:186} INFO - Started process (PID=6070) to work on /home/airflow/.local/lib/python3.12/site-packages/airflow/example_dags/example_task_group.py
[2025-12-15T19:08:56.941+0000] {processor.py:914} INFO - Processing file /home/airflow/.local/lib/python3.12/site-packages/airflow/example_dags/example_task_group.py for tasks to queue
[2025-12-15T19:08:56.955+0000] {logging_mixin.py:190} INFO - [2025-12-15T19:08:56.954+0000] {dagbag.py:588} INFO - Filling up the DagBag from /home/airflow/.local/lib/python3.12/site-packages/airflow/example_dags/example_task_group.py
[2025-12-15T19:08:56.980+0000] {processor.py:925} INFO - DAG(s) 'example_task_group' retrieved from /home/airflow/.local/lib/python3.12/site-packages/airflow/example_dags/example_task_group.py
[2025-12-15T19:08:57.025+0000] {logging_mixin.py:190} INFO - [2025-12-15T19:08:57.025+0000] {dag.py:3239} INFO - Sync 1 DAGs
[2025-12-15T19:08:57.064+0000] {logging_mixin.py:190} INFO - [2025-12-15T19:08:57.064+0000] {dag.py:4180} INFO - Setting next_dagrun for example_task_group to None, run_after=None
[2025-12-15T19:08:57.101+0000] {processor.py:208} INFO - Processing /home/airflow/.local/lib/python3.12/site-packages/airflow/example_dags/example_task_group.py took 0.177 seconds
[2025-12-15T19:09:28.090+0000] {processor.py:186} INFO - Started process (PID=6364) to work on /home/airflow/.local/lib/python3.12/site-packages/airflow/example_dags/example_task_group.py
[2025-12-15T19:09:28.100+0000] {processor.py:914} INFO - Processing file /home/airflow/.local/lib/python3.12/site-packages/airflow/example_dags/example_task_group.py for tasks to queue
[2025-12-15T19:09:28.109+0000] {logging_mixin.py:190} INFO - [2025-12-15T19:09:28.108+0000] {dagbag.py:588} INFO - Filling up the DagBag from /home/airflow/.local/lib/python3.12/site-packages/airflow/example_dags/example_task_group.py
[2025-12-15T19:09:28.145+0000] {processor.py:925} INFO - DAG(s) 'example_task_group' retrieved from /home/airflow/.local/lib/python3.12/site-packages/airflow/example_dags/example_task_group.py
[2025-12-15T19:09:28.189+0000] {logging_mixin.py:190} INFO - [2025-12-15T19:09:28.188+0000] {dag.py:3239} INFO - Sync 1 DAGs
[2025-12-15T19:09:28.220+0000] {logging_mixin.py:190} INFO - [2025-12-15T19:09:28.220+0000] {dag.py:4180} INFO - Setting next_dagrun for example_task_group to None, run_after=None
[2025-12-15T19:09:28.270+0000] {processor.py:208} INFO - Processing /home/airflow/.local/lib/python3.12/site-packages/airflow/example_dags/example_task_group.py took 0.192 seconds
[2025-12-15T19:09:58.787+0000] {processor.py:186} INFO - Started process (PID=6650) to work on /home/airflow/.local/lib/python3.12/site-packages/airflow/example_dags/example_task_group.py
[2025-12-15T19:09:58.795+0000] {processor.py:914} INFO - Processing file /home/airflow/.local/lib/python3.12/site-packages/airflow/example_dags/example_task_group.py for tasks to queue
[2025-12-15T19:09:58.803+0000] {logging_mixin.py:190} INFO - [2025-12-15T19:09:58.801+0000] {dagbag.py:588} INFO - Filling up the DagBag from /home/airflow/.local/lib/python3.12/site-packages/airflow/example_dags/example_task_group.py
[2025-12-15T19:09:58.855+0000] {processor.py:925} INFO - DAG(s) 'example_task_group' retrieved from /home/airflow/.local/lib/python3.12/site-packages/airflow/example_dags/example_task_group.py
[2025-12-15T19:09:58.954+0000] {logging_mixin.py:190} INFO - [2025-12-15T19:09:58.953+0000] {dag.py:3239} INFO - Sync 1 DAGs
[2025-12-15T19:09:59.010+0000] {logging_mixin.py:190} INFO - [2025-12-15T19:09:59.009+0000] {dag.py:4180} INFO - Setting next_dagrun for example_task_group to None, run_after=None
[2025-12-15T19:09:59.056+0000] {processor.py:208} INFO - Processing /home/airflow/.local/lib/python3.12/site-packages/airflow/example_dags/example_task_group.py took 0.288 seconds
[2025-12-15T19:10:29.601+0000] {processor.py:186} INFO - Started process (PID=6942) to work on /home/airflow/.local/lib/python3.12/site-packages/airflow/example_dags/example_task_group.py
[2025-12-15T19:10:29.605+0000] {processor.py:914} INFO - Processing file /home/airflow/.local/lib/python3.12/site-packages/airflow/example_dags/example_task_group.py for tasks to queue
[2025-12-15T19:10:29.611+0000] {logging_mixin.py:190} INFO - [2025-12-15T19:10:29.610+0000] {dagbag.py:588} INFO - Filling up the DagBag from /home/airflow/.local/lib/python3.12/site-packages/airflow/example_dags/example_task_group.py
[2025-12-15T19:10:29.638+0000] {processor.py:925} INFO - DAG(s) 'example_task_group' retrieved from /home/airflow/.local/lib/python3.12/site-packages/airflow/example_dags/example_task_group.py
[2025-12-15T19:10:29.699+0000] {logging_mixin.py:190} INFO - [2025-12-15T19:10:29.699+0000] {dag.py:3239} INFO - Sync 1 DAGs
[2025-12-15T19:10:29.741+0000] {logging_mixin.py:190} INFO - [2025-12-15T19:10:29.741+0000] {dag.py:4180} INFO - Setting next_dagrun for example_task_group to None, run_after=None
[2025-12-15T19:10:29.812+0000] {processor.py:208} INFO - Processing /home/airflow/.local/lib/python3.12/site-packages/airflow/example_dags/example_task_group.py took 0.231 seconds
[2025-12-15T19:11:00.623+0000] {processor.py:186} INFO - Started process (PID=7233) to work on /home/airflow/.local/lib/python3.12/site-packages/airflow/example_dags/example_task_group.py
[2025-12-15T19:11:00.625+0000] {processor.py:914} INFO - Processing file /home/airflow/.local/lib/python3.12/site-packages/airflow/example_dags/example_task_group.py for tasks to queue
[2025-12-15T19:11:00.629+0000] {logging_mixin.py:190} INFO - [2025-12-15T19:11:00.629+0000] {dagbag.py:588} INFO - Filling up the DagBag from /home/airflow/.local/lib/python3.12/site-packages/airflow/example_dags/example_task_group.py
[2025-12-15T19:11:00.650+0000] {processor.py:925} INFO - DAG(s) 'example_task_group' retrieved from /home/airflow/.local/lib/python3.12/site-packages/airflow/example_dags/example_task_group.py
[2025-12-15T19:11:00.695+0000] {logging_mixin.py:190} INFO - [2025-12-15T19:11:00.695+0000] {dag.py:3239} INFO - Sync 1 DAGs
[2025-12-15T19:11:00.728+0000] {logging_mixin.py:190} INFO - [2025-12-15T19:11:00.728+0000] {dag.py:4180} INFO - Setting next_dagrun for example_task_group to None, run_after=None
[2025-12-15T19:11:00.771+0000] {processor.py:208} INFO - Processing /home/airflow/.local/lib/python3.12/site-packages/airflow/example_dags/example_task_group.py took 0.161 seconds
[2025-12-15T19:11:30.979+0000] {processor.py:186} INFO - Started process (PID=7524) to work on /home/airflow/.local/lib/python3.12/site-packages/airflow/example_dags/example_task_group.py
[2025-12-15T19:11:30.982+0000] {processor.py:914} INFO - Processing file /home/airflow/.local/lib/python3.12/site-packages/airflow/example_dags/example_task_group.py for tasks to queue
[2025-12-15T19:11:30.987+0000] {logging_mixin.py:190} INFO - [2025-12-15T19:11:30.986+0000] {dagbag.py:588} INFO - Filling up the DagBag from /home/airflow/.local/lib/python3.12/site-packages/airflow/example_dags/example_task_group.py
[2025-12-15T19:11:31.001+0000] {processor.py:925} INFO - DAG(s) 'example_task_group' retrieved from /home/airflow/.local/lib/python3.12/site-packages/airflow/example_dags/example_task_group.py
[2025-12-15T19:11:31.107+0000] {logging_mixin.py:190} INFO - [2025-12-15T19:11:31.106+0000] {dag.py:3239} INFO - Sync 1 DAGs
[2025-12-15T19:11:31.210+0000] {logging_mixin.py:190} INFO - [2025-12-15T19:11:31.209+0000] {dag.py:4180} INFO - Setting next_dagrun for example_task_group to None, run_after=None
[2025-12-15T19:11:31.350+0000] {processor.py:208} INFO - Processing /home/airflow/.local/lib/python3.12/site-packages/airflow/example_dags/example_task_group.py took 0.382 seconds
[2025-12-15T19:12:01.828+0000] {processor.py:186} INFO - Started process (PID=7815) to work on /home/airflow/.local/lib/python3.12/site-packages/airflow/example_dags/example_task_group.py
[2025-12-15T19:12:01.830+0000] {processor.py:914} INFO - Processing file /home/airflow/.local/lib/python3.12/site-packages/airflow/example_dags/example_task_group.py for tasks to queue
[2025-12-15T19:12:01.831+0000] {logging_mixin.py:190} INFO - [2025-12-15T19:12:01.831+0000] {dagbag.py:588} INFO - Filling up the DagBag from /home/airflow/.local/lib/python3.12/site-packages/airflow/example_dags/example_task_group.py
[2025-12-15T19:12:01.844+0000] {processor.py:925} INFO - DAG(s) 'example_task_group' retrieved from /home/airflow/.local/lib/python3.12/site-packages/airflow/example_dags/example_task_group.py
[2025-12-15T19:12:01.872+0000] {logging_mixin.py:190} INFO - [2025-12-15T19:12:01.871+0000] {dag.py:3239} INFO - Sync 1 DAGs
[2025-12-15T19:12:01.893+0000] {logging_mixin.py:190} INFO - [2025-12-15T19:12:01.893+0000] {dag.py:4180} INFO - Setting next_dagrun for example_task_group to None, run_after=None
[2025-12-15T19:12:01.918+0000] {processor.py:208} INFO - Processing /home/airflow/.local/lib/python3.12/site-packages/airflow/example_dags/example_task_group.py took 0.098 seconds
[2025-12-15T19:12:33.153+0000] {processor.py:186} INFO - Started process (PID=8106) to work on /home/airflow/.local/lib/python3.12/site-packages/airflow/example_dags/example_task_group.py
[2025-12-15T19:12:33.155+0000] {processor.py:914} INFO - Processing file /home/airflow/.local/lib/python3.12/site-packages/airflow/example_dags/example_task_group.py for tasks to queue
[2025-12-15T19:12:33.158+0000] {logging_mixin.py:190} INFO - [2025-12-15T19:12:33.157+0000] {dagbag.py:588} INFO - Filling up the DagBag from /home/airflow/.local/lib/python3.12/site-packages/airflow/example_dags/example_task_group.py
[2025-12-15T19:12:33.172+0000] {processor.py:925} INFO - DAG(s) 'example_task_group' retrieved from /home/airflow/.local/lib/python3.12/site-packages/airflow/example_dags/example_task_group.py
[2025-12-15T19:12:33.207+0000] {logging_mixin.py:190} INFO - [2025-12-15T19:12:33.207+0000] {dag.py:3239} INFO - Sync 1 DAGs
[2025-12-15T19:12:33.235+0000] {logging_mixin.py:190} INFO - [2025-12-15T19:12:33.235+0000] {dag.py:4180} INFO - Setting next_dagrun for example_task_group to None, run_after=None
[2025-12-15T19:12:33.264+0000] {processor.py:208} INFO - Processing /home/airflow/.local/lib/python3.12/site-packages/airflow/example_dags/example_task_group.py took 0.122 seconds
[2025-12-15T19:13:03.659+0000] {processor.py:186} INFO - Started process (PID=8404) to work on /home/airflow/.local/lib/python3.12/site-packages/airflow/example_dags/example_task_group.py
[2025-12-15T19:13:03.661+0000] {processor.py:914} INFO - Processing file /home/airflow/.local/lib/python3.12/site-packages/airflow/example_dags/example_task_group.py for tasks to queue
[2025-12-15T19:13:03.663+0000] {logging_mixin.py:190} INFO - [2025-12-15T19:13:03.662+0000] {dagbag.py:588} INFO - Filling up the DagBag from /home/airflow/.local/lib/python3.12/site-packages/airflow/example_dags/example_task_group.py
[2025-12-15T19:13:03.676+0000] {processor.py:925} INFO - DAG(s) 'example_task_group' retrieved from /home/airflow/.local/lib/python3.12/site-packages/airflow/example_dags/example_task_group.py
[2025-12-15T19:13:03.706+0000] {logging_mixin.py:190} INFO - [2025-12-15T19:13:03.705+0000] {dag.py:3239} INFO - Sync 1 DAGs
[2025-12-15T19:13:03.729+0000] {logging_mixin.py:190} INFO - [2025-12-15T19:13:03.728+0000] {dag.py:4180} INFO - Setting next_dagrun for example_task_group to None, run_after=None
[2025-12-15T19:13:03.760+0000] {processor.py:208} INFO - Processing /home/airflow/.local/lib/python3.12/site-packages/airflow/example_dags/example_task_group.py took 0.110 seconds
[2025-12-15T19:13:35.513+0000] {processor.py:186} INFO - Started process (PID=8698) to work on /home/airflow/.local/lib/python3.12/site-packages/airflow/example_dags/example_task_group.py
[2025-12-15T19:13:35.516+0000] {processor.py:914} INFO - Processing file /home/airflow/.local/lib/python3.12/site-packages/airflow/example_dags/example_task_group.py for tasks to queue
[2025-12-15T19:13:35.518+0000] {logging_mixin.py:190} INFO - [2025-12-15T19:13:35.518+0000] {dagbag.py:588} INFO - Filling up the DagBag from /home/airflow/.local/lib/python3.12/site-packages/airflow/example_dags/example_task_group.py
[2025-12-15T19:13:35.543+0000] {processor.py:925} INFO - DAG(s) 'example_task_group' retrieved from /home/airflow/.local/lib/python3.12/site-packages/airflow/example_dags/example_task_group.py
[2025-12-15T19:13:35.609+0000] {logging_mixin.py:190} INFO - [2025-12-15T19:13:35.609+0000] {dag.py:3239} INFO - Sync 1 DAGs
[2025-12-15T19:13:35.644+0000] {logging_mixin.py:190} INFO - [2025-12-15T19:13:35.644+0000] {dag.py:4180} INFO - Setting next_dagrun for example_task_group to None, run_after=None
[2025-12-15T19:13:35.687+0000] {processor.py:208} INFO - Processing /home/airflow/.local/lib/python3.12/site-packages/airflow/example_dags/example_task_group.py took 0.186 seconds
[2025-12-15T19:14:07.655+0000] {processor.py:186} INFO - Started process (PID=8996) to work on /home/airflow/.local/lib/python3.12/site-packages/airflow/example_dags/example_task_group.py
[2025-12-15T19:14:07.672+0000] {processor.py:914} INFO - Processing file /home/airflow/.local/lib/python3.12/site-packages/airflow/example_dags/example_task_group.py for tasks to queue
[2025-12-15T19:14:07.676+0000] {logging_mixin.py:190} INFO - [2025-12-15T19:14:07.675+0000] {dagbag.py:588} INFO - Filling up the DagBag from /home/airflow/.local/lib/python3.12/site-packages/airflow/example_dags/example_task_group.py
[2025-12-15T19:14:07.716+0000] {processor.py:925} INFO - DAG(s) 'example_task_group' retrieved from /home/airflow/.local/lib/python3.12/site-packages/airflow/example_dags/example_task_group.py
[2025-12-15T19:14:07.799+0000] {logging_mixin.py:190} INFO - [2025-12-15T19:14:07.798+0000] {dag.py:3239} INFO - Sync 1 DAGs
[2025-12-15T19:14:07.844+0000] {logging_mixin.py:190} INFO - [2025-12-15T19:14:07.843+0000] {dag.py:4180} INFO - Setting next_dagrun for example_task_group to None, run_after=None
[2025-12-15T19:14:07.922+0000] {processor.py:208} INFO - Processing /home/airflow/.local/lib/python3.12/site-packages/airflow/example_dags/example_task_group.py took 0.290 seconds
[2025-12-15T19:14:39.307+0000] {processor.py:186} INFO - Started process (PID=9305) to work on /home/airflow/.local/lib/python3.12/site-packages/airflow/example_dags/example_task_group.py
[2025-12-15T19:14:39.309+0000] {processor.py:914} INFO - Processing file /home/airflow/.local/lib/python3.12/site-packages/airflow/example_dags/example_task_group.py for tasks to queue
[2025-12-15T19:14:39.312+0000] {logging_mixin.py:190} INFO - [2025-12-15T19:14:39.311+0000] {dagbag.py:588} INFO - Filling up the DagBag from /home/airflow/.local/lib/python3.12/site-packages/airflow/example_dags/example_task_group.py
[2025-12-15T19:14:39.344+0000] {processor.py:925} INFO - DAG(s) 'example_task_group' retrieved from /home/airflow/.local/lib/python3.12/site-packages/airflow/example_dags/example_task_group.py
[2025-12-15T19:14:39.474+0000] {logging_mixin.py:190} INFO - [2025-12-15T19:14:39.474+0000] {dag.py:3239} INFO - Sync 1 DAGs
[2025-12-15T19:14:39.607+0000] {logging_mixin.py:190} INFO - [2025-12-15T19:14:39.606+0000] {dag.py:4180} INFO - Setting next_dagrun for example_task_group to None, run_after=None
[2025-12-15T19:14:39.768+0000] {processor.py:208} INFO - Processing /home/airflow/.local/lib/python3.12/site-packages/airflow/example_dags/example_task_group.py took 0.471 seconds
[2025-12-15T19:15:11.315+0000] {processor.py:186} INFO - Started process (PID=9606) to work on /home/airflow/.local/lib/python3.12/site-packages/airflow/example_dags/example_task_group.py
[2025-12-15T19:15:11.319+0000] {processor.py:914} INFO - Processing file /home/airflow/.local/lib/python3.12/site-packages/airflow/example_dags/example_task_group.py for tasks to queue
[2025-12-15T19:15:11.333+0000] {logging_mixin.py:190} INFO - [2025-12-15T19:15:11.332+0000] {dagbag.py:588} INFO - Filling up the DagBag from /home/airflow/.local/lib/python3.12/site-packages/airflow/example_dags/example_task_group.py
[2025-12-15T19:15:11.394+0000] {processor.py:925} INFO - DAG(s) 'example_task_group' retrieved from /home/airflow/.local/lib/python3.12/site-packages/airflow/example_dags/example_task_group.py
[2025-12-15T19:15:11.511+0000] {logging_mixin.py:190} INFO - [2025-12-15T19:15:11.511+0000] {dag.py:3239} INFO - Sync 1 DAGs
[2025-12-15T19:15:11.620+0000] {logging_mixin.py:190} INFO - [2025-12-15T19:15:11.618+0000] {dag.py:4180} INFO - Setting next_dagrun for example_task_group to None, run_after=None
[2025-12-15T19:15:11.732+0000] {processor.py:208} INFO - Processing /home/airflow/.local/lib/python3.12/site-packages/airflow/example_dags/example_task_group.py took 0.458 seconds
[2025-12-15T19:15:43.321+0000] {processor.py:186} INFO - Started process (PID=9902) to work on /home/airflow/.local/lib/python3.12/site-packages/airflow/example_dags/example_task_group.py
[2025-12-15T19:15:43.323+0000] {processor.py:914} INFO - Processing file /home/airflow/.local/lib/python3.12/site-packages/airflow/example_dags/example_task_group.py for tasks to queue
[2025-12-15T19:15:43.327+0000] {logging_mixin.py:190} INFO - [2025-12-15T19:15:43.326+0000] {dagbag.py:588} INFO - Filling up the DagBag from /home/airflow/.local/lib/python3.12/site-packages/airflow/example_dags/example_task_group.py
[2025-12-15T19:15:43.351+0000] {processor.py:925} INFO - DAG(s) 'example_task_group' retrieved from /home/airflow/.local/lib/python3.12/site-packages/airflow/example_dags/example_task_group.py
[2025-12-15T19:15:43.396+0000] {logging_mixin.py:190} INFO - [2025-12-15T19:15:43.396+0000] {dag.py:3239} INFO - Sync 1 DAGs
[2025-12-15T19:15:43.429+0000] {logging_mixin.py:190} INFO - [2025-12-15T19:15:43.428+0000] {dag.py:4180} INFO - Setting next_dagrun for example_task_group to None, run_after=None
[2025-12-15T19:15:43.481+0000] {processor.py:208} INFO - Processing /home/airflow/.local/lib/python3.12/site-packages/airflow/example_dags/example_task_group.py took 0.171 seconds
[2025-12-15T19:16:16.695+0000] {processor.py:186} INFO - Started process (PID=10220) to work on /home/airflow/.local/lib/python3.12/site-packages/airflow/example_dags/example_task_group.py
[2025-12-15T19:16:16.728+0000] {processor.py:914} INFO - Processing file /home/airflow/.local/lib/python3.12/site-packages/airflow/example_dags/example_task_group.py for tasks to queue
[2025-12-15T19:16:16.731+0000] {logging_mixin.py:190} INFO - [2025-12-15T19:16:16.730+0000] {dagbag.py:588} INFO - Filling up the DagBag from /home/airflow/.local/lib/python3.12/site-packages/airflow/example_dags/example_task_group.py
[2025-12-15T19:16:16.793+0000] {processor.py:925} INFO - DAG(s) 'example_task_group' retrieved from /home/airflow/.local/lib/python3.12/site-packages/airflow/example_dags/example_task_group.py
[2025-12-15T19:16:16.951+0000] {logging_mixin.py:190} INFO - [2025-12-15T19:16:16.950+0000] {dag.py:3239} INFO - Sync 1 DAGs
[2025-12-15T19:16:17.063+0000] {logging_mixin.py:190} INFO - [2025-12-15T19:16:17.055+0000] {dag.py:4180} INFO - Setting next_dagrun for example_task_group to None, run_after=None
[2025-12-15T19:16:17.217+0000] {processor.py:208} INFO - Processing /home/airflow/.local/lib/python3.12/site-packages/airflow/example_dags/example_task_group.py took 0.562 seconds
[2025-12-15T19:16:52.204+0000] {processor.py:186} INFO - Started process (PID=10499) to work on /home/airflow/.local/lib/python3.12/site-packages/airflow/example_dags/example_task_group.py
[2025-12-15T19:16:52.206+0000] {processor.py:914} INFO - Processing file /home/airflow/.local/lib/python3.12/site-packages/airflow/example_dags/example_task_group.py for tasks to queue
[2025-12-15T19:16:52.209+0000] {logging_mixin.py:190} INFO - [2025-12-15T19:16:52.208+0000] {dagbag.py:588} INFO - Filling up the DagBag from /home/airflow/.local/lib/python3.12/site-packages/airflow/example_dags/example_task_group.py
[2025-12-15T19:16:52.234+0000] {processor.py:925} INFO - DAG(s) 'example_task_group' retrieved from /home/airflow/.local/lib/python3.12/site-packages/airflow/example_dags/example_task_group.py
[2025-12-15T19:16:52.297+0000] {logging_mixin.py:190} INFO - [2025-12-15T19:16:52.297+0000] {dag.py:3239} INFO - Sync 1 DAGs
[2025-12-15T19:16:52.375+0000] {logging_mixin.py:190} INFO - [2025-12-15T19:16:52.375+0000] {dag.py:4180} INFO - Setting next_dagrun for example_task_group to None, run_after=None
[2025-12-15T19:16:52.493+0000] {processor.py:208} INFO - Processing /home/airflow/.local/lib/python3.12/site-packages/airflow/example_dags/example_task_group.py took 0.308 seconds
[2025-12-15T19:17:26.958+0000] {processor.py:186} INFO - Started process (PID=10735) to work on /home/airflow/.local/lib/python3.12/site-packages/airflow/example_dags/example_task_group.py
[2025-12-15T19:17:26.961+0000] {processor.py:914} INFO - Processing file /home/airflow/.local/lib/python3.12/site-packages/airflow/example_dags/example_task_group.py for tasks to queue
[2025-12-15T19:17:26.964+0000] {logging_mixin.py:190} INFO - [2025-12-15T19:17:26.963+0000] {dagbag.py:588} INFO - Filling up the DagBag from /home/airflow/.local/lib/python3.12/site-packages/airflow/example_dags/example_task_group.py
[2025-12-15T19:17:27.006+0000] {processor.py:925} INFO - DAG(s) 'example_task_group' retrieved from /home/airflow/.local/lib/python3.12/site-packages/airflow/example_dags/example_task_group.py
[2025-12-15T19:17:27.090+0000] {logging_mixin.py:190} INFO - [2025-12-15T19:17:27.089+0000] {dag.py:3239} INFO - Sync 1 DAGs
[2025-12-15T19:17:27.123+0000] {logging_mixin.py:190} INFO - [2025-12-15T19:17:27.123+0000] {dag.py:4180} INFO - Setting next_dagrun for example_task_group to None, run_after=None
[2025-12-15T19:17:27.170+0000] {processor.py:208} INFO - Processing /home/airflow/.local/lib/python3.12/site-packages/airflow/example_dags/example_task_group.py took 0.241 seconds
[2025-12-15T19:17:57.652+0000] {processor.py:186} INFO - Started process (PID=11036) to work on /home/airflow/.local/lib/python3.12/site-packages/airflow/example_dags/example_task_group.py
[2025-12-15T19:17:57.655+0000] {processor.py:914} INFO - Processing file /home/airflow/.local/lib/python3.12/site-packages/airflow/example_dags/example_task_group.py for tasks to queue
[2025-12-15T19:17:57.657+0000] {logging_mixin.py:190} INFO - [2025-12-15T19:17:57.656+0000] {dagbag.py:588} INFO - Filling up the DagBag from /home/airflow/.local/lib/python3.12/site-packages/airflow/example_dags/example_task_group.py
[2025-12-15T19:17:57.678+0000] {processor.py:925} INFO - DAG(s) 'example_task_group' retrieved from /home/airflow/.local/lib/python3.12/site-packages/airflow/example_dags/example_task_group.py
[2025-12-15T19:17:57.723+0000] {logging_mixin.py:190} INFO - [2025-12-15T19:17:57.723+0000] {dag.py:3239} INFO - Sync 1 DAGs
[2025-12-15T19:17:57.756+0000] {logging_mixin.py:190} INFO - [2025-12-15T19:17:57.756+0000] {dag.py:4180} INFO - Setting next_dagrun for example_task_group to None, run_after=None
[2025-12-15T19:17:57.849+0000] {processor.py:208} INFO - Processing /home/airflow/.local/lib/python3.12/site-packages/airflow/example_dags/example_task_group.py took 0.212 seconds
[2025-12-15T19:16:44.848+0000] {processor.py:186} INFO - Started process (PID=11326) to work on /home/airflow/.local/lib/python3.12/site-packages/airflow/example_dags/example_task_group.py
[2025-12-15T19:16:44.852+0000] {processor.py:914} INFO - Processing file /home/airflow/.local/lib/python3.12/site-packages/airflow/example_dags/example_task_group.py for tasks to queue
[2025-12-15T19:16:44.854+0000] {logging_mixin.py:190} INFO - [2025-12-15T19:16:44.853+0000] {dagbag.py:588} INFO - Filling up the DagBag from /home/airflow/.local/lib/python3.12/site-packages/airflow/example_dags/example_task_group.py
[2025-12-15T19:16:44.871+0000] {processor.py:925} INFO - DAG(s) 'example_task_group' retrieved from /home/airflow/.local/lib/python3.12/site-packages/airflow/example_dags/example_task_group.py
[2025-12-15T19:18:31.174+0000] {logging_mixin.py:190} INFO - [2025-12-15T19:18:31.174+0000] {dag.py:3239} INFO - Sync 1 DAGs
[2025-12-15T19:18:31.251+0000] {logging_mixin.py:190} INFO - [2025-12-15T19:18:31.250+0000] {dag.py:4180} INFO - Setting next_dagrun for example_task_group to None, run_after=None
[2025-12-15T19:19:04.885+0000] {processor.py:186} INFO - Started process (PID=11618) to work on /home/airflow/.local/lib/python3.12/site-packages/airflow/example_dags/example_task_group.py
[2025-12-15T19:19:04.887+0000] {processor.py:914} INFO - Processing file /home/airflow/.local/lib/python3.12/site-packages/airflow/example_dags/example_task_group.py for tasks to queue
[2025-12-15T19:19:04.890+0000] {logging_mixin.py:190} INFO - [2025-12-15T19:19:04.889+0000] {dagbag.py:588} INFO - Filling up the DagBag from /home/airflow/.local/lib/python3.12/site-packages/airflow/example_dags/example_task_group.py
[2025-12-15T19:19:04.912+0000] {processor.py:925} INFO - DAG(s) 'example_task_group' retrieved from /home/airflow/.local/lib/python3.12/site-packages/airflow/example_dags/example_task_group.py
[2025-12-15T19:19:04.964+0000] {logging_mixin.py:190} INFO - [2025-12-15T19:19:04.963+0000] {dag.py:3239} INFO - Sync 1 DAGs
[2025-12-15T19:19:04.999+0000] {logging_mixin.py:190} INFO - [2025-12-15T19:19:04.998+0000] {dag.py:4180} INFO - Setting next_dagrun for example_task_group to None, run_after=None
[2025-12-15T19:19:05.063+0000] {processor.py:208} INFO - Processing /home/airflow/.local/lib/python3.12/site-packages/airflow/example_dags/example_task_group.py took 0.193 seconds
