[2025-12-15T18:56:30.475+0000] {processor.py:186} INFO - Started process (PID=441) to work on /home/airflow/.local/lib/python3.12/site-packages/airflow/example_dags/example_kubernetes_executor.py
[2025-12-15T18:56:30.477+0000] {processor.py:914} INFO - Processing file /home/airflow/.local/lib/python3.12/site-packages/airflow/example_dags/example_kubernetes_executor.py for tasks to queue
[2025-12-15T18:56:30.486+0000] {logging_mixin.py:190} INFO - [2025-12-15T18:56:30.485+0000] {dagbag.py:588} INFO - Filling up the DagBag from /home/airflow/.local/lib/python3.12/site-packages/airflow/example_dags/example_kubernetes_executor.py
[2025-12-15T18:56:30.548+0000] {processor.py:925} INFO - DAG(s) 'example_kubernetes_executor' retrieved from /home/airflow/.local/lib/python3.12/site-packages/airflow/example_dags/example_kubernetes_executor.py
[2025-12-15T18:56:30.899+0000] {logging_mixin.py:190} INFO - [2025-12-15T18:56:30.898+0000] {override.py:1911} INFO - Created Permission View: can read on DAG:example_kubernetes_executor
[2025-12-15T18:56:30.929+0000] {logging_mixin.py:190} INFO - [2025-12-15T18:56:30.928+0000] {override.py:1911} INFO - Created Permission View: can edit on DAG:example_kubernetes_executor
[2025-12-15T18:56:30.947+0000] {logging_mixin.py:190} INFO - [2025-12-15T18:56:30.946+0000] {override.py:1911} INFO - Created Permission View: can delete on DAG:example_kubernetes_executor
[2025-12-15T18:56:30.983+0000] {logging_mixin.py:190} INFO - [2025-12-15T18:56:30.981+0000] {override.py:1911} INFO - Created Permission View: can read on DAG Run:example_kubernetes_executor
[2025-12-15T18:56:31.019+0000] {logging_mixin.py:190} INFO - [2025-12-15T18:56:31.018+0000] {override.py:1911} INFO - Created Permission View: menu access on DAG Run:example_kubernetes_executor
[2025-12-15T18:56:31.053+0000] {logging_mixin.py:190} INFO - [2025-12-15T18:56:31.051+0000] {override.py:1911} INFO - Created Permission View: can create on DAG Run:example_kubernetes_executor
[2025-12-15T18:56:31.081+0000] {logging_mixin.py:190} INFO - [2025-12-15T18:56:31.081+0000] {override.py:1911} INFO - Created Permission View: can delete on DAG Run:example_kubernetes_executor
[2025-12-15T18:56:31.083+0000] {logging_mixin.py:190} INFO - [2025-12-15T18:56:31.082+0000] {dag.py:3239} INFO - Sync 1 DAGs
[2025-12-15T18:56:31.121+0000] {logging_mixin.py:190} INFO - [2025-12-15T18:56:31.120+0000] {dag.py:3262} INFO - Creating ORM DAG for example_kubernetes_executor
[2025-12-15T18:56:31.123+0000] {logging_mixin.py:190} INFO - [2025-12-15T18:56:31.123+0000] {dag.py:4180} INFO - Setting next_dagrun for example_kubernetes_executor to None, run_after=None
[2025-12-15T18:56:31.173+0000] {processor.py:208} INFO - Processing /home/airflow/.local/lib/python3.12/site-packages/airflow/example_dags/example_kubernetes_executor.py took 0.713 seconds
[2025-12-15T18:57:02.700+0000] {processor.py:186} INFO - Started process (PID=735) to work on /home/airflow/.local/lib/python3.12/site-packages/airflow/example_dags/example_kubernetes_executor.py
[2025-12-15T18:57:02.713+0000] {processor.py:914} INFO - Processing file /home/airflow/.local/lib/python3.12/site-packages/airflow/example_dags/example_kubernetes_executor.py for tasks to queue
[2025-12-15T18:57:02.722+0000] {logging_mixin.py:190} INFO - [2025-12-15T18:57:02.721+0000] {dagbag.py:588} INFO - Filling up the DagBag from /home/airflow/.local/lib/python3.12/site-packages/airflow/example_dags/example_kubernetes_executor.py
[2025-12-15T18:57:02.848+0000] {processor.py:925} INFO - DAG(s) 'example_kubernetes_executor' retrieved from /home/airflow/.local/lib/python3.12/site-packages/airflow/example_dags/example_kubernetes_executor.py
[2025-12-15T18:57:03.586+0000] {logging_mixin.py:190} INFO - [2025-12-15T18:57:03.585+0000] {dag.py:3239} INFO - Sync 1 DAGs
[2025-12-15T18:57:03.695+0000] {logging_mixin.py:190} INFO - [2025-12-15T18:57:03.693+0000] {dag.py:4180} INFO - Setting next_dagrun for example_kubernetes_executor to None, run_after=None
[2025-12-15T18:57:03.796+0000] {processor.py:208} INFO - Processing /home/airflow/.local/lib/python3.12/site-packages/airflow/example_dags/example_kubernetes_executor.py took 1.133 seconds
[2025-12-15T18:57:35.896+0000] {processor.py:186} INFO - Started process (PID=1036) to work on /home/airflow/.local/lib/python3.12/site-packages/airflow/example_dags/example_kubernetes_executor.py
[2025-12-15T18:57:35.919+0000] {processor.py:914} INFO - Processing file /home/airflow/.local/lib/python3.12/site-packages/airflow/example_dags/example_kubernetes_executor.py for tasks to queue
[2025-12-15T18:57:35.923+0000] {logging_mixin.py:190} INFO - [2025-12-15T18:57:35.922+0000] {dagbag.py:588} INFO - Filling up the DagBag from /home/airflow/.local/lib/python3.12/site-packages/airflow/example_dags/example_kubernetes_executor.py
[2025-12-15T18:57:35.955+0000] {processor.py:925} INFO - DAG(s) 'example_kubernetes_executor' retrieved from /home/airflow/.local/lib/python3.12/site-packages/airflow/example_dags/example_kubernetes_executor.py
[2025-12-15T18:57:36.030+0000] {logging_mixin.py:190} INFO - [2025-12-15T18:57:36.029+0000] {dag.py:3239} INFO - Sync 1 DAGs
[2025-12-15T18:57:36.069+0000] {logging_mixin.py:190} INFO - [2025-12-15T18:57:36.068+0000] {dag.py:4180} INFO - Setting next_dagrun for example_kubernetes_executor to None, run_after=None
[2025-12-15T18:57:36.887+0000] {processor.py:208} INFO - Processing /home/airflow/.local/lib/python3.12/site-packages/airflow/example_dags/example_kubernetes_executor.py took 1.001 seconds
[2025-12-15T18:57:41.502+0000] {processor.py:186} INFO - Started process (PID=1049) to work on /home/airflow/.local/lib/python3.12/site-packages/airflow/example_dags/example_kubernetes_executor.py
[2025-12-15T18:57:41.526+0000] {processor.py:914} INFO - Processing file /home/airflow/.local/lib/python3.12/site-packages/airflow/example_dags/example_kubernetes_executor.py for tasks to queue
[2025-12-15T18:57:41.530+0000] {logging_mixin.py:190} INFO - [2025-12-15T18:57:41.530+0000] {dagbag.py:588} INFO - Filling up the DagBag from /home/airflow/.local/lib/python3.12/site-packages/airflow/example_dags/example_kubernetes_executor.py
[2025-12-15T18:57:41.552+0000] {processor.py:925} INFO - DAG(s) 'example_kubernetes_executor' retrieved from /home/airflow/.local/lib/python3.12/site-packages/airflow/example_dags/example_kubernetes_executor.py
[2025-12-15T18:57:42.869+0000] {logging_mixin.py:190} INFO - [2025-12-15T18:57:42.869+0000] {dag.py:3239} INFO - Sync 1 DAGs
[2025-12-15T18:57:42.901+0000] {logging_mixin.py:190} INFO - [2025-12-15T18:57:42.901+0000] {dag.py:4180} INFO - Setting next_dagrun for example_kubernetes_executor to None, run_after=None
[2025-12-15T18:57:43.704+0000] {processor.py:208} INFO - Processing /home/airflow/.local/lib/python3.12/site-packages/airflow/example_dags/example_kubernetes_executor.py took 2.212 seconds
[2025-12-15T18:58:18.930+0000] {processor.py:186} INFO - Started process (PID=1346) to work on /home/airflow/.local/lib/python3.12/site-packages/airflow/example_dags/example_kubernetes_executor.py
[2025-12-15T18:58:18.932+0000] {processor.py:914} INFO - Processing file /home/airflow/.local/lib/python3.12/site-packages/airflow/example_dags/example_kubernetes_executor.py for tasks to queue
[2025-12-15T18:58:18.938+0000] {logging_mixin.py:190} INFO - [2025-12-15T18:58:18.937+0000] {dagbag.py:588} INFO - Filling up the DagBag from /home/airflow/.local/lib/python3.12/site-packages/airflow/example_dags/example_kubernetes_executor.py
[2025-12-15T18:58:18.980+0000] {processor.py:925} INFO - DAG(s) 'example_kubernetes_executor' retrieved from /home/airflow/.local/lib/python3.12/site-packages/airflow/example_dags/example_kubernetes_executor.py
[2025-12-15T18:58:19.077+0000] {logging_mixin.py:190} INFO - [2025-12-15T18:58:19.077+0000] {dag.py:3239} INFO - Sync 1 DAGs
[2025-12-15T18:58:19.125+0000] {logging_mixin.py:190} INFO - [2025-12-15T18:58:19.125+0000] {dag.py:4180} INFO - Setting next_dagrun for example_kubernetes_executor to None, run_after=None
[2025-12-15T18:58:19.180+0000] {processor.py:208} INFO - Processing /home/airflow/.local/lib/python3.12/site-packages/airflow/example_dags/example_kubernetes_executor.py took 0.268 seconds
[2025-12-15T18:58:51.662+0000] {processor.py:186} INFO - Started process (PID=1622) to work on /home/airflow/.local/lib/python3.12/site-packages/airflow/example_dags/example_kubernetes_executor.py
[2025-12-15T18:58:51.665+0000] {processor.py:914} INFO - Processing file /home/airflow/.local/lib/python3.12/site-packages/airflow/example_dags/example_kubernetes_executor.py for tasks to queue
[2025-12-15T18:58:51.671+0000] {logging_mixin.py:190} INFO - [2025-12-15T18:58:51.670+0000] {dagbag.py:588} INFO - Filling up the DagBag from /home/airflow/.local/lib/python3.12/site-packages/airflow/example_dags/example_kubernetes_executor.py
[2025-12-15T18:58:51.938+0000] {processor.py:925} INFO - DAG(s) 'example_kubernetes_executor' retrieved from /home/airflow/.local/lib/python3.12/site-packages/airflow/example_dags/example_kubernetes_executor.py
[2025-12-15T18:58:52.048+0000] {logging_mixin.py:190} INFO - [2025-12-15T18:58:52.047+0000] {dag.py:3239} INFO - Sync 1 DAGs
[2025-12-15T18:58:52.089+0000] {logging_mixin.py:190} INFO - [2025-12-15T18:58:52.088+0000] {dag.py:4180} INFO - Setting next_dagrun for example_kubernetes_executor to None, run_after=None
[2025-12-15T18:58:52.141+0000] {processor.py:208} INFO - Processing /home/airflow/.local/lib/python3.12/site-packages/airflow/example_dags/example_kubernetes_executor.py took 0.516 seconds
[2025-12-15T18:59:58.775+0000] {processor.py:186} INFO - Started process (PID=2027) to work on /home/airflow/.local/lib/python3.12/site-packages/airflow/example_dags/example_kubernetes_executor.py
[2025-12-15T18:59:58.779+0000] {processor.py:914} INFO - Processing file /home/airflow/.local/lib/python3.12/site-packages/airflow/example_dags/example_kubernetes_executor.py for tasks to queue
[2025-12-15T18:59:58.795+0000] {logging_mixin.py:190} INFO - [2025-12-15T18:59:58.794+0000] {dagbag.py:588} INFO - Filling up the DagBag from /home/airflow/.local/lib/python3.12/site-packages/airflow/example_dags/example_kubernetes_executor.py
[2025-12-15T18:59:58.923+0000] {processor.py:925} INFO - DAG(s) 'example_kubernetes_executor' retrieved from /home/airflow/.local/lib/python3.12/site-packages/airflow/example_dags/example_kubernetes_executor.py
[2025-12-15T18:59:59.326+0000] {logging_mixin.py:190} INFO - [2025-12-15T18:59:59.325+0000] {dag.py:3239} INFO - Sync 1 DAGs
[2025-12-15T18:59:59.493+0000] {logging_mixin.py:190} INFO - [2025-12-15T18:59:59.492+0000] {dag.py:4180} INFO - Setting next_dagrun for example_kubernetes_executor to None, run_after=None
[2025-12-15T18:59:59.583+0000] {processor.py:208} INFO - Processing /home/airflow/.local/lib/python3.12/site-packages/airflow/example_dags/example_kubernetes_executor.py took 0.845 seconds
[2025-12-15T19:01:57.571+0000] {processor.py:186} INFO - Started process (PID=2350) to work on /home/airflow/.local/lib/python3.12/site-packages/airflow/example_dags/example_kubernetes_executor.py
[2025-12-15T19:01:57.573+0000] {processor.py:914} INFO - Processing file /home/airflow/.local/lib/python3.12/site-packages/airflow/example_dags/example_kubernetes_executor.py for tasks to queue
[2025-12-15T19:01:57.579+0000] {logging_mixin.py:190} INFO - [2025-12-15T19:01:57.578+0000] {dagbag.py:588} INFO - Filling up the DagBag from /home/airflow/.local/lib/python3.12/site-packages/airflow/example_dags/example_kubernetes_executor.py
[2025-12-15T19:01:57.613+0000] {processor.py:925} INFO - DAG(s) 'example_kubernetes_executor' retrieved from /home/airflow/.local/lib/python3.12/site-packages/airflow/example_dags/example_kubernetes_executor.py
[2025-12-15T19:01:57.695+0000] {logging_mixin.py:190} INFO - [2025-12-15T19:01:57.694+0000] {dag.py:3239} INFO - Sync 1 DAGs
[2025-12-15T19:01:57.729+0000] {logging_mixin.py:190} INFO - [2025-12-15T19:01:57.728+0000] {dag.py:4180} INFO - Setting next_dagrun for example_kubernetes_executor to None, run_after=None
[2025-12-15T19:01:57.786+0000] {processor.py:208} INFO - Processing /home/airflow/.local/lib/python3.12/site-packages/airflow/example_dags/example_kubernetes_executor.py took 0.232 seconds
[2025-12-15T19:02:33.049+0000] {processor.py:186} INFO - Started process (PID=2728) to work on /home/airflow/.local/lib/python3.12/site-packages/airflow/example_dags/example_kubernetes_executor.py
[2025-12-15T19:02:33.052+0000] {processor.py:914} INFO - Processing file /home/airflow/.local/lib/python3.12/site-packages/airflow/example_dags/example_kubernetes_executor.py for tasks to queue
[2025-12-15T19:02:33.064+0000] {logging_mixin.py:190} INFO - [2025-12-15T19:02:33.064+0000] {dagbag.py:588} INFO - Filling up the DagBag from /home/airflow/.local/lib/python3.12/site-packages/airflow/example_dags/example_kubernetes_executor.py
[2025-12-15T19:02:33.098+0000] {processor.py:925} INFO - DAG(s) 'example_kubernetes_executor' retrieved from /home/airflow/.local/lib/python3.12/site-packages/airflow/example_dags/example_kubernetes_executor.py
[2025-12-15T19:02:33.180+0000] {logging_mixin.py:190} INFO - [2025-12-15T19:02:33.180+0000] {dag.py:3239} INFO - Sync 1 DAGs
[2025-12-15T19:02:33.216+0000] {logging_mixin.py:190} INFO - [2025-12-15T19:02:33.216+0000] {dag.py:4180} INFO - Setting next_dagrun for example_kubernetes_executor to None, run_after=None
[2025-12-15T19:02:33.254+0000] {processor.py:208} INFO - Processing /home/airflow/.local/lib/python3.12/site-packages/airflow/example_dags/example_kubernetes_executor.py took 0.222 seconds
[2025-12-15T19:03:07.707+0000] {processor.py:186} INFO - Started process (PID=3037) to work on /home/airflow/.local/lib/python3.12/site-packages/airflow/example_dags/example_kubernetes_executor.py
[2025-12-15T19:03:07.709+0000] {processor.py:914} INFO - Processing file /home/airflow/.local/lib/python3.12/site-packages/airflow/example_dags/example_kubernetes_executor.py for tasks to queue
[2025-12-15T19:03:07.715+0000] {logging_mixin.py:190} INFO - [2025-12-15T19:03:07.713+0000] {dagbag.py:588} INFO - Filling up the DagBag from /home/airflow/.local/lib/python3.12/site-packages/airflow/example_dags/example_kubernetes_executor.py
[2025-12-15T19:03:07.764+0000] {processor.py:925} INFO - DAG(s) 'example_kubernetes_executor' retrieved from /home/airflow/.local/lib/python3.12/site-packages/airflow/example_dags/example_kubernetes_executor.py
[2025-12-15T19:03:07.876+0000] {logging_mixin.py:190} INFO - [2025-12-15T19:03:07.875+0000] {dag.py:3239} INFO - Sync 1 DAGs
[2025-12-15T19:03:07.909+0000] {logging_mixin.py:190} INFO - [2025-12-15T19:03:07.909+0000] {dag.py:4180} INFO - Setting next_dagrun for example_kubernetes_executor to None, run_after=None
[2025-12-15T19:03:07.955+0000] {processor.py:208} INFO - Processing /home/airflow/.local/lib/python3.12/site-packages/airflow/example_dags/example_kubernetes_executor.py took 0.266 seconds
[2025-12-15T19:03:39.089+0000] {processor.py:186} INFO - Started process (PID=3328) to work on /home/airflow/.local/lib/python3.12/site-packages/airflow/example_dags/example_kubernetes_executor.py
[2025-12-15T19:03:39.092+0000] {processor.py:914} INFO - Processing file /home/airflow/.local/lib/python3.12/site-packages/airflow/example_dags/example_kubernetes_executor.py for tasks to queue
[2025-12-15T19:03:39.109+0000] {logging_mixin.py:190} INFO - [2025-12-15T19:03:39.108+0000] {dagbag.py:588} INFO - Filling up the DagBag from /home/airflow/.local/lib/python3.12/site-packages/airflow/example_dags/example_kubernetes_executor.py
[2025-12-15T19:03:39.212+0000] {processor.py:925} INFO - DAG(s) 'example_kubernetes_executor' retrieved from /home/airflow/.local/lib/python3.12/site-packages/airflow/example_dags/example_kubernetes_executor.py
[2025-12-15T19:03:39.411+0000] {logging_mixin.py:190} INFO - [2025-12-15T19:03:39.411+0000] {dag.py:3239} INFO - Sync 1 DAGs
[2025-12-15T19:03:39.514+0000] {logging_mixin.py:190} INFO - [2025-12-15T19:03:39.514+0000] {dag.py:4180} INFO - Setting next_dagrun for example_kubernetes_executor to None, run_after=None
[2025-12-15T19:03:39.612+0000] {processor.py:208} INFO - Processing /home/airflow/.local/lib/python3.12/site-packages/airflow/example_dags/example_kubernetes_executor.py took 0.561 seconds
[2025-12-15T19:04:11.678+0000] {processor.py:186} INFO - Started process (PID=3619) to work on /home/airflow/.local/lib/python3.12/site-packages/airflow/example_dags/example_kubernetes_executor.py
[2025-12-15T19:04:11.680+0000] {processor.py:914} INFO - Processing file /home/airflow/.local/lib/python3.12/site-packages/airflow/example_dags/example_kubernetes_executor.py for tasks to queue
[2025-12-15T19:04:11.685+0000] {logging_mixin.py:190} INFO - [2025-12-15T19:04:11.685+0000] {dagbag.py:588} INFO - Filling up the DagBag from /home/airflow/.local/lib/python3.12/site-packages/airflow/example_dags/example_kubernetes_executor.py
[2025-12-15T19:04:11.717+0000] {processor.py:925} INFO - DAG(s) 'example_kubernetes_executor' retrieved from /home/airflow/.local/lib/python3.12/site-packages/airflow/example_dags/example_kubernetes_executor.py
[2025-12-15T19:04:11.788+0000] {logging_mixin.py:190} INFO - [2025-12-15T19:04:11.787+0000] {dag.py:3239} INFO - Sync 1 DAGs
[2025-12-15T19:04:11.814+0000] {logging_mixin.py:190} INFO - [2025-12-15T19:04:11.814+0000] {dag.py:4180} INFO - Setting next_dagrun for example_kubernetes_executor to None, run_after=None
[2025-12-15T19:04:11.858+0000] {processor.py:208} INFO - Processing /home/airflow/.local/lib/python3.12/site-packages/airflow/example_dags/example_kubernetes_executor.py took 0.193 seconds
[2025-12-15T19:04:45.224+0000] {processor.py:186} INFO - Started process (PID=3910) to work on /home/airflow/.local/lib/python3.12/site-packages/airflow/example_dags/example_kubernetes_executor.py
[2025-12-15T19:04:45.226+0000] {processor.py:914} INFO - Processing file /home/airflow/.local/lib/python3.12/site-packages/airflow/example_dags/example_kubernetes_executor.py for tasks to queue
[2025-12-15T19:04:45.230+0000] {logging_mixin.py:190} INFO - [2025-12-15T19:04:45.229+0000] {dagbag.py:588} INFO - Filling up the DagBag from /home/airflow/.local/lib/python3.12/site-packages/airflow/example_dags/example_kubernetes_executor.py
[2025-12-15T19:04:45.254+0000] {processor.py:925} INFO - DAG(s) 'example_kubernetes_executor' retrieved from /home/airflow/.local/lib/python3.12/site-packages/airflow/example_dags/example_kubernetes_executor.py
[2025-12-15T19:04:45.320+0000] {logging_mixin.py:190} INFO - [2025-12-15T19:04:45.320+0000] {dag.py:3239} INFO - Sync 1 DAGs
[2025-12-15T19:04:45.344+0000] {logging_mixin.py:190} INFO - [2025-12-15T19:04:45.344+0000] {dag.py:4180} INFO - Setting next_dagrun for example_kubernetes_executor to None, run_after=None
[2025-12-15T19:04:45.381+0000] {processor.py:208} INFO - Processing /home/airflow/.local/lib/python3.12/site-packages/airflow/example_dags/example_kubernetes_executor.py took 0.168 seconds
[2025-12-15T19:05:17.941+0000] {processor.py:186} INFO - Started process (PID=4201) to work on /home/airflow/.local/lib/python3.12/site-packages/airflow/example_dags/example_kubernetes_executor.py
[2025-12-15T19:05:17.944+0000] {processor.py:914} INFO - Processing file /home/airflow/.local/lib/python3.12/site-packages/airflow/example_dags/example_kubernetes_executor.py for tasks to queue
[2025-12-15T19:05:17.948+0000] {logging_mixin.py:190} INFO - [2025-12-15T19:05:17.947+0000] {dagbag.py:588} INFO - Filling up the DagBag from /home/airflow/.local/lib/python3.12/site-packages/airflow/example_dags/example_kubernetes_executor.py
[2025-12-15T19:05:17.975+0000] {processor.py:925} INFO - DAG(s) 'example_kubernetes_executor' retrieved from /home/airflow/.local/lib/python3.12/site-packages/airflow/example_dags/example_kubernetes_executor.py
[2025-12-15T19:05:18.050+0000] {logging_mixin.py:190} INFO - [2025-12-15T19:05:18.049+0000] {dag.py:3239} INFO - Sync 1 DAGs
[2025-12-15T19:05:18.083+0000] {logging_mixin.py:190} INFO - [2025-12-15T19:05:18.083+0000] {dag.py:4180} INFO - Setting next_dagrun for example_kubernetes_executor to None, run_after=None
[2025-12-15T19:05:18.140+0000] {processor.py:208} INFO - Processing /home/airflow/.local/lib/python3.12/site-packages/airflow/example_dags/example_kubernetes_executor.py took 0.210 seconds
[2025-12-15T19:05:49.111+0000] {processor.py:186} INFO - Started process (PID=4492) to work on /home/airflow/.local/lib/python3.12/site-packages/airflow/example_dags/example_kubernetes_executor.py
[2025-12-15T19:05:49.112+0000] {processor.py:914} INFO - Processing file /home/airflow/.local/lib/python3.12/site-packages/airflow/example_dags/example_kubernetes_executor.py for tasks to queue
[2025-12-15T19:05:49.116+0000] {logging_mixin.py:190} INFO - [2025-12-15T19:05:49.116+0000] {dagbag.py:588} INFO - Filling up the DagBag from /home/airflow/.local/lib/python3.12/site-packages/airflow/example_dags/example_kubernetes_executor.py
[2025-12-15T19:05:49.138+0000] {processor.py:925} INFO - DAG(s) 'example_kubernetes_executor' retrieved from /home/airflow/.local/lib/python3.12/site-packages/airflow/example_dags/example_kubernetes_executor.py
[2025-12-15T19:05:49.197+0000] {logging_mixin.py:190} INFO - [2025-12-15T19:05:49.196+0000] {dag.py:3239} INFO - Sync 1 DAGs
[2025-12-15T19:05:49.219+0000] {logging_mixin.py:190} INFO - [2025-12-15T19:05:49.218+0000] {dag.py:4180} INFO - Setting next_dagrun for example_kubernetes_executor to None, run_after=None
[2025-12-15T19:05:49.249+0000] {processor.py:208} INFO - Processing /home/airflow/.local/lib/python3.12/site-packages/airflow/example_dags/example_kubernetes_executor.py took 0.147 seconds
[2025-12-15T19:06:23.185+0000] {processor.py:186} INFO - Started process (PID=4783) to work on /home/airflow/.local/lib/python3.12/site-packages/airflow/example_dags/example_kubernetes_executor.py
[2025-12-15T19:06:23.187+0000] {processor.py:914} INFO - Processing file /home/airflow/.local/lib/python3.12/site-packages/airflow/example_dags/example_kubernetes_executor.py for tasks to queue
[2025-12-15T19:06:23.190+0000] {logging_mixin.py:190} INFO - [2025-12-15T19:06:23.190+0000] {dagbag.py:588} INFO - Filling up the DagBag from /home/airflow/.local/lib/python3.12/site-packages/airflow/example_dags/example_kubernetes_executor.py
[2025-12-15T19:06:23.218+0000] {processor.py:925} INFO - DAG(s) 'example_kubernetes_executor' retrieved from /home/airflow/.local/lib/python3.12/site-packages/airflow/example_dags/example_kubernetes_executor.py
[2025-12-15T19:06:23.280+0000] {logging_mixin.py:190} INFO - [2025-12-15T19:06:23.280+0000] {dag.py:3239} INFO - Sync 1 DAGs
[2025-12-15T19:06:23.307+0000] {logging_mixin.py:190} INFO - [2025-12-15T19:06:23.307+0000] {dag.py:4180} INFO - Setting next_dagrun for example_kubernetes_executor to None, run_after=None
[2025-12-15T19:06:23.340+0000] {processor.py:208} INFO - Processing /home/airflow/.local/lib/python3.12/site-packages/airflow/example_dags/example_kubernetes_executor.py took 0.166 seconds
[2025-12-15T19:06:55.931+0000] {processor.py:186} INFO - Started process (PID=5074) to work on /home/airflow/.local/lib/python3.12/site-packages/airflow/example_dags/example_kubernetes_executor.py
[2025-12-15T19:06:55.936+0000] {processor.py:914} INFO - Processing file /home/airflow/.local/lib/python3.12/site-packages/airflow/example_dags/example_kubernetes_executor.py for tasks to queue
[2025-12-15T19:06:55.940+0000] {logging_mixin.py:190} INFO - [2025-12-15T19:06:55.940+0000] {dagbag.py:588} INFO - Filling up the DagBag from /home/airflow/.local/lib/python3.12/site-packages/airflow/example_dags/example_kubernetes_executor.py
[2025-12-15T19:06:55.969+0000] {processor.py:925} INFO - DAG(s) 'example_kubernetes_executor' retrieved from /home/airflow/.local/lib/python3.12/site-packages/airflow/example_dags/example_kubernetes_executor.py
[2025-12-15T19:06:56.046+0000] {logging_mixin.py:190} INFO - [2025-12-15T19:06:56.046+0000] {dag.py:3239} INFO - Sync 1 DAGs
[2025-12-15T19:06:56.071+0000] {logging_mixin.py:190} INFO - [2025-12-15T19:06:56.071+0000] {dag.py:4180} INFO - Setting next_dagrun for example_kubernetes_executor to None, run_after=None
[2025-12-15T19:06:56.113+0000] {processor.py:208} INFO - Processing /home/airflow/.local/lib/python3.12/site-packages/airflow/example_dags/example_kubernetes_executor.py took 0.191 seconds
[2025-12-15T19:07:32.855+0000] {processor.py:186} INFO - Started process (PID=5365) to work on /home/airflow/.local/lib/python3.12/site-packages/airflow/example_dags/example_kubernetes_executor.py
[2025-12-15T19:07:32.858+0000] {processor.py:914} INFO - Processing file /home/airflow/.local/lib/python3.12/site-packages/airflow/example_dags/example_kubernetes_executor.py for tasks to queue
[2025-12-15T19:07:32.863+0000] {logging_mixin.py:190} INFO - [2025-12-15T19:07:32.862+0000] {dagbag.py:588} INFO - Filling up the DagBag from /home/airflow/.local/lib/python3.12/site-packages/airflow/example_dags/example_kubernetes_executor.py
[2025-12-15T19:07:32.894+0000] {processor.py:925} INFO - DAG(s) 'example_kubernetes_executor' retrieved from /home/airflow/.local/lib/python3.12/site-packages/airflow/example_dags/example_kubernetes_executor.py
[2025-12-15T19:07:32.961+0000] {logging_mixin.py:190} INFO - [2025-12-15T19:07:32.961+0000] {dag.py:3239} INFO - Sync 1 DAGs
[2025-12-15T19:07:32.992+0000] {logging_mixin.py:190} INFO - [2025-12-15T19:07:32.992+0000] {dag.py:4180} INFO - Setting next_dagrun for example_kubernetes_executor to None, run_after=None
[2025-12-15T19:07:33.026+0000] {processor.py:208} INFO - Processing /home/airflow/.local/lib/python3.12/site-packages/airflow/example_dags/example_kubernetes_executor.py took 0.182 seconds
[2025-12-15T19:08:04.832+0000] {processor.py:186} INFO - Started process (PID=5656) to work on /home/airflow/.local/lib/python3.12/site-packages/airflow/example_dags/example_kubernetes_executor.py
[2025-12-15T19:08:04.834+0000] {processor.py:914} INFO - Processing file /home/airflow/.local/lib/python3.12/site-packages/airflow/example_dags/example_kubernetes_executor.py for tasks to queue
[2025-12-15T19:08:04.838+0000] {logging_mixin.py:190} INFO - [2025-12-15T19:08:04.837+0000] {dagbag.py:588} INFO - Filling up the DagBag from /home/airflow/.local/lib/python3.12/site-packages/airflow/example_dags/example_kubernetes_executor.py
[2025-12-15T19:08:04.861+0000] {processor.py:925} INFO - DAG(s) 'example_kubernetes_executor' retrieved from /home/airflow/.local/lib/python3.12/site-packages/airflow/example_dags/example_kubernetes_executor.py
[2025-12-15T19:08:04.922+0000] {logging_mixin.py:190} INFO - [2025-12-15T19:08:04.921+0000] {dag.py:3239} INFO - Sync 1 DAGs
[2025-12-15T19:08:04.946+0000] {logging_mixin.py:190} INFO - [2025-12-15T19:08:04.946+0000] {dag.py:4180} INFO - Setting next_dagrun for example_kubernetes_executor to None, run_after=None
[2025-12-15T19:08:04.979+0000] {processor.py:208} INFO - Processing /home/airflow/.local/lib/python3.12/site-packages/airflow/example_dags/example_kubernetes_executor.py took 0.156 seconds
[2025-12-15T19:08:40.028+0000] {processor.py:186} INFO - Started process (PID=5949) to work on /home/airflow/.local/lib/python3.12/site-packages/airflow/example_dags/example_kubernetes_executor.py
[2025-12-15T19:08:40.031+0000] {processor.py:914} INFO - Processing file /home/airflow/.local/lib/python3.12/site-packages/airflow/example_dags/example_kubernetes_executor.py for tasks to queue
[2025-12-15T19:08:40.035+0000] {logging_mixin.py:190} INFO - [2025-12-15T19:08:40.034+0000] {dagbag.py:588} INFO - Filling up the DagBag from /home/airflow/.local/lib/python3.12/site-packages/airflow/example_dags/example_kubernetes_executor.py
[2025-12-15T19:08:40.064+0000] {processor.py:925} INFO - DAG(s) 'example_kubernetes_executor' retrieved from /home/airflow/.local/lib/python3.12/site-packages/airflow/example_dags/example_kubernetes_executor.py
[2025-12-15T19:08:40.126+0000] {logging_mixin.py:190} INFO - [2025-12-15T19:08:40.126+0000] {dag.py:3239} INFO - Sync 1 DAGs
[2025-12-15T19:08:40.155+0000] {logging_mixin.py:190} INFO - [2025-12-15T19:08:40.154+0000] {dag.py:4180} INFO - Setting next_dagrun for example_kubernetes_executor to None, run_after=None
[2025-12-15T19:08:40.194+0000] {processor.py:208} INFO - Processing /home/airflow/.local/lib/python3.12/site-packages/airflow/example_dags/example_kubernetes_executor.py took 0.179 seconds
[2025-12-15T19:09:11.269+0000] {processor.py:186} INFO - Started process (PID=6238) to work on /home/airflow/.local/lib/python3.12/site-packages/airflow/example_dags/example_kubernetes_executor.py
[2025-12-15T19:09:11.271+0000] {processor.py:914} INFO - Processing file /home/airflow/.local/lib/python3.12/site-packages/airflow/example_dags/example_kubernetes_executor.py for tasks to queue
[2025-12-15T19:09:11.275+0000] {logging_mixin.py:190} INFO - [2025-12-15T19:09:11.274+0000] {dagbag.py:588} INFO - Filling up the DagBag from /home/airflow/.local/lib/python3.12/site-packages/airflow/example_dags/example_kubernetes_executor.py
[2025-12-15T19:09:11.297+0000] {processor.py:925} INFO - DAG(s) 'example_kubernetes_executor' retrieved from /home/airflow/.local/lib/python3.12/site-packages/airflow/example_dags/example_kubernetes_executor.py
[2025-12-15T19:09:11.352+0000] {logging_mixin.py:190} INFO - [2025-12-15T19:09:11.352+0000] {dag.py:3239} INFO - Sync 1 DAGs
[2025-12-15T19:09:11.374+0000] {logging_mixin.py:190} INFO - [2025-12-15T19:09:11.374+0000] {dag.py:4180} INFO - Setting next_dagrun for example_kubernetes_executor to None, run_after=None
[2025-12-15T19:09:11.402+0000] {processor.py:208} INFO - Processing /home/airflow/.local/lib/python3.12/site-packages/airflow/example_dags/example_kubernetes_executor.py took 0.142 seconds
[2025-12-15T19:09:44.226+0000] {processor.py:186} INFO - Started process (PID=6529) to work on /home/airflow/.local/lib/python3.12/site-packages/airflow/example_dags/example_kubernetes_executor.py
[2025-12-15T19:09:44.229+0000] {processor.py:914} INFO - Processing file /home/airflow/.local/lib/python3.12/site-packages/airflow/example_dags/example_kubernetes_executor.py for tasks to queue
[2025-12-15T19:09:44.236+0000] {logging_mixin.py:190} INFO - [2025-12-15T19:09:44.236+0000] {dagbag.py:588} INFO - Filling up the DagBag from /home/airflow/.local/lib/python3.12/site-packages/airflow/example_dags/example_kubernetes_executor.py
[2025-12-15T19:09:44.270+0000] {processor.py:925} INFO - DAG(s) 'example_kubernetes_executor' retrieved from /home/airflow/.local/lib/python3.12/site-packages/airflow/example_dags/example_kubernetes_executor.py
[2025-12-15T19:09:44.423+0000] {logging_mixin.py:190} INFO - [2025-12-15T19:09:44.422+0000] {dag.py:3239} INFO - Sync 1 DAGs
[2025-12-15T19:09:44.533+0000] {logging_mixin.py:190} INFO - [2025-12-15T19:09:44.533+0000] {dag.py:4180} INFO - Setting next_dagrun for example_kubernetes_executor to None, run_after=None
[2025-12-15T19:09:44.689+0000] {processor.py:208} INFO - Processing /home/airflow/.local/lib/python3.12/site-packages/airflow/example_dags/example_kubernetes_executor.py took 0.476 seconds
[2025-12-15T19:10:16.034+0000] {processor.py:186} INFO - Started process (PID=6822) to work on /home/airflow/.local/lib/python3.12/site-packages/airflow/example_dags/example_kubernetes_executor.py
[2025-12-15T19:10:16.036+0000] {processor.py:914} INFO - Processing file /home/airflow/.local/lib/python3.12/site-packages/airflow/example_dags/example_kubernetes_executor.py for tasks to queue
[2025-12-15T19:10:16.041+0000] {logging_mixin.py:190} INFO - [2025-12-15T19:10:16.040+0000] {dagbag.py:588} INFO - Filling up the DagBag from /home/airflow/.local/lib/python3.12/site-packages/airflow/example_dags/example_kubernetes_executor.py
[2025-12-15T19:10:16.070+0000] {processor.py:925} INFO - DAG(s) 'example_kubernetes_executor' retrieved from /home/airflow/.local/lib/python3.12/site-packages/airflow/example_dags/example_kubernetes_executor.py
[2025-12-15T19:10:16.151+0000] {logging_mixin.py:190} INFO - [2025-12-15T19:10:16.151+0000] {dag.py:3239} INFO - Sync 1 DAGs
[2025-12-15T19:10:16.181+0000] {logging_mixin.py:190} INFO - [2025-12-15T19:10:16.181+0000] {dag.py:4180} INFO - Setting next_dagrun for example_kubernetes_executor to None, run_after=None
[2025-12-15T19:10:16.231+0000] {processor.py:208} INFO - Processing /home/airflow/.local/lib/python3.12/site-packages/airflow/example_dags/example_kubernetes_executor.py took 0.206 seconds
[2025-12-15T19:10:48.764+0000] {processor.py:186} INFO - Started process (PID=7114) to work on /home/airflow/.local/lib/python3.12/site-packages/airflow/example_dags/example_kubernetes_executor.py
[2025-12-15T19:10:48.767+0000] {processor.py:914} INFO - Processing file /home/airflow/.local/lib/python3.12/site-packages/airflow/example_dags/example_kubernetes_executor.py for tasks to queue
[2025-12-15T19:10:48.777+0000] {logging_mixin.py:190} INFO - [2025-12-15T19:10:48.777+0000] {dagbag.py:588} INFO - Filling up the DagBag from /home/airflow/.local/lib/python3.12/site-packages/airflow/example_dags/example_kubernetes_executor.py
[2025-12-15T19:10:48.837+0000] {processor.py:925} INFO - DAG(s) 'example_kubernetes_executor' retrieved from /home/airflow/.local/lib/python3.12/site-packages/airflow/example_dags/example_kubernetes_executor.py
[2025-12-15T19:10:48.929+0000] {logging_mixin.py:190} INFO - [2025-12-15T19:10:48.929+0000] {dag.py:3239} INFO - Sync 1 DAGs
[2025-12-15T19:10:48.978+0000] {logging_mixin.py:190} INFO - [2025-12-15T19:10:48.977+0000] {dag.py:4180} INFO - Setting next_dagrun for example_kubernetes_executor to None, run_after=None
[2025-12-15T19:10:49.017+0000] {processor.py:208} INFO - Processing /home/airflow/.local/lib/python3.12/site-packages/airflow/example_dags/example_kubernetes_executor.py took 0.268 seconds
[2025-12-15T19:11:19.526+0000] {processor.py:186} INFO - Started process (PID=7403) to work on /home/airflow/.local/lib/python3.12/site-packages/airflow/example_dags/example_kubernetes_executor.py
[2025-12-15T19:11:19.528+0000] {processor.py:914} INFO - Processing file /home/airflow/.local/lib/python3.12/site-packages/airflow/example_dags/example_kubernetes_executor.py for tasks to queue
[2025-12-15T19:11:19.531+0000] {logging_mixin.py:190} INFO - [2025-12-15T19:11:19.531+0000] {dagbag.py:588} INFO - Filling up the DagBag from /home/airflow/.local/lib/python3.12/site-packages/airflow/example_dags/example_kubernetes_executor.py
[2025-12-15T19:11:19.554+0000] {processor.py:925} INFO - DAG(s) 'example_kubernetes_executor' retrieved from /home/airflow/.local/lib/python3.12/site-packages/airflow/example_dags/example_kubernetes_executor.py
[2025-12-15T19:11:19.604+0000] {logging_mixin.py:190} INFO - [2025-12-15T19:11:19.604+0000] {dag.py:3239} INFO - Sync 1 DAGs
[2025-12-15T19:11:19.627+0000] {logging_mixin.py:190} INFO - [2025-12-15T19:11:19.627+0000] {dag.py:4180} INFO - Setting next_dagrun for example_kubernetes_executor to None, run_after=None
[2025-12-15T19:11:19.658+0000] {processor.py:208} INFO - Processing /home/airflow/.local/lib/python3.12/site-packages/airflow/example_dags/example_kubernetes_executor.py took 0.142 seconds
[2025-12-15T19:11:51.183+0000] {processor.py:186} INFO - Started process (PID=7694) to work on /home/airflow/.local/lib/python3.12/site-packages/airflow/example_dags/example_kubernetes_executor.py
[2025-12-15T19:11:51.185+0000] {processor.py:914} INFO - Processing file /home/airflow/.local/lib/python3.12/site-packages/airflow/example_dags/example_kubernetes_executor.py for tasks to queue
[2025-12-15T19:11:51.187+0000] {logging_mixin.py:190} INFO - [2025-12-15T19:11:51.187+0000] {dagbag.py:588} INFO - Filling up the DagBag from /home/airflow/.local/lib/python3.12/site-packages/airflow/example_dags/example_kubernetes_executor.py
[2025-12-15T19:11:51.215+0000] {processor.py:925} INFO - DAG(s) 'example_kubernetes_executor' retrieved from /home/airflow/.local/lib/python3.12/site-packages/airflow/example_dags/example_kubernetes_executor.py
[2025-12-15T19:11:51.282+0000] {logging_mixin.py:190} INFO - [2025-12-15T19:11:51.282+0000] {dag.py:3239} INFO - Sync 1 DAGs
[2025-12-15T19:11:51.311+0000] {logging_mixin.py:190} INFO - [2025-12-15T19:11:51.311+0000] {dag.py:4180} INFO - Setting next_dagrun for example_kubernetes_executor to None, run_after=None
[2025-12-15T19:11:51.347+0000] {processor.py:208} INFO - Processing /home/airflow/.local/lib/python3.12/site-packages/airflow/example_dags/example_kubernetes_executor.py took 0.176 seconds
[2025-12-15T19:12:22.515+0000] {processor.py:186} INFO - Started process (PID=7987) to work on /home/airflow/.local/lib/python3.12/site-packages/airflow/example_dags/example_kubernetes_executor.py
[2025-12-15T19:12:22.517+0000] {processor.py:914} INFO - Processing file /home/airflow/.local/lib/python3.12/site-packages/airflow/example_dags/example_kubernetes_executor.py for tasks to queue
[2025-12-15T19:12:22.518+0000] {logging_mixin.py:190} INFO - [2025-12-15T19:12:22.518+0000] {dagbag.py:588} INFO - Filling up the DagBag from /home/airflow/.local/lib/python3.12/site-packages/airflow/example_dags/example_kubernetes_executor.py
[2025-12-15T19:12:22.536+0000] {processor.py:925} INFO - DAG(s) 'example_kubernetes_executor' retrieved from /home/airflow/.local/lib/python3.12/site-packages/airflow/example_dags/example_kubernetes_executor.py
[2025-12-15T19:12:22.749+0000] {logging_mixin.py:190} INFO - [2025-12-15T19:12:22.748+0000] {dag.py:3239} INFO - Sync 1 DAGs
[2025-12-15T19:12:22.844+0000] {logging_mixin.py:190} INFO - [2025-12-15T19:12:22.843+0000] {dag.py:4180} INFO - Setting next_dagrun for example_kubernetes_executor to None, run_after=None
[2025-12-15T19:12:22.972+0000] {processor.py:208} INFO - Processing /home/airflow/.local/lib/python3.12/site-packages/airflow/example_dags/example_kubernetes_executor.py took 0.464 seconds
[2025-12-15T19:12:54.375+0000] {processor.py:186} INFO - Started process (PID=8281) to work on /home/airflow/.local/lib/python3.12/site-packages/airflow/example_dags/example_kubernetes_executor.py
[2025-12-15T19:12:54.376+0000] {processor.py:914} INFO - Processing file /home/airflow/.local/lib/python3.12/site-packages/airflow/example_dags/example_kubernetes_executor.py for tasks to queue
[2025-12-15T19:12:54.378+0000] {logging_mixin.py:190} INFO - [2025-12-15T19:12:54.377+0000] {dagbag.py:588} INFO - Filling up the DagBag from /home/airflow/.local/lib/python3.12/site-packages/airflow/example_dags/example_kubernetes_executor.py
[2025-12-15T19:12:54.401+0000] {processor.py:925} INFO - DAG(s) 'example_kubernetes_executor' retrieved from /home/airflow/.local/lib/python3.12/site-packages/airflow/example_dags/example_kubernetes_executor.py
[2025-12-15T19:12:54.445+0000] {logging_mixin.py:190} INFO - [2025-12-15T19:12:54.445+0000] {dag.py:3239} INFO - Sync 1 DAGs
[2025-12-15T19:12:54.473+0000] {logging_mixin.py:190} INFO - [2025-12-15T19:12:54.473+0000] {dag.py:4180} INFO - Setting next_dagrun for example_kubernetes_executor to None, run_after=None
[2025-12-15T19:12:54.520+0000] {processor.py:208} INFO - Processing /home/airflow/.local/lib/python3.12/site-packages/airflow/example_dags/example_kubernetes_executor.py took 0.155 seconds
[2025-12-15T19:13:29.903+0000] {processor.py:186} INFO - Started process (PID=8583) to work on /home/airflow/.local/lib/python3.12/site-packages/airflow/example_dags/example_kubernetes_executor.py
[2025-12-15T19:13:29.905+0000] {processor.py:914} INFO - Processing file /home/airflow/.local/lib/python3.12/site-packages/airflow/example_dags/example_kubernetes_executor.py for tasks to queue
[2025-12-15T19:13:29.908+0000] {logging_mixin.py:190} INFO - [2025-12-15T19:13:29.907+0000] {dagbag.py:588} INFO - Filling up the DagBag from /home/airflow/.local/lib/python3.12/site-packages/airflow/example_dags/example_kubernetes_executor.py
[2025-12-15T19:13:29.973+0000] {processor.py:925} INFO - DAG(s) 'example_kubernetes_executor' retrieved from /home/airflow/.local/lib/python3.12/site-packages/airflow/example_dags/example_kubernetes_executor.py
[2025-12-15T19:13:30.065+0000] {logging_mixin.py:190} INFO - [2025-12-15T19:13:30.065+0000] {dag.py:3239} INFO - Sync 1 DAGs
[2025-12-15T19:13:30.104+0000] {logging_mixin.py:190} INFO - [2025-12-15T19:13:30.103+0000] {dag.py:4180} INFO - Setting next_dagrun for example_kubernetes_executor to None, run_after=None
[2025-12-15T19:13:30.155+0000] {processor.py:208} INFO - Processing /home/airflow/.local/lib/python3.12/site-packages/airflow/example_dags/example_kubernetes_executor.py took 0.267 seconds
[2025-12-15T19:14:00.901+0000] {processor.py:186} INFO - Started process (PID=8876) to work on /home/airflow/.local/lib/python3.12/site-packages/airflow/example_dags/example_kubernetes_executor.py
[2025-12-15T19:14:00.923+0000] {processor.py:914} INFO - Processing file /home/airflow/.local/lib/python3.12/site-packages/airflow/example_dags/example_kubernetes_executor.py for tasks to queue
[2025-12-15T19:14:00.927+0000] {logging_mixin.py:190} INFO - [2025-12-15T19:14:00.925+0000] {dagbag.py:588} INFO - Filling up the DagBag from /home/airflow/.local/lib/python3.12/site-packages/airflow/example_dags/example_kubernetes_executor.py
[2025-12-15T19:14:01.021+0000] {processor.py:925} INFO - DAG(s) 'example_kubernetes_executor' retrieved from /home/airflow/.local/lib/python3.12/site-packages/airflow/example_dags/example_kubernetes_executor.py
[2025-12-15T19:14:01.207+0000] {logging_mixin.py:190} INFO - [2025-12-15T19:14:01.207+0000] {dag.py:3239} INFO - Sync 1 DAGs
[2025-12-15T19:14:01.305+0000] {logging_mixin.py:190} INFO - [2025-12-15T19:14:01.305+0000] {dag.py:4180} INFO - Setting next_dagrun for example_kubernetes_executor to None, run_after=None
[2025-12-15T19:14:01.438+0000] {processor.py:208} INFO - Processing /home/airflow/.local/lib/python3.12/site-packages/airflow/example_dags/example_kubernetes_executor.py took 0.582 seconds
[2025-12-15T19:14:31.966+0000] {processor.py:186} INFO - Started process (PID=9165) to work on /home/airflow/.local/lib/python3.12/site-packages/airflow/example_dags/example_kubernetes_executor.py
[2025-12-15T19:14:31.973+0000] {processor.py:914} INFO - Processing file /home/airflow/.local/lib/python3.12/site-packages/airflow/example_dags/example_kubernetes_executor.py for tasks to queue
[2025-12-15T19:14:31.975+0000] {logging_mixin.py:190} INFO - [2025-12-15T19:14:31.975+0000] {dagbag.py:588} INFO - Filling up the DagBag from /home/airflow/.local/lib/python3.12/site-packages/airflow/example_dags/example_kubernetes_executor.py
[2025-12-15T19:14:31.998+0000] {processor.py:925} INFO - DAG(s) 'example_kubernetes_executor' retrieved from /home/airflow/.local/lib/python3.12/site-packages/airflow/example_dags/example_kubernetes_executor.py
[2025-12-15T19:14:32.070+0000] {logging_mixin.py:190} INFO - [2025-12-15T19:14:32.069+0000] {dag.py:3239} INFO - Sync 1 DAGs
[2025-12-15T19:14:32.098+0000] {logging_mixin.py:190} INFO - [2025-12-15T19:14:32.097+0000] {dag.py:4180} INFO - Setting next_dagrun for example_kubernetes_executor to None, run_after=None
[2025-12-15T19:14:32.132+0000] {processor.py:208} INFO - Processing /home/airflow/.local/lib/python3.12/site-packages/airflow/example_dags/example_kubernetes_executor.py took 0.175 seconds
[2025-12-15T19:15:05.770+0000] {processor.py:186} INFO - Started process (PID=9456) to work on /home/airflow/.local/lib/python3.12/site-packages/airflow/example_dags/example_kubernetes_executor.py
[2025-12-15T19:15:05.772+0000] {processor.py:914} INFO - Processing file /home/airflow/.local/lib/python3.12/site-packages/airflow/example_dags/example_kubernetes_executor.py for tasks to queue
[2025-12-15T19:15:05.775+0000] {logging_mixin.py:190} INFO - [2025-12-15T19:15:05.775+0000] {dagbag.py:588} INFO - Filling up the DagBag from /home/airflow/.local/lib/python3.12/site-packages/airflow/example_dags/example_kubernetes_executor.py
[2025-12-15T19:15:05.821+0000] {processor.py:925} INFO - DAG(s) 'example_kubernetes_executor' retrieved from /home/airflow/.local/lib/python3.12/site-packages/airflow/example_dags/example_kubernetes_executor.py
[2025-12-15T19:15:05.915+0000] {logging_mixin.py:190} INFO - [2025-12-15T19:15:05.914+0000] {dag.py:3239} INFO - Sync 1 DAGs
[2025-12-15T19:15:05.955+0000] {logging_mixin.py:190} INFO - [2025-12-15T19:15:05.954+0000] {dag.py:4180} INFO - Setting next_dagrun for example_kubernetes_executor to None, run_after=None
[2025-12-15T19:15:06.010+0000] {processor.py:208} INFO - Processing /home/airflow/.local/lib/python3.12/site-packages/airflow/example_dags/example_kubernetes_executor.py took 0.265 seconds
[2025-12-15T19:15:38.966+0000] {processor.py:186} INFO - Started process (PID=9752) to work on /home/airflow/.local/lib/python3.12/site-packages/airflow/example_dags/example_kubernetes_executor.py
[2025-12-15T19:15:38.971+0000] {processor.py:914} INFO - Processing file /home/airflow/.local/lib/python3.12/site-packages/airflow/example_dags/example_kubernetes_executor.py for tasks to queue
[2025-12-15T19:15:38.977+0000] {logging_mixin.py:190} INFO - [2025-12-15T19:15:38.976+0000] {dagbag.py:588} INFO - Filling up the DagBag from /home/airflow/.local/lib/python3.12/site-packages/airflow/example_dags/example_kubernetes_executor.py
[2025-12-15T19:15:39.004+0000] {processor.py:925} INFO - DAG(s) 'example_kubernetes_executor' retrieved from /home/airflow/.local/lib/python3.12/site-packages/airflow/example_dags/example_kubernetes_executor.py
[2025-12-15T19:15:39.072+0000] {logging_mixin.py:190} INFO - [2025-12-15T19:15:39.071+0000] {dag.py:3239} INFO - Sync 1 DAGs
[2025-12-15T19:15:39.100+0000] {logging_mixin.py:190} INFO - [2025-12-15T19:15:39.100+0000] {dag.py:4180} INFO - Setting next_dagrun for example_kubernetes_executor to None, run_after=None
[2025-12-15T19:15:39.145+0000] {processor.py:208} INFO - Processing /home/airflow/.local/lib/python3.12/site-packages/airflow/example_dags/example_kubernetes_executor.py took 0.195 seconds
[2025-12-15T19:16:10.313+0000] {processor.py:186} INFO - Started process (PID=10044) to work on /home/airflow/.local/lib/python3.12/site-packages/airflow/example_dags/example_kubernetes_executor.py
[2025-12-15T19:16:10.314+0000] {processor.py:914} INFO - Processing file /home/airflow/.local/lib/python3.12/site-packages/airflow/example_dags/example_kubernetes_executor.py for tasks to queue
[2025-12-15T19:16:10.318+0000] {logging_mixin.py:190} INFO - [2025-12-15T19:16:10.316+0000] {dagbag.py:588} INFO - Filling up the DagBag from /home/airflow/.local/lib/python3.12/site-packages/airflow/example_dags/example_kubernetes_executor.py
[2025-12-15T19:16:10.348+0000] {processor.py:925} INFO - DAG(s) 'example_kubernetes_executor' retrieved from /home/airflow/.local/lib/python3.12/site-packages/airflow/example_dags/example_kubernetes_executor.py
[2025-12-15T19:16:10.415+0000] {logging_mixin.py:190} INFO - [2025-12-15T19:16:10.414+0000] {dag.py:3239} INFO - Sync 1 DAGs
[2025-12-15T19:16:10.445+0000] {logging_mixin.py:190} INFO - [2025-12-15T19:16:10.445+0000] {dag.py:4180} INFO - Setting next_dagrun for example_kubernetes_executor to None, run_after=None
[2025-12-15T19:16:10.515+0000] {processor.py:208} INFO - Processing /home/airflow/.local/lib/python3.12/site-packages/airflow/example_dags/example_kubernetes_executor.py took 0.213 seconds
[2025-12-15T19:16:43.152+0000] {processor.py:186} INFO - Started process (PID=10341) to work on /home/airflow/.local/lib/python3.12/site-packages/airflow/example_dags/example_kubernetes_executor.py
[2025-12-15T19:16:43.209+0000] {processor.py:914} INFO - Processing file /home/airflow/.local/lib/python3.12/site-packages/airflow/example_dags/example_kubernetes_executor.py for tasks to queue
[2025-12-15T19:16:43.211+0000] {logging_mixin.py:190} INFO - [2025-12-15T19:16:43.210+0000] {dagbag.py:588} INFO - Filling up the DagBag from /home/airflow/.local/lib/python3.12/site-packages/airflow/example_dags/example_kubernetes_executor.py
[2025-12-15T19:16:43.253+0000] {processor.py:925} INFO - DAG(s) 'example_kubernetes_executor' retrieved from /home/airflow/.local/lib/python3.12/site-packages/airflow/example_dags/example_kubernetes_executor.py
[2025-12-15T19:16:43.348+0000] {logging_mixin.py:190} INFO - [2025-12-15T19:16:43.347+0000] {dag.py:3239} INFO - Sync 1 DAGs
[2025-12-15T19:16:43.389+0000] {logging_mixin.py:190} INFO - [2025-12-15T19:16:43.389+0000] {dag.py:4180} INFO - Setting next_dagrun for example_kubernetes_executor to None, run_after=None
[2025-12-15T19:16:43.435+0000] {processor.py:208} INFO - Processing /home/airflow/.local/lib/python3.12/site-packages/airflow/example_dags/example_kubernetes_executor.py took 0.299 seconds
[2025-12-15T19:17:22.256+0000] {processor.py:186} INFO - Started process (PID=10630) to work on /home/airflow/.local/lib/python3.12/site-packages/airflow/example_dags/example_kubernetes_executor.py
[2025-12-15T19:17:22.260+0000] {processor.py:914} INFO - Processing file /home/airflow/.local/lib/python3.12/site-packages/airflow/example_dags/example_kubernetes_executor.py for tasks to queue
[2025-12-15T19:17:22.273+0000] {logging_mixin.py:190} INFO - [2025-12-15T19:17:22.271+0000] {dagbag.py:588} INFO - Filling up the DagBag from /home/airflow/.local/lib/python3.12/site-packages/airflow/example_dags/example_kubernetes_executor.py
[2025-12-15T19:17:22.434+0000] {processor.py:925} INFO - DAG(s) 'example_kubernetes_executor' retrieved from /home/airflow/.local/lib/python3.12/site-packages/airflow/example_dags/example_kubernetes_executor.py
[2025-12-15T19:17:22.648+0000] {logging_mixin.py:190} INFO - [2025-12-15T19:17:22.648+0000] {dag.py:3239} INFO - Sync 1 DAGs
[2025-12-15T19:17:22.726+0000] {logging_mixin.py:190} INFO - [2025-12-15T19:17:22.725+0000] {dag.py:4180} INFO - Setting next_dagrun for example_kubernetes_executor to None, run_after=None
[2025-12-15T19:17:22.806+0000] {processor.py:208} INFO - Processing /home/airflow/.local/lib/python3.12/site-packages/airflow/example_dags/example_kubernetes_executor.py took 0.593 seconds
[2025-12-15T19:17:53.600+0000] {processor.py:186} INFO - Started process (PID=10930) to work on /home/airflow/.local/lib/python3.12/site-packages/airflow/example_dags/example_kubernetes_executor.py
[2025-12-15T19:17:53.621+0000] {processor.py:914} INFO - Processing file /home/airflow/.local/lib/python3.12/site-packages/airflow/example_dags/example_kubernetes_executor.py for tasks to queue
[2025-12-15T19:17:53.625+0000] {logging_mixin.py:190} INFO - [2025-12-15T19:17:53.623+0000] {dagbag.py:588} INFO - Filling up the DagBag from /home/airflow/.local/lib/python3.12/site-packages/airflow/example_dags/example_kubernetes_executor.py
[2025-12-15T19:17:53.656+0000] {processor.py:925} INFO - DAG(s) 'example_kubernetes_executor' retrieved from /home/airflow/.local/lib/python3.12/site-packages/airflow/example_dags/example_kubernetes_executor.py
[2025-12-15T19:17:53.742+0000] {logging_mixin.py:190} INFO - [2025-12-15T19:17:53.742+0000] {dag.py:3239} INFO - Sync 1 DAGs
[2025-12-15T19:17:53.773+0000] {logging_mixin.py:190} INFO - [2025-12-15T19:17:53.773+0000] {dag.py:4180} INFO - Setting next_dagrun for example_kubernetes_executor to None, run_after=None
[2025-12-15T19:17:53.814+0000] {processor.py:208} INFO - Processing /home/airflow/.local/lib/python3.12/site-packages/airflow/example_dags/example_kubernetes_executor.py took 0.230 seconds
[2025-12-15T19:18:23.929+0000] {processor.py:186} INFO - Started process (PID=11216) to work on /home/airflow/.local/lib/python3.12/site-packages/airflow/example_dags/example_kubernetes_executor.py
[2025-12-15T19:18:23.935+0000] {processor.py:914} INFO - Processing file /home/airflow/.local/lib/python3.12/site-packages/airflow/example_dags/example_kubernetes_executor.py for tasks to queue
[2025-12-15T19:18:23.938+0000] {logging_mixin.py:190} INFO - [2025-12-15T19:18:23.938+0000] {dagbag.py:588} INFO - Filling up the DagBag from /home/airflow/.local/lib/python3.12/site-packages/airflow/example_dags/example_kubernetes_executor.py
[2025-12-15T19:18:23.974+0000] {processor.py:925} INFO - DAG(s) 'example_kubernetes_executor' retrieved from /home/airflow/.local/lib/python3.12/site-packages/airflow/example_dags/example_kubernetes_executor.py
[2025-12-15T19:18:24.054+0000] {logging_mixin.py:190} INFO - [2025-12-15T19:18:24.053+0000] {dag.py:3239} INFO - Sync 1 DAGs
[2025-12-15T19:18:24.093+0000] {logging_mixin.py:190} INFO - [2025-12-15T19:18:24.092+0000] {dag.py:4180} INFO - Setting next_dagrun for example_kubernetes_executor to None, run_after=None
[2025-12-15T19:18:24.134+0000] {processor.py:208} INFO - Processing /home/airflow/.local/lib/python3.12/site-packages/airflow/example_dags/example_kubernetes_executor.py took 0.220 seconds
[2025-12-15T19:18:54.916+0000] {processor.py:186} INFO - Started process (PID=11505) to work on /home/airflow/.local/lib/python3.12/site-packages/airflow/example_dags/example_kubernetes_executor.py
[2025-12-15T19:18:54.932+0000] {processor.py:914} INFO - Processing file /home/airflow/.local/lib/python3.12/site-packages/airflow/example_dags/example_kubernetes_executor.py for tasks to queue
[2025-12-15T19:18:54.935+0000] {logging_mixin.py:190} INFO - [2025-12-15T19:18:54.934+0000] {dagbag.py:588} INFO - Filling up the DagBag from /home/airflow/.local/lib/python3.12/site-packages/airflow/example_dags/example_kubernetes_executor.py
[2025-12-15T19:18:54.973+0000] {processor.py:925} INFO - DAG(s) 'example_kubernetes_executor' retrieved from /home/airflow/.local/lib/python3.12/site-packages/airflow/example_dags/example_kubernetes_executor.py
[2025-12-15T19:18:55.055+0000] {logging_mixin.py:190} INFO - [2025-12-15T19:18:55.055+0000] {dag.py:3239} INFO - Sync 1 DAGs
[2025-12-15T19:18:55.087+0000] {logging_mixin.py:190} INFO - [2025-12-15T19:18:55.086+0000] {dag.py:4180} INFO - Setting next_dagrun for example_kubernetes_executor to None, run_after=None
[2025-12-15T19:18:55.134+0000] {processor.py:208} INFO - Processing /home/airflow/.local/lib/python3.12/site-packages/airflow/example_dags/example_kubernetes_executor.py took 0.236 seconds
