[2025-12-15T18:55:44.218+0000] {processor.py:186} INFO - Started process (PID=309) to work on /home/airflow/.local/lib/python3.12/site-packages/airflow/example_dags/example_trigger_controller_dag.py
[2025-12-15T18:55:44.221+0000] {processor.py:914} INFO - Processing file /home/airflow/.local/lib/python3.12/site-packages/airflow/example_dags/example_trigger_controller_dag.py for tasks to queue
[2025-12-15T18:55:44.227+0000] {logging_mixin.py:190} INFO - [2025-12-15T18:55:44.226+0000] {dagbag.py:588} INFO - Filling up the DagBag from /home/airflow/.local/lib/python3.12/site-packages/airflow/example_dags/example_trigger_controller_dag.py
[2025-12-15T18:55:44.263+0000] {processor.py:925} INFO - DAG(s) 'example_trigger_controller_dag' retrieved from /home/airflow/.local/lib/python3.12/site-packages/airflow/example_dags/example_trigger_controller_dag.py
[2025-12-15T18:55:44.676+0000] {logging_mixin.py:190} INFO - [2025-12-15T18:55:44.675+0000] {override.py:1911} INFO - Created Permission View: can read on DAG:example_trigger_controller_dag
[2025-12-15T18:55:44.727+0000] {logging_mixin.py:190} INFO - [2025-12-15T18:55:44.726+0000] {override.py:1911} INFO - Created Permission View: can edit on DAG:example_trigger_controller_dag
[2025-12-15T18:55:44.761+0000] {logging_mixin.py:190} INFO - [2025-12-15T18:55:44.760+0000] {override.py:1911} INFO - Created Permission View: can delete on DAG:example_trigger_controller_dag
[2025-12-15T18:55:44.843+0000] {logging_mixin.py:190} INFO - [2025-12-15T18:55:44.843+0000] {override.py:1911} INFO - Created Permission View: can read on DAG Run:example_trigger_controller_dag
[2025-12-15T18:55:44.877+0000] {logging_mixin.py:190} INFO - [2025-12-15T18:55:44.875+0000] {override.py:1911} INFO - Created Permission View: menu access on DAG Run:example_trigger_controller_dag
[2025-12-15T18:55:44.954+0000] {logging_mixin.py:190} INFO - [2025-12-15T18:55:44.954+0000] {override.py:1911} INFO - Created Permission View: can create on DAG Run:example_trigger_controller_dag
[2025-12-15T18:55:44.994+0000] {logging_mixin.py:190} INFO - [2025-12-15T18:55:44.993+0000] {override.py:1911} INFO - Created Permission View: can delete on DAG Run:example_trigger_controller_dag
[2025-12-15T18:55:45.000+0000] {logging_mixin.py:190} INFO - [2025-12-15T18:55:44.999+0000] {dag.py:3239} INFO - Sync 1 DAGs
[2025-12-15T18:55:45.070+0000] {logging_mixin.py:190} INFO - [2025-12-15T18:55:45.068+0000] {dag.py:3262} INFO - Creating ORM DAG for example_trigger_controller_dag
[2025-12-15T18:55:45.117+0000] {logging_mixin.py:190} INFO - [2025-12-15T18:55:45.116+0000] {dag.py:4180} INFO - Setting next_dagrun for example_trigger_controller_dag to 2021-01-01 00:00:00+00:00, run_after=2021-01-01 00:00:00+00:00
[2025-12-15T18:55:45.177+0000] {processor.py:208} INFO - Processing /home/airflow/.local/lib/python3.12/site-packages/airflow/example_dags/example_trigger_controller_dag.py took 0.981 seconds
[2025-12-15T18:56:47.622+0000] {processor.py:186} INFO - Started process (PID=604) to work on /home/airflow/.local/lib/python3.12/site-packages/airflow/example_dags/example_trigger_controller_dag.py
[2025-12-15T18:56:47.632+0000] {processor.py:914} INFO - Processing file /home/airflow/.local/lib/python3.12/site-packages/airflow/example_dags/example_trigger_controller_dag.py for tasks to queue
[2025-12-15T18:56:47.639+0000] {logging_mixin.py:190} INFO - [2025-12-15T18:56:47.637+0000] {dagbag.py:588} INFO - Filling up the DagBag from /home/airflow/.local/lib/python3.12/site-packages/airflow/example_dags/example_trigger_controller_dag.py
[2025-12-15T18:56:47.665+0000] {processor.py:925} INFO - DAG(s) 'example_trigger_controller_dag' retrieved from /home/airflow/.local/lib/python3.12/site-packages/airflow/example_dags/example_trigger_controller_dag.py
[2025-12-15T18:56:47.730+0000] {logging_mixin.py:190} INFO - [2025-12-15T18:56:47.729+0000] {dag.py:3239} INFO - Sync 1 DAGs
[2025-12-15T18:56:47.811+0000] {logging_mixin.py:190} INFO - [2025-12-15T18:56:47.810+0000] {dag.py:4180} INFO - Setting next_dagrun for example_trigger_controller_dag to 2021-01-01 00:00:00+00:00, run_after=2021-01-01 00:00:00+00:00
[2025-12-15T18:56:47.865+0000] {processor.py:208} INFO - Processing /home/airflow/.local/lib/python3.12/site-packages/airflow/example_dags/example_trigger_controller_dag.py took 0.266 seconds
[2025-12-15T18:57:18.147+0000] {processor.py:186} INFO - Started process (PID=905) to work on /home/airflow/.local/lib/python3.12/site-packages/airflow/example_dags/example_trigger_controller_dag.py
[2025-12-15T18:57:18.150+0000] {processor.py:914} INFO - Processing file /home/airflow/.local/lib/python3.12/site-packages/airflow/example_dags/example_trigger_controller_dag.py for tasks to queue
[2025-12-15T18:57:18.154+0000] {logging_mixin.py:190} INFO - [2025-12-15T18:57:18.153+0000] {dagbag.py:588} INFO - Filling up the DagBag from /home/airflow/.local/lib/python3.12/site-packages/airflow/example_dags/example_trigger_controller_dag.py
[2025-12-15T18:57:18.170+0000] {processor.py:925} INFO - DAG(s) 'example_trigger_controller_dag' retrieved from /home/airflow/.local/lib/python3.12/site-packages/airflow/example_dags/example_trigger_controller_dag.py
[2025-12-15T18:57:18.209+0000] {logging_mixin.py:190} INFO - [2025-12-15T18:57:18.208+0000] {dag.py:3239} INFO - Sync 1 DAGs
[2025-12-15T18:57:18.258+0000] {logging_mixin.py:190} INFO - [2025-12-15T18:57:18.258+0000] {dag.py:4180} INFO - Setting next_dagrun for example_trigger_controller_dag to 2021-01-01 00:00:00+00:00, run_after=2021-01-01 00:00:00+00:00
[2025-12-15T18:57:18.309+0000] {processor.py:208} INFO - Processing /home/airflow/.local/lib/python3.12/site-packages/airflow/example_dags/example_trigger_controller_dag.py took 0.173 seconds
[2025-12-15T18:57:53.301+0000] {processor.py:186} INFO - Started process (PID=1201) to work on /home/airflow/.local/lib/python3.12/site-packages/airflow/example_dags/example_trigger_controller_dag.py
[2025-12-15T18:57:53.303+0000] {processor.py:914} INFO - Processing file /home/airflow/.local/lib/python3.12/site-packages/airflow/example_dags/example_trigger_controller_dag.py for tasks to queue
[2025-12-15T18:57:53.307+0000] {logging_mixin.py:190} INFO - [2025-12-15T18:57:53.307+0000] {dagbag.py:588} INFO - Filling up the DagBag from /home/airflow/.local/lib/python3.12/site-packages/airflow/example_dags/example_trigger_controller_dag.py
[2025-12-15T18:57:53.327+0000] {processor.py:925} INFO - DAG(s) 'example_trigger_controller_dag' retrieved from /home/airflow/.local/lib/python3.12/site-packages/airflow/example_dags/example_trigger_controller_dag.py
[2025-12-15T18:57:53.364+0000] {logging_mixin.py:190} INFO - [2025-12-15T18:57:53.363+0000] {dag.py:3239} INFO - Sync 1 DAGs
[2025-12-15T18:57:53.423+0000] {logging_mixin.py:190} INFO - [2025-12-15T18:57:53.422+0000] {dag.py:4180} INFO - Setting next_dagrun for example_trigger_controller_dag to 2021-01-01 00:00:00+00:00, run_after=2021-01-01 00:00:00+00:00
[2025-12-15T18:57:53.470+0000] {processor.py:208} INFO - Processing /home/airflow/.local/lib/python3.12/site-packages/airflow/example_dags/example_trigger_controller_dag.py took 0.182 seconds
[2025-12-15T18:58:29.846+0000] {processor.py:186} INFO - Started process (PID=1498) to work on /home/airflow/.local/lib/python3.12/site-packages/airflow/example_dags/example_trigger_controller_dag.py
[2025-12-15T18:58:29.850+0000] {processor.py:914} INFO - Processing file /home/airflow/.local/lib/python3.12/site-packages/airflow/example_dags/example_trigger_controller_dag.py for tasks to queue
[2025-12-15T18:58:29.857+0000] {logging_mixin.py:190} INFO - [2025-12-15T18:58:29.856+0000] {dagbag.py:588} INFO - Filling up the DagBag from /home/airflow/.local/lib/python3.12/site-packages/airflow/example_dags/example_trigger_controller_dag.py
[2025-12-15T18:58:29.879+0000] {processor.py:925} INFO - DAG(s) 'example_trigger_controller_dag' retrieved from /home/airflow/.local/lib/python3.12/site-packages/airflow/example_dags/example_trigger_controller_dag.py
[2025-12-15T18:58:29.965+0000] {logging_mixin.py:190} INFO - [2025-12-15T18:58:29.964+0000] {dag.py:3239} INFO - Sync 1 DAGs
[2025-12-15T18:58:30.090+0000] {logging_mixin.py:190} INFO - [2025-12-15T18:58:30.089+0000] {dag.py:4180} INFO - Setting next_dagrun for example_trigger_controller_dag to 2021-01-01 00:00:00+00:00, run_after=2021-01-01 00:00:00+00:00
[2025-12-15T18:58:30.192+0000] {processor.py:208} INFO - Processing /home/airflow/.local/lib/python3.12/site-packages/airflow/example_dags/example_trigger_controller_dag.py took 0.368 seconds
[2025-12-15T18:59:00.445+0000] {processor.py:186} INFO - Started process (PID=1779) to work on /home/airflow/.local/lib/python3.12/site-packages/airflow/example_dags/example_trigger_controller_dag.py
[2025-12-15T18:59:00.459+0000] {processor.py:914} INFO - Processing file /home/airflow/.local/lib/python3.12/site-packages/airflow/example_dags/example_trigger_controller_dag.py for tasks to queue
[2025-12-15T18:59:00.475+0000] {logging_mixin.py:190} INFO - [2025-12-15T18:59:00.474+0000] {dagbag.py:588} INFO - Filling up the DagBag from /home/airflow/.local/lib/python3.12/site-packages/airflow/example_dags/example_trigger_controller_dag.py
[2025-12-15T18:59:00.529+0000] {processor.py:925} INFO - DAG(s) 'example_trigger_controller_dag' retrieved from /home/airflow/.local/lib/python3.12/site-packages/airflow/example_dags/example_trigger_controller_dag.py
[2025-12-15T18:59:00.728+0000] {logging_mixin.py:190} INFO - [2025-12-15T18:59:00.727+0000] {dag.py:3239} INFO - Sync 1 DAGs
[2025-12-15T18:59:00.861+0000] {logging_mixin.py:190} INFO - [2025-12-15T18:59:00.861+0000] {dag.py:4180} INFO - Setting next_dagrun for example_trigger_controller_dag to 2021-01-01 00:00:00+00:00, run_after=2021-01-01 00:00:00+00:00
[2025-12-15T18:59:00.981+0000] {processor.py:208} INFO - Processing /home/airflow/.local/lib/python3.12/site-packages/airflow/example_dags/example_trigger_controller_dag.py took 0.600 seconds
[2025-12-15T18:59:43.198+0000] {processor.py:186} INFO - Started process (PID=1941) to work on /home/airflow/.local/lib/python3.12/site-packages/airflow/example_dags/example_trigger_controller_dag.py
[2025-12-15T18:59:43.220+0000] {processor.py:914} INFO - Processing file /home/airflow/.local/lib/python3.12/site-packages/airflow/example_dags/example_trigger_controller_dag.py for tasks to queue
[2025-12-15T18:59:43.240+0000] {logging_mixin.py:190} INFO - [2025-12-15T18:59:43.239+0000] {dagbag.py:588} INFO - Filling up the DagBag from /home/airflow/.local/lib/python3.12/site-packages/airflow/example_dags/example_trigger_controller_dag.py
[2025-12-15T18:59:43.299+0000] {processor.py:925} INFO - DAG(s) 'example_trigger_controller_dag' retrieved from /home/airflow/.local/lib/python3.12/site-packages/airflow/example_dags/example_trigger_controller_dag.py
[2025-12-15T18:59:43.427+0000] {logging_mixin.py:190} INFO - [2025-12-15T18:59:43.425+0000] {dag.py:3239} INFO - Sync 1 DAGs
[2025-12-15T18:59:43.614+0000] {logging_mixin.py:190} INFO - [2025-12-15T18:59:43.613+0000] {dag.py:4180} INFO - Setting next_dagrun for example_trigger_controller_dag to 2021-01-01 00:00:00+00:00, run_after=2021-01-01 00:00:00+00:00
[2025-12-15T18:59:43.741+0000] {processor.py:208} INFO - Processing /home/airflow/.local/lib/python3.12/site-packages/airflow/example_dags/example_trigger_controller_dag.py took 0.592 seconds
[2025-12-15T19:01:07.066+0000] {processor.py:186} INFO - Started process (PID=2206) to work on /home/airflow/.local/lib/python3.12/site-packages/airflow/example_dags/example_trigger_controller_dag.py
[2025-12-15T19:01:07.085+0000] {processor.py:914} INFO - Processing file /home/airflow/.local/lib/python3.12/site-packages/airflow/example_dags/example_trigger_controller_dag.py for tasks to queue
[2025-12-15T19:01:07.092+0000] {logging_mixin.py:190} INFO - [2025-12-15T19:01:07.091+0000] {dagbag.py:588} INFO - Filling up the DagBag from /home/airflow/.local/lib/python3.12/site-packages/airflow/example_dags/example_trigger_controller_dag.py
[2025-12-15T19:01:07.146+0000] {processor.py:925} INFO - DAG(s) 'example_trigger_controller_dag' retrieved from /home/airflow/.local/lib/python3.12/site-packages/airflow/example_dags/example_trigger_controller_dag.py
[2025-12-15T19:01:07.251+0000] {logging_mixin.py:190} INFO - [2025-12-15T19:01:07.250+0000] {dag.py:3239} INFO - Sync 1 DAGs
[2025-12-15T19:01:07.429+0000] {logging_mixin.py:190} INFO - [2025-12-15T19:01:07.428+0000] {dag.py:4180} INFO - Setting next_dagrun for example_trigger_controller_dag to 2021-01-01 00:00:00+00:00, run_after=2021-01-01 00:00:00+00:00
[2025-12-15T19:01:07.533+0000] {processor.py:208} INFO - Processing /home/airflow/.local/lib/python3.12/site-packages/airflow/example_dags/example_trigger_controller_dag.py took 0.505 seconds
[2025-12-15T19:02:01.056+0000] {processor.py:186} INFO - Started process (PID=2470) to work on /home/airflow/.local/lib/python3.12/site-packages/airflow/example_dags/example_trigger_controller_dag.py
[2025-12-15T19:02:01.059+0000] {processor.py:914} INFO - Processing file /home/airflow/.local/lib/python3.12/site-packages/airflow/example_dags/example_trigger_controller_dag.py for tasks to queue
[2025-12-15T19:02:01.063+0000] {logging_mixin.py:190} INFO - [2025-12-15T19:02:01.062+0000] {dagbag.py:588} INFO - Filling up the DagBag from /home/airflow/.local/lib/python3.12/site-packages/airflow/example_dags/example_trigger_controller_dag.py
[2025-12-15T19:02:01.082+0000] {processor.py:925} INFO - DAG(s) 'example_trigger_controller_dag' retrieved from /home/airflow/.local/lib/python3.12/site-packages/airflow/example_dags/example_trigger_controller_dag.py
[2025-12-15T19:02:01.127+0000] {logging_mixin.py:190} INFO - [2025-12-15T19:02:01.126+0000] {dag.py:3239} INFO - Sync 1 DAGs
[2025-12-15T19:02:01.181+0000] {logging_mixin.py:190} INFO - [2025-12-15T19:02:01.180+0000] {dag.py:4180} INFO - Setting next_dagrun for example_trigger_controller_dag to 2021-01-01 00:00:00+00:00, run_after=2021-01-01 00:00:00+00:00
[2025-12-15T19:02:01.231+0000] {processor.py:208} INFO - Processing /home/airflow/.local/lib/python3.12/site-packages/airflow/example_dags/example_trigger_controller_dag.py took 0.188 seconds
[2025-12-15T19:02:34.328+0000] {processor.py:186} INFO - Started process (PID=2771) to work on /home/airflow/.local/lib/python3.12/site-packages/airflow/example_dags/example_trigger_controller_dag.py
[2025-12-15T19:02:34.330+0000] {processor.py:914} INFO - Processing file /home/airflow/.local/lib/python3.12/site-packages/airflow/example_dags/example_trigger_controller_dag.py for tasks to queue
[2025-12-15T19:02:34.334+0000] {logging_mixin.py:190} INFO - [2025-12-15T19:02:34.333+0000] {dagbag.py:588} INFO - Filling up the DagBag from /home/airflow/.local/lib/python3.12/site-packages/airflow/example_dags/example_trigger_controller_dag.py
[2025-12-15T19:02:34.351+0000] {processor.py:925} INFO - DAG(s) 'example_trigger_controller_dag' retrieved from /home/airflow/.local/lib/python3.12/site-packages/airflow/example_dags/example_trigger_controller_dag.py
[2025-12-15T19:02:34.400+0000] {logging_mixin.py:190} INFO - [2025-12-15T19:02:34.400+0000] {dag.py:3239} INFO - Sync 1 DAGs
[2025-12-15T19:02:34.471+0000] {logging_mixin.py:190} INFO - [2025-12-15T19:02:34.470+0000] {dag.py:4180} INFO - Setting next_dagrun for example_trigger_controller_dag to 2021-01-01 00:00:00+00:00, run_after=2021-01-01 00:00:00+00:00
[2025-12-15T19:02:34.575+0000] {processor.py:208} INFO - Processing /home/airflow/.local/lib/python3.12/site-packages/airflow/example_dags/example_trigger_controller_dag.py took 0.259 seconds
[2025-12-15T19:03:07.192+0000] {processor.py:186} INFO - Started process (PID=3017) to work on /home/airflow/.local/lib/python3.12/site-packages/airflow/example_dags/example_trigger_controller_dag.py
[2025-12-15T19:03:07.195+0000] {processor.py:914} INFO - Processing file /home/airflow/.local/lib/python3.12/site-packages/airflow/example_dags/example_trigger_controller_dag.py for tasks to queue
[2025-12-15T19:03:07.201+0000] {logging_mixin.py:190} INFO - [2025-12-15T19:03:07.201+0000] {dagbag.py:588} INFO - Filling up the DagBag from /home/airflow/.local/lib/python3.12/site-packages/airflow/example_dags/example_trigger_controller_dag.py
[2025-12-15T19:03:07.219+0000] {processor.py:925} INFO - DAG(s) 'example_trigger_controller_dag' retrieved from /home/airflow/.local/lib/python3.12/site-packages/airflow/example_dags/example_trigger_controller_dag.py
[2025-12-15T19:03:07.260+0000] {logging_mixin.py:190} INFO - [2025-12-15T19:03:07.259+0000] {dag.py:3239} INFO - Sync 1 DAGs
[2025-12-15T19:03:07.311+0000] {logging_mixin.py:190} INFO - [2025-12-15T19:03:07.310+0000] {dag.py:4180} INFO - Setting next_dagrun for example_trigger_controller_dag to 2021-01-01 00:00:00+00:00, run_after=2021-01-01 00:00:00+00:00
[2025-12-15T19:03:07.353+0000] {processor.py:208} INFO - Processing /home/airflow/.local/lib/python3.12/site-packages/airflow/example_dags/example_trigger_controller_dag.py took 0.172 seconds
[2025-12-15T19:03:37.758+0000] {processor.py:186} INFO - Started process (PID=3308) to work on /home/airflow/.local/lib/python3.12/site-packages/airflow/example_dags/example_trigger_controller_dag.py
[2025-12-15T19:03:37.761+0000] {processor.py:914} INFO - Processing file /home/airflow/.local/lib/python3.12/site-packages/airflow/example_dags/example_trigger_controller_dag.py for tasks to queue
[2025-12-15T19:03:37.767+0000] {logging_mixin.py:190} INFO - [2025-12-15T19:03:37.766+0000] {dagbag.py:588} INFO - Filling up the DagBag from /home/airflow/.local/lib/python3.12/site-packages/airflow/example_dags/example_trigger_controller_dag.py
[2025-12-15T19:03:37.786+0000] {processor.py:925} INFO - DAG(s) 'example_trigger_controller_dag' retrieved from /home/airflow/.local/lib/python3.12/site-packages/airflow/example_dags/example_trigger_controller_dag.py
[2025-12-15T19:03:37.868+0000] {logging_mixin.py:190} INFO - [2025-12-15T19:03:37.868+0000] {dag.py:3239} INFO - Sync 1 DAGs
[2025-12-15T19:03:38.057+0000] {logging_mixin.py:190} INFO - [2025-12-15T19:03:38.056+0000] {dag.py:4180} INFO - Setting next_dagrun for example_trigger_controller_dag to 2021-01-01 00:00:00+00:00, run_after=2021-01-01 00:00:00+00:00
[2025-12-15T19:03:38.235+0000] {processor.py:208} INFO - Processing /home/airflow/.local/lib/python3.12/site-packages/airflow/example_dags/example_trigger_controller_dag.py took 0.501 seconds
[2025-12-15T19:04:10.892+0000] {processor.py:186} INFO - Started process (PID=3594) to work on /home/airflow/.local/lib/python3.12/site-packages/airflow/example_dags/example_trigger_controller_dag.py
[2025-12-15T19:04:10.894+0000] {processor.py:914} INFO - Processing file /home/airflow/.local/lib/python3.12/site-packages/airflow/example_dags/example_trigger_controller_dag.py for tasks to queue
[2025-12-15T19:04:10.900+0000] {logging_mixin.py:190} INFO - [2025-12-15T19:04:10.898+0000] {dagbag.py:588} INFO - Filling up the DagBag from /home/airflow/.local/lib/python3.12/site-packages/airflow/example_dags/example_trigger_controller_dag.py
[2025-12-15T19:04:10.912+0000] {processor.py:925} INFO - DAG(s) 'example_trigger_controller_dag' retrieved from /home/airflow/.local/lib/python3.12/site-packages/airflow/example_dags/example_trigger_controller_dag.py
[2025-12-15T19:04:10.952+0000] {logging_mixin.py:190} INFO - [2025-12-15T19:04:10.952+0000] {dag.py:3239} INFO - Sync 1 DAGs
[2025-12-15T19:04:10.999+0000] {logging_mixin.py:190} INFO - [2025-12-15T19:04:10.998+0000] {dag.py:4180} INFO - Setting next_dagrun for example_trigger_controller_dag to 2021-01-01 00:00:00+00:00, run_after=2021-01-01 00:00:00+00:00
[2025-12-15T19:04:11.033+0000] {processor.py:208} INFO - Processing /home/airflow/.local/lib/python3.12/site-packages/airflow/example_dags/example_trigger_controller_dag.py took 0.154 seconds
[2025-12-15T19:04:43.180+0000] {processor.py:186} INFO - Started process (PID=3855) to work on /home/airflow/.local/lib/python3.12/site-packages/airflow/example_dags/example_trigger_controller_dag.py
[2025-12-15T19:04:43.182+0000] {processor.py:914} INFO - Processing file /home/airflow/.local/lib/python3.12/site-packages/airflow/example_dags/example_trigger_controller_dag.py for tasks to queue
[2025-12-15T19:04:43.187+0000] {logging_mixin.py:190} INFO - [2025-12-15T19:04:43.187+0000] {dagbag.py:588} INFO - Filling up the DagBag from /home/airflow/.local/lib/python3.12/site-packages/airflow/example_dags/example_trigger_controller_dag.py
[2025-12-15T19:04:43.203+0000] {processor.py:925} INFO - DAG(s) 'example_trigger_controller_dag' retrieved from /home/airflow/.local/lib/python3.12/site-packages/airflow/example_dags/example_trigger_controller_dag.py
[2025-12-15T19:04:43.235+0000] {logging_mixin.py:190} INFO - [2025-12-15T19:04:43.234+0000] {dag.py:3239} INFO - Sync 1 DAGs
[2025-12-15T19:04:43.276+0000] {logging_mixin.py:190} INFO - [2025-12-15T19:04:43.276+0000] {dag.py:4180} INFO - Setting next_dagrun for example_trigger_controller_dag to 2021-01-01 00:00:00+00:00, run_after=2021-01-01 00:00:00+00:00
[2025-12-15T19:04:43.317+0000] {processor.py:208} INFO - Processing /home/airflow/.local/lib/python3.12/site-packages/airflow/example_dags/example_trigger_controller_dag.py took 0.148 seconds
[2025-12-15T19:05:15.849+0000] {processor.py:186} INFO - Started process (PID=4146) to work on /home/airflow/.local/lib/python3.12/site-packages/airflow/example_dags/example_trigger_controller_dag.py
[2025-12-15T19:05:15.851+0000] {processor.py:914} INFO - Processing file /home/airflow/.local/lib/python3.12/site-packages/airflow/example_dags/example_trigger_controller_dag.py for tasks to queue
[2025-12-15T19:05:15.856+0000] {logging_mixin.py:190} INFO - [2025-12-15T19:05:15.855+0000] {dagbag.py:588} INFO - Filling up the DagBag from /home/airflow/.local/lib/python3.12/site-packages/airflow/example_dags/example_trigger_controller_dag.py
[2025-12-15T19:05:15.869+0000] {processor.py:925} INFO - DAG(s) 'example_trigger_controller_dag' retrieved from /home/airflow/.local/lib/python3.12/site-packages/airflow/example_dags/example_trigger_controller_dag.py
[2025-12-15T19:05:15.901+0000] {logging_mixin.py:190} INFO - [2025-12-15T19:05:15.901+0000] {dag.py:3239} INFO - Sync 1 DAGs
[2025-12-15T19:05:15.942+0000] {logging_mixin.py:190} INFO - [2025-12-15T19:05:15.942+0000] {dag.py:4180} INFO - Setting next_dagrun for example_trigger_controller_dag to 2021-01-01 00:00:00+00:00, run_after=2021-01-01 00:00:00+00:00
[2025-12-15T19:05:15.974+0000] {processor.py:208} INFO - Processing /home/airflow/.local/lib/python3.12/site-packages/airflow/example_dags/example_trigger_controller_dag.py took 0.138 seconds
[2025-12-15T19:05:47.422+0000] {processor.py:186} INFO - Started process (PID=4439) to work on /home/airflow/.local/lib/python3.12/site-packages/airflow/example_dags/example_trigger_controller_dag.py
[2025-12-15T19:05:47.423+0000] {processor.py:914} INFO - Processing file /home/airflow/.local/lib/python3.12/site-packages/airflow/example_dags/example_trigger_controller_dag.py for tasks to queue
[2025-12-15T19:05:47.426+0000] {logging_mixin.py:190} INFO - [2025-12-15T19:05:47.426+0000] {dagbag.py:588} INFO - Filling up the DagBag from /home/airflow/.local/lib/python3.12/site-packages/airflow/example_dags/example_trigger_controller_dag.py
[2025-12-15T19:05:47.436+0000] {processor.py:925} INFO - DAG(s) 'example_trigger_controller_dag' retrieved from /home/airflow/.local/lib/python3.12/site-packages/airflow/example_dags/example_trigger_controller_dag.py
[2025-12-15T19:05:47.464+0000] {logging_mixin.py:190} INFO - [2025-12-15T19:05:47.464+0000] {dag.py:3239} INFO - Sync 1 DAGs
[2025-12-15T19:05:47.495+0000] {logging_mixin.py:190} INFO - [2025-12-15T19:05:47.494+0000] {dag.py:4180} INFO - Setting next_dagrun for example_trigger_controller_dag to 2021-01-01 00:00:00+00:00, run_after=2021-01-01 00:00:00+00:00
[2025-12-15T19:05:47.524+0000] {processor.py:208} INFO - Processing /home/airflow/.local/lib/python3.12/site-packages/airflow/example_dags/example_trigger_controller_dag.py took 0.111 seconds
[2025-12-15T19:06:19.894+0000] {processor.py:186} INFO - Started process (PID=4725) to work on /home/airflow/.local/lib/python3.12/site-packages/airflow/example_dags/example_trigger_controller_dag.py
[2025-12-15T19:06:19.904+0000] {processor.py:914} INFO - Processing file /home/airflow/.local/lib/python3.12/site-packages/airflow/example_dags/example_trigger_controller_dag.py for tasks to queue
[2025-12-15T19:06:19.911+0000] {logging_mixin.py:190} INFO - [2025-12-15T19:06:19.910+0000] {dagbag.py:588} INFO - Filling up the DagBag from /home/airflow/.local/lib/python3.12/site-packages/airflow/example_dags/example_trigger_controller_dag.py
[2025-12-15T19:06:19.946+0000] {processor.py:925} INFO - DAG(s) 'example_trigger_controller_dag' retrieved from /home/airflow/.local/lib/python3.12/site-packages/airflow/example_dags/example_trigger_controller_dag.py
[2025-12-15T19:06:20.019+0000] {logging_mixin.py:190} INFO - [2025-12-15T19:06:20.019+0000] {dag.py:3239} INFO - Sync 1 DAGs
[2025-12-15T19:06:20.118+0000] {logging_mixin.py:190} INFO - [2025-12-15T19:06:20.116+0000] {dag.py:4180} INFO - Setting next_dagrun for example_trigger_controller_dag to 2021-01-01 00:00:00+00:00, run_after=2021-01-01 00:00:00+00:00
[2025-12-15T19:06:20.155+0000] {processor.py:208} INFO - Processing /home/airflow/.local/lib/python3.12/site-packages/airflow/example_dags/example_trigger_controller_dag.py took 0.284 seconds
[2025-12-15T19:06:50.710+0000] {processor.py:186} INFO - Started process (PID=5014) to work on /home/airflow/.local/lib/python3.12/site-packages/airflow/example_dags/example_trigger_controller_dag.py
[2025-12-15T19:06:50.716+0000] {processor.py:914} INFO - Processing file /home/airflow/.local/lib/python3.12/site-packages/airflow/example_dags/example_trigger_controller_dag.py for tasks to queue
[2025-12-15T19:06:50.726+0000] {logging_mixin.py:190} INFO - [2025-12-15T19:06:50.725+0000] {dagbag.py:588} INFO - Filling up the DagBag from /home/airflow/.local/lib/python3.12/site-packages/airflow/example_dags/example_trigger_controller_dag.py
[2025-12-15T19:06:50.754+0000] {processor.py:925} INFO - DAG(s) 'example_trigger_controller_dag' retrieved from /home/airflow/.local/lib/python3.12/site-packages/airflow/example_dags/example_trigger_controller_dag.py
[2025-12-15T19:06:50.817+0000] {logging_mixin.py:190} INFO - [2025-12-15T19:06:50.816+0000] {dag.py:3239} INFO - Sync 1 DAGs
[2025-12-15T19:06:50.890+0000] {logging_mixin.py:190} INFO - [2025-12-15T19:06:50.890+0000] {dag.py:4180} INFO - Setting next_dagrun for example_trigger_controller_dag to 2021-01-01 00:00:00+00:00, run_after=2021-01-01 00:00:00+00:00
[2025-12-15T19:06:50.928+0000] {processor.py:208} INFO - Processing /home/airflow/.local/lib/python3.12/site-packages/airflow/example_dags/example_trigger_controller_dag.py took 0.244 seconds
[2025-12-15T19:07:26.937+0000] {processor.py:186} INFO - Started process (PID=5280) to work on /home/airflow/.local/lib/python3.12/site-packages/airflow/example_dags/example_trigger_controller_dag.py
[2025-12-15T19:07:26.939+0000] {processor.py:914} INFO - Processing file /home/airflow/.local/lib/python3.12/site-packages/airflow/example_dags/example_trigger_controller_dag.py for tasks to queue
[2025-12-15T19:07:26.943+0000] {logging_mixin.py:190} INFO - [2025-12-15T19:07:26.943+0000] {dagbag.py:588} INFO - Filling up the DagBag from /home/airflow/.local/lib/python3.12/site-packages/airflow/example_dags/example_trigger_controller_dag.py
[2025-12-15T19:07:26.957+0000] {processor.py:925} INFO - DAG(s) 'example_trigger_controller_dag' retrieved from /home/airflow/.local/lib/python3.12/site-packages/airflow/example_dags/example_trigger_controller_dag.py
[2025-12-15T19:07:26.991+0000] {logging_mixin.py:190} INFO - [2025-12-15T19:07:26.990+0000] {dag.py:3239} INFO - Sync 1 DAGs
[2025-12-15T19:07:27.035+0000] {logging_mixin.py:190} INFO - [2025-12-15T19:07:27.034+0000] {dag.py:4180} INFO - Setting next_dagrun for example_trigger_controller_dag to 2021-01-01 00:00:00+00:00, run_after=2021-01-01 00:00:00+00:00
[2025-12-15T19:07:27.074+0000] {processor.py:208} INFO - Processing /home/airflow/.local/lib/python3.12/site-packages/airflow/example_dags/example_trigger_controller_dag.py took 0.148 seconds
[2025-12-15T19:07:57.802+0000] {processor.py:186} INFO - Started process (PID=5571) to work on /home/airflow/.local/lib/python3.12/site-packages/airflow/example_dags/example_trigger_controller_dag.py
[2025-12-15T19:07:57.804+0000] {processor.py:914} INFO - Processing file /home/airflow/.local/lib/python3.12/site-packages/airflow/example_dags/example_trigger_controller_dag.py for tasks to queue
[2025-12-15T19:07:57.808+0000] {logging_mixin.py:190} INFO - [2025-12-15T19:07:57.807+0000] {dagbag.py:588} INFO - Filling up the DagBag from /home/airflow/.local/lib/python3.12/site-packages/airflow/example_dags/example_trigger_controller_dag.py
[2025-12-15T19:07:57.824+0000] {processor.py:925} INFO - DAG(s) 'example_trigger_controller_dag' retrieved from /home/airflow/.local/lib/python3.12/site-packages/airflow/example_dags/example_trigger_controller_dag.py
[2025-12-15T19:07:57.857+0000] {logging_mixin.py:190} INFO - [2025-12-15T19:07:57.857+0000] {dag.py:3239} INFO - Sync 1 DAGs
[2025-12-15T19:07:57.893+0000] {logging_mixin.py:190} INFO - [2025-12-15T19:07:57.893+0000] {dag.py:4180} INFO - Setting next_dagrun for example_trigger_controller_dag to 2021-01-01 00:00:00+00:00, run_after=2021-01-01 00:00:00+00:00
[2025-12-15T19:07:57.931+0000] {processor.py:208} INFO - Processing /home/airflow/.local/lib/python3.12/site-packages/airflow/example_dags/example_trigger_controller_dag.py took 0.140 seconds
[2025-12-15T19:08:29.852+0000] {processor.py:186} INFO - Started process (PID=5862) to work on /home/airflow/.local/lib/python3.12/site-packages/airflow/example_dags/example_trigger_controller_dag.py
[2025-12-15T19:08:29.854+0000] {processor.py:914} INFO - Processing file /home/airflow/.local/lib/python3.12/site-packages/airflow/example_dags/example_trigger_controller_dag.py for tasks to queue
[2025-12-15T19:08:29.859+0000] {logging_mixin.py:190} INFO - [2025-12-15T19:08:29.858+0000] {dagbag.py:588} INFO - Filling up the DagBag from /home/airflow/.local/lib/python3.12/site-packages/airflow/example_dags/example_trigger_controller_dag.py
[2025-12-15T19:08:29.874+0000] {processor.py:925} INFO - DAG(s) 'example_trigger_controller_dag' retrieved from /home/airflow/.local/lib/python3.12/site-packages/airflow/example_dags/example_trigger_controller_dag.py
[2025-12-15T19:08:29.913+0000] {logging_mixin.py:190} INFO - [2025-12-15T19:08:29.912+0000] {dag.py:3239} INFO - Sync 1 DAGs
[2025-12-15T19:08:29.954+0000] {logging_mixin.py:190} INFO - [2025-12-15T19:08:29.953+0000] {dag.py:4180} INFO - Setting next_dagrun for example_trigger_controller_dag to 2021-01-01 00:00:00+00:00, run_after=2021-01-01 00:00:00+00:00
[2025-12-15T19:08:29.987+0000] {processor.py:208} INFO - Processing /home/airflow/.local/lib/python3.12/site-packages/airflow/example_dags/example_trigger_controller_dag.py took 0.148 seconds
[2025-12-15T19:09:00.322+0000] {processor.py:186} INFO - Started process (PID=6153) to work on /home/airflow/.local/lib/python3.12/site-packages/airflow/example_dags/example_trigger_controller_dag.py
[2025-12-15T19:09:00.324+0000] {processor.py:914} INFO - Processing file /home/airflow/.local/lib/python3.12/site-packages/airflow/example_dags/example_trigger_controller_dag.py for tasks to queue
[2025-12-15T19:09:00.330+0000] {logging_mixin.py:190} INFO - [2025-12-15T19:09:00.328+0000] {dagbag.py:588} INFO - Filling up the DagBag from /home/airflow/.local/lib/python3.12/site-packages/airflow/example_dags/example_trigger_controller_dag.py
[2025-12-15T19:09:00.343+0000] {processor.py:925} INFO - DAG(s) 'example_trigger_controller_dag' retrieved from /home/airflow/.local/lib/python3.12/site-packages/airflow/example_dags/example_trigger_controller_dag.py
[2025-12-15T19:09:00.383+0000] {logging_mixin.py:190} INFO - [2025-12-15T19:09:00.383+0000] {dag.py:3239} INFO - Sync 1 DAGs
[2025-12-15T19:09:00.424+0000] {logging_mixin.py:190} INFO - [2025-12-15T19:09:00.424+0000] {dag.py:4180} INFO - Setting next_dagrun for example_trigger_controller_dag to 2021-01-01 00:00:00+00:00, run_after=2021-01-01 00:00:00+00:00
[2025-12-15T19:09:00.466+0000] {processor.py:208} INFO - Processing /home/airflow/.local/lib/python3.12/site-packages/airflow/example_dags/example_trigger_controller_dag.py took 0.157 seconds
[2025-12-15T19:09:32.079+0000] {processor.py:186} INFO - Started process (PID=6444) to work on /home/airflow/.local/lib/python3.12/site-packages/airflow/example_dags/example_trigger_controller_dag.py
[2025-12-15T19:09:32.082+0000] {processor.py:914} INFO - Processing file /home/airflow/.local/lib/python3.12/site-packages/airflow/example_dags/example_trigger_controller_dag.py for tasks to queue
[2025-12-15T19:09:32.085+0000] {logging_mixin.py:190} INFO - [2025-12-15T19:09:32.085+0000] {dagbag.py:588} INFO - Filling up the DagBag from /home/airflow/.local/lib/python3.12/site-packages/airflow/example_dags/example_trigger_controller_dag.py
[2025-12-15T19:09:32.101+0000] {processor.py:925} INFO - DAG(s) 'example_trigger_controller_dag' retrieved from /home/airflow/.local/lib/python3.12/site-packages/airflow/example_dags/example_trigger_controller_dag.py
[2025-12-15T19:09:32.134+0000] {logging_mixin.py:190} INFO - [2025-12-15T19:09:32.134+0000] {dag.py:3239} INFO - Sync 1 DAGs
[2025-12-15T19:09:32.178+0000] {logging_mixin.py:190} INFO - [2025-12-15T19:09:32.177+0000] {dag.py:4180} INFO - Setting next_dagrun for example_trigger_controller_dag to 2021-01-01 00:00:00+00:00, run_after=2021-01-01 00:00:00+00:00
[2025-12-15T19:09:32.213+0000] {processor.py:208} INFO - Processing /home/airflow/.local/lib/python3.12/site-packages/airflow/example_dags/example_trigger_controller_dag.py took 0.146 seconds
[2025-12-15T19:10:02.798+0000] {processor.py:186} INFO - Started process (PID=6730) to work on /home/airflow/.local/lib/python3.12/site-packages/airflow/example_dags/example_trigger_controller_dag.py
[2025-12-15T19:10:02.800+0000] {processor.py:914} INFO - Processing file /home/airflow/.local/lib/python3.12/site-packages/airflow/example_dags/example_trigger_controller_dag.py for tasks to queue
[2025-12-15T19:10:02.804+0000] {logging_mixin.py:190} INFO - [2025-12-15T19:10:02.803+0000] {dagbag.py:588} INFO - Filling up the DagBag from /home/airflow/.local/lib/python3.12/site-packages/airflow/example_dags/example_trigger_controller_dag.py
[2025-12-15T19:10:02.815+0000] {processor.py:925} INFO - DAG(s) 'example_trigger_controller_dag' retrieved from /home/airflow/.local/lib/python3.12/site-packages/airflow/example_dags/example_trigger_controller_dag.py
[2025-12-15T19:10:02.849+0000] {logging_mixin.py:190} INFO - [2025-12-15T19:10:02.848+0000] {dag.py:3239} INFO - Sync 1 DAGs
[2025-12-15T19:10:02.889+0000] {logging_mixin.py:190} INFO - [2025-12-15T19:10:02.888+0000] {dag.py:4180} INFO - Setting next_dagrun for example_trigger_controller_dag to 2021-01-01 00:00:00+00:00, run_after=2021-01-01 00:00:00+00:00
[2025-12-15T19:10:02.923+0000] {processor.py:208} INFO - Processing /home/airflow/.local/lib/python3.12/site-packages/airflow/example_dags/example_trigger_controller_dag.py took 0.137 seconds
[2025-12-15T19:10:36.832+0000] {processor.py:186} INFO - Started process (PID=7022) to work on /home/airflow/.local/lib/python3.12/site-packages/airflow/example_dags/example_trigger_controller_dag.py
[2025-12-15T19:10:36.834+0000] {processor.py:914} INFO - Processing file /home/airflow/.local/lib/python3.12/site-packages/airflow/example_dags/example_trigger_controller_dag.py for tasks to queue
[2025-12-15T19:10:36.838+0000] {logging_mixin.py:190} INFO - [2025-12-15T19:10:36.837+0000] {dagbag.py:588} INFO - Filling up the DagBag from /home/airflow/.local/lib/python3.12/site-packages/airflow/example_dags/example_trigger_controller_dag.py
[2025-12-15T19:10:36.866+0000] {processor.py:925} INFO - DAG(s) 'example_trigger_controller_dag' retrieved from /home/airflow/.local/lib/python3.12/site-packages/airflow/example_dags/example_trigger_controller_dag.py
[2025-12-15T19:10:36.929+0000] {logging_mixin.py:190} INFO - [2025-12-15T19:10:36.929+0000] {dag.py:3239} INFO - Sync 1 DAGs
[2025-12-15T19:10:37.075+0000] {logging_mixin.py:190} INFO - [2025-12-15T19:10:37.074+0000] {dag.py:4180} INFO - Setting next_dagrun for example_trigger_controller_dag to 2021-01-01 00:00:00+00:00, run_after=2021-01-01 00:00:00+00:00
[2025-12-15T19:10:37.252+0000] {processor.py:208} INFO - Processing /home/airflow/.local/lib/python3.12/site-packages/airflow/example_dags/example_trigger_controller_dag.py took 0.436 seconds
[2025-12-15T19:11:08.239+0000] {processor.py:186} INFO - Started process (PID=7313) to work on /home/airflow/.local/lib/python3.12/site-packages/airflow/example_dags/example_trigger_controller_dag.py
[2025-12-15T19:11:08.241+0000] {processor.py:914} INFO - Processing file /home/airflow/.local/lib/python3.12/site-packages/airflow/example_dags/example_trigger_controller_dag.py for tasks to queue
[2025-12-15T19:11:08.247+0000] {logging_mixin.py:190} INFO - [2025-12-15T19:11:08.247+0000] {dagbag.py:588} INFO - Filling up the DagBag from /home/airflow/.local/lib/python3.12/site-packages/airflow/example_dags/example_trigger_controller_dag.py
[2025-12-15T19:11:08.260+0000] {processor.py:925} INFO - DAG(s) 'example_trigger_controller_dag' retrieved from /home/airflow/.local/lib/python3.12/site-packages/airflow/example_dags/example_trigger_controller_dag.py
[2025-12-15T19:11:08.297+0000] {logging_mixin.py:190} INFO - [2025-12-15T19:11:08.297+0000] {dag.py:3239} INFO - Sync 1 DAGs
[2025-12-15T19:11:08.364+0000] {logging_mixin.py:190} INFO - [2025-12-15T19:11:08.363+0000] {dag.py:4180} INFO - Setting next_dagrun for example_trigger_controller_dag to 2021-01-01 00:00:00+00:00, run_after=2021-01-01 00:00:00+00:00
[2025-12-15T19:11:08.482+0000] {processor.py:208} INFO - Processing /home/airflow/.local/lib/python3.12/site-packages/airflow/example_dags/example_trigger_controller_dag.py took 0.250 seconds
[2025-12-15T19:11:38.859+0000] {processor.py:186} INFO - Started process (PID=7604) to work on /home/airflow/.local/lib/python3.12/site-packages/airflow/example_dags/example_trigger_controller_dag.py
[2025-12-15T19:11:38.862+0000] {processor.py:914} INFO - Processing file /home/airflow/.local/lib/python3.12/site-packages/airflow/example_dags/example_trigger_controller_dag.py for tasks to queue
[2025-12-15T19:11:38.867+0000] {logging_mixin.py:190} INFO - [2025-12-15T19:11:38.866+0000] {dagbag.py:588} INFO - Filling up the DagBag from /home/airflow/.local/lib/python3.12/site-packages/airflow/example_dags/example_trigger_controller_dag.py
[2025-12-15T19:11:38.895+0000] {processor.py:925} INFO - DAG(s) 'example_trigger_controller_dag' retrieved from /home/airflow/.local/lib/python3.12/site-packages/airflow/example_dags/example_trigger_controller_dag.py
[2025-12-15T19:11:38.933+0000] {logging_mixin.py:190} INFO - [2025-12-15T19:11:38.933+0000] {dag.py:3239} INFO - Sync 1 DAGs
[2025-12-15T19:11:38.982+0000] {logging_mixin.py:190} INFO - [2025-12-15T19:11:38.982+0000] {dag.py:4180} INFO - Setting next_dagrun for example_trigger_controller_dag to 2021-01-01 00:00:00+00:00, run_after=2021-01-01 00:00:00+00:00
[2025-12-15T19:11:39.016+0000] {processor.py:208} INFO - Processing /home/airflow/.local/lib/python3.12/site-packages/airflow/example_dags/example_trigger_controller_dag.py took 0.186 seconds
[2025-12-15T19:12:09.106+0000] {processor.py:186} INFO - Started process (PID=7890) to work on /home/airflow/.local/lib/python3.12/site-packages/airflow/example_dags/example_trigger_controller_dag.py
[2025-12-15T19:12:09.107+0000] {processor.py:914} INFO - Processing file /home/airflow/.local/lib/python3.12/site-packages/airflow/example_dags/example_trigger_controller_dag.py for tasks to queue
[2025-12-15T19:12:09.109+0000] {logging_mixin.py:190} INFO - [2025-12-15T19:12:09.108+0000] {dagbag.py:588} INFO - Filling up the DagBag from /home/airflow/.local/lib/python3.12/site-packages/airflow/example_dags/example_trigger_controller_dag.py
[2025-12-15T19:12:09.117+0000] {processor.py:925} INFO - DAG(s) 'example_trigger_controller_dag' retrieved from /home/airflow/.local/lib/python3.12/site-packages/airflow/example_dags/example_trigger_controller_dag.py
[2025-12-15T19:12:09.141+0000] {logging_mixin.py:190} INFO - [2025-12-15T19:12:09.141+0000] {dag.py:3239} INFO - Sync 1 DAGs
[2025-12-15T19:12:09.168+0000] {logging_mixin.py:190} INFO - [2025-12-15T19:12:09.167+0000] {dag.py:4180} INFO - Setting next_dagrun for example_trigger_controller_dag to 2021-01-01 00:00:00+00:00, run_after=2021-01-01 00:00:00+00:00
[2025-12-15T19:12:09.194+0000] {processor.py:208} INFO - Processing /home/airflow/.local/lib/python3.12/site-packages/airflow/example_dags/example_trigger_controller_dag.py took 0.097 seconds
[2025-12-15T19:12:39.469+0000] {processor.py:186} INFO - Started process (PID=8181) to work on /home/airflow/.local/lib/python3.12/site-packages/airflow/example_dags/example_trigger_controller_dag.py
[2025-12-15T19:12:39.470+0000] {processor.py:914} INFO - Processing file /home/airflow/.local/lib/python3.12/site-packages/airflow/example_dags/example_trigger_controller_dag.py for tasks to queue
[2025-12-15T19:12:39.472+0000] {logging_mixin.py:190} INFO - [2025-12-15T19:12:39.471+0000] {dagbag.py:588} INFO - Filling up the DagBag from /home/airflow/.local/lib/python3.12/site-packages/airflow/example_dags/example_trigger_controller_dag.py
[2025-12-15T19:12:39.485+0000] {processor.py:925} INFO - DAG(s) 'example_trigger_controller_dag' retrieved from /home/airflow/.local/lib/python3.12/site-packages/airflow/example_dags/example_trigger_controller_dag.py
[2025-12-15T19:12:39.520+0000] {logging_mixin.py:190} INFO - [2025-12-15T19:12:39.520+0000] {dag.py:3239} INFO - Sync 1 DAGs
[2025-12-15T19:12:39.570+0000] {logging_mixin.py:190} INFO - [2025-12-15T19:12:39.569+0000] {dag.py:4180} INFO - Setting next_dagrun for example_trigger_controller_dag to 2021-01-01 00:00:00+00:00, run_after=2021-01-01 00:00:00+00:00
[2025-12-15T19:12:39.599+0000] {processor.py:208} INFO - Processing /home/airflow/.local/lib/python3.12/site-packages/airflow/example_dags/example_trigger_controller_dag.py took 0.141 seconds
[2025-12-15T19:13:10.246+0000] {processor.py:186} INFO - Started process (PID=8472) to work on /home/airflow/.local/lib/python3.12/site-packages/airflow/example_dags/example_trigger_controller_dag.py
[2025-12-15T19:13:10.247+0000] {processor.py:914} INFO - Processing file /home/airflow/.local/lib/python3.12/site-packages/airflow/example_dags/example_trigger_controller_dag.py for tasks to queue
[2025-12-15T19:13:10.249+0000] {logging_mixin.py:190} INFO - [2025-12-15T19:13:10.248+0000] {dagbag.py:588} INFO - Filling up the DagBag from /home/airflow/.local/lib/python3.12/site-packages/airflow/example_dags/example_trigger_controller_dag.py
[2025-12-15T19:13:10.259+0000] {processor.py:925} INFO - DAG(s) 'example_trigger_controller_dag' retrieved from /home/airflow/.local/lib/python3.12/site-packages/airflow/example_dags/example_trigger_controller_dag.py
[2025-12-15T19:13:10.284+0000] {logging_mixin.py:190} INFO - [2025-12-15T19:13:10.284+0000] {dag.py:3239} INFO - Sync 1 DAGs
[2025-12-15T19:13:10.319+0000] {logging_mixin.py:190} INFO - [2025-12-15T19:13:10.319+0000] {dag.py:4180} INFO - Setting next_dagrun for example_trigger_controller_dag to 2021-01-01 00:00:00+00:00, run_after=2021-01-01 00:00:00+00:00
[2025-12-15T19:13:10.347+0000] {processor.py:208} INFO - Processing /home/airflow/.local/lib/python3.12/site-packages/airflow/example_dags/example_trigger_controller_dag.py took 0.108 seconds
[2025-12-15T19:13:41.355+0000] {processor.py:186} INFO - Started process (PID=8763) to work on /home/airflow/.local/lib/python3.12/site-packages/airflow/example_dags/example_trigger_controller_dag.py
[2025-12-15T19:13:41.359+0000] {processor.py:914} INFO - Processing file /home/airflow/.local/lib/python3.12/site-packages/airflow/example_dags/example_trigger_controller_dag.py for tasks to queue
[2025-12-15T19:13:41.362+0000] {logging_mixin.py:190} INFO - [2025-12-15T19:13:41.361+0000] {dagbag.py:588} INFO - Filling up the DagBag from /home/airflow/.local/lib/python3.12/site-packages/airflow/example_dags/example_trigger_controller_dag.py
[2025-12-15T19:13:41.392+0000] {processor.py:925} INFO - DAG(s) 'example_trigger_controller_dag' retrieved from /home/airflow/.local/lib/python3.12/site-packages/airflow/example_dags/example_trigger_controller_dag.py
[2025-12-15T19:13:41.486+0000] {logging_mixin.py:190} INFO - [2025-12-15T19:13:41.485+0000] {dag.py:3239} INFO - Sync 1 DAGs
[2025-12-15T19:13:41.575+0000] {logging_mixin.py:190} INFO - [2025-12-15T19:13:41.575+0000] {dag.py:4180} INFO - Setting next_dagrun for example_trigger_controller_dag to 2021-01-01 00:00:00+00:00, run_after=2021-01-01 00:00:00+00:00
[2025-12-15T19:13:41.635+0000] {processor.py:208} INFO - Processing /home/airflow/.local/lib/python3.12/site-packages/airflow/example_dags/example_trigger_controller_dag.py took 0.317 seconds
[2025-12-15T19:14:11.816+0000] {processor.py:186} INFO - Started process (PID=9054) to work on /home/airflow/.local/lib/python3.12/site-packages/airflow/example_dags/example_trigger_controller_dag.py
[2025-12-15T19:14:11.821+0000] {processor.py:914} INFO - Processing file /home/airflow/.local/lib/python3.12/site-packages/airflow/example_dags/example_trigger_controller_dag.py for tasks to queue
[2025-12-15T19:14:11.825+0000] {logging_mixin.py:190} INFO - [2025-12-15T19:14:11.824+0000] {dagbag.py:588} INFO - Filling up the DagBag from /home/airflow/.local/lib/python3.12/site-packages/airflow/example_dags/example_trigger_controller_dag.py
[2025-12-15T19:14:11.854+0000] {processor.py:925} INFO - DAG(s) 'example_trigger_controller_dag' retrieved from /home/airflow/.local/lib/python3.12/site-packages/airflow/example_dags/example_trigger_controller_dag.py
[2025-12-15T19:14:11.916+0000] {logging_mixin.py:190} INFO - [2025-12-15T19:14:11.915+0000] {dag.py:3239} INFO - Sync 1 DAGs
[2025-12-15T19:14:11.974+0000] {logging_mixin.py:190} INFO - [2025-12-15T19:14:11.974+0000] {dag.py:4180} INFO - Setting next_dagrun for example_trigger_controller_dag to 2021-01-01 00:00:00+00:00, run_after=2021-01-01 00:00:00+00:00
[2025-12-15T19:14:12.015+0000] {processor.py:208} INFO - Processing /home/airflow/.local/lib/python3.12/site-packages/airflow/example_dags/example_trigger_controller_dag.py took 0.222 seconds
[2025-12-15T19:14:43.075+0000] {processor.py:186} INFO - Started process (PID=9347) to work on /home/airflow/.local/lib/python3.12/site-packages/airflow/example_dags/example_trigger_controller_dag.py
[2025-12-15T19:14:43.082+0000] {processor.py:914} INFO - Processing file /home/airflow/.local/lib/python3.12/site-packages/airflow/example_dags/example_trigger_controller_dag.py for tasks to queue
[2025-12-15T19:14:43.088+0000] {logging_mixin.py:190} INFO - [2025-12-15T19:14:43.087+0000] {dagbag.py:588} INFO - Filling up the DagBag from /home/airflow/.local/lib/python3.12/site-packages/airflow/example_dags/example_trigger_controller_dag.py
[2025-12-15T19:14:43.116+0000] {processor.py:925} INFO - DAG(s) 'example_trigger_controller_dag' retrieved from /home/airflow/.local/lib/python3.12/site-packages/airflow/example_dags/example_trigger_controller_dag.py
[2025-12-15T19:14:43.191+0000] {logging_mixin.py:190} INFO - [2025-12-15T19:14:43.191+0000] {dag.py:3239} INFO - Sync 1 DAGs
[2025-12-15T19:14:43.256+0000] {logging_mixin.py:190} INFO - [2025-12-15T19:14:43.254+0000] {dag.py:4180} INFO - Setting next_dagrun for example_trigger_controller_dag to 2021-01-01 00:00:00+00:00, run_after=2021-01-01 00:00:00+00:00
[2025-12-15T19:14:43.299+0000] {processor.py:208} INFO - Processing /home/airflow/.local/lib/python3.12/site-packages/airflow/example_dags/example_trigger_controller_dag.py took 0.245 seconds
[2025-12-15T19:15:13.532+0000] {processor.py:186} INFO - Started process (PID=9638) to work on /home/airflow/.local/lib/python3.12/site-packages/airflow/example_dags/example_trigger_controller_dag.py
[2025-12-15T19:15:13.560+0000] {processor.py:914} INFO - Processing file /home/airflow/.local/lib/python3.12/site-packages/airflow/example_dags/example_trigger_controller_dag.py for tasks to queue
[2025-12-15T19:15:13.562+0000] {logging_mixin.py:190} INFO - [2025-12-15T19:15:13.561+0000] {dagbag.py:588} INFO - Filling up the DagBag from /home/airflow/.local/lib/python3.12/site-packages/airflow/example_dags/example_trigger_controller_dag.py
[2025-12-15T19:15:13.577+0000] {processor.py:925} INFO - DAG(s) 'example_trigger_controller_dag' retrieved from /home/airflow/.local/lib/python3.12/site-packages/airflow/example_dags/example_trigger_controller_dag.py
[2025-12-15T19:15:13.627+0000] {logging_mixin.py:190} INFO - [2025-12-15T19:15:13.627+0000] {dag.py:3239} INFO - Sync 1 DAGs
[2025-12-15T19:15:13.751+0000] {logging_mixin.py:190} INFO - [2025-12-15T19:15:13.750+0000] {dag.py:4180} INFO - Setting next_dagrun for example_trigger_controller_dag to 2021-01-01 00:00:00+00:00, run_after=2021-01-01 00:00:00+00:00
[2025-12-15T19:15:13.852+0000] {processor.py:208} INFO - Processing /home/airflow/.local/lib/python3.12/site-packages/airflow/example_dags/example_trigger_controller_dag.py took 0.329 seconds
[2025-12-15T19:15:44.560+0000] {processor.py:186} INFO - Started process (PID=9927) to work on /home/airflow/.local/lib/python3.12/site-packages/airflow/example_dags/example_trigger_controller_dag.py
[2025-12-15T19:15:44.563+0000] {processor.py:914} INFO - Processing file /home/airflow/.local/lib/python3.12/site-packages/airflow/example_dags/example_trigger_controller_dag.py for tasks to queue
[2025-12-15T19:15:44.568+0000] {logging_mixin.py:190} INFO - [2025-12-15T19:15:44.567+0000] {dagbag.py:588} INFO - Filling up the DagBag from /home/airflow/.local/lib/python3.12/site-packages/airflow/example_dags/example_trigger_controller_dag.py
[2025-12-15T19:15:44.595+0000] {processor.py:925} INFO - DAG(s) 'example_trigger_controller_dag' retrieved from /home/airflow/.local/lib/python3.12/site-packages/airflow/example_dags/example_trigger_controller_dag.py
[2025-12-15T19:15:44.659+0000] {logging_mixin.py:190} INFO - [2025-12-15T19:15:44.658+0000] {dag.py:3239} INFO - Sync 1 DAGs
[2025-12-15T19:15:44.781+0000] {logging_mixin.py:190} INFO - [2025-12-15T19:15:44.776+0000] {dag.py:4180} INFO - Setting next_dagrun for example_trigger_controller_dag to 2021-01-01 00:00:00+00:00, run_after=2021-01-01 00:00:00+00:00
[2025-12-15T19:15:44.888+0000] {processor.py:208} INFO - Processing /home/airflow/.local/lib/python3.12/site-packages/airflow/example_dags/example_trigger_controller_dag.py took 0.350 seconds
[2025-12-15T19:16:16.053+0000] {processor.py:186} INFO - Started process (PID=10200) to work on /home/airflow/.local/lib/python3.12/site-packages/airflow/example_dags/example_trigger_controller_dag.py
[2025-12-15T19:16:16.085+0000] {processor.py:914} INFO - Processing file /home/airflow/.local/lib/python3.12/site-packages/airflow/example_dags/example_trigger_controller_dag.py for tasks to queue
[2025-12-15T19:16:16.087+0000] {logging_mixin.py:190} INFO - [2025-12-15T19:16:16.086+0000] {dagbag.py:588} INFO - Filling up the DagBag from /home/airflow/.local/lib/python3.12/site-packages/airflow/example_dags/example_trigger_controller_dag.py
[2025-12-15T19:16:16.100+0000] {processor.py:925} INFO - DAG(s) 'example_trigger_controller_dag' retrieved from /home/airflow/.local/lib/python3.12/site-packages/airflow/example_dags/example_trigger_controller_dag.py
[2025-12-15T19:16:16.132+0000] {logging_mixin.py:190} INFO - [2025-12-15T19:16:16.132+0000] {dag.py:3239} INFO - Sync 1 DAGs
[2025-12-15T19:16:16.174+0000] {logging_mixin.py:190} INFO - [2025-12-15T19:16:16.174+0000] {dag.py:4180} INFO - Setting next_dagrun for example_trigger_controller_dag to 2021-01-01 00:00:00+00:00, run_after=2021-01-01 00:00:00+00:00
[2025-12-15T19:16:16.201+0000] {processor.py:208} INFO - Processing /home/airflow/.local/lib/python3.12/site-packages/airflow/example_dags/example_trigger_controller_dag.py took 0.158 seconds
[2025-12-15T19:16:51.025+0000] {processor.py:186} INFO - Started process (PID=10479) to work on /home/airflow/.local/lib/python3.12/site-packages/airflow/example_dags/example_trigger_controller_dag.py
[2025-12-15T19:16:51.029+0000] {processor.py:914} INFO - Processing file /home/airflow/.local/lib/python3.12/site-packages/airflow/example_dags/example_trigger_controller_dag.py for tasks to queue
[2025-12-15T19:16:51.041+0000] {logging_mixin.py:190} INFO - [2025-12-15T19:16:51.040+0000] {dagbag.py:588} INFO - Filling up the DagBag from /home/airflow/.local/lib/python3.12/site-packages/airflow/example_dags/example_trigger_controller_dag.py
[2025-12-15T19:16:51.101+0000] {processor.py:925} INFO - DAG(s) 'example_trigger_controller_dag' retrieved from /home/airflow/.local/lib/python3.12/site-packages/airflow/example_dags/example_trigger_controller_dag.py
[2025-12-15T19:16:51.216+0000] {logging_mixin.py:190} INFO - [2025-12-15T19:16:51.216+0000] {dag.py:3239} INFO - Sync 1 DAGs
[2025-12-15T19:16:51.366+0000] {logging_mixin.py:190} INFO - [2025-12-15T19:16:51.365+0000] {dag.py:4180} INFO - Setting next_dagrun for example_trigger_controller_dag to 2021-01-01 00:00:00+00:00, run_after=2021-01-01 00:00:00+00:00
[2025-12-15T19:16:51.477+0000] {processor.py:208} INFO - Processing /home/airflow/.local/lib/python3.12/site-packages/airflow/example_dags/example_trigger_controller_dag.py took 0.495 seconds
[2025-12-15T19:17:26.002+0000] {processor.py:186} INFO - Started process (PID=10717) to work on /home/airflow/.local/lib/python3.12/site-packages/airflow/example_dags/example_trigger_controller_dag.py
[2025-12-15T19:17:26.005+0000] {processor.py:914} INFO - Processing file /home/airflow/.local/lib/python3.12/site-packages/airflow/example_dags/example_trigger_controller_dag.py for tasks to queue
[2025-12-15T19:17:26.017+0000] {logging_mixin.py:190} INFO - [2025-12-15T19:17:26.016+0000] {dagbag.py:588} INFO - Filling up the DagBag from /home/airflow/.local/lib/python3.12/site-packages/airflow/example_dags/example_trigger_controller_dag.py
[2025-12-15T19:17:26.078+0000] {processor.py:925} INFO - DAG(s) 'example_trigger_controller_dag' retrieved from /home/airflow/.local/lib/python3.12/site-packages/airflow/example_dags/example_trigger_controller_dag.py
[2025-12-15T19:17:26.191+0000] {logging_mixin.py:190} INFO - [2025-12-15T19:17:26.190+0000] {dag.py:3239} INFO - Sync 1 DAGs
[2025-12-15T19:17:26.350+0000] {logging_mixin.py:190} INFO - [2025-12-15T19:17:26.350+0000] {dag.py:4180} INFO - Setting next_dagrun for example_trigger_controller_dag to 2021-01-01 00:00:00+00:00, run_after=2021-01-01 00:00:00+00:00
[2025-12-15T19:17:26.424+0000] {processor.py:208} INFO - Processing /home/airflow/.local/lib/python3.12/site-packages/airflow/example_dags/example_trigger_controller_dag.py took 0.466 seconds
[2025-12-15T19:17:57.206+0000] {processor.py:186} INFO - Started process (PID=11017) to work on /home/airflow/.local/lib/python3.12/site-packages/airflow/example_dags/example_trigger_controller_dag.py
[2025-12-15T19:17:57.208+0000] {processor.py:914} INFO - Processing file /home/airflow/.local/lib/python3.12/site-packages/airflow/example_dags/example_trigger_controller_dag.py for tasks to queue
[2025-12-15T19:17:57.210+0000] {logging_mixin.py:190} INFO - [2025-12-15T19:17:57.209+0000] {dagbag.py:588} INFO - Filling up the DagBag from /home/airflow/.local/lib/python3.12/site-packages/airflow/example_dags/example_trigger_controller_dag.py
[2025-12-15T19:17:57.228+0000] {processor.py:925} INFO - DAG(s) 'example_trigger_controller_dag' retrieved from /home/airflow/.local/lib/python3.12/site-packages/airflow/example_dags/example_trigger_controller_dag.py
[2025-12-15T19:17:57.268+0000] {logging_mixin.py:190} INFO - [2025-12-15T19:17:57.268+0000] {dag.py:3239} INFO - Sync 1 DAGs
[2025-12-15T19:17:57.325+0000] {logging_mixin.py:190} INFO - [2025-12-15T19:17:57.323+0000] {dag.py:4180} INFO - Setting next_dagrun for example_trigger_controller_dag to 2021-01-01 00:00:00+00:00, run_after=2021-01-01 00:00:00+00:00
[2025-12-15T19:17:57.362+0000] {processor.py:208} INFO - Processing /home/airflow/.local/lib/python3.12/site-packages/airflow/example_dags/example_trigger_controller_dag.py took 0.169 seconds
[2025-12-15T19:18:29.558+0000] {processor.py:186} INFO - Started process (PID=11306) to work on /home/airflow/.local/lib/python3.12/site-packages/airflow/example_dags/example_trigger_controller_dag.py
[2025-12-15T19:18:29.561+0000] {processor.py:914} INFO - Processing file /home/airflow/.local/lib/python3.12/site-packages/airflow/example_dags/example_trigger_controller_dag.py for tasks to queue
[2025-12-15T19:18:29.571+0000] {logging_mixin.py:190} INFO - [2025-12-15T19:18:29.565+0000] {dagbag.py:588} INFO - Filling up the DagBag from /home/airflow/.local/lib/python3.12/site-packages/airflow/example_dags/example_trigger_controller_dag.py
[2025-12-15T19:18:29.597+0000] {processor.py:925} INFO - DAG(s) 'example_trigger_controller_dag' retrieved from /home/airflow/.local/lib/python3.12/site-packages/airflow/example_dags/example_trigger_controller_dag.py
[2025-12-15T19:18:29.643+0000] {logging_mixin.py:190} INFO - [2025-12-15T19:18:29.643+0000] {dag.py:3239} INFO - Sync 1 DAGs
[2025-12-15T19:18:29.696+0000] {logging_mixin.py:190} INFO - [2025-12-15T19:18:29.695+0000] {dag.py:4180} INFO - Setting next_dagrun for example_trigger_controller_dag to 2021-01-01 00:00:00+00:00, run_after=2021-01-01 00:00:00+00:00
[2025-12-15T19:18:29.742+0000] {processor.py:208} INFO - Processing /home/airflow/.local/lib/python3.12/site-packages/airflow/example_dags/example_trigger_controller_dag.py took 0.218 seconds
[2025-12-15T19:19:04.235+0000] {processor.py:186} INFO - Started process (PID=11598) to work on /home/airflow/.local/lib/python3.12/site-packages/airflow/example_dags/example_trigger_controller_dag.py
[2025-12-15T19:19:04.242+0000] {processor.py:914} INFO - Processing file /home/airflow/.local/lib/python3.12/site-packages/airflow/example_dags/example_trigger_controller_dag.py for tasks to queue
[2025-12-15T19:19:04.244+0000] {logging_mixin.py:190} INFO - [2025-12-15T19:19:04.243+0000] {dagbag.py:588} INFO - Filling up the DagBag from /home/airflow/.local/lib/python3.12/site-packages/airflow/example_dags/example_trigger_controller_dag.py
[2025-12-15T19:19:04.260+0000] {processor.py:925} INFO - DAG(s) 'example_trigger_controller_dag' retrieved from /home/airflow/.local/lib/python3.12/site-packages/airflow/example_dags/example_trigger_controller_dag.py
[2025-12-15T19:19:04.302+0000] {logging_mixin.py:190} INFO - [2025-12-15T19:19:04.301+0000] {dag.py:3239} INFO - Sync 1 DAGs
[2025-12-15T19:19:04.355+0000] {logging_mixin.py:190} INFO - [2025-12-15T19:19:04.354+0000] {dag.py:4180} INFO - Setting next_dagrun for example_trigger_controller_dag to 2021-01-01 00:00:00+00:00, run_after=2021-01-01 00:00:00+00:00
[2025-12-15T19:19:04.501+0000] {processor.py:208} INFO - Processing /home/airflow/.local/lib/python3.12/site-packages/airflow/example_dags/example_trigger_controller_dag.py took 0.284 seconds
