[2025-12-15T18:56:20.432+0000] {processor.py:186} INFO - Started process (PID=385) to work on /home/airflow/.local/lib/python3.12/site-packages/airflow/example_dags/example_branch_operator_decorator.py
[2025-12-15T18:56:20.435+0000] {processor.py:914} INFO - Processing file /home/airflow/.local/lib/python3.12/site-packages/airflow/example_dags/example_branch_operator_decorator.py for tasks to queue
[2025-12-15T18:56:20.449+0000] {logging_mixin.py:190} INFO - [2025-12-15T18:56:20.448+0000] {dagbag.py:588} INFO - Filling up the DagBag from /home/airflow/.local/lib/python3.12/site-packages/airflow/example_dags/example_branch_operator_decorator.py
[2025-12-15T18:56:20.578+0000] {processor.py:925} INFO - DAG(s) 'example_branch_python_operator_decorator' retrieved from /home/airflow/.local/lib/python3.12/site-packages/airflow/example_dags/example_branch_operator_decorator.py
[2025-12-15T18:56:21.205+0000] {logging_mixin.py:190} INFO - [2025-12-15T18:56:21.203+0000] {override.py:1911} INFO - Created Permission View: can read on DAG:example_branch_python_operator_decorator
[2025-12-15T18:56:21.250+0000] {logging_mixin.py:190} INFO - [2025-12-15T18:56:21.249+0000] {override.py:1911} INFO - Created Permission View: can edit on DAG:example_branch_python_operator_decorator
[2025-12-15T18:56:21.270+0000] {logging_mixin.py:190} INFO - [2025-12-15T18:56:21.270+0000] {override.py:1911} INFO - Created Permission View: can delete on DAG:example_branch_python_operator_decorator
[2025-12-15T18:56:21.297+0000] {logging_mixin.py:190} INFO - [2025-12-15T18:56:21.296+0000] {override.py:1911} INFO - Created Permission View: can read on DAG Run:example_branch_python_operator_decorator
[2025-12-15T18:56:21.317+0000] {logging_mixin.py:190} INFO - [2025-12-15T18:56:21.316+0000] {override.py:1911} INFO - Created Permission View: menu access on DAG Run:example_branch_python_operator_decorator
[2025-12-15T18:56:21.337+0000] {logging_mixin.py:190} INFO - [2025-12-15T18:56:21.336+0000] {override.py:1911} INFO - Created Permission View: can create on DAG Run:example_branch_python_operator_decorator
[2025-12-15T18:56:21.356+0000] {logging_mixin.py:190} INFO - [2025-12-15T18:56:21.356+0000] {override.py:1911} INFO - Created Permission View: can delete on DAG Run:example_branch_python_operator_decorator
[2025-12-15T18:56:21.358+0000] {logging_mixin.py:190} INFO - [2025-12-15T18:56:21.357+0000] {dag.py:3239} INFO - Sync 1 DAGs
[2025-12-15T18:56:21.407+0000] {logging_mixin.py:190} INFO - [2025-12-15T18:56:21.406+0000] {dag.py:3262} INFO - Creating ORM DAG for example_branch_python_operator_decorator
[2025-12-15T18:56:21.442+0000] {logging_mixin.py:190} INFO - [2025-12-15T18:56:21.441+0000] {dag.py:4180} INFO - Setting next_dagrun for example_branch_python_operator_decorator to 2025-12-14 00:00:00+00:00, run_after=2025-12-15 00:00:00+00:00
[2025-12-15T18:56:21.490+0000] {processor.py:208} INFO - Processing /home/airflow/.local/lib/python3.12/site-packages/airflow/example_dags/example_branch_operator_decorator.py took 1.096 seconds
[2025-12-15T18:56:57.322+0000] {processor.py:186} INFO - Started process (PID=685) to work on /home/airflow/.local/lib/python3.12/site-packages/airflow/example_dags/example_branch_operator_decorator.py
[2025-12-15T18:56:57.325+0000] {processor.py:914} INFO - Processing file /home/airflow/.local/lib/python3.12/site-packages/airflow/example_dags/example_branch_operator_decorator.py for tasks to queue
[2025-12-15T18:56:57.331+0000] {logging_mixin.py:190} INFO - [2025-12-15T18:56:57.330+0000] {dagbag.py:588} INFO - Filling up the DagBag from /home/airflow/.local/lib/python3.12/site-packages/airflow/example_dags/example_branch_operator_decorator.py
[2025-12-15T18:56:57.406+0000] {processor.py:925} INFO - DAG(s) 'example_branch_python_operator_decorator' retrieved from /home/airflow/.local/lib/python3.12/site-packages/airflow/example_dags/example_branch_operator_decorator.py
[2025-12-15T18:56:57.483+0000] {logging_mixin.py:190} INFO - [2025-12-15T18:56:57.482+0000] {dag.py:3239} INFO - Sync 1 DAGs
[2025-12-15T18:56:57.573+0000] {logging_mixin.py:190} INFO - [2025-12-15T18:56:57.572+0000] {dag.py:4180} INFO - Setting next_dagrun for example_branch_python_operator_decorator to 2025-12-14 00:00:00+00:00, run_after=2025-12-15 00:00:00+00:00
[2025-12-15T18:56:57.652+0000] {processor.py:208} INFO - Processing /home/airflow/.local/lib/python3.12/site-packages/airflow/example_dags/example_branch_operator_decorator.py took 0.354 seconds
[2025-12-15T18:57:32.911+0000] {processor.py:186} INFO - Started process (PID=981) to work on /home/airflow/.local/lib/python3.12/site-packages/airflow/example_dags/example_branch_operator_decorator.py
[2025-12-15T18:57:32.914+0000] {processor.py:914} INFO - Processing file /home/airflow/.local/lib/python3.12/site-packages/airflow/example_dags/example_branch_operator_decorator.py for tasks to queue
[2025-12-15T18:57:32.921+0000] {logging_mixin.py:190} INFO - [2025-12-15T18:57:32.920+0000] {dagbag.py:588} INFO - Filling up the DagBag from /home/airflow/.local/lib/python3.12/site-packages/airflow/example_dags/example_branch_operator_decorator.py
[2025-12-15T18:57:32.970+0000] {processor.py:925} INFO - DAG(s) 'example_branch_python_operator_decorator' retrieved from /home/airflow/.local/lib/python3.12/site-packages/airflow/example_dags/example_branch_operator_decorator.py
[2025-12-15T18:57:33.025+0000] {logging_mixin.py:190} INFO - [2025-12-15T18:57:33.024+0000] {dag.py:3239} INFO - Sync 1 DAGs
[2025-12-15T18:57:33.082+0000] {logging_mixin.py:190} INFO - [2025-12-15T18:57:33.082+0000] {dag.py:4180} INFO - Setting next_dagrun for example_branch_python_operator_decorator to 2025-12-14 00:00:00+00:00, run_after=2025-12-15 00:00:00+00:00
[2025-12-15T18:57:33.122+0000] {processor.py:208} INFO - Processing /home/airflow/.local/lib/python3.12/site-packages/airflow/example_dags/example_branch_operator_decorator.py took 0.224 seconds
[2025-12-15T18:58:11.194+0000] {processor.py:186} INFO - Started process (PID=1276) to work on /home/airflow/.local/lib/python3.12/site-packages/airflow/example_dags/example_branch_operator_decorator.py
[2025-12-15T18:58:11.196+0000] {processor.py:914} INFO - Processing file /home/airflow/.local/lib/python3.12/site-packages/airflow/example_dags/example_branch_operator_decorator.py for tasks to queue
[2025-12-15T18:58:11.200+0000] {logging_mixin.py:190} INFO - [2025-12-15T18:58:11.200+0000] {dagbag.py:588} INFO - Filling up the DagBag from /home/airflow/.local/lib/python3.12/site-packages/airflow/example_dags/example_branch_operator_decorator.py
[2025-12-15T18:58:11.256+0000] {processor.py:925} INFO - DAG(s) 'example_branch_python_operator_decorator' retrieved from /home/airflow/.local/lib/python3.12/site-packages/airflow/example_dags/example_branch_operator_decorator.py
[2025-12-15T18:58:11.320+0000] {logging_mixin.py:190} INFO - [2025-12-15T18:58:11.320+0000] {dag.py:3239} INFO - Sync 1 DAGs
[2025-12-15T18:58:11.706+0000] {logging_mixin.py:190} INFO - [2025-12-15T18:58:11.705+0000] {dag.py:4180} INFO - Setting next_dagrun for example_branch_python_operator_decorator to 2025-12-14 00:00:00+00:00, run_after=2025-12-15 00:00:00+00:00
[2025-12-15T18:58:11.962+0000] {processor.py:208} INFO - Processing /home/airflow/.local/lib/python3.12/site-packages/airflow/example_dags/example_branch_operator_decorator.py took 0.780 seconds
[2025-12-15T18:58:43.743+0000] {processor.py:186} INFO - Started process (PID=1562) to work on /home/airflow/.local/lib/python3.12/site-packages/airflow/example_dags/example_branch_operator_decorator.py
[2025-12-15T18:58:44.637+0000] {processor.py:914} INFO - Processing file /home/airflow/.local/lib/python3.12/site-packages/airflow/example_dags/example_branch_operator_decorator.py for tasks to queue
[2025-12-15T18:58:44.642+0000] {logging_mixin.py:190} INFO - [2025-12-15T18:58:44.641+0000] {dagbag.py:588} INFO - Filling up the DagBag from /home/airflow/.local/lib/python3.12/site-packages/airflow/example_dags/example_branch_operator_decorator.py
[2025-12-15T18:58:44.702+0000] {processor.py:925} INFO - DAG(s) 'example_branch_python_operator_decorator' retrieved from /home/airflow/.local/lib/python3.12/site-packages/airflow/example_dags/example_branch_operator_decorator.py
[2025-12-15T18:58:44.748+0000] {logging_mixin.py:190} INFO - [2025-12-15T18:58:44.748+0000] {dag.py:3239} INFO - Sync 1 DAGs
[2025-12-15T18:58:44.828+0000] {logging_mixin.py:190} INFO - [2025-12-15T18:58:44.827+0000] {dag.py:4180} INFO - Setting next_dagrun for example_branch_python_operator_decorator to 2025-12-14 00:00:00+00:00, run_after=2025-12-15 00:00:00+00:00
[2025-12-15T18:58:44.886+0000] {processor.py:208} INFO - Processing /home/airflow/.local/lib/python3.12/site-packages/airflow/example_dags/example_branch_operator_decorator.py took 1.152 seconds
[2025-12-15T18:59:46.981+0000] {processor.py:186} INFO - Started process (PID=1972) to work on /home/airflow/.local/lib/python3.12/site-packages/airflow/example_dags/example_branch_operator_decorator.py
[2025-12-15T18:59:46.985+0000] {processor.py:914} INFO - Processing file /home/airflow/.local/lib/python3.12/site-packages/airflow/example_dags/example_branch_operator_decorator.py for tasks to queue
[2025-12-15T18:59:46.991+0000] {logging_mixin.py:190} INFO - [2025-12-15T18:59:46.990+0000] {dagbag.py:588} INFO - Filling up the DagBag from /home/airflow/.local/lib/python3.12/site-packages/airflow/example_dags/example_branch_operator_decorator.py
[2025-12-15T18:59:47.051+0000] {processor.py:925} INFO - DAG(s) 'example_branch_python_operator_decorator' retrieved from /home/airflow/.local/lib/python3.12/site-packages/airflow/example_dags/example_branch_operator_decorator.py
[2025-12-15T18:59:47.146+0000] {logging_mixin.py:190} INFO - [2025-12-15T18:59:47.146+0000] {dag.py:3239} INFO - Sync 1 DAGs
[2025-12-15T18:59:47.230+0000] {logging_mixin.py:190} INFO - [2025-12-15T18:59:47.230+0000] {dag.py:4180} INFO - Setting next_dagrun for example_branch_python_operator_decorator to 2025-12-14 00:00:00+00:00, run_after=2025-12-15 00:00:00+00:00
[2025-12-15T18:59:47.289+0000] {processor.py:208} INFO - Processing /home/airflow/.local/lib/python3.12/site-packages/airflow/example_dags/example_branch_operator_decorator.py took 0.325 seconds
[2025-12-15T19:01:52.306+0000] {processor.py:186} INFO - Started process (PID=2294) to work on /home/airflow/.local/lib/python3.12/site-packages/airflow/example_dags/example_branch_operator_decorator.py
[2025-12-15T19:01:52.319+0000] {processor.py:914} INFO - Processing file /home/airflow/.local/lib/python3.12/site-packages/airflow/example_dags/example_branch_operator_decorator.py for tasks to queue
[2025-12-15T19:01:52.332+0000] {logging_mixin.py:190} INFO - [2025-12-15T19:01:52.331+0000] {dagbag.py:588} INFO - Filling up the DagBag from /home/airflow/.local/lib/python3.12/site-packages/airflow/example_dags/example_branch_operator_decorator.py
[2025-12-15T19:01:52.571+0000] {processor.py:925} INFO - DAG(s) 'example_branch_python_operator_decorator' retrieved from /home/airflow/.local/lib/python3.12/site-packages/airflow/example_dags/example_branch_operator_decorator.py
[2025-12-15T19:01:52.806+0000] {logging_mixin.py:190} INFO - [2025-12-15T19:01:52.805+0000] {dag.py:3239} INFO - Sync 1 DAGs
[2025-12-15T19:01:53.028+0000] {logging_mixin.py:190} INFO - [2025-12-15T19:01:53.027+0000] {dag.py:4180} INFO - Setting next_dagrun for example_branch_python_operator_decorator to 2025-12-14 00:00:00+00:00, run_after=2025-12-15 00:00:00+00:00
[2025-12-15T19:01:53.175+0000] {processor.py:208} INFO - Processing /home/airflow/.local/lib/python3.12/site-packages/airflow/example_dags/example_branch_operator_decorator.py took 0.934 seconds
[2025-12-15T19:02:23.907+0000] {processor.py:186} INFO - Started process (PID=2592) to work on /home/airflow/.local/lib/python3.12/site-packages/airflow/example_dags/example_branch_operator_decorator.py
[2025-12-15T19:02:23.911+0000] {processor.py:914} INFO - Processing file /home/airflow/.local/lib/python3.12/site-packages/airflow/example_dags/example_branch_operator_decorator.py for tasks to queue
[2025-12-15T19:02:23.919+0000] {logging_mixin.py:190} INFO - [2025-12-15T19:02:23.918+0000] {dagbag.py:588} INFO - Filling up the DagBag from /home/airflow/.local/lib/python3.12/site-packages/airflow/example_dags/example_branch_operator_decorator.py
[2025-12-15T19:02:23.981+0000] {processor.py:925} INFO - DAG(s) 'example_branch_python_operator_decorator' retrieved from /home/airflow/.local/lib/python3.12/site-packages/airflow/example_dags/example_branch_operator_decorator.py
[2025-12-15T19:02:24.041+0000] {logging_mixin.py:190} INFO - [2025-12-15T19:02:24.040+0000] {dag.py:3239} INFO - Sync 1 DAGs
[2025-12-15T19:02:24.094+0000] {logging_mixin.py:190} INFO - [2025-12-15T19:02:24.093+0000] {dag.py:4180} INFO - Setting next_dagrun for example_branch_python_operator_decorator to 2025-12-14 00:00:00+00:00, run_after=2025-12-15 00:00:00+00:00
[2025-12-15T19:02:24.133+0000] {processor.py:208} INFO - Processing /home/airflow/.local/lib/python3.12/site-packages/airflow/example_dags/example_branch_operator_decorator.py took 0.239 seconds
[2025-12-15T19:02:56.064+0000] {processor.py:186} INFO - Started process (PID=2881) to work on /home/airflow/.local/lib/python3.12/site-packages/airflow/example_dags/example_branch_operator_decorator.py
[2025-12-15T19:02:56.068+0000] {processor.py:914} INFO - Processing file /home/airflow/.local/lib/python3.12/site-packages/airflow/example_dags/example_branch_operator_decorator.py for tasks to queue
[2025-12-15T19:02:56.075+0000] {logging_mixin.py:190} INFO - [2025-12-15T19:02:56.074+0000] {dagbag.py:588} INFO - Filling up the DagBag from /home/airflow/.local/lib/python3.12/site-packages/airflow/example_dags/example_branch_operator_decorator.py
[2025-12-15T19:02:56.140+0000] {processor.py:925} INFO - DAG(s) 'example_branch_python_operator_decorator' retrieved from /home/airflow/.local/lib/python3.12/site-packages/airflow/example_dags/example_branch_operator_decorator.py
[2025-12-15T19:02:56.204+0000] {logging_mixin.py:190} INFO - [2025-12-15T19:02:56.202+0000] {dag.py:3239} INFO - Sync 1 DAGs
[2025-12-15T19:02:56.269+0000] {logging_mixin.py:190} INFO - [2025-12-15T19:02:56.268+0000] {dag.py:4180} INFO - Setting next_dagrun for example_branch_python_operator_decorator to 2025-12-14 00:00:00+00:00, run_after=2025-12-15 00:00:00+00:00
[2025-12-15T19:02:56.317+0000] {processor.py:208} INFO - Processing /home/airflow/.local/lib/python3.12/site-packages/airflow/example_dags/example_branch_operator_decorator.py took 0.271 seconds
[2025-12-15T19:03:30.610+0000] {processor.py:186} INFO - Started process (PID=3178) to work on /home/airflow/.local/lib/python3.12/site-packages/airflow/example_dags/example_branch_operator_decorator.py
[2025-12-15T19:03:30.612+0000] {processor.py:914} INFO - Processing file /home/airflow/.local/lib/python3.12/site-packages/airflow/example_dags/example_branch_operator_decorator.py for tasks to queue
[2025-12-15T19:03:30.616+0000] {logging_mixin.py:190} INFO - [2025-12-15T19:03:30.615+0000] {dagbag.py:588} INFO - Filling up the DagBag from /home/airflow/.local/lib/python3.12/site-packages/airflow/example_dags/example_branch_operator_decorator.py
[2025-12-15T19:03:30.655+0000] {processor.py:925} INFO - DAG(s) 'example_branch_python_operator_decorator' retrieved from /home/airflow/.local/lib/python3.12/site-packages/airflow/example_dags/example_branch_operator_decorator.py
[2025-12-15T19:03:30.708+0000] {logging_mixin.py:190} INFO - [2025-12-15T19:03:30.708+0000] {dag.py:3239} INFO - Sync 1 DAGs
[2025-12-15T19:03:30.752+0000] {logging_mixin.py:190} INFO - [2025-12-15T19:03:30.752+0000] {dag.py:4180} INFO - Setting next_dagrun for example_branch_python_operator_decorator to 2025-12-14 00:00:00+00:00, run_after=2025-12-15 00:00:00+00:00
[2025-12-15T19:03:30.789+0000] {processor.py:208} INFO - Processing /home/airflow/.local/lib/python3.12/site-packages/airflow/example_dags/example_branch_operator_decorator.py took 0.189 seconds
[2025-12-15T19:04:07.400+0000] {processor.py:186} INFO - Started process (PID=3479) to work on /home/airflow/.local/lib/python3.12/site-packages/airflow/example_dags/example_branch_operator_decorator.py
[2025-12-15T19:04:07.402+0000] {processor.py:914} INFO - Processing file /home/airflow/.local/lib/python3.12/site-packages/airflow/example_dags/example_branch_operator_decorator.py for tasks to queue
[2025-12-15T19:04:07.406+0000] {logging_mixin.py:190} INFO - [2025-12-15T19:04:07.406+0000] {dagbag.py:588} INFO - Filling up the DagBag from /home/airflow/.local/lib/python3.12/site-packages/airflow/example_dags/example_branch_operator_decorator.py
[2025-12-15T19:04:07.454+0000] {processor.py:925} INFO - DAG(s) 'example_branch_python_operator_decorator' retrieved from /home/airflow/.local/lib/python3.12/site-packages/airflow/example_dags/example_branch_operator_decorator.py
[2025-12-15T19:04:07.514+0000] {logging_mixin.py:190} INFO - [2025-12-15T19:04:07.512+0000] {dag.py:3239} INFO - Sync 1 DAGs
[2025-12-15T19:04:07.571+0000] {logging_mixin.py:190} INFO - [2025-12-15T19:04:07.571+0000] {dag.py:4180} INFO - Setting next_dagrun for example_branch_python_operator_decorator to 2025-12-14 00:00:00+00:00, run_after=2025-12-15 00:00:00+00:00
[2025-12-15T19:04:07.610+0000] {processor.py:208} INFO - Processing /home/airflow/.local/lib/python3.12/site-packages/airflow/example_dags/example_branch_operator_decorator.py took 0.224 seconds
[2025-12-15T19:04:40.891+0000] {processor.py:186} INFO - Started process (PID=3770) to work on /home/airflow/.local/lib/python3.12/site-packages/airflow/example_dags/example_branch_operator_decorator.py
[2025-12-15T19:04:40.897+0000] {processor.py:914} INFO - Processing file /home/airflow/.local/lib/python3.12/site-packages/airflow/example_dags/example_branch_operator_decorator.py for tasks to queue
[2025-12-15T19:04:40.905+0000] {logging_mixin.py:190} INFO - [2025-12-15T19:04:40.904+0000] {dagbag.py:588} INFO - Filling up the DagBag from /home/airflow/.local/lib/python3.12/site-packages/airflow/example_dags/example_branch_operator_decorator.py
[2025-12-15T19:04:41.009+0000] {processor.py:925} INFO - DAG(s) 'example_branch_python_operator_decorator' retrieved from /home/airflow/.local/lib/python3.12/site-packages/airflow/example_dags/example_branch_operator_decorator.py
[2025-12-15T19:04:41.082+0000] {logging_mixin.py:190} INFO - [2025-12-15T19:04:41.082+0000] {dag.py:3239} INFO - Sync 1 DAGs
[2025-12-15T19:04:41.136+0000] {logging_mixin.py:190} INFO - [2025-12-15T19:04:41.136+0000] {dag.py:4180} INFO - Setting next_dagrun for example_branch_python_operator_decorator to 2025-12-14 00:00:00+00:00, run_after=2025-12-15 00:00:00+00:00
[2025-12-15T19:04:41.184+0000] {processor.py:208} INFO - Processing /home/airflow/.local/lib/python3.12/site-packages/airflow/example_dags/example_branch_operator_decorator.py took 0.326 seconds
[2025-12-15T19:05:11.369+0000] {processor.py:186} INFO - Started process (PID=4058) to work on /home/airflow/.local/lib/python3.12/site-packages/airflow/example_dags/example_branch_operator_decorator.py
[2025-12-15T19:05:11.383+0000] {processor.py:914} INFO - Processing file /home/airflow/.local/lib/python3.12/site-packages/airflow/example_dags/example_branch_operator_decorator.py for tasks to queue
[2025-12-15T19:05:11.398+0000] {logging_mixin.py:190} INFO - [2025-12-15T19:05:11.398+0000] {dagbag.py:588} INFO - Filling up the DagBag from /home/airflow/.local/lib/python3.12/site-packages/airflow/example_dags/example_branch_operator_decorator.py
[2025-12-15T19:05:11.574+0000] {processor.py:925} INFO - DAG(s) 'example_branch_python_operator_decorator' retrieved from /home/airflow/.local/lib/python3.12/site-packages/airflow/example_dags/example_branch_operator_decorator.py
[2025-12-15T19:05:11.769+0000] {logging_mixin.py:190} INFO - [2025-12-15T19:05:11.768+0000] {dag.py:3239} INFO - Sync 1 DAGs
[2025-12-15T19:05:11.892+0000] {logging_mixin.py:190} INFO - [2025-12-15T19:05:11.891+0000] {dag.py:4180} INFO - Setting next_dagrun for example_branch_python_operator_decorator to 2025-12-14 00:00:00+00:00, run_after=2025-12-15 00:00:00+00:00
[2025-12-15T19:05:12.396+0000] {processor.py:208} INFO - Processing /home/airflow/.local/lib/python3.12/site-packages/airflow/example_dags/example_branch_operator_decorator.py took 1.084 seconds
[2025-12-15T19:05:42.676+0000] {processor.py:186} INFO - Started process (PID=4349) to work on /home/airflow/.local/lib/python3.12/site-packages/airflow/example_dags/example_branch_operator_decorator.py
[2025-12-15T19:05:42.678+0000] {processor.py:914} INFO - Processing file /home/airflow/.local/lib/python3.12/site-packages/airflow/example_dags/example_branch_operator_decorator.py for tasks to queue
[2025-12-15T19:05:42.681+0000] {logging_mixin.py:190} INFO - [2025-12-15T19:05:42.680+0000] {dagbag.py:588} INFO - Filling up the DagBag from /home/airflow/.local/lib/python3.12/site-packages/airflow/example_dags/example_branch_operator_decorator.py
[2025-12-15T19:05:42.706+0000] {processor.py:925} INFO - DAG(s) 'example_branch_python_operator_decorator' retrieved from /home/airflow/.local/lib/python3.12/site-packages/airflow/example_dags/example_branch_operator_decorator.py
[2025-12-15T19:05:42.741+0000] {logging_mixin.py:190} INFO - [2025-12-15T19:05:42.741+0000] {dag.py:3239} INFO - Sync 1 DAGs
[2025-12-15T19:05:42.776+0000] {logging_mixin.py:190} INFO - [2025-12-15T19:05:42.775+0000] {dag.py:4180} INFO - Setting next_dagrun for example_branch_python_operator_decorator to 2025-12-14 00:00:00+00:00, run_after=2025-12-15 00:00:00+00:00
[2025-12-15T19:05:42.798+0000] {processor.py:208} INFO - Processing /home/airflow/.local/lib/python3.12/site-packages/airflow/example_dags/example_branch_operator_decorator.py took 0.129 seconds
[2025-12-15T19:06:13.703+0000] {processor.py:186} INFO - Started process (PID=4638) to work on /home/airflow/.local/lib/python3.12/site-packages/airflow/example_dags/example_branch_operator_decorator.py
[2025-12-15T19:06:13.707+0000] {processor.py:914} INFO - Processing file /home/airflow/.local/lib/python3.12/site-packages/airflow/example_dags/example_branch_operator_decorator.py for tasks to queue
[2025-12-15T19:06:13.715+0000] {logging_mixin.py:190} INFO - [2025-12-15T19:06:13.714+0000] {dagbag.py:588} INFO - Filling up the DagBag from /home/airflow/.local/lib/python3.12/site-packages/airflow/example_dags/example_branch_operator_decorator.py
[2025-12-15T19:06:13.777+0000] {processor.py:925} INFO - DAG(s) 'example_branch_python_operator_decorator' retrieved from /home/airflow/.local/lib/python3.12/site-packages/airflow/example_dags/example_branch_operator_decorator.py
[2025-12-15T19:06:13.840+0000] {logging_mixin.py:190} INFO - [2025-12-15T19:06:13.840+0000] {dag.py:3239} INFO - Sync 1 DAGs
[2025-12-15T19:06:13.905+0000] {logging_mixin.py:190} INFO - [2025-12-15T19:06:13.905+0000] {dag.py:4180} INFO - Setting next_dagrun for example_branch_python_operator_decorator to 2025-12-14 00:00:00+00:00, run_after=2025-12-15 00:00:00+00:00
[2025-12-15T19:06:13.956+0000] {processor.py:208} INFO - Processing /home/airflow/.local/lib/python3.12/site-packages/airflow/example_dags/example_branch_operator_decorator.py took 0.272 seconds
[2025-12-15T19:06:45.853+0000] {processor.py:186} INFO - Started process (PID=4929) to work on /home/airflow/.local/lib/python3.12/site-packages/airflow/example_dags/example_branch_operator_decorator.py
[2025-12-15T19:06:45.862+0000] {processor.py:914} INFO - Processing file /home/airflow/.local/lib/python3.12/site-packages/airflow/example_dags/example_branch_operator_decorator.py for tasks to queue
[2025-12-15T19:06:45.868+0000] {logging_mixin.py:190} INFO - [2025-12-15T19:06:45.867+0000] {dagbag.py:588} INFO - Filling up the DagBag from /home/airflow/.local/lib/python3.12/site-packages/airflow/example_dags/example_branch_operator_decorator.py
[2025-12-15T19:06:45.931+0000] {processor.py:925} INFO - DAG(s) 'example_branch_python_operator_decorator' retrieved from /home/airflow/.local/lib/python3.12/site-packages/airflow/example_dags/example_branch_operator_decorator.py
[2025-12-15T19:06:46.003+0000] {logging_mixin.py:190} INFO - [2025-12-15T19:06:46.002+0000] {dag.py:3239} INFO - Sync 1 DAGs
[2025-12-15T19:06:46.081+0000] {logging_mixin.py:190} INFO - [2025-12-15T19:06:46.080+0000] {dag.py:4180} INFO - Setting next_dagrun for example_branch_python_operator_decorator to 2025-12-14 00:00:00+00:00, run_after=2025-12-15 00:00:00+00:00
[2025-12-15T19:06:46.129+0000] {processor.py:208} INFO - Processing /home/airflow/.local/lib/python3.12/site-packages/airflow/example_dags/example_branch_operator_decorator.py took 0.291 seconds
[2025-12-15T19:07:29.182+0000] {processor.py:186} INFO - Started process (PID=5315) to work on /home/airflow/.local/lib/python3.12/site-packages/airflow/example_dags/example_branch_operator_decorator.py
[2025-12-15T19:07:29.895+0000] {processor.py:914} INFO - Processing file /home/airflow/.local/lib/python3.12/site-packages/airflow/example_dags/example_branch_operator_decorator.py for tasks to queue
[2025-12-15T19:07:29.900+0000] {logging_mixin.py:190} INFO - [2025-12-15T19:07:29.899+0000] {dagbag.py:588} INFO - Filling up the DagBag from /home/airflow/.local/lib/python3.12/site-packages/airflow/example_dags/example_branch_operator_decorator.py
[2025-12-15T19:07:29.935+0000] {processor.py:925} INFO - DAG(s) 'example_branch_python_operator_decorator' retrieved from /home/airflow/.local/lib/python3.12/site-packages/airflow/example_dags/example_branch_operator_decorator.py
[2025-12-15T19:07:29.968+0000] {logging_mixin.py:190} INFO - [2025-12-15T19:07:29.968+0000] {dag.py:3239} INFO - Sync 1 DAGs
[2025-12-15T19:07:30.022+0000] {logging_mixin.py:190} INFO - [2025-12-15T19:07:30.021+0000] {dag.py:4180} INFO - Setting next_dagrun for example_branch_python_operator_decorator to 2025-12-14 00:00:00+00:00, run_after=2025-12-15 00:00:00+00:00
[2025-12-15T19:07:30.104+0000] {processor.py:208} INFO - Processing /home/airflow/.local/lib/python3.12/site-packages/airflow/example_dags/example_branch_operator_decorator.py took 0.943 seconds
[2025-12-15T19:08:00.324+0000] {processor.py:186} INFO - Started process (PID=5606) to work on /home/airflow/.local/lib/python3.12/site-packages/airflow/example_dags/example_branch_operator_decorator.py
[2025-12-15T19:08:00.325+0000] {processor.py:914} INFO - Processing file /home/airflow/.local/lib/python3.12/site-packages/airflow/example_dags/example_branch_operator_decorator.py for tasks to queue
[2025-12-15T19:08:00.328+0000] {logging_mixin.py:190} INFO - [2025-12-15T19:08:00.328+0000] {dagbag.py:588} INFO - Filling up the DagBag from /home/airflow/.local/lib/python3.12/site-packages/airflow/example_dags/example_branch_operator_decorator.py
[2025-12-15T19:08:00.358+0000] {processor.py:925} INFO - DAG(s) 'example_branch_python_operator_decorator' retrieved from /home/airflow/.local/lib/python3.12/site-packages/airflow/example_dags/example_branch_operator_decorator.py
[2025-12-15T19:08:00.392+0000] {logging_mixin.py:190} INFO - [2025-12-15T19:08:00.392+0000] {dag.py:3239} INFO - Sync 1 DAGs
[2025-12-15T19:08:00.424+0000] {logging_mixin.py:190} INFO - [2025-12-15T19:08:00.424+0000] {dag.py:4180} INFO - Setting next_dagrun for example_branch_python_operator_decorator to 2025-12-14 00:00:00+00:00, run_after=2025-12-15 00:00:00+00:00
[2025-12-15T19:08:00.448+0000] {processor.py:208} INFO - Processing /home/airflow/.local/lib/python3.12/site-packages/airflow/example_dags/example_branch_operator_decorator.py took 0.134 seconds
[2025-12-15T19:08:31.190+0000] {processor.py:186} INFO - Started process (PID=5897) to work on /home/airflow/.local/lib/python3.12/site-packages/airflow/example_dags/example_branch_operator_decorator.py
[2025-12-15T19:08:31.199+0000] {processor.py:914} INFO - Processing file /home/airflow/.local/lib/python3.12/site-packages/airflow/example_dags/example_branch_operator_decorator.py for tasks to queue
[2025-12-15T19:08:31.204+0000] {logging_mixin.py:190} INFO - [2025-12-15T19:08:31.203+0000] {dagbag.py:588} INFO - Filling up the DagBag from /home/airflow/.local/lib/python3.12/site-packages/airflow/example_dags/example_branch_operator_decorator.py
[2025-12-15T19:08:31.256+0000] {processor.py:925} INFO - DAG(s) 'example_branch_python_operator_decorator' retrieved from /home/airflow/.local/lib/python3.12/site-packages/airflow/example_dags/example_branch_operator_decorator.py
[2025-12-15T19:08:31.316+0000] {logging_mixin.py:190} INFO - [2025-12-15T19:08:31.315+0000] {dag.py:3239} INFO - Sync 1 DAGs
[2025-12-15T19:08:31.378+0000] {logging_mixin.py:190} INFO - [2025-12-15T19:08:31.377+0000] {dag.py:4180} INFO - Setting next_dagrun for example_branch_python_operator_decorator to 2025-12-14 00:00:00+00:00, run_after=2025-12-15 00:00:00+00:00
[2025-12-15T19:08:31.419+0000] {processor.py:208} INFO - Processing /home/airflow/.local/lib/python3.12/site-packages/airflow/example_dags/example_branch_operator_decorator.py took 0.245 seconds
[2025-12-15T19:09:01.478+0000] {processor.py:186} INFO - Started process (PID=6185) to work on /home/airflow/.local/lib/python3.12/site-packages/airflow/example_dags/example_branch_operator_decorator.py
[2025-12-15T19:09:01.480+0000] {processor.py:914} INFO - Processing file /home/airflow/.local/lib/python3.12/site-packages/airflow/example_dags/example_branch_operator_decorator.py for tasks to queue
[2025-12-15T19:09:01.484+0000] {logging_mixin.py:190} INFO - [2025-12-15T19:09:01.484+0000] {dagbag.py:588} INFO - Filling up the DagBag from /home/airflow/.local/lib/python3.12/site-packages/airflow/example_dags/example_branch_operator_decorator.py
[2025-12-15T19:09:01.520+0000] {processor.py:925} INFO - DAG(s) 'example_branch_python_operator_decorator' retrieved from /home/airflow/.local/lib/python3.12/site-packages/airflow/example_dags/example_branch_operator_decorator.py
[2025-12-15T19:09:01.569+0000] {logging_mixin.py:190} INFO - [2025-12-15T19:09:01.569+0000] {dag.py:3239} INFO - Sync 1 DAGs
[2025-12-15T19:09:01.605+0000] {logging_mixin.py:190} INFO - [2025-12-15T19:09:01.605+0000] {dag.py:4180} INFO - Setting next_dagrun for example_branch_python_operator_decorator to 2025-12-14 00:00:00+00:00, run_after=2025-12-15 00:00:00+00:00
[2025-12-15T19:09:01.650+0000] {processor.py:208} INFO - Processing /home/airflow/.local/lib/python3.12/site-packages/airflow/example_dags/example_branch_operator_decorator.py took 0.182 seconds
[2025-12-15T19:09:34.000+0000] {processor.py:186} INFO - Started process (PID=6474) to work on /home/airflow/.local/lib/python3.12/site-packages/airflow/example_dags/example_branch_operator_decorator.py
[2025-12-15T19:09:34.002+0000] {processor.py:914} INFO - Processing file /home/airflow/.local/lib/python3.12/site-packages/airflow/example_dags/example_branch_operator_decorator.py for tasks to queue
[2025-12-15T19:09:34.010+0000] {logging_mixin.py:190} INFO - [2025-12-15T19:09:34.009+0000] {dagbag.py:588} INFO - Filling up the DagBag from /home/airflow/.local/lib/python3.12/site-packages/airflow/example_dags/example_branch_operator_decorator.py
[2025-12-15T19:09:34.107+0000] {processor.py:925} INFO - DAG(s) 'example_branch_python_operator_decorator' retrieved from /home/airflow/.local/lib/python3.12/site-packages/airflow/example_dags/example_branch_operator_decorator.py
[2025-12-15T19:09:34.310+0000] {logging_mixin.py:190} INFO - [2025-12-15T19:09:34.309+0000] {dag.py:3239} INFO - Sync 1 DAGs
[2025-12-15T19:09:34.543+0000] {logging_mixin.py:190} INFO - [2025-12-15T19:09:34.542+0000] {dag.py:4180} INFO - Setting next_dagrun for example_branch_python_operator_decorator to 2025-12-14 00:00:00+00:00, run_after=2025-12-15 00:00:00+00:00
[2025-12-15T19:09:34.705+0000] {processor.py:208} INFO - Processing /home/airflow/.local/lib/python3.12/site-packages/airflow/example_dags/example_branch_operator_decorator.py took 0.723 seconds
[2025-12-15T19:10:05.538+0000] {processor.py:186} INFO - Started process (PID=6767) to work on /home/airflow/.local/lib/python3.12/site-packages/airflow/example_dags/example_branch_operator_decorator.py
[2025-12-15T19:10:05.540+0000] {processor.py:914} INFO - Processing file /home/airflow/.local/lib/python3.12/site-packages/airflow/example_dags/example_branch_operator_decorator.py for tasks to queue
[2025-12-15T19:10:05.544+0000] {logging_mixin.py:190} INFO - [2025-12-15T19:10:05.543+0000] {dagbag.py:588} INFO - Filling up the DagBag from /home/airflow/.local/lib/python3.12/site-packages/airflow/example_dags/example_branch_operator_decorator.py
[2025-12-15T19:10:05.581+0000] {processor.py:925} INFO - DAG(s) 'example_branch_python_operator_decorator' retrieved from /home/airflow/.local/lib/python3.12/site-packages/airflow/example_dags/example_branch_operator_decorator.py
[2025-12-15T19:10:05.635+0000] {logging_mixin.py:190} INFO - [2025-12-15T19:10:05.635+0000] {dag.py:3239} INFO - Sync 1 DAGs
[2025-12-15T19:10:05.679+0000] {logging_mixin.py:190} INFO - [2025-12-15T19:10:05.679+0000] {dag.py:4180} INFO - Setting next_dagrun for example_branch_python_operator_decorator to 2025-12-14 00:00:00+00:00, run_after=2025-12-15 00:00:00+00:00
[2025-12-15T19:10:05.714+0000] {processor.py:208} INFO - Processing /home/airflow/.local/lib/python3.12/site-packages/airflow/example_dags/example_branch_operator_decorator.py took 0.184 seconds
[2025-12-15T19:10:40.059+0000] {processor.py:186} INFO - Started process (PID=7062) to work on /home/airflow/.local/lib/python3.12/site-packages/airflow/example_dags/example_branch_operator_decorator.py
[2025-12-15T19:10:40.071+0000] {processor.py:914} INFO - Processing file /home/airflow/.local/lib/python3.12/site-packages/airflow/example_dags/example_branch_operator_decorator.py for tasks to queue
[2025-12-15T19:10:40.085+0000] {logging_mixin.py:190} INFO - [2025-12-15T19:10:40.081+0000] {dagbag.py:588} INFO - Filling up the DagBag from /home/airflow/.local/lib/python3.12/site-packages/airflow/example_dags/example_branch_operator_decorator.py
[2025-12-15T19:10:40.165+0000] {processor.py:925} INFO - DAG(s) 'example_branch_python_operator_decorator' retrieved from /home/airflow/.local/lib/python3.12/site-packages/airflow/example_dags/example_branch_operator_decorator.py
[2025-12-15T19:10:40.254+0000] {logging_mixin.py:190} INFO - [2025-12-15T19:10:40.253+0000] {dag.py:3239} INFO - Sync 1 DAGs
[2025-12-15T19:10:40.330+0000] {logging_mixin.py:190} INFO - [2025-12-15T19:10:40.329+0000] {dag.py:4180} INFO - Setting next_dagrun for example_branch_python_operator_decorator to 2025-12-14 00:00:00+00:00, run_after=2025-12-15 00:00:00+00:00
[2025-12-15T19:10:40.452+0000] {processor.py:208} INFO - Processing /home/airflow/.local/lib/python3.12/site-packages/airflow/example_dags/example_branch_operator_decorator.py took 0.454 seconds
[2025-12-15T19:11:11.076+0000] {processor.py:186} INFO - Started process (PID=7348) to work on /home/airflow/.local/lib/python3.12/site-packages/airflow/example_dags/example_branch_operator_decorator.py
[2025-12-15T19:11:11.079+0000] {processor.py:914} INFO - Processing file /home/airflow/.local/lib/python3.12/site-packages/airflow/example_dags/example_branch_operator_decorator.py for tasks to queue
[2025-12-15T19:11:11.095+0000] {logging_mixin.py:190} INFO - [2025-12-15T19:11:11.094+0000] {dagbag.py:588} INFO - Filling up the DagBag from /home/airflow/.local/lib/python3.12/site-packages/airflow/example_dags/example_branch_operator_decorator.py
[2025-12-15T19:11:11.325+0000] {processor.py:925} INFO - DAG(s) 'example_branch_python_operator_decorator' retrieved from /home/airflow/.local/lib/python3.12/site-packages/airflow/example_dags/example_branch_operator_decorator.py
[2025-12-15T19:11:11.596+0000] {logging_mixin.py:190} INFO - [2025-12-15T19:11:11.595+0000] {dag.py:3239} INFO - Sync 1 DAGs
[2025-12-15T19:11:11.723+0000] {logging_mixin.py:190} INFO - [2025-12-15T19:11:11.723+0000] {dag.py:4180} INFO - Setting next_dagrun for example_branch_python_operator_decorator to 2025-12-14 00:00:00+00:00, run_after=2025-12-15 00:00:00+00:00
[2025-12-15T19:11:11.822+0000] {processor.py:208} INFO - Processing /home/airflow/.local/lib/python3.12/site-packages/airflow/example_dags/example_branch_operator_decorator.py took 0.804 seconds
[2025-12-15T19:11:42.852+0000] {processor.py:186} INFO - Started process (PID=7636) to work on /home/airflow/.local/lib/python3.12/site-packages/airflow/example_dags/example_branch_operator_decorator.py
[2025-12-15T19:11:42.854+0000] {processor.py:914} INFO - Processing file /home/airflow/.local/lib/python3.12/site-packages/airflow/example_dags/example_branch_operator_decorator.py for tasks to queue
[2025-12-15T19:11:42.867+0000] {logging_mixin.py:190} INFO - [2025-12-15T19:11:42.866+0000] {dagbag.py:588} INFO - Filling up the DagBag from /home/airflow/.local/lib/python3.12/site-packages/airflow/example_dags/example_branch_operator_decorator.py
[2025-12-15T19:11:43.000+0000] {processor.py:925} INFO - DAG(s) 'example_branch_python_operator_decorator' retrieved from /home/airflow/.local/lib/python3.12/site-packages/airflow/example_dags/example_branch_operator_decorator.py
[2025-12-15T19:11:43.158+0000] {logging_mixin.py:190} INFO - [2025-12-15T19:11:43.157+0000] {dag.py:3239} INFO - Sync 1 DAGs
[2025-12-15T19:11:43.289+0000] {logging_mixin.py:190} INFO - [2025-12-15T19:11:43.288+0000] {dag.py:4180} INFO - Setting next_dagrun for example_branch_python_operator_decorator to 2025-12-14 00:00:00+00:00, run_after=2025-12-15 00:00:00+00:00
[2025-12-15T19:11:43.384+0000] {processor.py:208} INFO - Processing /home/airflow/.local/lib/python3.12/site-packages/airflow/example_dags/example_branch_operator_decorator.py took 0.569 seconds
[2025-12-15T19:12:13.583+0000] {processor.py:186} INFO - Started process (PID=7927) to work on /home/airflow/.local/lib/python3.12/site-packages/airflow/example_dags/example_branch_operator_decorator.py
[2025-12-15T19:12:13.585+0000] {processor.py:914} INFO - Processing file /home/airflow/.local/lib/python3.12/site-packages/airflow/example_dags/example_branch_operator_decorator.py for tasks to queue
[2025-12-15T19:12:13.586+0000] {logging_mixin.py:190} INFO - [2025-12-15T19:12:13.586+0000] {dagbag.py:588} INFO - Filling up the DagBag from /home/airflow/.local/lib/python3.12/site-packages/airflow/example_dags/example_branch_operator_decorator.py
[2025-12-15T19:12:13.612+0000] {processor.py:925} INFO - DAG(s) 'example_branch_python_operator_decorator' retrieved from /home/airflow/.local/lib/python3.12/site-packages/airflow/example_dags/example_branch_operator_decorator.py
[2025-12-15T19:12:13.643+0000] {logging_mixin.py:190} INFO - [2025-12-15T19:12:13.643+0000] {dag.py:3239} INFO - Sync 1 DAGs
[2025-12-15T19:12:13.671+0000] {logging_mixin.py:190} INFO - [2025-12-15T19:12:13.671+0000] {dag.py:4180} INFO - Setting next_dagrun for example_branch_python_operator_decorator to 2025-12-14 00:00:00+00:00, run_after=2025-12-15 00:00:00+00:00
[2025-12-15T19:12:13.711+0000] {processor.py:208} INFO - Processing /home/airflow/.local/lib/python3.12/site-packages/airflow/example_dags/example_branch_operator_decorator.py took 0.135 seconds
[2025-12-15T19:12:44.039+0000] {processor.py:186} INFO - Started process (PID=8218) to work on /home/airflow/.local/lib/python3.12/site-packages/airflow/example_dags/example_branch_operator_decorator.py
[2025-12-15T19:12:44.040+0000] {processor.py:914} INFO - Processing file /home/airflow/.local/lib/python3.12/site-packages/airflow/example_dags/example_branch_operator_decorator.py for tasks to queue
[2025-12-15T19:12:44.042+0000] {logging_mixin.py:190} INFO - [2025-12-15T19:12:44.041+0000] {dagbag.py:588} INFO - Filling up the DagBag from /home/airflow/.local/lib/python3.12/site-packages/airflow/example_dags/example_branch_operator_decorator.py
[2025-12-15T19:12:44.066+0000] {processor.py:925} INFO - DAG(s) 'example_branch_python_operator_decorator' retrieved from /home/airflow/.local/lib/python3.12/site-packages/airflow/example_dags/example_branch_operator_decorator.py
[2025-12-15T19:12:44.099+0000] {logging_mixin.py:190} INFO - [2025-12-15T19:12:44.099+0000] {dag.py:3239} INFO - Sync 1 DAGs
[2025-12-15T19:12:44.128+0000] {logging_mixin.py:190} INFO - [2025-12-15T19:12:44.128+0000] {dag.py:4180} INFO - Setting next_dagrun for example_branch_python_operator_decorator to 2025-12-14 00:00:00+00:00, run_after=2025-12-15 00:00:00+00:00
[2025-12-15T19:12:44.151+0000] {processor.py:208} INFO - Processing /home/airflow/.local/lib/python3.12/site-packages/airflow/example_dags/example_branch_operator_decorator.py took 0.118 seconds
[2025-12-15T19:13:14.561+0000] {processor.py:186} INFO - Started process (PID=8509) to work on /home/airflow/.local/lib/python3.12/site-packages/airflow/example_dags/example_branch_operator_decorator.py
[2025-12-15T19:13:14.585+0000] {processor.py:914} INFO - Processing file /home/airflow/.local/lib/python3.12/site-packages/airflow/example_dags/example_branch_operator_decorator.py for tasks to queue
[2025-12-15T19:13:14.587+0000] {logging_mixin.py:190} INFO - [2025-12-15T19:13:14.586+0000] {dagbag.py:588} INFO - Filling up the DagBag from /home/airflow/.local/lib/python3.12/site-packages/airflow/example_dags/example_branch_operator_decorator.py
[2025-12-15T19:13:14.683+0000] {processor.py:925} INFO - DAG(s) 'example_branch_python_operator_decorator' retrieved from /home/airflow/.local/lib/python3.12/site-packages/airflow/example_dags/example_branch_operator_decorator.py
[2025-12-15T19:13:14.791+0000] {logging_mixin.py:190} INFO - [2025-12-15T19:13:14.791+0000] {dag.py:3239} INFO - Sync 1 DAGs
[2025-12-15T19:13:14.916+0000] {logging_mixin.py:190} INFO - [2025-12-15T19:13:14.916+0000] {dag.py:4180} INFO - Setting next_dagrun for example_branch_python_operator_decorator to 2025-12-14 00:00:00+00:00, run_after=2025-12-15 00:00:00+00:00
[2025-12-15T19:13:14.989+0000] {processor.py:208} INFO - Processing /home/airflow/.local/lib/python3.12/site-packages/airflow/example_dags/example_branch_operator_decorator.py took 0.435 seconds
[2025-12-15T19:13:45.792+0000] {processor.py:186} INFO - Started process (PID=8798) to work on /home/airflow/.local/lib/python3.12/site-packages/airflow/example_dags/example_branch_operator_decorator.py
[2025-12-15T19:13:45.794+0000] {processor.py:914} INFO - Processing file /home/airflow/.local/lib/python3.12/site-packages/airflow/example_dags/example_branch_operator_decorator.py for tasks to queue
[2025-12-15T19:13:45.797+0000] {logging_mixin.py:190} INFO - [2025-12-15T19:13:45.796+0000] {dagbag.py:588} INFO - Filling up the DagBag from /home/airflow/.local/lib/python3.12/site-packages/airflow/example_dags/example_branch_operator_decorator.py
[2025-12-15T19:13:45.876+0000] {processor.py:925} INFO - DAG(s) 'example_branch_python_operator_decorator' retrieved from /home/airflow/.local/lib/python3.12/site-packages/airflow/example_dags/example_branch_operator_decorator.py
[2025-12-15T19:13:45.933+0000] {logging_mixin.py:190} INFO - [2025-12-15T19:13:45.932+0000] {dag.py:3239} INFO - Sync 1 DAGs
[2025-12-15T19:13:45.997+0000] {logging_mixin.py:190} INFO - [2025-12-15T19:13:45.997+0000] {dag.py:4180} INFO - Setting next_dagrun for example_branch_python_operator_decorator to 2025-12-14 00:00:00+00:00, run_after=2025-12-15 00:00:00+00:00
[2025-12-15T19:13:46.114+0000] {processor.py:208} INFO - Processing /home/airflow/.local/lib/python3.12/site-packages/airflow/example_dags/example_branch_operator_decorator.py took 0.339 seconds
[2025-12-15T19:14:17.858+0000] {processor.py:186} INFO - Started process (PID=9089) to work on /home/airflow/.local/lib/python3.12/site-packages/airflow/example_dags/example_branch_operator_decorator.py
[2025-12-15T19:14:17.860+0000] {processor.py:914} INFO - Processing file /home/airflow/.local/lib/python3.12/site-packages/airflow/example_dags/example_branch_operator_decorator.py for tasks to queue
[2025-12-15T19:14:17.864+0000] {logging_mixin.py:190} INFO - [2025-12-15T19:14:17.863+0000] {dagbag.py:588} INFO - Filling up the DagBag from /home/airflow/.local/lib/python3.12/site-packages/airflow/example_dags/example_branch_operator_decorator.py
[2025-12-15T19:14:17.928+0000] {processor.py:925} INFO - DAG(s) 'example_branch_python_operator_decorator' retrieved from /home/airflow/.local/lib/python3.12/site-packages/airflow/example_dags/example_branch_operator_decorator.py
[2025-12-15T19:14:18.057+0000] {logging_mixin.py:190} INFO - [2025-12-15T19:14:18.056+0000] {dag.py:3239} INFO - Sync 1 DAGs
[2025-12-15T19:14:18.189+0000] {logging_mixin.py:190} INFO - [2025-12-15T19:14:18.188+0000] {dag.py:4180} INFO - Setting next_dagrun for example_branch_python_operator_decorator to 2025-12-14 00:00:00+00:00, run_after=2025-12-15 00:00:00+00:00
[2025-12-15T19:14:18.257+0000] {processor.py:208} INFO - Processing /home/airflow/.local/lib/python3.12/site-packages/airflow/example_dags/example_branch_operator_decorator.py took 0.416 seconds
[2025-12-15T19:14:49.009+0000] {processor.py:186} INFO - Started process (PID=9380) to work on /home/airflow/.local/lib/python3.12/site-packages/airflow/example_dags/example_branch_operator_decorator.py
[2025-12-15T19:14:49.011+0000] {processor.py:914} INFO - Processing file /home/airflow/.local/lib/python3.12/site-packages/airflow/example_dags/example_branch_operator_decorator.py for tasks to queue
[2025-12-15T19:14:49.015+0000] {logging_mixin.py:190} INFO - [2025-12-15T19:14:49.014+0000] {dagbag.py:588} INFO - Filling up the DagBag from /home/airflow/.local/lib/python3.12/site-packages/airflow/example_dags/example_branch_operator_decorator.py
[2025-12-15T19:14:49.086+0000] {processor.py:925} INFO - DAG(s) 'example_branch_python_operator_decorator' retrieved from /home/airflow/.local/lib/python3.12/site-packages/airflow/example_dags/example_branch_operator_decorator.py
[2025-12-15T19:14:49.157+0000] {logging_mixin.py:190} INFO - [2025-12-15T19:14:49.157+0000] {dag.py:3239} INFO - Sync 1 DAGs
[2025-12-15T19:14:49.218+0000] {logging_mixin.py:190} INFO - [2025-12-15T19:14:49.217+0000] {dag.py:4180} INFO - Setting next_dagrun for example_branch_python_operator_decorator to 2025-12-14 00:00:00+00:00, run_after=2025-12-15 00:00:00+00:00
[2025-12-15T19:14:49.300+0000] {processor.py:208} INFO - Processing /home/airflow/.local/lib/python3.12/site-packages/airflow/example_dags/example_branch_operator_decorator.py took 0.305 seconds
[2025-12-15T19:15:19.391+0000] {processor.py:186} INFO - Started process (PID=9668) to work on /home/airflow/.local/lib/python3.12/site-packages/airflow/example_dags/example_branch_operator_decorator.py
[2025-12-15T19:15:19.394+0000] {processor.py:914} INFO - Processing file /home/airflow/.local/lib/python3.12/site-packages/airflow/example_dags/example_branch_operator_decorator.py for tasks to queue
[2025-12-15T19:15:19.401+0000] {logging_mixin.py:190} INFO - [2025-12-15T19:15:19.398+0000] {dagbag.py:588} INFO - Filling up the DagBag from /home/airflow/.local/lib/python3.12/site-packages/airflow/example_dags/example_branch_operator_decorator.py
[2025-12-15T19:15:19.433+0000] {processor.py:925} INFO - DAG(s) 'example_branch_python_operator_decorator' retrieved from /home/airflow/.local/lib/python3.12/site-packages/airflow/example_dags/example_branch_operator_decorator.py
[2025-12-15T19:15:19.470+0000] {logging_mixin.py:190} INFO - [2025-12-15T19:15:19.470+0000] {dag.py:3239} INFO - Sync 1 DAGs
[2025-12-15T19:15:19.507+0000] {logging_mixin.py:190} INFO - [2025-12-15T19:15:19.506+0000] {dag.py:4180} INFO - Setting next_dagrun for example_branch_python_operator_decorator to 2025-12-14 00:00:00+00:00, run_after=2025-12-15 00:00:00+00:00
[2025-12-15T19:15:19.535+0000] {processor.py:208} INFO - Processing /home/airflow/.local/lib/python3.12/site-packages/airflow/example_dags/example_branch_operator_decorator.py took 0.164 seconds
[2025-12-15T19:15:49.886+0000] {processor.py:186} INFO - Started process (PID=9959) to work on /home/airflow/.local/lib/python3.12/site-packages/airflow/example_dags/example_branch_operator_decorator.py
[2025-12-15T19:15:49.891+0000] {processor.py:914} INFO - Processing file /home/airflow/.local/lib/python3.12/site-packages/airflow/example_dags/example_branch_operator_decorator.py for tasks to queue
[2025-12-15T19:15:49.893+0000] {logging_mixin.py:190} INFO - [2025-12-15T19:15:49.892+0000] {dagbag.py:588} INFO - Filling up the DagBag from /home/airflow/.local/lib/python3.12/site-packages/airflow/example_dags/example_branch_operator_decorator.py
[2025-12-15T19:15:49.940+0000] {processor.py:925} INFO - DAG(s) 'example_branch_python_operator_decorator' retrieved from /home/airflow/.local/lib/python3.12/site-packages/airflow/example_dags/example_branch_operator_decorator.py
[2025-12-15T19:15:50.009+0000] {logging_mixin.py:190} INFO - [2025-12-15T19:15:50.008+0000] {dag.py:3239} INFO - Sync 1 DAGs
[2025-12-15T19:15:50.054+0000] {logging_mixin.py:190} INFO - [2025-12-15T19:15:50.054+0000] {dag.py:4180} INFO - Setting next_dagrun for example_branch_python_operator_decorator to 2025-12-14 00:00:00+00:00, run_after=2025-12-15 00:00:00+00:00
[2025-12-15T19:15:50.094+0000] {processor.py:208} INFO - Processing /home/airflow/.local/lib/python3.12/site-packages/airflow/example_dags/example_branch_operator_decorator.py took 0.219 seconds
[2025-12-15T19:16:20.897+0000] {processor.py:186} INFO - Started process (PID=10250) to work on /home/airflow/.local/lib/python3.12/site-packages/airflow/example_dags/example_branch_operator_decorator.py
[2025-12-15T19:16:20.901+0000] {processor.py:914} INFO - Processing file /home/airflow/.local/lib/python3.12/site-packages/airflow/example_dags/example_branch_operator_decorator.py for tasks to queue
[2025-12-15T19:16:20.915+0000] {logging_mixin.py:190} INFO - [2025-12-15T19:16:20.913+0000] {dagbag.py:588} INFO - Filling up the DagBag from /home/airflow/.local/lib/python3.12/site-packages/airflow/example_dags/example_branch_operator_decorator.py
[2025-12-15T19:16:21.073+0000] {processor.py:925} INFO - DAG(s) 'example_branch_python_operator_decorator' retrieved from /home/airflow/.local/lib/python3.12/site-packages/airflow/example_dags/example_branch_operator_decorator.py
[2025-12-15T19:16:21.201+0000] {logging_mixin.py:190} INFO - [2025-12-15T19:16:21.200+0000] {dag.py:3239} INFO - Sync 1 DAGs
[2025-12-15T19:16:21.267+0000] {logging_mixin.py:190} INFO - [2025-12-15T19:16:21.266+0000] {dag.py:4180} INFO - Setting next_dagrun for example_branch_python_operator_decorator to 2025-12-14 00:00:00+00:00, run_after=2025-12-15 00:00:00+00:00
[2025-12-15T19:16:21.318+0000] {processor.py:208} INFO - Processing /home/airflow/.local/lib/python3.12/site-packages/airflow/example_dags/example_branch_operator_decorator.py took 0.457 seconds
[2025-12-15T19:16:54.036+0000] {processor.py:186} INFO - Started process (PID=10539) to work on /home/airflow/.local/lib/python3.12/site-packages/airflow/example_dags/example_branch_operator_decorator.py
[2025-12-15T19:16:54.039+0000] {processor.py:914} INFO - Processing file /home/airflow/.local/lib/python3.12/site-packages/airflow/example_dags/example_branch_operator_decorator.py for tasks to queue
[2025-12-15T19:16:54.051+0000] {logging_mixin.py:190} INFO - [2025-12-15T19:16:54.041+0000] {dagbag.py:588} INFO - Filling up the DagBag from /home/airflow/.local/lib/python3.12/site-packages/airflow/example_dags/example_branch_operator_decorator.py
[2025-12-15T19:16:54.223+0000] {processor.py:925} INFO - DAG(s) 'example_branch_python_operator_decorator' retrieved from /home/airflow/.local/lib/python3.12/site-packages/airflow/example_dags/example_branch_operator_decorator.py
[2025-12-15T19:16:54.414+0000] {logging_mixin.py:190} INFO - [2025-12-15T19:16:54.405+0000] {dag.py:3239} INFO - Sync 1 DAGs
[2025-12-15T19:16:54.628+0000] {logging_mixin.py:190} INFO - [2025-12-15T19:16:54.627+0000] {dag.py:4180} INFO - Setting next_dagrun for example_branch_python_operator_decorator to 2025-12-14 00:00:00+00:00, run_after=2025-12-15 00:00:00+00:00
[2025-12-15T19:16:54.767+0000] {processor.py:208} INFO - Processing /home/airflow/.local/lib/python3.12/site-packages/airflow/example_dags/example_branch_operator_decorator.py took 0.776 seconds
[2025-12-15T19:17:32.121+0000] {processor.py:186} INFO - Started process (PID=10818) to work on /home/airflow/.local/lib/python3.12/site-packages/airflow/example_dags/example_branch_operator_decorator.py
[2025-12-15T19:17:32.135+0000] {processor.py:914} INFO - Processing file /home/airflow/.local/lib/python3.12/site-packages/airflow/example_dags/example_branch_operator_decorator.py for tasks to queue
[2025-12-15T19:17:32.138+0000] {logging_mixin.py:190} INFO - [2025-12-15T19:17:32.137+0000] {dagbag.py:588} INFO - Filling up the DagBag from /home/airflow/.local/lib/python3.12/site-packages/airflow/example_dags/example_branch_operator_decorator.py
[2025-12-15T19:17:32.285+0000] {processor.py:925} INFO - DAG(s) 'example_branch_python_operator_decorator' retrieved from /home/airflow/.local/lib/python3.12/site-packages/airflow/example_dags/example_branch_operator_decorator.py
[2025-12-15T19:17:32.392+0000] {logging_mixin.py:190} INFO - [2025-12-15T19:17:32.391+0000] {dag.py:3239} INFO - Sync 1 DAGs
[2025-12-15T19:17:32.473+0000] {logging_mixin.py:190} INFO - [2025-12-15T19:17:32.472+0000] {dag.py:4180} INFO - Setting next_dagrun for example_branch_python_operator_decorator to 2025-12-14 00:00:00+00:00, run_after=2025-12-15 00:00:00+00:00
[2025-12-15T19:17:32.530+0000] {processor.py:208} INFO - Processing /home/airflow/.local/lib/python3.12/site-packages/airflow/example_dags/example_branch_operator_decorator.py took 0.461 seconds
[2025-12-15T19:18:03.399+0000] {processor.py:186} INFO - Started process (PID=11110) to work on /home/airflow/.local/lib/python3.12/site-packages/airflow/example_dags/example_branch_operator_decorator.py
[2025-12-15T19:18:03.402+0000] {processor.py:914} INFO - Processing file /home/airflow/.local/lib/python3.12/site-packages/airflow/example_dags/example_branch_operator_decorator.py for tasks to queue
[2025-12-15T19:18:03.406+0000] {logging_mixin.py:190} INFO - [2025-12-15T19:18:03.404+0000] {dagbag.py:588} INFO - Filling up the DagBag from /home/airflow/.local/lib/python3.12/site-packages/airflow/example_dags/example_branch_operator_decorator.py
[2025-12-15T19:18:03.506+0000] {processor.py:925} INFO - DAG(s) 'example_branch_python_operator_decorator' retrieved from /home/airflow/.local/lib/python3.12/site-packages/airflow/example_dags/example_branch_operator_decorator.py
[2025-12-15T19:18:03.601+0000] {logging_mixin.py:190} INFO - [2025-12-15T19:18:03.600+0000] {dag.py:3239} INFO - Sync 1 DAGs
[2025-12-15T19:18:03.682+0000] {logging_mixin.py:190} INFO - [2025-12-15T19:18:03.681+0000] {dag.py:4180} INFO - Setting next_dagrun for example_branch_python_operator_decorator to 2025-12-14 00:00:00+00:00, run_after=2025-12-15 00:00:00+00:00
[2025-12-15T19:18:03.737+0000] {processor.py:208} INFO - Processing /home/airflow/.local/lib/python3.12/site-packages/airflow/example_dags/example_branch_operator_decorator.py took 0.358 seconds
[2025-12-15T19:18:34.254+0000] {processor.py:186} INFO - Started process (PID=11406) to work on /home/airflow/.local/lib/python3.12/site-packages/airflow/example_dags/example_branch_operator_decorator.py
[2025-12-15T19:18:34.256+0000] {processor.py:914} INFO - Processing file /home/airflow/.local/lib/python3.12/site-packages/airflow/example_dags/example_branch_operator_decorator.py for tasks to queue
[2025-12-15T19:18:34.259+0000] {logging_mixin.py:190} INFO - [2025-12-15T19:18:34.258+0000] {dagbag.py:588} INFO - Filling up the DagBag from /home/airflow/.local/lib/python3.12/site-packages/airflow/example_dags/example_branch_operator_decorator.py
[2025-12-15T19:18:34.313+0000] {processor.py:925} INFO - DAG(s) 'example_branch_python_operator_decorator' retrieved from /home/airflow/.local/lib/python3.12/site-packages/airflow/example_dags/example_branch_operator_decorator.py
[2025-12-15T19:18:34.370+0000] {logging_mixin.py:190} INFO - [2025-12-15T19:18:34.369+0000] {dag.py:3239} INFO - Sync 1 DAGs
[2025-12-15T19:18:34.420+0000] {logging_mixin.py:190} INFO - [2025-12-15T19:18:34.419+0000] {dag.py:4180} INFO - Setting next_dagrun for example_branch_python_operator_decorator to 2025-12-14 00:00:00+00:00, run_after=2025-12-15 00:00:00+00:00
[2025-12-15T19:18:34.461+0000] {processor.py:208} INFO - Processing /home/airflow/.local/lib/python3.12/site-packages/airflow/example_dags/example_branch_operator_decorator.py took 0.220 seconds
[2025-12-15T19:19:08.257+0000] {processor.py:186} INFO - Started process (PID=11698) to work on /home/airflow/.local/lib/python3.12/site-packages/airflow/example_dags/example_branch_operator_decorator.py
[2025-12-15T19:19:08.282+0000] {processor.py:914} INFO - Processing file /home/airflow/.local/lib/python3.12/site-packages/airflow/example_dags/example_branch_operator_decorator.py for tasks to queue
[2025-12-15T19:19:08.284+0000] {logging_mixin.py:190} INFO - [2025-12-15T19:19:08.283+0000] {dagbag.py:588} INFO - Filling up the DagBag from /home/airflow/.local/lib/python3.12/site-packages/airflow/example_dags/example_branch_operator_decorator.py
[2025-12-15T19:19:08.351+0000] {processor.py:925} INFO - DAG(s) 'example_branch_python_operator_decorator' retrieved from /home/airflow/.local/lib/python3.12/site-packages/airflow/example_dags/example_branch_operator_decorator.py
[2025-12-15T19:19:08.452+0000] {logging_mixin.py:190} INFO - [2025-12-15T19:19:08.450+0000] {dag.py:3239} INFO - Sync 1 DAGs
[2025-12-15T19:19:08.572+0000] {logging_mixin.py:190} INFO - [2025-12-15T19:19:08.571+0000] {dag.py:4180} INFO - Setting next_dagrun for example_branch_python_operator_decorator to 2025-12-14 00:00:00+00:00, run_after=2025-12-15 00:00:00+00:00
[2025-12-15T19:19:08.652+0000] {processor.py:208} INFO - Processing /home/airflow/.local/lib/python3.12/site-packages/airflow/example_dags/example_branch_operator_decorator.py took 0.406 seconds
