[2025-12-15T18:56:37.131+0000] {processor.py:186} INFO - Started process (PID=489) to work on /home/airflow/.local/lib/python3.12/site-packages/airflow/example_dags/example_branch_python_dop_operator_3.py
[2025-12-15T18:56:37.144+0000] {processor.py:914} INFO - Processing file /home/airflow/.local/lib/python3.12/site-packages/airflow/example_dags/example_branch_python_dop_operator_3.py for tasks to queue
[2025-12-15T18:56:37.161+0000] {logging_mixin.py:190} INFO - [2025-12-15T18:56:37.160+0000] {dagbag.py:588} INFO - Filling up the DagBag from /home/airflow/.local/lib/python3.12/site-packages/airflow/example_dags/example_branch_python_dop_operator_3.py
[2025-12-15T18:56:37.238+0000] {processor.py:925} INFO - DAG(s) 'example_branch_dop_operator_v3' retrieved from /home/airflow/.local/lib/python3.12/site-packages/airflow/example_dags/example_branch_python_dop_operator_3.py
[2025-12-15T18:56:37.942+0000] {logging_mixin.py:190} INFO - [2025-12-15T18:56:37.939+0000] {override.py:1911} INFO - Created Permission View: can read on DAG:example_branch_dop_operator_v3
[2025-12-15T18:56:38.033+0000] {logging_mixin.py:190} INFO - [2025-12-15T18:56:38.032+0000] {override.py:1911} INFO - Created Permission View: can edit on DAG:example_branch_dop_operator_v3
[2025-12-15T18:56:38.082+0000] {logging_mixin.py:190} INFO - [2025-12-15T18:56:38.081+0000] {override.py:1911} INFO - Created Permission View: can delete on DAG:example_branch_dop_operator_v3
[2025-12-15T18:56:38.127+0000] {logging_mixin.py:190} INFO - [2025-12-15T18:56:38.126+0000] {override.py:1911} INFO - Created Permission View: can read on DAG Run:example_branch_dop_operator_v3
[2025-12-15T18:56:38.185+0000] {logging_mixin.py:190} INFO - [2025-12-15T18:56:38.184+0000] {override.py:1911} INFO - Created Permission View: menu access on DAG Run:example_branch_dop_operator_v3
[2025-12-15T18:56:38.226+0000] {logging_mixin.py:190} INFO - [2025-12-15T18:56:38.225+0000] {override.py:1911} INFO - Created Permission View: can create on DAG Run:example_branch_dop_operator_v3
[2025-12-15T18:56:38.265+0000] {logging_mixin.py:190} INFO - [2025-12-15T18:56:38.264+0000] {override.py:1911} INFO - Created Permission View: can delete on DAG Run:example_branch_dop_operator_v3
[2025-12-15T18:56:38.266+0000] {logging_mixin.py:190} INFO - [2025-12-15T18:56:38.266+0000] {dag.py:3239} INFO - Sync 1 DAGs
[2025-12-15T18:56:38.357+0000] {logging_mixin.py:190} INFO - [2025-12-15T18:56:38.356+0000] {dag.py:3262} INFO - Creating ORM DAG for example_branch_dop_operator_v3
[2025-12-15T18:56:38.438+0000] {logging_mixin.py:190} INFO - [2025-12-15T18:56:38.437+0000] {dag.py:4180} INFO - Setting next_dagrun for example_branch_dop_operator_v3 to 2025-12-15 18:55:00+00:00, run_after=2025-12-15 18:56:00+00:00
[2025-12-15T18:56:38.555+0000] {processor.py:208} INFO - Processing /home/airflow/.local/lib/python3.12/site-packages/airflow/example_dags/example_branch_python_dop_operator_3.py took 1.461 seconds
[2025-12-15T18:57:08.745+0000] {processor.py:186} INFO - Started process (PID=787) to work on /home/airflow/.local/lib/python3.12/site-packages/airflow/example_dags/example_branch_python_dop_operator_3.py
[2025-12-15T18:57:08.747+0000] {processor.py:914} INFO - Processing file /home/airflow/.local/lib/python3.12/site-packages/airflow/example_dags/example_branch_python_dop_operator_3.py for tasks to queue
[2025-12-15T18:57:08.751+0000] {logging_mixin.py:190} INFO - [2025-12-15T18:57:08.751+0000] {dagbag.py:588} INFO - Filling up the DagBag from /home/airflow/.local/lib/python3.12/site-packages/airflow/example_dags/example_branch_python_dop_operator_3.py
[2025-12-15T18:57:08.773+0000] {processor.py:925} INFO - DAG(s) 'example_branch_dop_operator_v3' retrieved from /home/airflow/.local/lib/python3.12/site-packages/airflow/example_dags/example_branch_python_dop_operator_3.py
[2025-12-15T18:57:08.819+0000] {logging_mixin.py:190} INFO - [2025-12-15T18:57:08.818+0000] {dag.py:3239} INFO - Sync 1 DAGs
[2025-12-15T18:57:08.875+0000] {logging_mixin.py:190} INFO - [2025-12-15T18:57:08.874+0000] {dag.py:4180} INFO - Setting next_dagrun for example_branch_dop_operator_v3 to 2025-12-15 18:56:00+00:00, run_after=2025-12-15 18:57:00+00:00
[2025-12-15T18:57:08.925+0000] {processor.py:208} INFO - Processing /home/airflow/.local/lib/python3.12/site-packages/airflow/example_dags/example_branch_python_dop_operator_3.py took 0.195 seconds
[2025-12-15T18:57:47.937+0000] {processor.py:186} INFO - Started process (PID=1079) to work on /home/airflow/.local/lib/python3.12/site-packages/airflow/example_dags/example_branch_python_dop_operator_3.py
[2025-12-15T18:57:47.940+0000] {processor.py:914} INFO - Processing file /home/airflow/.local/lib/python3.12/site-packages/airflow/example_dags/example_branch_python_dop_operator_3.py for tasks to queue
[2025-12-15T18:57:47.982+0000] {logging_mixin.py:190} INFO - [2025-12-15T18:57:47.980+0000] {dagbag.py:588} INFO - Filling up the DagBag from /home/airflow/.local/lib/python3.12/site-packages/airflow/example_dags/example_branch_python_dop_operator_3.py
[2025-12-15T18:57:48.024+0000] {processor.py:925} INFO - DAG(s) 'example_branch_dop_operator_v3' retrieved from /home/airflow/.local/lib/python3.12/site-packages/airflow/example_dags/example_branch_python_dop_operator_3.py
[2025-12-15T18:57:48.099+0000] {logging_mixin.py:190} INFO - [2025-12-15T18:57:48.098+0000] {dag.py:3239} INFO - Sync 1 DAGs
[2025-12-15T18:57:48.170+0000] {logging_mixin.py:190} INFO - [2025-12-15T18:57:48.169+0000] {dag.py:4180} INFO - Setting next_dagrun for example_branch_dop_operator_v3 to 2025-12-15 18:56:00+00:00, run_after=2025-12-15 18:57:00+00:00
[2025-12-15T18:57:48.217+0000] {processor.py:208} INFO - Processing /home/airflow/.local/lib/python3.12/site-packages/airflow/example_dags/example_branch_python_dop_operator_3.py took 0.297 seconds
[2025-12-15T18:58:23.360+0000] {processor.py:186} INFO - Started process (PID=1376) to work on /home/airflow/.local/lib/python3.12/site-packages/airflow/example_dags/example_branch_python_dop_operator_3.py
[2025-12-15T18:58:23.363+0000] {processor.py:914} INFO - Processing file /home/airflow/.local/lib/python3.12/site-packages/airflow/example_dags/example_branch_python_dop_operator_3.py for tasks to queue
[2025-12-15T18:58:23.375+0000] {logging_mixin.py:190} INFO - [2025-12-15T18:58:23.374+0000] {dagbag.py:588} INFO - Filling up the DagBag from /home/airflow/.local/lib/python3.12/site-packages/airflow/example_dags/example_branch_python_dop_operator_3.py
[2025-12-15T18:58:23.404+0000] {processor.py:925} INFO - DAG(s) 'example_branch_dop_operator_v3' retrieved from /home/airflow/.local/lib/python3.12/site-packages/airflow/example_dags/example_branch_python_dop_operator_3.py
[2025-12-15T18:58:23.452+0000] {logging_mixin.py:190} INFO - [2025-12-15T18:58:23.452+0000] {dag.py:3239} INFO - Sync 1 DAGs
[2025-12-15T18:58:23.515+0000] {logging_mixin.py:190} INFO - [2025-12-15T18:58:23.514+0000] {dag.py:4180} INFO - Setting next_dagrun for example_branch_dop_operator_v3 to 2025-12-15 18:57:00+00:00, run_after=2025-12-15 18:58:00+00:00
[2025-12-15T18:58:23.574+0000] {processor.py:208} INFO - Processing /home/airflow/.local/lib/python3.12/site-packages/airflow/example_dags/example_branch_python_dop_operator_3.py took 0.234 seconds
[2025-12-15T18:58:54.561+0000] {processor.py:186} INFO - Started process (PID=1672) to work on /home/airflow/.local/lib/python3.12/site-packages/airflow/example_dags/example_branch_python_dop_operator_3.py
[2025-12-15T18:58:54.563+0000] {processor.py:914} INFO - Processing file /home/airflow/.local/lib/python3.12/site-packages/airflow/example_dags/example_branch_python_dop_operator_3.py for tasks to queue
[2025-12-15T18:58:54.568+0000] {logging_mixin.py:190} INFO - [2025-12-15T18:58:54.568+0000] {dagbag.py:588} INFO - Filling up the DagBag from /home/airflow/.local/lib/python3.12/site-packages/airflow/example_dags/example_branch_python_dop_operator_3.py
[2025-12-15T18:58:54.646+0000] {processor.py:925} INFO - DAG(s) 'example_branch_dop_operator_v3' retrieved from /home/airflow/.local/lib/python3.12/site-packages/airflow/example_dags/example_branch_python_dop_operator_3.py
[2025-12-15T18:58:54.694+0000] {logging_mixin.py:190} INFO - [2025-12-15T18:58:54.693+0000] {dag.py:3239} INFO - Sync 1 DAGs
[2025-12-15T18:58:54.800+0000] {logging_mixin.py:190} INFO - [2025-12-15T18:58:54.799+0000] {dag.py:4180} INFO - Setting next_dagrun for example_branch_dop_operator_v3 to 2025-12-15 18:57:00+00:00, run_after=2025-12-15 18:58:00+00:00
[2025-12-15T18:58:54.850+0000] {processor.py:208} INFO - Processing /home/airflow/.local/lib/python3.12/site-packages/airflow/example_dags/example_branch_python_dop_operator_3.py took 0.302 seconds
[2025-12-15T19:00:18.399+0000] {processor.py:186} INFO - Started process (PID=2083) to work on /home/airflow/.local/lib/python3.12/site-packages/airflow/example_dags/example_branch_python_dop_operator_3.py
[2025-12-15T19:00:18.411+0000] {processor.py:914} INFO - Processing file /home/airflow/.local/lib/python3.12/site-packages/airflow/example_dags/example_branch_python_dop_operator_3.py for tasks to queue
[2025-12-15T19:00:18.434+0000] {logging_mixin.py:190} INFO - [2025-12-15T19:00:18.432+0000] {dagbag.py:588} INFO - Filling up the DagBag from /home/airflow/.local/lib/python3.12/site-packages/airflow/example_dags/example_branch_python_dop_operator_3.py
[2025-12-15T19:00:19.667+0000] {processor.py:925} INFO - DAG(s) 'example_branch_dop_operator_v3' retrieved from /home/airflow/.local/lib/python3.12/site-packages/airflow/example_dags/example_branch_python_dop_operator_3.py
[2025-12-15T19:00:25.624+0000] {logging_mixin.py:190} INFO - [2025-12-15T19:00:25.623+0000] {dag.py:3239} INFO - Sync 1 DAGs
[2025-12-15T19:00:35.860+0000] {logging_mixin.py:190} INFO - [2025-12-15T19:00:35.832+0000] {dag.py:4180} INFO - Setting next_dagrun for example_branch_dop_operator_v3 to 2025-12-15 18:59:00+00:00, run_after=2025-12-15 19:00:00+00:00
[2025-12-15T19:00:39.969+0000] {processor.py:208} INFO - Processing /home/airflow/.local/lib/python3.12/site-packages/airflow/example_dags/example_branch_python_dop_operator_3.py took 21.742 seconds
[2025-12-15T19:02:02.062+0000] {processor.py:186} INFO - Started process (PID=2495) to work on /home/airflow/.local/lib/python3.12/site-packages/airflow/example_dags/example_branch_python_dop_operator_3.py
[2025-12-15T19:02:02.065+0000] {processor.py:914} INFO - Processing file /home/airflow/.local/lib/python3.12/site-packages/airflow/example_dags/example_branch_python_dop_operator_3.py for tasks to queue
[2025-12-15T19:02:02.083+0000] {logging_mixin.py:190} INFO - [2025-12-15T19:02:02.082+0000] {dagbag.py:588} INFO - Filling up the DagBag from /home/airflow/.local/lib/python3.12/site-packages/airflow/example_dags/example_branch_python_dop_operator_3.py
[2025-12-15T19:02:02.168+0000] {processor.py:925} INFO - DAG(s) 'example_branch_dop_operator_v3' retrieved from /home/airflow/.local/lib/python3.12/site-packages/airflow/example_dags/example_branch_python_dop_operator_3.py
[2025-12-15T19:02:02.293+0000] {logging_mixin.py:190} INFO - [2025-12-15T19:02:02.292+0000] {dag.py:3239} INFO - Sync 1 DAGs
[2025-12-15T19:02:02.490+0000] {logging_mixin.py:190} INFO - [2025-12-15T19:02:02.488+0000] {dag.py:4180} INFO - Setting next_dagrun for example_branch_dop_operator_v3 to 2025-12-15 19:01:00+00:00, run_after=2025-12-15 19:02:00+00:00
[2025-12-15T19:02:02.622+0000] {processor.py:208} INFO - Processing /home/airflow/.local/lib/python3.12/site-packages/airflow/example_dags/example_branch_python_dop_operator_3.py took 0.602 seconds
[2025-12-15T19:02:35.076+0000] {processor.py:186} INFO - Started process (PID=2796) to work on /home/airflow/.local/lib/python3.12/site-packages/airflow/example_dags/example_branch_python_dop_operator_3.py
[2025-12-15T19:02:35.079+0000] {processor.py:914} INFO - Processing file /home/airflow/.local/lib/python3.12/site-packages/airflow/example_dags/example_branch_python_dop_operator_3.py for tasks to queue
[2025-12-15T19:02:35.083+0000] {logging_mixin.py:190} INFO - [2025-12-15T19:02:35.083+0000] {dagbag.py:588} INFO - Filling up the DagBag from /home/airflow/.local/lib/python3.12/site-packages/airflow/example_dags/example_branch_python_dop_operator_3.py
[2025-12-15T19:02:35.109+0000] {processor.py:925} INFO - DAG(s) 'example_branch_dop_operator_v3' retrieved from /home/airflow/.local/lib/python3.12/site-packages/airflow/example_dags/example_branch_python_dop_operator_3.py
[2025-12-15T19:02:35.145+0000] {logging_mixin.py:190} INFO - [2025-12-15T19:02:35.144+0000] {dag.py:3239} INFO - Sync 1 DAGs
[2025-12-15T19:02:35.194+0000] {logging_mixin.py:190} INFO - [2025-12-15T19:02:35.194+0000] {dag.py:4180} INFO - Setting next_dagrun for example_branch_dop_operator_v3 to 2025-12-15 19:01:00+00:00, run_after=2025-12-15 19:02:00+00:00
[2025-12-15T19:02:35.236+0000] {processor.py:208} INFO - Processing /home/airflow/.local/lib/python3.12/site-packages/airflow/example_dags/example_branch_python_dop_operator_3.py took 0.176 seconds
[2025-12-15T19:03:09.060+0000] {processor.py:186} INFO - Started process (PID=3087) to work on /home/airflow/.local/lib/python3.12/site-packages/airflow/example_dags/example_branch_python_dop_operator_3.py
[2025-12-15T19:03:09.062+0000] {processor.py:914} INFO - Processing file /home/airflow/.local/lib/python3.12/site-packages/airflow/example_dags/example_branch_python_dop_operator_3.py for tasks to queue
[2025-12-15T19:03:09.068+0000] {logging_mixin.py:190} INFO - [2025-12-15T19:03:09.066+0000] {dagbag.py:588} INFO - Filling up the DagBag from /home/airflow/.local/lib/python3.12/site-packages/airflow/example_dags/example_branch_python_dop_operator_3.py
[2025-12-15T19:03:09.092+0000] {processor.py:925} INFO - DAG(s) 'example_branch_dop_operator_v3' retrieved from /home/airflow/.local/lib/python3.12/site-packages/airflow/example_dags/example_branch_python_dop_operator_3.py
[2025-12-15T19:03:09.141+0000] {logging_mixin.py:190} INFO - [2025-12-15T19:03:09.141+0000] {dag.py:3239} INFO - Sync 1 DAGs
[2025-12-15T19:03:09.209+0000] {logging_mixin.py:190} INFO - [2025-12-15T19:03:09.209+0000] {dag.py:4180} INFO - Setting next_dagrun for example_branch_dop_operator_v3 to 2025-12-15 19:02:00+00:00, run_after=2025-12-15 19:03:00+00:00
[2025-12-15T19:03:09.257+0000] {processor.py:208} INFO - Processing /home/airflow/.local/lib/python3.12/site-packages/airflow/example_dags/example_branch_python_dop_operator_3.py took 0.211 seconds
[2025-12-15T19:03:43.063+0000] {processor.py:186} INFO - Started process (PID=3378) to work on /home/airflow/.local/lib/python3.12/site-packages/airflow/example_dags/example_branch_python_dop_operator_3.py
[2025-12-15T19:03:43.069+0000] {processor.py:914} INFO - Processing file /home/airflow/.local/lib/python3.12/site-packages/airflow/example_dags/example_branch_python_dop_operator_3.py for tasks to queue
[2025-12-15T19:03:43.074+0000] {logging_mixin.py:190} INFO - [2025-12-15T19:03:43.073+0000] {dagbag.py:588} INFO - Filling up the DagBag from /home/airflow/.local/lib/python3.12/site-packages/airflow/example_dags/example_branch_python_dop_operator_3.py
[2025-12-15T19:03:43.105+0000] {processor.py:925} INFO - DAG(s) 'example_branch_dop_operator_v3' retrieved from /home/airflow/.local/lib/python3.12/site-packages/airflow/example_dags/example_branch_python_dop_operator_3.py
[2025-12-15T19:03:43.151+0000] {logging_mixin.py:190} INFO - [2025-12-15T19:03:43.150+0000] {dag.py:3239} INFO - Sync 1 DAGs
[2025-12-15T19:03:43.210+0000] {logging_mixin.py:190} INFO - [2025-12-15T19:03:43.210+0000] {dag.py:4180} INFO - Setting next_dagrun for example_branch_dop_operator_v3 to 2025-12-15 19:02:00+00:00, run_after=2025-12-15 19:03:00+00:00
[2025-12-15T19:03:43.258+0000] {processor.py:208} INFO - Processing /home/airflow/.local/lib/python3.12/site-packages/airflow/example_dags/example_branch_python_dop_operator_3.py took 0.210 seconds
[2025-12-15T19:04:13.399+0000] {processor.py:186} INFO - Started process (PID=3669) to work on /home/airflow/.local/lib/python3.12/site-packages/airflow/example_dags/example_branch_python_dop_operator_3.py
[2025-12-15T19:04:13.405+0000] {processor.py:914} INFO - Processing file /home/airflow/.local/lib/python3.12/site-packages/airflow/example_dags/example_branch_python_dop_operator_3.py for tasks to queue
[2025-12-15T19:04:13.410+0000] {logging_mixin.py:190} INFO - [2025-12-15T19:04:13.410+0000] {dagbag.py:588} INFO - Filling up the DagBag from /home/airflow/.local/lib/python3.12/site-packages/airflow/example_dags/example_branch_python_dop_operator_3.py
[2025-12-15T19:04:13.432+0000] {processor.py:925} INFO - DAG(s) 'example_branch_dop_operator_v3' retrieved from /home/airflow/.local/lib/python3.12/site-packages/airflow/example_dags/example_branch_python_dop_operator_3.py
[2025-12-15T19:04:13.474+0000] {logging_mixin.py:190} INFO - [2025-12-15T19:04:13.474+0000] {dag.py:3239} INFO - Sync 1 DAGs
[2025-12-15T19:04:13.559+0000] {logging_mixin.py:190} INFO - [2025-12-15T19:04:13.559+0000] {dag.py:4180} INFO - Setting next_dagrun for example_branch_dop_operator_v3 to 2025-12-15 19:03:00+00:00, run_after=2025-12-15 19:04:00+00:00
[2025-12-15T19:04:13.704+0000] {processor.py:208} INFO - Processing /home/airflow/.local/lib/python3.12/site-packages/airflow/example_dags/example_branch_python_dop_operator_3.py took 0.323 seconds
[2025-12-15T19:04:46.509+0000] {processor.py:186} INFO - Started process (PID=3962) to work on /home/airflow/.local/lib/python3.12/site-packages/airflow/example_dags/example_branch_python_dop_operator_3.py
[2025-12-15T19:04:46.510+0000] {processor.py:914} INFO - Processing file /home/airflow/.local/lib/python3.12/site-packages/airflow/example_dags/example_branch_python_dop_operator_3.py for tasks to queue
[2025-12-15T19:04:46.514+0000] {logging_mixin.py:190} INFO - [2025-12-15T19:04:46.513+0000] {dagbag.py:588} INFO - Filling up the DagBag from /home/airflow/.local/lib/python3.12/site-packages/airflow/example_dags/example_branch_python_dop_operator_3.py
[2025-12-15T19:04:46.532+0000] {processor.py:925} INFO - DAG(s) 'example_branch_dop_operator_v3' retrieved from /home/airflow/.local/lib/python3.12/site-packages/airflow/example_dags/example_branch_python_dop_operator_3.py
[2025-12-15T19:04:46.562+0000] {logging_mixin.py:190} INFO - [2025-12-15T19:04:46.562+0000] {dag.py:3239} INFO - Sync 1 DAGs
[2025-12-15T19:04:46.605+0000] {logging_mixin.py:190} INFO - [2025-12-15T19:04:46.605+0000] {dag.py:4180} INFO - Setting next_dagrun for example_branch_dop_operator_v3 to 2025-12-15 19:03:00+00:00, run_after=2025-12-15 19:04:00+00:00
[2025-12-15T19:04:46.632+0000] {processor.py:208} INFO - Processing /home/airflow/.local/lib/python3.12/site-packages/airflow/example_dags/example_branch_python_dop_operator_3.py took 0.133 seconds
[2025-12-15T19:05:19.186+0000] {processor.py:186} INFO - Started process (PID=4253) to work on /home/airflow/.local/lib/python3.12/site-packages/airflow/example_dags/example_branch_python_dop_operator_3.py
[2025-12-15T19:05:19.187+0000] {processor.py:914} INFO - Processing file /home/airflow/.local/lib/python3.12/site-packages/airflow/example_dags/example_branch_python_dop_operator_3.py for tasks to queue
[2025-12-15T19:05:19.191+0000] {logging_mixin.py:190} INFO - [2025-12-15T19:05:19.190+0000] {dagbag.py:588} INFO - Filling up the DagBag from /home/airflow/.local/lib/python3.12/site-packages/airflow/example_dags/example_branch_python_dop_operator_3.py
[2025-12-15T19:05:19.207+0000] {processor.py:925} INFO - DAG(s) 'example_branch_dop_operator_v3' retrieved from /home/airflow/.local/lib/python3.12/site-packages/airflow/example_dags/example_branch_python_dop_operator_3.py
[2025-12-15T19:05:19.239+0000] {logging_mixin.py:190} INFO - [2025-12-15T19:05:19.239+0000] {dag.py:3239} INFO - Sync 1 DAGs
[2025-12-15T19:05:19.284+0000] {logging_mixin.py:190} INFO - [2025-12-15T19:05:19.284+0000] {dag.py:4180} INFO - Setting next_dagrun for example_branch_dop_operator_v3 to 2025-12-15 19:04:00+00:00, run_after=2025-12-15 19:05:00+00:00
[2025-12-15T19:05:19.330+0000] {processor.py:208} INFO - Processing /home/airflow/.local/lib/python3.12/site-packages/airflow/example_dags/example_branch_python_dop_operator_3.py took 0.155 seconds
[2025-12-15T19:05:50.069+0000] {processor.py:186} INFO - Started process (PID=4543) to work on /home/airflow/.local/lib/python3.12/site-packages/airflow/example_dags/example_branch_python_dop_operator_3.py
[2025-12-15T19:05:50.072+0000] {processor.py:914} INFO - Processing file /home/airflow/.local/lib/python3.12/site-packages/airflow/example_dags/example_branch_python_dop_operator_3.py for tasks to queue
[2025-12-15T19:05:50.076+0000] {logging_mixin.py:190} INFO - [2025-12-15T19:05:50.075+0000] {dagbag.py:588} INFO - Filling up the DagBag from /home/airflow/.local/lib/python3.12/site-packages/airflow/example_dags/example_branch_python_dop_operator_3.py
[2025-12-15T19:05:50.091+0000] {processor.py:925} INFO - DAG(s) 'example_branch_dop_operator_v3' retrieved from /home/airflow/.local/lib/python3.12/site-packages/airflow/example_dags/example_branch_python_dop_operator_3.py
[2025-12-15T19:05:50.120+0000] {logging_mixin.py:190} INFO - [2025-12-15T19:05:50.119+0000] {dag.py:3239} INFO - Sync 1 DAGs
[2025-12-15T19:05:50.158+0000] {logging_mixin.py:190} INFO - [2025-12-15T19:05:50.157+0000] {dag.py:4180} INFO - Setting next_dagrun for example_branch_dop_operator_v3 to 2025-12-15 19:04:00+00:00, run_after=2025-12-15 19:05:00+00:00
[2025-12-15T19:05:50.189+0000] {processor.py:208} INFO - Processing /home/airflow/.local/lib/python3.12/site-packages/airflow/example_dags/example_branch_python_dop_operator_3.py took 0.129 seconds
[2025-12-15T19:06:24.175+0000] {processor.py:186} INFO - Started process (PID=4833) to work on /home/airflow/.local/lib/python3.12/site-packages/airflow/example_dags/example_branch_python_dop_operator_3.py
[2025-12-15T19:06:24.177+0000] {processor.py:914} INFO - Processing file /home/airflow/.local/lib/python3.12/site-packages/airflow/example_dags/example_branch_python_dop_operator_3.py for tasks to queue
[2025-12-15T19:06:24.181+0000] {logging_mixin.py:190} INFO - [2025-12-15T19:06:24.180+0000] {dagbag.py:588} INFO - Filling up the DagBag from /home/airflow/.local/lib/python3.12/site-packages/airflow/example_dags/example_branch_python_dop_operator_3.py
[2025-12-15T19:06:24.203+0000] {processor.py:925} INFO - DAG(s) 'example_branch_dop_operator_v3' retrieved from /home/airflow/.local/lib/python3.12/site-packages/airflow/example_dags/example_branch_python_dop_operator_3.py
[2025-12-15T19:06:24.238+0000] {logging_mixin.py:190} INFO - [2025-12-15T19:06:24.238+0000] {dag.py:3239} INFO - Sync 1 DAGs
[2025-12-15T19:06:24.287+0000] {logging_mixin.py:190} INFO - [2025-12-15T19:06:24.286+0000] {dag.py:4180} INFO - Setting next_dagrun for example_branch_dop_operator_v3 to 2025-12-15 19:05:00+00:00, run_after=2025-12-15 19:06:00+00:00
[2025-12-15T19:06:24.325+0000] {processor.py:208} INFO - Processing /home/airflow/.local/lib/python3.12/site-packages/airflow/example_dags/example_branch_python_dop_operator_3.py took 0.166 seconds
[2025-12-15T19:06:57.000+0000] {processor.py:186} INFO - Started process (PID=5124) to work on /home/airflow/.local/lib/python3.12/site-packages/airflow/example_dags/example_branch_python_dop_operator_3.py
[2025-12-15T19:06:57.004+0000] {processor.py:914} INFO - Processing file /home/airflow/.local/lib/python3.12/site-packages/airflow/example_dags/example_branch_python_dop_operator_3.py for tasks to queue
[2025-12-15T19:06:57.009+0000] {logging_mixin.py:190} INFO - [2025-12-15T19:06:57.009+0000] {dagbag.py:588} INFO - Filling up the DagBag from /home/airflow/.local/lib/python3.12/site-packages/airflow/example_dags/example_branch_python_dop_operator_3.py
[2025-12-15T19:06:57.030+0000] {processor.py:925} INFO - DAG(s) 'example_branch_dop_operator_v3' retrieved from /home/airflow/.local/lib/python3.12/site-packages/airflow/example_dags/example_branch_python_dop_operator_3.py
[2025-12-15T19:06:57.073+0000] {logging_mixin.py:190} INFO - [2025-12-15T19:06:57.072+0000] {dag.py:3239} INFO - Sync 1 DAGs
[2025-12-15T19:06:57.121+0000] {logging_mixin.py:190} INFO - [2025-12-15T19:06:57.121+0000] {dag.py:4180} INFO - Setting next_dagrun for example_branch_dop_operator_v3 to 2025-12-15 19:05:00+00:00, run_after=2025-12-15 19:06:00+00:00
[2025-12-15T19:06:57.156+0000] {processor.py:208} INFO - Processing /home/airflow/.local/lib/python3.12/site-packages/airflow/example_dags/example_branch_python_dop_operator_3.py took 0.168 seconds
[2025-12-15T19:07:37.582+0000] {processor.py:186} INFO - Started process (PID=5415) to work on /home/airflow/.local/lib/python3.12/site-packages/airflow/example_dags/example_branch_python_dop_operator_3.py
[2025-12-15T19:07:37.735+0000] {processor.py:914} INFO - Processing file /home/airflow/.local/lib/python3.12/site-packages/airflow/example_dags/example_branch_python_dop_operator_3.py for tasks to queue
[2025-12-15T19:07:37.741+0000] {logging_mixin.py:190} INFO - [2025-12-15T19:07:37.740+0000] {dagbag.py:588} INFO - Filling up the DagBag from /home/airflow/.local/lib/python3.12/site-packages/airflow/example_dags/example_branch_python_dop_operator_3.py
[2025-12-15T19:07:37.764+0000] {processor.py:925} INFO - DAG(s) 'example_branch_dop_operator_v3' retrieved from /home/airflow/.local/lib/python3.12/site-packages/airflow/example_dags/example_branch_python_dop_operator_3.py
[2025-12-15T19:07:37.793+0000] {logging_mixin.py:190} INFO - [2025-12-15T19:07:37.793+0000] {dag.py:3239} INFO - Sync 1 DAGs
[2025-12-15T19:07:37.836+0000] {logging_mixin.py:190} INFO - [2025-12-15T19:07:37.836+0000] {dag.py:4180} INFO - Setting next_dagrun for example_branch_dop_operator_v3 to 2025-12-15 19:06:00+00:00, run_after=2025-12-15 19:07:00+00:00
[2025-12-15T19:07:38.799+0000] {processor.py:208} INFO - Processing /home/airflow/.local/lib/python3.12/site-packages/airflow/example_dags/example_branch_python_dop_operator_3.py took 1.226 seconds
[2025-12-15T19:08:09.865+0000] {processor.py:186} INFO - Started process (PID=5718) to work on /home/airflow/.local/lib/python3.12/site-packages/airflow/example_dags/example_branch_python_dop_operator_3.py
[2025-12-15T19:08:09.867+0000] {processor.py:914} INFO - Processing file /home/airflow/.local/lib/python3.12/site-packages/airflow/example_dags/example_branch_python_dop_operator_3.py for tasks to queue
[2025-12-15T19:08:09.871+0000] {logging_mixin.py:190} INFO - [2025-12-15T19:08:09.871+0000] {dagbag.py:588} INFO - Filling up the DagBag from /home/airflow/.local/lib/python3.12/site-packages/airflow/example_dags/example_branch_python_dop_operator_3.py
[2025-12-15T19:08:09.888+0000] {processor.py:925} INFO - DAG(s) 'example_branch_dop_operator_v3' retrieved from /home/airflow/.local/lib/python3.12/site-packages/airflow/example_dags/example_branch_python_dop_operator_3.py
[2025-12-15T19:08:09.917+0000] {logging_mixin.py:190} INFO - [2025-12-15T19:08:09.917+0000] {dag.py:3239} INFO - Sync 1 DAGs
[2025-12-15T19:08:09.952+0000] {logging_mixin.py:190} INFO - [2025-12-15T19:08:09.952+0000] {dag.py:4180} INFO - Setting next_dagrun for example_branch_dop_operator_v3 to 2025-12-15 19:07:00+00:00, run_after=2025-12-15 19:08:00+00:00
[2025-12-15T19:08:09.977+0000] {processor.py:208} INFO - Processing /home/airflow/.local/lib/python3.12/site-packages/airflow/example_dags/example_branch_python_dop_operator_3.py took 0.120 seconds
[2025-12-15T19:08:41.577+0000] {processor.py:186} INFO - Started process (PID=6007) to work on /home/airflow/.local/lib/python3.12/site-packages/airflow/example_dags/example_branch_python_dop_operator_3.py
[2025-12-15T19:08:41.579+0000] {processor.py:914} INFO - Processing file /home/airflow/.local/lib/python3.12/site-packages/airflow/example_dags/example_branch_python_dop_operator_3.py for tasks to queue
[2025-12-15T19:08:41.585+0000] {logging_mixin.py:190} INFO - [2025-12-15T19:08:41.584+0000] {dagbag.py:588} INFO - Filling up the DagBag from /home/airflow/.local/lib/python3.12/site-packages/airflow/example_dags/example_branch_python_dop_operator_3.py
[2025-12-15T19:08:41.610+0000] {processor.py:925} INFO - DAG(s) 'example_branch_dop_operator_v3' retrieved from /home/airflow/.local/lib/python3.12/site-packages/airflow/example_dags/example_branch_python_dop_operator_3.py
[2025-12-15T19:08:41.657+0000] {logging_mixin.py:190} INFO - [2025-12-15T19:08:41.657+0000] {dag.py:3239} INFO - Sync 1 DAGs
[2025-12-15T19:08:41.710+0000] {logging_mixin.py:190} INFO - [2025-12-15T19:08:41.710+0000] {dag.py:4180} INFO - Setting next_dagrun for example_branch_dop_operator_v3 to 2025-12-15 19:07:00+00:00, run_after=2025-12-15 19:08:00+00:00
[2025-12-15T19:08:41.743+0000] {processor.py:208} INFO - Processing /home/airflow/.local/lib/python3.12/site-packages/airflow/example_dags/example_branch_python_dop_operator_3.py took 0.181 seconds
[2025-12-15T19:09:12.204+0000] {processor.py:186} INFO - Started process (PID=6288) to work on /home/airflow/.local/lib/python3.12/site-packages/airflow/example_dags/example_branch_python_dop_operator_3.py
[2025-12-15T19:09:12.206+0000] {processor.py:914} INFO - Processing file /home/airflow/.local/lib/python3.12/site-packages/airflow/example_dags/example_branch_python_dop_operator_3.py for tasks to queue
[2025-12-15T19:09:12.211+0000] {logging_mixin.py:190} INFO - [2025-12-15T19:09:12.210+0000] {dagbag.py:588} INFO - Filling up the DagBag from /home/airflow/.local/lib/python3.12/site-packages/airflow/example_dags/example_branch_python_dop_operator_3.py
[2025-12-15T19:09:12.233+0000] {processor.py:925} INFO - DAG(s) 'example_branch_dop_operator_v3' retrieved from /home/airflow/.local/lib/python3.12/site-packages/airflow/example_dags/example_branch_python_dop_operator_3.py
[2025-12-15T19:09:12.275+0000] {logging_mixin.py:190} INFO - [2025-12-15T19:09:12.275+0000] {dag.py:3239} INFO - Sync 1 DAGs
[2025-12-15T19:09:12.331+0000] {logging_mixin.py:190} INFO - [2025-12-15T19:09:12.331+0000] {dag.py:4180} INFO - Setting next_dagrun for example_branch_dop_operator_v3 to 2025-12-15 19:08:00+00:00, run_after=2025-12-15 19:09:00+00:00
[2025-12-15T19:09:12.370+0000] {processor.py:208} INFO - Processing /home/airflow/.local/lib/python3.12/site-packages/airflow/example_dags/example_branch_python_dop_operator_3.py took 0.177 seconds
[2025-12-15T19:09:47.606+0000] {processor.py:186} INFO - Started process (PID=6579) to work on /home/airflow/.local/lib/python3.12/site-packages/airflow/example_dags/example_branch_python_dop_operator_3.py
[2025-12-15T19:09:47.660+0000] {processor.py:914} INFO - Processing file /home/airflow/.local/lib/python3.12/site-packages/airflow/example_dags/example_branch_python_dop_operator_3.py for tasks to queue
[2025-12-15T19:09:47.668+0000] {logging_mixin.py:190} INFO - [2025-12-15T19:09:47.666+0000] {dagbag.py:588} INFO - Filling up the DagBag from /home/airflow/.local/lib/python3.12/site-packages/airflow/example_dags/example_branch_python_dop_operator_3.py
[2025-12-15T19:09:47.705+0000] {processor.py:925} INFO - DAG(s) 'example_branch_dop_operator_v3' retrieved from /home/airflow/.local/lib/python3.12/site-packages/airflow/example_dags/example_branch_python_dop_operator_3.py
[2025-12-15T19:09:47.758+0000] {logging_mixin.py:190} INFO - [2025-12-15T19:09:47.758+0000] {dag.py:3239} INFO - Sync 1 DAGs
[2025-12-15T19:09:47.849+0000] {logging_mixin.py:190} INFO - [2025-12-15T19:09:47.848+0000] {dag.py:4180} INFO - Setting next_dagrun for example_branch_dop_operator_v3 to 2025-12-15 19:08:00+00:00, run_after=2025-12-15 19:09:00+00:00
[2025-12-15T19:09:47.912+0000] {processor.py:208} INFO - Processing /home/airflow/.local/lib/python3.12/site-packages/airflow/example_dags/example_branch_python_dop_operator_3.py took 0.320 seconds
[2025-12-15T19:10:18.027+0000] {processor.py:186} INFO - Started process (PID=6865) to work on /home/airflow/.local/lib/python3.12/site-packages/airflow/example_dags/example_branch_python_dop_operator_3.py
[2025-12-15T19:10:18.029+0000] {processor.py:914} INFO - Processing file /home/airflow/.local/lib/python3.12/site-packages/airflow/example_dags/example_branch_python_dop_operator_3.py for tasks to queue
[2025-12-15T19:10:18.032+0000] {logging_mixin.py:190} INFO - [2025-12-15T19:10:18.032+0000] {dagbag.py:588} INFO - Filling up the DagBag from /home/airflow/.local/lib/python3.12/site-packages/airflow/example_dags/example_branch_python_dop_operator_3.py
[2025-12-15T19:10:18.049+0000] {processor.py:925} INFO - DAG(s) 'example_branch_dop_operator_v3' retrieved from /home/airflow/.local/lib/python3.12/site-packages/airflow/example_dags/example_branch_python_dop_operator_3.py
[2025-12-15T19:10:18.082+0000] {logging_mixin.py:190} INFO - [2025-12-15T19:10:18.082+0000] {dag.py:3239} INFO - Sync 1 DAGs
[2025-12-15T19:10:18.122+0000] {logging_mixin.py:190} INFO - [2025-12-15T19:10:18.122+0000] {dag.py:4180} INFO - Setting next_dagrun for example_branch_dop_operator_v3 to 2025-12-15 19:09:00+00:00, run_after=2025-12-15 19:10:00+00:00
[2025-12-15T19:10:18.161+0000] {processor.py:208} INFO - Processing /home/airflow/.local/lib/python3.12/site-packages/airflow/example_dags/example_branch_python_dop_operator_3.py took 0.145 seconds
[2025-12-15T19:10:50.127+0000] {processor.py:186} INFO - Started process (PID=7162) to work on /home/airflow/.local/lib/python3.12/site-packages/airflow/example_dags/example_branch_python_dop_operator_3.py
[2025-12-15T19:10:50.129+0000] {processor.py:914} INFO - Processing file /home/airflow/.local/lib/python3.12/site-packages/airflow/example_dags/example_branch_python_dop_operator_3.py for tasks to queue
[2025-12-15T19:10:50.132+0000] {logging_mixin.py:190} INFO - [2025-12-15T19:10:50.132+0000] {dagbag.py:588} INFO - Filling up the DagBag from /home/airflow/.local/lib/python3.12/site-packages/airflow/example_dags/example_branch_python_dop_operator_3.py
[2025-12-15T19:10:50.152+0000] {processor.py:925} INFO - DAG(s) 'example_branch_dop_operator_v3' retrieved from /home/airflow/.local/lib/python3.12/site-packages/airflow/example_dags/example_branch_python_dop_operator_3.py
[2025-12-15T19:10:50.186+0000] {logging_mixin.py:190} INFO - [2025-12-15T19:10:50.185+0000] {dag.py:3239} INFO - Sync 1 DAGs
[2025-12-15T19:10:50.235+0000] {logging_mixin.py:190} INFO - [2025-12-15T19:10:50.234+0000] {dag.py:4180} INFO - Setting next_dagrun for example_branch_dop_operator_v3 to 2025-12-15 19:09:00+00:00, run_after=2025-12-15 19:10:00+00:00
[2025-12-15T19:10:50.292+0000] {processor.py:208} INFO - Processing /home/airflow/.local/lib/python3.12/site-packages/airflow/example_dags/example_branch_python_dop_operator_3.py took 0.178 seconds
[2025-12-15T19:11:21.347+0000] {processor.py:186} INFO - Started process (PID=7453) to work on /home/airflow/.local/lib/python3.12/site-packages/airflow/example_dags/example_branch_python_dop_operator_3.py
[2025-12-15T19:11:21.350+0000] {processor.py:914} INFO - Processing file /home/airflow/.local/lib/python3.12/site-packages/airflow/example_dags/example_branch_python_dop_operator_3.py for tasks to queue
[2025-12-15T19:11:21.359+0000] {logging_mixin.py:190} INFO - [2025-12-15T19:11:21.356+0000] {dagbag.py:588} INFO - Filling up the DagBag from /home/airflow/.local/lib/python3.12/site-packages/airflow/example_dags/example_branch_python_dop_operator_3.py
[2025-12-15T19:11:21.409+0000] {processor.py:925} INFO - DAG(s) 'example_branch_dop_operator_v3' retrieved from /home/airflow/.local/lib/python3.12/site-packages/airflow/example_dags/example_branch_python_dop_operator_3.py
[2025-12-15T19:11:21.511+0000] {logging_mixin.py:190} INFO - [2025-12-15T19:11:21.510+0000] {dag.py:3239} INFO - Sync 1 DAGs
[2025-12-15T19:11:21.652+0000] {logging_mixin.py:190} INFO - [2025-12-15T19:11:21.651+0000] {dag.py:4180} INFO - Setting next_dagrun for example_branch_dop_operator_v3 to 2025-12-15 19:10:00+00:00, run_after=2025-12-15 19:11:00+00:00
[2025-12-15T19:11:21.763+0000] {processor.py:208} INFO - Processing /home/airflow/.local/lib/python3.12/site-packages/airflow/example_dags/example_branch_python_dop_operator_3.py took 0.448 seconds
[2025-12-15T19:11:52.246+0000] {processor.py:186} INFO - Started process (PID=7744) to work on /home/airflow/.local/lib/python3.12/site-packages/airflow/example_dags/example_branch_python_dop_operator_3.py
[2025-12-15T19:11:52.248+0000] {processor.py:914} INFO - Processing file /home/airflow/.local/lib/python3.12/site-packages/airflow/example_dags/example_branch_python_dop_operator_3.py for tasks to queue
[2025-12-15T19:11:52.251+0000] {logging_mixin.py:190} INFO - [2025-12-15T19:11:52.250+0000] {dagbag.py:588} INFO - Filling up the DagBag from /home/airflow/.local/lib/python3.12/site-packages/airflow/example_dags/example_branch_python_dop_operator_3.py
[2025-12-15T19:11:52.271+0000] {processor.py:925} INFO - DAG(s) 'example_branch_dop_operator_v3' retrieved from /home/airflow/.local/lib/python3.12/site-packages/airflow/example_dags/example_branch_python_dop_operator_3.py
[2025-12-15T19:11:52.310+0000] {logging_mixin.py:190} INFO - [2025-12-15T19:11:52.309+0000] {dag.py:3239} INFO - Sync 1 DAGs
[2025-12-15T19:11:52.359+0000] {logging_mixin.py:190} INFO - [2025-12-15T19:11:52.359+0000] {dag.py:4180} INFO - Setting next_dagrun for example_branch_dop_operator_v3 to 2025-12-15 19:10:00+00:00, run_after=2025-12-15 19:11:00+00:00
[2025-12-15T19:11:52.411+0000] {processor.py:208} INFO - Processing /home/airflow/.local/lib/python3.12/site-packages/airflow/example_dags/example_branch_python_dop_operator_3.py took 0.180 seconds
[2025-12-15T19:12:24.070+0000] {processor.py:186} INFO - Started process (PID=8040) to work on /home/airflow/.local/lib/python3.12/site-packages/airflow/example_dags/example_branch_python_dop_operator_3.py
[2025-12-15T19:12:24.071+0000] {processor.py:914} INFO - Processing file /home/airflow/.local/lib/python3.12/site-packages/airflow/example_dags/example_branch_python_dop_operator_3.py for tasks to queue
[2025-12-15T19:12:24.073+0000] {logging_mixin.py:190} INFO - [2025-12-15T19:12:24.072+0000] {dagbag.py:588} INFO - Filling up the DagBag from /home/airflow/.local/lib/python3.12/site-packages/airflow/example_dags/example_branch_python_dop_operator_3.py
[2025-12-15T19:12:24.088+0000] {processor.py:925} INFO - DAG(s) 'example_branch_dop_operator_v3' retrieved from /home/airflow/.local/lib/python3.12/site-packages/airflow/example_dags/example_branch_python_dop_operator_3.py
[2025-12-15T19:12:24.118+0000] {logging_mixin.py:190} INFO - [2025-12-15T19:12:24.118+0000] {dag.py:3239} INFO - Sync 1 DAGs
[2025-12-15T19:12:24.159+0000] {logging_mixin.py:190} INFO - [2025-12-15T19:12:24.158+0000] {dag.py:4180} INFO - Setting next_dagrun for example_branch_dop_operator_v3 to 2025-12-15 19:11:00+00:00, run_after=2025-12-15 19:12:00+00:00
[2025-12-15T19:12:24.187+0000] {processor.py:208} INFO - Processing /home/airflow/.local/lib/python3.12/site-packages/airflow/example_dags/example_branch_python_dop_operator_3.py took 0.127 seconds
[2025-12-15T19:12:56.652+0000] {processor.py:186} INFO - Started process (PID=8333) to work on /home/airflow/.local/lib/python3.12/site-packages/airflow/example_dags/example_branch_python_dop_operator_3.py
[2025-12-15T19:12:56.655+0000] {processor.py:914} INFO - Processing file /home/airflow/.local/lib/python3.12/site-packages/airflow/example_dags/example_branch_python_dop_operator_3.py for tasks to queue
[2025-12-15T19:12:56.658+0000] {logging_mixin.py:190} INFO - [2025-12-15T19:12:56.657+0000] {dagbag.py:588} INFO - Filling up the DagBag from /home/airflow/.local/lib/python3.12/site-packages/airflow/example_dags/example_branch_python_dop_operator_3.py
[2025-12-15T19:12:56.685+0000] {processor.py:925} INFO - DAG(s) 'example_branch_dop_operator_v3' retrieved from /home/airflow/.local/lib/python3.12/site-packages/airflow/example_dags/example_branch_python_dop_operator_3.py
[2025-12-15T19:12:56.725+0000] {logging_mixin.py:190} INFO - [2025-12-15T19:12:56.724+0000] {dag.py:3239} INFO - Sync 1 DAGs
[2025-12-15T19:12:56.776+0000] {logging_mixin.py:190} INFO - [2025-12-15T19:12:56.775+0000] {dag.py:4180} INFO - Setting next_dagrun for example_branch_dop_operator_v3 to 2025-12-15 19:11:00+00:00, run_after=2025-12-15 19:12:00+00:00
[2025-12-15T19:12:56.806+0000] {processor.py:208} INFO - Processing /home/airflow/.local/lib/python3.12/site-packages/airflow/example_dags/example_branch_python_dop_operator_3.py took 0.171 seconds
[2025-12-15T19:13:32.121+0000] {processor.py:186} INFO - Started process (PID=8635) to work on /home/airflow/.local/lib/python3.12/site-packages/airflow/example_dags/example_branch_python_dop_operator_3.py
[2025-12-15T19:13:32.133+0000] {processor.py:914} INFO - Processing file /home/airflow/.local/lib/python3.12/site-packages/airflow/example_dags/example_branch_python_dop_operator_3.py for tasks to queue
[2025-12-15T19:13:32.138+0000] {logging_mixin.py:190} INFO - [2025-12-15T19:13:32.137+0000] {dagbag.py:588} INFO - Filling up the DagBag from /home/airflow/.local/lib/python3.12/site-packages/airflow/example_dags/example_branch_python_dop_operator_3.py
[2025-12-15T19:13:32.214+0000] {processor.py:925} INFO - DAG(s) 'example_branch_dop_operator_v3' retrieved from /home/airflow/.local/lib/python3.12/site-packages/airflow/example_dags/example_branch_python_dop_operator_3.py
[2025-12-15T19:13:32.342+0000] {logging_mixin.py:190} INFO - [2025-12-15T19:13:32.341+0000] {dag.py:3239} INFO - Sync 1 DAGs
[2025-12-15T19:13:32.653+0000] {logging_mixin.py:190} INFO - [2025-12-15T19:13:32.652+0000] {dag.py:4180} INFO - Setting next_dagrun for example_branch_dop_operator_v3 to 2025-12-15 19:12:00+00:00, run_after=2025-12-15 19:13:00+00:00
[2025-12-15T19:13:32.830+0000] {processor.py:208} INFO - Processing /home/airflow/.local/lib/python3.12/site-packages/airflow/example_dags/example_branch_python_dop_operator_3.py took 0.761 seconds
[2025-12-15T19:14:02.996+0000] {processor.py:186} INFO - Started process (PID=8934) to work on /home/airflow/.local/lib/python3.12/site-packages/airflow/example_dags/example_branch_python_dop_operator_3.py
[2025-12-15T19:14:02.998+0000] {processor.py:914} INFO - Processing file /home/airflow/.local/lib/python3.12/site-packages/airflow/example_dags/example_branch_python_dop_operator_3.py for tasks to queue
[2025-12-15T19:14:03.000+0000] {logging_mixin.py:190} INFO - [2025-12-15T19:14:02.999+0000] {dagbag.py:588} INFO - Filling up the DagBag from /home/airflow/.local/lib/python3.12/site-packages/airflow/example_dags/example_branch_python_dop_operator_3.py
[2025-12-15T19:14:03.018+0000] {processor.py:925} INFO - DAG(s) 'example_branch_dop_operator_v3' retrieved from /home/airflow/.local/lib/python3.12/site-packages/airflow/example_dags/example_branch_python_dop_operator_3.py
[2025-12-15T19:14:03.051+0000] {logging_mixin.py:190} INFO - [2025-12-15T19:14:03.050+0000] {dag.py:3239} INFO - Sync 1 DAGs
[2025-12-15T19:14:03.092+0000] {logging_mixin.py:190} INFO - [2025-12-15T19:14:03.092+0000] {dag.py:4180} INFO - Setting next_dagrun for example_branch_dop_operator_v3 to 2025-12-15 19:13:00+00:00, run_after=2025-12-15 19:14:00+00:00
[2025-12-15T19:14:03.121+0000] {processor.py:208} INFO - Processing /home/airflow/.local/lib/python3.12/site-packages/airflow/example_dags/example_branch_python_dop_operator_3.py took 0.136 seconds
[2025-12-15T19:14:34.014+0000] {processor.py:186} INFO - Started process (PID=9217) to work on /home/airflow/.local/lib/python3.12/site-packages/airflow/example_dags/example_branch_python_dop_operator_3.py
[2025-12-15T19:14:34.016+0000] {processor.py:914} INFO - Processing file /home/airflow/.local/lib/python3.12/site-packages/airflow/example_dags/example_branch_python_dop_operator_3.py for tasks to queue
[2025-12-15T19:14:34.025+0000] {logging_mixin.py:190} INFO - [2025-12-15T19:14:34.023+0000] {dagbag.py:588} INFO - Filling up the DagBag from /home/airflow/.local/lib/python3.12/site-packages/airflow/example_dags/example_branch_python_dop_operator_3.py
[2025-12-15T19:14:34.052+0000] {processor.py:925} INFO - DAG(s) 'example_branch_dop_operator_v3' retrieved from /home/airflow/.local/lib/python3.12/site-packages/airflow/example_dags/example_branch_python_dop_operator_3.py
[2025-12-15T19:14:34.109+0000] {logging_mixin.py:190} INFO - [2025-12-15T19:14:34.109+0000] {dag.py:3239} INFO - Sync 1 DAGs
[2025-12-15T19:14:34.185+0000] {logging_mixin.py:190} INFO - [2025-12-15T19:14:34.185+0000] {dag.py:4180} INFO - Setting next_dagrun for example_branch_dop_operator_v3 to 2025-12-15 19:13:00+00:00, run_after=2025-12-15 19:14:00+00:00
[2025-12-15T19:14:34.233+0000] {processor.py:208} INFO - Processing /home/airflow/.local/lib/python3.12/site-packages/airflow/example_dags/example_branch_python_dop_operator_3.py took 0.245 seconds
[2025-12-15T19:15:08.422+0000] {processor.py:186} INFO - Started process (PID=9511) to work on /home/airflow/.local/lib/python3.12/site-packages/airflow/example_dags/example_branch_python_dop_operator_3.py
[2025-12-15T19:15:08.427+0000] {processor.py:914} INFO - Processing file /home/airflow/.local/lib/python3.12/site-packages/airflow/example_dags/example_branch_python_dop_operator_3.py for tasks to queue
[2025-12-15T19:15:08.432+0000] {logging_mixin.py:190} INFO - [2025-12-15T19:15:08.430+0000] {dagbag.py:588} INFO - Filling up the DagBag from /home/airflow/.local/lib/python3.12/site-packages/airflow/example_dags/example_branch_python_dop_operator_3.py
[2025-12-15T19:15:08.478+0000] {processor.py:925} INFO - DAG(s) 'example_branch_dop_operator_v3' retrieved from /home/airflow/.local/lib/python3.12/site-packages/airflow/example_dags/example_branch_python_dop_operator_3.py
[2025-12-15T19:15:08.578+0000] {logging_mixin.py:190} INFO - [2025-12-15T19:15:08.577+0000] {dag.py:3239} INFO - Sync 1 DAGs
[2025-12-15T19:15:08.727+0000] {logging_mixin.py:190} INFO - [2025-12-15T19:15:08.727+0000] {dag.py:4180} INFO - Setting next_dagrun for example_branch_dop_operator_v3 to 2025-12-15 19:14:00+00:00, run_after=2025-12-15 19:15:00+00:00
[2025-12-15T19:15:08.779+0000] {processor.py:208} INFO - Processing /home/airflow/.local/lib/python3.12/site-packages/airflow/example_dags/example_branch_python_dop_operator_3.py took 0.385 seconds
[2025-12-15T19:15:40.209+0000] {processor.py:186} INFO - Started process (PID=9802) to work on /home/airflow/.local/lib/python3.12/site-packages/airflow/example_dags/example_branch_python_dop_operator_3.py
[2025-12-15T19:15:40.239+0000] {processor.py:914} INFO - Processing file /home/airflow/.local/lib/python3.12/site-packages/airflow/example_dags/example_branch_python_dop_operator_3.py for tasks to queue
[2025-12-15T19:15:40.243+0000] {logging_mixin.py:190} INFO - [2025-12-15T19:15:40.242+0000] {dagbag.py:588} INFO - Filling up the DagBag from /home/airflow/.local/lib/python3.12/site-packages/airflow/example_dags/example_branch_python_dop_operator_3.py
[2025-12-15T19:15:40.262+0000] {processor.py:925} INFO - DAG(s) 'example_branch_dop_operator_v3' retrieved from /home/airflow/.local/lib/python3.12/site-packages/airflow/example_dags/example_branch_python_dop_operator_3.py
[2025-12-15T19:15:40.300+0000] {logging_mixin.py:190} INFO - [2025-12-15T19:15:40.300+0000] {dag.py:3239} INFO - Sync 1 DAGs
[2025-12-15T19:15:40.355+0000] {logging_mixin.py:190} INFO - [2025-12-15T19:15:40.354+0000] {dag.py:4180} INFO - Setting next_dagrun for example_branch_dop_operator_v3 to 2025-12-15 19:14:00+00:00, run_after=2025-12-15 19:15:00+00:00
[2025-12-15T19:15:40.393+0000] {processor.py:208} INFO - Processing /home/airflow/.local/lib/python3.12/site-packages/airflow/example_dags/example_branch_python_dop_operator_3.py took 0.197 seconds
[2025-12-15T19:16:12.713+0000] {processor.py:186} INFO - Started process (PID=10100) to work on /home/airflow/.local/lib/python3.12/site-packages/airflow/example_dags/example_branch_python_dop_operator_3.py
[2025-12-15T19:16:12.715+0000] {processor.py:914} INFO - Processing file /home/airflow/.local/lib/python3.12/site-packages/airflow/example_dags/example_branch_python_dop_operator_3.py for tasks to queue
[2025-12-15T19:16:12.717+0000] {logging_mixin.py:190} INFO - [2025-12-15T19:16:12.716+0000] {dagbag.py:588} INFO - Filling up the DagBag from /home/airflow/.local/lib/python3.12/site-packages/airflow/example_dags/example_branch_python_dop_operator_3.py
[2025-12-15T19:16:12.736+0000] {processor.py:925} INFO - DAG(s) 'example_branch_dop_operator_v3' retrieved from /home/airflow/.local/lib/python3.12/site-packages/airflow/example_dags/example_branch_python_dop_operator_3.py
[2025-12-15T19:16:12.772+0000] {logging_mixin.py:190} INFO - [2025-12-15T19:16:12.771+0000] {dag.py:3239} INFO - Sync 1 DAGs
[2025-12-15T19:16:12.816+0000] {logging_mixin.py:190} INFO - [2025-12-15T19:16:12.816+0000] {dag.py:4180} INFO - Setting next_dagrun for example_branch_dop_operator_v3 to 2025-12-15 19:15:00+00:00, run_after=2025-12-15 19:16:00+00:00
[2025-12-15T19:16:12.880+0000] {processor.py:208} INFO - Processing /home/airflow/.local/lib/python3.12/site-packages/airflow/example_dags/example_branch_python_dop_operator_3.py took 0.178 seconds
[2025-12-15T19:16:49.345+0000] {processor.py:186} INFO - Started process (PID=10439) to work on /home/airflow/.local/lib/python3.12/site-packages/airflow/example_dags/example_branch_python_dop_operator_3.py
[2025-12-15T19:16:49.350+0000] {processor.py:914} INFO - Processing file /home/airflow/.local/lib/python3.12/site-packages/airflow/example_dags/example_branch_python_dop_operator_3.py for tasks to queue
[2025-12-15T19:16:49.354+0000] {logging_mixin.py:190} INFO - [2025-12-15T19:16:49.352+0000] {dagbag.py:588} INFO - Filling up the DagBag from /home/airflow/.local/lib/python3.12/site-packages/airflow/example_dags/example_branch_python_dop_operator_3.py
[2025-12-15T19:16:49.404+0000] {processor.py:925} INFO - DAG(s) 'example_branch_dop_operator_v3' retrieved from /home/airflow/.local/lib/python3.12/site-packages/airflow/example_dags/example_branch_python_dop_operator_3.py
[2025-12-15T19:16:49.501+0000] {logging_mixin.py:190} INFO - [2025-12-15T19:16:49.500+0000] {dag.py:3239} INFO - Sync 1 DAGs
[2025-12-15T19:16:49.634+0000] {logging_mixin.py:190} INFO - [2025-12-15T19:16:49.633+0000] {dag.py:4180} INFO - Setting next_dagrun for example_branch_dop_operator_v3 to 2025-12-15 19:15:00+00:00, run_after=2025-12-15 19:16:00+00:00
[2025-12-15T19:16:49.719+0000] {processor.py:208} INFO - Processing /home/airflow/.local/lib/python3.12/site-packages/airflow/example_dags/example_branch_python_dop_operator_3.py took 0.405 seconds
[2025-12-15T19:17:30.243+0000] {processor.py:186} INFO - Started process (PID=10785) to work on /home/airflow/.local/lib/python3.12/site-packages/airflow/example_dags/example_branch_python_dop_operator_3.py
[2025-12-15T19:17:30.245+0000] {processor.py:914} INFO - Processing file /home/airflow/.local/lib/python3.12/site-packages/airflow/example_dags/example_branch_python_dop_operator_3.py for tasks to queue
[2025-12-15T19:17:30.250+0000] {logging_mixin.py:190} INFO - [2025-12-15T19:17:30.248+0000] {dagbag.py:588} INFO - Filling up the DagBag from /home/airflow/.local/lib/python3.12/site-packages/airflow/example_dags/example_branch_python_dop_operator_3.py
[2025-12-15T19:17:30.285+0000] {processor.py:925} INFO - DAG(s) 'example_branch_dop_operator_v3' retrieved from /home/airflow/.local/lib/python3.12/site-packages/airflow/example_dags/example_branch_python_dop_operator_3.py
[2025-12-15T19:17:30.367+0000] {logging_mixin.py:190} INFO - [2025-12-15T19:17:30.366+0000] {dag.py:3239} INFO - Sync 1 DAGs
[2025-12-15T19:17:30.514+0000] {logging_mixin.py:190} INFO - [2025-12-15T19:17:30.514+0000] {dag.py:4180} INFO - Setting next_dagrun for example_branch_dop_operator_v3 to 2025-12-15 19:16:00+00:00, run_after=2025-12-15 19:17:00+00:00
[2025-12-15T19:17:30.587+0000] {processor.py:208} INFO - Processing /home/airflow/.local/lib/python3.12/site-packages/airflow/example_dags/example_branch_python_dop_operator_3.py took 0.371 seconds
[2025-12-15T19:18:02.106+0000] {processor.py:186} INFO - Started process (PID=11085) to work on /home/airflow/.local/lib/python3.12/site-packages/airflow/example_dags/example_branch_python_dop_operator_3.py
[2025-12-15T19:18:02.115+0000] {processor.py:914} INFO - Processing file /home/airflow/.local/lib/python3.12/site-packages/airflow/example_dags/example_branch_python_dop_operator_3.py for tasks to queue
[2025-12-15T19:18:02.120+0000] {logging_mixin.py:190} INFO - [2025-12-15T19:18:02.119+0000] {dagbag.py:588} INFO - Filling up the DagBag from /home/airflow/.local/lib/python3.12/site-packages/airflow/example_dags/example_branch_python_dop_operator_3.py
[2025-12-15T19:18:02.173+0000] {processor.py:925} INFO - DAG(s) 'example_branch_dop_operator_v3' retrieved from /home/airflow/.local/lib/python3.12/site-packages/airflow/example_dags/example_branch_python_dop_operator_3.py
[2025-12-15T19:18:02.244+0000] {logging_mixin.py:190} INFO - [2025-12-15T19:18:02.243+0000] {dag.py:3239} INFO - Sync 1 DAGs
[2025-12-15T19:18:02.351+0000] {logging_mixin.py:190} INFO - [2025-12-15T19:18:02.350+0000] {dag.py:4180} INFO - Setting next_dagrun for example_branch_dop_operator_v3 to 2025-12-15 19:17:00+00:00, run_after=2025-12-15 19:18:00+00:00
[2025-12-15T19:18:02.429+0000] {processor.py:208} INFO - Processing /home/airflow/.local/lib/python3.12/site-packages/airflow/example_dags/example_branch_python_dop_operator_3.py took 0.356 seconds
[2025-12-15T19:18:33.643+0000] {processor.py:186} INFO - Started process (PID=11384) to work on /home/airflow/.local/lib/python3.12/site-packages/airflow/example_dags/example_branch_python_dop_operator_3.py
[2025-12-15T19:18:33.644+0000] {processor.py:914} INFO - Processing file /home/airflow/.local/lib/python3.12/site-packages/airflow/example_dags/example_branch_python_dop_operator_3.py for tasks to queue
[2025-12-15T19:18:33.647+0000] {logging_mixin.py:190} INFO - [2025-12-15T19:18:33.646+0000] {dagbag.py:588} INFO - Filling up the DagBag from /home/airflow/.local/lib/python3.12/site-packages/airflow/example_dags/example_branch_python_dop_operator_3.py
[2025-12-15T19:18:33.668+0000] {processor.py:925} INFO - DAG(s) 'example_branch_dop_operator_v3' retrieved from /home/airflow/.local/lib/python3.12/site-packages/airflow/example_dags/example_branch_python_dop_operator_3.py
[2025-12-15T19:18:33.703+0000] {logging_mixin.py:190} INFO - [2025-12-15T19:18:33.702+0000] {dag.py:3239} INFO - Sync 1 DAGs
[2025-12-15T19:18:33.753+0000] {logging_mixin.py:190} INFO - [2025-12-15T19:18:33.753+0000] {dag.py:4180} INFO - Setting next_dagrun for example_branch_dop_operator_v3 to 2025-12-15 19:17:00+00:00, run_after=2025-12-15 19:18:00+00:00
[2025-12-15T19:18:33.804+0000] {processor.py:208} INFO - Processing /home/airflow/.local/lib/python3.12/site-packages/airflow/example_dags/example_branch_python_dop_operator_3.py took 0.172 seconds
[2025-12-15T19:19:07.613+0000] {processor.py:186} INFO - Started process (PID=11670) to work on /home/airflow/.local/lib/python3.12/site-packages/airflow/example_dags/example_branch_python_dop_operator_3.py
[2025-12-15T19:19:07.615+0000] {processor.py:914} INFO - Processing file /home/airflow/.local/lib/python3.12/site-packages/airflow/example_dags/example_branch_python_dop_operator_3.py for tasks to queue
[2025-12-15T19:19:07.617+0000] {logging_mixin.py:190} INFO - [2025-12-15T19:19:07.617+0000] {dagbag.py:588} INFO - Filling up the DagBag from /home/airflow/.local/lib/python3.12/site-packages/airflow/example_dags/example_branch_python_dop_operator_3.py
[2025-12-15T19:19:07.642+0000] {processor.py:925} INFO - DAG(s) 'example_branch_dop_operator_v3' retrieved from /home/airflow/.local/lib/python3.12/site-packages/airflow/example_dags/example_branch_python_dop_operator_3.py
[2025-12-15T19:19:07.690+0000] {logging_mixin.py:190} INFO - [2025-12-15T19:19:07.690+0000] {dag.py:3239} INFO - Sync 1 DAGs
[2025-12-15T19:19:07.759+0000] {logging_mixin.py:190} INFO - [2025-12-15T19:19:07.759+0000] {dag.py:4180} INFO - Setting next_dagrun for example_branch_dop_operator_v3 to 2025-12-15 19:18:00+00:00, run_after=2025-12-15 19:19:00+00:00
[2025-12-15T19:19:07.803+0000] {processor.py:208} INFO - Processing /home/airflow/.local/lib/python3.12/site-packages/airflow/example_dags/example_branch_python_dop_operator_3.py took 0.203 seconds
