[2025-12-15T18:55:47.740+0000] {processor.py:186} INFO - Started process (PID=324) to work on /home/airflow/.local/lib/python3.12/site-packages/airflow/example_dags/example_dataset_alias.py
[2025-12-15T18:55:47.744+0000] {processor.py:914} INFO - Processing file /home/airflow/.local/lib/python3.12/site-packages/airflow/example_dags/example_dataset_alias.py for tasks to queue
[2025-12-15T18:55:47.751+0000] {logging_mixin.py:190} INFO - [2025-12-15T18:55:47.750+0000] {dagbag.py:588} INFO - Filling up the DagBag from /home/airflow/.local/lib/python3.12/site-packages/airflow/example_dags/example_dataset_alias.py
[2025-12-15T18:56:01.486+0000] {processor.py:925} INFO - DAG(s) 'dataset_s3_bucket_producer', 'dataset_alias_example_alias_producer', 'dataset_s3_bucket_consumer', 'dataset_alias_example_alias_consumer' retrieved from /home/airflow/.local/lib/python3.12/site-packages/airflow/example_dags/example_dataset_alias.py
[2025-12-15T18:56:03.451+0000] {logging_mixin.py:190} INFO - [2025-12-15T18:56:03.438+0000] {override.py:1911} INFO - Created Permission View: can read on DAG:dataset_s3_bucket_producer
[2025-12-15T18:56:03.628+0000] {logging_mixin.py:190} INFO - [2025-12-15T18:56:03.627+0000] {override.py:1911} INFO - Created Permission View: can edit on DAG:dataset_s3_bucket_producer
[2025-12-15T18:56:03.740+0000] {logging_mixin.py:190} INFO - [2025-12-15T18:56:03.739+0000] {override.py:1911} INFO - Created Permission View: can delete on DAG:dataset_s3_bucket_producer
[2025-12-15T18:56:03.888+0000] {logging_mixin.py:190} INFO - [2025-12-15T18:56:03.887+0000] {override.py:1911} INFO - Created Permission View: can read on DAG Run:dataset_s3_bucket_producer
[2025-12-15T18:56:03.949+0000] {logging_mixin.py:190} INFO - [2025-12-15T18:56:03.948+0000] {override.py:1911} INFO - Created Permission View: menu access on DAG Run:dataset_s3_bucket_producer
[2025-12-15T18:54:18.388+0000] {logging_mixin.py:190} INFO - [2025-12-15T18:54:18.387+0000] {override.py:1911} INFO - Created Permission View: can create on DAG Run:dataset_s3_bucket_producer
[2025-12-15T18:54:18.442+0000] {logging_mixin.py:190} INFO - [2025-12-15T18:54:18.441+0000] {override.py:1911} INFO - Created Permission View: can delete on DAG Run:dataset_s3_bucket_producer
[2025-12-15T18:54:18.578+0000] {logging_mixin.py:190} INFO - [2025-12-15T18:54:18.577+0000] {override.py:1911} INFO - Created Permission View: can read on DAG:dataset_alias_example_alias_producer
[2025-12-15T18:56:04.878+0000] {logging_mixin.py:190} INFO - [2025-12-15T18:56:04.877+0000] {override.py:1911} INFO - Created Permission View: can edit on DAG:dataset_alias_example_alias_producer
[2025-12-15T18:56:04.981+0000] {logging_mixin.py:190} INFO - [2025-12-15T18:56:04.979+0000] {override.py:1911} INFO - Created Permission View: can delete on DAG:dataset_alias_example_alias_producer
[2025-12-15T18:56:05.156+0000] {logging_mixin.py:190} INFO - [2025-12-15T18:56:05.155+0000] {override.py:1911} INFO - Created Permission View: can read on DAG Run:dataset_alias_example_alias_producer
[2025-12-15T18:56:05.355+0000] {logging_mixin.py:190} INFO - [2025-12-15T18:56:05.353+0000] {override.py:1911} INFO - Created Permission View: menu access on DAG Run:dataset_alias_example_alias_producer
[2025-12-15T18:56:05.474+0000] {logging_mixin.py:190} INFO - [2025-12-15T18:56:05.474+0000] {override.py:1911} INFO - Created Permission View: can create on DAG Run:dataset_alias_example_alias_producer
[2025-12-15T18:56:05.658+0000] {logging_mixin.py:190} INFO - [2025-12-15T18:56:05.657+0000] {override.py:1911} INFO - Created Permission View: can delete on DAG Run:dataset_alias_example_alias_producer
[2025-12-15T18:56:06.094+0000] {logging_mixin.py:190} INFO - [2025-12-15T18:56:06.093+0000] {override.py:1911} INFO - Created Permission View: can read on DAG:dataset_s3_bucket_consumer
[2025-12-15T18:56:06.161+0000] {logging_mixin.py:190} INFO - [2025-12-15T18:56:06.161+0000] {override.py:1911} INFO - Created Permission View: can edit on DAG:dataset_s3_bucket_consumer
[2025-12-15T18:56:06.270+0000] {logging_mixin.py:190} INFO - [2025-12-15T18:56:06.268+0000] {override.py:1911} INFO - Created Permission View: can delete on DAG:dataset_s3_bucket_consumer
[2025-12-15T18:56:06.466+0000] {logging_mixin.py:190} INFO - [2025-12-15T18:56:06.465+0000] {override.py:1911} INFO - Created Permission View: can read on DAG Run:dataset_s3_bucket_consumer
[2025-12-15T18:56:06.553+0000] {logging_mixin.py:190} INFO - [2025-12-15T18:56:06.552+0000] {override.py:1911} INFO - Created Permission View: menu access on DAG Run:dataset_s3_bucket_consumer
[2025-12-15T18:56:06.609+0000] {logging_mixin.py:190} INFO - [2025-12-15T18:56:06.608+0000] {override.py:1911} INFO - Created Permission View: can create on DAG Run:dataset_s3_bucket_consumer
[2025-12-15T18:56:06.841+0000] {logging_mixin.py:190} INFO - [2025-12-15T18:56:06.840+0000] {override.py:1911} INFO - Created Permission View: can delete on DAG Run:dataset_s3_bucket_consumer
[2025-12-15T18:56:06.985+0000] {logging_mixin.py:190} INFO - [2025-12-15T18:56:06.984+0000] {override.py:1911} INFO - Created Permission View: can read on DAG:dataset_alias_example_alias_consumer
[2025-12-15T18:56:07.048+0000] {logging_mixin.py:190} INFO - [2025-12-15T18:56:07.048+0000] {override.py:1911} INFO - Created Permission View: can edit on DAG:dataset_alias_example_alias_consumer
[2025-12-15T18:56:07.185+0000] {logging_mixin.py:190} INFO - [2025-12-15T18:56:07.185+0000] {override.py:1911} INFO - Created Permission View: can delete on DAG:dataset_alias_example_alias_consumer
[2025-12-15T18:56:07.708+0000] {logging_mixin.py:190} INFO - [2025-12-15T18:56:07.707+0000] {override.py:1911} INFO - Created Permission View: can read on DAG Run:dataset_alias_example_alias_consumer
[2025-12-15T18:56:07.869+0000] {logging_mixin.py:190} INFO - [2025-12-15T18:56:07.868+0000] {override.py:1911} INFO - Created Permission View: menu access on DAG Run:dataset_alias_example_alias_consumer
[2025-12-15T18:56:07.999+0000] {logging_mixin.py:190} INFO - [2025-12-15T18:56:07.999+0000] {override.py:1911} INFO - Created Permission View: can create on DAG Run:dataset_alias_example_alias_consumer
[2025-12-15T18:56:08.100+0000] {logging_mixin.py:190} INFO - [2025-12-15T18:56:08.099+0000] {override.py:1911} INFO - Created Permission View: can delete on DAG Run:dataset_alias_example_alias_consumer
[2025-12-15T18:56:08.101+0000] {logging_mixin.py:190} INFO - [2025-12-15T18:56:08.100+0000] {dag.py:3239} INFO - Sync 4 DAGs
[2025-12-15T18:56:08.135+0000] {logging_mixin.py:190} INFO - [2025-12-15T18:56:08.134+0000] {dag.py:3262} INFO - Creating ORM DAG for dataset_s3_bucket_consumer
[2025-12-15T18:56:08.136+0000] {logging_mixin.py:190} INFO - [2025-12-15T18:56:08.136+0000] {dag.py:3262} INFO - Creating ORM DAG for dataset_alias_example_alias_producer
[2025-12-15T18:56:08.137+0000] {logging_mixin.py:190} INFO - [2025-12-15T18:56:08.137+0000] {dag.py:3262} INFO - Creating ORM DAG for dataset_alias_example_alias_consumer
[2025-12-15T18:56:08.138+0000] {logging_mixin.py:190} INFO - [2025-12-15T18:56:08.138+0000] {dag.py:3262} INFO - Creating ORM DAG for dataset_s3_bucket_producer
[2025-12-15T18:56:08.158+0000] {logging_mixin.py:190} INFO - [2025-12-15T18:56:08.157+0000] {dag.py:4180} INFO - Setting next_dagrun for dataset_alias_example_alias_consumer to None, run_after=None
[2025-12-15T18:56:08.159+0000] {logging_mixin.py:190} INFO - [2025-12-15T18:56:08.159+0000] {dag.py:4180} INFO - Setting next_dagrun for dataset_alias_example_alias_producer to None, run_after=None
[2025-12-15T18:56:08.160+0000] {logging_mixin.py:190} INFO - [2025-12-15T18:56:08.160+0000] {dag.py:4180} INFO - Setting next_dagrun for dataset_s3_bucket_consumer to None, run_after=None
[2025-12-15T18:56:08.162+0000] {logging_mixin.py:190} INFO - [2025-12-15T18:56:08.161+0000] {dag.py:4180} INFO - Setting next_dagrun for dataset_s3_bucket_producer to None, run_after=None
[2025-12-15T18:56:08.351+0000] {processor.py:208} INFO - Processing /home/airflow/.local/lib/python3.12/site-packages/airflow/example_dags/example_dataset_alias.py took 20.107 seconds
[2025-12-15T18:56:48.222+0000] {processor.py:186} INFO - Started process (PID=619) to work on /home/airflow/.local/lib/python3.12/site-packages/airflow/example_dags/example_dataset_alias.py
[2025-12-15T18:56:48.225+0000] {processor.py:914} INFO - Processing file /home/airflow/.local/lib/python3.12/site-packages/airflow/example_dags/example_dataset_alias.py for tasks to queue
[2025-12-15T18:56:48.244+0000] {logging_mixin.py:190} INFO - [2025-12-15T18:56:48.239+0000] {dagbag.py:588} INFO - Filling up the DagBag from /home/airflow/.local/lib/python3.12/site-packages/airflow/example_dags/example_dataset_alias.py
[2025-12-15T18:56:53.949+0000] {processor.py:925} INFO - DAG(s) 'dataset_s3_bucket_consumer', 'dataset_s3_bucket_producer', 'dataset_alias_example_alias_consumer', 'dataset_alias_example_alias_producer' retrieved from /home/airflow/.local/lib/python3.12/site-packages/airflow/example_dags/example_dataset_alias.py
[2025-12-15T18:56:54.151+0000] {logging_mixin.py:190} INFO - [2025-12-15T18:56:54.150+0000] {dag.py:3239} INFO - Sync 4 DAGs
[2025-12-15T18:56:54.338+0000] {logging_mixin.py:190} INFO - [2025-12-15T18:56:54.337+0000] {dag.py:4180} INFO - Setting next_dagrun for dataset_alias_example_alias_consumer to None, run_after=None
[2025-12-15T18:56:54.358+0000] {logging_mixin.py:190} INFO - [2025-12-15T18:56:54.357+0000] {dag.py:4180} INFO - Setting next_dagrun for dataset_alias_example_alias_producer to None, run_after=None
[2025-12-15T18:56:54.372+0000] {logging_mixin.py:190} INFO - [2025-12-15T18:56:54.372+0000] {dag.py:4180} INFO - Setting next_dagrun for dataset_s3_bucket_consumer to None, run_after=None
[2025-12-15T18:56:54.385+0000] {logging_mixin.py:190} INFO - [2025-12-15T18:56:54.385+0000] {dag.py:4180} INFO - Setting next_dagrun for dataset_s3_bucket_producer to None, run_after=None
[2025-12-15T18:56:54.563+0000] {processor.py:208} INFO - Processing /home/airflow/.local/lib/python3.12/site-packages/airflow/example_dags/example_dataset_alias.py took 6.375 seconds
[2025-12-15T18:57:26.804+0000] {processor.py:186} INFO - Started process (PID=920) to work on /home/airflow/.local/lib/python3.12/site-packages/airflow/example_dags/example_dataset_alias.py
[2025-12-15T18:57:26.811+0000] {processor.py:914} INFO - Processing file /home/airflow/.local/lib/python3.12/site-packages/airflow/example_dags/example_dataset_alias.py for tasks to queue
[2025-12-15T18:57:26.894+0000] {logging_mixin.py:190} INFO - [2025-12-15T18:57:26.891+0000] {dagbag.py:588} INFO - Filling up the DagBag from /home/airflow/.local/lib/python3.12/site-packages/airflow/example_dags/example_dataset_alias.py
[2025-12-15T18:57:31.707+0000] {processor.py:925} INFO - DAG(s) 'dataset_s3_bucket_consumer', 'dataset_s3_bucket_producer', 'dataset_alias_example_alias_producer', 'dataset_alias_example_alias_consumer' retrieved from /home/airflow/.local/lib/python3.12/site-packages/airflow/example_dags/example_dataset_alias.py
[2025-12-15T18:57:31.755+0000] {logging_mixin.py:190} INFO - [2025-12-15T18:57:31.754+0000] {dag.py:3239} INFO - Sync 4 DAGs
[2025-12-15T18:57:31.813+0000] {logging_mixin.py:190} INFO - [2025-12-15T18:57:31.812+0000] {dag.py:4180} INFO - Setting next_dagrun for dataset_alias_example_alias_consumer to None, run_after=None
[2025-12-15T18:57:31.822+0000] {logging_mixin.py:190} INFO - [2025-12-15T18:57:31.822+0000] {dag.py:4180} INFO - Setting next_dagrun for dataset_alias_example_alias_producer to None, run_after=None
[2025-12-15T18:57:31.825+0000] {logging_mixin.py:190} INFO - [2025-12-15T18:57:31.825+0000] {dag.py:4180} INFO - Setting next_dagrun for dataset_s3_bucket_consumer to None, run_after=None
[2025-12-15T18:57:31.829+0000] {logging_mixin.py:190} INFO - [2025-12-15T18:57:31.828+0000] {dag.py:4180} INFO - Setting next_dagrun for dataset_s3_bucket_producer to None, run_after=None
[2025-12-15T18:57:31.872+0000] {processor.py:208} INFO - Processing /home/airflow/.local/lib/python3.12/site-packages/airflow/example_dags/example_dataset_alias.py took 5.472 seconds
[2025-12-15T18:58:04.259+0000] {processor.py:186} INFO - Started process (PID=1236) to work on /home/airflow/.local/lib/python3.12/site-packages/airflow/example_dags/example_dataset_alias.py
[2025-12-15T18:58:04.271+0000] {processor.py:914} INFO - Processing file /home/airflow/.local/lib/python3.12/site-packages/airflow/example_dags/example_dataset_alias.py for tasks to queue
[2025-12-15T18:58:04.274+0000] {logging_mixin.py:190} INFO - [2025-12-15T18:58:04.274+0000] {dagbag.py:588} INFO - Filling up the DagBag from /home/airflow/.local/lib/python3.12/site-packages/airflow/example_dags/example_dataset_alias.py
[2025-12-15T18:58:07.012+0000] {processor.py:925} INFO - DAG(s) 'dataset_alias_example_alias_consumer', 'dataset_s3_bucket_consumer', 'dataset_alias_example_alias_producer', 'dataset_s3_bucket_producer' retrieved from /home/airflow/.local/lib/python3.12/site-packages/airflow/example_dags/example_dataset_alias.py
[2025-12-15T18:58:07.094+0000] {logging_mixin.py:190} INFO - [2025-12-15T18:58:07.089+0000] {dag.py:3239} INFO - Sync 4 DAGs
[2025-12-15T18:58:07.232+0000] {logging_mixin.py:190} INFO - [2025-12-15T18:58:07.231+0000] {dag.py:4180} INFO - Setting next_dagrun for dataset_alias_example_alias_consumer to None, run_after=None
[2025-12-15T18:58:07.249+0000] {logging_mixin.py:190} INFO - [2025-12-15T18:58:07.248+0000] {dag.py:4180} INFO - Setting next_dagrun for dataset_alias_example_alias_producer to None, run_after=None
[2025-12-15T18:58:07.252+0000] {logging_mixin.py:190} INFO - [2025-12-15T18:58:07.252+0000] {dag.py:4180} INFO - Setting next_dagrun for dataset_s3_bucket_consumer to None, run_after=None
[2025-12-15T18:58:07.260+0000] {logging_mixin.py:190} INFO - [2025-12-15T18:58:07.258+0000] {dag.py:4180} INFO - Setting next_dagrun for dataset_s3_bucket_producer to None, run_after=None
[2025-12-15T18:58:07.352+0000] {processor.py:208} INFO - Processing /home/airflow/.local/lib/python3.12/site-packages/airflow/example_dags/example_dataset_alias.py took 3.103 seconds
[2025-12-15T18:58:38.008+0000] {processor.py:186} INFO - Started process (PID=1544) to work on /home/airflow/.local/lib/python3.12/site-packages/airflow/example_dags/example_dataset_alias.py
[2025-12-15T18:58:38.017+0000] {processor.py:914} INFO - Processing file /home/airflow/.local/lib/python3.12/site-packages/airflow/example_dags/example_dataset_alias.py for tasks to queue
[2025-12-15T18:58:38.037+0000] {logging_mixin.py:190} INFO - [2025-12-15T18:58:38.027+0000] {dagbag.py:588} INFO - Filling up the DagBag from /home/airflow/.local/lib/python3.12/site-packages/airflow/example_dags/example_dataset_alias.py
[2025-12-15T18:58:40.684+0000] {processor.py:925} INFO - DAG(s) 'dataset_s3_bucket_producer', 'dataset_s3_bucket_consumer', 'dataset_alias_example_alias_consumer', 'dataset_alias_example_alias_producer' retrieved from /home/airflow/.local/lib/python3.12/site-packages/airflow/example_dags/example_dataset_alias.py
[2025-12-15T18:58:40.710+0000] {logging_mixin.py:190} INFO - [2025-12-15T18:58:40.709+0000] {dag.py:3239} INFO - Sync 4 DAGs
[2025-12-15T18:58:40.734+0000] {logging_mixin.py:190} INFO - [2025-12-15T18:58:40.734+0000] {dag.py:4180} INFO - Setting next_dagrun for dataset_alias_example_alias_consumer to None, run_after=None
[2025-12-15T18:58:40.737+0000] {logging_mixin.py:190} INFO - [2025-12-15T18:58:40.736+0000] {dag.py:4180} INFO - Setting next_dagrun for dataset_alias_example_alias_producer to None, run_after=None
[2025-12-15T18:58:40.740+0000] {logging_mixin.py:190} INFO - [2025-12-15T18:58:40.740+0000] {dag.py:4180} INFO - Setting next_dagrun for dataset_s3_bucket_consumer to None, run_after=None
[2025-12-15T18:58:40.742+0000] {logging_mixin.py:190} INFO - [2025-12-15T18:58:40.741+0000] {dag.py:4180} INFO - Setting next_dagrun for dataset_s3_bucket_producer to None, run_after=None
[2025-12-15T18:58:40.841+0000] {processor.py:208} INFO - Processing /home/airflow/.local/lib/python3.12/site-packages/airflow/example_dags/example_dataset_alias.py took 2.888 seconds
[2025-12-15T18:59:12.900+0000] {processor.py:186} INFO - Started process (PID=1838) to work on /home/airflow/.local/lib/python3.12/site-packages/airflow/example_dags/example_dataset_alias.py
[2025-12-15T18:59:13.016+0000] {processor.py:914} INFO - Processing file /home/airflow/.local/lib/python3.12/site-packages/airflow/example_dags/example_dataset_alias.py for tasks to queue
[2025-12-15T18:59:13.024+0000] {logging_mixin.py:190} INFO - [2025-12-15T18:59:13.022+0000] {dagbag.py:588} INFO - Filling up the DagBag from /home/airflow/.local/lib/python3.12/site-packages/airflow/example_dags/example_dataset_alias.py
[2025-12-15T18:59:35.718+0000] {processor.py:925} INFO - DAG(s) 'dataset_s3_bucket_producer', 'dataset_s3_bucket_consumer', 'dataset_alias_example_alias_producer', 'dataset_alias_example_alias_consumer' retrieved from /home/airflow/.local/lib/python3.12/site-packages/airflow/example_dags/example_dataset_alias.py
[2025-12-15T18:59:35.812+0000] {logging_mixin.py:190} INFO - [2025-12-15T18:59:35.809+0000] {dag.py:3239} INFO - Sync 4 DAGs
[2025-12-15T18:59:35.894+0000] {logging_mixin.py:190} INFO - [2025-12-15T18:59:35.893+0000] {dag.py:4180} INFO - Setting next_dagrun for dataset_alias_example_alias_consumer to None, run_after=None
[2025-12-15T18:59:35.904+0000] {logging_mixin.py:190} INFO - [2025-12-15T18:59:35.904+0000] {dag.py:4180} INFO - Setting next_dagrun for dataset_alias_example_alias_producer to None, run_after=None
[2025-12-15T18:59:35.908+0000] {logging_mixin.py:190} INFO - [2025-12-15T18:59:35.908+0000] {dag.py:4180} INFO - Setting next_dagrun for dataset_s3_bucket_consumer to None, run_after=None
[2025-12-15T18:59:35.913+0000] {logging_mixin.py:190} INFO - [2025-12-15T18:59:35.912+0000] {dag.py:4180} INFO - Setting next_dagrun for dataset_s3_bucket_producer to None, run_after=None
[2025-12-15T18:59:36.006+0000] {processor.py:208} INFO - Processing /home/airflow/.local/lib/python3.12/site-packages/airflow/example_dags/example_dataset_alias.py took 22.512 seconds
[2025-12-15T19:01:07.960+0000] {processor.py:186} INFO - Started process (PID=2219) to work on /home/airflow/.local/lib/python3.12/site-packages/airflow/example_dags/example_dataset_alias.py
[2025-12-15T19:01:07.966+0000] {processor.py:914} INFO - Processing file /home/airflow/.local/lib/python3.12/site-packages/airflow/example_dags/example_dataset_alias.py for tasks to queue
[2025-12-15T19:01:07.984+0000] {logging_mixin.py:190} INFO - [2025-12-15T19:01:07.983+0000] {dagbag.py:588} INFO - Filling up the DagBag from /home/airflow/.local/lib/python3.12/site-packages/airflow/example_dags/example_dataset_alias.py
[2025-12-15T19:01:46.160+0000] {logging_mixin.py:190} INFO - [2025-12-15T19:01:46.156+0000] {timeout.py:68} ERROR - Process timed out, PID: 2219
[2025-12-15T19:01:46.162+0000] {logging_mixin.py:190} WARNING - Exception ignored in: <function WeakKeyDictionary.__init__.<locals>.remove at 0x7e922091ba60>
[2025-12-15T19:01:46.163+0000] {logging_mixin.py:190} WARNING - Traceback (most recent call last):
[2025-12-15T19:01:46.164+0000] {logging_mixin.py:190} WARNING -   File "/usr/local/lib/python3.12/weakref.py", line 369, in remove
[2025-12-15T19:01:46.165+0000] {logging_mixin.py:190} WARNING -     def remove(k, selfref=ref(self)):
[2025-12-15T19:01:46.167+0000] {logging_mixin.py:190} WARNING -   File "/home/airflow/.local/lib/python3.12/site-packages/airflow/utils/timeout.py", line 69, in handle_timeout
[2025-12-15T19:01:46.170+0000] {logging_mixin.py:190} WARNING -     raise AirflowTaskTimeout(self.error_message)
[2025-12-15T19:01:46.181+0000] {logging_mixin.py:190} WARNING - airflow.exceptions.AirflowTaskTimeout: DagBag import timeout for /home/airflow/.local/lib/python3.12/site-packages/airflow/example_dags/example_dataset_alias.py after 30.0s.
Please take a look at these docs to improve your DAG import time:
* https://airflow.apache.org/docs/apache-airflow/2.10.3/best-practices.html#top-level-python-code
* https://airflow.apache.org/docs/apache-airflow/2.10.3/best-practices.html#reducing-dag-complexity, PID: 2219
[2025-12-15T19:01:46.911+0000] {processor.py:925} INFO - DAG(s) 'dataset_alias_example_alias_producer', 'dataset_alias_example_alias_consumer', 'dataset_s3_bucket_producer', 'dataset_s3_bucket_consumer' retrieved from /home/airflow/.local/lib/python3.12/site-packages/airflow/example_dags/example_dataset_alias.py
[2025-12-15T19:01:46.993+0000] {logging_mixin.py:190} INFO - [2025-12-15T19:01:46.992+0000] {dag.py:3239} INFO - Sync 4 DAGs
[2025-12-15T19:01:47.081+0000] {logging_mixin.py:190} INFO - [2025-12-15T19:01:47.080+0000] {dag.py:4180} INFO - Setting next_dagrun for dataset_alias_example_alias_consumer to None, run_after=None
[2025-12-15T19:01:47.087+0000] {logging_mixin.py:190} INFO - [2025-12-15T19:01:47.087+0000] {dag.py:4180} INFO - Setting next_dagrun for dataset_alias_example_alias_producer to None, run_after=None
[2025-12-15T19:01:47.091+0000] {logging_mixin.py:190} INFO - [2025-12-15T19:01:47.091+0000] {dag.py:4180} INFO - Setting next_dagrun for dataset_s3_bucket_consumer to None, run_after=None
[2025-12-15T19:01:47.096+0000] {logging_mixin.py:190} INFO - [2025-12-15T19:01:47.096+0000] {dag.py:4180} INFO - Setting next_dagrun for dataset_s3_bucket_producer to None, run_after=None
[2025-12-15T19:01:47.176+0000] {processor.py:208} INFO - Processing /home/airflow/.local/lib/python3.12/site-packages/airflow/example_dags/example_dataset_alias.py took 36.536 seconds
[2025-12-15T19:02:17.856+0000] {processor.py:186} INFO - Started process (PID=2530) to work on /home/airflow/.local/lib/python3.12/site-packages/airflow/example_dags/example_dataset_alias.py
[2025-12-15T19:02:17.860+0000] {processor.py:914} INFO - Processing file /home/airflow/.local/lib/python3.12/site-packages/airflow/example_dags/example_dataset_alias.py for tasks to queue
[2025-12-15T19:02:17.864+0000] {logging_mixin.py:190} INFO - [2025-12-15T19:02:17.863+0000] {dagbag.py:588} INFO - Filling up the DagBag from /home/airflow/.local/lib/python3.12/site-packages/airflow/example_dags/example_dataset_alias.py
[2025-12-15T19:02:19.180+0000] {processor.py:925} INFO - DAG(s) 'dataset_alias_example_alias_consumer', 'dataset_s3_bucket_producer', 'dataset_s3_bucket_consumer', 'dataset_alias_example_alias_producer' retrieved from /home/airflow/.local/lib/python3.12/site-packages/airflow/example_dags/example_dataset_alias.py
[2025-12-15T19:02:19.237+0000] {logging_mixin.py:190} INFO - [2025-12-15T19:02:19.236+0000] {dag.py:3239} INFO - Sync 4 DAGs
[2025-12-15T19:02:19.287+0000] {logging_mixin.py:190} INFO - [2025-12-15T19:02:19.286+0000] {dag.py:4180} INFO - Setting next_dagrun for dataset_alias_example_alias_consumer to None, run_after=None
[2025-12-15T19:02:19.295+0000] {logging_mixin.py:190} INFO - [2025-12-15T19:02:19.294+0000] {dag.py:4180} INFO - Setting next_dagrun for dataset_alias_example_alias_producer to None, run_after=None
[2025-12-15T19:02:19.298+0000] {logging_mixin.py:190} INFO - [2025-12-15T19:02:19.298+0000] {dag.py:4180} INFO - Setting next_dagrun for dataset_s3_bucket_consumer to None, run_after=None
[2025-12-15T19:02:19.301+0000] {logging_mixin.py:190} INFO - [2025-12-15T19:02:19.300+0000] {dag.py:4180} INFO - Setting next_dagrun for dataset_s3_bucket_producer to None, run_after=None
[2025-12-15T19:02:19.357+0000] {processor.py:208} INFO - Processing /home/airflow/.local/lib/python3.12/site-packages/airflow/example_dags/example_dataset_alias.py took 1.512 seconds
[2025-12-15T19:02:49.810+0000] {processor.py:186} INFO - Started process (PID=2831) to work on /home/airflow/.local/lib/python3.12/site-packages/airflow/example_dags/example_dataset_alias.py
[2025-12-15T19:02:49.813+0000] {processor.py:914} INFO - Processing file /home/airflow/.local/lib/python3.12/site-packages/airflow/example_dags/example_dataset_alias.py for tasks to queue
[2025-12-15T19:02:49.832+0000] {logging_mixin.py:190} INFO - [2025-12-15T19:02:49.831+0000] {dagbag.py:588} INFO - Filling up the DagBag from /home/airflow/.local/lib/python3.12/site-packages/airflow/example_dags/example_dataset_alias.py
[2025-12-15T19:02:54.243+0000] {processor.py:925} INFO - DAG(s) 'dataset_alias_example_alias_consumer', 'dataset_s3_bucket_consumer', 'dataset_s3_bucket_producer', 'dataset_alias_example_alias_producer' retrieved from /home/airflow/.local/lib/python3.12/site-packages/airflow/example_dags/example_dataset_alias.py
[2025-12-15T19:02:54.313+0000] {logging_mixin.py:190} INFO - [2025-12-15T19:02:54.312+0000] {dag.py:3239} INFO - Sync 4 DAGs
[2025-12-15T19:02:54.386+0000] {logging_mixin.py:190} INFO - [2025-12-15T19:02:54.385+0000] {dag.py:4180} INFO - Setting next_dagrun for dataset_alias_example_alias_consumer to None, run_after=None
[2025-12-15T19:02:54.393+0000] {logging_mixin.py:190} INFO - [2025-12-15T19:02:54.392+0000] {dag.py:4180} INFO - Setting next_dagrun for dataset_alias_example_alias_producer to None, run_after=None
[2025-12-15T19:02:54.396+0000] {logging_mixin.py:190} INFO - [2025-12-15T19:02:54.395+0000] {dag.py:4180} INFO - Setting next_dagrun for dataset_s3_bucket_consumer to None, run_after=None
[2025-12-15T19:02:54.399+0000] {logging_mixin.py:190} INFO - [2025-12-15T19:02:54.399+0000] {dag.py:4180} INFO - Setting next_dagrun for dataset_s3_bucket_producer to None, run_after=None
[2025-12-15T19:02:54.461+0000] {processor.py:208} INFO - Processing /home/airflow/.local/lib/python3.12/site-packages/airflow/example_dags/example_dataset_alias.py took 3.830 seconds
[2025-12-15T19:03:25.399+0000] {processor.py:186} INFO - Started process (PID=3122) to work on /home/airflow/.local/lib/python3.12/site-packages/airflow/example_dags/example_dataset_alias.py
[2025-12-15T19:03:25.401+0000] {processor.py:914} INFO - Processing file /home/airflow/.local/lib/python3.12/site-packages/airflow/example_dags/example_dataset_alias.py for tasks to queue
[2025-12-15T19:03:25.405+0000] {logging_mixin.py:190} INFO - [2025-12-15T19:03:25.404+0000] {dagbag.py:588} INFO - Filling up the DagBag from /home/airflow/.local/lib/python3.12/site-packages/airflow/example_dags/example_dataset_alias.py
[2025-12-15T19:03:28.615+0000] {processor.py:925} INFO - DAG(s) 'dataset_alias_example_alias_producer', 'dataset_s3_bucket_producer', 'dataset_alias_example_alias_consumer', 'dataset_s3_bucket_consumer' retrieved from /home/airflow/.local/lib/python3.12/site-packages/airflow/example_dags/example_dataset_alias.py
[2025-12-15T19:03:28.736+0000] {logging_mixin.py:190} INFO - [2025-12-15T19:03:28.734+0000] {dag.py:3239} INFO - Sync 4 DAGs
[2025-12-15T19:03:28.928+0000] {logging_mixin.py:190} INFO - [2025-12-15T19:03:28.918+0000] {dag.py:4180} INFO - Setting next_dagrun for dataset_alias_example_alias_consumer to None, run_after=None
[2025-12-15T19:03:28.946+0000] {logging_mixin.py:190} INFO - [2025-12-15T19:03:28.945+0000] {dag.py:4180} INFO - Setting next_dagrun for dataset_alias_example_alias_producer to None, run_after=None
[2025-12-15T19:03:28.958+0000] {logging_mixin.py:190} INFO - [2025-12-15T19:03:28.957+0000] {dag.py:4180} INFO - Setting next_dagrun for dataset_s3_bucket_consumer to None, run_after=None
[2025-12-15T19:03:28.964+0000] {logging_mixin.py:190} INFO - [2025-12-15T19:03:28.963+0000] {dag.py:4180} INFO - Setting next_dagrun for dataset_s3_bucket_producer to None, run_after=None
[2025-12-15T19:03:29.083+0000] {processor.py:208} INFO - Processing /home/airflow/.local/lib/python3.12/site-packages/airflow/example_dags/example_dataset_alias.py took 3.692 seconds
[2025-12-15T19:03:59.667+0000] {processor.py:186} INFO - Started process (PID=3419) to work on /home/airflow/.local/lib/python3.12/site-packages/airflow/example_dags/example_dataset_alias.py
[2025-12-15T19:03:59.670+0000] {processor.py:914} INFO - Processing file /home/airflow/.local/lib/python3.12/site-packages/airflow/example_dags/example_dataset_alias.py for tasks to queue
[2025-12-15T19:03:59.677+0000] {logging_mixin.py:190} INFO - [2025-12-15T19:03:59.676+0000] {dagbag.py:588} INFO - Filling up the DagBag from /home/airflow/.local/lib/python3.12/site-packages/airflow/example_dags/example_dataset_alias.py
[2025-12-15T19:04:05.391+0000] {processor.py:925} INFO - DAG(s) 'dataset_s3_bucket_consumer', 'dataset_alias_example_alias_producer', 'dataset_alias_example_alias_consumer', 'dataset_s3_bucket_producer' retrieved from /home/airflow/.local/lib/python3.12/site-packages/airflow/example_dags/example_dataset_alias.py
[2025-12-15T19:04:05.464+0000] {logging_mixin.py:190} INFO - [2025-12-15T19:04:05.458+0000] {dag.py:3239} INFO - Sync 4 DAGs
[2025-12-15T19:04:05.547+0000] {logging_mixin.py:190} INFO - [2025-12-15T19:04:05.547+0000] {dag.py:4180} INFO - Setting next_dagrun for dataset_alias_example_alias_consumer to None, run_after=None
[2025-12-15T19:04:05.554+0000] {logging_mixin.py:190} INFO - [2025-12-15T19:04:05.554+0000] {dag.py:4180} INFO - Setting next_dagrun for dataset_alias_example_alias_producer to None, run_after=None
[2025-12-15T19:04:05.558+0000] {logging_mixin.py:190} INFO - [2025-12-15T19:04:05.557+0000] {dag.py:4180} INFO - Setting next_dagrun for dataset_s3_bucket_consumer to None, run_after=None
[2025-12-15T19:04:05.563+0000] {logging_mixin.py:190} INFO - [2025-12-15T19:04:05.562+0000] {dag.py:4180} INFO - Setting next_dagrun for dataset_s3_bucket_producer to None, run_after=None
[2025-12-15T19:04:05.632+0000] {processor.py:208} INFO - Processing /home/airflow/.local/lib/python3.12/site-packages/airflow/example_dags/example_dataset_alias.py took 5.983 seconds
[2025-12-15T19:04:35.985+0000] {processor.py:186} INFO - Started process (PID=3710) to work on /home/airflow/.local/lib/python3.12/site-packages/airflow/example_dags/example_dataset_alias.py
[2025-12-15T19:04:35.987+0000] {processor.py:914} INFO - Processing file /home/airflow/.local/lib/python3.12/site-packages/airflow/example_dags/example_dataset_alias.py for tasks to queue
[2025-12-15T19:04:35.993+0000] {logging_mixin.py:190} INFO - [2025-12-15T19:04:35.992+0000] {dagbag.py:588} INFO - Filling up the DagBag from /home/airflow/.local/lib/python3.12/site-packages/airflow/example_dags/example_dataset_alias.py
[2025-12-15T19:04:36.871+0000] {processor.py:925} INFO - DAG(s) 'dataset_s3_bucket_consumer', 'dataset_alias_example_alias_consumer', 'dataset_alias_example_alias_producer', 'dataset_s3_bucket_producer' retrieved from /home/airflow/.local/lib/python3.12/site-packages/airflow/example_dags/example_dataset_alias.py
[2025-12-15T19:04:36.906+0000] {logging_mixin.py:190} INFO - [2025-12-15T19:04:36.905+0000] {dag.py:3239} INFO - Sync 4 DAGs
[2025-12-15T19:04:36.942+0000] {logging_mixin.py:190} INFO - [2025-12-15T19:04:36.942+0000] {dag.py:4180} INFO - Setting next_dagrun for dataset_alias_example_alias_consumer to None, run_after=None
[2025-12-15T19:04:36.946+0000] {logging_mixin.py:190} INFO - [2025-12-15T19:04:36.946+0000] {dag.py:4180} INFO - Setting next_dagrun for dataset_alias_example_alias_producer to None, run_after=None
[2025-12-15T19:04:36.948+0000] {logging_mixin.py:190} INFO - [2025-12-15T19:04:36.948+0000] {dag.py:4180} INFO - Setting next_dagrun for dataset_s3_bucket_consumer to None, run_after=None
[2025-12-15T19:04:36.950+0000] {logging_mixin.py:190} INFO - [2025-12-15T19:04:36.950+0000] {dag.py:4180} INFO - Setting next_dagrun for dataset_s3_bucket_producer to None, run_after=None
[2025-12-15T19:04:36.992+0000] {processor.py:208} INFO - Processing /home/airflow/.local/lib/python3.12/site-packages/airflow/example_dags/example_dataset_alias.py took 1.015 seconds
[2025-12-15T19:05:08.031+0000] {processor.py:186} INFO - Started process (PID=4006) to work on /home/airflow/.local/lib/python3.12/site-packages/airflow/example_dags/example_dataset_alias.py
[2025-12-15T19:05:08.032+0000] {processor.py:914} INFO - Processing file /home/airflow/.local/lib/python3.12/site-packages/airflow/example_dags/example_dataset_alias.py for tasks to queue
[2025-12-15T19:05:08.036+0000] {logging_mixin.py:190} INFO - [2025-12-15T19:05:08.035+0000] {dagbag.py:588} INFO - Filling up the DagBag from /home/airflow/.local/lib/python3.12/site-packages/airflow/example_dags/example_dataset_alias.py
[2025-12-15T19:05:08.895+0000] {processor.py:925} INFO - DAG(s) 'dataset_s3_bucket_producer', 'dataset_s3_bucket_consumer', 'dataset_alias_example_alias_producer', 'dataset_alias_example_alias_consumer' retrieved from /home/airflow/.local/lib/python3.12/site-packages/airflow/example_dags/example_dataset_alias.py
[2025-12-15T19:05:08.918+0000] {logging_mixin.py:190} INFO - [2025-12-15T19:05:08.918+0000] {dag.py:3239} INFO - Sync 4 DAGs
[2025-12-15T19:05:08.942+0000] {logging_mixin.py:190} INFO - [2025-12-15T19:05:08.942+0000] {dag.py:4180} INFO - Setting next_dagrun for dataset_alias_example_alias_consumer to None, run_after=None
[2025-12-15T19:05:08.945+0000] {logging_mixin.py:190} INFO - [2025-12-15T19:05:08.945+0000] {dag.py:4180} INFO - Setting next_dagrun for dataset_alias_example_alias_producer to None, run_after=None
[2025-12-15T19:05:08.947+0000] {logging_mixin.py:190} INFO - [2025-12-15T19:05:08.947+0000] {dag.py:4180} INFO - Setting next_dagrun for dataset_s3_bucket_consumer to None, run_after=None
[2025-12-15T19:05:08.949+0000] {logging_mixin.py:190} INFO - [2025-12-15T19:05:08.949+0000] {dag.py:4180} INFO - Setting next_dagrun for dataset_s3_bucket_producer to None, run_after=None
[2025-12-15T19:05:08.973+0000] {processor.py:208} INFO - Processing /home/airflow/.local/lib/python3.12/site-packages/airflow/example_dags/example_dataset_alias.py took 0.952 seconds
[2025-12-15T19:05:39.506+0000] {processor.py:186} INFO - Started process (PID=4297) to work on /home/airflow/.local/lib/python3.12/site-packages/airflow/example_dags/example_dataset_alias.py
[2025-12-15T19:05:39.508+0000] {processor.py:914} INFO - Processing file /home/airflow/.local/lib/python3.12/site-packages/airflow/example_dags/example_dataset_alias.py for tasks to queue
[2025-12-15T19:05:39.511+0000] {logging_mixin.py:190} INFO - [2025-12-15T19:05:39.510+0000] {dagbag.py:588} INFO - Filling up the DagBag from /home/airflow/.local/lib/python3.12/site-packages/airflow/example_dags/example_dataset_alias.py
[2025-12-15T19:05:40.475+0000] {processor.py:925} INFO - DAG(s) 'dataset_alias_example_alias_consumer', 'dataset_alias_example_alias_producer', 'dataset_s3_bucket_consumer', 'dataset_s3_bucket_producer' retrieved from /home/airflow/.local/lib/python3.12/site-packages/airflow/example_dags/example_dataset_alias.py
[2025-12-15T19:05:40.502+0000] {logging_mixin.py:190} INFO - [2025-12-15T19:05:40.501+0000] {dag.py:3239} INFO - Sync 4 DAGs
[2025-12-15T19:05:40.534+0000] {logging_mixin.py:190} INFO - [2025-12-15T19:05:40.533+0000] {dag.py:4180} INFO - Setting next_dagrun for dataset_alias_example_alias_consumer to None, run_after=None
[2025-12-15T19:05:40.537+0000] {logging_mixin.py:190} INFO - [2025-12-15T19:05:40.537+0000] {dag.py:4180} INFO - Setting next_dagrun for dataset_alias_example_alias_producer to None, run_after=None
[2025-12-15T19:05:40.539+0000] {logging_mixin.py:190} INFO - [2025-12-15T19:05:40.539+0000] {dag.py:4180} INFO - Setting next_dagrun for dataset_s3_bucket_consumer to None, run_after=None
[2025-12-15T19:05:40.541+0000] {logging_mixin.py:190} INFO - [2025-12-15T19:05:40.541+0000] {dag.py:4180} INFO - Setting next_dagrun for dataset_s3_bucket_producer to None, run_after=None
[2025-12-15T19:05:40.728+0000] {processor.py:208} INFO - Processing /home/airflow/.local/lib/python3.12/site-packages/airflow/example_dags/example_dataset_alias.py took 1.229 seconds
[2025-12-15T19:06:10.927+0000] {processor.py:186} INFO - Started process (PID=4588) to work on /home/airflow/.local/lib/python3.12/site-packages/airflow/example_dags/example_dataset_alias.py
[2025-12-15T19:06:11.012+0000] {processor.py:914} INFO - Processing file /home/airflow/.local/lib/python3.12/site-packages/airflow/example_dags/example_dataset_alias.py for tasks to queue
[2025-12-15T19:06:11.018+0000] {logging_mixin.py:190} INFO - [2025-12-15T19:06:11.017+0000] {dagbag.py:588} INFO - Filling up the DagBag from /home/airflow/.local/lib/python3.12/site-packages/airflow/example_dags/example_dataset_alias.py
[2025-12-15T19:06:12.137+0000] {processor.py:925} INFO - DAG(s) 'dataset_s3_bucket_consumer', 'dataset_alias_example_alias_producer', 'dataset_s3_bucket_producer', 'dataset_alias_example_alias_consumer' retrieved from /home/airflow/.local/lib/python3.12/site-packages/airflow/example_dags/example_dataset_alias.py
[2025-12-15T19:06:12.183+0000] {logging_mixin.py:190} INFO - [2025-12-15T19:06:12.183+0000] {dag.py:3239} INFO - Sync 4 DAGs
[2025-12-15T19:06:12.217+0000] {logging_mixin.py:190} INFO - [2025-12-15T19:06:12.216+0000] {dag.py:4180} INFO - Setting next_dagrun for dataset_alias_example_alias_consumer to None, run_after=None
[2025-12-15T19:06:12.222+0000] {logging_mixin.py:190} INFO - [2025-12-15T19:06:12.221+0000] {dag.py:4180} INFO - Setting next_dagrun for dataset_alias_example_alias_producer to None, run_after=None
[2025-12-15T19:06:12.224+0000] {logging_mixin.py:190} INFO - [2025-12-15T19:06:12.224+0000] {dag.py:4180} INFO - Setting next_dagrun for dataset_s3_bucket_consumer to None, run_after=None
[2025-12-15T19:06:12.226+0000] {logging_mixin.py:190} INFO - [2025-12-15T19:06:12.226+0000] {dag.py:4180} INFO - Setting next_dagrun for dataset_s3_bucket_producer to None, run_after=None
[2025-12-15T19:06:12.473+0000] {processor.py:208} INFO - Processing /home/airflow/.local/lib/python3.12/site-packages/airflow/example_dags/example_dataset_alias.py took 1.556 seconds
[2025-12-15T19:06:42.771+0000] {processor.py:186} INFO - Started process (PID=4879) to work on /home/airflow/.local/lib/python3.12/site-packages/airflow/example_dags/example_dataset_alias.py
[2025-12-15T19:06:42.772+0000] {processor.py:914} INFO - Processing file /home/airflow/.local/lib/python3.12/site-packages/airflow/example_dags/example_dataset_alias.py for tasks to queue
[2025-12-15T19:06:42.775+0000] {logging_mixin.py:190} INFO - [2025-12-15T19:06:42.774+0000] {dagbag.py:588} INFO - Filling up the DagBag from /home/airflow/.local/lib/python3.12/site-packages/airflow/example_dags/example_dataset_alias.py
[2025-12-15T19:06:43.882+0000] {processor.py:925} INFO - DAG(s) 'dataset_s3_bucket_consumer', 'dataset_s3_bucket_producer', 'dataset_alias_example_alias_producer', 'dataset_alias_example_alias_consumer' retrieved from /home/airflow/.local/lib/python3.12/site-packages/airflow/example_dags/example_dataset_alias.py
[2025-12-15T19:06:43.936+0000] {logging_mixin.py:190} INFO - [2025-12-15T19:06:43.935+0000] {dag.py:3239} INFO - Sync 4 DAGs
[2025-12-15T19:06:44.015+0000] {logging_mixin.py:190} INFO - [2025-12-15T19:06:44.015+0000] {dag.py:4180} INFO - Setting next_dagrun for dataset_alias_example_alias_consumer to None, run_after=None
[2025-12-15T19:06:44.020+0000] {logging_mixin.py:190} INFO - [2025-12-15T19:06:44.020+0000] {dag.py:4180} INFO - Setting next_dagrun for dataset_alias_example_alias_producer to None, run_after=None
[2025-12-15T19:06:44.026+0000] {logging_mixin.py:190} INFO - [2025-12-15T19:06:44.025+0000] {dag.py:4180} INFO - Setting next_dagrun for dataset_s3_bucket_consumer to None, run_after=None
[2025-12-15T19:06:44.029+0000] {logging_mixin.py:190} INFO - [2025-12-15T19:06:44.029+0000] {dag.py:4180} INFO - Setting next_dagrun for dataset_s3_bucket_producer to None, run_after=None
[2025-12-15T19:06:44.088+0000] {processor.py:208} INFO - Processing /home/airflow/.local/lib/python3.12/site-packages/airflow/example_dags/example_dataset_alias.py took 1.327 seconds
[2025-12-15T19:07:14.406+0000] {processor.py:186} INFO - Started process (PID=5170) to work on /home/airflow/.local/lib/python3.12/site-packages/airflow/example_dags/example_dataset_alias.py
[2025-12-15T19:07:14.410+0000] {processor.py:914} INFO - Processing file /home/airflow/.local/lib/python3.12/site-packages/airflow/example_dags/example_dataset_alias.py for tasks to queue
[2025-12-15T19:07:14.420+0000] {logging_mixin.py:190} INFO - [2025-12-15T19:07:14.419+0000] {dagbag.py:588} INFO - Filling up the DagBag from /home/airflow/.local/lib/python3.12/site-packages/airflow/example_dags/example_dataset_alias.py
[2025-12-15T19:07:18.782+0000] {processor.py:925} INFO - DAG(s) 'dataset_alias_example_alias_producer', 'dataset_alias_example_alias_consumer', 'dataset_s3_bucket_consumer', 'dataset_s3_bucket_producer' retrieved from /home/airflow/.local/lib/python3.12/site-packages/airflow/example_dags/example_dataset_alias.py
[2025-12-15T19:07:19.202+0000] {logging_mixin.py:190} INFO - [2025-12-15T19:07:19.194+0000] {dag.py:3239} INFO - Sync 4 DAGs
[2025-12-15T19:07:19.843+0000] {logging_mixin.py:190} INFO - [2025-12-15T19:07:19.843+0000] {dag.py:4180} INFO - Setting next_dagrun for dataset_alias_example_alias_consumer to None, run_after=None
[2025-12-15T19:07:19.875+0000] {logging_mixin.py:190} INFO - [2025-12-15T19:07:19.872+0000] {dag.py:4180} INFO - Setting next_dagrun for dataset_alias_example_alias_producer to None, run_after=None
[2025-12-15T19:07:19.882+0000] {logging_mixin.py:190} INFO - [2025-12-15T19:07:19.881+0000] {dag.py:4180} INFO - Setting next_dagrun for dataset_s3_bucket_consumer to None, run_after=None
[2025-12-15T19:07:19.886+0000] {logging_mixin.py:190} INFO - [2025-12-15T19:07:19.886+0000] {dag.py:4180} INFO - Setting next_dagrun for dataset_s3_bucket_producer to None, run_after=None
[2025-12-15T19:07:20.092+0000] {processor.py:208} INFO - Processing /home/airflow/.local/lib/python3.12/site-packages/airflow/example_dags/example_dataset_alias.py took 5.704 seconds
[2025-12-15T19:07:50.352+0000] {processor.py:186} INFO - Started process (PID=5458) to work on /home/airflow/.local/lib/python3.12/site-packages/airflow/example_dags/example_dataset_alias.py
[2025-12-15T19:07:50.353+0000] {processor.py:914} INFO - Processing file /home/airflow/.local/lib/python3.12/site-packages/airflow/example_dags/example_dataset_alias.py for tasks to queue
[2025-12-15T19:07:50.356+0000] {logging_mixin.py:190} INFO - [2025-12-15T19:07:50.356+0000] {dagbag.py:588} INFO - Filling up the DagBag from /home/airflow/.local/lib/python3.12/site-packages/airflow/example_dags/example_dataset_alias.py
[2025-12-15T19:07:51.118+0000] {processor.py:925} INFO - DAG(s) 'dataset_s3_bucket_consumer', 'dataset_s3_bucket_producer', 'dataset_alias_example_alias_producer', 'dataset_alias_example_alias_consumer' retrieved from /home/airflow/.local/lib/python3.12/site-packages/airflow/example_dags/example_dataset_alias.py
[2025-12-15T19:07:51.146+0000] {logging_mixin.py:190} INFO - [2025-12-15T19:07:51.145+0000] {dag.py:3239} INFO - Sync 4 DAGs
[2025-12-15T19:07:51.176+0000] {logging_mixin.py:190} INFO - [2025-12-15T19:07:51.175+0000] {dag.py:4180} INFO - Setting next_dagrun for dataset_alias_example_alias_consumer to None, run_after=None
[2025-12-15T19:07:51.180+0000] {logging_mixin.py:190} INFO - [2025-12-15T19:07:51.179+0000] {dag.py:4180} INFO - Setting next_dagrun for dataset_alias_example_alias_producer to None, run_after=None
[2025-12-15T19:07:51.181+0000] {logging_mixin.py:190} INFO - [2025-12-15T19:07:51.181+0000] {dag.py:4180} INFO - Setting next_dagrun for dataset_s3_bucket_consumer to None, run_after=None
[2025-12-15T19:07:51.183+0000] {logging_mixin.py:190} INFO - [2025-12-15T19:07:51.183+0000] {dag.py:4180} INFO - Setting next_dagrun for dataset_s3_bucket_producer to None, run_after=None
[2025-12-15T19:07:51.213+0000] {processor.py:208} INFO - Processing /home/airflow/.local/lib/python3.12/site-packages/airflow/example_dags/example_dataset_alias.py took 0.870 seconds
[2025-12-15T19:08:21.569+0000] {processor.py:186} INFO - Started process (PID=5749) to work on /home/airflow/.local/lib/python3.12/site-packages/airflow/example_dags/example_dataset_alias.py
[2025-12-15T19:08:21.577+0000] {processor.py:914} INFO - Processing file /home/airflow/.local/lib/python3.12/site-packages/airflow/example_dags/example_dataset_alias.py for tasks to queue
[2025-12-15T19:08:21.581+0000] {logging_mixin.py:190} INFO - [2025-12-15T19:08:21.580+0000] {dagbag.py:588} INFO - Filling up the DagBag from /home/airflow/.local/lib/python3.12/site-packages/airflow/example_dags/example_dataset_alias.py
[2025-12-15T19:08:23.280+0000] {processor.py:925} INFO - DAG(s) 'dataset_s3_bucket_consumer', 'dataset_alias_example_alias_producer', 'dataset_alias_example_alias_consumer', 'dataset_s3_bucket_producer' retrieved from /home/airflow/.local/lib/python3.12/site-packages/airflow/example_dags/example_dataset_alias.py
[2025-12-15T19:08:23.433+0000] {logging_mixin.py:190} INFO - [2025-12-15T19:08:23.432+0000] {dag.py:3239} INFO - Sync 4 DAGs
[2025-12-15T19:08:23.586+0000] {logging_mixin.py:190} INFO - [2025-12-15T19:08:23.585+0000] {dag.py:4180} INFO - Setting next_dagrun for dataset_alias_example_alias_consumer to None, run_after=None
[2025-12-15T19:08:23.612+0000] {logging_mixin.py:190} INFO - [2025-12-15T19:08:23.602+0000] {dag.py:4180} INFO - Setting next_dagrun for dataset_alias_example_alias_producer to None, run_after=None
[2025-12-15T19:08:23.632+0000] {logging_mixin.py:190} INFO - [2025-12-15T19:08:23.632+0000] {dag.py:4180} INFO - Setting next_dagrun for dataset_s3_bucket_consumer to None, run_after=None
[2025-12-15T19:08:23.647+0000] {logging_mixin.py:190} INFO - [2025-12-15T19:08:23.646+0000] {dag.py:4180} INFO - Setting next_dagrun for dataset_s3_bucket_producer to None, run_after=None
[2025-12-15T19:08:23.794+0000] {processor.py:208} INFO - Processing /home/airflow/.local/lib/python3.12/site-packages/airflow/example_dags/example_dataset_alias.py took 2.234 seconds
[2025-12-15T19:08:54.042+0000] {processor.py:186} INFO - Started process (PID=6045) to work on /home/airflow/.local/lib/python3.12/site-packages/airflow/example_dags/example_dataset_alias.py
[2025-12-15T19:08:54.043+0000] {processor.py:914} INFO - Processing file /home/airflow/.local/lib/python3.12/site-packages/airflow/example_dags/example_dataset_alias.py for tasks to queue
[2025-12-15T19:08:54.046+0000] {logging_mixin.py:190} INFO - [2025-12-15T19:08:54.046+0000] {dagbag.py:588} INFO - Filling up the DagBag from /home/airflow/.local/lib/python3.12/site-packages/airflow/example_dags/example_dataset_alias.py
[2025-12-15T19:08:56.214+0000] {processor.py:925} INFO - DAG(s) 'dataset_s3_bucket_consumer', 'dataset_s3_bucket_producer', 'dataset_alias_example_alias_producer', 'dataset_alias_example_alias_consumer' retrieved from /home/airflow/.local/lib/python3.12/site-packages/airflow/example_dags/example_dataset_alias.py
[2025-12-15T19:08:56.364+0000] {logging_mixin.py:190} INFO - [2025-12-15T19:08:56.362+0000] {dag.py:3239} INFO - Sync 4 DAGs
[2025-12-15T19:08:56.539+0000] {logging_mixin.py:190} INFO - [2025-12-15T19:08:56.538+0000] {dag.py:4180} INFO - Setting next_dagrun for dataset_alias_example_alias_consumer to None, run_after=None
[2025-12-15T19:08:56.556+0000] {logging_mixin.py:190} INFO - [2025-12-15T19:08:56.556+0000] {dag.py:4180} INFO - Setting next_dagrun for dataset_alias_example_alias_producer to None, run_after=None
[2025-12-15T19:08:56.571+0000] {logging_mixin.py:190} INFO - [2025-12-15T19:08:56.571+0000] {dag.py:4180} INFO - Setting next_dagrun for dataset_s3_bucket_consumer to None, run_after=None
[2025-12-15T19:08:56.587+0000] {logging_mixin.py:190} INFO - [2025-12-15T19:08:56.586+0000] {dag.py:4180} INFO - Setting next_dagrun for dataset_s3_bucket_producer to None, run_after=None
[2025-12-15T19:08:56.774+0000] {processor.py:208} INFO - Processing /home/airflow/.local/lib/python3.12/site-packages/airflow/example_dags/example_dataset_alias.py took 2.731 seconds
[2025-12-15T19:09:27.655+0000] {processor.py:186} INFO - Started process (PID=6354) to work on /home/airflow/.local/lib/python3.12/site-packages/airflow/example_dags/example_dataset_alias.py
[2025-12-15T19:09:27.657+0000] {processor.py:914} INFO - Processing file /home/airflow/.local/lib/python3.12/site-packages/airflow/example_dags/example_dataset_alias.py for tasks to queue
[2025-12-15T19:09:27.663+0000] {logging_mixin.py:190} INFO - [2025-12-15T19:09:27.663+0000] {dagbag.py:588} INFO - Filling up the DagBag from /home/airflow/.local/lib/python3.12/site-packages/airflow/example_dags/example_dataset_alias.py
[2025-12-15T19:09:28.910+0000] {processor.py:925} INFO - DAG(s) 'dataset_alias_example_alias_producer', 'dataset_s3_bucket_consumer', 'dataset_alias_example_alias_consumer', 'dataset_s3_bucket_producer' retrieved from /home/airflow/.local/lib/python3.12/site-packages/airflow/example_dags/example_dataset_alias.py
[2025-12-15T19:09:28.946+0000] {logging_mixin.py:190} INFO - [2025-12-15T19:09:28.945+0000] {dag.py:3239} INFO - Sync 4 DAGs
[2025-12-15T19:09:28.982+0000] {logging_mixin.py:190} INFO - [2025-12-15T19:09:28.981+0000] {dag.py:4180} INFO - Setting next_dagrun for dataset_alias_example_alias_consumer to None, run_after=None
[2025-12-15T19:09:28.985+0000] {logging_mixin.py:190} INFO - [2025-12-15T19:09:28.985+0000] {dag.py:4180} INFO - Setting next_dagrun for dataset_alias_example_alias_producer to None, run_after=None
[2025-12-15T19:09:28.987+0000] {logging_mixin.py:190} INFO - [2025-12-15T19:09:28.987+0000] {dag.py:4180} INFO - Setting next_dagrun for dataset_s3_bucket_consumer to None, run_after=None
[2025-12-15T19:09:28.991+0000] {logging_mixin.py:190} INFO - [2025-12-15T19:09:28.991+0000] {dag.py:4180} INFO - Setting next_dagrun for dataset_s3_bucket_producer to None, run_after=None
[2025-12-15T19:09:29.075+0000] {processor.py:208} INFO - Processing /home/airflow/.local/lib/python3.12/site-packages/airflow/example_dags/example_dataset_alias.py took 1.435 seconds
[2025-12-15T19:09:59.215+0000] {processor.py:186} INFO - Started process (PID=6662) to work on /home/airflow/.local/lib/python3.12/site-packages/airflow/example_dags/example_dataset_alias.py
[2025-12-15T19:09:59.238+0000] {processor.py:914} INFO - Processing file /home/airflow/.local/lib/python3.12/site-packages/airflow/example_dags/example_dataset_alias.py for tasks to queue
[2025-12-15T19:09:59.242+0000] {logging_mixin.py:190} INFO - [2025-12-15T19:09:59.241+0000] {dagbag.py:588} INFO - Filling up the DagBag from /home/airflow/.local/lib/python3.12/site-packages/airflow/example_dags/example_dataset_alias.py
[2025-12-15T19:10:00.163+0000] {processor.py:925} INFO - DAG(s) 'dataset_s3_bucket_consumer', 'dataset_alias_example_alias_producer', 'dataset_alias_example_alias_consumer', 'dataset_s3_bucket_producer' retrieved from /home/airflow/.local/lib/python3.12/site-packages/airflow/example_dags/example_dataset_alias.py
[2025-12-15T19:10:00.201+0000] {logging_mixin.py:190} INFO - [2025-12-15T19:10:00.200+0000] {dag.py:3239} INFO - Sync 4 DAGs
[2025-12-15T19:10:00.240+0000] {logging_mixin.py:190} INFO - [2025-12-15T19:10:00.239+0000] {dag.py:4180} INFO - Setting next_dagrun for dataset_alias_example_alias_consumer to None, run_after=None
[2025-12-15T19:10:00.243+0000] {logging_mixin.py:190} INFO - [2025-12-15T19:10:00.243+0000] {dag.py:4180} INFO - Setting next_dagrun for dataset_alias_example_alias_producer to None, run_after=None
[2025-12-15T19:10:00.247+0000] {logging_mixin.py:190} INFO - [2025-12-15T19:10:00.245+0000] {dag.py:4180} INFO - Setting next_dagrun for dataset_s3_bucket_consumer to None, run_after=None
[2025-12-15T19:10:00.251+0000] {logging_mixin.py:190} INFO - [2025-12-15T19:10:00.249+0000] {dag.py:4180} INFO - Setting next_dagrun for dataset_s3_bucket_producer to None, run_after=None
[2025-12-15T19:10:00.291+0000] {processor.py:208} INFO - Processing /home/airflow/.local/lib/python3.12/site-packages/airflow/example_dags/example_dataset_alias.py took 1.089 seconds
[2025-12-15T19:10:31.712+0000] {processor.py:186} INFO - Started process (PID=6979) to work on /home/airflow/.local/lib/python3.12/site-packages/airflow/example_dags/example_dataset_alias.py
[2025-12-15T19:10:31.714+0000] {processor.py:914} INFO - Processing file /home/airflow/.local/lib/python3.12/site-packages/airflow/example_dags/example_dataset_alias.py for tasks to queue
[2025-12-15T19:10:31.718+0000] {logging_mixin.py:190} INFO - [2025-12-15T19:10:31.717+0000] {dagbag.py:588} INFO - Filling up the DagBag from /home/airflow/.local/lib/python3.12/site-packages/airflow/example_dags/example_dataset_alias.py
[2025-12-15T19:10:35.092+0000] {processor.py:925} INFO - DAG(s) 'dataset_alias_example_alias_consumer', 'dataset_alias_example_alias_producer', 'dataset_s3_bucket_consumer', 'dataset_s3_bucket_producer' retrieved from /home/airflow/.local/lib/python3.12/site-packages/airflow/example_dags/example_dataset_alias.py
[2025-12-15T19:10:35.278+0000] {logging_mixin.py:190} INFO - [2025-12-15T19:10:35.266+0000] {dag.py:3239} INFO - Sync 4 DAGs
[2025-12-15T19:10:35.468+0000] {logging_mixin.py:190} INFO - [2025-12-15T19:10:35.468+0000] {dag.py:4180} INFO - Setting next_dagrun for dataset_alias_example_alias_consumer to None, run_after=None
[2025-12-15T19:10:35.477+0000] {logging_mixin.py:190} INFO - [2025-12-15T19:10:35.476+0000] {dag.py:4180} INFO - Setting next_dagrun for dataset_alias_example_alias_producer to None, run_after=None
[2025-12-15T19:10:35.489+0000] {logging_mixin.py:190} INFO - [2025-12-15T19:10:35.489+0000] {dag.py:4180} INFO - Setting next_dagrun for dataset_s3_bucket_consumer to None, run_after=None
[2025-12-15T19:10:35.502+0000] {logging_mixin.py:190} INFO - [2025-12-15T19:10:35.493+0000] {dag.py:4180} INFO - Setting next_dagrun for dataset_s3_bucket_producer to None, run_after=None
[2025-12-15T19:10:35.637+0000] {processor.py:208} INFO - Processing /home/airflow/.local/lib/python3.12/site-packages/airflow/example_dags/example_dataset_alias.py took 3.941 seconds
[2025-12-15T19:11:05.888+0000] {processor.py:186} INFO - Started process (PID=7290) to work on /home/airflow/.local/lib/python3.12/site-packages/airflow/example_dags/example_dataset_alias.py
[2025-12-15T19:11:05.891+0000] {processor.py:914} INFO - Processing file /home/airflow/.local/lib/python3.12/site-packages/airflow/example_dags/example_dataset_alias.py for tasks to queue
[2025-12-15T19:11:05.894+0000] {logging_mixin.py:190} INFO - [2025-12-15T19:11:05.894+0000] {dagbag.py:588} INFO - Filling up the DagBag from /home/airflow/.local/lib/python3.12/site-packages/airflow/example_dags/example_dataset_alias.py
[2025-12-15T19:11:06.834+0000] {processor.py:925} INFO - DAG(s) 'dataset_alias_example_alias_producer', 'dataset_s3_bucket_consumer', 'dataset_alias_example_alias_consumer', 'dataset_s3_bucket_producer' retrieved from /home/airflow/.local/lib/python3.12/site-packages/airflow/example_dags/example_dataset_alias.py
[2025-12-15T19:11:06.867+0000] {logging_mixin.py:190} INFO - [2025-12-15T19:11:06.866+0000] {dag.py:3239} INFO - Sync 4 DAGs
[2025-12-15T19:11:06.911+0000] {logging_mixin.py:190} INFO - [2025-12-15T19:11:06.911+0000] {dag.py:4180} INFO - Setting next_dagrun for dataset_alias_example_alias_consumer to None, run_after=None
[2025-12-15T19:11:06.914+0000] {logging_mixin.py:190} INFO - [2025-12-15T19:11:06.914+0000] {dag.py:4180} INFO - Setting next_dagrun for dataset_alias_example_alias_producer to None, run_after=None
[2025-12-15T19:11:06.918+0000] {logging_mixin.py:190} INFO - [2025-12-15T19:11:06.917+0000] {dag.py:4180} INFO - Setting next_dagrun for dataset_s3_bucket_consumer to None, run_after=None
[2025-12-15T19:11:06.919+0000] {logging_mixin.py:190} INFO - [2025-12-15T19:11:06.919+0000] {dag.py:4180} INFO - Setting next_dagrun for dataset_s3_bucket_producer to None, run_after=None
[2025-12-15T19:11:06.960+0000] {processor.py:208} INFO - Processing /home/airflow/.local/lib/python3.12/site-packages/airflow/example_dags/example_dataset_alias.py took 1.085 seconds
[2025-12-15T19:11:37.841+0000] {processor.py:186} INFO - Started process (PID=7594) to work on /home/airflow/.local/lib/python3.12/site-packages/airflow/example_dags/example_dataset_alias.py
[2025-12-15T19:11:37.842+0000] {processor.py:914} INFO - Processing file /home/airflow/.local/lib/python3.12/site-packages/airflow/example_dags/example_dataset_alias.py for tasks to queue
[2025-12-15T19:11:37.844+0000] {logging_mixin.py:190} INFO - [2025-12-15T19:11:37.843+0000] {dagbag.py:588} INFO - Filling up the DagBag from /home/airflow/.local/lib/python3.12/site-packages/airflow/example_dags/example_dataset_alias.py
[2025-12-15T19:11:38.514+0000] {processor.py:925} INFO - DAG(s) 'dataset_s3_bucket_producer', 'dataset_alias_example_alias_consumer', 'dataset_s3_bucket_consumer', 'dataset_alias_example_alias_producer' retrieved from /home/airflow/.local/lib/python3.12/site-packages/airflow/example_dags/example_dataset_alias.py
[2025-12-15T19:11:38.587+0000] {logging_mixin.py:190} INFO - [2025-12-15T19:11:38.586+0000] {dag.py:3239} INFO - Sync 4 DAGs
[2025-12-15T19:11:38.633+0000] {logging_mixin.py:190} INFO - [2025-12-15T19:11:38.633+0000] {dag.py:4180} INFO - Setting next_dagrun for dataset_alias_example_alias_consumer to None, run_after=None
[2025-12-15T19:11:38.636+0000] {logging_mixin.py:190} INFO - [2025-12-15T19:11:38.636+0000] {dag.py:4180} INFO - Setting next_dagrun for dataset_alias_example_alias_producer to None, run_after=None
[2025-12-15T19:11:38.638+0000] {logging_mixin.py:190} INFO - [2025-12-15T19:11:38.638+0000] {dag.py:4180} INFO - Setting next_dagrun for dataset_s3_bucket_consumer to None, run_after=None
[2025-12-15T19:11:38.640+0000] {logging_mixin.py:190} INFO - [2025-12-15T19:11:38.639+0000] {dag.py:4180} INFO - Setting next_dagrun for dataset_s3_bucket_producer to None, run_after=None
[2025-12-15T19:11:38.693+0000] {processor.py:208} INFO - Processing /home/airflow/.local/lib/python3.12/site-packages/airflow/example_dags/example_dataset_alias.py took 0.859 seconds
[2025-12-15T19:12:09.218+0000] {processor.py:186} INFO - Started process (PID=7897) to work on /home/airflow/.local/lib/python3.12/site-packages/airflow/example_dags/example_dataset_alias.py
[2025-12-15T19:12:09.219+0000] {processor.py:914} INFO - Processing file /home/airflow/.local/lib/python3.12/site-packages/airflow/example_dags/example_dataset_alias.py for tasks to queue
[2025-12-15T19:12:09.220+0000] {logging_mixin.py:190} INFO - [2025-12-15T19:12:09.220+0000] {dagbag.py:588} INFO - Filling up the DagBag from /home/airflow/.local/lib/python3.12/site-packages/airflow/example_dags/example_dataset_alias.py
[2025-12-15T19:12:10.041+0000] {processor.py:925} INFO - DAG(s) 'dataset_alias_example_alias_producer', 'dataset_s3_bucket_consumer', 'dataset_alias_example_alias_consumer', 'dataset_s3_bucket_producer' retrieved from /home/airflow/.local/lib/python3.12/site-packages/airflow/example_dags/example_dataset_alias.py
[2025-12-15T19:12:10.069+0000] {logging_mixin.py:190} INFO - [2025-12-15T19:12:10.068+0000] {dag.py:3239} INFO - Sync 4 DAGs
[2025-12-15T19:12:10.110+0000] {logging_mixin.py:190} INFO - [2025-12-15T19:12:10.109+0000] {dag.py:4180} INFO - Setting next_dagrun for dataset_alias_example_alias_consumer to None, run_after=None
[2025-12-15T19:12:10.116+0000] {logging_mixin.py:190} INFO - [2025-12-15T19:12:10.115+0000] {dag.py:4180} INFO - Setting next_dagrun for dataset_alias_example_alias_producer to None, run_after=None
[2025-12-15T19:12:10.118+0000] {logging_mixin.py:190} INFO - [2025-12-15T19:12:10.118+0000] {dag.py:4180} INFO - Setting next_dagrun for dataset_s3_bucket_consumer to None, run_after=None
[2025-12-15T19:12:10.121+0000] {logging_mixin.py:190} INFO - [2025-12-15T19:12:10.121+0000] {dag.py:4180} INFO - Setting next_dagrun for dataset_s3_bucket_producer to None, run_after=None
[2025-12-15T19:12:10.168+0000] {processor.py:208} INFO - Processing /home/airflow/.local/lib/python3.12/site-packages/airflow/example_dags/example_dataset_alias.py took 0.956 seconds
[2025-12-15T19:12:40.620+0000] {processor.py:186} INFO - Started process (PID=8188) to work on /home/airflow/.local/lib/python3.12/site-packages/airflow/example_dags/example_dataset_alias.py
[2025-12-15T19:12:40.622+0000] {processor.py:914} INFO - Processing file /home/airflow/.local/lib/python3.12/site-packages/airflow/example_dags/example_dataset_alias.py for tasks to queue
[2025-12-15T19:12:40.623+0000] {logging_mixin.py:190} INFO - [2025-12-15T19:12:40.623+0000] {dagbag.py:588} INFO - Filling up the DagBag from /home/airflow/.local/lib/python3.12/site-packages/airflow/example_dags/example_dataset_alias.py
[2025-12-15T19:12:41.229+0000] {processor.py:925} INFO - DAG(s) 'dataset_alias_example_alias_consumer', 'dataset_s3_bucket_consumer', 'dataset_s3_bucket_producer', 'dataset_alias_example_alias_producer' retrieved from /home/airflow/.local/lib/python3.12/site-packages/airflow/example_dags/example_dataset_alias.py
[2025-12-15T19:12:41.256+0000] {logging_mixin.py:190} INFO - [2025-12-15T19:12:41.255+0000] {dag.py:3239} INFO - Sync 4 DAGs
[2025-12-15T19:12:41.281+0000] {logging_mixin.py:190} INFO - [2025-12-15T19:12:41.281+0000] {dag.py:4180} INFO - Setting next_dagrun for dataset_alias_example_alias_consumer to None, run_after=None
[2025-12-15T19:12:41.284+0000] {logging_mixin.py:190} INFO - [2025-12-15T19:12:41.284+0000] {dag.py:4180} INFO - Setting next_dagrun for dataset_alias_example_alias_producer to None, run_after=None
[2025-12-15T19:12:41.286+0000] {logging_mixin.py:190} INFO - [2025-12-15T19:12:41.285+0000] {dag.py:4180} INFO - Setting next_dagrun for dataset_s3_bucket_consumer to None, run_after=None
[2025-12-15T19:12:41.287+0000] {logging_mixin.py:190} INFO - [2025-12-15T19:12:41.287+0000] {dag.py:4180} INFO - Setting next_dagrun for dataset_s3_bucket_producer to None, run_after=None
[2025-12-15T19:12:41.312+0000] {processor.py:208} INFO - Processing /home/airflow/.local/lib/python3.12/site-packages/airflow/example_dags/example_dataset_alias.py took 0.699 seconds
[2025-12-15T19:13:11.367+0000] {processor.py:186} INFO - Started process (PID=8479) to work on /home/airflow/.local/lib/python3.12/site-packages/airflow/example_dags/example_dataset_alias.py
[2025-12-15T19:13:11.369+0000] {processor.py:914} INFO - Processing file /home/airflow/.local/lib/python3.12/site-packages/airflow/example_dags/example_dataset_alias.py for tasks to queue
[2025-12-15T19:13:11.371+0000] {logging_mixin.py:190} INFO - [2025-12-15T19:13:11.370+0000] {dagbag.py:588} INFO - Filling up the DagBag from /home/airflow/.local/lib/python3.12/site-packages/airflow/example_dags/example_dataset_alias.py
[2025-12-15T19:13:12.145+0000] {processor.py:925} INFO - DAG(s) 'dataset_alias_example_alias_producer', 'dataset_alias_example_alias_consumer', 'dataset_s3_bucket_consumer', 'dataset_s3_bucket_producer' retrieved from /home/airflow/.local/lib/python3.12/site-packages/airflow/example_dags/example_dataset_alias.py
[2025-12-15T19:13:12.171+0000] {logging_mixin.py:190} INFO - [2025-12-15T19:13:12.171+0000] {dag.py:3239} INFO - Sync 4 DAGs
[2025-12-15T19:13:12.199+0000] {logging_mixin.py:190} INFO - [2025-12-15T19:13:12.199+0000] {dag.py:4180} INFO - Setting next_dagrun for dataset_alias_example_alias_consumer to None, run_after=None
[2025-12-15T19:13:12.202+0000] {logging_mixin.py:190} INFO - [2025-12-15T19:13:12.202+0000] {dag.py:4180} INFO - Setting next_dagrun for dataset_alias_example_alias_producer to None, run_after=None
[2025-12-15T19:13:12.205+0000] {logging_mixin.py:190} INFO - [2025-12-15T19:13:12.204+0000] {dag.py:4180} INFO - Setting next_dagrun for dataset_s3_bucket_consumer to None, run_after=None
[2025-12-15T19:13:12.206+0000] {logging_mixin.py:190} INFO - [2025-12-15T19:13:12.206+0000] {dag.py:4180} INFO - Setting next_dagrun for dataset_s3_bucket_producer to None, run_after=None
[2025-12-15T19:13:12.231+0000] {processor.py:208} INFO - Processing /home/airflow/.local/lib/python3.12/site-packages/airflow/example_dags/example_dataset_alias.py took 0.872 seconds
[2025-12-15T19:13:42.710+0000] {processor.py:186} INFO - Started process (PID=8773) to work on /home/airflow/.local/lib/python3.12/site-packages/airflow/example_dags/example_dataset_alias.py
[2025-12-15T19:13:42.712+0000] {processor.py:914} INFO - Processing file /home/airflow/.local/lib/python3.12/site-packages/airflow/example_dags/example_dataset_alias.py for tasks to queue
[2025-12-15T19:13:42.715+0000] {logging_mixin.py:190} INFO - [2025-12-15T19:13:42.714+0000] {dagbag.py:588} INFO - Filling up the DagBag from /home/airflow/.local/lib/python3.12/site-packages/airflow/example_dags/example_dataset_alias.py
[2025-12-15T19:13:44.424+0000] {processor.py:925} INFO - DAG(s) 'dataset_s3_bucket_consumer', 'dataset_alias_example_alias_producer', 'dataset_alias_example_alias_consumer', 'dataset_s3_bucket_producer' retrieved from /home/airflow/.local/lib/python3.12/site-packages/airflow/example_dags/example_dataset_alias.py
[2025-12-15T19:13:44.596+0000] {logging_mixin.py:190} INFO - [2025-12-15T19:13:44.594+0000] {dag.py:3239} INFO - Sync 4 DAGs
[2025-12-15T19:13:45.002+0000] {logging_mixin.py:190} INFO - [2025-12-15T19:13:45.002+0000] {dag.py:4180} INFO - Setting next_dagrun for dataset_alias_example_alias_consumer to None, run_after=None
[2025-12-15T19:13:45.029+0000] {logging_mixin.py:190} INFO - [2025-12-15T19:13:45.026+0000] {dag.py:4180} INFO - Setting next_dagrun for dataset_alias_example_alias_producer to None, run_after=None
[2025-12-15T19:13:45.038+0000] {logging_mixin.py:190} INFO - [2025-12-15T19:13:45.037+0000] {dag.py:4180} INFO - Setting next_dagrun for dataset_s3_bucket_consumer to None, run_after=None
[2025-12-15T19:13:45.051+0000] {logging_mixin.py:190} INFO - [2025-12-15T19:13:45.046+0000] {dag.py:4180} INFO - Setting next_dagrun for dataset_s3_bucket_producer to None, run_after=None
[2025-12-15T19:13:45.321+0000] {processor.py:208} INFO - Processing /home/airflow/.local/lib/python3.12/site-packages/airflow/example_dags/example_dataset_alias.py took 2.625 seconds
[2025-12-15T19:14:15.897+0000] {processor.py:186} INFO - Started process (PID=9071) to work on /home/airflow/.local/lib/python3.12/site-packages/airflow/example_dags/example_dataset_alias.py
[2025-12-15T19:14:15.927+0000] {processor.py:914} INFO - Processing file /home/airflow/.local/lib/python3.12/site-packages/airflow/example_dags/example_dataset_alias.py for tasks to queue
[2025-12-15T19:14:15.929+0000] {logging_mixin.py:190} INFO - [2025-12-15T19:14:15.928+0000] {dagbag.py:588} INFO - Filling up the DagBag from /home/airflow/.local/lib/python3.12/site-packages/airflow/example_dags/example_dataset_alias.py
[2025-12-15T19:14:18.508+0000] {processor.py:925} INFO - DAG(s) 'dataset_alias_example_alias_consumer', 'dataset_alias_example_alias_producer', 'dataset_s3_bucket_consumer', 'dataset_s3_bucket_producer' retrieved from /home/airflow/.local/lib/python3.12/site-packages/airflow/example_dags/example_dataset_alias.py
[2025-12-15T19:14:18.563+0000] {logging_mixin.py:190} INFO - [2025-12-15T19:14:18.562+0000] {dag.py:3239} INFO - Sync 4 DAGs
[2025-12-15T19:14:18.634+0000] {logging_mixin.py:190} INFO - [2025-12-15T19:14:18.633+0000] {dag.py:4180} INFO - Setting next_dagrun for dataset_alias_example_alias_consumer to None, run_after=None
[2025-12-15T19:14:18.638+0000] {logging_mixin.py:190} INFO - [2025-12-15T19:14:18.637+0000] {dag.py:4180} INFO - Setting next_dagrun for dataset_alias_example_alias_producer to None, run_after=None
[2025-12-15T19:14:18.646+0000] {logging_mixin.py:190} INFO - [2025-12-15T19:14:18.645+0000] {dag.py:4180} INFO - Setting next_dagrun for dataset_s3_bucket_consumer to None, run_after=None
[2025-12-15T19:14:18.650+0000] {logging_mixin.py:190} INFO - [2025-12-15T19:14:18.650+0000] {dag.py:4180} INFO - Setting next_dagrun for dataset_s3_bucket_producer to None, run_after=None
[2025-12-15T19:14:18.700+0000] {processor.py:208} INFO - Processing /home/airflow/.local/lib/python3.12/site-packages/airflow/example_dags/example_dataset_alias.py took 2.818 seconds
[2025-12-15T19:14:48.989+0000] {processor.py:186} INFO - Started process (PID=9377) to work on /home/airflow/.local/lib/python3.12/site-packages/airflow/example_dags/example_dataset_alias.py
[2025-12-15T19:14:48.994+0000] {processor.py:914} INFO - Processing file /home/airflow/.local/lib/python3.12/site-packages/airflow/example_dags/example_dataset_alias.py for tasks to queue
[2025-12-15T19:14:48.996+0000] {logging_mixin.py:190} INFO - [2025-12-15T19:14:48.995+0000] {dagbag.py:588} INFO - Filling up the DagBag from /home/airflow/.local/lib/python3.12/site-packages/airflow/example_dags/example_dataset_alias.py
[2025-12-15T19:14:50.068+0000] {processor.py:925} INFO - DAG(s) 'dataset_s3_bucket_producer', 'dataset_alias_example_alias_producer', 'dataset_alias_example_alias_consumer', 'dataset_s3_bucket_consumer' retrieved from /home/airflow/.local/lib/python3.12/site-packages/airflow/example_dags/example_dataset_alias.py
[2025-12-15T19:14:50.098+0000] {logging_mixin.py:190} INFO - [2025-12-15T19:14:50.097+0000] {dag.py:3239} INFO - Sync 4 DAGs
[2025-12-15T19:14:50.134+0000] {logging_mixin.py:190} INFO - [2025-12-15T19:14:50.134+0000] {dag.py:4180} INFO - Setting next_dagrun for dataset_alias_example_alias_consumer to None, run_after=None
[2025-12-15T19:14:50.137+0000] {logging_mixin.py:190} INFO - [2025-12-15T19:14:50.137+0000] {dag.py:4180} INFO - Setting next_dagrun for dataset_alias_example_alias_producer to None, run_after=None
[2025-12-15T19:14:50.141+0000] {logging_mixin.py:190} INFO - [2025-12-15T19:14:50.140+0000] {dag.py:4180} INFO - Setting next_dagrun for dataset_s3_bucket_consumer to None, run_after=None
[2025-12-15T19:14:50.143+0000] {logging_mixin.py:190} INFO - [2025-12-15T19:14:50.143+0000] {dag.py:4180} INFO - Setting next_dagrun for dataset_s3_bucket_producer to None, run_after=None
[2025-12-15T19:14:50.175+0000] {processor.py:208} INFO - Processing /home/airflow/.local/lib/python3.12/site-packages/airflow/example_dags/example_dataset_alias.py took 1.202 seconds
[2025-12-15T19:15:20.564+0000] {processor.py:186} INFO - Started process (PID=9673) to work on /home/airflow/.local/lib/python3.12/site-packages/airflow/example_dags/example_dataset_alias.py
[2025-12-15T19:15:20.566+0000] {processor.py:914} INFO - Processing file /home/airflow/.local/lib/python3.12/site-packages/airflow/example_dags/example_dataset_alias.py for tasks to queue
[2025-12-15T19:15:20.567+0000] {logging_mixin.py:190} INFO - [2025-12-15T19:15:20.567+0000] {dagbag.py:588} INFO - Filling up the DagBag from /home/airflow/.local/lib/python3.12/site-packages/airflow/example_dags/example_dataset_alias.py
[2025-12-15T19:15:21.959+0000] {processor.py:925} INFO - DAG(s) 'dataset_s3_bucket_consumer', 'dataset_alias_example_alias_consumer', 'dataset_alias_example_alias_producer', 'dataset_s3_bucket_producer' retrieved from /home/airflow/.local/lib/python3.12/site-packages/airflow/example_dags/example_dataset_alias.py
[2025-12-15T19:15:21.991+0000] {logging_mixin.py:190} INFO - [2025-12-15T19:15:21.991+0000] {dag.py:3239} INFO - Sync 4 DAGs
[2025-12-15T19:15:22.025+0000] {logging_mixin.py:190} INFO - [2025-12-15T19:15:22.025+0000] {dag.py:4180} INFO - Setting next_dagrun for dataset_alias_example_alias_consumer to None, run_after=None
[2025-12-15T19:15:22.033+0000] {logging_mixin.py:190} INFO - [2025-12-15T19:15:22.033+0000] {dag.py:4180} INFO - Setting next_dagrun for dataset_alias_example_alias_producer to None, run_after=None
[2025-12-15T19:15:22.035+0000] {logging_mixin.py:190} INFO - [2025-12-15T19:15:22.035+0000] {dag.py:4180} INFO - Setting next_dagrun for dataset_s3_bucket_consumer to None, run_after=None
[2025-12-15T19:15:22.037+0000] {logging_mixin.py:190} INFO - [2025-12-15T19:15:22.037+0000] {dag.py:4180} INFO - Setting next_dagrun for dataset_s3_bucket_producer to None, run_after=None
[2025-12-15T19:15:22.075+0000] {processor.py:208} INFO - Processing /home/airflow/.local/lib/python3.12/site-packages/airflow/example_dags/example_dataset_alias.py took 1.524 seconds
[2025-12-15T19:15:52.171+0000] {processor.py:186} INFO - Started process (PID=9964) to work on /home/airflow/.local/lib/python3.12/site-packages/airflow/example_dags/example_dataset_alias.py
[2025-12-15T19:15:52.199+0000] {processor.py:914} INFO - Processing file /home/airflow/.local/lib/python3.12/site-packages/airflow/example_dags/example_dataset_alias.py for tasks to queue
[2025-12-15T19:15:52.201+0000] {logging_mixin.py:190} INFO - [2025-12-15T19:15:52.200+0000] {dagbag.py:588} INFO - Filling up the DagBag from /home/airflow/.local/lib/python3.12/site-packages/airflow/example_dags/example_dataset_alias.py
[2025-12-15T19:15:53.860+0000] {processor.py:925} INFO - DAG(s) 'dataset_alias_example_alias_consumer', 'dataset_s3_bucket_producer', 'dataset_alias_example_alias_producer', 'dataset_s3_bucket_consumer' retrieved from /home/airflow/.local/lib/python3.12/site-packages/airflow/example_dags/example_dataset_alias.py
[2025-12-15T19:15:53.919+0000] {logging_mixin.py:190} INFO - [2025-12-15T19:15:53.918+0000] {dag.py:3239} INFO - Sync 4 DAGs
[2025-12-15T19:15:54.004+0000] {logging_mixin.py:190} INFO - [2025-12-15T19:15:54.003+0000] {dag.py:4180} INFO - Setting next_dagrun for dataset_alias_example_alias_consumer to None, run_after=None
[2025-12-15T19:15:54.011+0000] {logging_mixin.py:190} INFO - [2025-12-15T19:15:54.011+0000] {dag.py:4180} INFO - Setting next_dagrun for dataset_alias_example_alias_producer to None, run_after=None
[2025-12-15T19:15:54.016+0000] {logging_mixin.py:190} INFO - [2025-12-15T19:15:54.016+0000] {dag.py:4180} INFO - Setting next_dagrun for dataset_s3_bucket_consumer to None, run_after=None
[2025-12-15T19:15:54.020+0000] {logging_mixin.py:190} INFO - [2025-12-15T19:15:54.019+0000] {dag.py:4180} INFO - Setting next_dagrun for dataset_s3_bucket_producer to None, run_after=None
[2025-12-15T19:15:54.076+0000] {processor.py:208} INFO - Processing /home/airflow/.local/lib/python3.12/site-packages/airflow/example_dags/example_dataset_alias.py took 1.916 seconds
[2025-12-15T19:16:24.408+0000] {processor.py:186} INFO - Started process (PID=10255) to work on /home/airflow/.local/lib/python3.12/site-packages/airflow/example_dags/example_dataset_alias.py
[2025-12-15T19:16:24.411+0000] {processor.py:914} INFO - Processing file /home/airflow/.local/lib/python3.12/site-packages/airflow/example_dags/example_dataset_alias.py for tasks to queue
[2025-12-15T19:16:24.413+0000] {logging_mixin.py:190} INFO - [2025-12-15T19:16:24.412+0000] {dagbag.py:588} INFO - Filling up the DagBag from /home/airflow/.local/lib/python3.12/site-packages/airflow/example_dags/example_dataset_alias.py
[2025-12-15T19:16:25.311+0000] {processor.py:925} INFO - DAG(s) 'dataset_s3_bucket_producer', 'dataset_alias_example_alias_consumer', 'dataset_s3_bucket_consumer', 'dataset_alias_example_alias_producer' retrieved from /home/airflow/.local/lib/python3.12/site-packages/airflow/example_dags/example_dataset_alias.py
[2025-12-15T19:16:25.344+0000] {logging_mixin.py:190} INFO - [2025-12-15T19:16:25.344+0000] {dag.py:3239} INFO - Sync 4 DAGs
[2025-12-15T19:16:25.377+0000] {logging_mixin.py:190} INFO - [2025-12-15T19:16:25.376+0000] {dag.py:4180} INFO - Setting next_dagrun for dataset_alias_example_alias_consumer to None, run_after=None
[2025-12-15T19:16:25.382+0000] {logging_mixin.py:190} INFO - [2025-12-15T19:16:25.382+0000] {dag.py:4180} INFO - Setting next_dagrun for dataset_alias_example_alias_producer to None, run_after=None
[2025-12-15T19:16:25.384+0000] {logging_mixin.py:190} INFO - [2025-12-15T19:16:25.384+0000] {dag.py:4180} INFO - Setting next_dagrun for dataset_s3_bucket_consumer to None, run_after=None
[2025-12-15T19:16:25.386+0000] {logging_mixin.py:190} INFO - [2025-12-15T19:16:25.386+0000] {dag.py:4180} INFO - Setting next_dagrun for dataset_s3_bucket_producer to None, run_after=None
[2025-12-15T19:16:25.452+0000] {processor.py:208} INFO - Processing /home/airflow/.local/lib/python3.12/site-packages/airflow/example_dags/example_dataset_alias.py took 1.058 seconds
[2025-12-15T19:16:55.902+0000] {processor.py:186} INFO - Started process (PID=10546) to work on /home/airflow/.local/lib/python3.12/site-packages/airflow/example_dags/example_dataset_alias.py
[2025-12-15T19:16:55.907+0000] {processor.py:914} INFO - Processing file /home/airflow/.local/lib/python3.12/site-packages/airflow/example_dags/example_dataset_alias.py for tasks to queue
[2025-12-15T19:16:55.910+0000] {logging_mixin.py:190} INFO - [2025-12-15T19:16:55.909+0000] {dagbag.py:588} INFO - Filling up the DagBag from /home/airflow/.local/lib/python3.12/site-packages/airflow/example_dags/example_dataset_alias.py
[2025-12-15T19:17:00.519+0000] {processor.py:925} INFO - DAG(s) 'dataset_s3_bucket_producer', 'dataset_s3_bucket_consumer', 'dataset_alias_example_alias_consumer', 'dataset_alias_example_alias_producer' retrieved from /home/airflow/.local/lib/python3.12/site-packages/airflow/example_dags/example_dataset_alias.py
[2025-12-15T19:17:00.633+0000] {logging_mixin.py:190} INFO - [2025-12-15T19:17:00.632+0000] {dag.py:3239} INFO - Sync 4 DAGs
[2025-12-15T19:17:00.731+0000] {logging_mixin.py:190} INFO - [2025-12-15T19:17:00.729+0000] {dag.py:4180} INFO - Setting next_dagrun for dataset_alias_example_alias_consumer to None, run_after=None
[2025-12-15T19:17:00.744+0000] {logging_mixin.py:190} INFO - [2025-12-15T19:17:00.741+0000] {dag.py:4180} INFO - Setting next_dagrun for dataset_alias_example_alias_producer to None, run_after=None
[2025-12-15T19:17:00.753+0000] {logging_mixin.py:190} INFO - [2025-12-15T19:17:00.751+0000] {dag.py:4180} INFO - Setting next_dagrun for dataset_s3_bucket_consumer to None, run_after=None
[2025-12-15T19:17:00.763+0000] {logging_mixin.py:190} INFO - [2025-12-15T19:17:00.762+0000] {dag.py:4180} INFO - Setting next_dagrun for dataset_s3_bucket_producer to None, run_after=None
[2025-12-15T19:17:00.873+0000] {processor.py:208} INFO - Processing /home/airflow/.local/lib/python3.12/site-packages/airflow/example_dags/example_dataset_alias.py took 4.245 seconds
[2025-12-15T19:17:33.380+0000] {processor.py:186} INFO - Started process (PID=10860) to work on /home/airflow/.local/lib/python3.12/site-packages/airflow/example_dags/example_dataset_alias.py
[2025-12-15T19:17:33.382+0000] {processor.py:914} INFO - Processing file /home/airflow/.local/lib/python3.12/site-packages/airflow/example_dags/example_dataset_alias.py for tasks to queue
[2025-12-15T19:17:33.384+0000] {logging_mixin.py:190} INFO - [2025-12-15T19:17:33.383+0000] {dagbag.py:588} INFO - Filling up the DagBag from /home/airflow/.local/lib/python3.12/site-packages/airflow/example_dags/example_dataset_alias.py
[2025-12-15T19:17:34.487+0000] {processor.py:925} INFO - DAG(s) 'dataset_s3_bucket_producer', 'dataset_s3_bucket_consumer', 'dataset_alias_example_alias_consumer', 'dataset_alias_example_alias_producer' retrieved from /home/airflow/.local/lib/python3.12/site-packages/airflow/example_dags/example_dataset_alias.py
[2025-12-15T19:17:34.525+0000] {logging_mixin.py:190} INFO - [2025-12-15T19:17:34.524+0000] {dag.py:3239} INFO - Sync 4 DAGs
[2025-12-15T19:17:34.566+0000] {logging_mixin.py:190} INFO - [2025-12-15T19:17:34.565+0000] {dag.py:4180} INFO - Setting next_dagrun for dataset_alias_example_alias_consumer to None, run_after=None
[2025-12-15T19:17:34.569+0000] {logging_mixin.py:190} INFO - [2025-12-15T19:17:34.569+0000] {dag.py:4180} INFO - Setting next_dagrun for dataset_alias_example_alias_producer to None, run_after=None
[2025-12-15T19:17:34.572+0000] {logging_mixin.py:190} INFO - [2025-12-15T19:17:34.572+0000] {dag.py:4180} INFO - Setting next_dagrun for dataset_s3_bucket_consumer to None, run_after=None
[2025-12-15T19:17:34.577+0000] {logging_mixin.py:190} INFO - [2025-12-15T19:17:34.576+0000] {dag.py:4180} INFO - Setting next_dagrun for dataset_s3_bucket_producer to None, run_after=None
[2025-12-15T19:17:34.629+0000] {processor.py:208} INFO - Processing /home/airflow/.local/lib/python3.12/site-packages/airflow/example_dags/example_dataset_alias.py took 1.263 seconds
[2025-12-15T19:18:04.916+0000] {processor.py:186} INFO - Started process (PID=11157) to work on /home/airflow/.local/lib/python3.12/site-packages/airflow/example_dags/example_dataset_alias.py
[2025-12-15T19:18:04.919+0000] {processor.py:914} INFO - Processing file /home/airflow/.local/lib/python3.12/site-packages/airflow/example_dags/example_dataset_alias.py for tasks to queue
[2025-12-15T19:18:04.922+0000] {logging_mixin.py:190} INFO - [2025-12-15T19:18:04.921+0000] {dagbag.py:588} INFO - Filling up the DagBag from /home/airflow/.local/lib/python3.12/site-packages/airflow/example_dags/example_dataset_alias.py
[2025-12-15T19:18:07.090+0000] {processor.py:925} INFO - DAG(s) 'dataset_s3_bucket_consumer', 'dataset_alias_example_alias_consumer', 'dataset_alias_example_alias_producer', 'dataset_s3_bucket_producer' retrieved from /home/airflow/.local/lib/python3.12/site-packages/airflow/example_dags/example_dataset_alias.py
[2025-12-15T19:18:07.143+0000] {logging_mixin.py:190} INFO - [2025-12-15T19:18:07.142+0000] {dag.py:3239} INFO - Sync 4 DAGs
[2025-12-15T19:18:07.221+0000] {logging_mixin.py:190} INFO - [2025-12-15T19:18:07.221+0000] {dag.py:4180} INFO - Setting next_dagrun for dataset_alias_example_alias_consumer to None, run_after=None
[2025-12-15T19:18:07.228+0000] {logging_mixin.py:190} INFO - [2025-12-15T19:18:07.227+0000] {dag.py:4180} INFO - Setting next_dagrun for dataset_alias_example_alias_producer to None, run_after=None
[2025-12-15T19:18:07.241+0000] {logging_mixin.py:190} INFO - [2025-12-15T19:18:07.240+0000] {dag.py:4180} INFO - Setting next_dagrun for dataset_s3_bucket_consumer to None, run_after=None
[2025-12-15T19:18:07.246+0000] {logging_mixin.py:190} INFO - [2025-12-15T19:18:07.245+0000] {dag.py:4180} INFO - Setting next_dagrun for dataset_s3_bucket_producer to None, run_after=None
[2025-12-15T19:18:07.343+0000] {processor.py:208} INFO - Processing /home/airflow/.local/lib/python3.12/site-packages/airflow/example_dags/example_dataset_alias.py took 2.441 seconds
[2025-12-15T19:18:37.590+0000] {processor.py:186} INFO - Started process (PID=11454) to work on /home/airflow/.local/lib/python3.12/site-packages/airflow/example_dags/example_dataset_alias.py
[2025-12-15T19:18:37.591+0000] {processor.py:914} INFO - Processing file /home/airflow/.local/lib/python3.12/site-packages/airflow/example_dags/example_dataset_alias.py for tasks to queue
[2025-12-15T19:18:37.593+0000] {logging_mixin.py:190} INFO - [2025-12-15T19:18:37.593+0000] {dagbag.py:588} INFO - Filling up the DagBag from /home/airflow/.local/lib/python3.12/site-packages/airflow/example_dags/example_dataset_alias.py
[2025-12-15T19:18:40.540+0000] {processor.py:925} INFO - DAG(s) 'dataset_s3_bucket_producer', 'dataset_alias_example_alias_consumer', 'dataset_s3_bucket_consumer', 'dataset_alias_example_alias_producer' retrieved from /home/airflow/.local/lib/python3.12/site-packages/airflow/example_dags/example_dataset_alias.py
[2025-12-15T19:18:40.768+0000] {logging_mixin.py:190} INFO - [2025-12-15T19:18:40.766+0000] {dag.py:3239} INFO - Sync 4 DAGs
[2025-12-15T19:18:40.972+0000] {logging_mixin.py:190} INFO - [2025-12-15T19:18:40.971+0000] {dag.py:4180} INFO - Setting next_dagrun for dataset_alias_example_alias_consumer to None, run_after=None
[2025-12-15T19:18:41.004+0000] {logging_mixin.py:190} INFO - [2025-12-15T19:18:41.003+0000] {dag.py:4180} INFO - Setting next_dagrun for dataset_alias_example_alias_producer to None, run_after=None
[2025-12-15T19:18:41.030+0000] {logging_mixin.py:190} INFO - [2025-12-15T19:18:41.023+0000] {dag.py:4180} INFO - Setting next_dagrun for dataset_s3_bucket_consumer to None, run_after=None
[2025-12-15T19:18:41.045+0000] {logging_mixin.py:190} INFO - [2025-12-15T19:18:41.044+0000] {dag.py:4180} INFO - Setting next_dagrun for dataset_s3_bucket_producer to None, run_after=None
[2025-12-15T19:18:41.244+0000] {processor.py:208} INFO - Processing /home/airflow/.local/lib/python3.12/site-packages/airflow/example_dags/example_dataset_alias.py took 3.668 seconds
[2025-12-15T19:19:11.976+0000] {processor.py:186} INFO - Started process (PID=11750) to work on /home/airflow/.local/lib/python3.12/site-packages/airflow/example_dags/example_dataset_alias.py
[2025-12-15T19:19:11.979+0000] {processor.py:914} INFO - Processing file /home/airflow/.local/lib/python3.12/site-packages/airflow/example_dags/example_dataset_alias.py for tasks to queue
[2025-12-15T19:19:11.986+0000] {logging_mixin.py:190} INFO - [2025-12-15T19:19:11.984+0000] {dagbag.py:588} INFO - Filling up the DagBag from /home/airflow/.local/lib/python3.12/site-packages/airflow/example_dags/example_dataset_alias.py
[2025-12-15T19:19:15.425+0000] {processor.py:925} INFO - DAG(s) 'dataset_alias_example_alias_consumer', 'dataset_s3_bucket_producer', 'dataset_alias_example_alias_producer', 'dataset_s3_bucket_consumer' retrieved from /home/airflow/.local/lib/python3.12/site-packages/airflow/example_dags/example_dataset_alias.py
[2025-12-15T19:19:15.653+0000] {logging_mixin.py:190} INFO - [2025-12-15T19:19:15.619+0000] {dag.py:3239} INFO - Sync 4 DAGs
[2025-12-15T19:19:16.177+0000] {logging_mixin.py:190} INFO - [2025-12-15T19:19:16.176+0000] {dag.py:4180} INFO - Setting next_dagrun for dataset_alias_example_alias_consumer to None, run_after=None
[2025-12-15T19:19:16.189+0000] {logging_mixin.py:190} INFO - [2025-12-15T19:19:16.185+0000] {dag.py:4180} INFO - Setting next_dagrun for dataset_alias_example_alias_producer to None, run_after=None
[2025-12-15T19:19:16.201+0000] {logging_mixin.py:190} INFO - [2025-12-15T19:19:16.201+0000] {dag.py:4180} INFO - Setting next_dagrun for dataset_s3_bucket_consumer to None, run_after=None
[2025-12-15T19:19:16.208+0000] {logging_mixin.py:190} INFO - [2025-12-15T19:19:16.207+0000] {dag.py:4180} INFO - Setting next_dagrun for dataset_s3_bucket_producer to None, run_after=None
[2025-12-15T19:19:16.671+0000] {processor.py:208} INFO - Processing /home/airflow/.local/lib/python3.12/site-packages/airflow/example_dags/example_dataset_alias.py took 4.717 seconds
