[2025-12-15T18:56:26.118+0000] {processor.py:186} INFO - Started process (PID=413) to work on /home/airflow/.local/lib/python3.12/site-packages/airflow/example_dags/example_dataset_alias_with_no_taskflow.py
[2025-12-15T18:56:26.120+0000] {processor.py:914} INFO - Processing file /home/airflow/.local/lib/python3.12/site-packages/airflow/example_dags/example_dataset_alias_with_no_taskflow.py for tasks to queue
[2025-12-15T18:56:26.147+0000] {logging_mixin.py:190} INFO - [2025-12-15T18:56:26.136+0000] {dagbag.py:588} INFO - Filling up the DagBag from /home/airflow/.local/lib/python3.12/site-packages/airflow/example_dags/example_dataset_alias_with_no_taskflow.py
[2025-12-15T18:56:28.991+0000] {processor.py:925} INFO - DAG(s) 'dataset_alias_example_alias_producer_with_no_taskflow', 'dataset_s3_bucket_consumer_with_no_taskflow', 'dataset_s3_bucket_producer_with_no_taskflow', 'dataset_alias_example_alias_consumer_with_no_taskflow' retrieved from /home/airflow/.local/lib/python3.12/site-packages/airflow/example_dags/example_dataset_alias_with_no_taskflow.py
[2025-12-15T18:56:29.316+0000] {logging_mixin.py:190} INFO - [2025-12-15T18:56:29.315+0000] {override.py:1911} INFO - Created Permission View: can read on DAG:dataset_alias_example_alias_producer_with_no_taskflow
[2025-12-15T18:56:29.341+0000] {logging_mixin.py:190} INFO - [2025-12-15T18:56:29.340+0000] {override.py:1911} INFO - Created Permission View: can edit on DAG:dataset_alias_example_alias_producer_with_no_taskflow
[2025-12-15T18:56:29.359+0000] {logging_mixin.py:190} INFO - [2025-12-15T18:56:29.358+0000] {override.py:1911} INFO - Created Permission View: can delete on DAG:dataset_alias_example_alias_producer_with_no_taskflow
[2025-12-15T18:56:29.379+0000] {logging_mixin.py:190} INFO - [2025-12-15T18:56:29.378+0000] {override.py:1911} INFO - Created Permission View: can read on DAG Run:dataset_alias_example_alias_producer_with_no_taskflow
[2025-12-15T18:56:29.397+0000] {logging_mixin.py:190} INFO - [2025-12-15T18:56:29.396+0000] {override.py:1911} INFO - Created Permission View: menu access on DAG Run:dataset_alias_example_alias_producer_with_no_taskflow
[2025-12-15T18:56:29.421+0000] {logging_mixin.py:190} INFO - [2025-12-15T18:56:29.421+0000] {override.py:1911} INFO - Created Permission View: can create on DAG Run:dataset_alias_example_alias_producer_with_no_taskflow
[2025-12-15T18:56:29.443+0000] {logging_mixin.py:190} INFO - [2025-12-15T18:56:29.442+0000] {override.py:1911} INFO - Created Permission View: can delete on DAG Run:dataset_alias_example_alias_producer_with_no_taskflow
[2025-12-15T18:56:29.482+0000] {logging_mixin.py:190} INFO - [2025-12-15T18:56:29.482+0000] {override.py:1911} INFO - Created Permission View: can read on DAG:dataset_s3_bucket_consumer_with_no_taskflow
[2025-12-15T18:56:29.506+0000] {logging_mixin.py:190} INFO - [2025-12-15T18:56:29.506+0000] {override.py:1911} INFO - Created Permission View: can edit on DAG:dataset_s3_bucket_consumer_with_no_taskflow
[2025-12-15T18:56:29.524+0000] {logging_mixin.py:190} INFO - [2025-12-15T18:56:29.524+0000] {override.py:1911} INFO - Created Permission View: can delete on DAG:dataset_s3_bucket_consumer_with_no_taskflow
[2025-12-15T18:56:29.540+0000] {logging_mixin.py:190} INFO - [2025-12-15T18:56:29.539+0000] {override.py:1911} INFO - Created Permission View: can read on DAG Run:dataset_s3_bucket_consumer_with_no_taskflow
[2025-12-15T18:56:29.558+0000] {logging_mixin.py:190} INFO - [2025-12-15T18:56:29.558+0000] {override.py:1911} INFO - Created Permission View: menu access on DAG Run:dataset_s3_bucket_consumer_with_no_taskflow
[2025-12-15T18:56:29.576+0000] {logging_mixin.py:190} INFO - [2025-12-15T18:56:29.575+0000] {override.py:1911} INFO - Created Permission View: can create on DAG Run:dataset_s3_bucket_consumer_with_no_taskflow
[2025-12-15T18:56:29.592+0000] {logging_mixin.py:190} INFO - [2025-12-15T18:56:29.591+0000] {override.py:1911} INFO - Created Permission View: can delete on DAG Run:dataset_s3_bucket_consumer_with_no_taskflow
[2025-12-15T18:56:29.625+0000] {logging_mixin.py:190} INFO - [2025-12-15T18:56:29.625+0000] {override.py:1911} INFO - Created Permission View: can read on DAG:dataset_s3_bucket_producer_with_no_taskflow
[2025-12-15T18:56:29.646+0000] {logging_mixin.py:190} INFO - [2025-12-15T18:56:29.646+0000] {override.py:1911} INFO - Created Permission View: can edit on DAG:dataset_s3_bucket_producer_with_no_taskflow
[2025-12-15T18:56:29.664+0000] {logging_mixin.py:190} INFO - [2025-12-15T18:56:29.664+0000] {override.py:1911} INFO - Created Permission View: can delete on DAG:dataset_s3_bucket_producer_with_no_taskflow
[2025-12-15T18:56:29.690+0000] {logging_mixin.py:190} INFO - [2025-12-15T18:56:29.690+0000] {override.py:1911} INFO - Created Permission View: can read on DAG Run:dataset_s3_bucket_producer_with_no_taskflow
[2025-12-15T18:56:29.711+0000] {logging_mixin.py:190} INFO - [2025-12-15T18:56:29.711+0000] {override.py:1911} INFO - Created Permission View: menu access on DAG Run:dataset_s3_bucket_producer_with_no_taskflow
[2025-12-15T18:56:29.735+0000] {logging_mixin.py:190} INFO - [2025-12-15T18:56:29.734+0000] {override.py:1911} INFO - Created Permission View: can create on DAG Run:dataset_s3_bucket_producer_with_no_taskflow
[2025-12-15T18:56:29.754+0000] {logging_mixin.py:190} INFO - [2025-12-15T18:56:29.754+0000] {override.py:1911} INFO - Created Permission View: can delete on DAG Run:dataset_s3_bucket_producer_with_no_taskflow
[2025-12-15T18:56:29.794+0000] {logging_mixin.py:190} INFO - [2025-12-15T18:56:29.794+0000] {override.py:1911} INFO - Created Permission View: can read on DAG:dataset_alias_example_alias_consumer_with_no_taskflow
[2025-12-15T18:56:29.816+0000] {logging_mixin.py:190} INFO - [2025-12-15T18:56:29.816+0000] {override.py:1911} INFO - Created Permission View: can edit on DAG:dataset_alias_example_alias_consumer_with_no_taskflow
[2025-12-15T18:56:29.840+0000] {logging_mixin.py:190} INFO - [2025-12-15T18:56:29.836+0000] {override.py:1911} INFO - Created Permission View: can delete on DAG:dataset_alias_example_alias_consumer_with_no_taskflow
[2025-12-15T18:56:29.859+0000] {logging_mixin.py:190} INFO - [2025-12-15T18:56:29.859+0000] {override.py:1911} INFO - Created Permission View: can read on DAG Run:dataset_alias_example_alias_consumer_with_no_taskflow
[2025-12-15T18:56:29.885+0000] {logging_mixin.py:190} INFO - [2025-12-15T18:56:29.885+0000] {override.py:1911} INFO - Created Permission View: menu access on DAG Run:dataset_alias_example_alias_consumer_with_no_taskflow
[2025-12-15T18:56:29.906+0000] {logging_mixin.py:190} INFO - [2025-12-15T18:56:29.905+0000] {override.py:1911} INFO - Created Permission View: can create on DAG Run:dataset_alias_example_alias_consumer_with_no_taskflow
[2025-12-15T18:56:29.924+0000] {logging_mixin.py:190} INFO - [2025-12-15T18:56:29.924+0000] {override.py:1911} INFO - Created Permission View: can delete on DAG Run:dataset_alias_example_alias_consumer_with_no_taskflow
[2025-12-15T18:56:29.926+0000] {logging_mixin.py:190} INFO - [2025-12-15T18:56:29.925+0000] {dag.py:3239} INFO - Sync 4 DAGs
[2025-12-15T18:56:29.968+0000] {logging_mixin.py:190} INFO - [2025-12-15T18:56:29.967+0000] {dag.py:3262} INFO - Creating ORM DAG for dataset_alias_example_alias_producer_with_no_taskflow
[2025-12-15T18:56:29.969+0000] {logging_mixin.py:190} INFO - [2025-12-15T18:56:29.969+0000] {dag.py:3262} INFO - Creating ORM DAG for dataset_alias_example_alias_consumer_with_no_taskflow
[2025-12-15T18:56:29.971+0000] {logging_mixin.py:190} INFO - [2025-12-15T18:56:29.971+0000] {dag.py:3262} INFO - Creating ORM DAG for dataset_s3_bucket_producer_with_no_taskflow
[2025-12-15T18:56:29.973+0000] {logging_mixin.py:190} INFO - [2025-12-15T18:56:29.972+0000] {dag.py:3262} INFO - Creating ORM DAG for dataset_s3_bucket_consumer_with_no_taskflow
[2025-12-15T18:56:29.994+0000] {logging_mixin.py:190} INFO - [2025-12-15T18:56:29.993+0000] {dag.py:4180} INFO - Setting next_dagrun for dataset_alias_example_alias_consumer_with_no_taskflow to None, run_after=None
[2025-12-15T18:56:29.996+0000] {logging_mixin.py:190} INFO - [2025-12-15T18:56:29.995+0000] {dag.py:4180} INFO - Setting next_dagrun for dataset_alias_example_alias_producer_with_no_taskflow to None, run_after=None
[2025-12-15T18:56:29.997+0000] {logging_mixin.py:190} INFO - [2025-12-15T18:56:29.997+0000] {dag.py:4180} INFO - Setting next_dagrun for dataset_s3_bucket_consumer_with_no_taskflow to None, run_after=None
[2025-12-15T18:56:30.000+0000] {logging_mixin.py:190} INFO - [2025-12-15T18:56:30.000+0000] {dag.py:4180} INFO - Setting next_dagrun for dataset_s3_bucket_producer_with_no_taskflow to None, run_after=None
[2025-12-15T18:56:30.067+0000] {processor.py:208} INFO - Processing /home/airflow/.local/lib/python3.12/site-packages/airflow/example_dags/example_dataset_alias_with_no_taskflow.py took 4.019 seconds
[2025-12-15T18:57:00.381+0000] {processor.py:186} INFO - Started process (PID=722) to work on /home/airflow/.local/lib/python3.12/site-packages/airflow/example_dags/example_dataset_alias_with_no_taskflow.py
[2025-12-15T18:57:00.388+0000] {processor.py:914} INFO - Processing file /home/airflow/.local/lib/python3.12/site-packages/airflow/example_dags/example_dataset_alias_with_no_taskflow.py for tasks to queue
[2025-12-15T18:57:00.396+0000] {logging_mixin.py:190} INFO - [2025-12-15T18:57:00.395+0000] {dagbag.py:588} INFO - Filling up the DagBag from /home/airflow/.local/lib/python3.12/site-packages/airflow/example_dags/example_dataset_alias_with_no_taskflow.py
[2025-12-15T18:57:04.303+0000] {processor.py:925} INFO - DAG(s) 'dataset_alias_example_alias_producer_with_no_taskflow', 'dataset_s3_bucket_producer_with_no_taskflow', 'dataset_alias_example_alias_consumer_with_no_taskflow', 'dataset_s3_bucket_consumer_with_no_taskflow' retrieved from /home/airflow/.local/lib/python3.12/site-packages/airflow/example_dags/example_dataset_alias_with_no_taskflow.py
[2025-12-15T18:57:04.395+0000] {logging_mixin.py:190} INFO - [2025-12-15T18:57:04.393+0000] {dag.py:3239} INFO - Sync 4 DAGs
[2025-12-15T18:57:04.503+0000] {logging_mixin.py:190} INFO - [2025-12-15T18:57:04.500+0000] {dag.py:4180} INFO - Setting next_dagrun for dataset_alias_example_alias_consumer_with_no_taskflow to None, run_after=None
[2025-12-15T18:57:04.515+0000] {logging_mixin.py:190} INFO - [2025-12-15T18:57:04.514+0000] {dag.py:4180} INFO - Setting next_dagrun for dataset_alias_example_alias_producer_with_no_taskflow to None, run_after=None
[2025-12-15T18:57:04.523+0000] {logging_mixin.py:190} INFO - [2025-12-15T18:57:04.522+0000] {dag.py:4180} INFO - Setting next_dagrun for dataset_s3_bucket_consumer_with_no_taskflow to None, run_after=None
[2025-12-15T18:57:04.527+0000] {logging_mixin.py:190} INFO - [2025-12-15T18:57:04.527+0000] {dag.py:4180} INFO - Setting next_dagrun for dataset_s3_bucket_producer_with_no_taskflow to None, run_after=None
[2025-12-15T18:57:04.611+0000] {processor.py:208} INFO - Processing /home/airflow/.local/lib/python3.12/site-packages/airflow/example_dags/example_dataset_alias_with_no_taskflow.py took 4.256 seconds
[2025-12-15T18:57:35.451+0000] {processor.py:186} INFO - Started process (PID=1023) to work on /home/airflow/.local/lib/python3.12/site-packages/airflow/example_dags/example_dataset_alias_with_no_taskflow.py
[2025-12-15T18:57:35.454+0000] {processor.py:914} INFO - Processing file /home/airflow/.local/lib/python3.12/site-packages/airflow/example_dags/example_dataset_alias_with_no_taskflow.py for tasks to queue
[2025-12-15T18:57:35.460+0000] {logging_mixin.py:190} INFO - [2025-12-15T18:57:35.459+0000] {dagbag.py:588} INFO - Filling up the DagBag from /home/airflow/.local/lib/python3.12/site-packages/airflow/example_dags/example_dataset_alias_with_no_taskflow.py
[2025-12-15T18:57:41.452+0000] {processor.py:925} INFO - DAG(s) 'dataset_alias_example_alias_producer_with_no_taskflow', 'dataset_s3_bucket_consumer_with_no_taskflow', 'dataset_s3_bucket_producer_with_no_taskflow', 'dataset_alias_example_alias_consumer_with_no_taskflow' retrieved from /home/airflow/.local/lib/python3.12/site-packages/airflow/example_dags/example_dataset_alias_with_no_taskflow.py
[2025-12-15T18:57:41.507+0000] {logging_mixin.py:190} INFO - [2025-12-15T18:57:41.506+0000] {dag.py:3239} INFO - Sync 4 DAGs
[2025-12-15T18:57:41.545+0000] {logging_mixin.py:190} INFO - [2025-12-15T18:57:41.544+0000] {dag.py:4180} INFO - Setting next_dagrun for dataset_alias_example_alias_consumer_with_no_taskflow to None, run_after=None
[2025-12-15T18:57:41.549+0000] {logging_mixin.py:190} INFO - [2025-12-15T18:57:41.548+0000] {dag.py:4180} INFO - Setting next_dagrun for dataset_alias_example_alias_producer_with_no_taskflow to None, run_after=None
[2025-12-15T18:57:41.551+0000] {logging_mixin.py:190} INFO - [2025-12-15T18:57:41.550+0000] {dag.py:4180} INFO - Setting next_dagrun for dataset_s3_bucket_consumer_with_no_taskflow to None, run_after=None
[2025-12-15T18:57:41.552+0000] {logging_mixin.py:190} INFO - [2025-12-15T18:57:41.552+0000] {dag.py:4180} INFO - Setting next_dagrun for dataset_s3_bucket_producer_with_no_taskflow to None, run_after=None
[2025-12-15T18:57:42.779+0000] {processor.py:208} INFO - Processing /home/airflow/.local/lib/python3.12/site-packages/airflow/example_dags/example_dataset_alias_with_no_taskflow.py took 6.688 seconds
[2025-12-15T18:58:18.877+0000] {processor.py:186} INFO - Started process (PID=1341) to work on /home/airflow/.local/lib/python3.12/site-packages/airflow/example_dags/example_dataset_alias_with_no_taskflow.py
[2025-12-15T18:58:18.879+0000] {processor.py:914} INFO - Processing file /home/airflow/.local/lib/python3.12/site-packages/airflow/example_dags/example_dataset_alias_with_no_taskflow.py for tasks to queue
[2025-12-15T18:58:18.886+0000] {logging_mixin.py:190} INFO - [2025-12-15T18:58:18.885+0000] {dagbag.py:588} INFO - Filling up the DagBag from /home/airflow/.local/lib/python3.12/site-packages/airflow/example_dags/example_dataset_alias_with_no_taskflow.py
[2025-12-15T18:58:21.710+0000] {processor.py:925} INFO - DAG(s) 'dataset_s3_bucket_producer_with_no_taskflow', 'dataset_s3_bucket_consumer_with_no_taskflow', 'dataset_alias_example_alias_producer_with_no_taskflow', 'dataset_alias_example_alias_consumer_with_no_taskflow' retrieved from /home/airflow/.local/lib/python3.12/site-packages/airflow/example_dags/example_dataset_alias_with_no_taskflow.py
[2025-12-15T18:58:21.785+0000] {logging_mixin.py:190} INFO - [2025-12-15T18:58:21.783+0000] {dag.py:3239} INFO - Sync 4 DAGs
[2025-12-15T18:58:21.967+0000] {logging_mixin.py:190} INFO - [2025-12-15T18:58:21.965+0000] {dag.py:4180} INFO - Setting next_dagrun for dataset_alias_example_alias_consumer_with_no_taskflow to None, run_after=None
[2025-12-15T18:58:21.982+0000] {logging_mixin.py:190} INFO - [2025-12-15T18:58:21.982+0000] {dag.py:4180} INFO - Setting next_dagrun for dataset_alias_example_alias_producer_with_no_taskflow to None, run_after=None
[2025-12-15T18:58:21.997+0000] {logging_mixin.py:190} INFO - [2025-12-15T18:58:21.996+0000] {dag.py:4180} INFO - Setting next_dagrun for dataset_s3_bucket_consumer_with_no_taskflow to None, run_after=None
[2025-12-15T18:58:22.002+0000] {logging_mixin.py:190} INFO - [2025-12-15T18:58:22.001+0000] {dag.py:4180} INFO - Setting next_dagrun for dataset_s3_bucket_producer_with_no_taskflow to None, run_after=None
[2025-12-15T18:58:22.248+0000] {processor.py:208} INFO - Processing /home/airflow/.local/lib/python3.12/site-packages/airflow/example_dags/example_dataset_alias_with_no_taskflow.py took 3.385 seconds
[2025-12-15T18:58:53.927+0000] {processor.py:186} INFO - Started process (PID=1657) to work on /home/airflow/.local/lib/python3.12/site-packages/airflow/example_dags/example_dataset_alias_with_no_taskflow.py
[2025-12-15T18:58:53.929+0000] {processor.py:914} INFO - Processing file /home/airflow/.local/lib/python3.12/site-packages/airflow/example_dags/example_dataset_alias_with_no_taskflow.py for tasks to queue
[2025-12-15T18:58:53.934+0000] {logging_mixin.py:190} INFO - [2025-12-15T18:58:53.933+0000] {dagbag.py:588} INFO - Filling up the DagBag from /home/airflow/.local/lib/python3.12/site-packages/airflow/example_dags/example_dataset_alias_with_no_taskflow.py
[2025-12-15T18:58:55.228+0000] {processor.py:925} INFO - DAG(s) 'dataset_s3_bucket_consumer_with_no_taskflow', 'dataset_s3_bucket_producer_with_no_taskflow', 'dataset_alias_example_alias_consumer_with_no_taskflow', 'dataset_alias_example_alias_producer_with_no_taskflow' retrieved from /home/airflow/.local/lib/python3.12/site-packages/airflow/example_dags/example_dataset_alias_with_no_taskflow.py
[2025-12-15T18:58:55.308+0000] {logging_mixin.py:190} INFO - [2025-12-15T18:58:55.306+0000] {dag.py:3239} INFO - Sync 4 DAGs
[2025-12-15T18:58:55.367+0000] {logging_mixin.py:190} INFO - [2025-12-15T18:58:55.367+0000] {dag.py:4180} INFO - Setting next_dagrun for dataset_alias_example_alias_consumer_with_no_taskflow to None, run_after=None
[2025-12-15T18:58:55.376+0000] {logging_mixin.py:190} INFO - [2025-12-15T18:58:55.375+0000] {dag.py:4180} INFO - Setting next_dagrun for dataset_alias_example_alias_producer_with_no_taskflow to None, run_after=None
[2025-12-15T18:58:55.379+0000] {logging_mixin.py:190} INFO - [2025-12-15T18:58:55.379+0000] {dag.py:4180} INFO - Setting next_dagrun for dataset_s3_bucket_consumer_with_no_taskflow to None, run_after=None
[2025-12-15T18:58:55.382+0000] {logging_mixin.py:190} INFO - [2025-12-15T18:58:55.381+0000] {dag.py:4180} INFO - Setting next_dagrun for dataset_s3_bucket_producer_with_no_taskflow to None, run_after=None
[2025-12-15T18:58:55.431+0000] {processor.py:208} INFO - Processing /home/airflow/.local/lib/python3.12/site-packages/airflow/example_dags/example_dataset_alias_with_no_taskflow.py took 1.514 seconds
[2025-12-15T18:59:53.398+0000] {processor.py:186} INFO - Started process (PID=1997) to work on /home/airflow/.local/lib/python3.12/site-packages/airflow/example_dags/example_dataset_alias_with_no_taskflow.py
[2025-12-15T18:59:53.889+0000] {processor.py:914} INFO - Processing file /home/airflow/.local/lib/python3.12/site-packages/airflow/example_dags/example_dataset_alias_with_no_taskflow.py for tasks to queue
[2025-12-15T18:59:53.928+0000] {logging_mixin.py:190} INFO - [2025-12-15T18:59:53.927+0000] {dagbag.py:588} INFO - Filling up the DagBag from /home/airflow/.local/lib/python3.12/site-packages/airflow/example_dags/example_dataset_alias_with_no_taskflow.py
[2025-12-15T18:59:55.767+0000] {processor.py:925} INFO - DAG(s) 'dataset_s3_bucket_consumer_with_no_taskflow', 'dataset_alias_example_alias_producer_with_no_taskflow', 'dataset_s3_bucket_producer_with_no_taskflow', 'dataset_alias_example_alias_consumer_with_no_taskflow' retrieved from /home/airflow/.local/lib/python3.12/site-packages/airflow/example_dags/example_dataset_alias_with_no_taskflow.py
[2025-12-15T18:59:55.967+0000] {logging_mixin.py:190} INFO - [2025-12-15T18:59:55.929+0000] {dag.py:3239} INFO - Sync 4 DAGs
[2025-12-15T18:59:56.186+0000] {logging_mixin.py:190} INFO - [2025-12-15T18:59:56.185+0000] {dag.py:4180} INFO - Setting next_dagrun for dataset_alias_example_alias_consumer_with_no_taskflow to None, run_after=None
[2025-12-15T18:59:56.231+0000] {logging_mixin.py:190} INFO - [2025-12-15T18:59:56.231+0000] {dag.py:4180} INFO - Setting next_dagrun for dataset_alias_example_alias_producer_with_no_taskflow to None, run_after=None
[2025-12-15T18:59:56.238+0000] {logging_mixin.py:190} INFO - [2025-12-15T18:59:56.237+0000] {dag.py:4180} INFO - Setting next_dagrun for dataset_s3_bucket_consumer_with_no_taskflow to None, run_after=None
[2025-12-15T18:59:56.252+0000] {logging_mixin.py:190} INFO - [2025-12-15T18:59:56.252+0000] {dag.py:4180} INFO - Setting next_dagrun for dataset_s3_bucket_producer_with_no_taskflow to None, run_after=None
[2025-12-15T18:59:56.627+0000] {processor.py:208} INFO - Processing /home/airflow/.local/lib/python3.12/site-packages/airflow/example_dags/example_dataset_alias_with_no_taskflow.py took 3.248 seconds
[2025-12-15T19:01:55.097+0000] {processor.py:186} INFO - Started process (PID=2320) to work on /home/airflow/.local/lib/python3.12/site-packages/airflow/example_dags/example_dataset_alias_with_no_taskflow.py
[2025-12-15T19:01:55.103+0000] {processor.py:914} INFO - Processing file /home/airflow/.local/lib/python3.12/site-packages/airflow/example_dags/example_dataset_alias_with_no_taskflow.py for tasks to queue
[2025-12-15T19:01:55.111+0000] {logging_mixin.py:190} INFO - [2025-12-15T19:01:55.110+0000] {dagbag.py:588} INFO - Filling up the DagBag from /home/airflow/.local/lib/python3.12/site-packages/airflow/example_dags/example_dataset_alias_with_no_taskflow.py
[2025-12-15T19:01:57.081+0000] {processor.py:925} INFO - DAG(s) 'dataset_s3_bucket_producer_with_no_taskflow', 'dataset_s3_bucket_consumer_with_no_taskflow', 'dataset_alias_example_alias_producer_with_no_taskflow', 'dataset_alias_example_alias_consumer_with_no_taskflow' retrieved from /home/airflow/.local/lib/python3.12/site-packages/airflow/example_dags/example_dataset_alias_with_no_taskflow.py
[2025-12-15T19:01:57.139+0000] {logging_mixin.py:190} INFO - [2025-12-15T19:01:57.131+0000] {dag.py:3239} INFO - Sync 4 DAGs
[2025-12-15T19:01:57.190+0000] {logging_mixin.py:190} INFO - [2025-12-15T19:01:57.189+0000] {dag.py:4180} INFO - Setting next_dagrun for dataset_alias_example_alias_consumer_with_no_taskflow to None, run_after=None
[2025-12-15T19:01:57.194+0000] {logging_mixin.py:190} INFO - [2025-12-15T19:01:57.194+0000] {dag.py:4180} INFO - Setting next_dagrun for dataset_alias_example_alias_producer_with_no_taskflow to None, run_after=None
[2025-12-15T19:01:57.197+0000] {logging_mixin.py:190} INFO - [2025-12-15T19:01:57.196+0000] {dag.py:4180} INFO - Setting next_dagrun for dataset_s3_bucket_consumer_with_no_taskflow to None, run_after=None
[2025-12-15T19:01:57.203+0000] {logging_mixin.py:190} INFO - [2025-12-15T19:01:57.199+0000] {dag.py:4180} INFO - Setting next_dagrun for dataset_s3_bucket_producer_with_no_taskflow to None, run_after=None
[2025-12-15T19:01:57.255+0000] {processor.py:208} INFO - Processing /home/airflow/.local/lib/python3.12/site-packages/airflow/example_dags/example_dataset_alias_with_no_taskflow.py took 2.181 seconds
[2025-12-15T19:02:29.296+0000] {processor.py:186} INFO - Started process (PID=2621) to work on /home/airflow/.local/lib/python3.12/site-packages/airflow/example_dags/example_dataset_alias_with_no_taskflow.py
[2025-12-15T19:02:29.300+0000] {processor.py:914} INFO - Processing file /home/airflow/.local/lib/python3.12/site-packages/airflow/example_dags/example_dataset_alias_with_no_taskflow.py for tasks to queue
[2025-12-15T19:02:29.307+0000] {logging_mixin.py:190} INFO - [2025-12-15T19:02:29.306+0000] {dagbag.py:588} INFO - Filling up the DagBag from /home/airflow/.local/lib/python3.12/site-packages/airflow/example_dags/example_dataset_alias_with_no_taskflow.py
[2025-12-15T19:02:30.700+0000] {processor.py:925} INFO - DAG(s) 'dataset_s3_bucket_producer_with_no_taskflow', 'dataset_alias_example_alias_producer_with_no_taskflow', 'dataset_s3_bucket_consumer_with_no_taskflow', 'dataset_alias_example_alias_consumer_with_no_taskflow' retrieved from /home/airflow/.local/lib/python3.12/site-packages/airflow/example_dags/example_dataset_alias_with_no_taskflow.py
[2025-12-15T19:02:30.751+0000] {logging_mixin.py:190} INFO - [2025-12-15T19:02:30.750+0000] {dag.py:3239} INFO - Sync 4 DAGs
[2025-12-15T19:02:30.802+0000] {logging_mixin.py:190} INFO - [2025-12-15T19:02:30.801+0000] {dag.py:4180} INFO - Setting next_dagrun for dataset_alias_example_alias_consumer_with_no_taskflow to None, run_after=None
[2025-12-15T19:02:30.808+0000] {logging_mixin.py:190} INFO - [2025-12-15T19:02:30.808+0000] {dag.py:4180} INFO - Setting next_dagrun for dataset_alias_example_alias_producer_with_no_taskflow to None, run_after=None
[2025-12-15T19:02:30.811+0000] {logging_mixin.py:190} INFO - [2025-12-15T19:02:30.810+0000] {dag.py:4180} INFO - Setting next_dagrun for dataset_s3_bucket_consumer_with_no_taskflow to None, run_after=None
[2025-12-15T19:02:30.812+0000] {logging_mixin.py:190} INFO - [2025-12-15T19:02:30.812+0000] {dag.py:4180} INFO - Setting next_dagrun for dataset_s3_bucket_producer_with_no_taskflow to None, run_after=None
[2025-12-15T19:02:30.858+0000] {processor.py:208} INFO - Processing /home/airflow/.local/lib/python3.12/site-packages/airflow/example_dags/example_dataset_alias_with_no_taskflow.py took 1.579 seconds
[2025-12-15T19:03:00.949+0000] {processor.py:186} INFO - Started process (PID=2917) to work on /home/airflow/.local/lib/python3.12/site-packages/airflow/example_dags/example_dataset_alias_with_no_taskflow.py
[2025-12-15T19:03:00.952+0000] {processor.py:914} INFO - Processing file /home/airflow/.local/lib/python3.12/site-packages/airflow/example_dags/example_dataset_alias_with_no_taskflow.py for tasks to queue
[2025-12-15T19:03:00.962+0000] {logging_mixin.py:190} INFO - [2025-12-15T19:03:00.961+0000] {dagbag.py:588} INFO - Filling up the DagBag from /home/airflow/.local/lib/python3.12/site-packages/airflow/example_dags/example_dataset_alias_with_no_taskflow.py
[2025-12-15T19:03:03.425+0000] {processor.py:925} INFO - DAG(s) 'dataset_alias_example_alias_producer_with_no_taskflow', 'dataset_s3_bucket_producer_with_no_taskflow', 'dataset_s3_bucket_consumer_with_no_taskflow', 'dataset_alias_example_alias_consumer_with_no_taskflow' retrieved from /home/airflow/.local/lib/python3.12/site-packages/airflow/example_dags/example_dataset_alias_with_no_taskflow.py
[2025-12-15T19:03:03.606+0000] {logging_mixin.py:190} INFO - [2025-12-15T19:03:03.593+0000] {dag.py:3239} INFO - Sync 4 DAGs
[2025-12-15T19:03:03.742+0000] {logging_mixin.py:190} INFO - [2025-12-15T19:03:03.741+0000] {dag.py:4180} INFO - Setting next_dagrun for dataset_alias_example_alias_consumer_with_no_taskflow to None, run_after=None
[2025-12-15T19:03:03.772+0000] {logging_mixin.py:190} INFO - [2025-12-15T19:03:03.771+0000] {dag.py:4180} INFO - Setting next_dagrun for dataset_alias_example_alias_producer_with_no_taskflow to None, run_after=None
[2025-12-15T19:03:03.777+0000] {logging_mixin.py:190} INFO - [2025-12-15T19:03:03.776+0000] {dag.py:4180} INFO - Setting next_dagrun for dataset_s3_bucket_consumer_with_no_taskflow to None, run_after=None
[2025-12-15T19:03:03.792+0000] {logging_mixin.py:190} INFO - [2025-12-15T19:03:03.781+0000] {dag.py:4180} INFO - Setting next_dagrun for dataset_s3_bucket_producer_with_no_taskflow to None, run_after=None
[2025-12-15T19:03:03.931+0000] {processor.py:208} INFO - Processing /home/airflow/.local/lib/python3.12/site-packages/airflow/example_dags/example_dataset_alias_with_no_taskflow.py took 2.995 seconds
[2025-12-15T19:03:34.533+0000] {processor.py:186} INFO - Started process (PID=3223) to work on /home/airflow/.local/lib/python3.12/site-packages/airflow/example_dags/example_dataset_alias_with_no_taskflow.py
[2025-12-15T19:03:34.535+0000] {processor.py:914} INFO - Processing file /home/airflow/.local/lib/python3.12/site-packages/airflow/example_dags/example_dataset_alias_with_no_taskflow.py for tasks to queue
[2025-12-15T19:03:34.539+0000] {logging_mixin.py:190} INFO - [2025-12-15T19:03:34.538+0000] {dagbag.py:588} INFO - Filling up the DagBag from /home/airflow/.local/lib/python3.12/site-packages/airflow/example_dags/example_dataset_alias_with_no_taskflow.py
[2025-12-15T19:03:35.838+0000] {processor.py:925} INFO - DAG(s) 'dataset_alias_example_alias_consumer_with_no_taskflow', 'dataset_alias_example_alias_producer_with_no_taskflow', 'dataset_s3_bucket_consumer_with_no_taskflow', 'dataset_s3_bucket_producer_with_no_taskflow' retrieved from /home/airflow/.local/lib/python3.12/site-packages/airflow/example_dags/example_dataset_alias_with_no_taskflow.py
[2025-12-15T19:03:35.887+0000] {logging_mixin.py:190} INFO - [2025-12-15T19:03:35.886+0000] {dag.py:3239} INFO - Sync 4 DAGs
[2025-12-15T19:03:35.940+0000] {logging_mixin.py:190} INFO - [2025-12-15T19:03:35.940+0000] {dag.py:4180} INFO - Setting next_dagrun for dataset_alias_example_alias_consumer_with_no_taskflow to None, run_after=None
[2025-12-15T19:03:35.947+0000] {logging_mixin.py:190} INFO - [2025-12-15T19:03:35.946+0000] {dag.py:4180} INFO - Setting next_dagrun for dataset_alias_example_alias_producer_with_no_taskflow to None, run_after=None
[2025-12-15T19:03:35.954+0000] {logging_mixin.py:190} INFO - [2025-12-15T19:03:35.953+0000] {dag.py:4180} INFO - Setting next_dagrun for dataset_s3_bucket_consumer_with_no_taskflow to None, run_after=None
[2025-12-15T19:03:35.957+0000] {logging_mixin.py:190} INFO - [2025-12-15T19:03:35.956+0000] {dag.py:4180} INFO - Setting next_dagrun for dataset_s3_bucket_producer_with_no_taskflow to None, run_after=None
[2025-12-15T19:03:36.021+0000] {processor.py:208} INFO - Processing /home/airflow/.local/lib/python3.12/site-packages/airflow/example_dags/example_dataset_alias_with_no_taskflow.py took 1.501 seconds
[2025-12-15T19:04:11.104+0000] {processor.py:186} INFO - Started process (PID=3604) to work on /home/airflow/.local/lib/python3.12/site-packages/airflow/example_dags/example_dataset_alias_with_no_taskflow.py
[2025-12-15T19:04:11.106+0000] {processor.py:914} INFO - Processing file /home/airflow/.local/lib/python3.12/site-packages/airflow/example_dags/example_dataset_alias_with_no_taskflow.py for tasks to queue
[2025-12-15T19:04:11.110+0000] {logging_mixin.py:190} INFO - [2025-12-15T19:04:11.109+0000] {dagbag.py:588} INFO - Filling up the DagBag from /home/airflow/.local/lib/python3.12/site-packages/airflow/example_dags/example_dataset_alias_with_no_taskflow.py
[2025-12-15T19:04:12.210+0000] {processor.py:925} INFO - DAG(s) 'dataset_alias_example_alias_consumer_with_no_taskflow', 'dataset_alias_example_alias_producer_with_no_taskflow', 'dataset_s3_bucket_producer_with_no_taskflow', 'dataset_s3_bucket_consumer_with_no_taskflow' retrieved from /home/airflow/.local/lib/python3.12/site-packages/airflow/example_dags/example_dataset_alias_with_no_taskflow.py
[2025-12-15T19:04:12.255+0000] {logging_mixin.py:190} INFO - [2025-12-15T19:04:12.254+0000] {dag.py:3239} INFO - Sync 4 DAGs
[2025-12-15T19:04:12.292+0000] {logging_mixin.py:190} INFO - [2025-12-15T19:04:12.292+0000] {dag.py:4180} INFO - Setting next_dagrun for dataset_alias_example_alias_consumer_with_no_taskflow to None, run_after=None
[2025-12-15T19:04:12.296+0000] {logging_mixin.py:190} INFO - [2025-12-15T19:04:12.296+0000] {dag.py:4180} INFO - Setting next_dagrun for dataset_alias_example_alias_producer_with_no_taskflow to None, run_after=None
[2025-12-15T19:04:12.305+0000] {logging_mixin.py:190} INFO - [2025-12-15T19:04:12.304+0000] {dag.py:4180} INFO - Setting next_dagrun for dataset_s3_bucket_consumer_with_no_taskflow to None, run_after=None
[2025-12-15T19:04:12.307+0000] {logging_mixin.py:190} INFO - [2025-12-15T19:04:12.307+0000] {dag.py:4180} INFO - Setting next_dagrun for dataset_s3_bucket_producer_with_no_taskflow to None, run_after=None
[2025-12-15T19:04:12.346+0000] {processor.py:208} INFO - Processing /home/airflow/.local/lib/python3.12/site-packages/airflow/example_dags/example_dataset_alias_with_no_taskflow.py took 1.255 seconds
[2025-12-15T19:04:44.632+0000] {processor.py:186} INFO - Started process (PID=3895) to work on /home/airflow/.local/lib/python3.12/site-packages/airflow/example_dags/example_dataset_alias_with_no_taskflow.py
[2025-12-15T19:04:44.635+0000] {processor.py:914} INFO - Processing file /home/airflow/.local/lib/python3.12/site-packages/airflow/example_dags/example_dataset_alias_with_no_taskflow.py for tasks to queue
[2025-12-15T19:04:44.639+0000] {logging_mixin.py:190} INFO - [2025-12-15T19:04:44.638+0000] {dagbag.py:588} INFO - Filling up the DagBag from /home/airflow/.local/lib/python3.12/site-packages/airflow/example_dags/example_dataset_alias_with_no_taskflow.py
[2025-12-15T19:04:45.696+0000] {processor.py:925} INFO - DAG(s) 'dataset_s3_bucket_consumer_with_no_taskflow', 'dataset_alias_example_alias_producer_with_no_taskflow', 'dataset_alias_example_alias_consumer_with_no_taskflow', 'dataset_s3_bucket_producer_with_no_taskflow' retrieved from /home/airflow/.local/lib/python3.12/site-packages/airflow/example_dags/example_dataset_alias_with_no_taskflow.py
[2025-12-15T19:04:45.727+0000] {logging_mixin.py:190} INFO - [2025-12-15T19:04:45.726+0000] {dag.py:3239} INFO - Sync 4 DAGs
[2025-12-15T19:04:45.762+0000] {logging_mixin.py:190} INFO - [2025-12-15T19:04:45.761+0000] {dag.py:4180} INFO - Setting next_dagrun for dataset_alias_example_alias_consumer_with_no_taskflow to None, run_after=None
[2025-12-15T19:04:45.766+0000] {logging_mixin.py:190} INFO - [2025-12-15T19:04:45.765+0000] {dag.py:4180} INFO - Setting next_dagrun for dataset_alias_example_alias_producer_with_no_taskflow to None, run_after=None
[2025-12-15T19:04:45.768+0000] {logging_mixin.py:190} INFO - [2025-12-15T19:04:45.768+0000] {dag.py:4180} INFO - Setting next_dagrun for dataset_s3_bucket_consumer_with_no_taskflow to None, run_after=None
[2025-12-15T19:04:45.770+0000] {logging_mixin.py:190} INFO - [2025-12-15T19:04:45.770+0000] {dag.py:4180} INFO - Setting next_dagrun for dataset_s3_bucket_producer_with_no_taskflow to None, run_after=None
[2025-12-15T19:04:45.805+0000] {processor.py:208} INFO - Processing /home/airflow/.local/lib/python3.12/site-packages/airflow/example_dags/example_dataset_alias_with_no_taskflow.py took 1.184 seconds
[2025-12-15T19:05:16.395+0000] {processor.py:186} INFO - Started process (PID=4171) to work on /home/airflow/.local/lib/python3.12/site-packages/airflow/example_dags/example_dataset_alias_with_no_taskflow.py
[2025-12-15T19:05:16.398+0000] {processor.py:914} INFO - Processing file /home/airflow/.local/lib/python3.12/site-packages/airflow/example_dags/example_dataset_alias_with_no_taskflow.py for tasks to queue
[2025-12-15T19:05:16.403+0000] {logging_mixin.py:190} INFO - [2025-12-15T19:05:16.402+0000] {dagbag.py:588} INFO - Filling up the DagBag from /home/airflow/.local/lib/python3.12/site-packages/airflow/example_dags/example_dataset_alias_with_no_taskflow.py
[2025-12-15T19:05:17.410+0000] {processor.py:925} INFO - DAG(s) 'dataset_alias_example_alias_consumer_with_no_taskflow', 'dataset_alias_example_alias_producer_with_no_taskflow', 'dataset_s3_bucket_producer_with_no_taskflow', 'dataset_s3_bucket_consumer_with_no_taskflow' retrieved from /home/airflow/.local/lib/python3.12/site-packages/airflow/example_dags/example_dataset_alias_with_no_taskflow.py
[2025-12-15T19:05:17.447+0000] {logging_mixin.py:190} INFO - [2025-12-15T19:05:17.446+0000] {dag.py:3239} INFO - Sync 4 DAGs
[2025-12-15T19:05:17.483+0000] {logging_mixin.py:190} INFO - [2025-12-15T19:05:17.482+0000] {dag.py:4180} INFO - Setting next_dagrun for dataset_alias_example_alias_consumer_with_no_taskflow to None, run_after=None
[2025-12-15T19:05:17.487+0000] {logging_mixin.py:190} INFO - [2025-12-15T19:05:17.486+0000] {dag.py:4180} INFO - Setting next_dagrun for dataset_alias_example_alias_producer_with_no_taskflow to None, run_after=None
[2025-12-15T19:05:17.489+0000] {logging_mixin.py:190} INFO - [2025-12-15T19:05:17.489+0000] {dag.py:4180} INFO - Setting next_dagrun for dataset_s3_bucket_consumer_with_no_taskflow to None, run_after=None
[2025-12-15T19:05:17.492+0000] {logging_mixin.py:190} INFO - [2025-12-15T19:05:17.491+0000] {dag.py:4180} INFO - Setting next_dagrun for dataset_s3_bucket_producer_with_no_taskflow to None, run_after=None
[2025-12-15T19:05:17.525+0000] {processor.py:208} INFO - Processing /home/airflow/.local/lib/python3.12/site-packages/airflow/example_dags/example_dataset_alias_with_no_taskflow.py took 1.140 seconds
[2025-12-15T19:05:48.044+0000] {processor.py:186} INFO - Started process (PID=4467) to work on /home/airflow/.local/lib/python3.12/site-packages/airflow/example_dags/example_dataset_alias_with_no_taskflow.py
[2025-12-15T19:05:48.047+0000] {processor.py:914} INFO - Processing file /home/airflow/.local/lib/python3.12/site-packages/airflow/example_dags/example_dataset_alias_with_no_taskflow.py for tasks to queue
[2025-12-15T19:05:48.050+0000] {logging_mixin.py:190} INFO - [2025-12-15T19:05:48.050+0000] {dagbag.py:588} INFO - Filling up the DagBag from /home/airflow/.local/lib/python3.12/site-packages/airflow/example_dags/example_dataset_alias_with_no_taskflow.py
[2025-12-15T19:05:48.845+0000] {processor.py:925} INFO - DAG(s) 'dataset_s3_bucket_consumer_with_no_taskflow', 'dataset_alias_example_alias_consumer_with_no_taskflow', 'dataset_alias_example_alias_producer_with_no_taskflow', 'dataset_s3_bucket_producer_with_no_taskflow' retrieved from /home/airflow/.local/lib/python3.12/site-packages/airflow/example_dags/example_dataset_alias_with_no_taskflow.py
[2025-12-15T19:05:48.879+0000] {logging_mixin.py:190} INFO - [2025-12-15T19:05:48.878+0000] {dag.py:3239} INFO - Sync 4 DAGs
[2025-12-15T19:05:48.910+0000] {logging_mixin.py:190} INFO - [2025-12-15T19:05:48.909+0000] {dag.py:4180} INFO - Setting next_dagrun for dataset_alias_example_alias_consumer_with_no_taskflow to None, run_after=None
[2025-12-15T19:05:48.914+0000] {logging_mixin.py:190} INFO - [2025-12-15T19:05:48.914+0000] {dag.py:4180} INFO - Setting next_dagrun for dataset_alias_example_alias_producer_with_no_taskflow to None, run_after=None
[2025-12-15T19:05:48.916+0000] {logging_mixin.py:190} INFO - [2025-12-15T19:05:48.916+0000] {dag.py:4180} INFO - Setting next_dagrun for dataset_s3_bucket_consumer_with_no_taskflow to None, run_after=None
[2025-12-15T19:05:48.918+0000] {logging_mixin.py:190} INFO - [2025-12-15T19:05:48.918+0000] {dag.py:4180} INFO - Setting next_dagrun for dataset_s3_bucket_producer_with_no_taskflow to None, run_after=None
[2025-12-15T19:05:48.950+0000] {processor.py:208} INFO - Processing /home/airflow/.local/lib/python3.12/site-packages/airflow/example_dags/example_dataset_alias_with_no_taskflow.py took 0.914 seconds
[2025-12-15T19:06:21.929+0000] {processor.py:186} INFO - Started process (PID=4758) to work on /home/airflow/.local/lib/python3.12/site-packages/airflow/example_dags/example_dataset_alias_with_no_taskflow.py
[2025-12-15T19:06:21.931+0000] {processor.py:914} INFO - Processing file /home/airflow/.local/lib/python3.12/site-packages/airflow/example_dags/example_dataset_alias_with_no_taskflow.py for tasks to queue
[2025-12-15T19:06:21.934+0000] {logging_mixin.py:190} INFO - [2025-12-15T19:06:21.934+0000] {dagbag.py:588} INFO - Filling up the DagBag from /home/airflow/.local/lib/python3.12/site-packages/airflow/example_dags/example_dataset_alias_with_no_taskflow.py
[2025-12-15T19:06:22.943+0000] {processor.py:925} INFO - DAG(s) 'dataset_s3_bucket_producer_with_no_taskflow', 'dataset_alias_example_alias_producer_with_no_taskflow', 'dataset_s3_bucket_consumer_with_no_taskflow', 'dataset_alias_example_alias_consumer_with_no_taskflow' retrieved from /home/airflow/.local/lib/python3.12/site-packages/airflow/example_dags/example_dataset_alias_with_no_taskflow.py
[2025-12-15T19:06:22.982+0000] {logging_mixin.py:190} INFO - [2025-12-15T19:06:22.981+0000] {dag.py:3239} INFO - Sync 4 DAGs
[2025-12-15T19:06:23.021+0000] {logging_mixin.py:190} INFO - [2025-12-15T19:06:23.021+0000] {dag.py:4180} INFO - Setting next_dagrun for dataset_alias_example_alias_consumer_with_no_taskflow to None, run_after=None
[2025-12-15T19:06:23.026+0000] {logging_mixin.py:190} INFO - [2025-12-15T19:06:23.026+0000] {dag.py:4180} INFO - Setting next_dagrun for dataset_alias_example_alias_producer_with_no_taskflow to None, run_after=None
[2025-12-15T19:06:23.029+0000] {logging_mixin.py:190} INFO - [2025-12-15T19:06:23.029+0000] {dag.py:4180} INFO - Setting next_dagrun for dataset_s3_bucket_consumer_with_no_taskflow to None, run_after=None
[2025-12-15T19:06:23.031+0000] {logging_mixin.py:190} INFO - [2025-12-15T19:06:23.031+0000] {dag.py:4180} INFO - Setting next_dagrun for dataset_s3_bucket_producer_with_no_taskflow to None, run_after=None
[2025-12-15T19:06:23.075+0000] {processor.py:208} INFO - Processing /home/airflow/.local/lib/python3.12/site-packages/airflow/example_dags/example_dataset_alias_with_no_taskflow.py took 1.158 seconds
[2025-12-15T19:06:53.208+0000] {processor.py:186} INFO - Started process (PID=5049) to work on /home/airflow/.local/lib/python3.12/site-packages/airflow/example_dags/example_dataset_alias_with_no_taskflow.py
[2025-12-15T19:06:53.210+0000] {processor.py:914} INFO - Processing file /home/airflow/.local/lib/python3.12/site-packages/airflow/example_dags/example_dataset_alias_with_no_taskflow.py for tasks to queue
[2025-12-15T19:06:53.214+0000] {logging_mixin.py:190} INFO - [2025-12-15T19:06:53.214+0000] {dagbag.py:588} INFO - Filling up the DagBag from /home/airflow/.local/lib/python3.12/site-packages/airflow/example_dags/example_dataset_alias_with_no_taskflow.py
[2025-12-15T19:06:55.220+0000] {processor.py:925} INFO - DAG(s) 'dataset_alias_example_alias_producer_with_no_taskflow', 'dataset_s3_bucket_consumer_with_no_taskflow', 'dataset_s3_bucket_producer_with_no_taskflow', 'dataset_alias_example_alias_consumer_with_no_taskflow' retrieved from /home/airflow/.local/lib/python3.12/site-packages/airflow/example_dags/example_dataset_alias_with_no_taskflow.py
[2025-12-15T19:06:55.280+0000] {logging_mixin.py:190} INFO - [2025-12-15T19:06:55.279+0000] {dag.py:3239} INFO - Sync 4 DAGs
[2025-12-15T19:06:55.333+0000] {logging_mixin.py:190} INFO - [2025-12-15T19:06:55.333+0000] {dag.py:4180} INFO - Setting next_dagrun for dataset_alias_example_alias_consumer_with_no_taskflow to None, run_after=None
[2025-12-15T19:06:55.345+0000] {logging_mixin.py:190} INFO - [2025-12-15T19:06:55.345+0000] {dag.py:4180} INFO - Setting next_dagrun for dataset_alias_example_alias_producer_with_no_taskflow to None, run_after=None
[2025-12-15T19:06:55.350+0000] {logging_mixin.py:190} INFO - [2025-12-15T19:06:55.349+0000] {dag.py:4180} INFO - Setting next_dagrun for dataset_s3_bucket_consumer_with_no_taskflow to None, run_after=None
[2025-12-15T19:06:55.353+0000] {logging_mixin.py:190} INFO - [2025-12-15T19:06:55.353+0000] {dag.py:4180} INFO - Setting next_dagrun for dataset_s3_bucket_producer_with_no_taskflow to None, run_after=None
[2025-12-15T19:06:55.443+0000] {processor.py:208} INFO - Processing /home/airflow/.local/lib/python3.12/site-packages/airflow/example_dags/example_dataset_alias_with_no_taskflow.py took 2.247 seconds
[2025-12-15T19:07:31.140+0000] {processor.py:186} INFO - Started process (PID=5340) to work on /home/airflow/.local/lib/python3.12/site-packages/airflow/example_dags/example_dataset_alias_with_no_taskflow.py
[2025-12-15T19:07:31.149+0000] {processor.py:914} INFO - Processing file /home/airflow/.local/lib/python3.12/site-packages/airflow/example_dags/example_dataset_alias_with_no_taskflow.py for tasks to queue
[2025-12-15T19:07:31.154+0000] {logging_mixin.py:190} INFO - [2025-12-15T19:07:31.153+0000] {dagbag.py:588} INFO - Filling up the DagBag from /home/airflow/.local/lib/python3.12/site-packages/airflow/example_dags/example_dataset_alias_with_no_taskflow.py
[2025-12-15T19:07:32.270+0000] {processor.py:925} INFO - DAG(s) 'dataset_alias_example_alias_consumer_with_no_taskflow', 'dataset_alias_example_alias_producer_with_no_taskflow', 'dataset_s3_bucket_consumer_with_no_taskflow', 'dataset_s3_bucket_producer_with_no_taskflow' retrieved from /home/airflow/.local/lib/python3.12/site-packages/airflow/example_dags/example_dataset_alias_with_no_taskflow.py
[2025-12-15T19:07:32.308+0000] {logging_mixin.py:190} INFO - [2025-12-15T19:07:32.306+0000] {dag.py:3239} INFO - Sync 4 DAGs
[2025-12-15T19:07:32.343+0000] {logging_mixin.py:190} INFO - [2025-12-15T19:07:32.343+0000] {dag.py:4180} INFO - Setting next_dagrun for dataset_alias_example_alias_consumer_with_no_taskflow to None, run_after=None
[2025-12-15T19:07:32.348+0000] {logging_mixin.py:190} INFO - [2025-12-15T19:07:32.348+0000] {dag.py:4180} INFO - Setting next_dagrun for dataset_alias_example_alias_producer_with_no_taskflow to None, run_after=None
[2025-12-15T19:07:32.354+0000] {logging_mixin.py:190} INFO - [2025-12-15T19:07:32.353+0000] {dag.py:4180} INFO - Setting next_dagrun for dataset_s3_bucket_consumer_with_no_taskflow to None, run_after=None
[2025-12-15T19:07:32.358+0000] {logging_mixin.py:190} INFO - [2025-12-15T19:07:32.357+0000] {dag.py:4180} INFO - Setting next_dagrun for dataset_s3_bucket_producer_with_no_taskflow to None, run_after=None
[2025-12-15T19:07:32.402+0000] {processor.py:208} INFO - Processing /home/airflow/.local/lib/python3.12/site-packages/airflow/example_dags/example_dataset_alias_with_no_taskflow.py took 1.275 seconds
[2025-12-15T19:08:02.623+0000] {processor.py:186} INFO - Started process (PID=5631) to work on /home/airflow/.local/lib/python3.12/site-packages/airflow/example_dags/example_dataset_alias_with_no_taskflow.py
[2025-12-15T19:08:02.625+0000] {processor.py:914} INFO - Processing file /home/airflow/.local/lib/python3.12/site-packages/airflow/example_dags/example_dataset_alias_with_no_taskflow.py for tasks to queue
[2025-12-15T19:08:02.631+0000] {logging_mixin.py:190} INFO - [2025-12-15T19:08:02.630+0000] {dagbag.py:588} INFO - Filling up the DagBag from /home/airflow/.local/lib/python3.12/site-packages/airflow/example_dags/example_dataset_alias_with_no_taskflow.py
[2025-12-15T19:08:04.247+0000] {processor.py:925} INFO - DAG(s) 'dataset_s3_bucket_consumer_with_no_taskflow', 'dataset_s3_bucket_producer_with_no_taskflow', 'dataset_alias_example_alias_producer_with_no_taskflow', 'dataset_alias_example_alias_consumer_with_no_taskflow' retrieved from /home/airflow/.local/lib/python3.12/site-packages/airflow/example_dags/example_dataset_alias_with_no_taskflow.py
[2025-12-15T19:08:04.299+0000] {logging_mixin.py:190} INFO - [2025-12-15T19:08:04.298+0000] {dag.py:3239} INFO - Sync 4 DAGs
[2025-12-15T19:08:04.374+0000] {logging_mixin.py:190} INFO - [2025-12-15T19:08:04.373+0000] {dag.py:4180} INFO - Setting next_dagrun for dataset_alias_example_alias_consumer_with_no_taskflow to None, run_after=None
[2025-12-15T19:08:04.381+0000] {logging_mixin.py:190} INFO - [2025-12-15T19:08:04.381+0000] {dag.py:4180} INFO - Setting next_dagrun for dataset_alias_example_alias_producer_with_no_taskflow to None, run_after=None
[2025-12-15T19:08:04.384+0000] {logging_mixin.py:190} INFO - [2025-12-15T19:08:04.384+0000] {dag.py:4180} INFO - Setting next_dagrun for dataset_s3_bucket_consumer_with_no_taskflow to None, run_after=None
[2025-12-15T19:08:04.388+0000] {logging_mixin.py:190} INFO - [2025-12-15T19:08:04.387+0000] {dag.py:4180} INFO - Setting next_dagrun for dataset_s3_bucket_producer_with_no_taskflow to None, run_after=None
[2025-12-15T19:08:04.431+0000] {processor.py:208} INFO - Processing /home/airflow/.local/lib/python3.12/site-packages/airflow/example_dags/example_dataset_alias_with_no_taskflow.py took 1.819 seconds
[2025-12-15T19:08:34.761+0000] {processor.py:186} INFO - Started process (PID=5922) to work on /home/airflow/.local/lib/python3.12/site-packages/airflow/example_dags/example_dataset_alias_with_no_taskflow.py
[2025-12-15T19:08:34.764+0000] {processor.py:914} INFO - Processing file /home/airflow/.local/lib/python3.12/site-packages/airflow/example_dags/example_dataset_alias_with_no_taskflow.py for tasks to queue
[2025-12-15T19:08:34.770+0000] {logging_mixin.py:190} INFO - [2025-12-15T19:08:34.769+0000] {dagbag.py:588} INFO - Filling up the DagBag from /home/airflow/.local/lib/python3.12/site-packages/airflow/example_dags/example_dataset_alias_with_no_taskflow.py
[2025-12-15T19:08:39.267+0000] {processor.py:925} INFO - DAG(s) 'dataset_s3_bucket_producer_with_no_taskflow', 'dataset_alias_example_alias_consumer_with_no_taskflow', 'dataset_alias_example_alias_producer_with_no_taskflow', 'dataset_s3_bucket_consumer_with_no_taskflow' retrieved from /home/airflow/.local/lib/python3.12/site-packages/airflow/example_dags/example_dataset_alias_with_no_taskflow.py
[2025-12-15T19:08:39.326+0000] {logging_mixin.py:190} INFO - [2025-12-15T19:08:39.325+0000] {dag.py:3239} INFO - Sync 4 DAGs
[2025-12-15T19:08:39.388+0000] {logging_mixin.py:190} INFO - [2025-12-15T19:08:39.387+0000] {dag.py:4180} INFO - Setting next_dagrun for dataset_alias_example_alias_consumer_with_no_taskflow to None, run_after=None
[2025-12-15T19:08:39.395+0000] {logging_mixin.py:190} INFO - [2025-12-15T19:08:39.395+0000] {dag.py:4180} INFO - Setting next_dagrun for dataset_alias_example_alias_producer_with_no_taskflow to None, run_after=None
[2025-12-15T19:08:39.400+0000] {logging_mixin.py:190} INFO - [2025-12-15T19:08:39.399+0000] {dag.py:4180} INFO - Setting next_dagrun for dataset_s3_bucket_consumer_with_no_taskflow to None, run_after=None
[2025-12-15T19:08:39.404+0000] {logging_mixin.py:190} INFO - [2025-12-15T19:08:39.403+0000] {dag.py:4180} INFO - Setting next_dagrun for dataset_s3_bucket_producer_with_no_taskflow to None, run_after=None
[2025-12-15T19:08:39.462+0000] {processor.py:208} INFO - Processing /home/airflow/.local/lib/python3.12/site-packages/airflow/example_dags/example_dataset_alias_with_no_taskflow.py took 3.911 seconds
[2025-12-15T19:09:10.012+0000] {processor.py:186} INFO - Started process (PID=6213) to work on /home/airflow/.local/lib/python3.12/site-packages/airflow/example_dags/example_dataset_alias_with_no_taskflow.py
[2025-12-15T19:09:10.015+0000] {processor.py:914} INFO - Processing file /home/airflow/.local/lib/python3.12/site-packages/airflow/example_dags/example_dataset_alias_with_no_taskflow.py for tasks to queue
[2025-12-15T19:09:10.019+0000] {logging_mixin.py:190} INFO - [2025-12-15T19:09:10.019+0000] {dagbag.py:588} INFO - Filling up the DagBag from /home/airflow/.local/lib/python3.12/site-packages/airflow/example_dags/example_dataset_alias_with_no_taskflow.py
[2025-12-15T19:09:10.808+0000] {processor.py:925} INFO - DAG(s) 'dataset_alias_example_alias_producer_with_no_taskflow', 'dataset_alias_example_alias_consumer_with_no_taskflow', 'dataset_s3_bucket_producer_with_no_taskflow', 'dataset_s3_bucket_consumer_with_no_taskflow' retrieved from /home/airflow/.local/lib/python3.12/site-packages/airflow/example_dags/example_dataset_alias_with_no_taskflow.py
[2025-12-15T19:09:10.842+0000] {logging_mixin.py:190} INFO - [2025-12-15T19:09:10.841+0000] {dag.py:3239} INFO - Sync 4 DAGs
[2025-12-15T19:09:10.877+0000] {logging_mixin.py:190} INFO - [2025-12-15T19:09:10.877+0000] {dag.py:4180} INFO - Setting next_dagrun for dataset_alias_example_alias_consumer_with_no_taskflow to None, run_after=None
[2025-12-15T19:09:10.881+0000] {logging_mixin.py:190} INFO - [2025-12-15T19:09:10.880+0000] {dag.py:4180} INFO - Setting next_dagrun for dataset_alias_example_alias_producer_with_no_taskflow to None, run_after=None
[2025-12-15T19:09:10.883+0000] {logging_mixin.py:190} INFO - [2025-12-15T19:09:10.883+0000] {dag.py:4180} INFO - Setting next_dagrun for dataset_s3_bucket_consumer_with_no_taskflow to None, run_after=None
[2025-12-15T19:09:10.885+0000] {logging_mixin.py:190} INFO - [2025-12-15T19:09:10.884+0000] {dag.py:4180} INFO - Setting next_dagrun for dataset_s3_bucket_producer_with_no_taskflow to None, run_after=None
[2025-12-15T19:09:10.920+0000] {processor.py:208} INFO - Processing /home/airflow/.local/lib/python3.12/site-packages/airflow/example_dags/example_dataset_alias_with_no_taskflow.py took 0.918 seconds
[2025-12-15T19:09:42.658+0000] {processor.py:186} INFO - Started process (PID=6504) to work on /home/airflow/.local/lib/python3.12/site-packages/airflow/example_dags/example_dataset_alias_with_no_taskflow.py
[2025-12-15T19:09:42.660+0000] {processor.py:914} INFO - Processing file /home/airflow/.local/lib/python3.12/site-packages/airflow/example_dags/example_dataset_alias_with_no_taskflow.py for tasks to queue
[2025-12-15T19:09:42.665+0000] {logging_mixin.py:190} INFO - [2025-12-15T19:09:42.665+0000] {dagbag.py:588} INFO - Filling up the DagBag from /home/airflow/.local/lib/python3.12/site-packages/airflow/example_dags/example_dataset_alias_with_no_taskflow.py
[2025-12-15T19:09:43.618+0000] {processor.py:925} INFO - DAG(s) 'dataset_s3_bucket_consumer_with_no_taskflow', 'dataset_alias_example_alias_consumer_with_no_taskflow', 'dataset_s3_bucket_producer_with_no_taskflow', 'dataset_alias_example_alias_producer_with_no_taskflow' retrieved from /home/airflow/.local/lib/python3.12/site-packages/airflow/example_dags/example_dataset_alias_with_no_taskflow.py
[2025-12-15T19:09:43.658+0000] {logging_mixin.py:190} INFO - [2025-12-15T19:09:43.657+0000] {dag.py:3239} INFO - Sync 4 DAGs
[2025-12-15T19:09:43.704+0000] {logging_mixin.py:190} INFO - [2025-12-15T19:09:43.703+0000] {dag.py:4180} INFO - Setting next_dagrun for dataset_alias_example_alias_consumer_with_no_taskflow to None, run_after=None
[2025-12-15T19:09:43.707+0000] {logging_mixin.py:190} INFO - [2025-12-15T19:09:43.707+0000] {dag.py:4180} INFO - Setting next_dagrun for dataset_alias_example_alias_producer_with_no_taskflow to None, run_after=None
[2025-12-15T19:09:43.709+0000] {logging_mixin.py:190} INFO - [2025-12-15T19:09:43.709+0000] {dag.py:4180} INFO - Setting next_dagrun for dataset_s3_bucket_consumer_with_no_taskflow to None, run_after=None
[2025-12-15T19:09:43.712+0000] {logging_mixin.py:190} INFO - [2025-12-15T19:09:43.711+0000] {dag.py:4180} INFO - Setting next_dagrun for dataset_s3_bucket_producer_with_no_taskflow to None, run_after=None
[2025-12-15T19:09:43.756+0000] {processor.py:208} INFO - Processing /home/airflow/.local/lib/python3.12/site-packages/airflow/example_dags/example_dataset_alias_with_no_taskflow.py took 1.105 seconds
[2025-12-15T19:10:14.247+0000] {processor.py:186} INFO - Started process (PID=6795) to work on /home/airflow/.local/lib/python3.12/site-packages/airflow/example_dags/example_dataset_alias_with_no_taskflow.py
[2025-12-15T19:10:14.249+0000] {processor.py:914} INFO - Processing file /home/airflow/.local/lib/python3.12/site-packages/airflow/example_dags/example_dataset_alias_with_no_taskflow.py for tasks to queue
[2025-12-15T19:10:14.253+0000] {logging_mixin.py:190} INFO - [2025-12-15T19:10:14.252+0000] {dagbag.py:588} INFO - Filling up the DagBag from /home/airflow/.local/lib/python3.12/site-packages/airflow/example_dags/example_dataset_alias_with_no_taskflow.py
[2025-12-15T19:10:15.265+0000] {processor.py:925} INFO - DAG(s) 'dataset_alias_example_alias_producer_with_no_taskflow', 'dataset_alias_example_alias_consumer_with_no_taskflow', 'dataset_s3_bucket_producer_with_no_taskflow', 'dataset_s3_bucket_consumer_with_no_taskflow' retrieved from /home/airflow/.local/lib/python3.12/site-packages/airflow/example_dags/example_dataset_alias_with_no_taskflow.py
[2025-12-15T19:10:15.302+0000] {logging_mixin.py:190} INFO - [2025-12-15T19:10:15.301+0000] {dag.py:3239} INFO - Sync 4 DAGs
[2025-12-15T19:10:15.345+0000] {logging_mixin.py:190} INFO - [2025-12-15T19:10:15.345+0000] {dag.py:4180} INFO - Setting next_dagrun for dataset_alias_example_alias_consumer_with_no_taskflow to None, run_after=None
[2025-12-15T19:10:15.349+0000] {logging_mixin.py:190} INFO - [2025-12-15T19:10:15.349+0000] {dag.py:4180} INFO - Setting next_dagrun for dataset_alias_example_alias_producer_with_no_taskflow to None, run_after=None
[2025-12-15T19:10:15.351+0000] {logging_mixin.py:190} INFO - [2025-12-15T19:10:15.351+0000] {dag.py:4180} INFO - Setting next_dagrun for dataset_s3_bucket_consumer_with_no_taskflow to None, run_after=None
[2025-12-15T19:10:15.353+0000] {logging_mixin.py:190} INFO - [2025-12-15T19:10:15.353+0000] {dag.py:4180} INFO - Setting next_dagrun for dataset_s3_bucket_producer_with_no_taskflow to None, run_after=None
[2025-12-15T19:10:15.402+0000] {processor.py:208} INFO - Processing /home/airflow/.local/lib/python3.12/site-packages/airflow/example_dags/example_dataset_alias_with_no_taskflow.py took 1.167 seconds
[2025-12-15T19:10:46.382+0000] {processor.py:186} INFO - Started process (PID=7087) to work on /home/airflow/.local/lib/python3.12/site-packages/airflow/example_dags/example_dataset_alias_with_no_taskflow.py
[2025-12-15T19:10:46.396+0000] {processor.py:914} INFO - Processing file /home/airflow/.local/lib/python3.12/site-packages/airflow/example_dags/example_dataset_alias_with_no_taskflow.py for tasks to queue
[2025-12-15T19:10:46.413+0000] {logging_mixin.py:190} INFO - [2025-12-15T19:10:46.412+0000] {dagbag.py:588} INFO - Filling up the DagBag from /home/airflow/.local/lib/python3.12/site-packages/airflow/example_dags/example_dataset_alias_with_no_taskflow.py
[2025-12-15T19:10:47.961+0000] {processor.py:925} INFO - DAG(s) 'dataset_alias_example_alias_producer_with_no_taskflow', 'dataset_alias_example_alias_consumer_with_no_taskflow', 'dataset_s3_bucket_consumer_with_no_taskflow', 'dataset_s3_bucket_producer_with_no_taskflow' retrieved from /home/airflow/.local/lib/python3.12/site-packages/airflow/example_dags/example_dataset_alias_with_no_taskflow.py
[2025-12-15T19:10:48.004+0000] {logging_mixin.py:190} INFO - [2025-12-15T19:10:48.001+0000] {dag.py:3239} INFO - Sync 4 DAGs
[2025-12-15T19:10:48.043+0000] {logging_mixin.py:190} INFO - [2025-12-15T19:10:48.043+0000] {dag.py:4180} INFO - Setting next_dagrun for dataset_alias_example_alias_consumer_with_no_taskflow to None, run_after=None
[2025-12-15T19:10:48.047+0000] {logging_mixin.py:190} INFO - [2025-12-15T19:10:48.047+0000] {dag.py:4180} INFO - Setting next_dagrun for dataset_alias_example_alias_producer_with_no_taskflow to None, run_after=None
[2025-12-15T19:10:48.049+0000] {logging_mixin.py:190} INFO - [2025-12-15T19:10:48.049+0000] {dag.py:4180} INFO - Setting next_dagrun for dataset_s3_bucket_consumer_with_no_taskflow to None, run_after=None
[2025-12-15T19:10:48.051+0000] {logging_mixin.py:190} INFO - [2025-12-15T19:10:48.051+0000] {dag.py:4180} INFO - Setting next_dagrun for dataset_s3_bucket_producer_with_no_taskflow to None, run_after=None
[2025-12-15T19:10:48.090+0000] {processor.py:208} INFO - Processing /home/airflow/.local/lib/python3.12/site-packages/airflow/example_dags/example_dataset_alias_with_no_taskflow.py took 1.759 seconds
[2025-12-15T19:11:18.310+0000] {processor.py:186} INFO - Started process (PID=7377) to work on /home/airflow/.local/lib/python3.12/site-packages/airflow/example_dags/example_dataset_alias_with_no_taskflow.py
[2025-12-15T19:11:18.312+0000] {processor.py:914} INFO - Processing file /home/airflow/.local/lib/python3.12/site-packages/airflow/example_dags/example_dataset_alias_with_no_taskflow.py for tasks to queue
[2025-12-15T19:11:18.318+0000] {logging_mixin.py:190} INFO - [2025-12-15T19:11:18.317+0000] {dagbag.py:588} INFO - Filling up the DagBag from /home/airflow/.local/lib/python3.12/site-packages/airflow/example_dags/example_dataset_alias_with_no_taskflow.py
[2025-12-15T19:11:19.096+0000] {processor.py:925} INFO - DAG(s) 'dataset_alias_example_alias_consumer_with_no_taskflow', 'dataset_s3_bucket_consumer_with_no_taskflow', 'dataset_s3_bucket_producer_with_no_taskflow', 'dataset_alias_example_alias_producer_with_no_taskflow' retrieved from /home/airflow/.local/lib/python3.12/site-packages/airflow/example_dags/example_dataset_alias_with_no_taskflow.py
[2025-12-15T19:11:19.122+0000] {logging_mixin.py:190} INFO - [2025-12-15T19:11:19.121+0000] {dag.py:3239} INFO - Sync 4 DAGs
[2025-12-15T19:11:19.151+0000] {logging_mixin.py:190} INFO - [2025-12-15T19:11:19.151+0000] {dag.py:4180} INFO - Setting next_dagrun for dataset_alias_example_alias_consumer_with_no_taskflow to None, run_after=None
[2025-12-15T19:11:19.154+0000] {logging_mixin.py:190} INFO - [2025-12-15T19:11:19.154+0000] {dag.py:4180} INFO - Setting next_dagrun for dataset_alias_example_alias_producer_with_no_taskflow to None, run_after=None
[2025-12-15T19:11:19.156+0000] {logging_mixin.py:190} INFO - [2025-12-15T19:11:19.156+0000] {dag.py:4180} INFO - Setting next_dagrun for dataset_s3_bucket_consumer_with_no_taskflow to None, run_after=None
[2025-12-15T19:11:19.158+0000] {logging_mixin.py:190} INFO - [2025-12-15T19:11:19.158+0000] {dag.py:4180} INFO - Setting next_dagrun for dataset_s3_bucket_producer_with_no_taskflow to None, run_after=None
[2025-12-15T19:11:19.186+0000] {processor.py:208} INFO - Processing /home/airflow/.local/lib/python3.12/site-packages/airflow/example_dags/example_dataset_alias_with_no_taskflow.py took 0.887 seconds
[2025-12-15T19:11:49.650+0000] {processor.py:186} INFO - Started process (PID=7669) to work on /home/airflow/.local/lib/python3.12/site-packages/airflow/example_dags/example_dataset_alias_with_no_taskflow.py
[2025-12-15T19:11:49.651+0000] {processor.py:914} INFO - Processing file /home/airflow/.local/lib/python3.12/site-packages/airflow/example_dags/example_dataset_alias_with_no_taskflow.py for tasks to queue
[2025-12-15T19:11:49.653+0000] {logging_mixin.py:190} INFO - [2025-12-15T19:11:49.652+0000] {dagbag.py:588} INFO - Filling up the DagBag from /home/airflow/.local/lib/python3.12/site-packages/airflow/example_dags/example_dataset_alias_with_no_taskflow.py
[2025-12-15T19:11:50.555+0000] {processor.py:925} INFO - DAG(s) 'dataset_s3_bucket_producer_with_no_taskflow', 'dataset_alias_example_alias_producer_with_no_taskflow', 'dataset_s3_bucket_consumer_with_no_taskflow', 'dataset_alias_example_alias_consumer_with_no_taskflow' retrieved from /home/airflow/.local/lib/python3.12/site-packages/airflow/example_dags/example_dataset_alias_with_no_taskflow.py
[2025-12-15T19:11:50.591+0000] {logging_mixin.py:190} INFO - [2025-12-15T19:11:50.591+0000] {dag.py:3239} INFO - Sync 4 DAGs
[2025-12-15T19:11:50.634+0000] {logging_mixin.py:190} INFO - [2025-12-15T19:11:50.633+0000] {dag.py:4180} INFO - Setting next_dagrun for dataset_alias_example_alias_consumer_with_no_taskflow to None, run_after=None
[2025-12-15T19:11:50.639+0000] {logging_mixin.py:190} INFO - [2025-12-15T19:11:50.639+0000] {dag.py:4180} INFO - Setting next_dagrun for dataset_alias_example_alias_producer_with_no_taskflow to None, run_after=None
[2025-12-15T19:11:50.642+0000] {logging_mixin.py:190} INFO - [2025-12-15T19:11:50.641+0000] {dag.py:4180} INFO - Setting next_dagrun for dataset_s3_bucket_consumer_with_no_taskflow to None, run_after=None
[2025-12-15T19:11:50.644+0000] {logging_mixin.py:190} INFO - [2025-12-15T19:11:50.644+0000] {dag.py:4180} INFO - Setting next_dagrun for dataset_s3_bucket_producer_with_no_taskflow to None, run_after=None
[2025-12-15T19:11:50.682+0000] {processor.py:208} INFO - Processing /home/airflow/.local/lib/python3.12/site-packages/airflow/example_dags/example_dataset_alias_with_no_taskflow.py took 1.040 seconds
[2025-12-15T19:12:21.151+0000] {processor.py:186} INFO - Started process (PID=7960) to work on /home/airflow/.local/lib/python3.12/site-packages/airflow/example_dags/example_dataset_alias_with_no_taskflow.py
[2025-12-15T19:12:21.152+0000] {processor.py:914} INFO - Processing file /home/airflow/.local/lib/python3.12/site-packages/airflow/example_dags/example_dataset_alias_with_no_taskflow.py for tasks to queue
[2025-12-15T19:12:21.154+0000] {logging_mixin.py:190} INFO - [2025-12-15T19:12:21.153+0000] {dagbag.py:588} INFO - Filling up the DagBag from /home/airflow/.local/lib/python3.12/site-packages/airflow/example_dags/example_dataset_alias_with_no_taskflow.py
[2025-12-15T19:12:21.927+0000] {processor.py:925} INFO - DAG(s) 'dataset_alias_example_alias_producer_with_no_taskflow', 'dataset_alias_example_alias_consumer_with_no_taskflow', 'dataset_s3_bucket_producer_with_no_taskflow', 'dataset_s3_bucket_consumer_with_no_taskflow' retrieved from /home/airflow/.local/lib/python3.12/site-packages/airflow/example_dags/example_dataset_alias_with_no_taskflow.py
[2025-12-15T19:12:21.955+0000] {logging_mixin.py:190} INFO - [2025-12-15T19:12:21.955+0000] {dag.py:3239} INFO - Sync 4 DAGs
[2025-12-15T19:12:21.985+0000] {logging_mixin.py:190} INFO - [2025-12-15T19:12:21.985+0000] {dag.py:4180} INFO - Setting next_dagrun for dataset_alias_example_alias_consumer_with_no_taskflow to None, run_after=None
[2025-12-15T19:12:21.989+0000] {logging_mixin.py:190} INFO - [2025-12-15T19:12:21.989+0000] {dag.py:4180} INFO - Setting next_dagrun for dataset_alias_example_alias_producer_with_no_taskflow to None, run_after=None
[2025-12-15T19:12:21.991+0000] {logging_mixin.py:190} INFO - [2025-12-15T19:12:21.991+0000] {dag.py:4180} INFO - Setting next_dagrun for dataset_s3_bucket_consumer_with_no_taskflow to None, run_after=None
[2025-12-15T19:12:21.993+0000] {logging_mixin.py:190} INFO - [2025-12-15T19:12:21.993+0000] {dag.py:4180} INFO - Setting next_dagrun for dataset_s3_bucket_producer_with_no_taskflow to None, run_after=None
[2025-12-15T19:12:22.026+0000] {processor.py:208} INFO - Processing /home/airflow/.local/lib/python3.12/site-packages/airflow/example_dags/example_dataset_alias_with_no_taskflow.py took 0.883 seconds
[2025-12-15T19:12:52.414+0000] {processor.py:186} INFO - Started process (PID=8251) to work on /home/airflow/.local/lib/python3.12/site-packages/airflow/example_dags/example_dataset_alias_with_no_taskflow.py
[2025-12-15T19:12:52.429+0000] {processor.py:914} INFO - Processing file /home/airflow/.local/lib/python3.12/site-packages/airflow/example_dags/example_dataset_alias_with_no_taskflow.py for tasks to queue
[2025-12-15T19:12:52.430+0000] {logging_mixin.py:190} INFO - [2025-12-15T19:12:52.430+0000] {dagbag.py:588} INFO - Filling up the DagBag from /home/airflow/.local/lib/python3.12/site-packages/airflow/example_dags/example_dataset_alias_with_no_taskflow.py
[2025-12-15T19:12:53.749+0000] {processor.py:925} INFO - DAG(s) 'dataset_alias_example_alias_producer_with_no_taskflow', 'dataset_s3_bucket_consumer_with_no_taskflow', 'dataset_s3_bucket_producer_with_no_taskflow', 'dataset_alias_example_alias_consumer_with_no_taskflow' retrieved from /home/airflow/.local/lib/python3.12/site-packages/airflow/example_dags/example_dataset_alias_with_no_taskflow.py
[2025-12-15T19:12:53.798+0000] {logging_mixin.py:190} INFO - [2025-12-15T19:12:53.797+0000] {dag.py:3239} INFO - Sync 4 DAGs
[2025-12-15T19:12:53.836+0000] {logging_mixin.py:190} INFO - [2025-12-15T19:12:53.836+0000] {dag.py:4180} INFO - Setting next_dagrun for dataset_alias_example_alias_consumer_with_no_taskflow to None, run_after=None
[2025-12-15T19:12:53.841+0000] {logging_mixin.py:190} INFO - [2025-12-15T19:12:53.841+0000] {dag.py:4180} INFO - Setting next_dagrun for dataset_alias_example_alias_producer_with_no_taskflow to None, run_after=None
[2025-12-15T19:12:53.843+0000] {logging_mixin.py:190} INFO - [2025-12-15T19:12:53.843+0000] {dag.py:4180} INFO - Setting next_dagrun for dataset_s3_bucket_consumer_with_no_taskflow to None, run_after=None
[2025-12-15T19:12:53.845+0000] {logging_mixin.py:190} INFO - [2025-12-15T19:12:53.844+0000] {dag.py:4180} INFO - Setting next_dagrun for dataset_s3_bucket_producer_with_no_taskflow to None, run_after=None
[2025-12-15T19:12:53.881+0000] {processor.py:208} INFO - Processing /home/airflow/.local/lib/python3.12/site-packages/airflow/example_dags/example_dataset_alias_with_no_taskflow.py took 1.475 seconds
[2025-12-15T19:13:24.175+0000] {processor.py:186} INFO - Started process (PID=8542) to work on /home/airflow/.local/lib/python3.12/site-packages/airflow/example_dags/example_dataset_alias_with_no_taskflow.py
[2025-12-15T19:13:24.178+0000] {processor.py:914} INFO - Processing file /home/airflow/.local/lib/python3.12/site-packages/airflow/example_dags/example_dataset_alias_with_no_taskflow.py for tasks to queue
[2025-12-15T19:13:24.182+0000] {logging_mixin.py:190} INFO - [2025-12-15T19:13:24.181+0000] {dagbag.py:588} INFO - Filling up the DagBag from /home/airflow/.local/lib/python3.12/site-packages/airflow/example_dags/example_dataset_alias_with_no_taskflow.py
[2025-12-15T19:13:26.635+0000] {processor.py:925} INFO - DAG(s) 'dataset_alias_example_alias_producer_with_no_taskflow', 'dataset_alias_example_alias_consumer_with_no_taskflow', 'dataset_s3_bucket_consumer_with_no_taskflow', 'dataset_s3_bucket_producer_with_no_taskflow' retrieved from /home/airflow/.local/lib/python3.12/site-packages/airflow/example_dags/example_dataset_alias_with_no_taskflow.py
[2025-12-15T19:13:26.779+0000] {logging_mixin.py:190} INFO - [2025-12-15T19:13:26.778+0000] {dag.py:3239} INFO - Sync 4 DAGs
[2025-12-15T19:13:26.936+0000] {logging_mixin.py:190} INFO - [2025-12-15T19:13:26.926+0000] {dag.py:4180} INFO - Setting next_dagrun for dataset_alias_example_alias_consumer_with_no_taskflow to None, run_after=None
[2025-12-15T19:13:26.957+0000] {logging_mixin.py:190} INFO - [2025-12-15T19:13:26.957+0000] {dag.py:4180} INFO - Setting next_dagrun for dataset_alias_example_alias_producer_with_no_taskflow to None, run_after=None
[2025-12-15T19:13:26.963+0000] {logging_mixin.py:190} INFO - [2025-12-15T19:13:26.962+0000] {dag.py:4180} INFO - Setting next_dagrun for dataset_s3_bucket_consumer_with_no_taskflow to None, run_after=None
[2025-12-15T19:13:26.976+0000] {logging_mixin.py:190} INFO - [2025-12-15T19:13:26.975+0000] {dag.py:4180} INFO - Setting next_dagrun for dataset_s3_bucket_producer_with_no_taskflow to None, run_after=None
[2025-12-15T19:13:27.124+0000] {processor.py:208} INFO - Processing /home/airflow/.local/lib/python3.12/site-packages/airflow/example_dags/example_dataset_alias_with_no_taskflow.py took 2.965 seconds
[2025-12-15T19:13:57.770+0000] {processor.py:186} INFO - Started process (PID=8830) to work on /home/airflow/.local/lib/python3.12/site-packages/airflow/example_dags/example_dataset_alias_with_no_taskflow.py
[2025-12-15T19:13:57.772+0000] {processor.py:914} INFO - Processing file /home/airflow/.local/lib/python3.12/site-packages/airflow/example_dags/example_dataset_alias_with_no_taskflow.py for tasks to queue
[2025-12-15T19:13:57.774+0000] {logging_mixin.py:190} INFO - [2025-12-15T19:13:57.773+0000] {dagbag.py:588} INFO - Filling up the DagBag from /home/airflow/.local/lib/python3.12/site-packages/airflow/example_dags/example_dataset_alias_with_no_taskflow.py
[2025-12-15T19:13:58.528+0000] {processor.py:925} INFO - DAG(s) 'dataset_s3_bucket_consumer_with_no_taskflow', 'dataset_s3_bucket_producer_with_no_taskflow', 'dataset_alias_example_alias_consumer_with_no_taskflow', 'dataset_alias_example_alias_producer_with_no_taskflow' retrieved from /home/airflow/.local/lib/python3.12/site-packages/airflow/example_dags/example_dataset_alias_with_no_taskflow.py
[2025-12-15T19:13:58.563+0000] {logging_mixin.py:190} INFO - [2025-12-15T19:13:58.563+0000] {dag.py:3239} INFO - Sync 4 DAGs
[2025-12-15T19:13:58.600+0000] {logging_mixin.py:190} INFO - [2025-12-15T19:13:58.600+0000] {dag.py:4180} INFO - Setting next_dagrun for dataset_alias_example_alias_consumer_with_no_taskflow to None, run_after=None
[2025-12-15T19:13:58.605+0000] {logging_mixin.py:190} INFO - [2025-12-15T19:13:58.604+0000] {dag.py:4180} INFO - Setting next_dagrun for dataset_alias_example_alias_producer_with_no_taskflow to None, run_after=None
[2025-12-15T19:13:58.608+0000] {logging_mixin.py:190} INFO - [2025-12-15T19:13:58.607+0000] {dag.py:4180} INFO - Setting next_dagrun for dataset_s3_bucket_consumer_with_no_taskflow to None, run_after=None
[2025-12-15T19:13:58.610+0000] {logging_mixin.py:190} INFO - [2025-12-15T19:13:58.610+0000] {dag.py:4180} INFO - Setting next_dagrun for dataset_s3_bucket_producer_with_no_taskflow to None, run_after=None
[2025-12-15T19:13:58.648+0000] {processor.py:208} INFO - Processing /home/airflow/.local/lib/python3.12/site-packages/airflow/example_dags/example_dataset_alias_with_no_taskflow.py took 0.885 seconds
[2025-12-15T19:14:29.123+0000] {processor.py:186} INFO - Started process (PID=9119) to work on /home/airflow/.local/lib/python3.12/site-packages/airflow/example_dags/example_dataset_alias_with_no_taskflow.py
[2025-12-15T19:14:29.153+0000] {processor.py:914} INFO - Processing file /home/airflow/.local/lib/python3.12/site-packages/airflow/example_dags/example_dataset_alias_with_no_taskflow.py for tasks to queue
[2025-12-15T19:14:29.155+0000] {logging_mixin.py:190} INFO - [2025-12-15T19:14:29.154+0000] {dagbag.py:588} INFO - Filling up the DagBag from /home/airflow/.local/lib/python3.12/site-packages/airflow/example_dags/example_dataset_alias_with_no_taskflow.py
[2025-12-15T19:14:30.392+0000] {processor.py:925} INFO - DAG(s) 'dataset_s3_bucket_consumer_with_no_taskflow', 'dataset_alias_example_alias_consumer_with_no_taskflow', 'dataset_alias_example_alias_producer_with_no_taskflow', 'dataset_s3_bucket_producer_with_no_taskflow' retrieved from /home/airflow/.local/lib/python3.12/site-packages/airflow/example_dags/example_dataset_alias_with_no_taskflow.py
[2025-12-15T19:14:30.510+0000] {logging_mixin.py:190} INFO - [2025-12-15T19:14:30.502+0000] {dag.py:3239} INFO - Sync 4 DAGs
[2025-12-15T19:14:30.622+0000] {logging_mixin.py:190} INFO - [2025-12-15T19:14:30.622+0000] {dag.py:4180} INFO - Setting next_dagrun for dataset_alias_example_alias_consumer_with_no_taskflow to None, run_after=None
[2025-12-15T19:14:30.634+0000] {logging_mixin.py:190} INFO - [2025-12-15T19:14:30.634+0000] {dag.py:4180} INFO - Setting next_dagrun for dataset_alias_example_alias_producer_with_no_taskflow to None, run_after=None
[2025-12-15T19:14:30.640+0000] {logging_mixin.py:190} INFO - [2025-12-15T19:14:30.638+0000] {dag.py:4180} INFO - Setting next_dagrun for dataset_s3_bucket_consumer_with_no_taskflow to None, run_after=None
[2025-12-15T19:14:30.648+0000] {logging_mixin.py:190} INFO - [2025-12-15T19:14:30.647+0000] {dag.py:4180} INFO - Setting next_dagrun for dataset_s3_bucket_producer_with_no_taskflow to None, run_after=None
[2025-12-15T19:14:30.771+0000] {processor.py:208} INFO - Processing /home/airflow/.local/lib/python3.12/site-packages/airflow/example_dags/example_dataset_alias_with_no_taskflow.py took 1.659 seconds
[2025-12-15T19:15:01.740+0000] {processor.py:186} INFO - Started process (PID=9420) to work on /home/airflow/.local/lib/python3.12/site-packages/airflow/example_dags/example_dataset_alias_with_no_taskflow.py
[2025-12-15T19:15:01.744+0000] {processor.py:914} INFO - Processing file /home/airflow/.local/lib/python3.12/site-packages/airflow/example_dags/example_dataset_alias_with_no_taskflow.py for tasks to queue
[2025-12-15T19:15:01.748+0000] {logging_mixin.py:190} INFO - [2025-12-15T19:15:01.747+0000] {dagbag.py:588} INFO - Filling up the DagBag from /home/airflow/.local/lib/python3.12/site-packages/airflow/example_dags/example_dataset_alias_with_no_taskflow.py
[2025-12-15T19:15:04.167+0000] {processor.py:925} INFO - DAG(s) 'dataset_alias_example_alias_consumer_with_no_taskflow', 'dataset_s3_bucket_consumer_with_no_taskflow', 'dataset_alias_example_alias_producer_with_no_taskflow', 'dataset_s3_bucket_producer_with_no_taskflow' retrieved from /home/airflow/.local/lib/python3.12/site-packages/airflow/example_dags/example_dataset_alias_with_no_taskflow.py
[2025-12-15T19:15:04.514+0000] {logging_mixin.py:190} INFO - [2025-12-15T19:15:04.513+0000] {dag.py:3239} INFO - Sync 4 DAGs
[2025-12-15T19:15:04.844+0000] {logging_mixin.py:190} INFO - [2025-12-15T19:15:04.842+0000] {dag.py:4180} INFO - Setting next_dagrun for dataset_alias_example_alias_consumer_with_no_taskflow to None, run_after=None
[2025-12-15T19:15:04.862+0000] {logging_mixin.py:190} INFO - [2025-12-15T19:15:04.861+0000] {dag.py:4180} INFO - Setting next_dagrun for dataset_alias_example_alias_producer_with_no_taskflow to None, run_after=None
[2025-12-15T19:15:04.874+0000] {logging_mixin.py:190} INFO - [2025-12-15T19:15:04.873+0000] {dag.py:4180} INFO - Setting next_dagrun for dataset_s3_bucket_consumer_with_no_taskflow to None, run_after=None
[2025-12-15T19:15:04.890+0000] {logging_mixin.py:190} INFO - [2025-12-15T19:15:04.886+0000] {dag.py:4180} INFO - Setting next_dagrun for dataset_s3_bucket_producer_with_no_taskflow to None, run_after=None
[2025-12-15T19:15:05.071+0000] {processor.py:208} INFO - Processing /home/airflow/.local/lib/python3.12/site-packages/airflow/example_dags/example_dataset_alias_with_no_taskflow.py took 3.350 seconds
[2025-12-15T19:15:36.051+0000] {processor.py:186} INFO - Started process (PID=9727) to work on /home/airflow/.local/lib/python3.12/site-packages/airflow/example_dags/example_dataset_alias_with_no_taskflow.py
[2025-12-15T19:15:36.069+0000] {processor.py:914} INFO - Processing file /home/airflow/.local/lib/python3.12/site-packages/airflow/example_dags/example_dataset_alias_with_no_taskflow.py for tasks to queue
[2025-12-15T19:15:36.072+0000] {logging_mixin.py:190} INFO - [2025-12-15T19:15:36.071+0000] {dagbag.py:588} INFO - Filling up the DagBag from /home/airflow/.local/lib/python3.12/site-packages/airflow/example_dags/example_dataset_alias_with_no_taskflow.py
[2025-12-15T19:15:38.147+0000] {processor.py:925} INFO - DAG(s) 'dataset_s3_bucket_producer_with_no_taskflow', 'dataset_alias_example_alias_consumer_with_no_taskflow', 'dataset_s3_bucket_consumer_with_no_taskflow', 'dataset_alias_example_alias_producer_with_no_taskflow' retrieved from /home/airflow/.local/lib/python3.12/site-packages/airflow/example_dags/example_dataset_alias_with_no_taskflow.py
[2025-12-15T19:15:38.249+0000] {logging_mixin.py:190} INFO - [2025-12-15T19:15:38.248+0000] {dag.py:3239} INFO - Sync 4 DAGs
[2025-12-15T19:15:38.338+0000] {logging_mixin.py:190} INFO - [2025-12-15T19:15:38.337+0000] {dag.py:4180} INFO - Setting next_dagrun for dataset_alias_example_alias_consumer_with_no_taskflow to None, run_after=None
[2025-12-15T19:15:38.347+0000] {logging_mixin.py:190} INFO - [2025-12-15T19:15:38.346+0000] {dag.py:4180} INFO - Setting next_dagrun for dataset_alias_example_alias_producer_with_no_taskflow to None, run_after=None
[2025-12-15T19:15:38.359+0000] {logging_mixin.py:190} INFO - [2025-12-15T19:15:38.358+0000] {dag.py:4180} INFO - Setting next_dagrun for dataset_s3_bucket_consumer_with_no_taskflow to None, run_after=None
[2025-12-15T19:15:38.363+0000] {logging_mixin.py:190} INFO - [2025-12-15T19:15:38.362+0000] {dag.py:4180} INFO - Setting next_dagrun for dataset_s3_bucket_producer_with_no_taskflow to None, run_after=None
[2025-12-15T19:15:38.427+0000] {processor.py:208} INFO - Processing /home/airflow/.local/lib/python3.12/site-packages/airflow/example_dags/example_dataset_alias_with_no_taskflow.py took 2.388 seconds
[2025-12-15T19:16:08.595+0000] {processor.py:186} INFO - Started process (PID=10018) to work on /home/airflow/.local/lib/python3.12/site-packages/airflow/example_dags/example_dataset_alias_with_no_taskflow.py
[2025-12-15T19:16:08.597+0000] {processor.py:914} INFO - Processing file /home/airflow/.local/lib/python3.12/site-packages/airflow/example_dags/example_dataset_alias_with_no_taskflow.py for tasks to queue
[2025-12-15T19:16:08.601+0000] {logging_mixin.py:190} INFO - [2025-12-15T19:16:08.600+0000] {dagbag.py:588} INFO - Filling up the DagBag from /home/airflow/.local/lib/python3.12/site-packages/airflow/example_dags/example_dataset_alias_with_no_taskflow.py
[2025-12-15T19:16:09.706+0000] {processor.py:925} INFO - DAG(s) 'dataset_alias_example_alias_producer_with_no_taskflow', 'dataset_s3_bucket_consumer_with_no_taskflow', 'dataset_s3_bucket_producer_with_no_taskflow', 'dataset_alias_example_alias_consumer_with_no_taskflow' retrieved from /home/airflow/.local/lib/python3.12/site-packages/airflow/example_dags/example_dataset_alias_with_no_taskflow.py
[2025-12-15T19:16:09.753+0000] {logging_mixin.py:190} INFO - [2025-12-15T19:16:09.752+0000] {dag.py:3239} INFO - Sync 4 DAGs
[2025-12-15T19:16:09.794+0000] {logging_mixin.py:190} INFO - [2025-12-15T19:16:09.794+0000] {dag.py:4180} INFO - Setting next_dagrun for dataset_alias_example_alias_consumer_with_no_taskflow to None, run_after=None
[2025-12-15T19:16:09.798+0000] {logging_mixin.py:190} INFO - [2025-12-15T19:16:09.798+0000] {dag.py:4180} INFO - Setting next_dagrun for dataset_alias_example_alias_producer_with_no_taskflow to None, run_after=None
[2025-12-15T19:16:09.803+0000] {logging_mixin.py:190} INFO - [2025-12-15T19:16:09.802+0000] {dag.py:4180} INFO - Setting next_dagrun for dataset_s3_bucket_consumer_with_no_taskflow to None, run_after=None
[2025-12-15T19:16:09.805+0000] {logging_mixin.py:190} INFO - [2025-12-15T19:16:09.805+0000] {dag.py:4180} INFO - Setting next_dagrun for dataset_s3_bucket_producer_with_no_taskflow to None, run_after=None
[2025-12-15T19:16:09.844+0000] {processor.py:208} INFO - Processing /home/airflow/.local/lib/python3.12/site-packages/airflow/example_dags/example_dataset_alias_with_no_taskflow.py took 1.261 seconds
[2025-12-15T19:16:40.365+0000] {processor.py:186} INFO - Started process (PID=10314) to work on /home/airflow/.local/lib/python3.12/site-packages/airflow/example_dags/example_dataset_alias_with_no_taskflow.py
[2025-12-15T19:16:40.374+0000] {processor.py:914} INFO - Processing file /home/airflow/.local/lib/python3.12/site-packages/airflow/example_dags/example_dataset_alias_with_no_taskflow.py for tasks to queue
[2025-12-15T19:16:40.377+0000] {logging_mixin.py:190} INFO - [2025-12-15T19:16:40.376+0000] {dagbag.py:588} INFO - Filling up the DagBag from /home/airflow/.local/lib/python3.12/site-packages/airflow/example_dags/example_dataset_alias_with_no_taskflow.py
[2025-12-15T19:16:42.280+0000] {processor.py:925} INFO - DAG(s) 'dataset_s3_bucket_producer_with_no_taskflow', 'dataset_s3_bucket_consumer_with_no_taskflow', 'dataset_alias_example_alias_producer_with_no_taskflow', 'dataset_alias_example_alias_consumer_with_no_taskflow' retrieved from /home/airflow/.local/lib/python3.12/site-packages/airflow/example_dags/example_dataset_alias_with_no_taskflow.py
[2025-12-15T19:16:42.354+0000] {logging_mixin.py:190} INFO - [2025-12-15T19:16:42.351+0000] {dag.py:3239} INFO - Sync 4 DAGs
[2025-12-15T19:16:42.460+0000] {logging_mixin.py:190} INFO - [2025-12-15T19:16:42.459+0000] {dag.py:4180} INFO - Setting next_dagrun for dataset_alias_example_alias_consumer_with_no_taskflow to None, run_after=None
[2025-12-15T19:16:42.468+0000] {logging_mixin.py:190} INFO - [2025-12-15T19:16:42.467+0000] {dag.py:4180} INFO - Setting next_dagrun for dataset_alias_example_alias_producer_with_no_taskflow to None, run_after=None
[2025-12-15T19:16:42.473+0000] {logging_mixin.py:190} INFO - [2025-12-15T19:16:42.472+0000] {dag.py:4180} INFO - Setting next_dagrun for dataset_s3_bucket_consumer_with_no_taskflow to None, run_after=None
[2025-12-15T19:16:42.476+0000] {logging_mixin.py:190} INFO - [2025-12-15T19:16:42.476+0000] {dag.py:4180} INFO - Setting next_dagrun for dataset_s3_bucket_producer_with_no_taskflow to None, run_after=None
[2025-12-15T19:16:42.564+0000] {processor.py:208} INFO - Processing /home/airflow/.local/lib/python3.12/site-packages/airflow/example_dags/example_dataset_alias_with_no_taskflow.py took 2.215 seconds
[2025-12-15T19:17:18.000+0000] {processor.py:186} INFO - Started process (PID=10610) to work on /home/airflow/.local/lib/python3.12/site-packages/airflow/example_dags/example_dataset_alias_with_no_taskflow.py
[2025-12-15T19:17:18.005+0000] {processor.py:914} INFO - Processing file /home/airflow/.local/lib/python3.12/site-packages/airflow/example_dags/example_dataset_alias_with_no_taskflow.py for tasks to queue
[2025-12-15T19:17:18.019+0000] {logging_mixin.py:190} INFO - [2025-12-15T19:17:18.018+0000] {dagbag.py:588} INFO - Filling up the DagBag from /home/airflow/.local/lib/python3.12/site-packages/airflow/example_dags/example_dataset_alias_with_no_taskflow.py
[2025-12-15T19:17:21.401+0000] {processor.py:925} INFO - DAG(s) 'dataset_s3_bucket_consumer_with_no_taskflow', 'dataset_alias_example_alias_consumer_with_no_taskflow', 'dataset_alias_example_alias_producer_with_no_taskflow', 'dataset_s3_bucket_producer_with_no_taskflow' retrieved from /home/airflow/.local/lib/python3.12/site-packages/airflow/example_dags/example_dataset_alias_with_no_taskflow.py
[2025-12-15T19:17:21.593+0000] {logging_mixin.py:190} INFO - [2025-12-15T19:17:21.592+0000] {dag.py:3239} INFO - Sync 4 DAGs
[2025-12-15T19:17:21.765+0000] {logging_mixin.py:190} INFO - [2025-12-15T19:17:21.763+0000] {dag.py:4180} INFO - Setting next_dagrun for dataset_alias_example_alias_consumer_with_no_taskflow to None, run_after=None
[2025-12-15T19:17:21.785+0000] {logging_mixin.py:190} INFO - [2025-12-15T19:17:21.784+0000] {dag.py:4180} INFO - Setting next_dagrun for dataset_alias_example_alias_producer_with_no_taskflow to None, run_after=None
[2025-12-15T19:17:21.798+0000] {logging_mixin.py:190} INFO - [2025-12-15T19:17:21.797+0000] {dag.py:4180} INFO - Setting next_dagrun for dataset_s3_bucket_consumer_with_no_taskflow to None, run_after=None
[2025-12-15T19:17:21.804+0000] {logging_mixin.py:190} INFO - [2025-12-15T19:17:21.803+0000] {dag.py:4180} INFO - Setting next_dagrun for dataset_s3_bucket_producer_with_no_taskflow to None, run_after=None
[2025-12-15T19:17:21.963+0000] {processor.py:208} INFO - Processing /home/airflow/.local/lib/python3.12/site-packages/airflow/example_dags/example_dataset_alias_with_no_taskflow.py took 4.062 seconds
[2025-12-15T19:17:52.363+0000] {processor.py:186} INFO - Started process (PID=10915) to work on /home/airflow/.local/lib/python3.12/site-packages/airflow/example_dags/example_dataset_alias_with_no_taskflow.py
[2025-12-15T19:17:52.373+0000] {processor.py:914} INFO - Processing file /home/airflow/.local/lib/python3.12/site-packages/airflow/example_dags/example_dataset_alias_with_no_taskflow.py for tasks to queue
[2025-12-15T19:17:52.376+0000] {logging_mixin.py:190} INFO - [2025-12-15T19:17:52.375+0000] {dagbag.py:588} INFO - Filling up the DagBag from /home/airflow/.local/lib/python3.12/site-packages/airflow/example_dags/example_dataset_alias_with_no_taskflow.py
[2025-12-15T19:17:53.872+0000] {processor.py:925} INFO - DAG(s) 'dataset_alias_example_alias_consumer_with_no_taskflow', 'dataset_s3_bucket_producer_with_no_taskflow', 'dataset_s3_bucket_consumer_with_no_taskflow', 'dataset_alias_example_alias_producer_with_no_taskflow' retrieved from /home/airflow/.local/lib/python3.12/site-packages/airflow/example_dags/example_dataset_alias_with_no_taskflow.py
[2025-12-15T19:17:53.910+0000] {logging_mixin.py:190} INFO - [2025-12-15T19:17:53.909+0000] {dag.py:3239} INFO - Sync 4 DAGs
[2025-12-15T19:17:53.952+0000] {logging_mixin.py:190} INFO - [2025-12-15T19:17:53.952+0000] {dag.py:4180} INFO - Setting next_dagrun for dataset_alias_example_alias_consumer_with_no_taskflow to None, run_after=None
[2025-12-15T19:17:53.956+0000] {logging_mixin.py:190} INFO - [2025-12-15T19:17:53.956+0000] {dag.py:4180} INFO - Setting next_dagrun for dataset_alias_example_alias_producer_with_no_taskflow to None, run_after=None
[2025-12-15T19:17:53.962+0000] {logging_mixin.py:190} INFO - [2025-12-15T19:17:53.961+0000] {dag.py:4180} INFO - Setting next_dagrun for dataset_s3_bucket_consumer_with_no_taskflow to None, run_after=None
[2025-12-15T19:17:53.964+0000] {logging_mixin.py:190} INFO - [2025-12-15T19:17:53.964+0000] {dag.py:4180} INFO - Setting next_dagrun for dataset_s3_bucket_producer_with_no_taskflow to None, run_after=None
[2025-12-15T19:17:54.009+0000] {processor.py:208} INFO - Processing /home/airflow/.local/lib/python3.12/site-packages/airflow/example_dags/example_dataset_alias_with_no_taskflow.py took 1.659 seconds
[2025-12-15T19:18:24.206+0000] {processor.py:186} INFO - Started process (PID=11221) to work on /home/airflow/.local/lib/python3.12/site-packages/airflow/example_dags/example_dataset_alias_with_no_taskflow.py
[2025-12-15T19:18:24.222+0000] {processor.py:914} INFO - Processing file /home/airflow/.local/lib/python3.12/site-packages/airflow/example_dags/example_dataset_alias_with_no_taskflow.py for tasks to queue
[2025-12-15T19:18:24.226+0000] {logging_mixin.py:190} INFO - [2025-12-15T19:18:24.225+0000] {dagbag.py:588} INFO - Filling up the DagBag from /home/airflow/.local/lib/python3.12/site-packages/airflow/example_dags/example_dataset_alias_with_no_taskflow.py
[2025-12-15T19:18:26.606+0000] {processor.py:925} INFO - DAG(s) 'dataset_alias_example_alias_producer_with_no_taskflow', 'dataset_s3_bucket_producer_with_no_taskflow', 'dataset_s3_bucket_consumer_with_no_taskflow', 'dataset_alias_example_alias_consumer_with_no_taskflow' retrieved from /home/airflow/.local/lib/python3.12/site-packages/airflow/example_dags/example_dataset_alias_with_no_taskflow.py
[2025-12-15T19:18:26.681+0000] {logging_mixin.py:190} INFO - [2025-12-15T19:18:26.680+0000] {dag.py:3239} INFO - Sync 4 DAGs
[2025-12-15T19:18:26.759+0000] {logging_mixin.py:190} INFO - [2025-12-15T19:18:26.758+0000] {dag.py:4180} INFO - Setting next_dagrun for dataset_alias_example_alias_consumer_with_no_taskflow to None, run_after=None
[2025-12-15T19:18:26.769+0000] {logging_mixin.py:190} INFO - [2025-12-15T19:18:26.767+0000] {dag.py:4180} INFO - Setting next_dagrun for dataset_alias_example_alias_producer_with_no_taskflow to None, run_after=None
[2025-12-15T19:18:26.777+0000] {logging_mixin.py:190} INFO - [2025-12-15T19:18:26.776+0000] {dag.py:4180} INFO - Setting next_dagrun for dataset_s3_bucket_consumer_with_no_taskflow to None, run_after=None
[2025-12-15T19:18:26.784+0000] {logging_mixin.py:190} INFO - [2025-12-15T19:18:26.783+0000] {dag.py:4180} INFO - Setting next_dagrun for dataset_s3_bucket_producer_with_no_taskflow to None, run_after=None
[2025-12-15T19:18:26.876+0000] {processor.py:208} INFO - Processing /home/airflow/.local/lib/python3.12/site-packages/airflow/example_dags/example_dataset_alias_with_no_taskflow.py took 2.684 seconds
[2025-12-15T19:18:57.261+0000] {processor.py:186} INFO - Started process (PID=11535) to work on /home/airflow/.local/lib/python3.12/site-packages/airflow/example_dags/example_dataset_alias_with_no_taskflow.py
[2025-12-15T19:18:57.265+0000] {processor.py:914} INFO - Processing file /home/airflow/.local/lib/python3.12/site-packages/airflow/example_dags/example_dataset_alias_with_no_taskflow.py for tasks to queue
[2025-12-15T19:18:57.273+0000] {logging_mixin.py:190} INFO - [2025-12-15T19:18:57.271+0000] {dagbag.py:588} INFO - Filling up the DagBag from /home/airflow/.local/lib/python3.12/site-packages/airflow/example_dags/example_dataset_alias_with_no_taskflow.py
[2025-12-15T19:18:58.903+0000] {processor.py:925} INFO - DAG(s) 'dataset_alias_example_alias_consumer_with_no_taskflow', 'dataset_s3_bucket_producer_with_no_taskflow', 'dataset_s3_bucket_consumer_with_no_taskflow', 'dataset_alias_example_alias_producer_with_no_taskflow' retrieved from /home/airflow/.local/lib/python3.12/site-packages/airflow/example_dags/example_dataset_alias_with_no_taskflow.py
[2025-12-15T19:18:59.082+0000] {logging_mixin.py:190} INFO - [2025-12-15T19:18:59.081+0000] {dag.py:3239} INFO - Sync 4 DAGs
[2025-12-15T19:18:59.271+0000] {logging_mixin.py:190} INFO - [2025-12-15T19:18:59.270+0000] {dag.py:4180} INFO - Setting next_dagrun for dataset_alias_example_alias_consumer_with_no_taskflow to None, run_after=None
[2025-12-15T19:18:59.296+0000] {logging_mixin.py:190} INFO - [2025-12-15T19:18:59.288+0000] {dag.py:4180} INFO - Setting next_dagrun for dataset_alias_example_alias_producer_with_no_taskflow to None, run_after=None
[2025-12-15T19:18:59.301+0000] {logging_mixin.py:190} INFO - [2025-12-15T19:18:59.301+0000] {dag.py:4180} INFO - Setting next_dagrun for dataset_s3_bucket_consumer_with_no_taskflow to None, run_after=None
[2025-12-15T19:18:59.337+0000] {logging_mixin.py:190} INFO - [2025-12-15T19:18:59.335+0000] {dag.py:4180} INFO - Setting next_dagrun for dataset_s3_bucket_producer_with_no_taskflow to None, run_after=None
[2025-12-15T19:18:59.484+0000] {processor.py:208} INFO - Processing /home/airflow/.local/lib/python3.12/site-packages/airflow/example_dags/example_dataset_alias_with_no_taskflow.py took 2.240 seconds
