[2025-12-15T18:55:28.734+0000] {processor.py:186} INFO - Started process (PID=239) to work on /home/airflow/.local/lib/python3.12/site-packages/airflow/example_dags/example_display_name.py
[2025-12-15T18:55:28.744+0000] {processor.py:914} INFO - Processing file /home/airflow/.local/lib/python3.12/site-packages/airflow/example_dags/example_display_name.py for tasks to queue
[2025-12-15T18:55:28.750+0000] {logging_mixin.py:190} INFO - [2025-12-15T18:55:28.750+0000] {dagbag.py:588} INFO - Filling up the DagBag from /home/airflow/.local/lib/python3.12/site-packages/airflow/example_dags/example_display_name.py
[2025-12-15T18:55:28.804+0000] {processor.py:925} INFO - DAG(s) 'example_display_name' retrieved from /home/airflow/.local/lib/python3.12/site-packages/airflow/example_dags/example_display_name.py
[2025-12-15T18:55:29.690+0000] {logging_mixin.py:190} INFO - [2025-12-15T18:55:29.689+0000] {override.py:1911} INFO - Created Permission View: can read on DAG:example_display_name
[2025-12-15T18:55:29.778+0000] {logging_mixin.py:190} INFO - [2025-12-15T18:55:29.777+0000] {override.py:1911} INFO - Created Permission View: can edit on DAG:example_display_name
[2025-12-15T18:55:30.064+0000] {logging_mixin.py:190} INFO - [2025-12-15T18:55:30.063+0000] {override.py:1911} INFO - Created Permission View: can delete on DAG:example_display_name
[2025-12-15T18:55:30.210+0000] {logging_mixin.py:190} INFO - [2025-12-15T18:55:30.209+0000] {override.py:1911} INFO - Created Permission View: can read on DAG Run:example_display_name
[2025-12-15T18:55:30.277+0000] {logging_mixin.py:190} INFO - [2025-12-15T18:55:30.276+0000] {override.py:1911} INFO - Created Permission View: menu access on DAG Run:example_display_name
[2025-12-15T18:55:30.348+0000] {logging_mixin.py:190} INFO - [2025-12-15T18:55:30.345+0000] {override.py:1911} INFO - Created Permission View: can create on DAG Run:example_display_name
[2025-12-15T18:55:30.385+0000] {logging_mixin.py:190} INFO - [2025-12-15T18:55:30.384+0000] {override.py:1911} INFO - Created Permission View: can delete on DAG Run:example_display_name
[2025-12-15T18:55:30.387+0000] {logging_mixin.py:190} INFO - [2025-12-15T18:55:30.386+0000] {dag.py:3239} INFO - Sync 1 DAGs
[2025-12-15T18:55:30.469+0000] {logging_mixin.py:190} INFO - [2025-12-15T18:55:30.468+0000] {dag.py:3262} INFO - Creating ORM DAG for example_display_name
[2025-12-15T18:55:30.471+0000] {logging_mixin.py:190} INFO - [2025-12-15T18:55:30.471+0000] {dag.py:4180} INFO - Setting next_dagrun for example_display_name to None, run_after=None
[2025-12-15T18:55:30.641+0000] {processor.py:208} INFO - Processing /home/airflow/.local/lib/python3.12/site-packages/airflow/example_dags/example_display_name.py took 1.933 seconds
[2025-12-15T18:56:43.274+0000] {processor.py:186} INFO - Started process (PID=534) to work on /home/airflow/.local/lib/python3.12/site-packages/airflow/example_dags/example_display_name.py
[2025-12-15T18:56:43.284+0000] {processor.py:914} INFO - Processing file /home/airflow/.local/lib/python3.12/site-packages/airflow/example_dags/example_display_name.py for tasks to queue
[2025-12-15T18:56:43.291+0000] {logging_mixin.py:190} INFO - [2025-12-15T18:56:43.289+0000] {dagbag.py:588} INFO - Filling up the DagBag from /home/airflow/.local/lib/python3.12/site-packages/airflow/example_dags/example_display_name.py
[2025-12-15T18:56:43.315+0000] {processor.py:925} INFO - DAG(s) 'example_display_name' retrieved from /home/airflow/.local/lib/python3.12/site-packages/airflow/example_dags/example_display_name.py
[2025-12-15T18:56:43.366+0000] {logging_mixin.py:190} INFO - [2025-12-15T18:56:43.365+0000] {dag.py:3239} INFO - Sync 1 DAGs
[2025-12-15T18:56:43.407+0000] {logging_mixin.py:190} INFO - [2025-12-15T18:56:43.406+0000] {dag.py:4180} INFO - Setting next_dagrun for example_display_name to None, run_after=None
[2025-12-15T18:56:43.586+0000] {processor.py:208} INFO - Processing /home/airflow/.local/lib/python3.12/site-packages/airflow/example_dags/example_display_name.py took 0.332 seconds
[2025-12-15T18:57:14.250+0000] {processor.py:186} INFO - Started process (PID=835) to work on /home/airflow/.local/lib/python3.12/site-packages/airflow/example_dags/example_display_name.py
[2025-12-15T18:57:14.253+0000] {processor.py:914} INFO - Processing file /home/airflow/.local/lib/python3.12/site-packages/airflow/example_dags/example_display_name.py for tasks to queue
[2025-12-15T18:57:14.281+0000] {logging_mixin.py:190} INFO - [2025-12-15T18:57:14.269+0000] {dagbag.py:588} INFO - Filling up the DagBag from /home/airflow/.local/lib/python3.12/site-packages/airflow/example_dags/example_display_name.py
[2025-12-15T18:57:14.348+0000] {processor.py:925} INFO - DAG(s) 'example_display_name' retrieved from /home/airflow/.local/lib/python3.12/site-packages/airflow/example_dags/example_display_name.py
[2025-12-15T18:57:14.573+0000] {logging_mixin.py:190} INFO - [2025-12-15T18:57:14.572+0000] {dag.py:3239} INFO - Sync 1 DAGs
[2025-12-15T18:57:14.698+0000] {logging_mixin.py:190} INFO - [2025-12-15T18:57:14.698+0000] {dag.py:4180} INFO - Setting next_dagrun for example_display_name to None, run_after=None
[2025-12-15T18:57:14.833+0000] {processor.py:208} INFO - Processing /home/airflow/.local/lib/python3.12/site-packages/airflow/example_dags/example_display_name.py took 0.631 seconds
[2025-12-15T18:57:49.856+0000] {processor.py:186} INFO - Started process (PID=1099) to work on /home/airflow/.local/lib/python3.12/site-packages/airflow/example_dags/example_display_name.py
[2025-12-15T18:57:49.875+0000] {processor.py:914} INFO - Processing file /home/airflow/.local/lib/python3.12/site-packages/airflow/example_dags/example_display_name.py for tasks to queue
[2025-12-15T18:57:49.885+0000] {logging_mixin.py:190} INFO - [2025-12-15T18:57:49.884+0000] {dagbag.py:588} INFO - Filling up the DagBag from /home/airflow/.local/lib/python3.12/site-packages/airflow/example_dags/example_display_name.py
[2025-12-15T18:57:49.929+0000] {processor.py:925} INFO - DAG(s) 'example_display_name' retrieved from /home/airflow/.local/lib/python3.12/site-packages/airflow/example_dags/example_display_name.py
[2025-12-15T18:57:50.114+0000] {logging_mixin.py:190} INFO - [2025-12-15T18:57:50.114+0000] {dag.py:3239} INFO - Sync 1 DAGs
[2025-12-15T18:57:50.215+0000] {logging_mixin.py:190} INFO - [2025-12-15T18:57:50.215+0000] {dag.py:4180} INFO - Setting next_dagrun for example_display_name to None, run_after=None
[2025-12-15T18:57:50.294+0000] {processor.py:208} INFO - Processing /home/airflow/.local/lib/python3.12/site-packages/airflow/example_dags/example_display_name.py took 0.519 seconds
[2025-12-15T18:58:24.033+0000] {processor.py:186} INFO - Started process (PID=1396) to work on /home/airflow/.local/lib/python3.12/site-packages/airflow/example_dags/example_display_name.py
[2025-12-15T18:58:24.040+0000] {processor.py:914} INFO - Processing file /home/airflow/.local/lib/python3.12/site-packages/airflow/example_dags/example_display_name.py for tasks to queue
[2025-12-15T18:58:24.050+0000] {logging_mixin.py:190} INFO - [2025-12-15T18:58:24.048+0000] {dagbag.py:588} INFO - Filling up the DagBag from /home/airflow/.local/lib/python3.12/site-packages/airflow/example_dags/example_display_name.py
[2025-12-15T18:58:24.075+0000] {processor.py:925} INFO - DAG(s) 'example_display_name' retrieved from /home/airflow/.local/lib/python3.12/site-packages/airflow/example_dags/example_display_name.py
[2025-12-15T18:58:24.138+0000] {logging_mixin.py:190} INFO - [2025-12-15T18:58:24.138+0000] {dag.py:3239} INFO - Sync 1 DAGs
[2025-12-15T18:58:24.179+0000] {logging_mixin.py:190} INFO - [2025-12-15T18:58:24.179+0000] {dag.py:4180} INFO - Setting next_dagrun for example_display_name to None, run_after=None
[2025-12-15T18:58:24.234+0000] {processor.py:208} INFO - Processing /home/airflow/.local/lib/python3.12/site-packages/airflow/example_dags/example_display_name.py took 0.215 seconds
[2025-12-15T18:58:55.539+0000] {processor.py:186} INFO - Started process (PID=1689) to work on /home/airflow/.local/lib/python3.12/site-packages/airflow/example_dags/example_display_name.py
[2025-12-15T18:58:55.541+0000] {processor.py:914} INFO - Processing file /home/airflow/.local/lib/python3.12/site-packages/airflow/example_dags/example_display_name.py for tasks to queue
[2025-12-15T18:58:55.546+0000] {logging_mixin.py:190} INFO - [2025-12-15T18:58:55.545+0000] {dagbag.py:588} INFO - Filling up the DagBag from /home/airflow/.local/lib/python3.12/site-packages/airflow/example_dags/example_display_name.py
[2025-12-15T18:58:55.563+0000] {processor.py:925} INFO - DAG(s) 'example_display_name' retrieved from /home/airflow/.local/lib/python3.12/site-packages/airflow/example_dags/example_display_name.py
[2025-12-15T18:58:55.599+0000] {logging_mixin.py:190} INFO - [2025-12-15T18:58:55.599+0000] {dag.py:3239} INFO - Sync 1 DAGs
[2025-12-15T18:58:55.629+0000] {logging_mixin.py:190} INFO - [2025-12-15T18:58:55.628+0000] {dag.py:4180} INFO - Setting next_dagrun for example_display_name to None, run_after=None
[2025-12-15T18:58:55.661+0000] {processor.py:208} INFO - Processing /home/airflow/.local/lib/python3.12/site-packages/airflow/example_dags/example_display_name.py took 0.135 seconds
[2025-12-15T18:59:36.619+0000] {processor.py:186} INFO - Started process (PID=1869) to work on /home/airflow/.local/lib/python3.12/site-packages/airflow/example_dags/example_display_name.py
[2025-12-15T18:59:36.623+0000] {processor.py:914} INFO - Processing file /home/airflow/.local/lib/python3.12/site-packages/airflow/example_dags/example_display_name.py for tasks to queue
[2025-12-15T18:59:36.627+0000] {logging_mixin.py:190} INFO - [2025-12-15T18:59:36.627+0000] {dagbag.py:588} INFO - Filling up the DagBag from /home/airflow/.local/lib/python3.12/site-packages/airflow/example_dags/example_display_name.py
[2025-12-15T18:59:36.662+0000] {processor.py:925} INFO - DAG(s) 'example_display_name' retrieved from /home/airflow/.local/lib/python3.12/site-packages/airflow/example_dags/example_display_name.py
[2025-12-15T18:59:36.741+0000] {logging_mixin.py:190} INFO - [2025-12-15T18:59:36.740+0000] {dag.py:3239} INFO - Sync 1 DAGs
[2025-12-15T18:59:36.793+0000] {logging_mixin.py:190} INFO - [2025-12-15T18:59:36.793+0000] {dag.py:4180} INFO - Setting next_dagrun for example_display_name to None, run_after=None
[2025-12-15T18:59:36.858+0000] {processor.py:208} INFO - Processing /home/airflow/.local/lib/python3.12/site-packages/airflow/example_dags/example_display_name.py took 0.266 seconds
[2025-12-15T19:00:53.681+0000] {processor.py:186} INFO - Started process (PID=2134) to work on /home/airflow/.local/lib/python3.12/site-packages/airflow/example_dags/example_display_name.py
[2025-12-15T19:00:53.687+0000] {processor.py:914} INFO - Processing file /home/airflow/.local/lib/python3.12/site-packages/airflow/example_dags/example_display_name.py for tasks to queue
[2025-12-15T19:00:53.708+0000] {logging_mixin.py:190} INFO - [2025-12-15T19:00:53.707+0000] {dagbag.py:588} INFO - Filling up the DagBag from /home/airflow/.local/lib/python3.12/site-packages/airflow/example_dags/example_display_name.py
[2025-12-15T19:00:53.858+0000] {processor.py:925} INFO - DAG(s) 'example_display_name' retrieved from /home/airflow/.local/lib/python3.12/site-packages/airflow/example_dags/example_display_name.py
[2025-12-15T19:00:54.075+0000] {logging_mixin.py:190} INFO - [2025-12-15T19:00:54.068+0000] {dag.py:3239} INFO - Sync 1 DAGs
[2025-12-15T19:00:54.183+0000] {logging_mixin.py:190} INFO - [2025-12-15T19:00:54.182+0000] {dag.py:4180} INFO - Setting next_dagrun for example_display_name to None, run_after=None
[2025-12-15T19:00:54.461+0000] {processor.py:208} INFO - Processing /home/airflow/.local/lib/python3.12/site-packages/airflow/example_dags/example_display_name.py took 0.815 seconds
[2025-12-15T19:01:58.899+0000] {processor.py:186} INFO - Started process (PID=2400) to work on /home/airflow/.local/lib/python3.12/site-packages/airflow/example_dags/example_display_name.py
[2025-12-15T19:01:58.903+0000] {processor.py:914} INFO - Processing file /home/airflow/.local/lib/python3.12/site-packages/airflow/example_dags/example_display_name.py for tasks to queue
[2025-12-15T19:01:58.908+0000] {logging_mixin.py:190} INFO - [2025-12-15T19:01:58.907+0000] {dagbag.py:588} INFO - Filling up the DagBag from /home/airflow/.local/lib/python3.12/site-packages/airflow/example_dags/example_display_name.py
[2025-12-15T19:01:58.928+0000] {processor.py:925} INFO - DAG(s) 'example_display_name' retrieved from /home/airflow/.local/lib/python3.12/site-packages/airflow/example_dags/example_display_name.py
[2025-12-15T19:01:58.988+0000] {logging_mixin.py:190} INFO - [2025-12-15T19:01:58.987+0000] {dag.py:3239} INFO - Sync 1 DAGs
[2025-12-15T19:01:59.021+0000] {logging_mixin.py:190} INFO - [2025-12-15T19:01:59.020+0000] {dag.py:4180} INFO - Setting next_dagrun for example_display_name to None, run_after=None
[2025-12-15T19:01:59.065+0000] {processor.py:208} INFO - Processing /home/airflow/.local/lib/python3.12/site-packages/airflow/example_dags/example_display_name.py took 0.176 seconds
[2025-12-15T19:02:31.176+0000] {processor.py:186} INFO - Started process (PID=2656) to work on /home/airflow/.local/lib/python3.12/site-packages/airflow/example_dags/example_display_name.py
[2025-12-15T19:02:31.178+0000] {processor.py:914} INFO - Processing file /home/airflow/.local/lib/python3.12/site-packages/airflow/example_dags/example_display_name.py for tasks to queue
[2025-12-15T19:02:31.184+0000] {logging_mixin.py:190} INFO - [2025-12-15T19:02:31.183+0000] {dagbag.py:588} INFO - Filling up the DagBag from /home/airflow/.local/lib/python3.12/site-packages/airflow/example_dags/example_display_name.py
[2025-12-15T19:02:31.208+0000] {processor.py:925} INFO - DAG(s) 'example_display_name' retrieved from /home/airflow/.local/lib/python3.12/site-packages/airflow/example_dags/example_display_name.py
[2025-12-15T19:02:31.249+0000] {logging_mixin.py:190} INFO - [2025-12-15T19:02:31.249+0000] {dag.py:3239} INFO - Sync 1 DAGs
[2025-12-15T19:02:31.282+0000] {logging_mixin.py:190} INFO - [2025-12-15T19:02:31.281+0000] {dag.py:4180} INFO - Setting next_dagrun for example_display_name to None, run_after=None
[2025-12-15T19:02:31.322+0000] {processor.py:208} INFO - Processing /home/airflow/.local/lib/python3.12/site-packages/airflow/example_dags/example_display_name.py took 0.161 seconds
[2025-12-15T19:03:05.093+0000] {processor.py:186} INFO - Started process (PID=2947) to work on /home/airflow/.local/lib/python3.12/site-packages/airflow/example_dags/example_display_name.py
[2025-12-15T19:03:05.097+0000] {processor.py:914} INFO - Processing file /home/airflow/.local/lib/python3.12/site-packages/airflow/example_dags/example_display_name.py for tasks to queue
[2025-12-15T19:03:05.104+0000] {logging_mixin.py:190} INFO - [2025-12-15T19:03:05.103+0000] {dagbag.py:588} INFO - Filling up the DagBag from /home/airflow/.local/lib/python3.12/site-packages/airflow/example_dags/example_display_name.py
[2025-12-15T19:03:05.140+0000] {processor.py:925} INFO - DAG(s) 'example_display_name' retrieved from /home/airflow/.local/lib/python3.12/site-packages/airflow/example_dags/example_display_name.py
[2025-12-15T19:03:05.208+0000] {logging_mixin.py:190} INFO - [2025-12-15T19:03:05.207+0000] {dag.py:3239} INFO - Sync 1 DAGs
[2025-12-15T19:03:05.274+0000] {logging_mixin.py:190} INFO - [2025-12-15T19:03:05.273+0000] {dag.py:4180} INFO - Setting next_dagrun for example_display_name to None, run_after=None
[2025-12-15T19:03:05.357+0000] {processor.py:208} INFO - Processing /home/airflow/.local/lib/python3.12/site-packages/airflow/example_dags/example_display_name.py took 0.298 seconds
[2025-12-15T19:03:36.101+0000] {processor.py:186} INFO - Started process (PID=3238) to work on /home/airflow/.local/lib/python3.12/site-packages/airflow/example_dags/example_display_name.py
[2025-12-15T19:03:36.102+0000] {processor.py:914} INFO - Processing file /home/airflow/.local/lib/python3.12/site-packages/airflow/example_dags/example_display_name.py for tasks to queue
[2025-12-15T19:03:36.106+0000] {logging_mixin.py:190} INFO - [2025-12-15T19:03:36.106+0000] {dagbag.py:588} INFO - Filling up the DagBag from /home/airflow/.local/lib/python3.12/site-packages/airflow/example_dags/example_display_name.py
[2025-12-15T19:03:36.124+0000] {processor.py:925} INFO - DAG(s) 'example_display_name' retrieved from /home/airflow/.local/lib/python3.12/site-packages/airflow/example_dags/example_display_name.py
[2025-12-15T19:03:36.164+0000] {logging_mixin.py:190} INFO - [2025-12-15T19:03:36.163+0000] {dag.py:3239} INFO - Sync 1 DAGs
[2025-12-15T19:03:36.193+0000] {logging_mixin.py:190} INFO - [2025-12-15T19:03:36.192+0000] {dag.py:4180} INFO - Setting next_dagrun for example_display_name to None, run_after=None
[2025-12-15T19:03:36.233+0000] {processor.py:208} INFO - Processing /home/airflow/.local/lib/python3.12/site-packages/airflow/example_dags/example_display_name.py took 0.145 seconds
[2025-12-15T19:04:09.369+0000] {processor.py:186} INFO - Started process (PID=3525) to work on /home/airflow/.local/lib/python3.12/site-packages/airflow/example_dags/example_display_name.py
[2025-12-15T19:04:09.370+0000] {processor.py:914} INFO - Processing file /home/airflow/.local/lib/python3.12/site-packages/airflow/example_dags/example_display_name.py for tasks to queue
[2025-12-15T19:04:09.374+0000] {logging_mixin.py:190} INFO - [2025-12-15T19:04:09.373+0000] {dagbag.py:588} INFO - Filling up the DagBag from /home/airflow/.local/lib/python3.12/site-packages/airflow/example_dags/example_display_name.py
[2025-12-15T19:04:09.390+0000] {processor.py:925} INFO - DAG(s) 'example_display_name' retrieved from /home/airflow/.local/lib/python3.12/site-packages/airflow/example_dags/example_display_name.py
[2025-12-15T19:04:09.432+0000] {logging_mixin.py:190} INFO - [2025-12-15T19:04:09.431+0000] {dag.py:3239} INFO - Sync 1 DAGs
[2025-12-15T19:04:09.462+0000] {logging_mixin.py:190} INFO - [2025-12-15T19:04:09.461+0000] {dag.py:4180} INFO - Setting next_dagrun for example_display_name to None, run_after=None
[2025-12-15T19:04:09.503+0000] {processor.py:208} INFO - Processing /home/airflow/.local/lib/python3.12/site-packages/airflow/example_dags/example_display_name.py took 0.146 seconds
[2025-12-15T19:04:41.582+0000] {processor.py:186} INFO - Started process (PID=3785) to work on /home/airflow/.local/lib/python3.12/site-packages/airflow/example_dags/example_display_name.py
[2025-12-15T19:04:41.584+0000] {processor.py:914} INFO - Processing file /home/airflow/.local/lib/python3.12/site-packages/airflow/example_dags/example_display_name.py for tasks to queue
[2025-12-15T19:04:41.591+0000] {logging_mixin.py:190} INFO - [2025-12-15T19:04:41.590+0000] {dagbag.py:588} INFO - Filling up the DagBag from /home/airflow/.local/lib/python3.12/site-packages/airflow/example_dags/example_display_name.py
[2025-12-15T19:04:41.611+0000] {processor.py:925} INFO - DAG(s) 'example_display_name' retrieved from /home/airflow/.local/lib/python3.12/site-packages/airflow/example_dags/example_display_name.py
[2025-12-15T19:04:41.649+0000] {logging_mixin.py:190} INFO - [2025-12-15T19:04:41.649+0000] {dag.py:3239} INFO - Sync 1 DAGs
[2025-12-15T19:04:41.678+0000] {logging_mixin.py:190} INFO - [2025-12-15T19:04:41.678+0000] {dag.py:4180} INFO - Setting next_dagrun for example_display_name to None, run_after=None
[2025-12-15T19:04:41.718+0000] {processor.py:208} INFO - Processing /home/airflow/.local/lib/python3.12/site-packages/airflow/example_dags/example_display_name.py took 0.150 seconds
[2025-12-15T19:05:12.854+0000] {processor.py:186} INFO - Started process (PID=4071) to work on /home/airflow/.local/lib/python3.12/site-packages/airflow/example_dags/example_display_name.py
[2025-12-15T19:05:12.915+0000] {processor.py:914} INFO - Processing file /home/airflow/.local/lib/python3.12/site-packages/airflow/example_dags/example_display_name.py for tasks to queue
[2025-12-15T19:05:12.919+0000] {logging_mixin.py:190} INFO - [2025-12-15T19:05:12.918+0000] {dagbag.py:588} INFO - Filling up the DagBag from /home/airflow/.local/lib/python3.12/site-packages/airflow/example_dags/example_display_name.py
[2025-12-15T19:05:12.942+0000] {processor.py:925} INFO - DAG(s) 'example_display_name' retrieved from /home/airflow/.local/lib/python3.12/site-packages/airflow/example_dags/example_display_name.py
[2025-12-15T19:05:12.986+0000] {logging_mixin.py:190} INFO - [2025-12-15T19:05:12.986+0000] {dag.py:3239} INFO - Sync 1 DAGs
[2025-12-15T19:05:13.013+0000] {logging_mixin.py:190} INFO - [2025-12-15T19:05:13.012+0000] {dag.py:4180} INFO - Setting next_dagrun for example_display_name to None, run_after=None
[2025-12-15T19:05:13.199+0000] {processor.py:208} INFO - Processing /home/airflow/.local/lib/python3.12/site-packages/airflow/example_dags/example_display_name.py took 0.356 seconds
[2025-12-15T19:05:43.953+0000] {processor.py:186} INFO - Started process (PID=4364) to work on /home/airflow/.local/lib/python3.12/site-packages/airflow/example_dags/example_display_name.py
[2025-12-15T19:05:43.955+0000] {processor.py:914} INFO - Processing file /home/airflow/.local/lib/python3.12/site-packages/airflow/example_dags/example_display_name.py for tasks to queue
[2025-12-15T19:05:43.958+0000] {logging_mixin.py:190} INFO - [2025-12-15T19:05:43.957+0000] {dagbag.py:588} INFO - Filling up the DagBag from /home/airflow/.local/lib/python3.12/site-packages/airflow/example_dags/example_display_name.py
[2025-12-15T19:05:43.972+0000] {processor.py:925} INFO - DAG(s) 'example_display_name' retrieved from /home/airflow/.local/lib/python3.12/site-packages/airflow/example_dags/example_display_name.py
[2025-12-15T19:05:44.051+0000] {logging_mixin.py:190} INFO - [2025-12-15T19:05:44.050+0000] {dag.py:3239} INFO - Sync 1 DAGs
[2025-12-15T19:05:44.165+0000] {logging_mixin.py:190} INFO - [2025-12-15T19:05:44.164+0000] {dag.py:4180} INFO - Setting next_dagrun for example_display_name to None, run_after=None
[2025-12-15T19:05:44.296+0000] {processor.py:208} INFO - Processing /home/airflow/.local/lib/python3.12/site-packages/airflow/example_dags/example_display_name.py took 0.352 seconds
[2025-12-15T19:06:14.571+0000] {processor.py:186} INFO - Started process (PID=4655) to work on /home/airflow/.local/lib/python3.12/site-packages/airflow/example_dags/example_display_name.py
[2025-12-15T19:06:14.573+0000] {processor.py:914} INFO - Processing file /home/airflow/.local/lib/python3.12/site-packages/airflow/example_dags/example_display_name.py for tasks to queue
[2025-12-15T19:06:14.585+0000] {logging_mixin.py:190} INFO - [2025-12-15T19:06:14.585+0000] {dagbag.py:588} INFO - Filling up the DagBag from /home/airflow/.local/lib/python3.12/site-packages/airflow/example_dags/example_display_name.py
[2025-12-15T19:06:14.618+0000] {processor.py:925} INFO - DAG(s) 'example_display_name' retrieved from /home/airflow/.local/lib/python3.12/site-packages/airflow/example_dags/example_display_name.py
[2025-12-15T19:06:14.671+0000] {logging_mixin.py:190} INFO - [2025-12-15T19:06:14.670+0000] {dag.py:3239} INFO - Sync 1 DAGs
[2025-12-15T19:06:14.705+0000] {logging_mixin.py:190} INFO - [2025-12-15T19:06:14.705+0000] {dag.py:4180} INFO - Setting next_dagrun for example_display_name to None, run_after=None
[2025-12-15T19:06:14.754+0000] {processor.py:208} INFO - Processing /home/airflow/.local/lib/python3.12/site-packages/airflow/example_dags/example_display_name.py took 0.205 seconds
[2025-12-15T19:06:46.344+0000] {processor.py:186} INFO - Started process (PID=4944) to work on /home/airflow/.local/lib/python3.12/site-packages/airflow/example_dags/example_display_name.py
[2025-12-15T19:06:46.350+0000] {processor.py:914} INFO - Processing file /home/airflow/.local/lib/python3.12/site-packages/airflow/example_dags/example_display_name.py for tasks to queue
[2025-12-15T19:06:46.360+0000] {logging_mixin.py:190} INFO - [2025-12-15T19:06:46.358+0000] {dagbag.py:588} INFO - Filling up the DagBag from /home/airflow/.local/lib/python3.12/site-packages/airflow/example_dags/example_display_name.py
[2025-12-15T19:06:46.390+0000] {processor.py:925} INFO - DAG(s) 'example_display_name' retrieved from /home/airflow/.local/lib/python3.12/site-packages/airflow/example_dags/example_display_name.py
[2025-12-15T19:06:46.445+0000] {logging_mixin.py:190} INFO - [2025-12-15T19:06:46.444+0000] {dag.py:3239} INFO - Sync 1 DAGs
[2025-12-15T19:06:46.477+0000] {logging_mixin.py:190} INFO - [2025-12-15T19:06:46.477+0000] {dag.py:4180} INFO - Setting next_dagrun for example_display_name to None, run_after=None
[2025-12-15T19:06:46.558+0000] {processor.py:208} INFO - Processing /home/airflow/.local/lib/python3.12/site-packages/airflow/example_dags/example_display_name.py took 0.236 seconds
[2025-12-15T19:07:23.860+0000] {processor.py:186} INFO - Started process (PID=5210) to work on /home/airflow/.local/lib/python3.12/site-packages/airflow/example_dags/example_display_name.py
[2025-12-15T19:07:23.864+0000] {processor.py:914} INFO - Processing file /home/airflow/.local/lib/python3.12/site-packages/airflow/example_dags/example_display_name.py for tasks to queue
[2025-12-15T19:07:23.881+0000] {logging_mixin.py:190} INFO - [2025-12-15T19:07:23.880+0000] {dagbag.py:588} INFO - Filling up the DagBag from /home/airflow/.local/lib/python3.12/site-packages/airflow/example_dags/example_display_name.py
[2025-12-15T19:07:23.948+0000] {processor.py:925} INFO - DAG(s) 'example_display_name' retrieved from /home/airflow/.local/lib/python3.12/site-packages/airflow/example_dags/example_display_name.py
[2025-12-15T19:07:24.053+0000] {logging_mixin.py:190} INFO - [2025-12-15T19:07:24.052+0000] {dag.py:3239} INFO - Sync 1 DAGs
[2025-12-15T19:07:24.151+0000] {logging_mixin.py:190} INFO - [2025-12-15T19:07:24.151+0000] {dag.py:4180} INFO - Setting next_dagrun for example_display_name to None, run_after=None
[2025-12-15T19:07:24.250+0000] {processor.py:208} INFO - Processing /home/airflow/.local/lib/python3.12/site-packages/airflow/example_dags/example_display_name.py took 0.424 seconds
[2025-12-15T19:07:55.181+0000] {processor.py:186} INFO - Started process (PID=5501) to work on /home/airflow/.local/lib/python3.12/site-packages/airflow/example_dags/example_display_name.py
[2025-12-15T19:07:55.489+0000] {processor.py:914} INFO - Processing file /home/airflow/.local/lib/python3.12/site-packages/airflow/example_dags/example_display_name.py for tasks to queue
[2025-12-15T19:07:55.510+0000] {logging_mixin.py:190} INFO - [2025-12-15T19:07:55.509+0000] {dagbag.py:588} INFO - Filling up the DagBag from /home/airflow/.local/lib/python3.12/site-packages/airflow/example_dags/example_display_name.py
[2025-12-15T19:07:55.522+0000] {processor.py:925} INFO - DAG(s) 'example_display_name' retrieved from /home/airflow/.local/lib/python3.12/site-packages/airflow/example_dags/example_display_name.py
[2025-12-15T19:07:55.548+0000] {logging_mixin.py:190} INFO - [2025-12-15T19:07:55.548+0000] {dag.py:3239} INFO - Sync 1 DAGs
[2025-12-15T19:07:55.568+0000] {logging_mixin.py:190} INFO - [2025-12-15T19:07:55.567+0000] {dag.py:4180} INFO - Setting next_dagrun for example_display_name to None, run_after=None
[2025-12-15T19:07:55.710+0000] {processor.py:208} INFO - Processing /home/airflow/.local/lib/python3.12/site-packages/airflow/example_dags/example_display_name.py took 0.539 seconds
[2025-12-15T19:08:25.879+0000] {processor.py:186} INFO - Started process (PID=5784) to work on /home/airflow/.local/lib/python3.12/site-packages/airflow/example_dags/example_display_name.py
[2025-12-15T19:08:25.883+0000] {processor.py:914} INFO - Processing file /home/airflow/.local/lib/python3.12/site-packages/airflow/example_dags/example_display_name.py for tasks to queue
[2025-12-15T19:08:25.888+0000] {logging_mixin.py:190} INFO - [2025-12-15T19:08:25.886+0000] {dagbag.py:588} INFO - Filling up the DagBag from /home/airflow/.local/lib/python3.12/site-packages/airflow/example_dags/example_display_name.py
[2025-12-15T19:08:25.901+0000] {processor.py:925} INFO - DAG(s) 'example_display_name' retrieved from /home/airflow/.local/lib/python3.12/site-packages/airflow/example_dags/example_display_name.py
[2025-12-15T19:08:25.934+0000] {logging_mixin.py:190} INFO - [2025-12-15T19:08:25.933+0000] {dag.py:3239} INFO - Sync 1 DAGs
[2025-12-15T19:08:25.960+0000] {logging_mixin.py:190} INFO - [2025-12-15T19:08:25.960+0000] {dag.py:4180} INFO - Setting next_dagrun for example_display_name to None, run_after=None
[2025-12-15T19:08:26.000+0000] {processor.py:208} INFO - Processing /home/airflow/.local/lib/python3.12/site-packages/airflow/example_dags/example_display_name.py took 0.131 seconds
[2025-12-15T19:08:57.159+0000] {processor.py:186} INFO - Started process (PID=6075) to work on /home/airflow/.local/lib/python3.12/site-packages/airflow/example_dags/example_display_name.py
[2025-12-15T19:08:57.164+0000] {processor.py:914} INFO - Processing file /home/airflow/.local/lib/python3.12/site-packages/airflow/example_dags/example_display_name.py for tasks to queue
[2025-12-15T19:08:57.170+0000] {logging_mixin.py:190} INFO - [2025-12-15T19:08:57.169+0000] {dagbag.py:588} INFO - Filling up the DagBag from /home/airflow/.local/lib/python3.12/site-packages/airflow/example_dags/example_display_name.py
[2025-12-15T19:08:57.190+0000] {processor.py:925} INFO - DAG(s) 'example_display_name' retrieved from /home/airflow/.local/lib/python3.12/site-packages/airflow/example_dags/example_display_name.py
[2025-12-15T19:08:57.236+0000] {logging_mixin.py:190} INFO - [2025-12-15T19:08:57.236+0000] {dag.py:3239} INFO - Sync 1 DAGs
[2025-12-15T19:08:57.271+0000] {logging_mixin.py:190} INFO - [2025-12-15T19:08:57.270+0000] {dag.py:4180} INFO - Setting next_dagrun for example_display_name to None, run_after=None
[2025-12-15T19:08:57.319+0000] {processor.py:208} INFO - Processing /home/airflow/.local/lib/python3.12/site-packages/airflow/example_dags/example_display_name.py took 0.176 seconds
[2025-12-15T19:09:27.634+0000] {processor.py:186} INFO - Started process (PID=6351) to work on /home/airflow/.local/lib/python3.12/site-packages/airflow/example_dags/example_display_name.py
[2025-12-15T19:09:27.636+0000] {processor.py:914} INFO - Processing file /home/airflow/.local/lib/python3.12/site-packages/airflow/example_dags/example_display_name.py for tasks to queue
[2025-12-15T19:09:27.641+0000] {logging_mixin.py:190} INFO - [2025-12-15T19:09:27.641+0000] {dagbag.py:588} INFO - Filling up the DagBag from /home/airflow/.local/lib/python3.12/site-packages/airflow/example_dags/example_display_name.py
[2025-12-15T19:09:27.665+0000] {processor.py:925} INFO - DAG(s) 'example_display_name' retrieved from /home/airflow/.local/lib/python3.12/site-packages/airflow/example_dags/example_display_name.py
[2025-12-15T19:09:27.707+0000] {logging_mixin.py:190} INFO - [2025-12-15T19:09:27.706+0000] {dag.py:3239} INFO - Sync 1 DAGs
[2025-12-15T19:09:27.742+0000] {logging_mixin.py:190} INFO - [2025-12-15T19:09:27.742+0000] {dag.py:4180} INFO - Setting next_dagrun for example_display_name to None, run_after=None
[2025-12-15T19:09:27.790+0000] {processor.py:208} INFO - Processing /home/airflow/.local/lib/python3.12/site-packages/airflow/example_dags/example_display_name.py took 0.171 seconds
[2025-12-15T19:09:58.068+0000] {processor.py:186} INFO - Started process (PID=6640) to work on /home/airflow/.local/lib/python3.12/site-packages/airflow/example_dags/example_display_name.py
[2025-12-15T19:09:58.079+0000] {processor.py:914} INFO - Processing file /home/airflow/.local/lib/python3.12/site-packages/airflow/example_dags/example_display_name.py for tasks to queue
[2025-12-15T19:09:58.095+0000] {logging_mixin.py:190} INFO - [2025-12-15T19:09:58.085+0000] {dagbag.py:588} INFO - Filling up the DagBag from /home/airflow/.local/lib/python3.12/site-packages/airflow/example_dags/example_display_name.py
[2025-12-15T19:09:58.163+0000] {processor.py:925} INFO - DAG(s) 'example_display_name' retrieved from /home/airflow/.local/lib/python3.12/site-packages/airflow/example_dags/example_display_name.py
[2025-12-15T19:09:58.345+0000] {logging_mixin.py:190} INFO - [2025-12-15T19:09:58.344+0000] {dag.py:3239} INFO - Sync 1 DAGs
[2025-12-15T19:09:58.509+0000] {logging_mixin.py:190} INFO - [2025-12-15T19:09:58.509+0000] {dag.py:4180} INFO - Setting next_dagrun for example_display_name to None, run_after=None
[2025-12-15T19:09:58.666+0000] {processor.py:208} INFO - Processing /home/airflow/.local/lib/python3.12/site-packages/airflow/example_dags/example_display_name.py took 0.649 seconds
[2025-12-15T19:10:29.228+0000] {processor.py:186} INFO - Started process (PID=6929) to work on /home/airflow/.local/lib/python3.12/site-packages/airflow/example_dags/example_display_name.py
[2025-12-15T19:10:29.231+0000] {processor.py:914} INFO - Processing file /home/airflow/.local/lib/python3.12/site-packages/airflow/example_dags/example_display_name.py for tasks to queue
[2025-12-15T19:10:29.241+0000] {logging_mixin.py:190} INFO - [2025-12-15T19:10:29.240+0000] {dagbag.py:588} INFO - Filling up the DagBag from /home/airflow/.local/lib/python3.12/site-packages/airflow/example_dags/example_display_name.py
[2025-12-15T19:10:29.264+0000] {processor.py:925} INFO - DAG(s) 'example_display_name' retrieved from /home/airflow/.local/lib/python3.12/site-packages/airflow/example_dags/example_display_name.py
[2025-12-15T19:10:29.329+0000] {logging_mixin.py:190} INFO - [2025-12-15T19:10:29.329+0000] {dag.py:3239} INFO - Sync 1 DAGs
[2025-12-15T19:10:29.378+0000] {logging_mixin.py:190} INFO - [2025-12-15T19:10:29.378+0000] {dag.py:4180} INFO - Setting next_dagrun for example_display_name to None, run_after=None
[2025-12-15T19:10:29.435+0000] {processor.py:208} INFO - Processing /home/airflow/.local/lib/python3.12/site-packages/airflow/example_dags/example_display_name.py took 0.226 seconds
[2025-12-15T19:11:00.373+0000] {processor.py:186} INFO - Started process (PID=7220) to work on /home/airflow/.local/lib/python3.12/site-packages/airflow/example_dags/example_display_name.py
[2025-12-15T19:11:00.376+0000] {processor.py:914} INFO - Processing file /home/airflow/.local/lib/python3.12/site-packages/airflow/example_dags/example_display_name.py for tasks to queue
[2025-12-15T19:11:00.379+0000] {logging_mixin.py:190} INFO - [2025-12-15T19:11:00.379+0000] {dagbag.py:588} INFO - Filling up the DagBag from /home/airflow/.local/lib/python3.12/site-packages/airflow/example_dags/example_display_name.py
[2025-12-15T19:11:00.395+0000] {processor.py:925} INFO - DAG(s) 'example_display_name' retrieved from /home/airflow/.local/lib/python3.12/site-packages/airflow/example_dags/example_display_name.py
[2025-12-15T19:11:00.435+0000] {logging_mixin.py:190} INFO - [2025-12-15T19:11:00.435+0000] {dag.py:3239} INFO - Sync 1 DAGs
[2025-12-15T19:11:00.468+0000] {logging_mixin.py:190} INFO - [2025-12-15T19:11:00.468+0000] {dag.py:4180} INFO - Setting next_dagrun for example_display_name to None, run_after=None
[2025-12-15T19:11:00.507+0000] {processor.py:208} INFO - Processing /home/airflow/.local/lib/python3.12/site-packages/airflow/example_dags/example_display_name.py took 0.146 seconds
[2025-12-15T19:11:30.730+0000] {processor.py:186} INFO - Started process (PID=7511) to work on /home/airflow/.local/lib/python3.12/site-packages/airflow/example_dags/example_display_name.py
[2025-12-15T19:11:30.734+0000] {processor.py:914} INFO - Processing file /home/airflow/.local/lib/python3.12/site-packages/airflow/example_dags/example_display_name.py for tasks to queue
[2025-12-15T19:11:30.739+0000] {logging_mixin.py:190} INFO - [2025-12-15T19:11:30.738+0000] {dagbag.py:588} INFO - Filling up the DagBag from /home/airflow/.local/lib/python3.12/site-packages/airflow/example_dags/example_display_name.py
[2025-12-15T19:11:30.756+0000] {processor.py:925} INFO - DAG(s) 'example_display_name' retrieved from /home/airflow/.local/lib/python3.12/site-packages/airflow/example_dags/example_display_name.py
[2025-12-15T19:11:30.787+0000] {logging_mixin.py:190} INFO - [2025-12-15T19:11:30.786+0000] {dag.py:3239} INFO - Sync 1 DAGs
[2025-12-15T19:11:30.812+0000] {logging_mixin.py:190} INFO - [2025-12-15T19:11:30.811+0000] {dag.py:4180} INFO - Setting next_dagrun for example_display_name to None, run_after=None
[2025-12-15T19:11:30.863+0000] {processor.py:208} INFO - Processing /home/airflow/.local/lib/python3.12/site-packages/airflow/example_dags/example_display_name.py took 0.142 seconds
[2025-12-15T19:12:01.669+0000] {processor.py:186} INFO - Started process (PID=7802) to work on /home/airflow/.local/lib/python3.12/site-packages/airflow/example_dags/example_display_name.py
[2025-12-15T19:12:01.671+0000] {processor.py:914} INFO - Processing file /home/airflow/.local/lib/python3.12/site-packages/airflow/example_dags/example_display_name.py for tasks to queue
[2025-12-15T19:12:01.672+0000] {logging_mixin.py:190} INFO - [2025-12-15T19:12:01.672+0000] {dagbag.py:588} INFO - Filling up the DagBag from /home/airflow/.local/lib/python3.12/site-packages/airflow/example_dags/example_display_name.py
[2025-12-15T19:12:01.682+0000] {processor.py:925} INFO - DAG(s) 'example_display_name' retrieved from /home/airflow/.local/lib/python3.12/site-packages/airflow/example_dags/example_display_name.py
[2025-12-15T19:12:01.707+0000] {logging_mixin.py:190} INFO - [2025-12-15T19:12:01.707+0000] {dag.py:3239} INFO - Sync 1 DAGs
[2025-12-15T19:12:01.726+0000] {logging_mixin.py:190} INFO - [2025-12-15T19:12:01.726+0000] {dag.py:4180} INFO - Setting next_dagrun for example_display_name to None, run_after=None
[2025-12-15T19:12:01.753+0000] {processor.py:208} INFO - Processing /home/airflow/.local/lib/python3.12/site-packages/airflow/example_dags/example_display_name.py took 0.092 seconds
[2025-12-15T19:12:32.655+0000] {processor.py:186} INFO - Started process (PID=8093) to work on /home/airflow/.local/lib/python3.12/site-packages/airflow/example_dags/example_display_name.py
[2025-12-15T19:12:32.659+0000] {processor.py:914} INFO - Processing file /home/airflow/.local/lib/python3.12/site-packages/airflow/example_dags/example_display_name.py for tasks to queue
[2025-12-15T19:12:32.663+0000] {logging_mixin.py:190} INFO - [2025-12-15T19:12:32.662+0000] {dagbag.py:588} INFO - Filling up the DagBag from /home/airflow/.local/lib/python3.12/site-packages/airflow/example_dags/example_display_name.py
[2025-12-15T19:12:32.727+0000] {processor.py:925} INFO - DAG(s) 'example_display_name' retrieved from /home/airflow/.local/lib/python3.12/site-packages/airflow/example_dags/example_display_name.py
[2025-12-15T19:12:32.818+0000] {logging_mixin.py:190} INFO - [2025-12-15T19:12:32.817+0000] {dag.py:3239} INFO - Sync 1 DAGs
[2025-12-15T19:12:32.892+0000] {logging_mixin.py:190} INFO - [2025-12-15T19:12:32.892+0000] {dag.py:4180} INFO - Setting next_dagrun for example_display_name to None, run_after=None
[2025-12-15T19:12:32.977+0000] {processor.py:208} INFO - Processing /home/airflow/.local/lib/python3.12/site-packages/airflow/example_dags/example_display_name.py took 0.352 seconds
[2025-12-15T19:13:03.265+0000] {processor.py:186} INFO - Started process (PID=8384) to work on /home/airflow/.local/lib/python3.12/site-packages/airflow/example_dags/example_display_name.py
[2025-12-15T19:13:03.267+0000] {processor.py:914} INFO - Processing file /home/airflow/.local/lib/python3.12/site-packages/airflow/example_dags/example_display_name.py for tasks to queue
[2025-12-15T19:13:03.270+0000] {logging_mixin.py:190} INFO - [2025-12-15T19:13:03.269+0000] {dagbag.py:588} INFO - Filling up the DagBag from /home/airflow/.local/lib/python3.12/site-packages/airflow/example_dags/example_display_name.py
[2025-12-15T19:13:03.288+0000] {processor.py:925} INFO - DAG(s) 'example_display_name' retrieved from /home/airflow/.local/lib/python3.12/site-packages/airflow/example_dags/example_display_name.py
[2025-12-15T19:13:03.331+0000] {logging_mixin.py:190} INFO - [2025-12-15T19:13:03.331+0000] {dag.py:3239} INFO - Sync 1 DAGs
[2025-12-15T19:13:03.375+0000] {logging_mixin.py:190} INFO - [2025-12-15T19:13:03.374+0000] {dag.py:4180} INFO - Setting next_dagrun for example_display_name to None, run_after=None
[2025-12-15T19:13:03.418+0000] {processor.py:208} INFO - Processing /home/airflow/.local/lib/python3.12/site-packages/airflow/example_dags/example_display_name.py took 0.170 seconds
[2025-12-15T19:13:34.277+0000] {processor.py:186} INFO - Started process (PID=8675) to work on /home/airflow/.local/lib/python3.12/site-packages/airflow/example_dags/example_display_name.py
[2025-12-15T19:13:34.279+0000] {processor.py:914} INFO - Processing file /home/airflow/.local/lib/python3.12/site-packages/airflow/example_dags/example_display_name.py for tasks to queue
[2025-12-15T19:13:34.293+0000] {logging_mixin.py:190} INFO - [2025-12-15T19:13:34.292+0000] {dagbag.py:588} INFO - Filling up the DagBag from /home/airflow/.local/lib/python3.12/site-packages/airflow/example_dags/example_display_name.py
[2025-12-15T19:13:34.345+0000] {processor.py:925} INFO - DAG(s) 'example_display_name' retrieved from /home/airflow/.local/lib/python3.12/site-packages/airflow/example_dags/example_display_name.py
[2025-12-15T19:13:34.469+0000] {logging_mixin.py:190} INFO - [2025-12-15T19:13:34.468+0000] {dag.py:3239} INFO - Sync 1 DAGs
[2025-12-15T19:13:34.572+0000] {logging_mixin.py:190} INFO - [2025-12-15T19:13:34.570+0000] {dag.py:4180} INFO - Setting next_dagrun for example_display_name to None, run_after=None
[2025-12-15T19:13:34.678+0000] {processor.py:208} INFO - Processing /home/airflow/.local/lib/python3.12/site-packages/airflow/example_dags/example_display_name.py took 0.450 seconds
[2025-12-15T19:14:05.380+0000] {processor.py:186} INFO - Started process (PID=8966) to work on /home/airflow/.local/lib/python3.12/site-packages/airflow/example_dags/example_display_name.py
[2025-12-15T19:14:05.390+0000] {processor.py:914} INFO - Processing file /home/airflow/.local/lib/python3.12/site-packages/airflow/example_dags/example_display_name.py for tasks to queue
[2025-12-15T19:14:05.402+0000] {logging_mixin.py:190} INFO - [2025-12-15T19:14:05.393+0000] {dagbag.py:588} INFO - Filling up the DagBag from /home/airflow/.local/lib/python3.12/site-packages/airflow/example_dags/example_display_name.py
[2025-12-15T19:14:05.472+0000] {processor.py:925} INFO - DAG(s) 'example_display_name' retrieved from /home/airflow/.local/lib/python3.12/site-packages/airflow/example_dags/example_display_name.py
[2025-12-15T19:14:05.597+0000] {logging_mixin.py:190} INFO - [2025-12-15T19:14:05.597+0000] {dag.py:3239} INFO - Sync 1 DAGs
[2025-12-15T19:14:05.742+0000] {logging_mixin.py:190} INFO - [2025-12-15T19:14:05.741+0000] {dag.py:4180} INFO - Setting next_dagrun for example_display_name to None, run_after=None
[2025-12-15T19:14:05.912+0000] {processor.py:208} INFO - Processing /home/airflow/.local/lib/python3.12/site-packages/airflow/example_dags/example_display_name.py took 0.599 seconds
[2025-12-15T19:14:36.339+0000] {processor.py:186} INFO - Started process (PID=9257) to work on /home/airflow/.local/lib/python3.12/site-packages/airflow/example_dags/example_display_name.py
[2025-12-15T19:14:36.342+0000] {processor.py:914} INFO - Processing file /home/airflow/.local/lib/python3.12/site-packages/airflow/example_dags/example_display_name.py for tasks to queue
[2025-12-15T19:14:36.346+0000] {logging_mixin.py:190} INFO - [2025-12-15T19:14:36.345+0000] {dagbag.py:588} INFO - Filling up the DagBag from /home/airflow/.local/lib/python3.12/site-packages/airflow/example_dags/example_display_name.py
[2025-12-15T19:14:36.364+0000] {processor.py:925} INFO - DAG(s) 'example_display_name' retrieved from /home/airflow/.local/lib/python3.12/site-packages/airflow/example_dags/example_display_name.py
[2025-12-15T19:14:36.416+0000] {logging_mixin.py:190} INFO - [2025-12-15T19:14:36.416+0000] {dag.py:3239} INFO - Sync 1 DAGs
[2025-12-15T19:14:36.470+0000] {logging_mixin.py:190} INFO - [2025-12-15T19:14:36.470+0000] {dag.py:4180} INFO - Setting next_dagrun for example_display_name to None, run_after=None
[2025-12-15T19:14:36.517+0000] {processor.py:208} INFO - Processing /home/airflow/.local/lib/python3.12/site-packages/airflow/example_dags/example_display_name.py took 0.193 seconds
[2025-12-15T19:15:09.230+0000] {processor.py:186} INFO - Started process (PID=9546) to work on /home/airflow/.local/lib/python3.12/site-packages/airflow/example_dags/example_display_name.py
[2025-12-15T19:15:09.236+0000] {processor.py:914} INFO - Processing file /home/airflow/.local/lib/python3.12/site-packages/airflow/example_dags/example_display_name.py for tasks to queue
[2025-12-15T19:15:09.238+0000] {logging_mixin.py:190} INFO - [2025-12-15T19:15:09.238+0000] {dagbag.py:588} INFO - Filling up the DagBag from /home/airflow/.local/lib/python3.12/site-packages/airflow/example_dags/example_display_name.py
[2025-12-15T19:15:09.257+0000] {processor.py:925} INFO - DAG(s) 'example_display_name' retrieved from /home/airflow/.local/lib/python3.12/site-packages/airflow/example_dags/example_display_name.py
[2025-12-15T19:15:09.307+0000] {logging_mixin.py:190} INFO - [2025-12-15T19:15:09.307+0000] {dag.py:3239} INFO - Sync 1 DAGs
[2025-12-15T19:15:09.342+0000] {logging_mixin.py:190} INFO - [2025-12-15T19:15:09.342+0000] {dag.py:4180} INFO - Setting next_dagrun for example_display_name to None, run_after=None
[2025-12-15T19:15:09.388+0000] {processor.py:208} INFO - Processing /home/airflow/.local/lib/python3.12/site-packages/airflow/example_dags/example_display_name.py took 0.170 seconds
[2025-12-15T19:15:40.691+0000] {processor.py:186} INFO - Started process (PID=9819) to work on /home/airflow/.local/lib/python3.12/site-packages/airflow/example_dags/example_display_name.py
[2025-12-15T19:15:40.721+0000] {processor.py:914} INFO - Processing file /home/airflow/.local/lib/python3.12/site-packages/airflow/example_dags/example_display_name.py for tasks to queue
[2025-12-15T19:15:40.724+0000] {logging_mixin.py:190} INFO - [2025-12-15T19:15:40.723+0000] {dagbag.py:588} INFO - Filling up the DagBag from /home/airflow/.local/lib/python3.12/site-packages/airflow/example_dags/example_display_name.py
[2025-12-15T19:15:40.739+0000] {processor.py:925} INFO - DAG(s) 'example_display_name' retrieved from /home/airflow/.local/lib/python3.12/site-packages/airflow/example_dags/example_display_name.py
[2025-12-15T19:15:40.785+0000] {logging_mixin.py:190} INFO - [2025-12-15T19:15:40.785+0000] {dag.py:3239} INFO - Sync 1 DAGs
[2025-12-15T19:15:40.815+0000] {logging_mixin.py:190} INFO - [2025-12-15T19:15:40.815+0000] {dag.py:4180} INFO - Setting next_dagrun for example_display_name to None, run_after=None
[2025-12-15T19:15:40.853+0000] {processor.py:208} INFO - Processing /home/airflow/.local/lib/python3.12/site-packages/airflow/example_dags/example_display_name.py took 0.178 seconds
[2025-12-15T19:16:13.031+0000] {processor.py:186} INFO - Started process (PID=10110) to work on /home/airflow/.local/lib/python3.12/site-packages/airflow/example_dags/example_display_name.py
[2025-12-15T19:16:13.034+0000] {processor.py:914} INFO - Processing file /home/airflow/.local/lib/python3.12/site-packages/airflow/example_dags/example_display_name.py for tasks to queue
[2025-12-15T19:16:13.037+0000] {logging_mixin.py:190} INFO - [2025-12-15T19:16:13.036+0000] {dagbag.py:588} INFO - Filling up the DagBag from /home/airflow/.local/lib/python3.12/site-packages/airflow/example_dags/example_display_name.py
[2025-12-15T19:16:13.050+0000] {processor.py:925} INFO - DAG(s) 'example_display_name' retrieved from /home/airflow/.local/lib/python3.12/site-packages/airflow/example_dags/example_display_name.py
[2025-12-15T19:16:13.084+0000] {logging_mixin.py:190} INFO - [2025-12-15T19:16:13.084+0000] {dag.py:3239} INFO - Sync 1 DAGs
[2025-12-15T19:16:13.110+0000] {logging_mixin.py:190} INFO - [2025-12-15T19:16:13.110+0000] {dag.py:4180} INFO - Setting next_dagrun for example_display_name to None, run_after=None
[2025-12-15T19:16:13.172+0000] {processor.py:208} INFO - Processing /home/airflow/.local/lib/python3.12/site-packages/airflow/example_dags/example_display_name.py took 0.150 seconds
[2025-12-15T19:16:45.494+0000] {processor.py:186} INFO - Started process (PID=10379) to work on /home/airflow/.local/lib/python3.12/site-packages/airflow/example_dags/example_display_name.py
[2025-12-15T19:16:45.504+0000] {processor.py:914} INFO - Processing file /home/airflow/.local/lib/python3.12/site-packages/airflow/example_dags/example_display_name.py for tasks to queue
[2025-12-15T19:16:45.508+0000] {logging_mixin.py:190} INFO - [2025-12-15T19:16:45.507+0000] {dagbag.py:588} INFO - Filling up the DagBag from /home/airflow/.local/lib/python3.12/site-packages/airflow/example_dags/example_display_name.py
[2025-12-15T19:16:45.566+0000] {processor.py:925} INFO - DAG(s) 'example_display_name' retrieved from /home/airflow/.local/lib/python3.12/site-packages/airflow/example_dags/example_display_name.py
[2025-12-15T19:16:45.666+0000] {logging_mixin.py:190} INFO - [2025-12-15T19:16:45.664+0000] {dag.py:3239} INFO - Sync 1 DAGs
[2025-12-15T19:16:45.732+0000] {logging_mixin.py:190} INFO - [2025-12-15T19:16:45.731+0000] {dag.py:4180} INFO - Setting next_dagrun for example_display_name to None, run_after=None
[2025-12-15T19:16:45.786+0000] {processor.py:208} INFO - Processing /home/airflow/.local/lib/python3.12/site-packages/airflow/example_dags/example_display_name.py took 0.329 seconds
[2025-12-15T19:17:23.255+0000] {processor.py:186} INFO - Started process (PID=10645) to work on /home/airflow/.local/lib/python3.12/site-packages/airflow/example_dags/example_display_name.py
[2025-12-15T19:17:23.259+0000] {processor.py:914} INFO - Processing file /home/airflow/.local/lib/python3.12/site-packages/airflow/example_dags/example_display_name.py for tasks to queue
[2025-12-15T19:17:23.262+0000] {logging_mixin.py:190} INFO - [2025-12-15T19:17:23.261+0000] {dagbag.py:588} INFO - Filling up the DagBag from /home/airflow/.local/lib/python3.12/site-packages/airflow/example_dags/example_display_name.py
[2025-12-15T19:17:23.302+0000] {processor.py:925} INFO - DAG(s) 'example_display_name' retrieved from /home/airflow/.local/lib/python3.12/site-packages/airflow/example_dags/example_display_name.py
[2025-12-15T19:17:23.390+0000] {logging_mixin.py:190} INFO - [2025-12-15T19:17:23.382+0000] {dag.py:3239} INFO - Sync 1 DAGs
[2025-12-15T19:17:23.458+0000] {logging_mixin.py:190} INFO - [2025-12-15T19:17:23.458+0000] {dag.py:4180} INFO - Setting next_dagrun for example_display_name to None, run_after=None
[2025-12-15T19:17:23.518+0000] {processor.py:208} INFO - Processing /home/airflow/.local/lib/python3.12/site-packages/airflow/example_dags/example_display_name.py took 0.289 seconds
[2025-12-15T19:17:54.102+0000] {processor.py:186} INFO - Started process (PID=10940) to work on /home/airflow/.local/lib/python3.12/site-packages/airflow/example_dags/example_display_name.py
[2025-12-15T19:17:54.104+0000] {processor.py:914} INFO - Processing file /home/airflow/.local/lib/python3.12/site-packages/airflow/example_dags/example_display_name.py for tasks to queue
[2025-12-15T19:17:54.106+0000] {logging_mixin.py:190} INFO - [2025-12-15T19:17:54.105+0000] {dagbag.py:588} INFO - Filling up the DagBag from /home/airflow/.local/lib/python3.12/site-packages/airflow/example_dags/example_display_name.py
[2025-12-15T19:17:54.124+0000] {processor.py:925} INFO - DAG(s) 'example_display_name' retrieved from /home/airflow/.local/lib/python3.12/site-packages/airflow/example_dags/example_display_name.py
[2025-12-15T19:17:54.174+0000] {logging_mixin.py:190} INFO - [2025-12-15T19:17:54.173+0000] {dag.py:3239} INFO - Sync 1 DAGs
[2025-12-15T19:17:54.208+0000] {logging_mixin.py:190} INFO - [2025-12-15T19:17:54.208+0000] {dag.py:4180} INFO - Setting next_dagrun for example_display_name to None, run_after=None
[2025-12-15T19:17:54.254+0000] {processor.py:208} INFO - Processing /home/airflow/.local/lib/python3.12/site-packages/airflow/example_dags/example_display_name.py took 0.165 seconds
[2025-12-15T19:18:25.314+0000] {processor.py:186} INFO - Started process (PID=11231) to work on /home/airflow/.local/lib/python3.12/site-packages/airflow/example_dags/example_display_name.py
[2025-12-15T19:18:25.317+0000] {processor.py:914} INFO - Processing file /home/airflow/.local/lib/python3.12/site-packages/airflow/example_dags/example_display_name.py for tasks to queue
[2025-12-15T19:18:25.320+0000] {logging_mixin.py:190} INFO - [2025-12-15T19:18:25.319+0000] {dagbag.py:588} INFO - Filling up the DagBag from /home/airflow/.local/lib/python3.12/site-packages/airflow/example_dags/example_display_name.py
[2025-12-15T19:18:25.366+0000] {processor.py:925} INFO - DAG(s) 'example_display_name' retrieved from /home/airflow/.local/lib/python3.12/site-packages/airflow/example_dags/example_display_name.py
[2025-12-15T19:18:25.498+0000] {logging_mixin.py:190} INFO - [2025-12-15T19:18:25.497+0000] {dag.py:3239} INFO - Sync 1 DAGs
[2025-12-15T19:18:25.645+0000] {logging_mixin.py:190} INFO - [2025-12-15T19:18:25.644+0000] {dag.py:4180} INFO - Setting next_dagrun for example_display_name to None, run_after=None
[2025-12-15T19:18:25.792+0000] {processor.py:208} INFO - Processing /home/airflow/.local/lib/python3.12/site-packages/airflow/example_dags/example_display_name.py took 0.503 seconds
[2025-12-15T19:18:56.348+0000] {processor.py:186} INFO - Started process (PID=11515) to work on /home/airflow/.local/lib/python3.12/site-packages/airflow/example_dags/example_display_name.py
[2025-12-15T19:18:56.360+0000] {processor.py:914} INFO - Processing file /home/airflow/.local/lib/python3.12/site-packages/airflow/example_dags/example_display_name.py for tasks to queue
[2025-12-15T19:18:56.367+0000] {logging_mixin.py:190} INFO - [2025-12-15T19:18:56.364+0000] {dagbag.py:588} INFO - Filling up the DagBag from /home/airflow/.local/lib/python3.12/site-packages/airflow/example_dags/example_display_name.py
[2025-12-15T19:18:56.414+0000] {processor.py:925} INFO - DAG(s) 'example_display_name' retrieved from /home/airflow/.local/lib/python3.12/site-packages/airflow/example_dags/example_display_name.py
[2025-12-15T19:18:56.515+0000] {logging_mixin.py:190} INFO - [2025-12-15T19:18:56.514+0000] {dag.py:3239} INFO - Sync 1 DAGs
[2025-12-15T19:18:56.578+0000] {logging_mixin.py:190} INFO - [2025-12-15T19:18:56.577+0000] {dag.py:4180} INFO - Setting next_dagrun for example_display_name to None, run_after=None
[2025-12-15T19:18:56.654+0000] {processor.py:208} INFO - Processing /home/airflow/.local/lib/python3.12/site-packages/airflow/example_dags/example_display_name.py took 0.318 seconds
