[2025-12-15T18:56:33.809+0000] {processor.py:186} INFO - Started process (PID=466) to work on /home/airflow/.local/lib/python3.12/site-packages/airflow/example_dags/example_nested_branch_dag.py
[2025-12-15T18:56:33.820+0000] {processor.py:914} INFO - Processing file /home/airflow/.local/lib/python3.12/site-packages/airflow/example_dags/example_nested_branch_dag.py for tasks to queue
[2025-12-15T18:56:33.838+0000] {logging_mixin.py:190} INFO - [2025-12-15T18:56:33.837+0000] {dagbag.py:588} INFO - Filling up the DagBag from /home/airflow/.local/lib/python3.12/site-packages/airflow/example_dags/example_nested_branch_dag.py
[2025-12-15T18:56:33.916+0000] {processor.py:925} INFO - DAG(s) 'example_nested_branch_dag' retrieved from /home/airflow/.local/lib/python3.12/site-packages/airflow/example_dags/example_nested_branch_dag.py
[2025-12-15T18:56:34.269+0000] {logging_mixin.py:190} INFO - [2025-12-15T18:56:34.267+0000] {override.py:1911} INFO - Created Permission View: can read on DAG:example_nested_branch_dag
[2025-12-15T18:56:34.297+0000] {logging_mixin.py:190} INFO - [2025-12-15T18:56:34.296+0000] {override.py:1911} INFO - Created Permission View: can edit on DAG:example_nested_branch_dag
[2025-12-15T18:56:34.313+0000] {logging_mixin.py:190} INFO - [2025-12-15T18:56:34.312+0000] {override.py:1911} INFO - Created Permission View: can delete on DAG:example_nested_branch_dag
[2025-12-15T18:56:34.330+0000] {logging_mixin.py:190} INFO - [2025-12-15T18:56:34.330+0000] {override.py:1911} INFO - Created Permission View: can read on DAG Run:example_nested_branch_dag
[2025-12-15T18:56:34.346+0000] {logging_mixin.py:190} INFO - [2025-12-15T18:56:34.346+0000] {override.py:1911} INFO - Created Permission View: menu access on DAG Run:example_nested_branch_dag
[2025-12-15T18:56:34.362+0000] {logging_mixin.py:190} INFO - [2025-12-15T18:56:34.361+0000] {override.py:1911} INFO - Created Permission View: can create on DAG Run:example_nested_branch_dag
[2025-12-15T18:56:34.379+0000] {logging_mixin.py:190} INFO - [2025-12-15T18:56:34.378+0000] {override.py:1911} INFO - Created Permission View: can delete on DAG Run:example_nested_branch_dag
[2025-12-15T18:56:34.382+0000] {logging_mixin.py:190} INFO - [2025-12-15T18:56:34.380+0000] {dag.py:3239} INFO - Sync 1 DAGs
[2025-12-15T18:56:34.415+0000] {logging_mixin.py:190} INFO - [2025-12-15T18:56:34.411+0000] {dag.py:3262} INFO - Creating ORM DAG for example_nested_branch_dag
[2025-12-15T18:56:34.437+0000] {logging_mixin.py:190} INFO - [2025-12-15T18:56:34.437+0000] {dag.py:4180} INFO - Setting next_dagrun for example_nested_branch_dag to 2025-12-14 00:00:00+00:00, run_after=2025-12-15 00:00:00+00:00
[2025-12-15T18:56:34.475+0000] {processor.py:208} INFO - Processing /home/airflow/.local/lib/python3.12/site-packages/airflow/example_dags/example_nested_branch_dag.py took 0.714 seconds
[2025-12-15T18:55:20.336+0000] {processor.py:186} INFO - Started process (PID=762) to work on /home/airflow/.local/lib/python3.12/site-packages/airflow/example_dags/example_nested_branch_dag.py
[2025-12-15T18:55:20.338+0000] {processor.py:914} INFO - Processing file /home/airflow/.local/lib/python3.12/site-packages/airflow/example_dags/example_nested_branch_dag.py for tasks to queue
[2025-12-15T18:55:20.345+0000] {logging_mixin.py:190} INFO - [2025-12-15T18:55:20.344+0000] {dagbag.py:588} INFO - Filling up the DagBag from /home/airflow/.local/lib/python3.12/site-packages/airflow/example_dags/example_nested_branch_dag.py
[2025-12-15T18:55:20.377+0000] {processor.py:925} INFO - DAG(s) 'example_nested_branch_dag' retrieved from /home/airflow/.local/lib/python3.12/site-packages/airflow/example_dags/example_nested_branch_dag.py
[2025-12-15T18:55:20.414+0000] {logging_mixin.py:190} INFO - [2025-12-15T18:55:20.414+0000] {dag.py:3239} INFO - Sync 1 DAGs
[2025-12-15T18:57:06.633+0000] {logging_mixin.py:190} INFO - [2025-12-15T18:57:06.633+0000] {dag.py:4180} INFO - Setting next_dagrun for example_nested_branch_dag to 2025-12-14 00:00:00+00:00, run_after=2025-12-15 00:00:00+00:00
[2025-12-15T18:57:06.693+0000] {processor.py:208} INFO - Processing /home/airflow/.local/lib/python3.12/site-packages/airflow/example_dags/example_nested_branch_dag.py took 0.218 seconds
[2025-12-15T18:57:43.885+0000] {processor.py:186} INFO - Started process (PID=1064) to work on /home/airflow/.local/lib/python3.12/site-packages/airflow/example_dags/example_nested_branch_dag.py
[2025-12-15T18:57:43.887+0000] {processor.py:914} INFO - Processing file /home/airflow/.local/lib/python3.12/site-packages/airflow/example_dags/example_nested_branch_dag.py for tasks to queue
[2025-12-15T18:57:43.890+0000] {logging_mixin.py:190} INFO - [2025-12-15T18:57:43.890+0000] {dagbag.py:588} INFO - Filling up the DagBag from /home/airflow/.local/lib/python3.12/site-packages/airflow/example_dags/example_nested_branch_dag.py
[2025-12-15T18:57:43.915+0000] {processor.py:925} INFO - DAG(s) 'example_nested_branch_dag' retrieved from /home/airflow/.local/lib/python3.12/site-packages/airflow/example_dags/example_nested_branch_dag.py
[2025-12-15T18:57:43.958+0000] {logging_mixin.py:190} INFO - [2025-12-15T18:57:43.957+0000] {dag.py:3239} INFO - Sync 1 DAGs
[2025-12-15T18:57:44.007+0000] {logging_mixin.py:190} INFO - [2025-12-15T18:57:44.007+0000] {dag.py:4180} INFO - Setting next_dagrun for example_nested_branch_dag to 2025-12-14 00:00:00+00:00, run_after=2025-12-15 00:00:00+00:00
[2025-12-15T18:57:44.143+0000] {processor.py:208} INFO - Processing /home/airflow/.local/lib/python3.12/site-packages/airflow/example_dags/example_nested_branch_dag.py took 0.267 seconds
[2025-12-15T18:58:20.332+0000] {processor.py:186} INFO - Started process (PID=1361) to work on /home/airflow/.local/lib/python3.12/site-packages/airflow/example_dags/example_nested_branch_dag.py
[2025-12-15T18:58:20.349+0000] {processor.py:914} INFO - Processing file /home/airflow/.local/lib/python3.12/site-packages/airflow/example_dags/example_nested_branch_dag.py for tasks to queue
[2025-12-15T18:58:20.379+0000] {logging_mixin.py:190} INFO - [2025-12-15T18:58:20.378+0000] {dagbag.py:588} INFO - Filling up the DagBag from /home/airflow/.local/lib/python3.12/site-packages/airflow/example_dags/example_nested_branch_dag.py
[2025-12-15T18:58:20.557+0000] {processor.py:925} INFO - DAG(s) 'example_nested_branch_dag' retrieved from /home/airflow/.local/lib/python3.12/site-packages/airflow/example_dags/example_nested_branch_dag.py
[2025-12-15T18:58:21.574+0000] {logging_mixin.py:190} INFO - [2025-12-15T18:58:21.574+0000] {dag.py:3239} INFO - Sync 1 DAGs
[2025-12-15T18:58:21.726+0000] {logging_mixin.py:190} INFO - [2025-12-15T18:58:21.725+0000] {dag.py:4180} INFO - Setting next_dagrun for example_nested_branch_dag to 2025-12-14 00:00:00+00:00, run_after=2025-12-15 00:00:00+00:00
[2025-12-15T18:58:21.859+0000] {processor.py:208} INFO - Processing /home/airflow/.local/lib/python3.12/site-packages/airflow/example_dags/example_nested_branch_dag.py took 1.758 seconds
[2025-12-15T18:58:52.808+0000] {processor.py:186} INFO - Started process (PID=1647) to work on /home/airflow/.local/lib/python3.12/site-packages/airflow/example_dags/example_nested_branch_dag.py
[2025-12-15T18:58:52.810+0000] {processor.py:914} INFO - Processing file /home/airflow/.local/lib/python3.12/site-packages/airflow/example_dags/example_nested_branch_dag.py for tasks to queue
[2025-12-15T18:58:52.815+0000] {logging_mixin.py:190} INFO - [2025-12-15T18:58:52.814+0000] {dagbag.py:588} INFO - Filling up the DagBag from /home/airflow/.local/lib/python3.12/site-packages/airflow/example_dags/example_nested_branch_dag.py
[2025-12-15T18:58:52.836+0000] {processor.py:925} INFO - DAG(s) 'example_nested_branch_dag' retrieved from /home/airflow/.local/lib/python3.12/site-packages/airflow/example_dags/example_nested_branch_dag.py
[2025-12-15T18:58:52.877+0000] {logging_mixin.py:190} INFO - [2025-12-15T18:58:52.877+0000] {dag.py:3239} INFO - Sync 1 DAGs
[2025-12-15T18:58:52.921+0000] {logging_mixin.py:190} INFO - [2025-12-15T18:58:52.921+0000] {dag.py:4180} INFO - Setting next_dagrun for example_nested_branch_dag to 2025-12-14 00:00:00+00:00, run_after=2025-12-15 00:00:00+00:00
[2025-12-15T18:58:52.952+0000] {processor.py:208} INFO - Processing /home/airflow/.local/lib/python3.12/site-packages/airflow/example_dags/example_nested_branch_dag.py took 0.155 seconds
[2025-12-15T19:00:06.633+0000] {processor.py:186} INFO - Started process (PID=2052) to work on /home/airflow/.local/lib/python3.12/site-packages/airflow/example_dags/example_nested_branch_dag.py
[2025-12-15T19:00:06.685+0000] {processor.py:914} INFO - Processing file /home/airflow/.local/lib/python3.12/site-packages/airflow/example_dags/example_nested_branch_dag.py for tasks to queue
[2025-12-15T19:00:06.822+0000] {logging_mixin.py:190} INFO - [2025-12-15T19:00:06.802+0000] {dagbag.py:588} INFO - Filling up the DagBag from /home/airflow/.local/lib/python3.12/site-packages/airflow/example_dags/example_nested_branch_dag.py
[2025-12-15T19:00:10.314+0000] {processor.py:925} INFO - DAG(s) 'example_nested_branch_dag' retrieved from /home/airflow/.local/lib/python3.12/site-packages/airflow/example_dags/example_nested_branch_dag.py
[2025-12-15T19:00:10.553+0000] {logging_mixin.py:190} INFO - [2025-12-15T19:00:10.552+0000] {dag.py:3239} INFO - Sync 1 DAGs
[2025-12-15T19:00:10.977+0000] {logging_mixin.py:190} INFO - [2025-12-15T19:00:10.976+0000] {dag.py:4180} INFO - Setting next_dagrun for example_nested_branch_dag to 2025-12-14 00:00:00+00:00, run_after=2025-12-15 00:00:00+00:00
[2025-12-15T19:00:11.160+0000] {processor.py:208} INFO - Processing /home/airflow/.local/lib/python3.12/site-packages/airflow/example_dags/example_nested_branch_dag.py took 4.659 seconds
[2025-12-15T19:01:58.310+0000] {processor.py:186} INFO - Started process (PID=2375) to work on /home/airflow/.local/lib/python3.12/site-packages/airflow/example_dags/example_nested_branch_dag.py
[2025-12-15T19:01:58.312+0000] {processor.py:914} INFO - Processing file /home/airflow/.local/lib/python3.12/site-packages/airflow/example_dags/example_nested_branch_dag.py for tasks to queue
[2025-12-15T19:01:58.316+0000] {logging_mixin.py:190} INFO - [2025-12-15T19:01:58.315+0000] {dagbag.py:588} INFO - Filling up the DagBag from /home/airflow/.local/lib/python3.12/site-packages/airflow/example_dags/example_nested_branch_dag.py
[2025-12-15T19:01:58.356+0000] {processor.py:925} INFO - DAG(s) 'example_nested_branch_dag' retrieved from /home/airflow/.local/lib/python3.12/site-packages/airflow/example_dags/example_nested_branch_dag.py
[2025-12-15T19:01:58.406+0000] {logging_mixin.py:190} INFO - [2025-12-15T19:01:58.406+0000] {dag.py:3239} INFO - Sync 1 DAGs
[2025-12-15T19:01:58.468+0000] {logging_mixin.py:190} INFO - [2025-12-15T19:01:58.467+0000] {dag.py:4180} INFO - Setting next_dagrun for example_nested_branch_dag to 2025-12-14 00:00:00+00:00, run_after=2025-12-15 00:00:00+00:00
[2025-12-15T19:01:58.509+0000] {processor.py:208} INFO - Processing /home/airflow/.local/lib/python3.12/site-packages/airflow/example_dags/example_nested_branch_dag.py took 0.215 seconds
[2025-12-15T19:02:33.867+0000] {processor.py:186} INFO - Started process (PID=2753) to work on /home/airflow/.local/lib/python3.12/site-packages/airflow/example_dags/example_nested_branch_dag.py
[2025-12-15T19:02:33.869+0000] {processor.py:914} INFO - Processing file /home/airflow/.local/lib/python3.12/site-packages/airflow/example_dags/example_nested_branch_dag.py for tasks to queue
[2025-12-15T19:02:33.874+0000] {logging_mixin.py:190} INFO - [2025-12-15T19:02:33.874+0000] {dagbag.py:588} INFO - Filling up the DagBag from /home/airflow/.local/lib/python3.12/site-packages/airflow/example_dags/example_nested_branch_dag.py
[2025-12-15T19:02:33.898+0000] {processor.py:925} INFO - DAG(s) 'example_nested_branch_dag' retrieved from /home/airflow/.local/lib/python3.12/site-packages/airflow/example_dags/example_nested_branch_dag.py
[2025-12-15T19:02:33.950+0000] {logging_mixin.py:190} INFO - [2025-12-15T19:02:33.949+0000] {dag.py:3239} INFO - Sync 1 DAGs
[2025-12-15T19:02:34.005+0000] {logging_mixin.py:190} INFO - [2025-12-15T19:02:34.004+0000] {dag.py:4180} INFO - Setting next_dagrun for example_nested_branch_dag to 2025-12-14 00:00:00+00:00, run_after=2025-12-15 00:00:00+00:00
[2025-12-15T19:02:34.047+0000] {processor.py:208} INFO - Processing /home/airflow/.local/lib/python3.12/site-packages/airflow/example_dags/example_nested_branch_dag.py took 0.197 seconds
[2025-12-15T19:03:08.487+0000] {processor.py:186} INFO - Started process (PID=3062) to work on /home/airflow/.local/lib/python3.12/site-packages/airflow/example_dags/example_nested_branch_dag.py
[2025-12-15T19:03:08.490+0000] {processor.py:914} INFO - Processing file /home/airflow/.local/lib/python3.12/site-packages/airflow/example_dags/example_nested_branch_dag.py for tasks to queue
[2025-12-15T19:03:08.496+0000] {logging_mixin.py:190} INFO - [2025-12-15T19:03:08.495+0000] {dagbag.py:588} INFO - Filling up the DagBag from /home/airflow/.local/lib/python3.12/site-packages/airflow/example_dags/example_nested_branch_dag.py
[2025-12-15T19:03:08.528+0000] {processor.py:925} INFO - DAG(s) 'example_nested_branch_dag' retrieved from /home/airflow/.local/lib/python3.12/site-packages/airflow/example_dags/example_nested_branch_dag.py
[2025-12-15T19:03:08.574+0000] {logging_mixin.py:190} INFO - [2025-12-15T19:03:08.574+0000] {dag.py:3239} INFO - Sync 1 DAGs
[2025-12-15T19:03:08.628+0000] {logging_mixin.py:190} INFO - [2025-12-15T19:03:08.627+0000] {dag.py:4180} INFO - Setting next_dagrun for example_nested_branch_dag to 2025-12-14 00:00:00+00:00, run_after=2025-12-15 00:00:00+00:00
[2025-12-15T19:03:08.672+0000] {processor.py:208} INFO - Processing /home/airflow/.local/lib/python3.12/site-packages/airflow/example_dags/example_nested_branch_dag.py took 0.197 seconds
[2025-12-15T19:03:41.546+0000] {processor.py:186} INFO - Started process (PID=3353) to work on /home/airflow/.local/lib/python3.12/site-packages/airflow/example_dags/example_nested_branch_dag.py
[2025-12-15T19:03:41.934+0000] {processor.py:914} INFO - Processing file /home/airflow/.local/lib/python3.12/site-packages/airflow/example_dags/example_nested_branch_dag.py for tasks to queue
[2025-12-15T19:03:41.942+0000] {logging_mixin.py:190} INFO - [2025-12-15T19:03:41.941+0000] {dagbag.py:588} INFO - Filling up the DagBag from /home/airflow/.local/lib/python3.12/site-packages/airflow/example_dags/example_nested_branch_dag.py
[2025-12-15T19:03:41.970+0000] {processor.py:925} INFO - DAG(s) 'example_nested_branch_dag' retrieved from /home/airflow/.local/lib/python3.12/site-packages/airflow/example_dags/example_nested_branch_dag.py
[2025-12-15T19:03:42.050+0000] {logging_mixin.py:190} INFO - [2025-12-15T19:03:42.050+0000] {dag.py:3239} INFO - Sync 1 DAGs
[2025-12-15T19:03:42.099+0000] {logging_mixin.py:190} INFO - [2025-12-15T19:03:42.098+0000] {dag.py:4180} INFO - Setting next_dagrun for example_nested_branch_dag to 2025-12-14 00:00:00+00:00, run_after=2025-12-15 00:00:00+00:00
[2025-12-15T19:03:42.316+0000] {processor.py:208} INFO - Processing /home/airflow/.local/lib/python3.12/site-packages/airflow/example_dags/example_nested_branch_dag.py took 0.782 seconds
[2025-12-15T19:04:12.790+0000] {processor.py:186} INFO - Started process (PID=3646) to work on /home/airflow/.local/lib/python3.12/site-packages/airflow/example_dags/example_nested_branch_dag.py
[2025-12-15T19:04:12.795+0000] {processor.py:914} INFO - Processing file /home/airflow/.local/lib/python3.12/site-packages/airflow/example_dags/example_nested_branch_dag.py for tasks to queue
[2025-12-15T19:04:12.798+0000] {logging_mixin.py:190} INFO - [2025-12-15T19:04:12.798+0000] {dagbag.py:588} INFO - Filling up the DagBag from /home/airflow/.local/lib/python3.12/site-packages/airflow/example_dags/example_nested_branch_dag.py
[2025-12-15T19:04:12.820+0000] {processor.py:925} INFO - DAG(s) 'example_nested_branch_dag' retrieved from /home/airflow/.local/lib/python3.12/site-packages/airflow/example_dags/example_nested_branch_dag.py
[2025-12-15T19:04:12.858+0000] {logging_mixin.py:190} INFO - [2025-12-15T19:04:12.857+0000] {dag.py:3239} INFO - Sync 1 DAGs
[2025-12-15T19:04:12.897+0000] {logging_mixin.py:190} INFO - [2025-12-15T19:04:12.897+0000] {dag.py:4180} INFO - Setting next_dagrun for example_nested_branch_dag to 2025-12-14 00:00:00+00:00, run_after=2025-12-15 00:00:00+00:00
[2025-12-15T19:04:12.929+0000] {processor.py:208} INFO - Processing /home/airflow/.local/lib/python3.12/site-packages/airflow/example_dags/example_nested_branch_dag.py took 0.151 seconds
[2025-12-15T19:04:46.010+0000] {processor.py:186} INFO - Started process (PID=3935) to work on /home/airflow/.local/lib/python3.12/site-packages/airflow/example_dags/example_nested_branch_dag.py
[2025-12-15T19:04:46.012+0000] {processor.py:914} INFO - Processing file /home/airflow/.local/lib/python3.12/site-packages/airflow/example_dags/example_nested_branch_dag.py for tasks to queue
[2025-12-15T19:04:46.016+0000] {logging_mixin.py:190} INFO - [2025-12-15T19:04:46.016+0000] {dagbag.py:588} INFO - Filling up the DagBag from /home/airflow/.local/lib/python3.12/site-packages/airflow/example_dags/example_nested_branch_dag.py
[2025-12-15T19:04:46.037+0000] {processor.py:925} INFO - DAG(s) 'example_nested_branch_dag' retrieved from /home/airflow/.local/lib/python3.12/site-packages/airflow/example_dags/example_nested_branch_dag.py
[2025-12-15T19:04:46.068+0000] {logging_mixin.py:190} INFO - [2025-12-15T19:04:46.067+0000] {dag.py:3239} INFO - Sync 1 DAGs
[2025-12-15T19:04:46.105+0000] {logging_mixin.py:190} INFO - [2025-12-15T19:04:46.105+0000] {dag.py:4180} INFO - Setting next_dagrun for example_nested_branch_dag to 2025-12-14 00:00:00+00:00, run_after=2025-12-15 00:00:00+00:00
[2025-12-15T19:04:46.147+0000] {processor.py:208} INFO - Processing /home/airflow/.local/lib/python3.12/site-packages/airflow/example_dags/example_nested_branch_dag.py took 0.147 seconds
[2025-12-15T19:05:18.579+0000] {processor.py:186} INFO - Started process (PID=4228) to work on /home/airflow/.local/lib/python3.12/site-packages/airflow/example_dags/example_nested_branch_dag.py
[2025-12-15T19:05:18.581+0000] {processor.py:914} INFO - Processing file /home/airflow/.local/lib/python3.12/site-packages/airflow/example_dags/example_nested_branch_dag.py for tasks to queue
[2025-12-15T19:05:18.586+0000] {logging_mixin.py:190} INFO - [2025-12-15T19:05:18.586+0000] {dagbag.py:588} INFO - Filling up the DagBag from /home/airflow/.local/lib/python3.12/site-packages/airflow/example_dags/example_nested_branch_dag.py
[2025-12-15T19:05:18.611+0000] {processor.py:925} INFO - DAG(s) 'example_nested_branch_dag' retrieved from /home/airflow/.local/lib/python3.12/site-packages/airflow/example_dags/example_nested_branch_dag.py
[2025-12-15T19:05:18.654+0000] {logging_mixin.py:190} INFO - [2025-12-15T19:05:18.653+0000] {dag.py:3239} INFO - Sync 1 DAGs
[2025-12-15T19:05:18.699+0000] {logging_mixin.py:190} INFO - [2025-12-15T19:05:18.699+0000] {dag.py:4180} INFO - Setting next_dagrun for example_nested_branch_dag to 2025-12-14 00:00:00+00:00, run_after=2025-12-15 00:00:00+00:00
[2025-12-15T19:05:18.740+0000] {processor.py:208} INFO - Processing /home/airflow/.local/lib/python3.12/site-packages/airflow/example_dags/example_nested_branch_dag.py took 0.170 seconds
[2025-12-15T19:05:49.619+0000] {processor.py:186} INFO - Started process (PID=4519) to work on /home/airflow/.local/lib/python3.12/site-packages/airflow/example_dags/example_nested_branch_dag.py
[2025-12-15T19:05:49.621+0000] {processor.py:914} INFO - Processing file /home/airflow/.local/lib/python3.12/site-packages/airflow/example_dags/example_nested_branch_dag.py for tasks to queue
[2025-12-15T19:05:49.624+0000] {logging_mixin.py:190} INFO - [2025-12-15T19:05:49.623+0000] {dagbag.py:588} INFO - Filling up the DagBag from /home/airflow/.local/lib/python3.12/site-packages/airflow/example_dags/example_nested_branch_dag.py
[2025-12-15T19:05:49.640+0000] {processor.py:925} INFO - DAG(s) 'example_nested_branch_dag' retrieved from /home/airflow/.local/lib/python3.12/site-packages/airflow/example_dags/example_nested_branch_dag.py
[2025-12-15T19:05:49.676+0000] {logging_mixin.py:190} INFO - [2025-12-15T19:05:49.676+0000] {dag.py:3239} INFO - Sync 1 DAGs
[2025-12-15T19:05:49.712+0000] {logging_mixin.py:190} INFO - [2025-12-15T19:05:49.712+0000] {dag.py:4180} INFO - Setting next_dagrun for example_nested_branch_dag to 2025-12-14 00:00:00+00:00, run_after=2025-12-15 00:00:00+00:00
[2025-12-15T19:05:49.740+0000] {processor.py:208} INFO - Processing /home/airflow/.local/lib/python3.12/site-packages/airflow/example_dags/example_nested_branch_dag.py took 0.131 seconds
[2025-12-15T19:06:23.729+0000] {processor.py:186} INFO - Started process (PID=4808) to work on /home/airflow/.local/lib/python3.12/site-packages/airflow/example_dags/example_nested_branch_dag.py
[2025-12-15T19:06:23.730+0000] {processor.py:914} INFO - Processing file /home/airflow/.local/lib/python3.12/site-packages/airflow/example_dags/example_nested_branch_dag.py for tasks to queue
[2025-12-15T19:06:23.736+0000] {logging_mixin.py:190} INFO - [2025-12-15T19:06:23.734+0000] {dagbag.py:588} INFO - Filling up the DagBag from /home/airflow/.local/lib/python3.12/site-packages/airflow/example_dags/example_nested_branch_dag.py
[2025-12-15T19:06:23.764+0000] {processor.py:925} INFO - DAG(s) 'example_nested_branch_dag' retrieved from /home/airflow/.local/lib/python3.12/site-packages/airflow/example_dags/example_nested_branch_dag.py
[2025-12-15T19:06:23.802+0000] {logging_mixin.py:190} INFO - [2025-12-15T19:06:23.802+0000] {dag.py:3239} INFO - Sync 1 DAGs
[2025-12-15T19:06:23.847+0000] {logging_mixin.py:190} INFO - [2025-12-15T19:06:23.846+0000] {dag.py:4180} INFO - Setting next_dagrun for example_nested_branch_dag to 2025-12-14 00:00:00+00:00, run_after=2025-12-15 00:00:00+00:00
[2025-12-15T19:06:23.878+0000] {processor.py:208} INFO - Processing /home/airflow/.local/lib/python3.12/site-packages/airflow/example_dags/example_nested_branch_dag.py took 0.160 seconds
[2025-12-15T19:06:56.441+0000] {processor.py:186} INFO - Started process (PID=5099) to work on /home/airflow/.local/lib/python3.12/site-packages/airflow/example_dags/example_nested_branch_dag.py
[2025-12-15T19:06:56.444+0000] {processor.py:914} INFO - Processing file /home/airflow/.local/lib/python3.12/site-packages/airflow/example_dags/example_nested_branch_dag.py for tasks to queue
[2025-12-15T19:06:56.448+0000] {logging_mixin.py:190} INFO - [2025-12-15T19:06:56.447+0000] {dagbag.py:588} INFO - Filling up the DagBag from /home/airflow/.local/lib/python3.12/site-packages/airflow/example_dags/example_nested_branch_dag.py
[2025-12-15T19:06:56.471+0000] {processor.py:925} INFO - DAG(s) 'example_nested_branch_dag' retrieved from /home/airflow/.local/lib/python3.12/site-packages/airflow/example_dags/example_nested_branch_dag.py
[2025-12-15T19:06:56.508+0000] {logging_mixin.py:190} INFO - [2025-12-15T19:06:56.507+0000] {dag.py:3239} INFO - Sync 1 DAGs
[2025-12-15T19:06:56.573+0000] {logging_mixin.py:190} INFO - [2025-12-15T19:06:56.572+0000] {dag.py:4180} INFO - Setting next_dagrun for example_nested_branch_dag to 2025-12-14 00:00:00+00:00, run_after=2025-12-15 00:00:00+00:00
[2025-12-15T19:06:56.615+0000] {processor.py:208} INFO - Processing /home/airflow/.local/lib/python3.12/site-packages/airflow/example_dags/example_nested_branch_dag.py took 0.186 seconds
[2025-12-15T19:07:33.544+0000] {processor.py:186} INFO - Started process (PID=5392) to work on /home/airflow/.local/lib/python3.12/site-packages/airflow/example_dags/example_nested_branch_dag.py
[2025-12-15T19:07:33.551+0000] {processor.py:914} INFO - Processing file /home/airflow/.local/lib/python3.12/site-packages/airflow/example_dags/example_nested_branch_dag.py for tasks to queue
[2025-12-15T19:07:33.557+0000] {logging_mixin.py:190} INFO - [2025-12-15T19:07:33.556+0000] {dagbag.py:588} INFO - Filling up the DagBag from /home/airflow/.local/lib/python3.12/site-packages/airflow/example_dags/example_nested_branch_dag.py
[2025-12-15T19:07:33.633+0000] {processor.py:925} INFO - DAG(s) 'example_nested_branch_dag' retrieved from /home/airflow/.local/lib/python3.12/site-packages/airflow/example_dags/example_nested_branch_dag.py
[2025-12-15T19:07:33.750+0000] {logging_mixin.py:190} INFO - [2025-12-15T19:07:33.749+0000] {dag.py:3239} INFO - Sync 1 DAGs
[2025-12-15T19:07:33.885+0000] {logging_mixin.py:190} INFO - [2025-12-15T19:07:33.884+0000] {dag.py:4180} INFO - Setting next_dagrun for example_nested_branch_dag to 2025-12-14 00:00:00+00:00, run_after=2025-12-15 00:00:00+00:00
[2025-12-15T19:07:33.968+0000] {processor.py:208} INFO - Processing /home/airflow/.local/lib/python3.12/site-packages/airflow/example_dags/example_nested_branch_dag.py took 0.451 seconds
[2025-12-15T19:08:05.381+0000] {processor.py:186} INFO - Started process (PID=5683) to work on /home/airflow/.local/lib/python3.12/site-packages/airflow/example_dags/example_nested_branch_dag.py
[2025-12-15T19:08:05.383+0000] {processor.py:914} INFO - Processing file /home/airflow/.local/lib/python3.12/site-packages/airflow/example_dags/example_nested_branch_dag.py for tasks to queue
[2025-12-15T19:08:05.386+0000] {logging_mixin.py:190} INFO - [2025-12-15T19:08:05.386+0000] {dagbag.py:588} INFO - Filling up the DagBag from /home/airflow/.local/lib/python3.12/site-packages/airflow/example_dags/example_nested_branch_dag.py
[2025-12-15T19:08:05.404+0000] {processor.py:925} INFO - DAG(s) 'example_nested_branch_dag' retrieved from /home/airflow/.local/lib/python3.12/site-packages/airflow/example_dags/example_nested_branch_dag.py
[2025-12-15T19:08:05.434+0000] {logging_mixin.py:190} INFO - [2025-12-15T19:08:05.433+0000] {dag.py:3239} INFO - Sync 1 DAGs
[2025-12-15T19:08:05.468+0000] {logging_mixin.py:190} INFO - [2025-12-15T19:08:05.468+0000] {dag.py:4180} INFO - Setting next_dagrun for example_nested_branch_dag to 2025-12-14 00:00:00+00:00, run_after=2025-12-15 00:00:00+00:00
[2025-12-15T19:08:05.499+0000] {processor.py:208} INFO - Processing /home/airflow/.local/lib/python3.12/site-packages/airflow/example_dags/example_nested_branch_dag.py took 0.129 seconds
[2025-12-15T19:08:40.796+0000] {processor.py:186} INFO - Started process (PID=5974) to work on /home/airflow/.local/lib/python3.12/site-packages/airflow/example_dags/example_nested_branch_dag.py
[2025-12-15T19:08:40.799+0000] {processor.py:914} INFO - Processing file /home/airflow/.local/lib/python3.12/site-packages/airflow/example_dags/example_nested_branch_dag.py for tasks to queue
[2025-12-15T19:08:40.804+0000] {logging_mixin.py:190} INFO - [2025-12-15T19:08:40.803+0000] {dagbag.py:588} INFO - Filling up the DagBag from /home/airflow/.local/lib/python3.12/site-packages/airflow/example_dags/example_nested_branch_dag.py
[2025-12-15T19:08:40.829+0000] {processor.py:925} INFO - DAG(s) 'example_nested_branch_dag' retrieved from /home/airflow/.local/lib/python3.12/site-packages/airflow/example_dags/example_nested_branch_dag.py
[2025-12-15T19:08:40.874+0000] {logging_mixin.py:190} INFO - [2025-12-15T19:08:40.873+0000] {dag.py:3239} INFO - Sync 1 DAGs
[2025-12-15T19:08:40.926+0000] {logging_mixin.py:190} INFO - [2025-12-15T19:08:40.926+0000] {dag.py:4180} INFO - Setting next_dagrun for example_nested_branch_dag to 2025-12-14 00:00:00+00:00, run_after=2025-12-15 00:00:00+00:00
[2025-12-15T19:08:40.961+0000] {processor.py:208} INFO - Processing /home/airflow/.local/lib/python3.12/site-packages/airflow/example_dags/example_nested_branch_dag.py took 0.177 seconds
[2025-12-15T19:09:11.686+0000] {processor.py:186} INFO - Started process (PID=6263) to work on /home/airflow/.local/lib/python3.12/site-packages/airflow/example_dags/example_nested_branch_dag.py
[2025-12-15T19:09:11.688+0000] {processor.py:914} INFO - Processing file /home/airflow/.local/lib/python3.12/site-packages/airflow/example_dags/example_nested_branch_dag.py for tasks to queue
[2025-12-15T19:09:11.691+0000] {logging_mixin.py:190} INFO - [2025-12-15T19:09:11.691+0000] {dagbag.py:588} INFO - Filling up the DagBag from /home/airflow/.local/lib/python3.12/site-packages/airflow/example_dags/example_nested_branch_dag.py
[2025-12-15T19:09:11.713+0000] {processor.py:925} INFO - DAG(s) 'example_nested_branch_dag' retrieved from /home/airflow/.local/lib/python3.12/site-packages/airflow/example_dags/example_nested_branch_dag.py
[2025-12-15T19:09:11.750+0000] {logging_mixin.py:190} INFO - [2025-12-15T19:09:11.749+0000] {dag.py:3239} INFO - Sync 1 DAGs
[2025-12-15T19:09:11.802+0000] {logging_mixin.py:190} INFO - [2025-12-15T19:09:11.801+0000] {dag.py:4180} INFO - Setting next_dagrun for example_nested_branch_dag to 2025-12-14 00:00:00+00:00, run_after=2025-12-15 00:00:00+00:00
[2025-12-15T19:09:11.836+0000] {processor.py:208} INFO - Processing /home/airflow/.local/lib/python3.12/site-packages/airflow/example_dags/example_nested_branch_dag.py took 0.163 seconds
[2025-12-15T19:09:45.949+0000] {processor.py:186} INFO - Started process (PID=6554) to work on /home/airflow/.local/lib/python3.12/site-packages/airflow/example_dags/example_nested_branch_dag.py
[2025-12-15T19:09:45.968+0000] {processor.py:914} INFO - Processing file /home/airflow/.local/lib/python3.12/site-packages/airflow/example_dags/example_nested_branch_dag.py for tasks to queue
[2025-12-15T19:09:45.999+0000] {logging_mixin.py:190} INFO - [2025-12-15T19:09:45.997+0000] {dagbag.py:588} INFO - Filling up the DagBag from /home/airflow/.local/lib/python3.12/site-packages/airflow/example_dags/example_nested_branch_dag.py
[2025-12-15T19:09:46.137+0000] {processor.py:925} INFO - DAG(s) 'example_nested_branch_dag' retrieved from /home/airflow/.local/lib/python3.12/site-packages/airflow/example_dags/example_nested_branch_dag.py
[2025-12-15T19:09:46.316+0000] {logging_mixin.py:190} INFO - [2025-12-15T19:09:46.315+0000] {dag.py:3239} INFO - Sync 1 DAGs
[2025-12-15T19:09:46.525+0000] {logging_mixin.py:190} INFO - [2025-12-15T19:09:46.525+0000] {dag.py:4180} INFO - Setting next_dagrun for example_nested_branch_dag to 2025-12-14 00:00:00+00:00, run_after=2025-12-15 00:00:00+00:00
[2025-12-15T19:09:46.652+0000] {processor.py:208} INFO - Processing /home/airflow/.local/lib/python3.12/site-packages/airflow/example_dags/example_nested_branch_dag.py took 0.768 seconds
[2025-12-15T19:10:16.778+0000] {processor.py:186} INFO - Started process (PID=6847) to work on /home/airflow/.local/lib/python3.12/site-packages/airflow/example_dags/example_nested_branch_dag.py
[2025-12-15T19:10:16.788+0000] {processor.py:914} INFO - Processing file /home/airflow/.local/lib/python3.12/site-packages/airflow/example_dags/example_nested_branch_dag.py for tasks to queue
[2025-12-15T19:10:16.793+0000] {logging_mixin.py:190} INFO - [2025-12-15T19:10:16.793+0000] {dagbag.py:588} INFO - Filling up the DagBag from /home/airflow/.local/lib/python3.12/site-packages/airflow/example_dags/example_nested_branch_dag.py
[2025-12-15T19:10:16.813+0000] {processor.py:925} INFO - DAG(s) 'example_nested_branch_dag' retrieved from /home/airflow/.local/lib/python3.12/site-packages/airflow/example_dags/example_nested_branch_dag.py
[2025-12-15T19:10:16.848+0000] {logging_mixin.py:190} INFO - [2025-12-15T19:10:16.848+0000] {dag.py:3239} INFO - Sync 1 DAGs
[2025-12-15T19:10:16.894+0000] {logging_mixin.py:190} INFO - [2025-12-15T19:10:16.893+0000] {dag.py:4180} INFO - Setting next_dagrun for example_nested_branch_dag to 2025-12-14 00:00:00+00:00, run_after=2025-12-15 00:00:00+00:00
[2025-12-15T19:10:16.929+0000] {processor.py:208} INFO - Processing /home/airflow/.local/lib/python3.12/site-packages/airflow/example_dags/example_nested_branch_dag.py took 0.161 seconds
[2025-12-15T19:10:49.521+0000] {processor.py:186} INFO - Started process (PID=7139) to work on /home/airflow/.local/lib/python3.12/site-packages/airflow/example_dags/example_nested_branch_dag.py
[2025-12-15T19:10:49.523+0000] {processor.py:914} INFO - Processing file /home/airflow/.local/lib/python3.12/site-packages/airflow/example_dags/example_nested_branch_dag.py for tasks to queue
[2025-12-15T19:10:49.527+0000] {logging_mixin.py:190} INFO - [2025-12-15T19:10:49.527+0000] {dagbag.py:588} INFO - Filling up the DagBag from /home/airflow/.local/lib/python3.12/site-packages/airflow/example_dags/example_nested_branch_dag.py
[2025-12-15T19:10:49.552+0000] {processor.py:925} INFO - DAG(s) 'example_nested_branch_dag' retrieved from /home/airflow/.local/lib/python3.12/site-packages/airflow/example_dags/example_nested_branch_dag.py
[2025-12-15T19:10:49.587+0000] {logging_mixin.py:190} INFO - [2025-12-15T19:10:49.587+0000] {dag.py:3239} INFO - Sync 1 DAGs
[2025-12-15T19:10:49.633+0000] {logging_mixin.py:190} INFO - [2025-12-15T19:10:49.632+0000] {dag.py:4180} INFO - Setting next_dagrun for example_nested_branch_dag to 2025-12-14 00:00:00+00:00, run_after=2025-12-15 00:00:00+00:00
[2025-12-15T19:10:49.681+0000] {processor.py:208} INFO - Processing /home/airflow/.local/lib/python3.12/site-packages/airflow/example_dags/example_nested_branch_dag.py took 0.172 seconds
[2025-12-15T19:11:19.946+0000] {processor.py:186} INFO - Started process (PID=7428) to work on /home/airflow/.local/lib/python3.12/site-packages/airflow/example_dags/example_nested_branch_dag.py
[2025-12-15T19:11:19.948+0000] {processor.py:914} INFO - Processing file /home/airflow/.local/lib/python3.12/site-packages/airflow/example_dags/example_nested_branch_dag.py for tasks to queue
[2025-12-15T19:11:19.951+0000] {logging_mixin.py:190} INFO - [2025-12-15T19:11:19.951+0000] {dagbag.py:588} INFO - Filling up the DagBag from /home/airflow/.local/lib/python3.12/site-packages/airflow/example_dags/example_nested_branch_dag.py
[2025-12-15T19:11:19.969+0000] {processor.py:925} INFO - DAG(s) 'example_nested_branch_dag' retrieved from /home/airflow/.local/lib/python3.12/site-packages/airflow/example_dags/example_nested_branch_dag.py
[2025-12-15T19:11:20.044+0000] {logging_mixin.py:190} INFO - [2025-12-15T19:11:20.044+0000] {dag.py:3239} INFO - Sync 1 DAGs
[2025-12-15T19:11:20.184+0000] {logging_mixin.py:190} INFO - [2025-12-15T19:11:20.183+0000] {dag.py:4180} INFO - Setting next_dagrun for example_nested_branch_dag to 2025-12-14 00:00:00+00:00, run_after=2025-12-15 00:00:00+00:00
[2025-12-15T19:11:20.262+0000] {processor.py:208} INFO - Processing /home/airflow/.local/lib/python3.12/site-packages/airflow/example_dags/example_nested_branch_dag.py took 0.325 seconds
[2025-12-15T19:11:51.786+0000] {processor.py:186} INFO - Started process (PID=7719) to work on /home/airflow/.local/lib/python3.12/site-packages/airflow/example_dags/example_nested_branch_dag.py
[2025-12-15T19:11:51.788+0000] {processor.py:914} INFO - Processing file /home/airflow/.local/lib/python3.12/site-packages/airflow/example_dags/example_nested_branch_dag.py for tasks to queue
[2025-12-15T19:11:51.791+0000] {logging_mixin.py:190} INFO - [2025-12-15T19:11:51.790+0000] {dagbag.py:588} INFO - Filling up the DagBag from /home/airflow/.local/lib/python3.12/site-packages/airflow/example_dags/example_nested_branch_dag.py
[2025-12-15T19:11:51.815+0000] {processor.py:925} INFO - DAG(s) 'example_nested_branch_dag' retrieved from /home/airflow/.local/lib/python3.12/site-packages/airflow/example_dags/example_nested_branch_dag.py
[2025-12-15T19:11:51.857+0000] {logging_mixin.py:190} INFO - [2025-12-15T19:11:51.856+0000] {dag.py:3239} INFO - Sync 1 DAGs
[2025-12-15T19:11:51.902+0000] {logging_mixin.py:190} INFO - [2025-12-15T19:11:51.902+0000] {dag.py:4180} INFO - Setting next_dagrun for example_nested_branch_dag to 2025-12-14 00:00:00+00:00, run_after=2025-12-15 00:00:00+00:00
[2025-12-15T19:11:51.942+0000] {processor.py:208} INFO - Processing /home/airflow/.local/lib/python3.12/site-packages/airflow/example_dags/example_nested_branch_dag.py took 0.169 seconds
[2025-12-15T19:12:23.483+0000] {processor.py:186} INFO - Started process (PID=8012) to work on /home/airflow/.local/lib/python3.12/site-packages/airflow/example_dags/example_nested_branch_dag.py
[2025-12-15T19:12:23.485+0000] {processor.py:914} INFO - Processing file /home/airflow/.local/lib/python3.12/site-packages/airflow/example_dags/example_nested_branch_dag.py for tasks to queue
[2025-12-15T19:12:23.488+0000] {logging_mixin.py:190} INFO - [2025-12-15T19:12:23.487+0000] {dagbag.py:588} INFO - Filling up the DagBag from /home/airflow/.local/lib/python3.12/site-packages/airflow/example_dags/example_nested_branch_dag.py
[2025-12-15T19:12:23.519+0000] {processor.py:925} INFO - DAG(s) 'example_nested_branch_dag' retrieved from /home/airflow/.local/lib/python3.12/site-packages/airflow/example_dags/example_nested_branch_dag.py
[2025-12-15T19:12:23.553+0000] {logging_mixin.py:190} INFO - [2025-12-15T19:12:23.552+0000] {dag.py:3239} INFO - Sync 1 DAGs
[2025-12-15T19:12:23.592+0000] {logging_mixin.py:190} INFO - [2025-12-15T19:12:23.592+0000] {dag.py:4180} INFO - Setting next_dagrun for example_nested_branch_dag to 2025-12-14 00:00:00+00:00, run_after=2025-12-15 00:00:00+00:00
[2025-12-15T19:12:23.626+0000] {processor.py:208} INFO - Processing /home/airflow/.local/lib/python3.12/site-packages/airflow/example_dags/example_nested_branch_dag.py took 0.161 seconds
[2025-12-15T19:12:55.305+0000] {processor.py:186} INFO - Started process (PID=8308) to work on /home/airflow/.local/lib/python3.12/site-packages/airflow/example_dags/example_nested_branch_dag.py
[2025-12-15T19:12:55.308+0000] {processor.py:914} INFO - Processing file /home/airflow/.local/lib/python3.12/site-packages/airflow/example_dags/example_nested_branch_dag.py for tasks to queue
[2025-12-15T19:12:55.321+0000] {logging_mixin.py:190} INFO - [2025-12-15T19:12:55.310+0000] {dagbag.py:588} INFO - Filling up the DagBag from /home/airflow/.local/lib/python3.12/site-packages/airflow/example_dags/example_nested_branch_dag.py
[2025-12-15T19:12:55.434+0000] {processor.py:925} INFO - DAG(s) 'example_nested_branch_dag' retrieved from /home/airflow/.local/lib/python3.12/site-packages/airflow/example_dags/example_nested_branch_dag.py
[2025-12-15T19:12:55.603+0000] {logging_mixin.py:190} INFO - [2025-12-15T19:12:55.602+0000] {dag.py:3239} INFO - Sync 1 DAGs
[2025-12-15T19:12:55.821+0000] {logging_mixin.py:190} INFO - [2025-12-15T19:12:55.810+0000] {dag.py:4180} INFO - Setting next_dagrun for example_nested_branch_dag to 2025-12-14 00:00:00+00:00, run_after=2025-12-15 00:00:00+00:00
[2025-12-15T19:12:55.948+0000] {processor.py:208} INFO - Processing /home/airflow/.local/lib/python3.12/site-packages/airflow/example_dags/example_nested_branch_dag.py took 0.691 seconds
[2025-12-15T19:13:30.913+0000] {processor.py:186} INFO - Started process (PID=8610) to work on /home/airflow/.local/lib/python3.12/site-packages/airflow/example_dags/example_nested_branch_dag.py
[2025-12-15T19:13:30.941+0000] {processor.py:914} INFO - Processing file /home/airflow/.local/lib/python3.12/site-packages/airflow/example_dags/example_nested_branch_dag.py for tasks to queue
[2025-12-15T19:13:30.944+0000] {logging_mixin.py:190} INFO - [2025-12-15T19:13:30.943+0000] {dagbag.py:588} INFO - Filling up the DagBag from /home/airflow/.local/lib/python3.12/site-packages/airflow/example_dags/example_nested_branch_dag.py
[2025-12-15T19:13:30.976+0000] {processor.py:925} INFO - DAG(s) 'example_nested_branch_dag' retrieved from /home/airflow/.local/lib/python3.12/site-packages/airflow/example_dags/example_nested_branch_dag.py
[2025-12-15T19:13:31.025+0000] {logging_mixin.py:190} INFO - [2025-12-15T19:13:31.024+0000] {dag.py:3239} INFO - Sync 1 DAGs
[2025-12-15T19:13:31.081+0000] {logging_mixin.py:190} INFO - [2025-12-15T19:13:31.081+0000] {dag.py:4180} INFO - Setting next_dagrun for example_nested_branch_dag to 2025-12-14 00:00:00+00:00, run_after=2025-12-15 00:00:00+00:00
[2025-12-15T19:13:31.122+0000] {processor.py:208} INFO - Processing /home/airflow/.local/lib/python3.12/site-packages/airflow/example_dags/example_nested_branch_dag.py took 0.226 seconds
[2025-12-15T19:14:02.264+0000] {processor.py:186} INFO - Started process (PID=8899) to work on /home/airflow/.local/lib/python3.12/site-packages/airflow/example_dags/example_nested_branch_dag.py
[2025-12-15T19:14:02.267+0000] {processor.py:914} INFO - Processing file /home/airflow/.local/lib/python3.12/site-packages/airflow/example_dags/example_nested_branch_dag.py for tasks to queue
[2025-12-15T19:14:02.273+0000] {logging_mixin.py:190} INFO - [2025-12-15T19:14:02.272+0000] {dagbag.py:588} INFO - Filling up the DagBag from /home/airflow/.local/lib/python3.12/site-packages/airflow/example_dags/example_nested_branch_dag.py
[2025-12-15T19:14:02.307+0000] {processor.py:925} INFO - DAG(s) 'example_nested_branch_dag' retrieved from /home/airflow/.local/lib/python3.12/site-packages/airflow/example_dags/example_nested_branch_dag.py
[2025-12-15T19:14:02.370+0000] {logging_mixin.py:190} INFO - [2025-12-15T19:14:02.369+0000] {dag.py:3239} INFO - Sync 1 DAGs
[2025-12-15T19:14:02.444+0000] {logging_mixin.py:190} INFO - [2025-12-15T19:14:02.444+0000] {dag.py:4180} INFO - Setting next_dagrun for example_nested_branch_dag to 2025-12-14 00:00:00+00:00, run_after=2025-12-15 00:00:00+00:00
[2025-12-15T19:14:02.519+0000] {processor.py:208} INFO - Processing /home/airflow/.local/lib/python3.12/site-packages/airflow/example_dags/example_nested_branch_dag.py took 0.278 seconds
[2025-12-15T19:14:32.839+0000] {processor.py:186} INFO - Started process (PID=9192) to work on /home/airflow/.local/lib/python3.12/site-packages/airflow/example_dags/example_nested_branch_dag.py
[2025-12-15T19:14:32.851+0000] {processor.py:914} INFO - Processing file /home/airflow/.local/lib/python3.12/site-packages/airflow/example_dags/example_nested_branch_dag.py for tasks to queue
[2025-12-15T19:14:32.854+0000] {logging_mixin.py:190} INFO - [2025-12-15T19:14:32.854+0000] {dagbag.py:588} INFO - Filling up the DagBag from /home/airflow/.local/lib/python3.12/site-packages/airflow/example_dags/example_nested_branch_dag.py
[2025-12-15T19:14:32.953+0000] {processor.py:925} INFO - DAG(s) 'example_nested_branch_dag' retrieved from /home/airflow/.local/lib/python3.12/site-packages/airflow/example_dags/example_nested_branch_dag.py
[2025-12-15T19:14:33.067+0000] {logging_mixin.py:190} INFO - [2025-12-15T19:14:33.066+0000] {dag.py:3239} INFO - Sync 1 DAGs
[2025-12-15T19:14:33.249+0000] {logging_mixin.py:190} INFO - [2025-12-15T19:14:33.249+0000] {dag.py:4180} INFO - Setting next_dagrun for example_nested_branch_dag to 2025-12-14 00:00:00+00:00, run_after=2025-12-15 00:00:00+00:00
[2025-12-15T19:14:33.326+0000] {processor.py:208} INFO - Processing /home/airflow/.local/lib/python3.12/site-packages/airflow/example_dags/example_nested_branch_dag.py took 0.532 seconds
[2025-12-15T19:15:06.664+0000] {processor.py:186} INFO - Started process (PID=9486) to work on /home/airflow/.local/lib/python3.12/site-packages/airflow/example_dags/example_nested_branch_dag.py
[2025-12-15T19:15:06.684+0000] {processor.py:914} INFO - Processing file /home/airflow/.local/lib/python3.12/site-packages/airflow/example_dags/example_nested_branch_dag.py for tasks to queue
[2025-12-15T19:15:06.687+0000] {logging_mixin.py:190} INFO - [2025-12-15T19:15:06.686+0000] {dagbag.py:588} INFO - Filling up the DagBag from /home/airflow/.local/lib/python3.12/site-packages/airflow/example_dags/example_nested_branch_dag.py
[2025-12-15T19:15:06.774+0000] {processor.py:925} INFO - DAG(s) 'example_nested_branch_dag' retrieved from /home/airflow/.local/lib/python3.12/site-packages/airflow/example_dags/example_nested_branch_dag.py
[2025-12-15T19:15:06.916+0000] {logging_mixin.py:190} INFO - [2025-12-15T19:15:06.910+0000] {dag.py:3239} INFO - Sync 1 DAGs
[2025-12-15T19:15:07.092+0000] {logging_mixin.py:190} INFO - [2025-12-15T19:15:07.091+0000] {dag.py:4180} INFO - Setting next_dagrun for example_nested_branch_dag to 2025-12-14 00:00:00+00:00, run_after=2025-12-15 00:00:00+00:00
[2025-12-15T19:15:07.241+0000] {processor.py:208} INFO - Processing /home/airflow/.local/lib/python3.12/site-packages/airflow/example_dags/example_nested_branch_dag.py took 0.603 seconds
[2025-12-15T19:15:39.628+0000] {processor.py:186} INFO - Started process (PID=9777) to work on /home/airflow/.local/lib/python3.12/site-packages/airflow/example_dags/example_nested_branch_dag.py
[2025-12-15T19:15:39.630+0000] {processor.py:914} INFO - Processing file /home/airflow/.local/lib/python3.12/site-packages/airflow/example_dags/example_nested_branch_dag.py for tasks to queue
[2025-12-15T19:15:39.632+0000] {logging_mixin.py:190} INFO - [2025-12-15T19:15:39.632+0000] {dagbag.py:588} INFO - Filling up the DagBag from /home/airflow/.local/lib/python3.12/site-packages/airflow/example_dags/example_nested_branch_dag.py
[2025-12-15T19:15:39.661+0000] {processor.py:925} INFO - DAG(s) 'example_nested_branch_dag' retrieved from /home/airflow/.local/lib/python3.12/site-packages/airflow/example_dags/example_nested_branch_dag.py
[2025-12-15T19:15:39.711+0000] {logging_mixin.py:190} INFO - [2025-12-15T19:15:39.710+0000] {dag.py:3239} INFO - Sync 1 DAGs
[2025-12-15T19:15:39.758+0000] {logging_mixin.py:190} INFO - [2025-12-15T19:15:39.758+0000] {dag.py:4180} INFO - Setting next_dagrun for example_nested_branch_dag to 2025-12-14 00:00:00+00:00, run_after=2025-12-15 00:00:00+00:00
[2025-12-15T19:15:39.797+0000] {processor.py:208} INFO - Processing /home/airflow/.local/lib/python3.12/site-packages/airflow/example_dags/example_nested_branch_dag.py took 0.180 seconds
[2025-12-15T19:16:11.888+0000] {processor.py:186} INFO - Started process (PID=10075) to work on /home/airflow/.local/lib/python3.12/site-packages/airflow/example_dags/example_nested_branch_dag.py
[2025-12-15T19:16:11.891+0000] {processor.py:914} INFO - Processing file /home/airflow/.local/lib/python3.12/site-packages/airflow/example_dags/example_nested_branch_dag.py for tasks to queue
[2025-12-15T19:16:11.894+0000] {logging_mixin.py:190} INFO - [2025-12-15T19:16:11.893+0000] {dagbag.py:588} INFO - Filling up the DagBag from /home/airflow/.local/lib/python3.12/site-packages/airflow/example_dags/example_nested_branch_dag.py
[2025-12-15T19:16:11.923+0000] {processor.py:925} INFO - DAG(s) 'example_nested_branch_dag' retrieved from /home/airflow/.local/lib/python3.12/site-packages/airflow/example_dags/example_nested_branch_dag.py
[2025-12-15T19:16:11.976+0000] {logging_mixin.py:190} INFO - [2025-12-15T19:16:11.975+0000] {dag.py:3239} INFO - Sync 1 DAGs
[2025-12-15T19:16:12.080+0000] {logging_mixin.py:190} INFO - [2025-12-15T19:16:12.079+0000] {dag.py:4180} INFO - Setting next_dagrun for example_nested_branch_dag to 2025-12-14 00:00:00+00:00, run_after=2025-12-15 00:00:00+00:00
[2025-12-15T19:16:12.142+0000] {processor.py:208} INFO - Processing /home/airflow/.local/lib/python3.12/site-packages/airflow/example_dags/example_nested_branch_dag.py took 0.274 seconds
[2025-12-15T19:16:44.773+0000] {processor.py:186} INFO - Started process (PID=10364) to work on /home/airflow/.local/lib/python3.12/site-packages/airflow/example_dags/example_nested_branch_dag.py
[2025-12-15T19:16:44.777+0000] {processor.py:914} INFO - Processing file /home/airflow/.local/lib/python3.12/site-packages/airflow/example_dags/example_nested_branch_dag.py for tasks to queue
[2025-12-15T19:16:44.781+0000] {logging_mixin.py:190} INFO - [2025-12-15T19:16:44.780+0000] {dagbag.py:588} INFO - Filling up the DagBag from /home/airflow/.local/lib/python3.12/site-packages/airflow/example_dags/example_nested_branch_dag.py
[2025-12-15T19:16:44.837+0000] {processor.py:925} INFO - DAG(s) 'example_nested_branch_dag' retrieved from /home/airflow/.local/lib/python3.12/site-packages/airflow/example_dags/example_nested_branch_dag.py
[2025-12-15T19:16:44.913+0000] {logging_mixin.py:190} INFO - [2025-12-15T19:16:44.912+0000] {dag.py:3239} INFO - Sync 1 DAGs
[2025-12-15T19:16:45.053+0000] {logging_mixin.py:190} INFO - [2025-12-15T19:16:45.052+0000] {dag.py:4180} INFO - Setting next_dagrun for example_nested_branch_dag to 2025-12-14 00:00:00+00:00, run_after=2025-12-15 00:00:00+00:00
[2025-12-15T19:16:45.159+0000] {processor.py:208} INFO - Processing /home/airflow/.local/lib/python3.12/site-packages/airflow/example_dags/example_nested_branch_dag.py took 0.404 seconds
[2025-12-15T19:17:28.039+0000] {processor.py:186} INFO - Started process (PID=10762) to work on /home/airflow/.local/lib/python3.12/site-packages/airflow/example_dags/example_nested_branch_dag.py
[2025-12-15T19:17:28.040+0000] {processor.py:914} INFO - Processing file /home/airflow/.local/lib/python3.12/site-packages/airflow/example_dags/example_nested_branch_dag.py for tasks to queue
[2025-12-15T19:17:28.044+0000] {logging_mixin.py:190} INFO - [2025-12-15T19:17:28.042+0000] {dagbag.py:588} INFO - Filling up the DagBag from /home/airflow/.local/lib/python3.12/site-packages/airflow/example_dags/example_nested_branch_dag.py
[2025-12-15T19:17:28.085+0000] {processor.py:925} INFO - DAG(s) 'example_nested_branch_dag' retrieved from /home/airflow/.local/lib/python3.12/site-packages/airflow/example_dags/example_nested_branch_dag.py
[2025-12-15T19:17:28.154+0000] {logging_mixin.py:190} INFO - [2025-12-15T19:17:28.154+0000] {dag.py:3239} INFO - Sync 1 DAGs
[2025-12-15T19:17:28.214+0000] {logging_mixin.py:190} INFO - [2025-12-15T19:17:28.213+0000] {dag.py:4180} INFO - Setting next_dagrun for example_nested_branch_dag to 2025-12-14 00:00:00+00:00, run_after=2025-12-15 00:00:00+00:00
[2025-12-15T19:15:42.690+0000] {processor.py:208} INFO - Processing /home/airflow/.local/lib/python3.12/site-packages/airflow/example_dags/example_nested_branch_dag.py took 0.280 seconds
[2025-12-15T19:17:32.962+0000] {processor.py:186} INFO - Started process (PID=10838) to work on /home/airflow/.local/lib/python3.12/site-packages/airflow/example_dags/example_nested_branch_dag.py
[2025-12-15T19:17:32.966+0000] {processor.py:914} INFO - Processing file /home/airflow/.local/lib/python3.12/site-packages/airflow/example_dags/example_nested_branch_dag.py for tasks to queue
[2025-12-15T19:17:32.970+0000] {logging_mixin.py:190} INFO - [2025-12-15T19:17:32.969+0000] {dagbag.py:588} INFO - Filling up the DagBag from /home/airflow/.local/lib/python3.12/site-packages/airflow/example_dags/example_nested_branch_dag.py
[2025-12-15T19:17:33.018+0000] {processor.py:925} INFO - DAG(s) 'example_nested_branch_dag' retrieved from /home/airflow/.local/lib/python3.12/site-packages/airflow/example_dags/example_nested_branch_dag.py
[2025-12-15T19:17:33.065+0000] {logging_mixin.py:190} INFO - [2025-12-15T19:17:33.065+0000] {dag.py:3239} INFO - Sync 1 DAGs
[2025-12-15T19:17:33.129+0000] {logging_mixin.py:190} INFO - [2025-12-15T19:17:33.128+0000] {dag.py:4180} INFO - Setting next_dagrun for example_nested_branch_dag to 2025-12-14 00:00:00+00:00, run_after=2025-12-15 00:00:00+00:00
[2025-12-15T19:17:33.171+0000] {processor.py:208} INFO - Processing /home/airflow/.local/lib/python3.12/site-packages/airflow/example_dags/example_nested_branch_dag.py took 0.235 seconds
[2025-12-15T19:18:04.300+0000] {processor.py:186} INFO - Started process (PID=11135) to work on /home/airflow/.local/lib/python3.12/site-packages/airflow/example_dags/example_nested_branch_dag.py
[2025-12-15T19:18:04.334+0000] {processor.py:914} INFO - Processing file /home/airflow/.local/lib/python3.12/site-packages/airflow/example_dags/example_nested_branch_dag.py for tasks to queue
[2025-12-15T19:18:04.337+0000] {logging_mixin.py:190} INFO - [2025-12-15T19:18:04.336+0000] {dagbag.py:588} INFO - Filling up the DagBag from /home/airflow/.local/lib/python3.12/site-packages/airflow/example_dags/example_nested_branch_dag.py
[2025-12-15T19:18:04.368+0000] {processor.py:925} INFO - DAG(s) 'example_nested_branch_dag' retrieved from /home/airflow/.local/lib/python3.12/site-packages/airflow/example_dags/example_nested_branch_dag.py
[2025-12-15T19:18:04.422+0000] {logging_mixin.py:190} INFO - [2025-12-15T19:18:04.421+0000] {dag.py:3239} INFO - Sync 1 DAGs
[2025-12-15T19:18:04.483+0000] {logging_mixin.py:190} INFO - [2025-12-15T19:18:04.482+0000] {dag.py:4180} INFO - Setting next_dagrun for example_nested_branch_dag to 2025-12-14 00:00:00+00:00, run_after=2025-12-15 00:00:00+00:00
[2025-12-15T19:18:04.582+0000] {processor.py:208} INFO - Processing /home/airflow/.local/lib/python3.12/site-packages/airflow/example_dags/example_nested_branch_dag.py took 0.299 seconds
[2025-12-15T19:18:35.052+0000] {processor.py:186} INFO - Started process (PID=11431) to work on /home/airflow/.local/lib/python3.12/site-packages/airflow/example_dags/example_nested_branch_dag.py
[2025-12-15T19:18:35.059+0000] {processor.py:914} INFO - Processing file /home/airflow/.local/lib/python3.12/site-packages/airflow/example_dags/example_nested_branch_dag.py for tasks to queue
[2025-12-15T19:18:35.061+0000] {logging_mixin.py:190} INFO - [2025-12-15T19:18:35.061+0000] {dagbag.py:588} INFO - Filling up the DagBag from /home/airflow/.local/lib/python3.12/site-packages/airflow/example_dags/example_nested_branch_dag.py
[2025-12-15T19:18:35.081+0000] {processor.py:925} INFO - DAG(s) 'example_nested_branch_dag' retrieved from /home/airflow/.local/lib/python3.12/site-packages/airflow/example_dags/example_nested_branch_dag.py
[2025-12-15T19:18:35.124+0000] {logging_mixin.py:190} INFO - [2025-12-15T19:18:35.123+0000] {dag.py:3239} INFO - Sync 1 DAGs
[2025-12-15T19:18:35.173+0000] {logging_mixin.py:190} INFO - [2025-12-15T19:18:35.172+0000] {dag.py:4180} INFO - Setting next_dagrun for example_nested_branch_dag to 2025-12-14 00:00:00+00:00, run_after=2025-12-15 00:00:00+00:00
[2025-12-15T19:18:35.207+0000] {processor.py:208} INFO - Processing /home/airflow/.local/lib/python3.12/site-packages/airflow/example_dags/example_nested_branch_dag.py took 0.172 seconds
[2025-12-15T19:19:09.369+0000] {processor.py:186} INFO - Started process (PID=11723) to work on /home/airflow/.local/lib/python3.12/site-packages/airflow/example_dags/example_nested_branch_dag.py
[2025-12-15T19:19:09.372+0000] {processor.py:914} INFO - Processing file /home/airflow/.local/lib/python3.12/site-packages/airflow/example_dags/example_nested_branch_dag.py for tasks to queue
[2025-12-15T19:19:09.376+0000] {logging_mixin.py:190} INFO - [2025-12-15T19:19:09.375+0000] {dagbag.py:588} INFO - Filling up the DagBag from /home/airflow/.local/lib/python3.12/site-packages/airflow/example_dags/example_nested_branch_dag.py
[2025-12-15T19:19:09.432+0000] {processor.py:925} INFO - DAG(s) 'example_nested_branch_dag' retrieved from /home/airflow/.local/lib/python3.12/site-packages/airflow/example_dags/example_nested_branch_dag.py
[2025-12-15T19:19:09.489+0000] {logging_mixin.py:190} INFO - [2025-12-15T19:19:09.488+0000] {dag.py:3239} INFO - Sync 1 DAGs
[2025-12-15T19:19:09.592+0000] {logging_mixin.py:190} INFO - [2025-12-15T19:19:09.591+0000] {dag.py:4180} INFO - Setting next_dagrun for example_nested_branch_dag to 2025-12-14 00:00:00+00:00, run_after=2025-12-15 00:00:00+00:00
[2025-12-15T19:19:09.668+0000] {processor.py:208} INFO - Processing /home/airflow/.local/lib/python3.12/site-packages/airflow/example_dags/example_nested_branch_dag.py took 0.320 seconds
