[2025-12-15T18:56:30.915+0000] {processor.py:186} INFO - Started process (PID=446) to work on /home/airflow/.local/lib/python3.12/site-packages/airflow/example_dags/example_branch_datetime_operator.py
[2025-12-15T18:56:30.917+0000] {processor.py:914} INFO - Processing file /home/airflow/.local/lib/python3.12/site-packages/airflow/example_dags/example_branch_datetime_operator.py for tasks to queue
[2025-12-15T18:56:30.926+0000] {logging_mixin.py:190} INFO - [2025-12-15T18:56:30.921+0000] {dagbag.py:588} INFO - Filling up the DagBag from /home/airflow/.local/lib/python3.12/site-packages/airflow/example_dags/example_branch_datetime_operator.py
[2025-12-15T18:56:30.967+0000] {processor.py:925} INFO - DAG(s) 'example_branch_datetime_operator_3', 'example_branch_datetime_operator', 'example_branch_datetime_operator_2' retrieved from /home/airflow/.local/lib/python3.12/site-packages/airflow/example_dags/example_branch_datetime_operator.py
[2025-12-15T18:56:31.425+0000] {logging_mixin.py:190} INFO - [2025-12-15T18:56:31.424+0000] {override.py:1911} INFO - Created Permission View: can read on DAG:example_branch_datetime_operator_3
[2025-12-15T18:56:31.464+0000] {logging_mixin.py:190} INFO - [2025-12-15T18:56:31.464+0000] {override.py:1911} INFO - Created Permission View: can edit on DAG:example_branch_datetime_operator_3
[2025-12-15T18:56:31.487+0000] {logging_mixin.py:190} INFO - [2025-12-15T18:56:31.485+0000] {override.py:1911} INFO - Created Permission View: can delete on DAG:example_branch_datetime_operator_3
[2025-12-15T18:56:31.515+0000] {logging_mixin.py:190} INFO - [2025-12-15T18:56:31.514+0000] {override.py:1911} INFO - Created Permission View: can read on DAG Run:example_branch_datetime_operator_3
[2025-12-15T18:56:31.537+0000] {logging_mixin.py:190} INFO - [2025-12-15T18:56:31.536+0000] {override.py:1911} INFO - Created Permission View: menu access on DAG Run:example_branch_datetime_operator_3
[2025-12-15T18:56:31.558+0000] {logging_mixin.py:190} INFO - [2025-12-15T18:56:31.557+0000] {override.py:1911} INFO - Created Permission View: can create on DAG Run:example_branch_datetime_operator_3
[2025-12-15T18:56:31.576+0000] {logging_mixin.py:190} INFO - [2025-12-15T18:56:31.576+0000] {override.py:1911} INFO - Created Permission View: can delete on DAG Run:example_branch_datetime_operator_3
[2025-12-15T18:56:31.607+0000] {logging_mixin.py:190} INFO - [2025-12-15T18:56:31.607+0000] {override.py:1911} INFO - Created Permission View: can read on DAG:example_branch_datetime_operator
[2025-12-15T18:56:31.632+0000] {logging_mixin.py:190} INFO - [2025-12-15T18:56:31.631+0000] {override.py:1911} INFO - Created Permission View: can edit on DAG:example_branch_datetime_operator
[2025-12-15T18:56:31.651+0000] {logging_mixin.py:190} INFO - [2025-12-15T18:56:31.650+0000] {override.py:1911} INFO - Created Permission View: can delete on DAG:example_branch_datetime_operator
[2025-12-15T18:56:31.666+0000] {logging_mixin.py:190} INFO - [2025-12-15T18:56:31.666+0000] {override.py:1911} INFO - Created Permission View: can read on DAG Run:example_branch_datetime_operator
[2025-12-15T18:56:31.687+0000] {logging_mixin.py:190} INFO - [2025-12-15T18:56:31.685+0000] {override.py:1911} INFO - Created Permission View: menu access on DAG Run:example_branch_datetime_operator
[2025-12-15T18:56:31.707+0000] {logging_mixin.py:190} INFO - [2025-12-15T18:56:31.707+0000] {override.py:1911} INFO - Created Permission View: can create on DAG Run:example_branch_datetime_operator
[2025-12-15T18:56:31.725+0000] {logging_mixin.py:190} INFO - [2025-12-15T18:56:31.724+0000] {override.py:1911} INFO - Created Permission View: can delete on DAG Run:example_branch_datetime_operator
[2025-12-15T18:56:31.757+0000] {logging_mixin.py:190} INFO - [2025-12-15T18:56:31.756+0000] {override.py:1911} INFO - Created Permission View: can read on DAG:example_branch_datetime_operator_2
[2025-12-15T18:56:31.773+0000] {logging_mixin.py:190} INFO - [2025-12-15T18:56:31.773+0000] {override.py:1911} INFO - Created Permission View: can edit on DAG:example_branch_datetime_operator_2
[2025-12-15T18:56:31.789+0000] {logging_mixin.py:190} INFO - [2025-12-15T18:56:31.788+0000] {override.py:1911} INFO - Created Permission View: can delete on DAG:example_branch_datetime_operator_2
[2025-12-15T18:56:31.813+0000] {logging_mixin.py:190} INFO - [2025-12-15T18:56:31.813+0000] {override.py:1911} INFO - Created Permission View: can read on DAG Run:example_branch_datetime_operator_2
[2025-12-15T18:56:31.835+0000] {logging_mixin.py:190} INFO - [2025-12-15T18:56:31.834+0000] {override.py:1911} INFO - Created Permission View: menu access on DAG Run:example_branch_datetime_operator_2
[2025-12-15T18:56:31.854+0000] {logging_mixin.py:190} INFO - [2025-12-15T18:56:31.854+0000] {override.py:1911} INFO - Created Permission View: can create on DAG Run:example_branch_datetime_operator_2
[2025-12-15T18:56:31.873+0000] {logging_mixin.py:190} INFO - [2025-12-15T18:56:31.870+0000] {override.py:1911} INFO - Created Permission View: can delete on DAG Run:example_branch_datetime_operator_2
[2025-12-15T18:56:31.874+0000] {logging_mixin.py:190} INFO - [2025-12-15T18:56:31.873+0000] {dag.py:3239} INFO - Sync 3 DAGs
[2025-12-15T18:56:31.905+0000] {logging_mixin.py:190} INFO - [2025-12-15T18:56:31.904+0000] {dag.py:3262} INFO - Creating ORM DAG for example_branch_datetime_operator
[2025-12-15T18:56:31.906+0000] {logging_mixin.py:190} INFO - [2025-12-15T18:56:31.906+0000] {dag.py:3262} INFO - Creating ORM DAG for example_branch_datetime_operator_2
[2025-12-15T18:56:31.909+0000] {logging_mixin.py:190} INFO - [2025-12-15T18:56:31.908+0000] {dag.py:3262} INFO - Creating ORM DAG for example_branch_datetime_operator_3
[2025-12-15T18:56:31.951+0000] {logging_mixin.py:190} INFO - [2025-12-15T18:56:31.950+0000] {dag.py:4180} INFO - Setting next_dagrun for example_branch_datetime_operator to 2025-12-14 00:00:00+00:00, run_after=2025-12-15 00:00:00+00:00
[2025-12-15T18:56:31.963+0000] {logging_mixin.py:190} INFO - [2025-12-15T18:56:31.958+0000] {dag.py:4180} INFO - Setting next_dagrun for example_branch_datetime_operator_2 to 2025-12-14 00:00:00+00:00, run_after=2025-12-15 00:00:00+00:00
[2025-12-15T18:56:31.971+0000] {logging_mixin.py:190} INFO - [2025-12-15T18:56:31.970+0000] {dag.py:4180} INFO - Setting next_dagrun for example_branch_datetime_operator_3 to 2025-12-14 00:00:00+00:00, run_after=2025-12-15 00:00:00+00:00
[2025-12-15T18:56:32.044+0000] {processor.py:208} INFO - Processing /home/airflow/.local/lib/python3.12/site-packages/airflow/example_dags/example_branch_datetime_operator.py took 1.147 seconds
[2025-12-15T18:57:04.032+0000] {processor.py:186} INFO - Started process (PID=740) to work on /home/airflow/.local/lib/python3.12/site-packages/airflow/example_dags/example_branch_datetime_operator.py
[2025-12-15T18:57:04.045+0000] {processor.py:914} INFO - Processing file /home/airflow/.local/lib/python3.12/site-packages/airflow/example_dags/example_branch_datetime_operator.py for tasks to queue
[2025-12-15T18:57:04.061+0000] {logging_mixin.py:190} INFO - [2025-12-15T18:57:04.060+0000] {dagbag.py:588} INFO - Filling up the DagBag from /home/airflow/.local/lib/python3.12/site-packages/airflow/example_dags/example_branch_datetime_operator.py
[2025-12-15T18:57:04.192+0000] {processor.py:925} INFO - DAG(s) 'example_branch_datetime_operator', 'example_branch_datetime_operator_3', 'example_branch_datetime_operator_2' retrieved from /home/airflow/.local/lib/python3.12/site-packages/airflow/example_dags/example_branch_datetime_operator.py
[2025-12-15T18:57:04.401+0000] {logging_mixin.py:190} INFO - [2025-12-15T18:57:04.400+0000] {dag.py:3239} INFO - Sync 3 DAGs
[2025-12-15T18:57:04.562+0000] {logging_mixin.py:190} INFO - [2025-12-15T18:57:04.561+0000] {dag.py:4180} INFO - Setting next_dagrun for example_branch_datetime_operator to 2025-12-14 00:00:00+00:00, run_after=2025-12-15 00:00:00+00:00
[2025-12-15T18:57:04.579+0000] {logging_mixin.py:190} INFO - [2025-12-15T18:57:04.578+0000] {dag.py:4180} INFO - Setting next_dagrun for example_branch_datetime_operator_2 to 2025-12-14 00:00:00+00:00, run_after=2025-12-15 00:00:00+00:00
[2025-12-15T18:57:04.590+0000] {logging_mixin.py:190} INFO - [2025-12-15T18:57:04.588+0000] {dag.py:4180} INFO - Setting next_dagrun for example_branch_datetime_operator_3 to 2025-12-14 00:00:00+00:00, run_after=2025-12-15 00:00:00+00:00
[2025-12-15T18:57:04.654+0000] {processor.py:208} INFO - Processing /home/airflow/.local/lib/python3.12/site-packages/airflow/example_dags/example_branch_datetime_operator.py took 0.667 seconds
[2025-12-15T18:57:38.009+0000] {processor.py:186} INFO - Started process (PID=1041) to work on /home/airflow/.local/lib/python3.12/site-packages/airflow/example_dags/example_branch_datetime_operator.py
[2025-12-15T18:57:38.012+0000] {processor.py:914} INFO - Processing file /home/airflow/.local/lib/python3.12/site-packages/airflow/example_dags/example_branch_datetime_operator.py for tasks to queue
[2025-12-15T18:57:38.024+0000] {logging_mixin.py:190} INFO - [2025-12-15T18:57:38.023+0000] {dagbag.py:588} INFO - Filling up the DagBag from /home/airflow/.local/lib/python3.12/site-packages/airflow/example_dags/example_branch_datetime_operator.py
[2025-12-15T18:57:38.098+0000] {processor.py:925} INFO - DAG(s) 'example_branch_datetime_operator', 'example_branch_datetime_operator_3', 'example_branch_datetime_operator_2' retrieved from /home/airflow/.local/lib/python3.12/site-packages/airflow/example_dags/example_branch_datetime_operator.py
[2025-12-15T18:58:18.408+0000] {processor.py:186} INFO - Started process (PID=1326) to work on /home/airflow/.local/lib/python3.12/site-packages/airflow/example_dags/example_branch_datetime_operator.py
[2025-12-15T18:58:18.410+0000] {processor.py:914} INFO - Processing file /home/airflow/.local/lib/python3.12/site-packages/airflow/example_dags/example_branch_datetime_operator.py for tasks to queue
[2025-12-15T18:58:18.415+0000] {logging_mixin.py:190} INFO - [2025-12-15T18:58:18.415+0000] {dagbag.py:588} INFO - Filling up the DagBag from /home/airflow/.local/lib/python3.12/site-packages/airflow/example_dags/example_branch_datetime_operator.py
[2025-12-15T18:58:18.440+0000] {processor.py:925} INFO - DAG(s) 'example_branch_datetime_operator', 'example_branch_datetime_operator_3', 'example_branch_datetime_operator_2' retrieved from /home/airflow/.local/lib/python3.12/site-packages/airflow/example_dags/example_branch_datetime_operator.py
[2025-12-15T18:58:18.496+0000] {logging_mixin.py:190} INFO - [2025-12-15T18:58:18.495+0000] {dag.py:3239} INFO - Sync 3 DAGs
[2025-12-15T18:58:18.551+0000] {logging_mixin.py:190} INFO - [2025-12-15T18:58:18.551+0000] {dag.py:4180} INFO - Setting next_dagrun for example_branch_datetime_operator to 2025-12-14 00:00:00+00:00, run_after=2025-12-15 00:00:00+00:00
[2025-12-15T18:58:18.562+0000] {logging_mixin.py:190} INFO - [2025-12-15T18:58:18.561+0000] {dag.py:4180} INFO - Setting next_dagrun for example_branch_datetime_operator_2 to 2025-12-14 00:00:00+00:00, run_after=2025-12-15 00:00:00+00:00
[2025-12-15T18:58:18.566+0000] {logging_mixin.py:190} INFO - [2025-12-15T18:58:18.566+0000] {dag.py:4180} INFO - Setting next_dagrun for example_branch_datetime_operator_3 to 2025-12-14 00:00:00+00:00, run_after=2025-12-15 00:00:00+00:00
[2025-12-15T18:58:18.606+0000] {processor.py:208} INFO - Processing /home/airflow/.local/lib/python3.12/site-packages/airflow/example_dags/example_branch_datetime_operator.py took 0.208 seconds
[2025-12-15T18:58:49.037+0000] {processor.py:186} INFO - Started process (PID=1617) to work on /home/airflow/.local/lib/python3.12/site-packages/airflow/example_dags/example_branch_datetime_operator.py
[2025-12-15T18:58:49.040+0000] {processor.py:914} INFO - Processing file /home/airflow/.local/lib/python3.12/site-packages/airflow/example_dags/example_branch_datetime_operator.py for tasks to queue
[2025-12-15T18:58:49.045+0000] {logging_mixin.py:190} INFO - [2025-12-15T18:58:49.044+0000] {dagbag.py:588} INFO - Filling up the DagBag from /home/airflow/.local/lib/python3.12/site-packages/airflow/example_dags/example_branch_datetime_operator.py
[2025-12-15T18:58:49.063+0000] {processor.py:925} INFO - DAG(s) 'example_branch_datetime_operator_3', 'example_branch_datetime_operator', 'example_branch_datetime_operator_2' retrieved from /home/airflow/.local/lib/python3.12/site-packages/airflow/example_dags/example_branch_datetime_operator.py
[2025-12-15T18:58:49.277+0000] {logging_mixin.py:190} INFO - [2025-12-15T18:58:49.276+0000] {dag.py:3239} INFO - Sync 3 DAGs
[2025-12-15T18:58:51.163+0000] {logging_mixin.py:190} INFO - [2025-12-15T18:58:51.162+0000] {dag.py:4180} INFO - Setting next_dagrun for example_branch_datetime_operator to 2025-12-14 00:00:00+00:00, run_after=2025-12-15 00:00:00+00:00
[2025-12-15T18:58:51.227+0000] {logging_mixin.py:190} INFO - [2025-12-15T18:58:51.226+0000] {dag.py:4180} INFO - Setting next_dagrun for example_branch_datetime_operator_2 to 2025-12-14 00:00:00+00:00, run_after=2025-12-15 00:00:00+00:00
[2025-12-15T18:58:51.234+0000] {logging_mixin.py:190} INFO - [2025-12-15T18:58:51.234+0000] {dag.py:4180} INFO - Setting next_dagrun for example_branch_datetime_operator_3 to 2025-12-14 00:00:00+00:00, run_after=2025-12-15 00:00:00+00:00
[2025-12-15T18:58:51.389+0000] {processor.py:208} INFO - Processing /home/airflow/.local/lib/python3.12/site-packages/airflow/example_dags/example_branch_datetime_operator.py took 2.361 seconds
[2025-12-15T18:59:59.086+0000] {processor.py:186} INFO - Started process (PID=2032) to work on /home/airflow/.local/lib/python3.12/site-packages/airflow/example_dags/example_branch_datetime_operator.py
[2025-12-15T18:59:59.104+0000] {processor.py:914} INFO - Processing file /home/airflow/.local/lib/python3.12/site-packages/airflow/example_dags/example_branch_datetime_operator.py for tasks to queue
[2025-12-15T18:59:59.125+0000] {logging_mixin.py:190} INFO - [2025-12-15T18:59:59.124+0000] {dagbag.py:588} INFO - Filling up the DagBag from /home/airflow/.local/lib/python3.12/site-packages/airflow/example_dags/example_branch_datetime_operator.py
[2025-12-15T18:59:59.296+0000] {processor.py:925} INFO - DAG(s) 'example_branch_datetime_operator', 'example_branch_datetime_operator_2', 'example_branch_datetime_operator_3' retrieved from /home/airflow/.local/lib/python3.12/site-packages/airflow/example_dags/example_branch_datetime_operator.py
[2025-12-15T18:59:59.455+0000] {logging_mixin.py:190} INFO - [2025-12-15T18:59:59.454+0000] {dag.py:3239} INFO - Sync 3 DAGs
[2025-12-15T18:59:59.618+0000] {logging_mixin.py:190} INFO - [2025-12-15T18:59:59.618+0000] {dag.py:4180} INFO - Setting next_dagrun for example_branch_datetime_operator to 2025-12-14 00:00:00+00:00, run_after=2025-12-15 00:00:00+00:00
[2025-12-15T18:59:59.649+0000] {logging_mixin.py:190} INFO - [2025-12-15T18:59:59.648+0000] {dag.py:4180} INFO - Setting next_dagrun for example_branch_datetime_operator_2 to 2025-12-14 00:00:00+00:00, run_after=2025-12-15 00:00:00+00:00
[2025-12-15T18:59:59.662+0000] {logging_mixin.py:190} INFO - [2025-12-15T18:59:59.662+0000] {dag.py:4180} INFO - Setting next_dagrun for example_branch_datetime_operator_3 to 2025-12-14 00:00:00+00:00, run_after=2025-12-15 00:00:00+00:00
[2025-12-15T18:59:59.740+0000] {processor.py:208} INFO - Processing /home/airflow/.local/lib/python3.12/site-packages/airflow/example_dags/example_branch_datetime_operator.py took 0.690 seconds
[2025-12-15T19:01:57.766+0000] {processor.py:186} INFO - Started process (PID=2355) to work on /home/airflow/.local/lib/python3.12/site-packages/airflow/example_dags/example_branch_datetime_operator.py
[2025-12-15T19:01:57.769+0000] {processor.py:914} INFO - Processing file /home/airflow/.local/lib/python3.12/site-packages/airflow/example_dags/example_branch_datetime_operator.py for tasks to queue
[2025-12-15T19:01:57.774+0000] {logging_mixin.py:190} INFO - [2025-12-15T19:01:57.773+0000] {dagbag.py:588} INFO - Filling up the DagBag from /home/airflow/.local/lib/python3.12/site-packages/airflow/example_dags/example_branch_datetime_operator.py
[2025-12-15T19:01:57.809+0000] {processor.py:925} INFO - DAG(s) 'example_branch_datetime_operator', 'example_branch_datetime_operator_2', 'example_branch_datetime_operator_3' retrieved from /home/airflow/.local/lib/python3.12/site-packages/airflow/example_dags/example_branch_datetime_operator.py
[2025-12-15T19:01:57.870+0000] {logging_mixin.py:190} INFO - [2025-12-15T19:01:57.870+0000] {dag.py:3239} INFO - Sync 3 DAGs
[2025-12-15T19:01:57.931+0000] {logging_mixin.py:190} INFO - [2025-12-15T19:01:57.931+0000] {dag.py:4180} INFO - Setting next_dagrun for example_branch_datetime_operator to 2025-12-14 00:00:00+00:00, run_after=2025-12-15 00:00:00+00:00
[2025-12-15T19:01:57.944+0000] {logging_mixin.py:190} INFO - [2025-12-15T19:01:57.944+0000] {dag.py:4180} INFO - Setting next_dagrun for example_branch_datetime_operator_2 to 2025-12-14 00:00:00+00:00, run_after=2025-12-15 00:00:00+00:00
[2025-12-15T19:01:57.955+0000] {logging_mixin.py:190} INFO - [2025-12-15T19:01:57.954+0000] {dag.py:4180} INFO - Setting next_dagrun for example_branch_datetime_operator_3 to 2025-12-14 00:00:00+00:00, run_after=2025-12-15 00:00:00+00:00
[2025-12-15T19:01:57.995+0000] {processor.py:208} INFO - Processing /home/airflow/.local/lib/python3.12/site-packages/airflow/example_dags/example_branch_datetime_operator.py took 0.247 seconds
[2025-12-15T19:02:33.094+0000] {processor.py:186} INFO - Started process (PID=2731) to work on /home/airflow/.local/lib/python3.12/site-packages/airflow/example_dags/example_branch_datetime_operator.py
[2025-12-15T19:02:33.096+0000] {processor.py:914} INFO - Processing file /home/airflow/.local/lib/python3.12/site-packages/airflow/example_dags/example_branch_datetime_operator.py for tasks to queue
[2025-12-15T19:02:33.100+0000] {logging_mixin.py:190} INFO - [2025-12-15T19:02:33.099+0000] {dagbag.py:588} INFO - Filling up the DagBag from /home/airflow/.local/lib/python3.12/site-packages/airflow/example_dags/example_branch_datetime_operator.py
[2025-12-15T19:02:33.133+0000] {processor.py:925} INFO - DAG(s) 'example_branch_datetime_operator_3', 'example_branch_datetime_operator', 'example_branch_datetime_operator_2' retrieved from /home/airflow/.local/lib/python3.12/site-packages/airflow/example_dags/example_branch_datetime_operator.py
[2025-12-15T19:02:33.198+0000] {logging_mixin.py:190} INFO - [2025-12-15T19:02:33.198+0000] {dag.py:3239} INFO - Sync 3 DAGs
[2025-12-15T19:02:33.251+0000] {logging_mixin.py:190} INFO - [2025-12-15T19:02:33.250+0000] {dag.py:4180} INFO - Setting next_dagrun for example_branch_datetime_operator to 2025-12-14 00:00:00+00:00, run_after=2025-12-15 00:00:00+00:00
[2025-12-15T19:02:33.266+0000] {logging_mixin.py:190} INFO - [2025-12-15T19:02:33.265+0000] {dag.py:4180} INFO - Setting next_dagrun for example_branch_datetime_operator_2 to 2025-12-14 00:00:00+00:00, run_after=2025-12-15 00:00:00+00:00
[2025-12-15T19:02:33.270+0000] {logging_mixin.py:190} INFO - [2025-12-15T19:02:33.269+0000] {dag.py:4180} INFO - Setting next_dagrun for example_branch_datetime_operator_3 to 2025-12-14 00:00:00+00:00, run_after=2025-12-15 00:00:00+00:00
[2025-12-15T19:02:33.314+0000] {processor.py:208} INFO - Processing /home/airflow/.local/lib/python3.12/site-packages/airflow/example_dags/example_branch_datetime_operator.py took 0.235 seconds
[2025-12-15T19:03:07.934+0000] {processor.py:186} INFO - Started process (PID=3042) to work on /home/airflow/.local/lib/python3.12/site-packages/airflow/example_dags/example_branch_datetime_operator.py
[2025-12-15T19:03:07.937+0000] {processor.py:914} INFO - Processing file /home/airflow/.local/lib/python3.12/site-packages/airflow/example_dags/example_branch_datetime_operator.py for tasks to queue
[2025-12-15T19:03:07.942+0000] {logging_mixin.py:190} INFO - [2025-12-15T19:03:07.941+0000] {dagbag.py:588} INFO - Filling up the DagBag from /home/airflow/.local/lib/python3.12/site-packages/airflow/example_dags/example_branch_datetime_operator.py
[2025-12-15T19:03:07.973+0000] {processor.py:925} INFO - DAG(s) 'example_branch_datetime_operator_2', 'example_branch_datetime_operator', 'example_branch_datetime_operator_3' retrieved from /home/airflow/.local/lib/python3.12/site-packages/airflow/example_dags/example_branch_datetime_operator.py
[2025-12-15T19:03:08.038+0000] {logging_mixin.py:190} INFO - [2025-12-15T19:03:08.038+0000] {dag.py:3239} INFO - Sync 3 DAGs
[2025-12-15T19:03:08.102+0000] {logging_mixin.py:190} INFO - [2025-12-15T19:03:08.100+0000] {dag.py:4180} INFO - Setting next_dagrun for example_branch_datetime_operator to 2025-12-14 00:00:00+00:00, run_after=2025-12-15 00:00:00+00:00
[2025-12-15T19:03:08.113+0000] {logging_mixin.py:190} INFO - [2025-12-15T19:03:08.112+0000] {dag.py:4180} INFO - Setting next_dagrun for example_branch_datetime_operator_2 to 2025-12-14 00:00:00+00:00, run_after=2025-12-15 00:00:00+00:00
[2025-12-15T19:03:08.124+0000] {logging_mixin.py:190} INFO - [2025-12-15T19:03:08.124+0000] {dag.py:4180} INFO - Setting next_dagrun for example_branch_datetime_operator_3 to 2025-12-14 00:00:00+00:00, run_after=2025-12-15 00:00:00+00:00
[2025-12-15T19:03:08.168+0000] {processor.py:208} INFO - Processing /home/airflow/.local/lib/python3.12/site-packages/airflow/example_dags/example_branch_datetime_operator.py took 0.256 seconds
[2025-12-15T19:03:39.426+0000] {processor.py:186} INFO - Started process (PID=3333) to work on /home/airflow/.local/lib/python3.12/site-packages/airflow/example_dags/example_branch_datetime_operator.py
[2025-12-15T19:03:39.429+0000] {processor.py:914} INFO - Processing file /home/airflow/.local/lib/python3.12/site-packages/airflow/example_dags/example_branch_datetime_operator.py for tasks to queue
[2025-12-15T19:03:39.455+0000] {logging_mixin.py:190} INFO - [2025-12-15T19:03:39.444+0000] {dagbag.py:588} INFO - Filling up the DagBag from /home/airflow/.local/lib/python3.12/site-packages/airflow/example_dags/example_branch_datetime_operator.py
[2025-12-15T19:03:39.570+0000] {processor.py:925} INFO - DAG(s) 'example_branch_datetime_operator', 'example_branch_datetime_operator_3', 'example_branch_datetime_operator_2' retrieved from /home/airflow/.local/lib/python3.12/site-packages/airflow/example_dags/example_branch_datetime_operator.py
[2025-12-15T19:03:39.744+0000] {logging_mixin.py:190} INFO - [2025-12-15T19:03:39.744+0000] {dag.py:3239} INFO - Sync 3 DAGs
[2025-12-15T19:03:39.983+0000] {logging_mixin.py:190} INFO - [2025-12-15T19:03:39.982+0000] {dag.py:4180} INFO - Setting next_dagrun for example_branch_datetime_operator to 2025-12-14 00:00:00+00:00, run_after=2025-12-15 00:00:00+00:00
[2025-12-15T19:03:40.037+0000] {logging_mixin.py:190} INFO - [2025-12-15T19:03:40.037+0000] {dag.py:4180} INFO - Setting next_dagrun for example_branch_datetime_operator_2 to 2025-12-14 00:00:00+00:00, run_after=2025-12-15 00:00:00+00:00
[2025-12-15T19:03:40.055+0000] {logging_mixin.py:190} INFO - [2025-12-15T19:03:40.054+0000] {dag.py:4180} INFO - Setting next_dagrun for example_branch_datetime_operator_3 to 2025-12-14 00:00:00+00:00, run_after=2025-12-15 00:00:00+00:00
[2025-12-15T19:03:40.201+0000] {processor.py:208} INFO - Processing /home/airflow/.local/lib/python3.12/site-packages/airflow/example_dags/example_branch_datetime_operator.py took 0.824 seconds
[2025-12-15T19:04:11.919+0000] {processor.py:186} INFO - Started process (PID=3624) to work on /home/airflow/.local/lib/python3.12/site-packages/airflow/example_dags/example_branch_datetime_operator.py
[2025-12-15T19:04:11.921+0000] {processor.py:914} INFO - Processing file /home/airflow/.local/lib/python3.12/site-packages/airflow/example_dags/example_branch_datetime_operator.py for tasks to queue
[2025-12-15T19:04:11.925+0000] {logging_mixin.py:190} INFO - [2025-12-15T19:04:11.925+0000] {dagbag.py:588} INFO - Filling up the DagBag from /home/airflow/.local/lib/python3.12/site-packages/airflow/example_dags/example_branch_datetime_operator.py
[2025-12-15T19:04:11.954+0000] {processor.py:925} INFO - DAG(s) 'example_branch_datetime_operator_2', 'example_branch_datetime_operator', 'example_branch_datetime_operator_3' retrieved from /home/airflow/.local/lib/python3.12/site-packages/airflow/example_dags/example_branch_datetime_operator.py
[2025-12-15T19:04:12.008+0000] {logging_mixin.py:190} INFO - [2025-12-15T19:04:12.008+0000] {dag.py:3239} INFO - Sync 3 DAGs
[2025-12-15T19:04:12.058+0000] {logging_mixin.py:190} INFO - [2025-12-15T19:04:12.058+0000] {dag.py:4180} INFO - Setting next_dagrun for example_branch_datetime_operator to 2025-12-14 00:00:00+00:00, run_after=2025-12-15 00:00:00+00:00
[2025-12-15T19:04:12.068+0000] {logging_mixin.py:190} INFO - [2025-12-15T19:04:12.067+0000] {dag.py:4180} INFO - Setting next_dagrun for example_branch_datetime_operator_2 to 2025-12-14 00:00:00+00:00, run_after=2025-12-15 00:00:00+00:00
[2025-12-15T19:04:12.073+0000] {logging_mixin.py:190} INFO - [2025-12-15T19:04:12.072+0000] {dag.py:4180} INFO - Setting next_dagrun for example_branch_datetime_operator_3 to 2025-12-14 00:00:00+00:00, run_after=2025-12-15 00:00:00+00:00
[2025-12-15T19:04:12.109+0000] {processor.py:208} INFO - Processing /home/airflow/.local/lib/python3.12/site-packages/airflow/example_dags/example_branch_datetime_operator.py took 0.202 seconds
[2025-12-15T19:04:45.437+0000] {processor.py:186} INFO - Started process (PID=3915) to work on /home/airflow/.local/lib/python3.12/site-packages/airflow/example_dags/example_branch_datetime_operator.py
[2025-12-15T19:04:45.439+0000] {processor.py:914} INFO - Processing file /home/airflow/.local/lib/python3.12/site-packages/airflow/example_dags/example_branch_datetime_operator.py for tasks to queue
[2025-12-15T19:04:45.443+0000] {logging_mixin.py:190} INFO - [2025-12-15T19:04:45.443+0000] {dagbag.py:588} INFO - Filling up the DagBag from /home/airflow/.local/lib/python3.12/site-packages/airflow/example_dags/example_branch_datetime_operator.py
[2025-12-15T19:04:45.465+0000] {processor.py:925} INFO - DAG(s) 'example_branch_datetime_operator_2', 'example_branch_datetime_operator_3', 'example_branch_datetime_operator' retrieved from /home/airflow/.local/lib/python3.12/site-packages/airflow/example_dags/example_branch_datetime_operator.py
[2025-12-15T19:04:45.512+0000] {logging_mixin.py:190} INFO - [2025-12-15T19:04:45.511+0000] {dag.py:3239} INFO - Sync 3 DAGs
[2025-12-15T19:04:45.553+0000] {logging_mixin.py:190} INFO - [2025-12-15T19:04:45.552+0000] {dag.py:4180} INFO - Setting next_dagrun for example_branch_datetime_operator to 2025-12-14 00:00:00+00:00, run_after=2025-12-15 00:00:00+00:00
[2025-12-15T19:04:45.561+0000] {logging_mixin.py:190} INFO - [2025-12-15T19:04:45.560+0000] {dag.py:4180} INFO - Setting next_dagrun for example_branch_datetime_operator_2 to 2025-12-14 00:00:00+00:00, run_after=2025-12-15 00:00:00+00:00
[2025-12-15T19:04:45.564+0000] {logging_mixin.py:190} INFO - [2025-12-15T19:04:45.564+0000] {dag.py:4180} INFO - Setting next_dagrun for example_branch_datetime_operator_3 to 2025-12-14 00:00:00+00:00, run_after=2025-12-15 00:00:00+00:00
[2025-12-15T19:04:45.599+0000] {processor.py:208} INFO - Processing /home/airflow/.local/lib/python3.12/site-packages/airflow/example_dags/example_branch_datetime_operator.py took 0.173 seconds
[2025-12-15T19:05:17.997+0000] {processor.py:186} INFO - Started process (PID=4206) to work on /home/airflow/.local/lib/python3.12/site-packages/airflow/example_dags/example_branch_datetime_operator.py
[2025-12-15T19:05:18.006+0000] {processor.py:914} INFO - Processing file /home/airflow/.local/lib/python3.12/site-packages/airflow/example_dags/example_branch_datetime_operator.py for tasks to queue
[2025-12-15T19:05:18.013+0000] {logging_mixin.py:190} INFO - [2025-12-15T19:05:18.012+0000] {dagbag.py:588} INFO - Filling up the DagBag from /home/airflow/.local/lib/python3.12/site-packages/airflow/example_dags/example_branch_datetime_operator.py
[2025-12-15T19:05:18.045+0000] {processor.py:925} INFO - DAG(s) 'example_branch_datetime_operator_3', 'example_branch_datetime_operator_2', 'example_branch_datetime_operator' retrieved from /home/airflow/.local/lib/python3.12/site-packages/airflow/example_dags/example_branch_datetime_operator.py
[2025-12-15T19:05:18.095+0000] {logging_mixin.py:190} INFO - [2025-12-15T19:05:18.095+0000] {dag.py:3239} INFO - Sync 3 DAGs
[2025-12-15T19:05:18.136+0000] {logging_mixin.py:190} INFO - [2025-12-15T19:05:18.135+0000] {dag.py:4180} INFO - Setting next_dagrun for example_branch_datetime_operator to 2025-12-14 00:00:00+00:00, run_after=2025-12-15 00:00:00+00:00
[2025-12-15T19:05:18.146+0000] {logging_mixin.py:190} INFO - [2025-12-15T19:05:18.146+0000] {dag.py:4180} INFO - Setting next_dagrun for example_branch_datetime_operator_2 to 2025-12-14 00:00:00+00:00, run_after=2025-12-15 00:00:00+00:00
[2025-12-15T19:05:18.150+0000] {logging_mixin.py:190} INFO - [2025-12-15T19:05:18.150+0000] {dag.py:4180} INFO - Setting next_dagrun for example_branch_datetime_operator_3 to 2025-12-14 00:00:00+00:00, run_after=2025-12-15 00:00:00+00:00
[2025-12-15T19:05:18.181+0000] {processor.py:208} INFO - Processing /home/airflow/.local/lib/python3.12/site-packages/airflow/example_dags/example_branch_datetime_operator.py took 0.195 seconds
[2025-12-15T19:05:49.152+0000] {processor.py:186} INFO - Started process (PID=4497) to work on /home/airflow/.local/lib/python3.12/site-packages/airflow/example_dags/example_branch_datetime_operator.py
[2025-12-15T19:05:49.153+0000] {processor.py:914} INFO - Processing file /home/airflow/.local/lib/python3.12/site-packages/airflow/example_dags/example_branch_datetime_operator.py for tasks to queue
[2025-12-15T19:05:49.157+0000] {logging_mixin.py:190} INFO - [2025-12-15T19:05:49.156+0000] {dagbag.py:588} INFO - Filling up the DagBag from /home/airflow/.local/lib/python3.12/site-packages/airflow/example_dags/example_branch_datetime_operator.py
[2025-12-15T19:05:49.182+0000] {processor.py:925} INFO - DAG(s) 'example_branch_datetime_operator_2', 'example_branch_datetime_operator_3', 'example_branch_datetime_operator' retrieved from /home/airflow/.local/lib/python3.12/site-packages/airflow/example_dags/example_branch_datetime_operator.py
[2025-12-15T19:05:49.220+0000] {logging_mixin.py:190} INFO - [2025-12-15T19:05:49.220+0000] {dag.py:3239} INFO - Sync 3 DAGs
[2025-12-15T19:05:49.255+0000] {logging_mixin.py:190} INFO - [2025-12-15T19:05:49.254+0000] {dag.py:4180} INFO - Setting next_dagrun for example_branch_datetime_operator to 2025-12-14 00:00:00+00:00, run_after=2025-12-15 00:00:00+00:00
[2025-12-15T19:05:49.261+0000] {logging_mixin.py:190} INFO - [2025-12-15T19:05:49.261+0000] {dag.py:4180} INFO - Setting next_dagrun for example_branch_datetime_operator_2 to 2025-12-14 00:00:00+00:00, run_after=2025-12-15 00:00:00+00:00
[2025-12-15T19:05:49.264+0000] {logging_mixin.py:190} INFO - [2025-12-15T19:05:49.264+0000] {dag.py:4180} INFO - Setting next_dagrun for example_branch_datetime_operator_3 to 2025-12-14 00:00:00+00:00, run_after=2025-12-15 00:00:00+00:00
[2025-12-15T19:05:49.289+0000] {processor.py:208} INFO - Processing /home/airflow/.local/lib/python3.12/site-packages/airflow/example_dags/example_branch_datetime_operator.py took 0.147 seconds
[2025-12-15T19:06:23.319+0000] {processor.py:186} INFO - Started process (PID=4788) to work on /home/airflow/.local/lib/python3.12/site-packages/airflow/example_dags/example_branch_datetime_operator.py
[2025-12-15T19:06:23.321+0000] {processor.py:914} INFO - Processing file /home/airflow/.local/lib/python3.12/site-packages/airflow/example_dags/example_branch_datetime_operator.py for tasks to queue
[2025-12-15T19:06:23.325+0000] {logging_mixin.py:190} INFO - [2025-12-15T19:06:23.324+0000] {dagbag.py:588} INFO - Filling up the DagBag from /home/airflow/.local/lib/python3.12/site-packages/airflow/example_dags/example_branch_datetime_operator.py
[2025-12-15T19:06:23.350+0000] {processor.py:925} INFO - DAG(s) 'example_branch_datetime_operator_3', 'example_branch_datetime_operator', 'example_branch_datetime_operator_2' retrieved from /home/airflow/.local/lib/python3.12/site-packages/airflow/example_dags/example_branch_datetime_operator.py
[2025-12-15T19:06:23.395+0000] {logging_mixin.py:190} INFO - [2025-12-15T19:06:23.395+0000] {dag.py:3239} INFO - Sync 3 DAGs
[2025-12-15T19:06:23.440+0000] {logging_mixin.py:190} INFO - [2025-12-15T19:06:23.440+0000] {dag.py:4180} INFO - Setting next_dagrun for example_branch_datetime_operator to 2025-12-14 00:00:00+00:00, run_after=2025-12-15 00:00:00+00:00
[2025-12-15T19:06:23.448+0000] {logging_mixin.py:190} INFO - [2025-12-15T19:06:23.447+0000] {dag.py:4180} INFO - Setting next_dagrun for example_branch_datetime_operator_2 to 2025-12-14 00:00:00+00:00, run_after=2025-12-15 00:00:00+00:00
[2025-12-15T19:06:23.454+0000] {logging_mixin.py:190} INFO - [2025-12-15T19:06:23.454+0000] {dag.py:4180} INFO - Setting next_dagrun for example_branch_datetime_operator_3 to 2025-12-14 00:00:00+00:00, run_after=2025-12-15 00:00:00+00:00
[2025-12-15T19:06:23.479+0000] {processor.py:208} INFO - Processing /home/airflow/.local/lib/python3.12/site-packages/airflow/example_dags/example_branch_datetime_operator.py took 0.173 seconds
[2025-12-15T19:06:56.004+0000] {processor.py:186} INFO - Started process (PID=5079) to work on /home/airflow/.local/lib/python3.12/site-packages/airflow/example_dags/example_branch_datetime_operator.py
[2025-12-15T19:06:56.006+0000] {processor.py:914} INFO - Processing file /home/airflow/.local/lib/python3.12/site-packages/airflow/example_dags/example_branch_datetime_operator.py for tasks to queue
[2025-12-15T19:06:56.011+0000] {logging_mixin.py:190} INFO - [2025-12-15T19:06:56.010+0000] {dagbag.py:588} INFO - Filling up the DagBag from /home/airflow/.local/lib/python3.12/site-packages/airflow/example_dags/example_branch_datetime_operator.py
[2025-12-15T19:06:56.042+0000] {processor.py:925} INFO - DAG(s) 'example_branch_datetime_operator_2', 'example_branch_datetime_operator', 'example_branch_datetime_operator_3' retrieved from /home/airflow/.local/lib/python3.12/site-packages/airflow/example_dags/example_branch_datetime_operator.py
[2025-12-15T19:06:56.092+0000] {logging_mixin.py:190} INFO - [2025-12-15T19:06:56.092+0000] {dag.py:3239} INFO - Sync 3 DAGs
[2025-12-15T19:06:56.144+0000] {logging_mixin.py:190} INFO - [2025-12-15T19:06:56.144+0000] {dag.py:4180} INFO - Setting next_dagrun for example_branch_datetime_operator to 2025-12-14 00:00:00+00:00, run_after=2025-12-15 00:00:00+00:00
[2025-12-15T19:06:56.155+0000] {logging_mixin.py:190} INFO - [2025-12-15T19:06:56.155+0000] {dag.py:4180} INFO - Setting next_dagrun for example_branch_datetime_operator_2 to 2025-12-14 00:00:00+00:00, run_after=2025-12-15 00:00:00+00:00
[2025-12-15T19:06:56.160+0000] {logging_mixin.py:190} INFO - [2025-12-15T19:06:56.160+0000] {dag.py:4180} INFO - Setting next_dagrun for example_branch_datetime_operator_3 to 2025-12-14 00:00:00+00:00, run_after=2025-12-15 00:00:00+00:00
[2025-12-15T19:06:56.188+0000] {processor.py:208} INFO - Processing /home/airflow/.local/lib/python3.12/site-packages/airflow/example_dags/example_branch_datetime_operator.py took 0.197 seconds
[2025-12-15T19:07:32.904+0000] {processor.py:186} INFO - Started process (PID=5370) to work on /home/airflow/.local/lib/python3.12/site-packages/airflow/example_dags/example_branch_datetime_operator.py
[2025-12-15T19:07:32.907+0000] {processor.py:914} INFO - Processing file /home/airflow/.local/lib/python3.12/site-packages/airflow/example_dags/example_branch_datetime_operator.py for tasks to queue
[2025-12-15T19:07:32.911+0000] {logging_mixin.py:190} INFO - [2025-12-15T19:07:32.910+0000] {dagbag.py:588} INFO - Filling up the DagBag from /home/airflow/.local/lib/python3.12/site-packages/airflow/example_dags/example_branch_datetime_operator.py
[2025-12-15T19:07:32.934+0000] {processor.py:925} INFO - DAG(s) 'example_branch_datetime_operator', 'example_branch_datetime_operator_2', 'example_branch_datetime_operator_3' retrieved from /home/airflow/.local/lib/python3.12/site-packages/airflow/example_dags/example_branch_datetime_operator.py
[2025-12-15T19:07:32.985+0000] {logging_mixin.py:190} INFO - [2025-12-15T19:07:32.984+0000] {dag.py:3239} INFO - Sync 3 DAGs
[2025-12-15T19:07:33.036+0000] {logging_mixin.py:190} INFO - [2025-12-15T19:07:33.036+0000] {dag.py:4180} INFO - Setting next_dagrun for example_branch_datetime_operator to 2025-12-14 00:00:00+00:00, run_after=2025-12-15 00:00:00+00:00
[2025-12-15T19:07:33.048+0000] {logging_mixin.py:190} INFO - [2025-12-15T19:07:33.048+0000] {dag.py:4180} INFO - Setting next_dagrun for example_branch_datetime_operator_2 to 2025-12-14 00:00:00+00:00, run_after=2025-12-15 00:00:00+00:00
[2025-12-15T19:07:33.052+0000] {logging_mixin.py:190} INFO - [2025-12-15T19:07:33.052+0000] {dag.py:4180} INFO - Setting next_dagrun for example_branch_datetime_operator_3 to 2025-12-14 00:00:00+00:00, run_after=2025-12-15 00:00:00+00:00
[2025-12-15T19:07:33.088+0000] {processor.py:208} INFO - Processing /home/airflow/.local/lib/python3.12/site-packages/airflow/example_dags/example_branch_datetime_operator.py took 0.196 seconds
[2025-12-15T19:08:04.864+0000] {processor.py:186} INFO - Started process (PID=5661) to work on /home/airflow/.local/lib/python3.12/site-packages/airflow/example_dags/example_branch_datetime_operator.py
[2025-12-15T19:08:04.866+0000] {processor.py:914} INFO - Processing file /home/airflow/.local/lib/python3.12/site-packages/airflow/example_dags/example_branch_datetime_operator.py for tasks to queue
[2025-12-15T19:08:04.872+0000] {logging_mixin.py:190} INFO - [2025-12-15T19:08:04.871+0000] {dagbag.py:588} INFO - Filling up the DagBag from /home/airflow/.local/lib/python3.12/site-packages/airflow/example_dags/example_branch_datetime_operator.py
[2025-12-15T19:08:04.893+0000] {processor.py:925} INFO - DAG(s) 'example_branch_datetime_operator', 'example_branch_datetime_operator_2', 'example_branch_datetime_operator_3' retrieved from /home/airflow/.local/lib/python3.12/site-packages/airflow/example_dags/example_branch_datetime_operator.py
[2025-12-15T19:08:04.938+0000] {logging_mixin.py:190} INFO - [2025-12-15T19:08:04.938+0000] {dag.py:3239} INFO - Sync 3 DAGs
[2025-12-15T19:08:04.976+0000] {logging_mixin.py:190} INFO - [2025-12-15T19:08:04.976+0000] {dag.py:4180} INFO - Setting next_dagrun for example_branch_datetime_operator to 2025-12-14 00:00:00+00:00, run_after=2025-12-15 00:00:00+00:00
[2025-12-15T19:08:04.983+0000] {logging_mixin.py:190} INFO - [2025-12-15T19:08:04.983+0000] {dag.py:4180} INFO - Setting next_dagrun for example_branch_datetime_operator_2 to 2025-12-14 00:00:00+00:00, run_after=2025-12-15 00:00:00+00:00
[2025-12-15T19:08:04.987+0000] {logging_mixin.py:190} INFO - [2025-12-15T19:08:04.987+0000] {dag.py:4180} INFO - Setting next_dagrun for example_branch_datetime_operator_3 to 2025-12-14 00:00:00+00:00, run_after=2025-12-15 00:00:00+00:00
[2025-12-15T19:08:05.012+0000] {processor.py:208} INFO - Processing /home/airflow/.local/lib/python3.12/site-packages/airflow/example_dags/example_branch_datetime_operator.py took 0.158 seconds
[2025-12-15T19:08:40.253+0000] {processor.py:186} INFO - Started process (PID=5954) to work on /home/airflow/.local/lib/python3.12/site-packages/airflow/example_dags/example_branch_datetime_operator.py
[2025-12-15T19:08:40.258+0000] {processor.py:914} INFO - Processing file /home/airflow/.local/lib/python3.12/site-packages/airflow/example_dags/example_branch_datetime_operator.py for tasks to queue
[2025-12-15T19:08:40.263+0000] {logging_mixin.py:190} INFO - [2025-12-15T19:08:40.262+0000] {dagbag.py:588} INFO - Filling up the DagBag from /home/airflow/.local/lib/python3.12/site-packages/airflow/example_dags/example_branch_datetime_operator.py
[2025-12-15T19:08:40.296+0000] {processor.py:925} INFO - DAG(s) 'example_branch_datetime_operator_2', 'example_branch_datetime_operator_3', 'example_branch_datetime_operator' retrieved from /home/airflow/.local/lib/python3.12/site-packages/airflow/example_dags/example_branch_datetime_operator.py
[2025-12-15T19:08:40.364+0000] {logging_mixin.py:190} INFO - [2025-12-15T19:08:40.363+0000] {dag.py:3239} INFO - Sync 3 DAGs
[2025-12-15T19:08:40.433+0000] {logging_mixin.py:190} INFO - [2025-12-15T19:08:40.433+0000] {dag.py:4180} INFO - Setting next_dagrun for example_branch_datetime_operator to 2025-12-14 00:00:00+00:00, run_after=2025-12-15 00:00:00+00:00
[2025-12-15T19:08:40.445+0000] {logging_mixin.py:190} INFO - [2025-12-15T19:08:40.444+0000] {dag.py:4180} INFO - Setting next_dagrun for example_branch_datetime_operator_2 to 2025-12-14 00:00:00+00:00, run_after=2025-12-15 00:00:00+00:00
[2025-12-15T19:08:40.452+0000] {logging_mixin.py:190} INFO - [2025-12-15T19:08:40.452+0000] {dag.py:4180} INFO - Setting next_dagrun for example_branch_datetime_operator_3 to 2025-12-14 00:00:00+00:00, run_after=2025-12-15 00:00:00+00:00
[2025-12-15T19:08:40.489+0000] {processor.py:208} INFO - Processing /home/airflow/.local/lib/python3.12/site-packages/airflow/example_dags/example_branch_datetime_operator.py took 0.247 seconds
[2025-12-15T19:09:11.327+0000] {processor.py:186} INFO - Started process (PID=6243) to work on /home/airflow/.local/lib/python3.12/site-packages/airflow/example_dags/example_branch_datetime_operator.py
[2025-12-15T19:09:11.330+0000] {processor.py:914} INFO - Processing file /home/airflow/.local/lib/python3.12/site-packages/airflow/example_dags/example_branch_datetime_operator.py for tasks to queue
[2025-12-15T19:09:11.335+0000] {logging_mixin.py:190} INFO - [2025-12-15T19:09:11.334+0000] {dagbag.py:588} INFO - Filling up the DagBag from /home/airflow/.local/lib/python3.12/site-packages/airflow/example_dags/example_branch_datetime_operator.py
[2025-12-15T19:09:11.358+0000] {processor.py:925} INFO - DAG(s) 'example_branch_datetime_operator', 'example_branch_datetime_operator_2', 'example_branch_datetime_operator_3' retrieved from /home/airflow/.local/lib/python3.12/site-packages/airflow/example_dags/example_branch_datetime_operator.py
[2025-12-15T19:09:11.397+0000] {logging_mixin.py:190} INFO - [2025-12-15T19:09:11.396+0000] {dag.py:3239} INFO - Sync 3 DAGs
[2025-12-15T19:09:11.435+0000] {logging_mixin.py:190} INFO - [2025-12-15T19:09:11.435+0000] {dag.py:4180} INFO - Setting next_dagrun for example_branch_datetime_operator to 2025-12-14 00:00:00+00:00, run_after=2025-12-15 00:00:00+00:00
[2025-12-15T19:09:11.441+0000] {logging_mixin.py:190} INFO - [2025-12-15T19:09:11.441+0000] {dag.py:4180} INFO - Setting next_dagrun for example_branch_datetime_operator_2 to 2025-12-14 00:00:00+00:00, run_after=2025-12-15 00:00:00+00:00
[2025-12-15T19:09:11.445+0000] {logging_mixin.py:190} INFO - [2025-12-15T19:09:11.444+0000] {dag.py:4180} INFO - Setting next_dagrun for example_branch_datetime_operator_3 to 2025-12-14 00:00:00+00:00, run_after=2025-12-15 00:00:00+00:00
[2025-12-15T19:09:11.469+0000] {processor.py:208} INFO - Processing /home/airflow/.local/lib/python3.12/site-packages/airflow/example_dags/example_branch_datetime_operator.py took 0.151 seconds
[2025-12-15T19:09:44.277+0000] {processor.py:186} INFO - Started process (PID=6534) to work on /home/airflow/.local/lib/python3.12/site-packages/airflow/example_dags/example_branch_datetime_operator.py
[2025-12-15T19:09:44.278+0000] {processor.py:914} INFO - Processing file /home/airflow/.local/lib/python3.12/site-packages/airflow/example_dags/example_branch_datetime_operator.py for tasks to queue
[2025-12-15T19:09:44.286+0000] {logging_mixin.py:190} INFO - [2025-12-15T19:09:44.285+0000] {dagbag.py:588} INFO - Filling up the DagBag from /home/airflow/.local/lib/python3.12/site-packages/airflow/example_dags/example_branch_datetime_operator.py
[2025-12-15T19:09:44.312+0000] {processor.py:925} INFO - DAG(s) 'example_branch_datetime_operator_3', 'example_branch_datetime_operator', 'example_branch_datetime_operator_2' retrieved from /home/airflow/.local/lib/python3.12/site-packages/airflow/example_dags/example_branch_datetime_operator.py
[2025-12-15T19:09:44.450+0000] {logging_mixin.py:190} INFO - [2025-12-15T19:09:44.449+0000] {dag.py:3239} INFO - Sync 3 DAGs
[2025-12-15T19:09:44.608+0000] {logging_mixin.py:190} INFO - [2025-12-15T19:09:44.608+0000] {dag.py:4180} INFO - Setting next_dagrun for example_branch_datetime_operator to 2025-12-14 00:00:00+00:00, run_after=2025-12-15 00:00:00+00:00
[2025-12-15T19:09:44.643+0000] {logging_mixin.py:190} INFO - [2025-12-15T19:09:44.643+0000] {dag.py:4180} INFO - Setting next_dagrun for example_branch_datetime_operator_2 to 2025-12-14 00:00:00+00:00, run_after=2025-12-15 00:00:00+00:00
[2025-12-15T19:09:44.661+0000] {logging_mixin.py:190} INFO - [2025-12-15T19:09:44.661+0000] {dag.py:4180} INFO - Setting next_dagrun for example_branch_datetime_operator_3 to 2025-12-14 00:00:00+00:00, run_after=2025-12-15 00:00:00+00:00
[2025-12-15T19:09:44.775+0000] {processor.py:208} INFO - Processing /home/airflow/.local/lib/python3.12/site-packages/airflow/example_dags/example_branch_datetime_operator.py took 0.515 seconds
[2025-12-15T19:10:16.052+0000] {processor.py:186} INFO - Started process (PID=6825) to work on /home/airflow/.local/lib/python3.12/site-packages/airflow/example_dags/example_branch_datetime_operator.py
[2025-12-15T19:10:16.054+0000] {processor.py:914} INFO - Processing file /home/airflow/.local/lib/python3.12/site-packages/airflow/example_dags/example_branch_datetime_operator.py for tasks to queue
[2025-12-15T19:10:16.061+0000] {logging_mixin.py:190} INFO - [2025-12-15T19:10:16.060+0000] {dagbag.py:588} INFO - Filling up the DagBag from /home/airflow/.local/lib/python3.12/site-packages/airflow/example_dags/example_branch_datetime_operator.py
[2025-12-15T19:10:16.085+0000] {processor.py:925} INFO - DAG(s) 'example_branch_datetime_operator', 'example_branch_datetime_operator_2', 'example_branch_datetime_operator_3' retrieved from /home/airflow/.local/lib/python3.12/site-packages/airflow/example_dags/example_branch_datetime_operator.py
[2025-12-15T19:10:16.150+0000] {logging_mixin.py:190} INFO - [2025-12-15T19:10:16.150+0000] {dag.py:3239} INFO - Sync 3 DAGs
[2025-12-15T19:10:16.198+0000] {logging_mixin.py:190} INFO - [2025-12-15T19:10:16.198+0000] {dag.py:4180} INFO - Setting next_dagrun for example_branch_datetime_operator to 2025-12-14 00:00:00+00:00, run_after=2025-12-15 00:00:00+00:00
[2025-12-15T19:10:16.210+0000] {logging_mixin.py:190} INFO - [2025-12-15T19:10:16.210+0000] {dag.py:4180} INFO - Setting next_dagrun for example_branch_datetime_operator_2 to 2025-12-14 00:00:00+00:00, run_after=2025-12-15 00:00:00+00:00
[2025-12-15T19:10:16.217+0000] {logging_mixin.py:190} INFO - [2025-12-15T19:10:16.216+0000] {dag.py:4180} INFO - Setting next_dagrun for example_branch_datetime_operator_3 to 2025-12-14 00:00:00+00:00, run_after=2025-12-15 00:00:00+00:00
[2025-12-15T19:10:16.262+0000] {processor.py:208} INFO - Processing /home/airflow/.local/lib/python3.12/site-packages/airflow/example_dags/example_branch_datetime_operator.py took 0.222 seconds
[2025-12-15T19:10:48.781+0000] {processor.py:186} INFO - Started process (PID=7117) to work on /home/airflow/.local/lib/python3.12/site-packages/airflow/example_dags/example_branch_datetime_operator.py
[2025-12-15T19:10:48.783+0000] {processor.py:914} INFO - Processing file /home/airflow/.local/lib/python3.12/site-packages/airflow/example_dags/example_branch_datetime_operator.py for tasks to queue
[2025-12-15T19:10:48.789+0000] {logging_mixin.py:190} INFO - [2025-12-15T19:10:48.788+0000] {dagbag.py:588} INFO - Filling up the DagBag from /home/airflow/.local/lib/python3.12/site-packages/airflow/example_dags/example_branch_datetime_operator.py
[2025-12-15T19:10:48.829+0000] {processor.py:925} INFO - DAG(s) 'example_branch_datetime_operator_3', 'example_branch_datetime_operator', 'example_branch_datetime_operator_2' retrieved from /home/airflow/.local/lib/python3.12/site-packages/airflow/example_dags/example_branch_datetime_operator.py
[2025-12-15T19:10:48.907+0000] {logging_mixin.py:190} INFO - [2025-12-15T19:10:48.906+0000] {dag.py:3239} INFO - Sync 3 DAGs
[2025-12-15T19:10:48.980+0000] {logging_mixin.py:190} INFO - [2025-12-15T19:10:48.979+0000] {dag.py:4180} INFO - Setting next_dagrun for example_branch_datetime_operator to 2025-12-14 00:00:00+00:00, run_after=2025-12-15 00:00:00+00:00
[2025-12-15T19:10:48.994+0000] {logging_mixin.py:190} INFO - [2025-12-15T19:10:48.994+0000] {dag.py:4180} INFO - Setting next_dagrun for example_branch_datetime_operator_2 to 2025-12-14 00:00:00+00:00, run_after=2025-12-15 00:00:00+00:00
[2025-12-15T19:10:48.998+0000] {logging_mixin.py:190} INFO - [2025-12-15T19:10:48.997+0000] {dag.py:4180} INFO - Setting next_dagrun for example_branch_datetime_operator_3 to 2025-12-14 00:00:00+00:00, run_after=2025-12-15 00:00:00+00:00
[2025-12-15T19:10:49.032+0000] {processor.py:208} INFO - Processing /home/airflow/.local/lib/python3.12/site-packages/airflow/example_dags/example_branch_datetime_operator.py took 0.267 seconds
[2025-12-15T19:11:19.570+0000] {processor.py:186} INFO - Started process (PID=7408) to work on /home/airflow/.local/lib/python3.12/site-packages/airflow/example_dags/example_branch_datetime_operator.py
[2025-12-15T19:11:19.572+0000] {processor.py:914} INFO - Processing file /home/airflow/.local/lib/python3.12/site-packages/airflow/example_dags/example_branch_datetime_operator.py for tasks to queue
[2025-12-15T19:11:19.575+0000] {logging_mixin.py:190} INFO - [2025-12-15T19:11:19.574+0000] {dagbag.py:588} INFO - Filling up the DagBag from /home/airflow/.local/lib/python3.12/site-packages/airflow/example_dags/example_branch_datetime_operator.py
[2025-12-15T19:11:19.593+0000] {processor.py:925} INFO - DAG(s) 'example_branch_datetime_operator_2', 'example_branch_datetime_operator_3', 'example_branch_datetime_operator' retrieved from /home/airflow/.local/lib/python3.12/site-packages/airflow/example_dags/example_branch_datetime_operator.py
[2025-12-15T19:11:19.636+0000] {logging_mixin.py:190} INFO - [2025-12-15T19:11:19.636+0000] {dag.py:3239} INFO - Sync 3 DAGs
[2025-12-15T19:11:19.680+0000] {logging_mixin.py:190} INFO - [2025-12-15T19:11:19.679+0000] {dag.py:4180} INFO - Setting next_dagrun for example_branch_datetime_operator to 2025-12-14 00:00:00+00:00, run_after=2025-12-15 00:00:00+00:00
[2025-12-15T19:11:19.686+0000] {logging_mixin.py:190} INFO - [2025-12-15T19:11:19.686+0000] {dag.py:4180} INFO - Setting next_dagrun for example_branch_datetime_operator_2 to 2025-12-14 00:00:00+00:00, run_after=2025-12-15 00:00:00+00:00
[2025-12-15T19:11:19.690+0000] {logging_mixin.py:190} INFO - [2025-12-15T19:11:19.690+0000] {dag.py:4180} INFO - Setting next_dagrun for example_branch_datetime_operator_3 to 2025-12-14 00:00:00+00:00, run_after=2025-12-15 00:00:00+00:00
[2025-12-15T19:11:19.729+0000] {processor.py:208} INFO - Processing /home/airflow/.local/lib/python3.12/site-packages/airflow/example_dags/example_branch_datetime_operator.py took 0.168 seconds
[2025-12-15T19:11:51.346+0000] {processor.py:186} INFO - Started process (PID=7699) to work on /home/airflow/.local/lib/python3.12/site-packages/airflow/example_dags/example_branch_datetime_operator.py
[2025-12-15T19:11:51.347+0000] {processor.py:914} INFO - Processing file /home/airflow/.local/lib/python3.12/site-packages/airflow/example_dags/example_branch_datetime_operator.py for tasks to queue
[2025-12-15T19:11:51.350+0000] {logging_mixin.py:190} INFO - [2025-12-15T19:11:51.350+0000] {dagbag.py:588} INFO - Filling up the DagBag from /home/airflow/.local/lib/python3.12/site-packages/airflow/example_dags/example_branch_datetime_operator.py
[2025-12-15T19:11:51.373+0000] {processor.py:925} INFO - DAG(s) 'example_branch_datetime_operator_3', 'example_branch_datetime_operator', 'example_branch_datetime_operator_2' retrieved from /home/airflow/.local/lib/python3.12/site-packages/airflow/example_dags/example_branch_datetime_operator.py
[2025-12-15T19:11:51.425+0000] {logging_mixin.py:190} INFO - [2025-12-15T19:11:51.425+0000] {dag.py:3239} INFO - Sync 3 DAGs
[2025-12-15T19:11:51.470+0000] {logging_mixin.py:190} INFO - [2025-12-15T19:11:51.470+0000] {dag.py:4180} INFO - Setting next_dagrun for example_branch_datetime_operator to 2025-12-14 00:00:00+00:00, run_after=2025-12-15 00:00:00+00:00
[2025-12-15T19:11:51.478+0000] {logging_mixin.py:190} INFO - [2025-12-15T19:11:51.478+0000] {dag.py:4180} INFO - Setting next_dagrun for example_branch_datetime_operator_2 to 2025-12-14 00:00:00+00:00, run_after=2025-12-15 00:00:00+00:00
[2025-12-15T19:11:51.483+0000] {logging_mixin.py:190} INFO - [2025-12-15T19:11:51.482+0000] {dag.py:4180} INFO - Setting next_dagrun for example_branch_datetime_operator_3 to 2025-12-14 00:00:00+00:00, run_after=2025-12-15 00:00:00+00:00
[2025-12-15T19:11:51.516+0000] {processor.py:208} INFO - Processing /home/airflow/.local/lib/python3.12/site-packages/airflow/example_dags/example_branch_datetime_operator.py took 0.181 seconds
[2025-12-15T19:12:22.527+0000] {processor.py:186} INFO - Started process (PID=7990) to work on /home/airflow/.local/lib/python3.12/site-packages/airflow/example_dags/example_branch_datetime_operator.py
[2025-12-15T19:12:22.528+0000] {processor.py:914} INFO - Processing file /home/airflow/.local/lib/python3.12/site-packages/airflow/example_dags/example_branch_datetime_operator.py for tasks to queue
[2025-12-15T19:12:22.529+0000] {logging_mixin.py:190} INFO - [2025-12-15T19:12:22.529+0000] {dagbag.py:588} INFO - Filling up the DagBag from /home/airflow/.local/lib/python3.12/site-packages/airflow/example_dags/example_branch_datetime_operator.py
[2025-12-15T19:12:22.567+0000] {processor.py:925} INFO - DAG(s) 'example_branch_datetime_operator_3', 'example_branch_datetime_operator_2', 'example_branch_datetime_operator' retrieved from /home/airflow/.local/lib/python3.12/site-packages/airflow/example_dags/example_branch_datetime_operator.py
[2025-12-15T19:12:22.675+0000] {logging_mixin.py:190} INFO - [2025-12-15T19:12:22.674+0000] {dag.py:3239} INFO - Sync 3 DAGs
[2025-12-15T19:12:22.797+0000] {logging_mixin.py:190} INFO - [2025-12-15T19:12:22.797+0000] {dag.py:4180} INFO - Setting next_dagrun for example_branch_datetime_operator to 2025-12-14 00:00:00+00:00, run_after=2025-12-15 00:00:00+00:00
[2025-12-15T19:12:22.819+0000] {logging_mixin.py:190} INFO - [2025-12-15T19:12:22.819+0000] {dag.py:4180} INFO - Setting next_dagrun for example_branch_datetime_operator_2 to 2025-12-14 00:00:00+00:00, run_after=2025-12-15 00:00:00+00:00
[2025-12-15T19:12:22.833+0000] {logging_mixin.py:190} INFO - [2025-12-15T19:12:22.832+0000] {dag.py:4180} INFO - Setting next_dagrun for example_branch_datetime_operator_3 to 2025-12-14 00:00:00+00:00, run_after=2025-12-15 00:00:00+00:00
[2025-12-15T19:12:22.920+0000] {processor.py:208} INFO - Processing /home/airflow/.local/lib/python3.12/site-packages/airflow/example_dags/example_branch_datetime_operator.py took 0.401 seconds
[2025-12-15T19:12:54.412+0000] {processor.py:186} INFO - Started process (PID=8286) to work on /home/airflow/.local/lib/python3.12/site-packages/airflow/example_dags/example_branch_datetime_operator.py
[2025-12-15T19:12:54.414+0000] {processor.py:914} INFO - Processing file /home/airflow/.local/lib/python3.12/site-packages/airflow/example_dags/example_branch_datetime_operator.py for tasks to queue
[2025-12-15T19:12:54.416+0000] {logging_mixin.py:190} INFO - [2025-12-15T19:12:54.415+0000] {dagbag.py:588} INFO - Filling up the DagBag from /home/airflow/.local/lib/python3.12/site-packages/airflow/example_dags/example_branch_datetime_operator.py
[2025-12-15T19:12:54.431+0000] {processor.py:925} INFO - DAG(s) 'example_branch_datetime_operator_3', 'example_branch_datetime_operator_2', 'example_branch_datetime_operator' retrieved from /home/airflow/.local/lib/python3.12/site-packages/airflow/example_dags/example_branch_datetime_operator.py
[2025-12-15T19:12:54.470+0000] {logging_mixin.py:190} INFO - [2025-12-15T19:12:54.469+0000] {dag.py:3239} INFO - Sync 3 DAGs
[2025-12-15T19:12:54.506+0000] {logging_mixin.py:190} INFO - [2025-12-15T19:12:54.505+0000] {dag.py:4180} INFO - Setting next_dagrun for example_branch_datetime_operator to 2025-12-14 00:00:00+00:00, run_after=2025-12-15 00:00:00+00:00
[2025-12-15T19:12:54.512+0000] {logging_mixin.py:190} INFO - [2025-12-15T19:12:54.512+0000] {dag.py:4180} INFO - Setting next_dagrun for example_branch_datetime_operator_2 to 2025-12-14 00:00:00+00:00, run_after=2025-12-15 00:00:00+00:00
[2025-12-15T19:12:54.516+0000] {logging_mixin.py:190} INFO - [2025-12-15T19:12:54.516+0000] {dag.py:4180} INFO - Setting next_dagrun for example_branch_datetime_operator_3 to 2025-12-14 00:00:00+00:00, run_after=2025-12-15 00:00:00+00:00
[2025-12-15T19:12:54.538+0000] {processor.py:208} INFO - Processing /home/airflow/.local/lib/python3.12/site-packages/airflow/example_dags/example_branch_datetime_operator.py took 0.134 seconds
[2025-12-15T19:13:29.998+0000] {processor.py:186} INFO - Started process (PID=8588) to work on /home/airflow/.local/lib/python3.12/site-packages/airflow/example_dags/example_branch_datetime_operator.py
[2025-12-15T19:13:30.002+0000] {processor.py:914} INFO - Processing file /home/airflow/.local/lib/python3.12/site-packages/airflow/example_dags/example_branch_datetime_operator.py for tasks to queue
[2025-12-15T19:13:30.006+0000] {logging_mixin.py:190} INFO - [2025-12-15T19:13:30.006+0000] {dagbag.py:588} INFO - Filling up the DagBag from /home/airflow/.local/lib/python3.12/site-packages/airflow/example_dags/example_branch_datetime_operator.py
[2025-12-15T19:13:30.041+0000] {processor.py:925} INFO - DAG(s) 'example_branch_datetime_operator', 'example_branch_datetime_operator_2', 'example_branch_datetime_operator_3' retrieved from /home/airflow/.local/lib/python3.12/site-packages/airflow/example_dags/example_branch_datetime_operator.py
[2025-12-15T19:13:30.104+0000] {logging_mixin.py:190} INFO - [2025-12-15T19:13:30.102+0000] {dag.py:3239} INFO - Sync 3 DAGs
[2025-12-15T19:13:30.175+0000] {logging_mixin.py:190} INFO - [2025-12-15T19:13:30.175+0000] {dag.py:4180} INFO - Setting next_dagrun for example_branch_datetime_operator to 2025-12-14 00:00:00+00:00, run_after=2025-12-15 00:00:00+00:00
[2025-12-15T19:13:30.191+0000] {logging_mixin.py:190} INFO - [2025-12-15T19:13:30.189+0000] {dag.py:4180} INFO - Setting next_dagrun for example_branch_datetime_operator_2 to 2025-12-14 00:00:00+00:00, run_after=2025-12-15 00:00:00+00:00
[2025-12-15T19:13:30.196+0000] {logging_mixin.py:190} INFO - [2025-12-15T19:13:30.196+0000] {dag.py:4180} INFO - Setting next_dagrun for example_branch_datetime_operator_3 to 2025-12-14 00:00:00+00:00, run_after=2025-12-15 00:00:00+00:00
[2025-12-15T19:13:30.246+0000] {processor.py:208} INFO - Processing /home/airflow/.local/lib/python3.12/site-packages/airflow/example_dags/example_branch_datetime_operator.py took 0.265 seconds
[2025-12-15T19:14:00.949+0000] {processor.py:186} INFO - Started process (PID=8879) to work on /home/airflow/.local/lib/python3.12/site-packages/airflow/example_dags/example_branch_datetime_operator.py
[2025-12-15T19:14:00.952+0000] {processor.py:914} INFO - Processing file /home/airflow/.local/lib/python3.12/site-packages/airflow/example_dags/example_branch_datetime_operator.py for tasks to queue
[2025-12-15T19:14:00.966+0000] {logging_mixin.py:190} INFO - [2025-12-15T19:14:00.964+0000] {dagbag.py:588} INFO - Filling up the DagBag from /home/airflow/.local/lib/python3.12/site-packages/airflow/example_dags/example_branch_datetime_operator.py
[2025-12-15T19:14:01.077+0000] {processor.py:925} INFO - DAG(s) 'example_branch_datetime_operator_2', 'example_branch_datetime_operator_3', 'example_branch_datetime_operator' retrieved from /home/airflow/.local/lib/python3.12/site-packages/airflow/example_dags/example_branch_datetime_operator.py
[2025-12-15T19:14:01.270+0000] {logging_mixin.py:190} INFO - [2025-12-15T19:14:01.269+0000] {dag.py:3239} INFO - Sync 3 DAGs
[2025-12-15T19:14:01.532+0000] {logging_mixin.py:190} INFO - [2025-12-15T19:14:01.532+0000] {dag.py:4180} INFO - Setting next_dagrun for example_branch_datetime_operator to 2025-12-14 00:00:00+00:00, run_after=2025-12-15 00:00:00+00:00
[2025-12-15T19:14:01.574+0000] {logging_mixin.py:190} INFO - [2025-12-15T19:14:01.574+0000] {dag.py:4180} INFO - Setting next_dagrun for example_branch_datetime_operator_2 to 2025-12-14 00:00:00+00:00, run_after=2025-12-15 00:00:00+00:00
[2025-12-15T19:14:01.598+0000] {logging_mixin.py:190} INFO - [2025-12-15T19:14:01.596+0000] {dag.py:4180} INFO - Setting next_dagrun for example_branch_datetime_operator_3 to 2025-12-14 00:00:00+00:00, run_after=2025-12-15 00:00:00+00:00
[2025-12-15T19:14:01.725+0000] {processor.py:208} INFO - Processing /home/airflow/.local/lib/python3.12/site-packages/airflow/example_dags/example_branch_datetime_operator.py took 0.823 seconds
[2025-12-15T19:14:32.145+0000] {processor.py:186} INFO - Started process (PID=9170) to work on /home/airflow/.local/lib/python3.12/site-packages/airflow/example_dags/example_branch_datetime_operator.py
[2025-12-15T19:14:32.147+0000] {processor.py:914} INFO - Processing file /home/airflow/.local/lib/python3.12/site-packages/airflow/example_dags/example_branch_datetime_operator.py for tasks to queue
[2025-12-15T19:14:32.148+0000] {logging_mixin.py:190} INFO - [2025-12-15T19:14:32.148+0000] {dagbag.py:588} INFO - Filling up the DagBag from /home/airflow/.local/lib/python3.12/site-packages/airflow/example_dags/example_branch_datetime_operator.py
[2025-12-15T19:14:32.171+0000] {processor.py:925} INFO - DAG(s) 'example_branch_datetime_operator_3', 'example_branch_datetime_operator', 'example_branch_datetime_operator_2' retrieved from /home/airflow/.local/lib/python3.12/site-packages/airflow/example_dags/example_branch_datetime_operator.py
[2025-12-15T19:14:32.213+0000] {logging_mixin.py:190} INFO - [2025-12-15T19:14:32.213+0000] {dag.py:3239} INFO - Sync 3 DAGs
[2025-12-15T19:14:32.259+0000] {logging_mixin.py:190} INFO - [2025-12-15T19:14:32.257+0000] {dag.py:4180} INFO - Setting next_dagrun for example_branch_datetime_operator to 2025-12-14 00:00:00+00:00, run_after=2025-12-15 00:00:00+00:00
[2025-12-15T19:14:32.267+0000] {logging_mixin.py:190} INFO - [2025-12-15T19:14:32.267+0000] {dag.py:4180} INFO - Setting next_dagrun for example_branch_datetime_operator_2 to 2025-12-14 00:00:00+00:00, run_after=2025-12-15 00:00:00+00:00
[2025-12-15T19:14:32.270+0000] {logging_mixin.py:190} INFO - [2025-12-15T19:14:32.270+0000] {dag.py:4180} INFO - Setting next_dagrun for example_branch_datetime_operator_3 to 2025-12-14 00:00:00+00:00, run_after=2025-12-15 00:00:00+00:00
[2025-12-15T19:14:32.300+0000] {processor.py:208} INFO - Processing /home/airflow/.local/lib/python3.12/site-packages/airflow/example_dags/example_branch_datetime_operator.py took 0.169 seconds
[2025-12-15T19:15:05.898+0000] {processor.py:186} INFO - Started process (PID=9461) to work on /home/airflow/.local/lib/python3.12/site-packages/airflow/example_dags/example_branch_datetime_operator.py
[2025-12-15T19:15:05.900+0000] {processor.py:914} INFO - Processing file /home/airflow/.local/lib/python3.12/site-packages/airflow/example_dags/example_branch_datetime_operator.py for tasks to queue
[2025-12-15T19:15:05.902+0000] {logging_mixin.py:190} INFO - [2025-12-15T19:15:05.902+0000] {dagbag.py:588} INFO - Filling up the DagBag from /home/airflow/.local/lib/python3.12/site-packages/airflow/example_dags/example_branch_datetime_operator.py
[2025-12-15T19:15:05.930+0000] {processor.py:925} INFO - DAG(s) 'example_branch_datetime_operator', 'example_branch_datetime_operator_2', 'example_branch_datetime_operator_3' retrieved from /home/airflow/.local/lib/python3.12/site-packages/airflow/example_dags/example_branch_datetime_operator.py
[2025-12-15T19:15:06.008+0000] {logging_mixin.py:190} INFO - [2025-12-15T19:15:06.007+0000] {dag.py:3239} INFO - Sync 3 DAGs
[2025-12-15T19:15:06.091+0000] {logging_mixin.py:190} INFO - [2025-12-15T19:15:06.091+0000] {dag.py:4180} INFO - Setting next_dagrun for example_branch_datetime_operator to 2025-12-14 00:00:00+00:00, run_after=2025-12-15 00:00:00+00:00
[2025-12-15T19:15:06.102+0000] {logging_mixin.py:190} INFO - [2025-12-15T19:15:06.102+0000] {dag.py:4180} INFO - Setting next_dagrun for example_branch_datetime_operator_2 to 2025-12-14 00:00:00+00:00, run_after=2025-12-15 00:00:00+00:00
[2025-12-15T19:15:06.108+0000] {logging_mixin.py:190} INFO - [2025-12-15T19:15:06.107+0000] {dag.py:4180} INFO - Setting next_dagrun for example_branch_datetime_operator_3 to 2025-12-14 00:00:00+00:00, run_after=2025-12-15 00:00:00+00:00
[2025-12-15T19:15:06.141+0000] {processor.py:208} INFO - Processing /home/airflow/.local/lib/python3.12/site-packages/airflow/example_dags/example_branch_datetime_operator.py took 0.257 seconds
[2025-12-15T19:15:39.175+0000] {processor.py:186} INFO - Started process (PID=9757) to work on /home/airflow/.local/lib/python3.12/site-packages/airflow/example_dags/example_branch_datetime_operator.py
[2025-12-15T19:15:39.177+0000] {processor.py:914} INFO - Processing file /home/airflow/.local/lib/python3.12/site-packages/airflow/example_dags/example_branch_datetime_operator.py for tasks to queue
[2025-12-15T19:15:39.179+0000] {logging_mixin.py:190} INFO - [2025-12-15T19:15:39.178+0000] {dagbag.py:588} INFO - Filling up the DagBag from /home/airflow/.local/lib/python3.12/site-packages/airflow/example_dags/example_branch_datetime_operator.py
[2025-12-15T19:15:39.205+0000] {processor.py:925} INFO - DAG(s) 'example_branch_datetime_operator_3', 'example_branch_datetime_operator', 'example_branch_datetime_operator_2' retrieved from /home/airflow/.local/lib/python3.12/site-packages/airflow/example_dags/example_branch_datetime_operator.py
[2025-12-15T19:15:39.257+0000] {logging_mixin.py:190} INFO - [2025-12-15T19:15:39.257+0000] {dag.py:3239} INFO - Sync 3 DAGs
[2025-12-15T19:15:39.309+0000] {logging_mixin.py:190} INFO - [2025-12-15T19:15:39.308+0000] {dag.py:4180} INFO - Setting next_dagrun for example_branch_datetime_operator to 2025-12-14 00:00:00+00:00, run_after=2025-12-15 00:00:00+00:00
[2025-12-15T19:15:39.316+0000] {logging_mixin.py:190} INFO - [2025-12-15T19:15:39.315+0000] {dag.py:4180} INFO - Setting next_dagrun for example_branch_datetime_operator_2 to 2025-12-14 00:00:00+00:00, run_after=2025-12-15 00:00:00+00:00
[2025-12-15T19:15:39.322+0000] {logging_mixin.py:190} INFO - [2025-12-15T19:15:39.322+0000] {dag.py:4180} INFO - Setting next_dagrun for example_branch_datetime_operator_3 to 2025-12-14 00:00:00+00:00, run_after=2025-12-15 00:00:00+00:00
[2025-12-15T19:15:39.357+0000] {processor.py:208} INFO - Processing /home/airflow/.local/lib/python3.12/site-packages/airflow/example_dags/example_branch_datetime_operator.py took 0.198 seconds
[2025-12-15T19:16:10.354+0000] {processor.py:186} INFO - Started process (PID=10048) to work on /home/airflow/.local/lib/python3.12/site-packages/airflow/example_dags/example_branch_datetime_operator.py
[2025-12-15T19:16:10.357+0000] {processor.py:914} INFO - Processing file /home/airflow/.local/lib/python3.12/site-packages/airflow/example_dags/example_branch_datetime_operator.py for tasks to queue
[2025-12-15T19:16:10.359+0000] {logging_mixin.py:190} INFO - [2025-12-15T19:16:10.358+0000] {dagbag.py:588} INFO - Filling up the DagBag from /home/airflow/.local/lib/python3.12/site-packages/airflow/example_dags/example_branch_datetime_operator.py
[2025-12-15T19:16:10.380+0000] {processor.py:925} INFO - DAG(s) 'example_branch_datetime_operator', 'example_branch_datetime_operator_2', 'example_branch_datetime_operator_3' retrieved from /home/airflow/.local/lib/python3.12/site-packages/airflow/example_dags/example_branch_datetime_operator.py
[2025-12-15T19:16:10.431+0000] {logging_mixin.py:190} INFO - [2025-12-15T19:16:10.431+0000] {dag.py:3239} INFO - Sync 3 DAGs
[2025-12-15T19:16:10.479+0000] {logging_mixin.py:190} INFO - [2025-12-15T19:16:10.478+0000] {dag.py:4180} INFO - Setting next_dagrun for example_branch_datetime_operator to 2025-12-14 00:00:00+00:00, run_after=2025-12-15 00:00:00+00:00
[2025-12-15T19:16:10.489+0000] {logging_mixin.py:190} INFO - [2025-12-15T19:16:10.488+0000] {dag.py:4180} INFO - Setting next_dagrun for example_branch_datetime_operator_2 to 2025-12-14 00:00:00+00:00, run_after=2025-12-15 00:00:00+00:00
[2025-12-15T19:16:10.492+0000] {logging_mixin.py:190} INFO - [2025-12-15T19:16:10.492+0000] {dag.py:4180} INFO - Setting next_dagrun for example_branch_datetime_operator_3 to 2025-12-14 00:00:00+00:00, run_after=2025-12-15 00:00:00+00:00
[2025-12-15T19:16:10.529+0000] {processor.py:208} INFO - Processing /home/airflow/.local/lib/python3.12/site-packages/airflow/example_dags/example_branch_datetime_operator.py took 0.188 seconds
[2025-12-15T19:16:43.514+0000] {processor.py:186} INFO - Started process (PID=10346) to work on /home/airflow/.local/lib/python3.12/site-packages/airflow/example_dags/example_branch_datetime_operator.py
[2025-12-15T19:16:43.518+0000] {processor.py:914} INFO - Processing file /home/airflow/.local/lib/python3.12/site-packages/airflow/example_dags/example_branch_datetime_operator.py for tasks to queue
[2025-12-15T19:16:43.522+0000] {logging_mixin.py:190} INFO - [2025-12-15T19:16:43.521+0000] {dagbag.py:588} INFO - Filling up the DagBag from /home/airflow/.local/lib/python3.12/site-packages/airflow/example_dags/example_branch_datetime_operator.py
[2025-12-15T19:16:43.554+0000] {processor.py:925} INFO - DAG(s) 'example_branch_datetime_operator', 'example_branch_datetime_operator_2', 'example_branch_datetime_operator_3' retrieved from /home/airflow/.local/lib/python3.12/site-packages/airflow/example_dags/example_branch_datetime_operator.py
[2025-12-15T19:16:43.640+0000] {logging_mixin.py:190} INFO - [2025-12-15T19:16:43.640+0000] {dag.py:3239} INFO - Sync 3 DAGs
[2025-12-15T19:16:43.746+0000] {logging_mixin.py:190} INFO - [2025-12-15T19:16:43.735+0000] {dag.py:4180} INFO - Setting next_dagrun for example_branch_datetime_operator to 2025-12-14 00:00:00+00:00, run_after=2025-12-15 00:00:00+00:00
[2025-12-15T19:16:43.781+0000] {logging_mixin.py:190} INFO - [2025-12-15T19:16:43.781+0000] {dag.py:4180} INFO - Setting next_dagrun for example_branch_datetime_operator_2 to 2025-12-14 00:00:00+00:00, run_after=2025-12-15 00:00:00+00:00
[2025-12-15T19:16:43.811+0000] {logging_mixin.py:190} INFO - [2025-12-15T19:16:43.811+0000] {dag.py:4180} INFO - Setting next_dagrun for example_branch_datetime_operator_3 to 2025-12-14 00:00:00+00:00, run_after=2025-12-15 00:00:00+00:00
[2025-12-15T19:16:43.934+0000] {processor.py:208} INFO - Processing /home/airflow/.local/lib/python3.12/site-packages/airflow/example_dags/example_branch_datetime_operator.py took 0.437 seconds
[2025-12-15T19:17:22.801+0000] {processor.py:186} INFO - Started process (PID=10635) to work on /home/airflow/.local/lib/python3.12/site-packages/airflow/example_dags/example_branch_datetime_operator.py
[2025-12-15T19:17:22.805+0000] {processor.py:914} INFO - Processing file /home/airflow/.local/lib/python3.12/site-packages/airflow/example_dags/example_branch_datetime_operator.py for tasks to queue
[2025-12-15T19:17:22.810+0000] {logging_mixin.py:190} INFO - [2025-12-15T19:17:22.807+0000] {dagbag.py:588} INFO - Filling up the DagBag from /home/airflow/.local/lib/python3.12/site-packages/airflow/example_dags/example_branch_datetime_operator.py
[2025-12-15T19:17:22.857+0000] {processor.py:925} INFO - DAG(s) 'example_branch_datetime_operator_2', 'example_branch_datetime_operator', 'example_branch_datetime_operator_3' retrieved from /home/airflow/.local/lib/python3.12/site-packages/airflow/example_dags/example_branch_datetime_operator.py
[2025-12-15T19:17:22.965+0000] {logging_mixin.py:190} INFO - [2025-12-15T19:17:22.964+0000] {dag.py:3239} INFO - Sync 3 DAGs
[2025-12-15T19:17:23.072+0000] {logging_mixin.py:190} INFO - [2025-12-15T19:17:23.071+0000] {dag.py:4180} INFO - Setting next_dagrun for example_branch_datetime_operator to 2025-12-14 00:00:00+00:00, run_after=2025-12-15 00:00:00+00:00
[2025-12-15T19:17:23.089+0000] {logging_mixin.py:190} INFO - [2025-12-15T19:17:23.089+0000] {dag.py:4180} INFO - Setting next_dagrun for example_branch_datetime_operator_2 to 2025-12-14 00:00:00+00:00, run_after=2025-12-15 00:00:00+00:00
[2025-12-15T19:17:23.101+0000] {logging_mixin.py:190} INFO - [2025-12-15T19:17:23.100+0000] {dag.py:4180} INFO - Setting next_dagrun for example_branch_datetime_operator_3 to 2025-12-14 00:00:00+00:00, run_after=2025-12-15 00:00:00+00:00
[2025-12-15T19:17:23.146+0000] {processor.py:208} INFO - Processing /home/airflow/.local/lib/python3.12/site-packages/airflow/example_dags/example_branch_datetime_operator.py took 0.367 seconds
[2025-12-15T19:17:53.874+0000] {processor.py:186} INFO - Started process (PID=10935) to work on /home/airflow/.local/lib/python3.12/site-packages/airflow/example_dags/example_branch_datetime_operator.py
[2025-12-15T19:17:53.895+0000] {processor.py:914} INFO - Processing file /home/airflow/.local/lib/python3.12/site-packages/airflow/example_dags/example_branch_datetime_operator.py for tasks to queue
[2025-12-15T19:17:53.897+0000] {logging_mixin.py:190} INFO - [2025-12-15T19:17:53.896+0000] {dagbag.py:588} INFO - Filling up the DagBag from /home/airflow/.local/lib/python3.12/site-packages/airflow/example_dags/example_branch_datetime_operator.py
[2025-12-15T19:17:53.922+0000] {processor.py:925} INFO - DAG(s) 'example_branch_datetime_operator_2', 'example_branch_datetime_operator', 'example_branch_datetime_operator_3' retrieved from /home/airflow/.local/lib/python3.12/site-packages/airflow/example_dags/example_branch_datetime_operator.py
[2025-12-15T19:17:53.976+0000] {logging_mixin.py:190} INFO - [2025-12-15T19:17:53.975+0000] {dag.py:3239} INFO - Sync 3 DAGs
[2025-12-15T19:17:54.038+0000] {logging_mixin.py:190} INFO - [2025-12-15T19:17:54.037+0000] {dag.py:4180} INFO - Setting next_dagrun for example_branch_datetime_operator to 2025-12-14 00:00:00+00:00, run_after=2025-12-15 00:00:00+00:00
[2025-12-15T19:17:54.048+0000] {logging_mixin.py:190} INFO - [2025-12-15T19:17:54.048+0000] {dag.py:4180} INFO - Setting next_dagrun for example_branch_datetime_operator_2 to 2025-12-14 00:00:00+00:00, run_after=2025-12-15 00:00:00+00:00
[2025-12-15T19:17:54.059+0000] {logging_mixin.py:190} INFO - [2025-12-15T19:17:54.058+0000] {dag.py:4180} INFO - Setting next_dagrun for example_branch_datetime_operator_3 to 2025-12-14 00:00:00+00:00, run_after=2025-12-15 00:00:00+00:00
[2025-12-15T19:17:54.113+0000] {processor.py:208} INFO - Processing /home/airflow/.local/lib/python3.12/site-packages/airflow/example_dags/example_branch_datetime_operator.py took 0.253 seconds
[2025-12-15T19:18:25.033+0000] {processor.py:186} INFO - Started process (PID=11226) to work on /home/airflow/.local/lib/python3.12/site-packages/airflow/example_dags/example_branch_datetime_operator.py
[2025-12-15T19:18:25.037+0000] {processor.py:914} INFO - Processing file /home/airflow/.local/lib/python3.12/site-packages/airflow/example_dags/example_branch_datetime_operator.py for tasks to queue
[2025-12-15T19:18:25.040+0000] {logging_mixin.py:190} INFO - [2025-12-15T19:18:25.040+0000] {dagbag.py:588} INFO - Filling up the DagBag from /home/airflow/.local/lib/python3.12/site-packages/airflow/example_dags/example_branch_datetime_operator.py
[2025-12-15T19:18:25.084+0000] {processor.py:925} INFO - DAG(s) 'example_branch_datetime_operator', 'example_branch_datetime_operator_3', 'example_branch_datetime_operator_2' retrieved from /home/airflow/.local/lib/python3.12/site-packages/airflow/example_dags/example_branch_datetime_operator.py
[2025-12-15T19:18:25.140+0000] {logging_mixin.py:190} INFO - [2025-12-15T19:18:25.139+0000] {dag.py:3239} INFO - Sync 3 DAGs
[2025-12-15T19:18:25.196+0000] {logging_mixin.py:190} INFO - [2025-12-15T19:18:25.195+0000] {dag.py:4180} INFO - Setting next_dagrun for example_branch_datetime_operator to 2025-12-14 00:00:00+00:00, run_after=2025-12-15 00:00:00+00:00
[2025-12-15T19:18:25.208+0000] {logging_mixin.py:190} INFO - [2025-12-15T19:18:25.207+0000] {dag.py:4180} INFO - Setting next_dagrun for example_branch_datetime_operator_2 to 2025-12-14 00:00:00+00:00, run_after=2025-12-15 00:00:00+00:00
[2025-12-15T19:18:25.213+0000] {logging_mixin.py:190} INFO - [2025-12-15T19:18:25.212+0000] {dag.py:4180} INFO - Setting next_dagrun for example_branch_datetime_operator_3 to 2025-12-14 00:00:00+00:00, run_after=2025-12-15 00:00:00+00:00
[2025-12-15T19:18:25.248+0000] {processor.py:208} INFO - Processing /home/airflow/.local/lib/python3.12/site-packages/airflow/example_dags/example_branch_datetime_operator.py took 0.237 seconds
[2025-12-15T19:18:56.741+0000] {processor.py:186} INFO - Started process (PID=11520) to work on /home/airflow/.local/lib/python3.12/site-packages/airflow/example_dags/example_branch_datetime_operator.py
[2025-12-15T19:18:56.743+0000] {processor.py:914} INFO - Processing file /home/airflow/.local/lib/python3.12/site-packages/airflow/example_dags/example_branch_datetime_operator.py for tasks to queue
[2025-12-15T19:18:56.747+0000] {logging_mixin.py:190} INFO - [2025-12-15T19:18:56.745+0000] {dagbag.py:588} INFO - Filling up the DagBag from /home/airflow/.local/lib/python3.12/site-packages/airflow/example_dags/example_branch_datetime_operator.py
[2025-12-15T19:18:56.783+0000] {processor.py:925} INFO - DAG(s) 'example_branch_datetime_operator', 'example_branch_datetime_operator_3', 'example_branch_datetime_operator_2' retrieved from /home/airflow/.local/lib/python3.12/site-packages/airflow/example_dags/example_branch_datetime_operator.py
[2025-12-15T19:18:56.843+0000] {logging_mixin.py:190} INFO - [2025-12-15T19:18:56.842+0000] {dag.py:3239} INFO - Sync 3 DAGs
[2025-12-15T19:18:56.895+0000] {logging_mixin.py:190} INFO - [2025-12-15T19:18:56.894+0000] {dag.py:4180} INFO - Setting next_dagrun for example_branch_datetime_operator to 2025-12-14 00:00:00+00:00, run_after=2025-12-15 00:00:00+00:00
[2025-12-15T19:18:56.907+0000] {logging_mixin.py:190} INFO - [2025-12-15T19:18:56.907+0000] {dag.py:4180} INFO - Setting next_dagrun for example_branch_datetime_operator_2 to 2025-12-14 00:00:00+00:00, run_after=2025-12-15 00:00:00+00:00
[2025-12-15T19:18:56.911+0000] {logging_mixin.py:190} INFO - [2025-12-15T19:18:56.911+0000] {dag.py:4180} INFO - Setting next_dagrun for example_branch_datetime_operator_3 to 2025-12-14 00:00:00+00:00, run_after=2025-12-15 00:00:00+00:00
[2025-12-15T19:18:56.945+0000] {processor.py:208} INFO - Processing /home/airflow/.local/lib/python3.12/site-packages/airflow/example_dags/example_branch_datetime_operator.py took 0.222 seconds
