[2025-12-15T18:55:39.555+0000] {processor.py:186} INFO - Started process (PID=284) to work on /home/airflow/.local/lib/python3.12/site-packages/airflow/example_dags/example_xcomargs.py
[2025-12-15T18:55:39.558+0000] {processor.py:914} INFO - Processing file /home/airflow/.local/lib/python3.12/site-packages/airflow/example_dags/example_xcomargs.py for tasks to queue
[2025-12-15T18:55:39.576+0000] {logging_mixin.py:190} INFO - [2025-12-15T18:55:39.574+0000] {dagbag.py:588} INFO - Filling up the DagBag from /home/airflow/.local/lib/python3.12/site-packages/airflow/example_dags/example_xcomargs.py
[2025-12-15T18:55:39.785+0000] {processor.py:925} INFO - DAG(s) 'example_xcom_args', 'example_xcom_args_with_operators' retrieved from /home/airflow/.local/lib/python3.12/site-packages/airflow/example_dags/example_xcomargs.py
[2025-12-15T18:55:40.636+0000] {logging_mixin.py:190} INFO - [2025-12-15T18:55:40.633+0000] {override.py:1911} INFO - Created Permission View: can read on DAG:example_xcom_args
[2025-12-15T18:55:40.751+0000] {logging_mixin.py:190} INFO - [2025-12-15T18:55:40.750+0000] {override.py:1911} INFO - Created Permission View: can edit on DAG:example_xcom_args
[2025-12-15T18:55:40.839+0000] {logging_mixin.py:190} INFO - [2025-12-15T18:55:40.835+0000] {override.py:1911} INFO - Created Permission View: can delete on DAG:example_xcom_args
[2025-12-15T18:55:40.908+0000] {logging_mixin.py:190} INFO - [2025-12-15T18:55:40.908+0000] {override.py:1911} INFO - Created Permission View: can read on DAG Run:example_xcom_args
[2025-12-15T18:55:40.968+0000] {logging_mixin.py:190} INFO - [2025-12-15T18:55:40.967+0000] {override.py:1911} INFO - Created Permission View: menu access on DAG Run:example_xcom_args
[2025-12-15T18:55:41.034+0000] {logging_mixin.py:190} INFO - [2025-12-15T18:55:41.033+0000] {override.py:1911} INFO - Created Permission View: can create on DAG Run:example_xcom_args
[2025-12-15T18:55:41.127+0000] {logging_mixin.py:190} INFO - [2025-12-15T18:55:41.126+0000] {override.py:1911} INFO - Created Permission View: can delete on DAG Run:example_xcom_args
[2025-12-15T18:55:41.244+0000] {logging_mixin.py:190} INFO - [2025-12-15T18:55:41.242+0000] {override.py:1911} INFO - Created Permission View: can read on DAG:example_xcom_args_with_operators
[2025-12-15T18:55:41.317+0000] {logging_mixin.py:190} INFO - [2025-12-15T18:55:41.315+0000] {override.py:1911} INFO - Created Permission View: can edit on DAG:example_xcom_args_with_operators
[2025-12-15T18:55:41.393+0000] {logging_mixin.py:190} INFO - [2025-12-15T18:55:41.392+0000] {override.py:1911} INFO - Created Permission View: can delete on DAG:example_xcom_args_with_operators
[2025-12-15T18:55:41.488+0000] {logging_mixin.py:190} INFO - [2025-12-15T18:55:41.487+0000] {override.py:1911} INFO - Created Permission View: can read on DAG Run:example_xcom_args_with_operators
[2025-12-15T18:55:41.574+0000] {logging_mixin.py:190} INFO - [2025-12-15T18:55:41.573+0000] {override.py:1911} INFO - Created Permission View: menu access on DAG Run:example_xcom_args_with_operators
[2025-12-15T18:55:41.624+0000] {logging_mixin.py:190} INFO - [2025-12-15T18:55:41.623+0000] {override.py:1911} INFO - Created Permission View: can create on DAG Run:example_xcom_args_with_operators
[2025-12-15T18:55:41.800+0000] {logging_mixin.py:190} INFO - [2025-12-15T18:55:41.799+0000] {override.py:1911} INFO - Created Permission View: can delete on DAG Run:example_xcom_args_with_operators
[2025-12-15T18:55:41.805+0000] {logging_mixin.py:190} INFO - [2025-12-15T18:55:41.805+0000] {dag.py:3239} INFO - Sync 2 DAGs
[2025-12-15T18:55:41.932+0000] {logging_mixin.py:190} INFO - [2025-12-15T18:55:41.931+0000] {dag.py:3262} INFO - Creating ORM DAG for example_xcom_args_with_operators
[2025-12-15T18:55:41.943+0000] {logging_mixin.py:190} INFO - [2025-12-15T18:55:41.942+0000] {dag.py:3262} INFO - Creating ORM DAG for example_xcom_args
[2025-12-15T18:55:41.945+0000] {logging_mixin.py:190} INFO - [2025-12-15T18:55:41.945+0000] {dag.py:4180} INFO - Setting next_dagrun for example_xcom_args to None, run_after=None
[2025-12-15T18:55:41.948+0000] {logging_mixin.py:190} INFO - [2025-12-15T18:55:41.947+0000] {dag.py:4180} INFO - Setting next_dagrun for example_xcom_args_with_operators to None, run_after=None
[2025-12-15T18:55:42.046+0000] {processor.py:208} INFO - Processing /home/airflow/.local/lib/python3.12/site-packages/airflow/example_dags/example_xcomargs.py took 2.549 seconds
[2025-12-15T18:56:46.170+0000] {processor.py:186} INFO - Started process (PID=579) to work on /home/airflow/.local/lib/python3.12/site-packages/airflow/example_dags/example_xcomargs.py
[2025-12-15T18:56:46.184+0000] {processor.py:914} INFO - Processing file /home/airflow/.local/lib/python3.12/site-packages/airflow/example_dags/example_xcomargs.py for tasks to queue
[2025-12-15T18:56:46.191+0000] {logging_mixin.py:190} INFO - [2025-12-15T18:56:46.190+0000] {dagbag.py:588} INFO - Filling up the DagBag from /home/airflow/.local/lib/python3.12/site-packages/airflow/example_dags/example_xcomargs.py
[2025-12-15T18:56:46.246+0000] {processor.py:925} INFO - DAG(s) 'example_xcom_args', 'example_xcom_args_with_operators' retrieved from /home/airflow/.local/lib/python3.12/site-packages/airflow/example_dags/example_xcomargs.py
[2025-12-15T18:56:46.349+0000] {logging_mixin.py:190} INFO - [2025-12-15T18:56:46.348+0000] {dag.py:3239} INFO - Sync 2 DAGs
[2025-12-15T18:56:46.401+0000] {logging_mixin.py:190} INFO - [2025-12-15T18:56:46.401+0000] {dag.py:4180} INFO - Setting next_dagrun for example_xcom_args to None, run_after=None
[2025-12-15T18:56:46.411+0000] {logging_mixin.py:190} INFO - [2025-12-15T18:56:46.411+0000] {dag.py:4180} INFO - Setting next_dagrun for example_xcom_args_with_operators to None, run_after=None
[2025-12-15T18:56:46.532+0000] {processor.py:208} INFO - Processing /home/airflow/.local/lib/python3.12/site-packages/airflow/example_dags/example_xcomargs.py took 0.400 seconds
[2025-12-15T18:57:17.543+0000] {processor.py:186} INFO - Started process (PID=882) to work on /home/airflow/.local/lib/python3.12/site-packages/airflow/example_dags/example_xcomargs.py
[2025-12-15T18:57:17.546+0000] {processor.py:914} INFO - Processing file /home/airflow/.local/lib/python3.12/site-packages/airflow/example_dags/example_xcomargs.py for tasks to queue
[2025-12-15T18:57:17.550+0000] {logging_mixin.py:190} INFO - [2025-12-15T18:57:17.550+0000] {dagbag.py:588} INFO - Filling up the DagBag from /home/airflow/.local/lib/python3.12/site-packages/airflow/example_dags/example_xcomargs.py
[2025-12-15T18:57:17.573+0000] {processor.py:925} INFO - DAG(s) 'example_xcom_args', 'example_xcom_args_with_operators' retrieved from /home/airflow/.local/lib/python3.12/site-packages/airflow/example_dags/example_xcomargs.py
[2025-12-15T18:57:17.630+0000] {logging_mixin.py:190} INFO - [2025-12-15T18:57:17.629+0000] {dag.py:3239} INFO - Sync 2 DAGs
[2025-12-15T18:57:17.659+0000] {logging_mixin.py:190} INFO - [2025-12-15T18:57:17.658+0000] {dag.py:4180} INFO - Setting next_dagrun for example_xcom_args to None, run_after=None
[2025-12-15T18:57:17.666+0000] {logging_mixin.py:190} INFO - [2025-12-15T18:57:17.666+0000] {dag.py:4180} INFO - Setting next_dagrun for example_xcom_args_with_operators to None, run_after=None
[2025-12-15T18:57:17.697+0000] {processor.py:208} INFO - Processing /home/airflow/.local/lib/python3.12/site-packages/airflow/example_dags/example_xcomargs.py took 0.166 seconds
[2025-12-15T18:57:52.135+0000] {processor.py:186} INFO - Started process (PID=1144) to work on /home/airflow/.local/lib/python3.12/site-packages/airflow/example_dags/example_xcomargs.py
[2025-12-15T18:57:52.137+0000] {processor.py:914} INFO - Processing file /home/airflow/.local/lib/python3.12/site-packages/airflow/example_dags/example_xcomargs.py for tasks to queue
[2025-12-15T18:57:52.144+0000] {logging_mixin.py:190} INFO - [2025-12-15T18:57:52.143+0000] {dagbag.py:588} INFO - Filling up the DagBag from /home/airflow/.local/lib/python3.12/site-packages/airflow/example_dags/example_xcomargs.py
[2025-12-15T18:57:52.174+0000] {processor.py:925} INFO - DAG(s) 'example_xcom_args', 'example_xcom_args_with_operators' retrieved from /home/airflow/.local/lib/python3.12/site-packages/airflow/example_dags/example_xcomargs.py
[2025-12-15T18:57:52.220+0000] {logging_mixin.py:190} INFO - [2025-12-15T18:57:52.220+0000] {dag.py:3239} INFO - Sync 2 DAGs
[2025-12-15T18:57:52.254+0000] {logging_mixin.py:190} INFO - [2025-12-15T18:57:52.254+0000] {dag.py:4180} INFO - Setting next_dagrun for example_xcom_args to None, run_after=None
[2025-12-15T18:57:52.263+0000] {logging_mixin.py:190} INFO - [2025-12-15T18:57:52.263+0000] {dag.py:4180} INFO - Setting next_dagrun for example_xcom_args_with_operators to None, run_after=None
[2025-12-15T18:57:52.303+0000] {processor.py:208} INFO - Processing /home/airflow/.local/lib/python3.12/site-packages/airflow/example_dags/example_xcomargs.py took 0.185 seconds
[2025-12-15T18:58:26.356+0000] {processor.py:186} INFO - Started process (PID=1441) to work on /home/airflow/.local/lib/python3.12/site-packages/airflow/example_dags/example_xcomargs.py
[2025-12-15T18:58:26.369+0000] {processor.py:914} INFO - Processing file /home/airflow/.local/lib/python3.12/site-packages/airflow/example_dags/example_xcomargs.py for tasks to queue
[2025-12-15T18:58:26.385+0000] {logging_mixin.py:190} INFO - [2025-12-15T18:58:26.385+0000] {dagbag.py:588} INFO - Filling up the DagBag from /home/airflow/.local/lib/python3.12/site-packages/airflow/example_dags/example_xcomargs.py
[2025-12-15T18:58:26.481+0000] {processor.py:925} INFO - DAG(s) 'example_xcom_args_with_operators', 'example_xcom_args' retrieved from /home/airflow/.local/lib/python3.12/site-packages/airflow/example_dags/example_xcomargs.py
[2025-12-15T18:58:26.790+0000] {logging_mixin.py:190} INFO - [2025-12-15T18:58:26.790+0000] {dag.py:3239} INFO - Sync 2 DAGs
[2025-12-15T18:58:26.953+0000] {logging_mixin.py:190} INFO - [2025-12-15T18:58:26.953+0000] {dag.py:4180} INFO - Setting next_dagrun for example_xcom_args to None, run_after=None
[2025-12-15T18:58:26.981+0000] {logging_mixin.py:190} INFO - [2025-12-15T18:58:26.977+0000] {dag.py:4180} INFO - Setting next_dagrun for example_xcom_args_with_operators to None, run_after=None
[2025-12-15T18:58:27.123+0000] {processor.py:208} INFO - Processing /home/airflow/.local/lib/python3.12/site-packages/airflow/example_dags/example_xcomargs.py took 0.814 seconds
[2025-12-15T18:58:57.611+0000] {processor.py:186} INFO - Started process (PID=1732) to work on /home/airflow/.local/lib/python3.12/site-packages/airflow/example_dags/example_xcomargs.py
[2025-12-15T18:58:57.613+0000] {processor.py:914} INFO - Processing file /home/airflow/.local/lib/python3.12/site-packages/airflow/example_dags/example_xcomargs.py for tasks to queue
[2025-12-15T18:58:57.619+0000] {logging_mixin.py:190} INFO - [2025-12-15T18:58:57.618+0000] {dagbag.py:588} INFO - Filling up the DagBag from /home/airflow/.local/lib/python3.12/site-packages/airflow/example_dags/example_xcomargs.py
[2025-12-15T18:58:57.657+0000] {processor.py:925} INFO - DAG(s) 'example_xcom_args_with_operators', 'example_xcom_args' retrieved from /home/airflow/.local/lib/python3.12/site-packages/airflow/example_dags/example_xcomargs.py
[2025-12-15T18:58:57.721+0000] {logging_mixin.py:190} INFO - [2025-12-15T18:58:57.720+0000] {dag.py:3239} INFO - Sync 2 DAGs
[2025-12-15T18:58:57.762+0000] {logging_mixin.py:190} INFO - [2025-12-15T18:58:57.762+0000] {dag.py:4180} INFO - Setting next_dagrun for example_xcom_args to None, run_after=None
[2025-12-15T18:58:57.781+0000] {logging_mixin.py:190} INFO - [2025-12-15T18:58:57.780+0000] {dag.py:4180} INFO - Setting next_dagrun for example_xcom_args_with_operators to None, run_after=None
[2025-12-15T18:58:57.875+0000] {processor.py:208} INFO - Processing /home/airflow/.local/lib/python3.12/site-packages/airflow/example_dags/example_xcomargs.py took 0.281 seconds
[2025-12-15T18:59:40.465+0000] {processor.py:186} INFO - Started process (PID=1914) to work on /home/airflow/.local/lib/python3.12/site-packages/airflow/example_dags/example_xcomargs.py
[2025-12-15T18:59:40.491+0000] {processor.py:914} INFO - Processing file /home/airflow/.local/lib/python3.12/site-packages/airflow/example_dags/example_xcomargs.py for tasks to queue
[2025-12-15T18:59:40.509+0000] {logging_mixin.py:190} INFO - [2025-12-15T18:59:40.508+0000] {dagbag.py:588} INFO - Filling up the DagBag from /home/airflow/.local/lib/python3.12/site-packages/airflow/example_dags/example_xcomargs.py
[2025-12-15T18:59:40.589+0000] {processor.py:925} INFO - DAG(s) 'example_xcom_args_with_operators', 'example_xcom_args' retrieved from /home/airflow/.local/lib/python3.12/site-packages/airflow/example_dags/example_xcomargs.py
[2025-12-15T18:59:40.738+0000] {logging_mixin.py:190} INFO - [2025-12-15T18:59:40.737+0000] {dag.py:3239} INFO - Sync 2 DAGs
[2025-12-15T18:59:40.843+0000] {logging_mixin.py:190} INFO - [2025-12-15T18:59:40.842+0000] {dag.py:4180} INFO - Setting next_dagrun for example_xcom_args to None, run_after=None
[2025-12-15T18:59:40.864+0000] {logging_mixin.py:190} INFO - [2025-12-15T18:59:40.864+0000] {dag.py:4180} INFO - Setting next_dagrun for example_xcom_args_with_operators to None, run_after=None
[2025-12-15T18:59:41.006+0000] {processor.py:208} INFO - Processing /home/airflow/.local/lib/python3.12/site-packages/airflow/example_dags/example_xcomargs.py took 0.580 seconds
[2025-12-15T19:00:57.392+0000] {processor.py:186} INFO - Started process (PID=2179) to work on /home/airflow/.local/lib/python3.12/site-packages/airflow/example_dags/example_xcomargs.py
[2025-12-15T19:00:57.396+0000] {processor.py:914} INFO - Processing file /home/airflow/.local/lib/python3.12/site-packages/airflow/example_dags/example_xcomargs.py for tasks to queue
[2025-12-15T19:00:57.402+0000] {logging_mixin.py:190} INFO - [2025-12-15T19:00:57.399+0000] {dagbag.py:588} INFO - Filling up the DagBag from /home/airflow/.local/lib/python3.12/site-packages/airflow/example_dags/example_xcomargs.py
[2025-12-15T19:00:57.523+0000] {processor.py:925} INFO - DAG(s) 'example_xcom_args_with_operators', 'example_xcom_args' retrieved from /home/airflow/.local/lib/python3.12/site-packages/airflow/example_dags/example_xcomargs.py
[2025-12-15T19:00:57.764+0000] {logging_mixin.py:190} INFO - [2025-12-15T19:00:57.762+0000] {dag.py:3239} INFO - Sync 2 DAGs
[2025-12-15T19:00:57.856+0000] {logging_mixin.py:190} INFO - [2025-12-15T19:00:57.856+0000] {dag.py:4180} INFO - Setting next_dagrun for example_xcom_args to None, run_after=None
[2025-12-15T19:00:57.885+0000] {logging_mixin.py:190} INFO - [2025-12-15T19:00:57.884+0000] {dag.py:4180} INFO - Setting next_dagrun for example_xcom_args_with_operators to None, run_after=None
[2025-12-15T19:00:58.099+0000] {processor.py:208} INFO - Processing /home/airflow/.local/lib/python3.12/site-packages/airflow/example_dags/example_xcomargs.py took 0.724 seconds
[2025-12-15T19:02:00.094+0000] {processor.py:186} INFO - Started process (PID=2445) to work on /home/airflow/.local/lib/python3.12/site-packages/airflow/example_dags/example_xcomargs.py
[2025-12-15T19:02:00.096+0000] {processor.py:914} INFO - Processing file /home/airflow/.local/lib/python3.12/site-packages/airflow/example_dags/example_xcomargs.py for tasks to queue
[2025-12-15T19:02:00.101+0000] {logging_mixin.py:190} INFO - [2025-12-15T19:02:00.100+0000] {dagbag.py:588} INFO - Filling up the DagBag from /home/airflow/.local/lib/python3.12/site-packages/airflow/example_dags/example_xcomargs.py
[2025-12-15T19:02:00.128+0000] {processor.py:925} INFO - DAG(s) 'example_xcom_args', 'example_xcom_args_with_operators' retrieved from /home/airflow/.local/lib/python3.12/site-packages/airflow/example_dags/example_xcomargs.py
[2025-12-15T19:02:00.188+0000] {logging_mixin.py:190} INFO - [2025-12-15T19:02:00.187+0000] {dag.py:3239} INFO - Sync 2 DAGs
[2025-12-15T19:02:00.233+0000] {logging_mixin.py:190} INFO - [2025-12-15T19:02:00.232+0000] {dag.py:4180} INFO - Setting next_dagrun for example_xcom_args to None, run_after=None
[2025-12-15T19:02:00.241+0000] {logging_mixin.py:190} INFO - [2025-12-15T19:02:00.241+0000] {dag.py:4180} INFO - Setting next_dagrun for example_xcom_args_with_operators to None, run_after=None
[2025-12-15T19:02:00.284+0000] {processor.py:208} INFO - Processing /home/airflow/.local/lib/python3.12/site-packages/airflow/example_dags/example_xcomargs.py took 0.203 seconds
[2025-12-15T19:02:32.261+0000] {processor.py:186} INFO - Started process (PID=2701) to work on /home/airflow/.local/lib/python3.12/site-packages/airflow/example_dags/example_xcomargs.py
[2025-12-15T19:02:32.264+0000] {processor.py:914} INFO - Processing file /home/airflow/.local/lib/python3.12/site-packages/airflow/example_dags/example_xcomargs.py for tasks to queue
[2025-12-15T19:02:32.268+0000] {logging_mixin.py:190} INFO - [2025-12-15T19:02:32.267+0000] {dagbag.py:588} INFO - Filling up the DagBag from /home/airflow/.local/lib/python3.12/site-packages/airflow/example_dags/example_xcomargs.py
[2025-12-15T19:02:32.296+0000] {processor.py:925} INFO - DAG(s) 'example_xcom_args', 'example_xcom_args_with_operators' retrieved from /home/airflow/.local/lib/python3.12/site-packages/airflow/example_dags/example_xcomargs.py
[2025-12-15T19:02:32.353+0000] {logging_mixin.py:190} INFO - [2025-12-15T19:02:32.353+0000] {dag.py:3239} INFO - Sync 2 DAGs
[2025-12-15T19:02:32.392+0000] {logging_mixin.py:190} INFO - [2025-12-15T19:02:32.391+0000] {dag.py:4180} INFO - Setting next_dagrun for example_xcom_args to None, run_after=None
[2025-12-15T19:02:32.399+0000] {logging_mixin.py:190} INFO - [2025-12-15T19:02:32.399+0000] {dag.py:4180} INFO - Setting next_dagrun for example_xcom_args_with_operators to None, run_after=None
[2025-12-15T19:02:32.445+0000] {processor.py:208} INFO - Processing /home/airflow/.local/lib/python3.12/site-packages/airflow/example_dags/example_xcomargs.py took 0.203 seconds
[2025-12-15T19:03:06.481+0000] {processor.py:186} INFO - Started process (PID=2992) to work on /home/airflow/.local/lib/python3.12/site-packages/airflow/example_dags/example_xcomargs.py
[2025-12-15T19:03:06.484+0000] {processor.py:914} INFO - Processing file /home/airflow/.local/lib/python3.12/site-packages/airflow/example_dags/example_xcomargs.py for tasks to queue
[2025-12-15T19:03:06.489+0000] {logging_mixin.py:190} INFO - [2025-12-15T19:03:06.488+0000] {dagbag.py:588} INFO - Filling up the DagBag from /home/airflow/.local/lib/python3.12/site-packages/airflow/example_dags/example_xcomargs.py
[2025-12-15T19:03:06.516+0000] {processor.py:925} INFO - DAG(s) 'example_xcom_args', 'example_xcom_args_with_operators' retrieved from /home/airflow/.local/lib/python3.12/site-packages/airflow/example_dags/example_xcomargs.py
[2025-12-15T19:03:06.566+0000] {logging_mixin.py:190} INFO - [2025-12-15T19:03:06.566+0000] {dag.py:3239} INFO - Sync 2 DAGs
[2025-12-15T19:03:06.594+0000] {logging_mixin.py:190} INFO - [2025-12-15T19:03:06.593+0000] {dag.py:4180} INFO - Setting next_dagrun for example_xcom_args to None, run_after=None
[2025-12-15T19:03:06.602+0000] {logging_mixin.py:190} INFO - [2025-12-15T19:03:06.602+0000] {dag.py:4180} INFO - Setting next_dagrun for example_xcom_args_with_operators to None, run_after=None
[2025-12-15T19:03:06.640+0000] {processor.py:208} INFO - Processing /home/airflow/.local/lib/python3.12/site-packages/airflow/example_dags/example_xcomargs.py took 0.173 seconds
[2025-12-15T19:03:37.059+0000] {processor.py:186} INFO - Started process (PID=3283) to work on /home/airflow/.local/lib/python3.12/site-packages/airflow/example_dags/example_xcomargs.py
[2025-12-15T19:03:37.068+0000] {processor.py:914} INFO - Processing file /home/airflow/.local/lib/python3.12/site-packages/airflow/example_dags/example_xcomargs.py for tasks to queue
[2025-12-15T19:03:37.072+0000] {logging_mixin.py:190} INFO - [2025-12-15T19:03:37.071+0000] {dagbag.py:588} INFO - Filling up the DagBag from /home/airflow/.local/lib/python3.12/site-packages/airflow/example_dags/example_xcomargs.py
[2025-12-15T19:03:37.101+0000] {processor.py:925} INFO - DAG(s) 'example_xcom_args_with_operators', 'example_xcom_args' retrieved from /home/airflow/.local/lib/python3.12/site-packages/airflow/example_dags/example_xcomargs.py
[2025-12-15T19:03:37.152+0000] {logging_mixin.py:190} INFO - [2025-12-15T19:03:37.152+0000] {dag.py:3239} INFO - Sync 2 DAGs
[2025-12-15T19:03:37.184+0000] {logging_mixin.py:190} INFO - [2025-12-15T19:03:37.183+0000] {dag.py:4180} INFO - Setting next_dagrun for example_xcom_args to None, run_after=None
[2025-12-15T19:03:37.190+0000] {logging_mixin.py:190} INFO - [2025-12-15T19:03:37.190+0000] {dag.py:4180} INFO - Setting next_dagrun for example_xcom_args_with_operators to None, run_after=None
[2025-12-15T19:03:37.227+0000] {processor.py:208} INFO - Processing /home/airflow/.local/lib/python3.12/site-packages/airflow/example_dags/example_xcomargs.py took 0.178 seconds
[2025-12-15T19:04:10.227+0000] {processor.py:186} INFO - Started process (PID=3569) to work on /home/airflow/.local/lib/python3.12/site-packages/airflow/example_dags/example_xcomargs.py
[2025-12-15T19:04:10.230+0000] {processor.py:914} INFO - Processing file /home/airflow/.local/lib/python3.12/site-packages/airflow/example_dags/example_xcomargs.py for tasks to queue
[2025-12-15T19:04:10.235+0000] {logging_mixin.py:190} INFO - [2025-12-15T19:04:10.235+0000] {dagbag.py:588} INFO - Filling up the DagBag from /home/airflow/.local/lib/python3.12/site-packages/airflow/example_dags/example_xcomargs.py
[2025-12-15T19:04:10.257+0000] {processor.py:925} INFO - DAG(s) 'example_xcom_args', 'example_xcom_args_with_operators' retrieved from /home/airflow/.local/lib/python3.12/site-packages/airflow/example_dags/example_xcomargs.py
[2025-12-15T19:04:10.302+0000] {logging_mixin.py:190} INFO - [2025-12-15T19:04:10.301+0000] {dag.py:3239} INFO - Sync 2 DAGs
[2025-12-15T19:04:10.332+0000] {logging_mixin.py:190} INFO - [2025-12-15T19:04:10.331+0000] {dag.py:4180} INFO - Setting next_dagrun for example_xcom_args to None, run_after=None
[2025-12-15T19:04:10.338+0000] {logging_mixin.py:190} INFO - [2025-12-15T19:04:10.338+0000] {dag.py:4180} INFO - Setting next_dagrun for example_xcom_args_with_operators to None, run_after=None
[2025-12-15T19:04:10.371+0000] {processor.py:208} INFO - Processing /home/airflow/.local/lib/python3.12/site-packages/airflow/example_dags/example_xcomargs.py took 0.160 seconds
[2025-12-15T19:04:42.602+0000] {processor.py:186} INFO - Started process (PID=3830) to work on /home/airflow/.local/lib/python3.12/site-packages/airflow/example_dags/example_xcomargs.py
[2025-12-15T19:04:42.603+0000] {processor.py:914} INFO - Processing file /home/airflow/.local/lib/python3.12/site-packages/airflow/example_dags/example_xcomargs.py for tasks to queue
[2025-12-15T19:04:42.608+0000] {logging_mixin.py:190} INFO - [2025-12-15T19:04:42.607+0000] {dagbag.py:588} INFO - Filling up the DagBag from /home/airflow/.local/lib/python3.12/site-packages/airflow/example_dags/example_xcomargs.py
[2025-12-15T19:04:42.628+0000] {processor.py:925} INFO - DAG(s) 'example_xcom_args', 'example_xcom_args_with_operators' retrieved from /home/airflow/.local/lib/python3.12/site-packages/airflow/example_dags/example_xcomargs.py
[2025-12-15T19:04:42.669+0000] {logging_mixin.py:190} INFO - [2025-12-15T19:04:42.669+0000] {dag.py:3239} INFO - Sync 2 DAGs
[2025-12-15T19:04:42.698+0000] {logging_mixin.py:190} INFO - [2025-12-15T19:04:42.698+0000] {dag.py:4180} INFO - Setting next_dagrun for example_xcom_args to None, run_after=None
[2025-12-15T19:04:42.704+0000] {logging_mixin.py:190} INFO - [2025-12-15T19:04:42.704+0000] {dag.py:4180} INFO - Setting next_dagrun for example_xcom_args_with_operators to None, run_after=None
[2025-12-15T19:04:42.735+0000] {processor.py:208} INFO - Processing /home/airflow/.local/lib/python3.12/site-packages/airflow/example_dags/example_xcomargs.py took 0.146 seconds
[2025-12-15T19:05:15.098+0000] {processor.py:186} INFO - Started process (PID=4121) to work on /home/airflow/.local/lib/python3.12/site-packages/airflow/example_dags/example_xcomargs.py
[2025-12-15T19:05:15.099+0000] {processor.py:914} INFO - Processing file /home/airflow/.local/lib/python3.12/site-packages/airflow/example_dags/example_xcomargs.py for tasks to queue
[2025-12-15T19:05:15.102+0000] {logging_mixin.py:190} INFO - [2025-12-15T19:05:15.102+0000] {dagbag.py:588} INFO - Filling up the DagBag from /home/airflow/.local/lib/python3.12/site-packages/airflow/example_dags/example_xcomargs.py
[2025-12-15T19:05:15.121+0000] {processor.py:925} INFO - DAG(s) 'example_xcom_args_with_operators', 'example_xcom_args' retrieved from /home/airflow/.local/lib/python3.12/site-packages/airflow/example_dags/example_xcomargs.py
[2025-12-15T19:05:15.153+0000] {logging_mixin.py:190} INFO - [2025-12-15T19:05:15.153+0000] {dag.py:3239} INFO - Sync 2 DAGs
[2025-12-15T19:05:15.174+0000] {logging_mixin.py:190} INFO - [2025-12-15T19:05:15.174+0000] {dag.py:4180} INFO - Setting next_dagrun for example_xcom_args to None, run_after=None
[2025-12-15T19:05:15.179+0000] {logging_mixin.py:190} INFO - [2025-12-15T19:05:15.178+0000] {dag.py:4180} INFO - Setting next_dagrun for example_xcom_args_with_operators to None, run_after=None
[2025-12-15T19:05:15.402+0000] {processor.py:208} INFO - Processing /home/airflow/.local/lib/python3.12/site-packages/airflow/example_dags/example_xcomargs.py took 0.313 seconds
[2025-12-15T19:05:46.783+0000] {processor.py:186} INFO - Started process (PID=4412) to work on /home/airflow/.local/lib/python3.12/site-packages/airflow/example_dags/example_xcomargs.py
[2025-12-15T19:05:46.785+0000] {processor.py:914} INFO - Processing file /home/airflow/.local/lib/python3.12/site-packages/airflow/example_dags/example_xcomargs.py for tasks to queue
[2025-12-15T19:05:46.788+0000] {logging_mixin.py:190} INFO - [2025-12-15T19:05:46.787+0000] {dagbag.py:588} INFO - Filling up the DagBag from /home/airflow/.local/lib/python3.12/site-packages/airflow/example_dags/example_xcomargs.py
[2025-12-15T19:05:46.804+0000] {processor.py:925} INFO - DAG(s) 'example_xcom_args', 'example_xcom_args_with_operators' retrieved from /home/airflow/.local/lib/python3.12/site-packages/airflow/example_dags/example_xcomargs.py
[2025-12-15T19:05:46.841+0000] {logging_mixin.py:190} INFO - [2025-12-15T19:05:46.841+0000] {dag.py:3239} INFO - Sync 2 DAGs
[2025-12-15T19:05:46.863+0000] {logging_mixin.py:190} INFO - [2025-12-15T19:05:46.863+0000] {dag.py:4180} INFO - Setting next_dagrun for example_xcom_args to None, run_after=None
[2025-12-15T19:05:46.868+0000] {logging_mixin.py:190} INFO - [2025-12-15T19:05:46.867+0000] {dag.py:4180} INFO - Setting next_dagrun for example_xcom_args_with_operators to None, run_after=None
[2025-12-15T19:05:46.892+0000] {processor.py:208} INFO - Processing /home/airflow/.local/lib/python3.12/site-packages/airflow/example_dags/example_xcomargs.py took 0.118 seconds
[2025-12-15T19:06:18.110+0000] {processor.py:186} INFO - Started process (PID=4698) to work on /home/airflow/.local/lib/python3.12/site-packages/airflow/example_dags/example_xcomargs.py
[2025-12-15T19:06:18.116+0000] {processor.py:914} INFO - Processing file /home/airflow/.local/lib/python3.12/site-packages/airflow/example_dags/example_xcomargs.py for tasks to queue
[2025-12-15T19:06:18.121+0000] {logging_mixin.py:190} INFO - [2025-12-15T19:06:18.120+0000] {dagbag.py:588} INFO - Filling up the DagBag from /home/airflow/.local/lib/python3.12/site-packages/airflow/example_dags/example_xcomargs.py
[2025-12-15T19:06:18.176+0000] {processor.py:925} INFO - DAG(s) 'example_xcom_args_with_operators', 'example_xcom_args' retrieved from /home/airflow/.local/lib/python3.12/site-packages/airflow/example_dags/example_xcomargs.py
[2025-12-15T19:06:18.372+0000] {logging_mixin.py:190} INFO - [2025-12-15T19:06:18.362+0000] {dag.py:3239} INFO - Sync 2 DAGs
[2025-12-15T19:06:18.509+0000] {logging_mixin.py:190} INFO - [2025-12-15T19:06:18.508+0000] {dag.py:4180} INFO - Setting next_dagrun for example_xcom_args to None, run_after=None
[2025-12-15T19:06:18.541+0000] {logging_mixin.py:190} INFO - [2025-12-15T19:06:18.540+0000] {dag.py:4180} INFO - Setting next_dagrun for example_xcom_args_with_operators to None, run_after=None
[2025-12-15T19:06:18.701+0000] {processor.py:208} INFO - Processing /home/airflow/.local/lib/python3.12/site-packages/airflow/example_dags/example_xcomargs.py took 0.609 seconds
[2025-12-15T19:06:49.550+0000] {processor.py:186} INFO - Started process (PID=4991) to work on /home/airflow/.local/lib/python3.12/site-packages/airflow/example_dags/example_xcomargs.py
[2025-12-15T19:06:49.553+0000] {processor.py:914} INFO - Processing file /home/airflow/.local/lib/python3.12/site-packages/airflow/example_dags/example_xcomargs.py for tasks to queue
[2025-12-15T19:06:49.569+0000] {logging_mixin.py:190} INFO - [2025-12-15T19:06:49.568+0000] {dagbag.py:588} INFO - Filling up the DagBag from /home/airflow/.local/lib/python3.12/site-packages/airflow/example_dags/example_xcomargs.py
[2025-12-15T19:06:49.644+0000] {processor.py:925} INFO - DAG(s) 'example_xcom_args', 'example_xcom_args_with_operators' retrieved from /home/airflow/.local/lib/python3.12/site-packages/airflow/example_dags/example_xcomargs.py
[2025-12-15T19:06:49.830+0000] {logging_mixin.py:190} INFO - [2025-12-15T19:06:49.829+0000] {dag.py:3239} INFO - Sync 2 DAGs
[2025-12-15T19:06:49.947+0000] {logging_mixin.py:190} INFO - [2025-12-15T19:06:49.947+0000] {dag.py:4180} INFO - Setting next_dagrun for example_xcom_args to None, run_after=None
[2025-12-15T19:06:49.977+0000] {logging_mixin.py:190} INFO - [2025-12-15T19:06:49.976+0000] {dag.py:4180} INFO - Setting next_dagrun for example_xcom_args_with_operators to None, run_after=None
[2025-12-15T19:06:50.045+0000] {processor.py:208} INFO - Processing /home/airflow/.local/lib/python3.12/site-packages/airflow/example_dags/example_xcomargs.py took 0.533 seconds
[2025-12-15T19:07:26.387+0000] {processor.py:186} INFO - Started process (PID=5255) to work on /home/airflow/.local/lib/python3.12/site-packages/airflow/example_dags/example_xcomargs.py
[2025-12-15T19:07:26.389+0000] {processor.py:914} INFO - Processing file /home/airflow/.local/lib/python3.12/site-packages/airflow/example_dags/example_xcomargs.py for tasks to queue
[2025-12-15T19:07:26.394+0000] {logging_mixin.py:190} INFO - [2025-12-15T19:07:26.393+0000] {dagbag.py:588} INFO - Filling up the DagBag from /home/airflow/.local/lib/python3.12/site-packages/airflow/example_dags/example_xcomargs.py
[2025-12-15T19:07:26.418+0000] {processor.py:925} INFO - DAG(s) 'example_xcom_args', 'example_xcom_args_with_operators' retrieved from /home/airflow/.local/lib/python3.12/site-packages/airflow/example_dags/example_xcomargs.py
[2025-12-15T19:07:26.467+0000] {logging_mixin.py:190} INFO - [2025-12-15T19:07:26.466+0000] {dag.py:3239} INFO - Sync 2 DAGs
[2025-12-15T19:07:26.495+0000] {logging_mixin.py:190} INFO - [2025-12-15T19:07:26.495+0000] {dag.py:4180} INFO - Setting next_dagrun for example_xcom_args to None, run_after=None
[2025-12-15T19:07:26.503+0000] {logging_mixin.py:190} INFO - [2025-12-15T19:07:26.502+0000] {dag.py:4180} INFO - Setting next_dagrun for example_xcom_args_with_operators to None, run_after=None
[2025-12-15T19:07:26.534+0000] {processor.py:208} INFO - Processing /home/airflow/.local/lib/python3.12/site-packages/airflow/example_dags/example_xcomargs.py took 0.168 seconds
[2025-12-15T19:07:57.185+0000] {processor.py:186} INFO - Started process (PID=5546) to work on /home/airflow/.local/lib/python3.12/site-packages/airflow/example_dags/example_xcomargs.py
[2025-12-15T19:07:57.187+0000] {processor.py:914} INFO - Processing file /home/airflow/.local/lib/python3.12/site-packages/airflow/example_dags/example_xcomargs.py for tasks to queue
[2025-12-15T19:07:57.192+0000] {logging_mixin.py:190} INFO - [2025-12-15T19:07:57.191+0000] {dagbag.py:588} INFO - Filling up the DagBag from /home/airflow/.local/lib/python3.12/site-packages/airflow/example_dags/example_xcomargs.py
[2025-12-15T19:07:57.217+0000] {processor.py:925} INFO - DAG(s) 'example_xcom_args_with_operators', 'example_xcom_args' retrieved from /home/airflow/.local/lib/python3.12/site-packages/airflow/example_dags/example_xcomargs.py
[2025-12-15T19:07:57.263+0000] {logging_mixin.py:190} INFO - [2025-12-15T19:07:57.262+0000] {dag.py:3239} INFO - Sync 2 DAGs
[2025-12-15T19:07:57.293+0000] {logging_mixin.py:190} INFO - [2025-12-15T19:07:57.292+0000] {dag.py:4180} INFO - Setting next_dagrun for example_xcom_args to None, run_after=None
[2025-12-15T19:07:57.299+0000] {logging_mixin.py:190} INFO - [2025-12-15T19:07:57.298+0000] {dag.py:4180} INFO - Setting next_dagrun for example_xcom_args_with_operators to None, run_after=None
[2025-12-15T19:07:57.330+0000] {processor.py:208} INFO - Processing /home/airflow/.local/lib/python3.12/site-packages/airflow/example_dags/example_xcomargs.py took 0.158 seconds
[2025-12-15T19:08:29.094+0000] {processor.py:186} INFO - Started process (PID=5837) to work on /home/airflow/.local/lib/python3.12/site-packages/airflow/example_dags/example_xcomargs.py
[2025-12-15T19:08:29.104+0000] {processor.py:914} INFO - Processing file /home/airflow/.local/lib/python3.12/site-packages/airflow/example_dags/example_xcomargs.py for tasks to queue
[2025-12-15T19:08:29.110+0000] {logging_mixin.py:190} INFO - [2025-12-15T19:08:29.109+0000] {dagbag.py:588} INFO - Filling up the DagBag from /home/airflow/.local/lib/python3.12/site-packages/airflow/example_dags/example_xcomargs.py
[2025-12-15T19:08:29.132+0000] {processor.py:925} INFO - DAG(s) 'example_xcom_args_with_operators', 'example_xcom_args' retrieved from /home/airflow/.local/lib/python3.12/site-packages/airflow/example_dags/example_xcomargs.py
[2025-12-15T19:08:29.190+0000] {logging_mixin.py:190} INFO - [2025-12-15T19:08:29.190+0000] {dag.py:3239} INFO - Sync 2 DAGs
[2025-12-15T19:08:29.229+0000] {logging_mixin.py:190} INFO - [2025-12-15T19:08:29.228+0000] {dag.py:4180} INFO - Setting next_dagrun for example_xcom_args to None, run_after=None
[2025-12-15T19:08:29.240+0000] {logging_mixin.py:190} INFO - [2025-12-15T19:08:29.239+0000] {dag.py:4180} INFO - Setting next_dagrun for example_xcom_args_with_operators to None, run_after=None
[2025-12-15T19:08:29.297+0000] {processor.py:208} INFO - Processing /home/airflow/.local/lib/python3.12/site-packages/airflow/example_dags/example_xcomargs.py took 0.215 seconds
[2025-12-15T19:08:59.760+0000] {processor.py:186} INFO - Started process (PID=6128) to work on /home/airflow/.local/lib/python3.12/site-packages/airflow/example_dags/example_xcomargs.py
[2025-12-15T19:08:59.765+0000] {processor.py:914} INFO - Processing file /home/airflow/.local/lib/python3.12/site-packages/airflow/example_dags/example_xcomargs.py for tasks to queue
[2025-12-15T19:08:59.769+0000] {logging_mixin.py:190} INFO - [2025-12-15T19:08:59.768+0000] {dagbag.py:588} INFO - Filling up the DagBag from /home/airflow/.local/lib/python3.12/site-packages/airflow/example_dags/example_xcomargs.py
[2025-12-15T19:08:59.789+0000] {processor.py:925} INFO - DAG(s) 'example_xcom_args_with_operators', 'example_xcom_args' retrieved from /home/airflow/.local/lib/python3.12/site-packages/airflow/example_dags/example_xcomargs.py
[2025-12-15T19:08:59.834+0000] {logging_mixin.py:190} INFO - [2025-12-15T19:08:59.833+0000] {dag.py:3239} INFO - Sync 2 DAGs
[2025-12-15T19:08:59.859+0000] {logging_mixin.py:190} INFO - [2025-12-15T19:08:59.859+0000] {dag.py:4180} INFO - Setting next_dagrun for example_xcom_args to None, run_after=None
[2025-12-15T19:08:59.865+0000] {logging_mixin.py:190} INFO - [2025-12-15T19:08:59.864+0000] {dag.py:4180} INFO - Setting next_dagrun for example_xcom_args_with_operators to None, run_after=None
[2025-12-15T19:08:59.896+0000] {processor.py:208} INFO - Processing /home/airflow/.local/lib/python3.12/site-packages/airflow/example_dags/example_xcomargs.py took 0.145 seconds
[2025-12-15T19:09:30.397+0000] {processor.py:186} INFO - Started process (PID=6414) to work on /home/airflow/.local/lib/python3.12/site-packages/airflow/example_dags/example_xcomargs.py
[2025-12-15T19:09:30.399+0000] {processor.py:914} INFO - Processing file /home/airflow/.local/lib/python3.12/site-packages/airflow/example_dags/example_xcomargs.py for tasks to queue
[2025-12-15T19:09:30.403+0000] {logging_mixin.py:190} INFO - [2025-12-15T19:09:30.402+0000] {dagbag.py:588} INFO - Filling up the DagBag from /home/airflow/.local/lib/python3.12/site-packages/airflow/example_dags/example_xcomargs.py
[2025-12-15T19:09:30.423+0000] {processor.py:925} INFO - DAG(s) 'example_xcom_args', 'example_xcom_args_with_operators' retrieved from /home/airflow/.local/lib/python3.12/site-packages/airflow/example_dags/example_xcomargs.py
[2025-12-15T19:09:30.466+0000] {logging_mixin.py:190} INFO - [2025-12-15T19:09:30.465+0000] {dag.py:3239} INFO - Sync 2 DAGs
[2025-12-15T19:09:30.494+0000] {logging_mixin.py:190} INFO - [2025-12-15T19:09:30.494+0000] {dag.py:4180} INFO - Setting next_dagrun for example_xcom_args to None, run_after=None
[2025-12-15T19:09:30.499+0000] {logging_mixin.py:190} INFO - [2025-12-15T19:09:30.499+0000] {dag.py:4180} INFO - Setting next_dagrun for example_xcom_args_with_operators to None, run_after=None
[2025-12-15T19:09:30.752+0000] {processor.py:208} INFO - Processing /home/airflow/.local/lib/python3.12/site-packages/airflow/example_dags/example_xcomargs.py took 0.365 seconds
[2025-12-15T19:10:01.182+0000] {processor.py:186} INFO - Started process (PID=6705) to work on /home/airflow/.local/lib/python3.12/site-packages/airflow/example_dags/example_xcomargs.py
[2025-12-15T19:10:01.186+0000] {processor.py:914} INFO - Processing file /home/airflow/.local/lib/python3.12/site-packages/airflow/example_dags/example_xcomargs.py for tasks to queue
[2025-12-15T19:10:01.190+0000] {logging_mixin.py:190} INFO - [2025-12-15T19:10:01.189+0000] {dagbag.py:588} INFO - Filling up the DagBag from /home/airflow/.local/lib/python3.12/site-packages/airflow/example_dags/example_xcomargs.py
[2025-12-15T19:10:01.210+0000] {processor.py:925} INFO - DAG(s) 'example_xcom_args_with_operators', 'example_xcom_args' retrieved from /home/airflow/.local/lib/python3.12/site-packages/airflow/example_dags/example_xcomargs.py
[2025-12-15T19:10:01.259+0000] {logging_mixin.py:190} INFO - [2025-12-15T19:10:01.259+0000] {dag.py:3239} INFO - Sync 2 DAGs
[2025-12-15T19:10:01.288+0000] {logging_mixin.py:190} INFO - [2025-12-15T19:10:01.288+0000] {dag.py:4180} INFO - Setting next_dagrun for example_xcom_args to None, run_after=None
[2025-12-15T19:10:01.294+0000] {logging_mixin.py:190} INFO - [2025-12-15T19:10:01.293+0000] {dag.py:4180} INFO - Setting next_dagrun for example_xcom_args_with_operators to None, run_after=None
[2025-12-15T19:10:01.328+0000] {processor.py:208} INFO - Processing /home/airflow/.local/lib/python3.12/site-packages/airflow/example_dags/example_xcomargs.py took 0.158 seconds
[2025-12-15T19:10:35.069+0000] {processor.py:186} INFO - Started process (PID=6997) to work on /home/airflow/.local/lib/python3.12/site-packages/airflow/example_dags/example_xcomargs.py
[2025-12-15T19:10:35.083+0000] {processor.py:914} INFO - Processing file /home/airflow/.local/lib/python3.12/site-packages/airflow/example_dags/example_xcomargs.py for tasks to queue
[2025-12-15T19:10:35.100+0000] {logging_mixin.py:190} INFO - [2025-12-15T19:10:35.099+0000] {dagbag.py:588} INFO - Filling up the DagBag from /home/airflow/.local/lib/python3.12/site-packages/airflow/example_dags/example_xcomargs.py
[2025-12-15T19:10:35.215+0000] {processor.py:925} INFO - DAG(s) 'example_xcom_args', 'example_xcom_args_with_operators' retrieved from /home/airflow/.local/lib/python3.12/site-packages/airflow/example_dags/example_xcomargs.py
[2025-12-15T19:10:35.340+0000] {logging_mixin.py:190} INFO - [2025-12-15T19:10:35.339+0000] {dag.py:3239} INFO - Sync 2 DAGs
[2025-12-15T19:10:35.436+0000] {logging_mixin.py:190} INFO - [2025-12-15T19:10:35.436+0000] {dag.py:4180} INFO - Setting next_dagrun for example_xcom_args to None, run_after=None
[2025-12-15T19:10:35.461+0000] {logging_mixin.py:190} INFO - [2025-12-15T19:10:35.460+0000] {dag.py:4180} INFO - Setting next_dagrun for example_xcom_args_with_operators to None, run_after=None
[2025-12-15T19:10:35.542+0000] {processor.py:208} INFO - Processing /home/airflow/.local/lib/python3.12/site-packages/airflow/example_dags/example_xcomargs.py took 0.522 seconds
[2025-12-15T19:11:05.672+0000] {processor.py:186} INFO - Started process (PID=7283) to work on /home/airflow/.local/lib/python3.12/site-packages/airflow/example_dags/example_xcomargs.py
[2025-12-15T19:11:05.680+0000] {processor.py:914} INFO - Processing file /home/airflow/.local/lib/python3.12/site-packages/airflow/example_dags/example_xcomargs.py for tasks to queue
[2025-12-15T19:11:05.682+0000] {logging_mixin.py:190} INFO - [2025-12-15T19:11:05.682+0000] {dagbag.py:588} INFO - Filling up the DagBag from /home/airflow/.local/lib/python3.12/site-packages/airflow/example_dags/example_xcomargs.py
[2025-12-15T19:11:05.701+0000] {processor.py:925} INFO - DAG(s) 'example_xcom_args_with_operators', 'example_xcom_args' retrieved from /home/airflow/.local/lib/python3.12/site-packages/airflow/example_dags/example_xcomargs.py
[2025-12-15T19:11:05.745+0000] {logging_mixin.py:190} INFO - [2025-12-15T19:11:05.745+0000] {dag.py:3239} INFO - Sync 2 DAGs
[2025-12-15T19:11:05.778+0000] {logging_mixin.py:190} INFO - [2025-12-15T19:11:05.777+0000] {dag.py:4180} INFO - Setting next_dagrun for example_xcom_args to None, run_after=None
[2025-12-15T19:11:05.783+0000] {logging_mixin.py:190} INFO - [2025-12-15T19:11:05.783+0000] {dag.py:4180} INFO - Setting next_dagrun for example_xcom_args_with_operators to None, run_after=None
[2025-12-15T19:11:05.817+0000] {processor.py:208} INFO - Processing /home/airflow/.local/lib/python3.12/site-packages/airflow/example_dags/example_xcomargs.py took 0.153 seconds
[2025-12-15T19:11:36.533+0000] {processor.py:186} INFO - Started process (PID=7574) to work on /home/airflow/.local/lib/python3.12/site-packages/airflow/example_dags/example_xcomargs.py
[2025-12-15T19:11:36.535+0000] {processor.py:914} INFO - Processing file /home/airflow/.local/lib/python3.12/site-packages/airflow/example_dags/example_xcomargs.py for tasks to queue
[2025-12-15T19:11:36.536+0000] {logging_mixin.py:190} INFO - [2025-12-15T19:11:36.535+0000] {dagbag.py:588} INFO - Filling up the DagBag from /home/airflow/.local/lib/python3.12/site-packages/airflow/example_dags/example_xcomargs.py
[2025-12-15T19:11:36.549+0000] {processor.py:925} INFO - DAG(s) 'example_xcom_args_with_operators', 'example_xcom_args' retrieved from /home/airflow/.local/lib/python3.12/site-packages/airflow/example_dags/example_xcomargs.py
[2025-12-15T19:11:36.574+0000] {logging_mixin.py:190} INFO - [2025-12-15T19:11:36.574+0000] {dag.py:3239} INFO - Sync 2 DAGs
[2025-12-15T19:11:36.592+0000] {logging_mixin.py:190} INFO - [2025-12-15T19:11:36.592+0000] {dag.py:4180} INFO - Setting next_dagrun for example_xcom_args to None, run_after=None
[2025-12-15T19:11:36.597+0000] {logging_mixin.py:190} INFO - [2025-12-15T19:11:36.596+0000] {dag.py:4180} INFO - Setting next_dagrun for example_xcom_args_with_operators to None, run_after=None
[2025-12-15T19:11:36.618+0000] {processor.py:208} INFO - Processing /home/airflow/.local/lib/python3.12/site-packages/airflow/example_dags/example_xcomargs.py took 0.093 seconds
[2025-12-15T19:12:06.728+0000] {processor.py:186} INFO - Started process (PID=7865) to work on /home/airflow/.local/lib/python3.12/site-packages/airflow/example_dags/example_xcomargs.py
[2025-12-15T19:12:06.729+0000] {processor.py:914} INFO - Processing file /home/airflow/.local/lib/python3.12/site-packages/airflow/example_dags/example_xcomargs.py for tasks to queue
[2025-12-15T19:12:06.731+0000] {logging_mixin.py:190} INFO - [2025-12-15T19:12:06.730+0000] {dagbag.py:588} INFO - Filling up the DagBag from /home/airflow/.local/lib/python3.12/site-packages/airflow/example_dags/example_xcomargs.py
[2025-12-15T19:12:06.746+0000] {processor.py:925} INFO - DAG(s) 'example_xcom_args_with_operators', 'example_xcom_args' retrieved from /home/airflow/.local/lib/python3.12/site-packages/airflow/example_dags/example_xcomargs.py
[2025-12-15T19:12:06.778+0000] {logging_mixin.py:190} INFO - [2025-12-15T19:12:06.778+0000] {dag.py:3239} INFO - Sync 2 DAGs
[2025-12-15T19:12:06.796+0000] {logging_mixin.py:190} INFO - [2025-12-15T19:12:06.796+0000] {dag.py:4180} INFO - Setting next_dagrun for example_xcom_args to None, run_after=None
[2025-12-15T19:12:06.801+0000] {logging_mixin.py:190} INFO - [2025-12-15T19:12:06.801+0000] {dag.py:4180} INFO - Setting next_dagrun for example_xcom_args_with_operators to None, run_after=None
[2025-12-15T19:12:06.824+0000] {processor.py:208} INFO - Processing /home/airflow/.local/lib/python3.12/site-packages/airflow/example_dags/example_xcomargs.py took 0.104 seconds
[2025-12-15T19:12:37.123+0000] {processor.py:186} INFO - Started process (PID=8156) to work on /home/airflow/.local/lib/python3.12/site-packages/airflow/example_dags/example_xcomargs.py
[2025-12-15T19:12:37.126+0000] {processor.py:914} INFO - Processing file /home/airflow/.local/lib/python3.12/site-packages/airflow/example_dags/example_xcomargs.py for tasks to queue
[2025-12-15T19:12:37.128+0000] {logging_mixin.py:190} INFO - [2025-12-15T19:12:37.127+0000] {dagbag.py:588} INFO - Filling up the DagBag from /home/airflow/.local/lib/python3.12/site-packages/airflow/example_dags/example_xcomargs.py
[2025-12-15T19:12:37.147+0000] {processor.py:925} INFO - DAG(s) 'example_xcom_args', 'example_xcom_args_with_operators' retrieved from /home/airflow/.local/lib/python3.12/site-packages/airflow/example_dags/example_xcomargs.py
[2025-12-15T19:12:37.186+0000] {logging_mixin.py:190} INFO - [2025-12-15T19:12:37.186+0000] {dag.py:3239} INFO - Sync 2 DAGs
[2025-12-15T19:12:37.214+0000] {logging_mixin.py:190} INFO - [2025-12-15T19:12:37.214+0000] {dag.py:4180} INFO - Setting next_dagrun for example_xcom_args to None, run_after=None
[2025-12-15T19:12:37.220+0000] {logging_mixin.py:190} INFO - [2025-12-15T19:12:37.219+0000] {dag.py:4180} INFO - Setting next_dagrun for example_xcom_args_with_operators to None, run_after=None
[2025-12-15T19:12:37.253+0000] {processor.py:208} INFO - Processing /home/airflow/.local/lib/python3.12/site-packages/airflow/example_dags/example_xcomargs.py took 0.139 seconds
[2025-12-15T19:13:07.794+0000] {processor.py:186} INFO - Started process (PID=8447) to work on /home/airflow/.local/lib/python3.12/site-packages/airflow/example_dags/example_xcomargs.py
[2025-12-15T19:13:07.815+0000] {processor.py:914} INFO - Processing file /home/airflow/.local/lib/python3.12/site-packages/airflow/example_dags/example_xcomargs.py for tasks to queue
[2025-12-15T19:13:07.817+0000] {logging_mixin.py:190} INFO - [2025-12-15T19:13:07.816+0000] {dagbag.py:588} INFO - Filling up the DagBag from /home/airflow/.local/lib/python3.12/site-packages/airflow/example_dags/example_xcomargs.py
[2025-12-15T19:13:07.835+0000] {processor.py:925} INFO - DAG(s) 'example_xcom_args', 'example_xcom_args_with_operators' retrieved from /home/airflow/.local/lib/python3.12/site-packages/airflow/example_dags/example_xcomargs.py
[2025-12-15T19:13:07.870+0000] {logging_mixin.py:190} INFO - [2025-12-15T19:13:07.870+0000] {dag.py:3239} INFO - Sync 2 DAGs
[2025-12-15T19:13:07.894+0000] {logging_mixin.py:190} INFO - [2025-12-15T19:13:07.893+0000] {dag.py:4180} INFO - Setting next_dagrun for example_xcom_args to None, run_after=None
[2025-12-15T19:13:07.901+0000] {logging_mixin.py:190} INFO - [2025-12-15T19:13:07.900+0000] {dag.py:4180} INFO - Setting next_dagrun for example_xcom_args_with_operators to None, run_after=None
[2025-12-15T19:13:07.927+0000] {processor.py:208} INFO - Processing /home/airflow/.local/lib/python3.12/site-packages/airflow/example_dags/example_xcomargs.py took 0.141 seconds
[2025-12-15T19:13:38.844+0000] {processor.py:186} INFO - Started process (PID=8738) to work on /home/airflow/.local/lib/python3.12/site-packages/airflow/example_dags/example_xcomargs.py
[2025-12-15T19:13:38.860+0000] {processor.py:914} INFO - Processing file /home/airflow/.local/lib/python3.12/site-packages/airflow/example_dags/example_xcomargs.py for tasks to queue
[2025-12-15T19:13:38.867+0000] {logging_mixin.py:190} INFO - [2025-12-15T19:13:38.866+0000] {dagbag.py:588} INFO - Filling up the DagBag from /home/airflow/.local/lib/python3.12/site-packages/airflow/example_dags/example_xcomargs.py
[2025-12-15T19:13:38.920+0000] {processor.py:925} INFO - DAG(s) 'example_xcom_args_with_operators', 'example_xcom_args' retrieved from /home/airflow/.local/lib/python3.12/site-packages/airflow/example_dags/example_xcomargs.py
[2025-12-15T19:13:39.021+0000] {logging_mixin.py:190} INFO - [2025-12-15T19:13:39.021+0000] {dag.py:3239} INFO - Sync 2 DAGs
[2025-12-15T19:13:39.147+0000] {logging_mixin.py:190} INFO - [2025-12-15T19:13:39.146+0000] {dag.py:4180} INFO - Setting next_dagrun for example_xcom_args to None, run_after=None
[2025-12-15T19:13:39.179+0000] {logging_mixin.py:190} INFO - [2025-12-15T19:13:39.169+0000] {dag.py:4180} INFO - Setting next_dagrun for example_xcom_args_with_operators to None, run_after=None
[2025-12-15T19:13:39.259+0000] {processor.py:208} INFO - Processing /home/airflow/.local/lib/python3.12/site-packages/airflow/example_dags/example_xcomargs.py took 0.443 seconds
[2025-12-15T19:14:09.762+0000] {processor.py:186} INFO - Started process (PID=9029) to work on /home/airflow/.local/lib/python3.12/site-packages/airflow/example_dags/example_xcomargs.py
[2025-12-15T19:14:09.764+0000] {processor.py:914} INFO - Processing file /home/airflow/.local/lib/python3.12/site-packages/airflow/example_dags/example_xcomargs.py for tasks to queue
[2025-12-15T19:14:09.766+0000] {logging_mixin.py:190} INFO - [2025-12-15T19:14:09.765+0000] {dagbag.py:588} INFO - Filling up the DagBag from /home/airflow/.local/lib/python3.12/site-packages/airflow/example_dags/example_xcomargs.py
[2025-12-15T19:14:09.783+0000] {processor.py:925} INFO - DAG(s) 'example_xcom_args', 'example_xcom_args_with_operators' retrieved from /home/airflow/.local/lib/python3.12/site-packages/airflow/example_dags/example_xcomargs.py
[2025-12-15T19:14:09.823+0000] {logging_mixin.py:190} INFO - [2025-12-15T19:14:09.823+0000] {dag.py:3239} INFO - Sync 2 DAGs
[2025-12-15T19:14:09.851+0000] {logging_mixin.py:190} INFO - [2025-12-15T19:14:09.851+0000] {dag.py:4180} INFO - Setting next_dagrun for example_xcom_args to None, run_after=None
[2025-12-15T19:14:09.858+0000] {logging_mixin.py:190} INFO - [2025-12-15T19:14:09.857+0000] {dag.py:4180} INFO - Setting next_dagrun for example_xcom_args_with_operators to None, run_after=None
[2025-12-15T19:14:09.891+0000] {processor.py:208} INFO - Processing /home/airflow/.local/lib/python3.12/site-packages/airflow/example_dags/example_xcomargs.py took 0.141 seconds
[2025-12-15T19:14:40.066+0000] {processor.py:186} INFO - Started process (PID=9320) to work on /home/airflow/.local/lib/python3.12/site-packages/airflow/example_dags/example_xcomargs.py
[2025-12-15T19:14:40.068+0000] {processor.py:914} INFO - Processing file /home/airflow/.local/lib/python3.12/site-packages/airflow/example_dags/example_xcomargs.py for tasks to queue
[2025-12-15T19:14:40.071+0000] {logging_mixin.py:190} INFO - [2025-12-15T19:14:40.070+0000] {dagbag.py:588} INFO - Filling up the DagBag from /home/airflow/.local/lib/python3.12/site-packages/airflow/example_dags/example_xcomargs.py
[2025-12-15T19:14:40.103+0000] {processor.py:925} INFO - DAG(s) 'example_xcom_args', 'example_xcom_args_with_operators' retrieved from /home/airflow/.local/lib/python3.12/site-packages/airflow/example_dags/example_xcomargs.py
[2025-12-15T19:14:40.172+0000] {logging_mixin.py:190} INFO - [2025-12-15T19:14:40.171+0000] {dag.py:3239} INFO - Sync 2 DAGs
[2025-12-15T19:14:40.205+0000] {logging_mixin.py:190} INFO - [2025-12-15T19:14:40.205+0000] {dag.py:4180} INFO - Setting next_dagrun for example_xcom_args to None, run_after=None
[2025-12-15T19:14:40.216+0000] {logging_mixin.py:190} INFO - [2025-12-15T19:14:40.215+0000] {dag.py:4180} INFO - Setting next_dagrun for example_xcom_args_with_operators to None, run_after=None
[2025-12-15T19:14:40.262+0000] {processor.py:208} INFO - Processing /home/airflow/.local/lib/python3.12/site-packages/airflow/example_dags/example_xcomargs.py took 0.209 seconds
[2025-12-15T19:15:10.899+0000] {processor.py:186} INFO - Started process (PID=9601) to work on /home/airflow/.local/lib/python3.12/site-packages/airflow/example_dags/example_xcomargs.py
[2025-12-15T19:15:10.925+0000] {processor.py:914} INFO - Processing file /home/airflow/.local/lib/python3.12/site-packages/airflow/example_dags/example_xcomargs.py for tasks to queue
[2025-12-15T19:15:10.928+0000] {logging_mixin.py:190} INFO - [2025-12-15T19:15:10.927+0000] {dagbag.py:588} INFO - Filling up the DagBag from /home/airflow/.local/lib/python3.12/site-packages/airflow/example_dags/example_xcomargs.py
[2025-12-15T19:15:11.032+0000] {processor.py:925} INFO - DAG(s) 'example_xcom_args', 'example_xcom_args_with_operators' retrieved from /home/airflow/.local/lib/python3.12/site-packages/airflow/example_dags/example_xcomargs.py
[2025-12-15T19:15:11.227+0000] {logging_mixin.py:190} INFO - [2025-12-15T19:15:11.227+0000] {dag.py:3239} INFO - Sync 2 DAGs
[2025-12-15T19:15:11.365+0000] {logging_mixin.py:190} INFO - [2025-12-15T19:15:11.364+0000] {dag.py:4180} INFO - Setting next_dagrun for example_xcom_args to None, run_after=None
[2025-12-15T19:15:11.401+0000] {logging_mixin.py:190} INFO - [2025-12-15T19:15:11.401+0000] {dag.py:4180} INFO - Setting next_dagrun for example_xcom_args_with_operators to None, run_after=None
[2025-12-15T19:15:11.540+0000] {processor.py:208} INFO - Processing /home/airflow/.local/lib/python3.12/site-packages/airflow/example_dags/example_xcomargs.py took 0.654 seconds
[2025-12-15T19:15:42.795+0000] {processor.py:186} INFO - Started process (PID=9882) to work on /home/airflow/.local/lib/python3.12/site-packages/airflow/example_dags/example_xcomargs.py
[2025-12-15T19:15:42.797+0000] {processor.py:914} INFO - Processing file /home/airflow/.local/lib/python3.12/site-packages/airflow/example_dags/example_xcomargs.py for tasks to queue
[2025-12-15T19:15:42.799+0000] {logging_mixin.py:190} INFO - [2025-12-15T19:15:42.798+0000] {dagbag.py:588} INFO - Filling up the DagBag from /home/airflow/.local/lib/python3.12/site-packages/airflow/example_dags/example_xcomargs.py
[2025-12-15T19:15:42.820+0000] {processor.py:925} INFO - DAG(s) 'example_xcom_args', 'example_xcom_args_with_operators' retrieved from /home/airflow/.local/lib/python3.12/site-packages/airflow/example_dags/example_xcomargs.py
[2025-12-15T19:15:42.875+0000] {logging_mixin.py:190} INFO - [2025-12-15T19:15:42.875+0000] {dag.py:3239} INFO - Sync 2 DAGs
[2025-12-15T19:15:42.911+0000] {logging_mixin.py:190} INFO - [2025-12-15T19:15:42.910+0000] {dag.py:4180} INFO - Setting next_dagrun for example_xcom_args to None, run_after=None
[2025-12-15T19:15:42.917+0000] {logging_mixin.py:190} INFO - [2025-12-15T19:15:42.917+0000] {dag.py:4180} INFO - Setting next_dagrun for example_xcom_args_with_operators to None, run_after=None
[2025-12-15T19:15:42.954+0000] {processor.py:208} INFO - Processing /home/airflow/.local/lib/python3.12/site-packages/airflow/example_dags/example_xcomargs.py took 0.176 seconds
[2025-12-15T19:16:15.094+0000] {processor.py:186} INFO - Started process (PID=10155) to work on /home/airflow/.local/lib/python3.12/site-packages/airflow/example_dags/example_xcomargs.py
[2025-12-15T19:16:15.099+0000] {processor.py:914} INFO - Processing file /home/airflow/.local/lib/python3.12/site-packages/airflow/example_dags/example_xcomargs.py for tasks to queue
[2025-12-15T19:16:15.102+0000] {logging_mixin.py:190} INFO - [2025-12-15T19:16:15.101+0000] {dagbag.py:588} INFO - Filling up the DagBag from /home/airflow/.local/lib/python3.12/site-packages/airflow/example_dags/example_xcomargs.py
[2025-12-15T19:16:15.147+0000] {processor.py:925} INFO - DAG(s) 'example_xcom_args_with_operators', 'example_xcom_args' retrieved from /home/airflow/.local/lib/python3.12/site-packages/airflow/example_dags/example_xcomargs.py
[2025-12-15T19:16:15.216+0000] {logging_mixin.py:190} INFO - [2025-12-15T19:16:15.216+0000] {dag.py:3239} INFO - Sync 2 DAGs
[2025-12-15T19:16:15.249+0000] {logging_mixin.py:190} INFO - [2025-12-15T19:16:15.249+0000] {dag.py:4180} INFO - Setting next_dagrun for example_xcom_args to None, run_after=None
[2025-12-15T19:16:15.258+0000] {logging_mixin.py:190} INFO - [2025-12-15T19:16:15.258+0000] {dag.py:4180} INFO - Setting next_dagrun for example_xcom_args_with_operators to None, run_after=None
[2025-12-15T19:16:15.303+0000] {processor.py:208} INFO - Processing /home/airflow/.local/lib/python3.12/site-packages/airflow/example_dags/example_xcomargs.py took 0.234 seconds
[2025-12-15T19:16:47.943+0000] {processor.py:186} INFO - Started process (PID=10424) to work on /home/airflow/.local/lib/python3.12/site-packages/airflow/example_dags/example_xcomargs.py
[2025-12-15T19:16:47.948+0000] {processor.py:914} INFO - Processing file /home/airflow/.local/lib/python3.12/site-packages/airflow/example_dags/example_xcomargs.py for tasks to queue
[2025-12-15T19:16:47.961+0000] {logging_mixin.py:190} INFO - [2025-12-15T19:16:47.959+0000] {dagbag.py:588} INFO - Filling up the DagBag from /home/airflow/.local/lib/python3.12/site-packages/airflow/example_dags/example_xcomargs.py
[2025-12-15T19:16:48.047+0000] {processor.py:925} INFO - DAG(s) 'example_xcom_args', 'example_xcom_args_with_operators' retrieved from /home/airflow/.local/lib/python3.12/site-packages/airflow/example_dags/example_xcomargs.py
[2025-12-15T19:16:48.209+0000] {logging_mixin.py:190} INFO - [2025-12-15T19:16:48.206+0000] {dag.py:3239} INFO - Sync 2 DAGs
[2025-12-15T19:16:48.314+0000] {logging_mixin.py:190} INFO - [2025-12-15T19:16:48.307+0000] {dag.py:4180} INFO - Setting next_dagrun for example_xcom_args to None, run_after=None
[2025-12-15T19:16:48.335+0000] {logging_mixin.py:190} INFO - [2025-12-15T19:16:48.334+0000] {dag.py:4180} INFO - Setting next_dagrun for example_xcom_args_with_operators to None, run_after=None
[2025-12-15T19:16:48.441+0000] {processor.py:208} INFO - Processing /home/airflow/.local/lib/python3.12/site-packages/airflow/example_dags/example_xcomargs.py took 0.536 seconds
[2025-12-15T19:17:24.674+0000] {processor.py:186} INFO - Started process (PID=10690) to work on /home/airflow/.local/lib/python3.12/site-packages/airflow/example_dags/example_xcomargs.py
[2025-12-15T19:17:24.676+0000] {processor.py:914} INFO - Processing file /home/airflow/.local/lib/python3.12/site-packages/airflow/example_dags/example_xcomargs.py for tasks to queue
[2025-12-15T19:17:24.680+0000] {logging_mixin.py:190} INFO - [2025-12-15T19:17:24.679+0000] {dagbag.py:588} INFO - Filling up the DagBag from /home/airflow/.local/lib/python3.12/site-packages/airflow/example_dags/example_xcomargs.py
[2025-12-15T19:17:24.711+0000] {processor.py:925} INFO - DAG(s) 'example_xcom_args_with_operators', 'example_xcom_args' retrieved from /home/airflow/.local/lib/python3.12/site-packages/airflow/example_dags/example_xcomargs.py
[2025-12-15T19:17:24.767+0000] {logging_mixin.py:190} INFO - [2025-12-15T19:17:24.765+0000] {dag.py:3239} INFO - Sync 2 DAGs
[2025-12-15T19:17:24.804+0000] {logging_mixin.py:190} INFO - [2025-12-15T19:17:24.804+0000] {dag.py:4180} INFO - Setting next_dagrun for example_xcom_args to None, run_after=None
[2025-12-15T19:17:24.813+0000] {logging_mixin.py:190} INFO - [2025-12-15T19:17:24.813+0000] {dag.py:4180} INFO - Setting next_dagrun for example_xcom_args_with_operators to None, run_after=None
[2025-12-15T19:17:24.854+0000] {processor.py:208} INFO - Processing /home/airflow/.local/lib/python3.12/site-packages/airflow/example_dags/example_xcomargs.py took 0.201 seconds
[2025-12-15T19:17:55.819+0000] {processor.py:186} INFO - Started process (PID=10990) to work on /home/airflow/.local/lib/python3.12/site-packages/airflow/example_dags/example_xcomargs.py
[2025-12-15T19:17:55.822+0000] {processor.py:914} INFO - Processing file /home/airflow/.local/lib/python3.12/site-packages/airflow/example_dags/example_xcomargs.py for tasks to queue
[2025-12-15T19:17:55.834+0000] {logging_mixin.py:190} INFO - [2025-12-15T19:17:55.833+0000] {dagbag.py:588} INFO - Filling up the DagBag from /home/airflow/.local/lib/python3.12/site-packages/airflow/example_dags/example_xcomargs.py
[2025-12-15T19:17:55.921+0000] {processor.py:925} INFO - DAG(s) 'example_xcom_args_with_operators', 'example_xcom_args' retrieved from /home/airflow/.local/lib/python3.12/site-packages/airflow/example_dags/example_xcomargs.py
[2025-12-15T19:17:56.097+0000] {logging_mixin.py:190} INFO - [2025-12-15T19:17:56.096+0000] {dag.py:3239} INFO - Sync 2 DAGs
[2025-12-15T19:17:56.214+0000] {logging_mixin.py:190} INFO - [2025-12-15T19:17:56.205+0000] {dag.py:4180} INFO - Setting next_dagrun for example_xcom_args to None, run_after=None
[2025-12-15T19:17:56.244+0000] {logging_mixin.py:190} INFO - [2025-12-15T19:17:56.244+0000] {dag.py:4180} INFO - Setting next_dagrun for example_xcom_args_with_operators to None, run_after=None
[2025-12-15T19:17:56.392+0000] {processor.py:208} INFO - Processing /home/airflow/.local/lib/python3.12/site-packages/airflow/example_dags/example_xcomargs.py took 0.618 seconds
[2025-12-15T19:18:28.008+0000] {processor.py:186} INFO - Started process (PID=11281) to work on /home/airflow/.local/lib/python3.12/site-packages/airflow/example_dags/example_xcomargs.py
[2025-12-15T19:18:28.011+0000] {processor.py:914} INFO - Processing file /home/airflow/.local/lib/python3.12/site-packages/airflow/example_dags/example_xcomargs.py for tasks to queue
[2025-12-15T19:18:28.014+0000] {logging_mixin.py:190} INFO - [2025-12-15T19:18:28.013+0000] {dagbag.py:588} INFO - Filling up the DagBag from /home/airflow/.local/lib/python3.12/site-packages/airflow/example_dags/example_xcomargs.py
[2025-12-15T19:18:28.053+0000] {processor.py:925} INFO - DAG(s) 'example_xcom_args', 'example_xcom_args_with_operators' retrieved from /home/airflow/.local/lib/python3.12/site-packages/airflow/example_dags/example_xcomargs.py
[2025-12-15T19:18:28.138+0000] {logging_mixin.py:190} INFO - [2025-12-15T19:18:28.138+0000] {dag.py:3239} INFO - Sync 2 DAGs
[2025-12-15T19:18:28.245+0000] {logging_mixin.py:190} INFO - [2025-12-15T19:18:28.244+0000] {dag.py:4180} INFO - Setting next_dagrun for example_xcom_args to None, run_after=None
[2025-12-15T19:18:28.284+0000] {logging_mixin.py:190} INFO - [2025-12-15T19:18:28.276+0000] {dag.py:4180} INFO - Setting next_dagrun for example_xcom_args_with_operators to None, run_after=None
[2025-12-15T19:18:28.414+0000] {processor.py:208} INFO - Processing /home/airflow/.local/lib/python3.12/site-packages/airflow/example_dags/example_xcomargs.py took 0.422 seconds
[2025-12-15T19:19:00.409+0000] {processor.py:186} INFO - Started process (PID=11575) to work on /home/airflow/.local/lib/python3.12/site-packages/airflow/example_dags/example_xcomargs.py
[2025-12-15T19:19:00.421+0000] {processor.py:914} INFO - Processing file /home/airflow/.local/lib/python3.12/site-packages/airflow/example_dags/example_xcomargs.py for tasks to queue
[2025-12-15T19:19:00.439+0000] {logging_mixin.py:190} INFO - [2025-12-15T19:19:00.438+0000] {dagbag.py:588} INFO - Filling up the DagBag from /home/airflow/.local/lib/python3.12/site-packages/airflow/example_dags/example_xcomargs.py
[2025-12-15T19:19:00.573+0000] {processor.py:925} INFO - DAG(s) 'example_xcom_args_with_operators', 'example_xcom_args' retrieved from /home/airflow/.local/lib/python3.12/site-packages/airflow/example_dags/example_xcomargs.py
[2025-12-15T19:19:00.704+0000] {logging_mixin.py:190} INFO - [2025-12-15T19:19:00.704+0000] {dag.py:3239} INFO - Sync 2 DAGs
[2025-12-15T19:19:00.781+0000] {logging_mixin.py:190} INFO - [2025-12-15T19:19:00.781+0000] {dag.py:4180} INFO - Setting next_dagrun for example_xcom_args to None, run_after=None
[2025-12-15T19:19:00.798+0000] {logging_mixin.py:190} INFO - [2025-12-15T19:19:00.797+0000] {dag.py:4180} INFO - Setting next_dagrun for example_xcom_args_with_operators to None, run_after=None
[2025-12-15T19:19:00.875+0000] {processor.py:208} INFO - Processing /home/airflow/.local/lib/python3.12/site-packages/airflow/example_dags/example_xcomargs.py took 0.525 seconds
