[2025-12-15T18:56:26.312+0000] {processor.py:186} INFO - Started process (PID=416) to work on /home/airflow/.local/lib/python3.12/site-packages/airflow/example_dags/example_bash_operator.py
[2025-12-15T18:56:26.324+0000] {processor.py:914} INFO - Processing file /home/airflow/.local/lib/python3.12/site-packages/airflow/example_dags/example_bash_operator.py for tasks to queue
[2025-12-15T18:56:26.339+0000] {logging_mixin.py:190} INFO - [2025-12-15T18:56:26.338+0000] {dagbag.py:588} INFO - Filling up the DagBag from /home/airflow/.local/lib/python3.12/site-packages/airflow/example_dags/example_bash_operator.py
[2025-12-15T18:56:26.468+0000] {processor.py:925} INFO - DAG(s) 'example_bash_operator' retrieved from /home/airflow/.local/lib/python3.12/site-packages/airflow/example_dags/example_bash_operator.py
[2025-12-15T18:56:27.357+0000] {logging_mixin.py:190} INFO - [2025-12-15T18:56:27.356+0000] {override.py:1911} INFO - Created Permission View: can read on DAG:example_bash_operator
[2025-12-15T18:56:27.415+0000] {logging_mixin.py:190} INFO - [2025-12-15T18:56:27.414+0000] {override.py:1911} INFO - Created Permission View: can edit on DAG:example_bash_operator
[2025-12-15T18:56:27.463+0000] {logging_mixin.py:190} INFO - [2025-12-15T18:56:27.463+0000] {override.py:1911} INFO - Created Permission View: can delete on DAG:example_bash_operator
[2025-12-15T18:56:27.519+0000] {logging_mixin.py:190} INFO - [2025-12-15T18:56:27.518+0000] {override.py:1911} INFO - Created Permission View: can read on DAG Run:example_bash_operator
[2025-12-15T18:56:27.568+0000] {logging_mixin.py:190} INFO - [2025-12-15T18:56:27.567+0000] {override.py:1911} INFO - Created Permission View: menu access on DAG Run:example_bash_operator
[2025-12-15T18:56:27.623+0000] {logging_mixin.py:190} INFO - [2025-12-15T18:56:27.622+0000] {override.py:1911} INFO - Created Permission View: can create on DAG Run:example_bash_operator
[2025-12-15T18:56:27.679+0000] {logging_mixin.py:190} INFO - [2025-12-15T18:56:27.679+0000] {override.py:1911} INFO - Created Permission View: can delete on DAG Run:example_bash_operator
[2025-12-15T18:56:27.681+0000] {logging_mixin.py:190} INFO - [2025-12-15T18:56:27.680+0000] {dag.py:3239} INFO - Sync 1 DAGs
[2025-12-15T18:56:27.767+0000] {logging_mixin.py:190} INFO - [2025-12-15T18:56:27.766+0000] {dag.py:3262} INFO - Creating ORM DAG for example_bash_operator
[2025-12-15T18:56:27.833+0000] {logging_mixin.py:190} INFO - [2025-12-15T18:56:27.832+0000] {dag.py:4180} INFO - Setting next_dagrun for example_bash_operator to 2025-12-14 00:00:00+00:00, run_after=2025-12-15 00:00:00+00:00
[2025-12-15T18:56:27.914+0000] {processor.py:208} INFO - Processing /home/airflow/.local/lib/python3.12/site-packages/airflow/example_dags/example_bash_operator.py took 1.647 seconds
[2025-12-15T18:56:58.760+0000] {processor.py:186} INFO - Started process (PID=705) to work on /home/airflow/.local/lib/python3.12/site-packages/airflow/example_dags/example_bash_operator.py
[2025-12-15T18:56:58.763+0000] {processor.py:914} INFO - Processing file /home/airflow/.local/lib/python3.12/site-packages/airflow/example_dags/example_bash_operator.py for tasks to queue
[2025-12-15T18:56:58.792+0000] {logging_mixin.py:190} INFO - [2025-12-15T18:56:58.791+0000] {dagbag.py:588} INFO - Filling up the DagBag from /home/airflow/.local/lib/python3.12/site-packages/airflow/example_dags/example_bash_operator.py
[2025-12-15T18:56:58.853+0000] {processor.py:925} INFO - DAG(s) 'example_bash_operator' retrieved from /home/airflow/.local/lib/python3.12/site-packages/airflow/example_dags/example_bash_operator.py
[2025-12-15T18:56:58.946+0000] {logging_mixin.py:190} INFO - [2025-12-15T18:56:58.946+0000] {dag.py:3239} INFO - Sync 1 DAGs
[2025-12-15T18:56:59.014+0000] {logging_mixin.py:190} INFO - [2025-12-15T18:56:59.012+0000] {dag.py:4180} INFO - Setting next_dagrun for example_bash_operator to 2025-12-14 00:00:00+00:00, run_after=2025-12-15 00:00:00+00:00
[2025-12-15T18:56:59.069+0000] {processor.py:208} INFO - Processing /home/airflow/.local/lib/python3.12/site-packages/airflow/example_dags/example_bash_operator.py took 0.328 seconds
[2025-12-15T18:57:34.430+0000] {processor.py:186} INFO - Started process (PID=1001) to work on /home/airflow/.local/lib/python3.12/site-packages/airflow/example_dags/example_bash_operator.py
[2025-12-15T18:57:34.432+0000] {processor.py:914} INFO - Processing file /home/airflow/.local/lib/python3.12/site-packages/airflow/example_dags/example_bash_operator.py for tasks to queue
[2025-12-15T18:57:34.437+0000] {logging_mixin.py:190} INFO - [2025-12-15T18:57:34.436+0000] {dagbag.py:588} INFO - Filling up the DagBag from /home/airflow/.local/lib/python3.12/site-packages/airflow/example_dags/example_bash_operator.py
[2025-12-15T18:57:34.471+0000] {processor.py:925} INFO - DAG(s) 'example_bash_operator' retrieved from /home/airflow/.local/lib/python3.12/site-packages/airflow/example_dags/example_bash_operator.py
[2025-12-15T18:57:34.537+0000] {logging_mixin.py:190} INFO - [2025-12-15T18:57:34.536+0000] {dag.py:3239} INFO - Sync 1 DAGs
[2025-12-15T18:57:34.640+0000] {logging_mixin.py:190} INFO - [2025-12-15T18:57:34.640+0000] {dag.py:4180} INFO - Setting next_dagrun for example_bash_operator to 2025-12-14 00:00:00+00:00, run_after=2025-12-15 00:00:00+00:00
[2025-12-15T18:57:34.714+0000] {processor.py:208} INFO - Processing /home/airflow/.local/lib/python3.12/site-packages/airflow/example_dags/example_bash_operator.py took 0.301 seconds
[2025-12-15T18:58:16.679+0000] {processor.py:186} INFO - Started process (PID=1301) to work on /home/airflow/.local/lib/python3.12/site-packages/airflow/example_dags/example_bash_operator.py
[2025-12-15T18:58:16.684+0000] {processor.py:914} INFO - Processing file /home/airflow/.local/lib/python3.12/site-packages/airflow/example_dags/example_bash_operator.py for tasks to queue
[2025-12-15T18:58:16.695+0000] {logging_mixin.py:190} INFO - [2025-12-15T18:58:16.693+0000] {dagbag.py:588} INFO - Filling up the DagBag from /home/airflow/.local/lib/python3.12/site-packages/airflow/example_dags/example_bash_operator.py
[2025-12-15T18:58:16.750+0000] {processor.py:925} INFO - DAG(s) 'example_bash_operator' retrieved from /home/airflow/.local/lib/python3.12/site-packages/airflow/example_dags/example_bash_operator.py
[2025-12-15T18:58:16.829+0000] {logging_mixin.py:190} INFO - [2025-12-15T18:58:16.828+0000] {dag.py:3239} INFO - Sync 1 DAGs
[2025-12-15T18:58:16.888+0000] {logging_mixin.py:190} INFO - [2025-12-15T18:58:16.888+0000] {dag.py:4180} INFO - Setting next_dagrun for example_bash_operator to 2025-12-14 00:00:00+00:00, run_after=2025-12-15 00:00:00+00:00
[2025-12-15T18:58:16.937+0000] {processor.py:208} INFO - Processing /home/airflow/.local/lib/python3.12/site-packages/airflow/example_dags/example_bash_operator.py took 0.283 seconds
[2025-12-15T18:58:47.245+0000] {processor.py:186} INFO - Started process (PID=1587) to work on /home/airflow/.local/lib/python3.12/site-packages/airflow/example_dags/example_bash_operator.py
[2025-12-15T18:58:47.247+0000] {processor.py:914} INFO - Processing file /home/airflow/.local/lib/python3.12/site-packages/airflow/example_dags/example_bash_operator.py for tasks to queue
[2025-12-15T18:58:47.251+0000] {logging_mixin.py:190} INFO - [2025-12-15T18:58:47.251+0000] {dagbag.py:588} INFO - Filling up the DagBag from /home/airflow/.local/lib/python3.12/site-packages/airflow/example_dags/example_bash_operator.py
[2025-12-15T18:58:47.271+0000] {processor.py:925} INFO - DAG(s) 'example_bash_operator' retrieved from /home/airflow/.local/lib/python3.12/site-packages/airflow/example_dags/example_bash_operator.py
[2025-12-15T18:58:47.308+0000] {logging_mixin.py:190} INFO - [2025-12-15T18:58:47.307+0000] {dag.py:3239} INFO - Sync 1 DAGs
[2025-12-15T18:58:47.347+0000] {logging_mixin.py:190} INFO - [2025-12-15T18:58:47.347+0000] {dag.py:4180} INFO - Setting next_dagrun for example_bash_operator to 2025-12-14 00:00:00+00:00, run_after=2025-12-15 00:00:00+00:00
[2025-12-15T18:58:47.382+0000] {processor.py:208} INFO - Processing /home/airflow/.local/lib/python3.12/site-packages/airflow/example_dags/example_bash_operator.py took 0.145 seconds
[2025-12-15T18:59:54.971+0000] {processor.py:186} INFO - Started process (PID=2002) to work on /home/airflow/.local/lib/python3.12/site-packages/airflow/example_dags/example_bash_operator.py
[2025-12-15T18:59:55.102+0000] {processor.py:914} INFO - Processing file /home/airflow/.local/lib/python3.12/site-packages/airflow/example_dags/example_bash_operator.py for tasks to queue
[2025-12-15T18:59:55.107+0000] {logging_mixin.py:190} INFO - [2025-12-15T18:59:55.106+0000] {dagbag.py:588} INFO - Filling up the DagBag from /home/airflow/.local/lib/python3.12/site-packages/airflow/example_dags/example_bash_operator.py
[2025-12-15T18:59:55.206+0000] {processor.py:925} INFO - DAG(s) 'example_bash_operator' retrieved from /home/airflow/.local/lib/python3.12/site-packages/airflow/example_dags/example_bash_operator.py
[2025-12-15T18:59:55.394+0000] {logging_mixin.py:190} INFO - [2025-12-15T18:59:55.393+0000] {dag.py:3239} INFO - Sync 1 DAGs
[2025-12-15T18:59:55.488+0000] {logging_mixin.py:190} INFO - [2025-12-15T18:59:55.487+0000] {dag.py:4180} INFO - Setting next_dagrun for example_bash_operator to 2025-12-15 00:00:00+00:00, run_after=2025-12-16 00:00:00+00:00
[2025-12-15T18:59:55.644+0000] {processor.py:208} INFO - Processing /home/airflow/.local/lib/python3.12/site-packages/airflow/example_dags/example_bash_operator.py took 1.047 seconds
[2025-12-15T19:01:56.331+0000] {processor.py:186} INFO - Started process (PID=2325) to work on /home/airflow/.local/lib/python3.12/site-packages/airflow/example_dags/example_bash_operator.py
[2025-12-15T19:01:56.337+0000] {processor.py:914} INFO - Processing file /home/airflow/.local/lib/python3.12/site-packages/airflow/example_dags/example_bash_operator.py for tasks to queue
[2025-12-15T19:01:56.341+0000] {logging_mixin.py:190} INFO - [2025-12-15T19:01:56.340+0000] {dagbag.py:588} INFO - Filling up the DagBag from /home/airflow/.local/lib/python3.12/site-packages/airflow/example_dags/example_bash_operator.py
[2025-12-15T19:01:56.391+0000] {processor.py:925} INFO - DAG(s) 'example_bash_operator' retrieved from /home/airflow/.local/lib/python3.12/site-packages/airflow/example_dags/example_bash_operator.py
[2025-12-15T19:01:56.482+0000] {logging_mixin.py:190} INFO - [2025-12-15T19:01:56.481+0000] {dag.py:3239} INFO - Sync 1 DAGs
[2025-12-15T19:01:56.594+0000] {logging_mixin.py:190} INFO - [2025-12-15T19:01:56.593+0000] {dag.py:4180} INFO - Setting next_dagrun for example_bash_operator to 2025-12-15 00:00:00+00:00, run_after=2025-12-16 00:00:00+00:00
[2025-12-15T19:01:56.670+0000] {processor.py:208} INFO - Processing /home/airflow/.local/lib/python3.12/site-packages/airflow/example_dags/example_bash_operator.py took 0.361 seconds
[2025-12-15T19:02:29.894+0000] {processor.py:186} INFO - Started process (PID=2626) to work on /home/airflow/.local/lib/python3.12/site-packages/airflow/example_dags/example_bash_operator.py
[2025-12-15T19:02:29.905+0000] {processor.py:914} INFO - Processing file /home/airflow/.local/lib/python3.12/site-packages/airflow/example_dags/example_bash_operator.py for tasks to queue
[2025-12-15T19:02:29.910+0000] {logging_mixin.py:190} INFO - [2025-12-15T19:02:29.909+0000] {dagbag.py:588} INFO - Filling up the DagBag from /home/airflow/.local/lib/python3.12/site-packages/airflow/example_dags/example_bash_operator.py
[2025-12-15T19:02:29.940+0000] {processor.py:925} INFO - DAG(s) 'example_bash_operator' retrieved from /home/airflow/.local/lib/python3.12/site-packages/airflow/example_dags/example_bash_operator.py
[2025-12-15T19:02:30.013+0000] {logging_mixin.py:190} INFO - [2025-12-15T19:02:30.013+0000] {dag.py:3239} INFO - Sync 1 DAGs
[2025-12-15T19:02:30.083+0000] {logging_mixin.py:190} INFO - [2025-12-15T19:02:30.082+0000] {dag.py:4180} INFO - Setting next_dagrun for example_bash_operator to 2025-12-15 00:00:00+00:00, run_after=2025-12-16 00:00:00+00:00
[2025-12-15T19:02:30.130+0000] {processor.py:208} INFO - Processing /home/airflow/.local/lib/python3.12/site-packages/airflow/example_dags/example_bash_operator.py took 0.247 seconds
[2025-12-15T19:03:00.717+0000] {processor.py:186} INFO - Started process (PID=2912) to work on /home/airflow/.local/lib/python3.12/site-packages/airflow/example_dags/example_bash_operator.py
[2025-12-15T19:03:00.719+0000] {processor.py:914} INFO - Processing file /home/airflow/.local/lib/python3.12/site-packages/airflow/example_dags/example_bash_operator.py for tasks to queue
[2025-12-15T19:03:00.725+0000] {logging_mixin.py:190} INFO - [2025-12-15T19:03:00.723+0000] {dagbag.py:588} INFO - Filling up the DagBag from /home/airflow/.local/lib/python3.12/site-packages/airflow/example_dags/example_bash_operator.py
[2025-12-15T19:03:00.754+0000] {processor.py:925} INFO - DAG(s) 'example_bash_operator' retrieved from /home/airflow/.local/lib/python3.12/site-packages/airflow/example_dags/example_bash_operator.py
[2025-12-15T19:03:00.805+0000] {logging_mixin.py:190} INFO - [2025-12-15T19:03:00.804+0000] {dag.py:3239} INFO - Sync 1 DAGs
[2025-12-15T19:03:00.849+0000] {logging_mixin.py:190} INFO - [2025-12-15T19:03:00.849+0000] {dag.py:4180} INFO - Setting next_dagrun for example_bash_operator to 2025-12-15 00:00:00+00:00, run_after=2025-12-16 00:00:00+00:00
[2025-12-15T19:03:00.886+0000] {processor.py:208} INFO - Processing /home/airflow/.local/lib/python3.12/site-packages/airflow/example_dags/example_bash_operator.py took 0.182 seconds
[2025-12-15T19:03:31.070+0000] {processor.py:186} INFO - Started process (PID=3198) to work on /home/airflow/.local/lib/python3.12/site-packages/airflow/example_dags/example_bash_operator.py
[2025-12-15T19:03:31.072+0000] {processor.py:914} INFO - Processing file /home/airflow/.local/lib/python3.12/site-packages/airflow/example_dags/example_bash_operator.py for tasks to queue
[2025-12-15T19:03:31.078+0000] {logging_mixin.py:190} INFO - [2025-12-15T19:03:31.078+0000] {dagbag.py:588} INFO - Filling up the DagBag from /home/airflow/.local/lib/python3.12/site-packages/airflow/example_dags/example_bash_operator.py
[2025-12-15T19:03:31.104+0000] {processor.py:925} INFO - DAG(s) 'example_bash_operator' retrieved from /home/airflow/.local/lib/python3.12/site-packages/airflow/example_dags/example_bash_operator.py
[2025-12-15T19:03:31.158+0000] {logging_mixin.py:190} INFO - [2025-12-15T19:03:31.158+0000] {dag.py:3239} INFO - Sync 1 DAGs
[2025-12-15T19:03:31.204+0000] {logging_mixin.py:190} INFO - [2025-12-15T19:03:31.204+0000] {dag.py:4180} INFO - Setting next_dagrun for example_bash_operator to 2025-12-15 00:00:00+00:00, run_after=2025-12-16 00:00:00+00:00
[2025-12-15T19:03:31.280+0000] {processor.py:208} INFO - Processing /home/airflow/.local/lib/python3.12/site-packages/airflow/example_dags/example_bash_operator.py took 0.221 seconds
[2025-12-15T19:04:08.464+0000] {processor.py:186} INFO - Started process (PID=3499) to work on /home/airflow/.local/lib/python3.12/site-packages/airflow/example_dags/example_bash_operator.py
[2025-12-15T19:04:08.467+0000] {processor.py:914} INFO - Processing file /home/airflow/.local/lib/python3.12/site-packages/airflow/example_dags/example_bash_operator.py for tasks to queue
[2025-12-15T19:04:08.470+0000] {logging_mixin.py:190} INFO - [2025-12-15T19:04:08.470+0000] {dagbag.py:588} INFO - Filling up the DagBag from /home/airflow/.local/lib/python3.12/site-packages/airflow/example_dags/example_bash_operator.py
[2025-12-15T19:04:08.501+0000] {processor.py:925} INFO - DAG(s) 'example_bash_operator' retrieved from /home/airflow/.local/lib/python3.12/site-packages/airflow/example_dags/example_bash_operator.py
[2025-12-15T19:04:08.557+0000] {logging_mixin.py:190} INFO - [2025-12-15T19:04:08.557+0000] {dag.py:3239} INFO - Sync 1 DAGs
[2025-12-15T19:04:08.622+0000] {logging_mixin.py:190} INFO - [2025-12-15T19:04:08.622+0000] {dag.py:4180} INFO - Setting next_dagrun for example_bash_operator to 2025-12-15 00:00:00+00:00, run_after=2025-12-16 00:00:00+00:00
[2025-12-15T19:04:08.677+0000] {processor.py:208} INFO - Processing /home/airflow/.local/lib/python3.12/site-packages/airflow/example_dags/example_bash_operator.py took 0.229 seconds
[2025-12-15T19:04:43.814+0000] {processor.py:186} INFO - Started process (PID=3875) to work on /home/airflow/.local/lib/python3.12/site-packages/airflow/example_dags/example_bash_operator.py
[2025-12-15T19:04:43.816+0000] {processor.py:914} INFO - Processing file /home/airflow/.local/lib/python3.12/site-packages/airflow/example_dags/example_bash_operator.py for tasks to queue
[2025-12-15T19:04:43.822+0000] {logging_mixin.py:190} INFO - [2025-12-15T19:04:43.822+0000] {dagbag.py:588} INFO - Filling up the DagBag from /home/airflow/.local/lib/python3.12/site-packages/airflow/example_dags/example_bash_operator.py
[2025-12-15T19:04:43.859+0000] {processor.py:925} INFO - DAG(s) 'example_bash_operator' retrieved from /home/airflow/.local/lib/python3.12/site-packages/airflow/example_dags/example_bash_operator.py
[2025-12-15T19:04:43.923+0000] {logging_mixin.py:190} INFO - [2025-12-15T19:04:43.922+0000] {dag.py:3239} INFO - Sync 1 DAGs
[2025-12-15T19:04:43.994+0000] {logging_mixin.py:190} INFO - [2025-12-15T19:04:43.993+0000] {dag.py:4180} INFO - Setting next_dagrun for example_bash_operator to 2025-12-15 00:00:00+00:00, run_after=2025-12-16 00:00:00+00:00
[2025-12-15T19:04:44.046+0000] {processor.py:208} INFO - Processing /home/airflow/.local/lib/python3.12/site-packages/airflow/example_dags/example_bash_operator.py took 0.248 seconds
[2025-12-15T19:05:17.342+0000] {processor.py:186} INFO - Started process (PID=4176) to work on /home/airflow/.local/lib/python3.12/site-packages/airflow/example_dags/example_bash_operator.py
[2025-12-15T19:05:17.344+0000] {processor.py:914} INFO - Processing file /home/airflow/.local/lib/python3.12/site-packages/airflow/example_dags/example_bash_operator.py for tasks to queue
[2025-12-15T19:05:17.349+0000] {logging_mixin.py:190} INFO - [2025-12-15T19:05:17.348+0000] {dagbag.py:588} INFO - Filling up the DagBag from /home/airflow/.local/lib/python3.12/site-packages/airflow/example_dags/example_bash_operator.py
[2025-12-15T19:05:17.376+0000] {processor.py:925} INFO - DAG(s) 'example_bash_operator' retrieved from /home/airflow/.local/lib/python3.12/site-packages/airflow/example_dags/example_bash_operator.py
[2025-12-15T19:05:17.427+0000] {logging_mixin.py:190} INFO - [2025-12-15T19:05:17.426+0000] {dag.py:3239} INFO - Sync 1 DAGs
[2025-12-15T19:05:17.472+0000] {logging_mixin.py:190} INFO - [2025-12-15T19:05:17.472+0000] {dag.py:4180} INFO - Setting next_dagrun for example_bash_operator to 2025-12-15 00:00:00+00:00, run_after=2025-12-16 00:00:00+00:00
[2025-12-15T19:05:17.513+0000] {processor.py:208} INFO - Processing /home/airflow/.local/lib/python3.12/site-packages/airflow/example_dags/example_bash_operator.py took 0.183 seconds
[2025-12-15T19:05:47.869+0000] {processor.py:186} INFO - Started process (PID=4462) to work on /home/airflow/.local/lib/python3.12/site-packages/airflow/example_dags/example_bash_operator.py
[2025-12-15T19:05:47.875+0000] {processor.py:914} INFO - Processing file /home/airflow/.local/lib/python3.12/site-packages/airflow/example_dags/example_bash_operator.py for tasks to queue
[2025-12-15T19:05:47.880+0000] {logging_mixin.py:190} INFO - [2025-12-15T19:05:47.879+0000] {dagbag.py:588} INFO - Filling up the DagBag from /home/airflow/.local/lib/python3.12/site-packages/airflow/example_dags/example_bash_operator.py
[2025-12-15T19:05:47.903+0000] {processor.py:925} INFO - DAG(s) 'example_bash_operator' retrieved from /home/airflow/.local/lib/python3.12/site-packages/airflow/example_dags/example_bash_operator.py
[2025-12-15T19:05:47.940+0000] {logging_mixin.py:190} INFO - [2025-12-15T19:05:47.940+0000] {dag.py:3239} INFO - Sync 1 DAGs
[2025-12-15T19:05:47.976+0000] {logging_mixin.py:190} INFO - [2025-12-15T19:05:47.976+0000] {dag.py:4180} INFO - Setting next_dagrun for example_bash_operator to 2025-12-15 00:00:00+00:00, run_after=2025-12-16 00:00:00+00:00
[2025-12-15T19:05:48.003+0000] {processor.py:208} INFO - Processing /home/airflow/.local/lib/python3.12/site-packages/airflow/example_dags/example_bash_operator.py took 0.142 seconds
[2025-12-15T19:06:21.156+0000] {processor.py:186} INFO - Started process (PID=4748) to work on /home/airflow/.local/lib/python3.12/site-packages/airflow/example_dags/example_bash_operator.py
[2025-12-15T19:06:21.160+0000] {processor.py:914} INFO - Processing file /home/airflow/.local/lib/python3.12/site-packages/airflow/example_dags/example_bash_operator.py for tasks to queue
[2025-12-15T19:06:21.164+0000] {logging_mixin.py:190} INFO - [2025-12-15T19:06:21.164+0000] {dagbag.py:588} INFO - Filling up the DagBag from /home/airflow/.local/lib/python3.12/site-packages/airflow/example_dags/example_bash_operator.py
[2025-12-15T19:06:21.192+0000] {processor.py:925} INFO - DAG(s) 'example_bash_operator' retrieved from /home/airflow/.local/lib/python3.12/site-packages/airflow/example_dags/example_bash_operator.py
[2025-12-15T19:06:21.253+0000] {logging_mixin.py:190} INFO - [2025-12-15T19:06:21.253+0000] {dag.py:3239} INFO - Sync 1 DAGs
[2025-12-15T19:06:21.308+0000] {logging_mixin.py:190} INFO - [2025-12-15T19:06:21.307+0000] {dag.py:4180} INFO - Setting next_dagrun for example_bash_operator to 2025-12-15 00:00:00+00:00, run_after=2025-12-16 00:00:00+00:00
[2025-12-15T19:06:21.351+0000] {processor.py:208} INFO - Processing /home/airflow/.local/lib/python3.12/site-packages/airflow/example_dags/example_bash_operator.py took 0.206 seconds
[2025-12-15T19:06:52.195+0000] {processor.py:186} INFO - Started process (PID=5039) to work on /home/airflow/.local/lib/python3.12/site-packages/airflow/example_dags/example_bash_operator.py
[2025-12-15T19:06:52.196+0000] {processor.py:914} INFO - Processing file /home/airflow/.local/lib/python3.12/site-packages/airflow/example_dags/example_bash_operator.py for tasks to queue
[2025-12-15T19:06:52.199+0000] {logging_mixin.py:190} INFO - [2025-12-15T19:06:52.199+0000] {dagbag.py:588} INFO - Filling up the DagBag from /home/airflow/.local/lib/python3.12/site-packages/airflow/example_dags/example_bash_operator.py
[2025-12-15T19:06:52.217+0000] {processor.py:925} INFO - DAG(s) 'example_bash_operator' retrieved from /home/airflow/.local/lib/python3.12/site-packages/airflow/example_dags/example_bash_operator.py
[2025-12-15T19:06:52.254+0000] {logging_mixin.py:190} INFO - [2025-12-15T19:06:52.254+0000] {dag.py:3239} INFO - Sync 1 DAGs
[2025-12-15T19:06:52.289+0000] {logging_mixin.py:190} INFO - [2025-12-15T19:06:52.289+0000] {dag.py:4180} INFO - Setting next_dagrun for example_bash_operator to 2025-12-15 00:00:00+00:00, run_after=2025-12-16 00:00:00+00:00
[2025-12-15T19:06:52.322+0000] {processor.py:208} INFO - Processing /home/airflow/.local/lib/python3.12/site-packages/airflow/example_dags/example_bash_operator.py took 0.136 seconds
[2025-12-15T19:07:30.688+0000] {processor.py:186} INFO - Started process (PID=5330) to work on /home/airflow/.local/lib/python3.12/site-packages/airflow/example_dags/example_bash_operator.py
[2025-12-15T19:07:30.697+0000] {processor.py:914} INFO - Processing file /home/airflow/.local/lib/python3.12/site-packages/airflow/example_dags/example_bash_operator.py for tasks to queue
[2025-12-15T19:07:30.705+0000] {logging_mixin.py:190} INFO - [2025-12-15T19:07:30.703+0000] {dagbag.py:588} INFO - Filling up the DagBag from /home/airflow/.local/lib/python3.12/site-packages/airflow/example_dags/example_bash_operator.py
[2025-12-15T19:07:30.761+0000] {processor.py:925} INFO - DAG(s) 'example_bash_operator' retrieved from /home/airflow/.local/lib/python3.12/site-packages/airflow/example_dags/example_bash_operator.py
[2025-12-15T19:07:30.842+0000] {logging_mixin.py:190} INFO - [2025-12-15T19:07:30.842+0000] {dag.py:3239} INFO - Sync 1 DAGs
[2025-12-15T19:07:30.942+0000] {logging_mixin.py:190} INFO - [2025-12-15T19:07:30.941+0000] {dag.py:4180} INFO - Setting next_dagrun for example_bash_operator to 2025-12-15 00:00:00+00:00, run_after=2025-12-16 00:00:00+00:00
[2025-12-15T19:07:31.064+0000] {processor.py:208} INFO - Processing /home/airflow/.local/lib/python3.12/site-packages/airflow/example_dags/example_bash_operator.py took 0.399 seconds
[2025-12-15T19:08:01.562+0000] {processor.py:186} INFO - Started process (PID=5621) to work on /home/airflow/.local/lib/python3.12/site-packages/airflow/example_dags/example_bash_operator.py
[2025-12-15T19:08:01.569+0000] {processor.py:914} INFO - Processing file /home/airflow/.local/lib/python3.12/site-packages/airflow/example_dags/example_bash_operator.py for tasks to queue
[2025-12-15T19:08:01.571+0000] {logging_mixin.py:190} INFO - [2025-12-15T19:08:01.571+0000] {dagbag.py:588} INFO - Filling up the DagBag from /home/airflow/.local/lib/python3.12/site-packages/airflow/example_dags/example_bash_operator.py
[2025-12-15T19:08:01.586+0000] {processor.py:925} INFO - DAG(s) 'example_bash_operator' retrieved from /home/airflow/.local/lib/python3.12/site-packages/airflow/example_dags/example_bash_operator.py
[2025-12-15T19:08:01.614+0000] {logging_mixin.py:190} INFO - [2025-12-15T19:08:01.614+0000] {dag.py:3239} INFO - Sync 1 DAGs
[2025-12-15T19:08:01.642+0000] {logging_mixin.py:190} INFO - [2025-12-15T19:08:01.642+0000] {dag.py:4180} INFO - Setting next_dagrun for example_bash_operator to 2025-12-15 00:00:00+00:00, run_after=2025-12-16 00:00:00+00:00
[2025-12-15T19:08:01.671+0000] {processor.py:208} INFO - Processing /home/airflow/.local/lib/python3.12/site-packages/airflow/example_dags/example_bash_operator.py took 0.116 seconds
[2025-12-15T19:08:33.031+0000] {processor.py:186} INFO - Started process (PID=5914) to work on /home/airflow/.local/lib/python3.12/site-packages/airflow/example_dags/example_bash_operator.py
[2025-12-15T19:08:33.034+0000] {processor.py:914} INFO - Processing file /home/airflow/.local/lib/python3.12/site-packages/airflow/example_dags/example_bash_operator.py for tasks to queue
[2025-12-15T19:08:33.050+0000] {logging_mixin.py:190} INFO - [2025-12-15T19:08:33.049+0000] {dagbag.py:588} INFO - Filling up the DagBag from /home/airflow/.local/lib/python3.12/site-packages/airflow/example_dags/example_bash_operator.py
[2025-12-15T19:08:33.148+0000] {processor.py:925} INFO - DAG(s) 'example_bash_operator' retrieved from /home/airflow/.local/lib/python3.12/site-packages/airflow/example_dags/example_bash_operator.py
[2025-12-15T19:08:33.298+0000] {logging_mixin.py:190} INFO - [2025-12-15T19:08:33.297+0000] {dag.py:3239} INFO - Sync 1 DAGs
[2025-12-15T19:08:33.463+0000] {logging_mixin.py:190} INFO - [2025-12-15T19:08:33.462+0000] {dag.py:4180} INFO - Setting next_dagrun for example_bash_operator to 2025-12-15 00:00:00+00:00, run_after=2025-12-16 00:00:00+00:00
[2025-12-15T19:08:33.574+0000] {processor.py:208} INFO - Processing /home/airflow/.local/lib/python3.12/site-packages/airflow/example_dags/example_bash_operator.py took 0.574 seconds
[2025-12-15T19:09:04.593+0000] {processor.py:186} INFO - Started process (PID=6205) to work on /home/airflow/.local/lib/python3.12/site-packages/airflow/example_dags/example_bash_operator.py
[2025-12-15T19:09:04.595+0000] {processor.py:914} INFO - Processing file /home/airflow/.local/lib/python3.12/site-packages/airflow/example_dags/example_bash_operator.py for tasks to queue
[2025-12-15T19:09:04.609+0000] {logging_mixin.py:190} INFO - [2025-12-15T19:09:04.608+0000] {dagbag.py:588} INFO - Filling up the DagBag from /home/airflow/.local/lib/python3.12/site-packages/airflow/example_dags/example_bash_operator.py
[2025-12-15T19:09:04.712+0000] {processor.py:925} INFO - DAG(s) 'example_bash_operator' retrieved from /home/airflow/.local/lib/python3.12/site-packages/airflow/example_dags/example_bash_operator.py
[2025-12-15T19:09:04.906+0000] {logging_mixin.py:190} INFO - [2025-12-15T19:09:04.906+0000] {dag.py:3239} INFO - Sync 1 DAGs
[2025-12-15T19:09:05.100+0000] {logging_mixin.py:190} INFO - [2025-12-15T19:09:05.099+0000] {dag.py:4180} INFO - Setting next_dagrun for example_bash_operator to 2025-12-15 00:00:00+00:00, run_after=2025-12-16 00:00:00+00:00
[2025-12-15T19:09:05.221+0000] {processor.py:208} INFO - Processing /home/airflow/.local/lib/python3.12/site-packages/airflow/example_dags/example_bash_operator.py took 0.671 seconds
[2025-12-15T19:09:35.654+0000] {processor.py:186} INFO - Started process (PID=6494) to work on /home/airflow/.local/lib/python3.12/site-packages/airflow/example_dags/example_bash_operator.py
[2025-12-15T19:09:35.658+0000] {processor.py:914} INFO - Processing file /home/airflow/.local/lib/python3.12/site-packages/airflow/example_dags/example_bash_operator.py for tasks to queue
[2025-12-15T19:09:35.665+0000] {logging_mixin.py:190} INFO - [2025-12-15T19:09:35.664+0000] {dagbag.py:588} INFO - Filling up the DagBag from /home/airflow/.local/lib/python3.12/site-packages/airflow/example_dags/example_bash_operator.py
[2025-12-15T19:09:35.707+0000] {processor.py:925} INFO - DAG(s) 'example_bash_operator' retrieved from /home/airflow/.local/lib/python3.12/site-packages/airflow/example_dags/example_bash_operator.py
[2025-12-15T19:09:35.757+0000] {logging_mixin.py:190} INFO - [2025-12-15T19:09:35.757+0000] {dag.py:3239} INFO - Sync 1 DAGs
[2025-12-15T19:09:35.803+0000] {logging_mixin.py:190} INFO - [2025-12-15T19:09:35.803+0000] {dag.py:4180} INFO - Setting next_dagrun for example_bash_operator to 2025-12-15 00:00:00+00:00, run_after=2025-12-16 00:00:00+00:00
[2025-12-15T19:09:35.844+0000] {processor.py:208} INFO - Processing /home/airflow/.local/lib/python3.12/site-packages/airflow/example_dags/example_bash_operator.py took 0.211 seconds
[2025-12-15T19:10:05.936+0000] {processor.py:186} INFO - Started process (PID=6782) to work on /home/airflow/.local/lib/python3.12/site-packages/airflow/example_dags/example_bash_operator.py
[2025-12-15T19:10:05.939+0000] {processor.py:914} INFO - Processing file /home/airflow/.local/lib/python3.12/site-packages/airflow/example_dags/example_bash_operator.py for tasks to queue
[2025-12-15T19:10:05.943+0000] {logging_mixin.py:190} INFO - [2025-12-15T19:10:05.943+0000] {dagbag.py:588} INFO - Filling up the DagBag from /home/airflow/.local/lib/python3.12/site-packages/airflow/example_dags/example_bash_operator.py
[2025-12-15T19:10:05.969+0000] {processor.py:925} INFO - DAG(s) 'example_bash_operator' retrieved from /home/airflow/.local/lib/python3.12/site-packages/airflow/example_dags/example_bash_operator.py
[2025-12-15T19:10:06.019+0000] {logging_mixin.py:190} INFO - [2025-12-15T19:10:06.019+0000] {dag.py:3239} INFO - Sync 1 DAGs
[2025-12-15T19:10:06.065+0000] {logging_mixin.py:190} INFO - [2025-12-15T19:10:06.065+0000] {dag.py:4180} INFO - Setting next_dagrun for example_bash_operator to 2025-12-15 00:00:00+00:00, run_after=2025-12-16 00:00:00+00:00
[2025-12-15T19:10:06.094+0000] {processor.py:208} INFO - Processing /home/airflow/.local/lib/python3.12/site-packages/airflow/example_dags/example_bash_operator.py took 0.167 seconds
[2025-12-15T19:10:41.162+0000] {processor.py:186} INFO - Started process (PID=7077) to work on /home/airflow/.local/lib/python3.12/site-packages/airflow/example_dags/example_bash_operator.py
[2025-12-15T19:10:41.181+0000] {processor.py:914} INFO - Processing file /home/airflow/.local/lib/python3.12/site-packages/airflow/example_dags/example_bash_operator.py for tasks to queue
[2025-12-15T19:10:41.186+0000] {logging_mixin.py:190} INFO - [2025-12-15T19:10:41.186+0000] {dagbag.py:588} INFO - Filling up the DagBag from /home/airflow/.local/lib/python3.12/site-packages/airflow/example_dags/example_bash_operator.py
[2025-12-15T19:10:41.218+0000] {processor.py:925} INFO - DAG(s) 'example_bash_operator' retrieved from /home/airflow/.local/lib/python3.12/site-packages/airflow/example_dags/example_bash_operator.py
[2025-12-15T19:10:41.298+0000] {logging_mixin.py:190} INFO - [2025-12-15T19:10:41.297+0000] {dag.py:3239} INFO - Sync 1 DAGs
[2025-12-15T19:10:41.366+0000] {logging_mixin.py:190} INFO - [2025-12-15T19:10:41.365+0000] {dag.py:4180} INFO - Setting next_dagrun for example_bash_operator to 2025-12-15 00:00:00+00:00, run_after=2025-12-16 00:00:00+00:00
[2025-12-15T19:10:41.442+0000] {processor.py:208} INFO - Processing /home/airflow/.local/lib/python3.12/site-packages/airflow/example_dags/example_bash_operator.py took 0.296 seconds
[2025-12-15T19:11:15.047+0000] {processor.py:186} INFO - Started process (PID=7368) to work on /home/airflow/.local/lib/python3.12/site-packages/airflow/example_dags/example_bash_operator.py
[2025-12-15T19:11:15.050+0000] {processor.py:914} INFO - Processing file /home/airflow/.local/lib/python3.12/site-packages/airflow/example_dags/example_bash_operator.py for tasks to queue
[2025-12-15T19:11:15.054+0000] {logging_mixin.py:190} INFO - [2025-12-15T19:11:15.054+0000] {dagbag.py:588} INFO - Filling up the DagBag from /home/airflow/.local/lib/python3.12/site-packages/airflow/example_dags/example_bash_operator.py
[2025-12-15T19:11:15.092+0000] {processor.py:925} INFO - DAG(s) 'example_bash_operator' retrieved from /home/airflow/.local/lib/python3.12/site-packages/airflow/example_dags/example_bash_operator.py
[2025-12-15T19:11:15.156+0000] {logging_mixin.py:190} INFO - [2025-12-15T19:11:15.156+0000] {dag.py:3239} INFO - Sync 1 DAGs
[2025-12-15T19:11:15.218+0000] {logging_mixin.py:190} INFO - [2025-12-15T19:11:15.216+0000] {dag.py:4180} INFO - Setting next_dagrun for example_bash_operator to 2025-12-15 00:00:00+00:00, run_after=2025-12-16 00:00:00+00:00
[2025-12-15T19:11:15.267+0000] {processor.py:208} INFO - Processing /home/airflow/.local/lib/python3.12/site-packages/airflow/example_dags/example_bash_operator.py took 0.234 seconds
[2025-12-15T19:11:48.428+0000] {processor.py:186} INFO - Started process (PID=7659) to work on /home/airflow/.local/lib/python3.12/site-packages/airflow/example_dags/example_bash_operator.py
[2025-12-15T19:11:48.431+0000] {processor.py:914} INFO - Processing file /home/airflow/.local/lib/python3.12/site-packages/airflow/example_dags/example_bash_operator.py for tasks to queue
[2025-12-15T19:11:48.434+0000] {logging_mixin.py:190} INFO - [2025-12-15T19:11:48.433+0000] {dagbag.py:588} INFO - Filling up the DagBag from /home/airflow/.local/lib/python3.12/site-packages/airflow/example_dags/example_bash_operator.py
[2025-12-15T19:11:48.456+0000] {processor.py:925} INFO - DAG(s) 'example_bash_operator' retrieved from /home/airflow/.local/lib/python3.12/site-packages/airflow/example_dags/example_bash_operator.py
[2025-12-15T19:11:48.504+0000] {logging_mixin.py:190} INFO - [2025-12-15T19:11:48.503+0000] {dag.py:3239} INFO - Sync 1 DAGs
[2025-12-15T19:11:48.561+0000] {logging_mixin.py:190} INFO - [2025-12-15T19:11:48.561+0000] {dag.py:4180} INFO - Setting next_dagrun for example_bash_operator to 2025-12-15 00:00:00+00:00, run_after=2025-12-16 00:00:00+00:00
[2025-12-15T19:11:48.591+0000] {processor.py:208} INFO - Processing /home/airflow/.local/lib/python3.12/site-packages/airflow/example_dags/example_bash_operator.py took 0.172 seconds
[2025-12-15T19:12:19.045+0000] {processor.py:186} INFO - Started process (PID=7945) to work on /home/airflow/.local/lib/python3.12/site-packages/airflow/example_dags/example_bash_operator.py
[2025-12-15T19:12:19.047+0000] {processor.py:914} INFO - Processing file /home/airflow/.local/lib/python3.12/site-packages/airflow/example_dags/example_bash_operator.py for tasks to queue
[2025-12-15T19:12:19.049+0000] {logging_mixin.py:190} INFO - [2025-12-15T19:12:19.048+0000] {dagbag.py:588} INFO - Filling up the DagBag from /home/airflow/.local/lib/python3.12/site-packages/airflow/example_dags/example_bash_operator.py
[2025-12-15T19:12:19.068+0000] {processor.py:925} INFO - DAG(s) 'example_bash_operator' retrieved from /home/airflow/.local/lib/python3.12/site-packages/airflow/example_dags/example_bash_operator.py
[2025-12-15T19:12:19.103+0000] {logging_mixin.py:190} INFO - [2025-12-15T19:12:19.103+0000] {dag.py:3239} INFO - Sync 1 DAGs
[2025-12-15T19:12:19.140+0000] {logging_mixin.py:190} INFO - [2025-12-15T19:12:19.139+0000] {dag.py:4180} INFO - Setting next_dagrun for example_bash_operator to 2025-12-15 00:00:00+00:00, run_after=2025-12-16 00:00:00+00:00
[2025-12-15T19:12:19.187+0000] {processor.py:208} INFO - Processing /home/airflow/.local/lib/python3.12/site-packages/airflow/example_dags/example_bash_operator.py took 0.151 seconds
[2025-12-15T19:12:50.317+0000] {processor.py:186} INFO - Started process (PID=8236) to work on /home/airflow/.local/lib/python3.12/site-packages/airflow/example_dags/example_bash_operator.py
[2025-12-15T19:12:50.340+0000] {processor.py:914} INFO - Processing file /home/airflow/.local/lib/python3.12/site-packages/airflow/example_dags/example_bash_operator.py for tasks to queue
[2025-12-15T19:12:50.342+0000] {logging_mixin.py:190} INFO - [2025-12-15T19:12:50.341+0000] {dagbag.py:588} INFO - Filling up the DagBag from /home/airflow/.local/lib/python3.12/site-packages/airflow/example_dags/example_bash_operator.py
[2025-12-15T19:12:50.360+0000] {processor.py:925} INFO - DAG(s) 'example_bash_operator' retrieved from /home/airflow/.local/lib/python3.12/site-packages/airflow/example_dags/example_bash_operator.py
[2025-12-15T19:12:50.396+0000] {logging_mixin.py:190} INFO - [2025-12-15T19:12:50.396+0000] {dag.py:3239} INFO - Sync 1 DAGs
[2025-12-15T19:12:50.431+0000] {logging_mixin.py:190} INFO - [2025-12-15T19:12:50.430+0000] {dag.py:4180} INFO - Setting next_dagrun for example_bash_operator to 2025-12-15 00:00:00+00:00, run_after=2025-12-16 00:00:00+00:00
[2025-12-15T19:12:50.454+0000] {processor.py:208} INFO - Processing /home/airflow/.local/lib/python3.12/site-packages/airflow/example_dags/example_bash_operator.py took 0.144 seconds
[2025-12-15T19:13:20.531+0000] {processor.py:186} INFO - Started process (PID=8524) to work on /home/airflow/.local/lib/python3.12/site-packages/airflow/example_dags/example_bash_operator.py
[2025-12-15T19:13:20.532+0000] {processor.py:914} INFO - Processing file /home/airflow/.local/lib/python3.12/site-packages/airflow/example_dags/example_bash_operator.py for tasks to queue
[2025-12-15T19:13:20.534+0000] {logging_mixin.py:190} INFO - [2025-12-15T19:13:20.533+0000] {dagbag.py:588} INFO - Filling up the DagBag from /home/airflow/.local/lib/python3.12/site-packages/airflow/example_dags/example_bash_operator.py
[2025-12-15T19:13:20.553+0000] {processor.py:925} INFO - DAG(s) 'example_bash_operator' retrieved from /home/airflow/.local/lib/python3.12/site-packages/airflow/example_dags/example_bash_operator.py
[2025-12-15T19:13:20.594+0000] {logging_mixin.py:190} INFO - [2025-12-15T19:13:20.594+0000] {dag.py:3239} INFO - Sync 1 DAGs
[2025-12-15T19:13:20.631+0000] {logging_mixin.py:190} INFO - [2025-12-15T19:13:20.631+0000] {dag.py:4180} INFO - Setting next_dagrun for example_bash_operator to 2025-12-15 00:00:00+00:00, run_after=2025-12-16 00:00:00+00:00
[2025-12-15T19:13:20.681+0000] {processor.py:208} INFO - Processing /home/airflow/.local/lib/python3.12/site-packages/airflow/example_dags/example_bash_operator.py took 0.160 seconds
[2025-12-15T19:13:52.556+0000] {processor.py:186} INFO - Started process (PID=8815) to work on /home/airflow/.local/lib/python3.12/site-packages/airflow/example_dags/example_bash_operator.py
[2025-12-15T19:13:52.560+0000] {processor.py:914} INFO - Processing file /home/airflow/.local/lib/python3.12/site-packages/airflow/example_dags/example_bash_operator.py for tasks to queue
[2025-12-15T19:13:52.574+0000] {logging_mixin.py:190} INFO - [2025-12-15T19:13:52.573+0000] {dagbag.py:588} INFO - Filling up the DagBag from /home/airflow/.local/lib/python3.12/site-packages/airflow/example_dags/example_bash_operator.py
[2025-12-15T19:13:52.685+0000] {processor.py:925} INFO - DAG(s) 'example_bash_operator' retrieved from /home/airflow/.local/lib/python3.12/site-packages/airflow/example_dags/example_bash_operator.py
[2025-12-15T19:13:52.848+0000] {logging_mixin.py:190} INFO - [2025-12-15T19:13:52.848+0000] {dag.py:3239} INFO - Sync 1 DAGs
[2025-12-15T19:13:53.051+0000] {logging_mixin.py:190} INFO - [2025-12-15T19:13:53.050+0000] {dag.py:4180} INFO - Setting next_dagrun for example_bash_operator to 2025-12-15 00:00:00+00:00, run_after=2025-12-16 00:00:00+00:00
[2025-12-15T19:13:53.161+0000] {processor.py:208} INFO - Processing /home/airflow/.local/lib/python3.12/site-packages/airflow/example_dags/example_bash_operator.py took 0.656 seconds
[2025-12-15T19:14:23.868+0000] {processor.py:186} INFO - Started process (PID=9106) to work on /home/airflow/.local/lib/python3.12/site-packages/airflow/example_dags/example_bash_operator.py
[2025-12-15T19:14:23.872+0000] {processor.py:914} INFO - Processing file /home/airflow/.local/lib/python3.12/site-packages/airflow/example_dags/example_bash_operator.py for tasks to queue
[2025-12-15T19:14:23.883+0000] {logging_mixin.py:190} INFO - [2025-12-15T19:14:23.882+0000] {dagbag.py:588} INFO - Filling up the DagBag from /home/airflow/.local/lib/python3.12/site-packages/airflow/example_dags/example_bash_operator.py
[2025-12-15T19:14:24.000+0000] {processor.py:925} INFO - DAG(s) 'example_bash_operator' retrieved from /home/airflow/.local/lib/python3.12/site-packages/airflow/example_dags/example_bash_operator.py
[2025-12-15T19:14:24.160+0000] {logging_mixin.py:190} INFO - [2025-12-15T19:14:24.160+0000] {dag.py:3239} INFO - Sync 1 DAGs
[2025-12-15T19:14:24.241+0000] {logging_mixin.py:190} INFO - [2025-12-15T19:14:24.241+0000] {dag.py:4180} INFO - Setting next_dagrun for example_bash_operator to 2025-12-15 00:00:00+00:00, run_after=2025-12-16 00:00:00+00:00
[2025-12-15T19:14:24.282+0000] {processor.py:208} INFO - Processing /home/airflow/.local/lib/python3.12/site-packages/airflow/example_dags/example_bash_operator.py took 0.458 seconds
[2025-12-15T19:14:56.124+0000] {processor.py:186} INFO - Started process (PID=9397) to work on /home/airflow/.local/lib/python3.12/site-packages/airflow/example_dags/example_bash_operator.py
[2025-12-15T19:14:56.143+0000] {processor.py:914} INFO - Processing file /home/airflow/.local/lib/python3.12/site-packages/airflow/example_dags/example_bash_operator.py for tasks to queue
[2025-12-15T19:14:56.144+0000] {logging_mixin.py:190} INFO - [2025-12-15T19:14:56.144+0000] {dagbag.py:588} INFO - Filling up the DagBag from /home/airflow/.local/lib/python3.12/site-packages/airflow/example_dags/example_bash_operator.py
[2025-12-15T19:14:56.164+0000] {processor.py:925} INFO - DAG(s) 'example_bash_operator' retrieved from /home/airflow/.local/lib/python3.12/site-packages/airflow/example_dags/example_bash_operator.py
[2025-12-15T19:14:56.206+0000] {logging_mixin.py:190} INFO - [2025-12-15T19:14:56.206+0000] {dag.py:3239} INFO - Sync 1 DAGs
[2025-12-15T19:14:56.249+0000] {logging_mixin.py:190} INFO - [2025-12-15T19:14:56.249+0000] {dag.py:4180} INFO - Setting next_dagrun for example_bash_operator to 2025-12-15 00:00:00+00:00, run_after=2025-12-16 00:00:00+00:00
[2025-12-15T19:14:56.285+0000] {processor.py:208} INFO - Processing /home/airflow/.local/lib/python3.12/site-packages/airflow/example_dags/example_bash_operator.py took 0.173 seconds
[2025-12-15T19:15:26.436+0000] {processor.py:186} INFO - Started process (PID=9688) to work on /home/airflow/.local/lib/python3.12/site-packages/airflow/example_dags/example_bash_operator.py
[2025-12-15T19:15:26.441+0000] {processor.py:914} INFO - Processing file /home/airflow/.local/lib/python3.12/site-packages/airflow/example_dags/example_bash_operator.py for tasks to queue
[2025-12-15T19:15:26.443+0000] {logging_mixin.py:190} INFO - [2025-12-15T19:15:26.443+0000] {dagbag.py:588} INFO - Filling up the DagBag from /home/airflow/.local/lib/python3.12/site-packages/airflow/example_dags/example_bash_operator.py
[2025-12-15T19:15:26.480+0000] {processor.py:925} INFO - DAG(s) 'example_bash_operator' retrieved from /home/airflow/.local/lib/python3.12/site-packages/airflow/example_dags/example_bash_operator.py
[2025-12-15T19:15:26.528+0000] {logging_mixin.py:190} INFO - [2025-12-15T19:15:26.528+0000] {dag.py:3239} INFO - Sync 1 DAGs
[2025-12-15T19:15:26.570+0000] {logging_mixin.py:190} INFO - [2025-12-15T19:15:26.570+0000] {dag.py:4180} INFO - Setting next_dagrun for example_bash_operator to 2025-12-15 00:00:00+00:00, run_after=2025-12-16 00:00:00+00:00
[2025-12-15T19:15:26.602+0000] {processor.py:208} INFO - Processing /home/airflow/.local/lib/python3.12/site-packages/airflow/example_dags/example_bash_operator.py took 0.175 seconds
[2025-12-15T19:15:57.670+0000] {processor.py:186} INFO - Started process (PID=9977) to work on /home/airflow/.local/lib/python3.12/site-packages/airflow/example_dags/example_bash_operator.py
[2025-12-15T19:15:57.675+0000] {processor.py:914} INFO - Processing file /home/airflow/.local/lib/python3.12/site-packages/airflow/example_dags/example_bash_operator.py for tasks to queue
[2025-12-15T19:15:57.679+0000] {logging_mixin.py:190} INFO - [2025-12-15T19:15:57.678+0000] {dagbag.py:588} INFO - Filling up the DagBag from /home/airflow/.local/lib/python3.12/site-packages/airflow/example_dags/example_bash_operator.py
[2025-12-15T19:15:57.731+0000] {processor.py:925} INFO - DAG(s) 'example_bash_operator' retrieved from /home/airflow/.local/lib/python3.12/site-packages/airflow/example_dags/example_bash_operator.py
[2025-12-15T19:15:57.795+0000] {logging_mixin.py:190} INFO - [2025-12-15T19:15:57.795+0000] {dag.py:3239} INFO - Sync 1 DAGs
[2025-12-15T19:15:57.874+0000] {logging_mixin.py:190} INFO - [2025-12-15T19:15:57.874+0000] {dag.py:4180} INFO - Setting next_dagrun for example_bash_operator to 2025-12-15 00:00:00+00:00, run_after=2025-12-16 00:00:00+00:00
[2025-12-15T19:15:57.923+0000] {processor.py:208} INFO - Processing /home/airflow/.local/lib/python3.12/site-packages/airflow/example_dags/example_bash_operator.py took 0.273 seconds
[2025-12-15T19:16:28.668+0000] {processor.py:186} INFO - Started process (PID=10268) to work on /home/airflow/.local/lib/python3.12/site-packages/airflow/example_dags/example_bash_operator.py
[2025-12-15T19:16:28.670+0000] {processor.py:914} INFO - Processing file /home/airflow/.local/lib/python3.12/site-packages/airflow/example_dags/example_bash_operator.py for tasks to queue
[2025-12-15T19:16:28.672+0000] {logging_mixin.py:190} INFO - [2025-12-15T19:16:28.671+0000] {dagbag.py:588} INFO - Filling up the DagBag from /home/airflow/.local/lib/python3.12/site-packages/airflow/example_dags/example_bash_operator.py
[2025-12-15T19:16:28.698+0000] {processor.py:925} INFO - DAG(s) 'example_bash_operator' retrieved from /home/airflow/.local/lib/python3.12/site-packages/airflow/example_dags/example_bash_operator.py
[2025-12-15T19:16:28.741+0000] {logging_mixin.py:190} INFO - [2025-12-15T19:16:28.741+0000] {dag.py:3239} INFO - Sync 1 DAGs
[2025-12-15T19:16:28.788+0000] {logging_mixin.py:190} INFO - [2025-12-15T19:16:28.788+0000] {dag.py:4180} INFO - Setting next_dagrun for example_bash_operator to 2025-12-15 00:00:00+00:00, run_after=2025-12-16 00:00:00+00:00
[2025-12-15T19:16:28.834+0000] {processor.py:208} INFO - Processing /home/airflow/.local/lib/python3.12/site-packages/airflow/example_dags/example_bash_operator.py took 0.178 seconds
[2025-12-15T19:17:00.082+0000] {processor.py:186} INFO - Started process (PID=10559) to work on /home/airflow/.local/lib/python3.12/site-packages/airflow/example_dags/example_bash_operator.py
[2025-12-15T19:17:00.086+0000] {processor.py:914} INFO - Processing file /home/airflow/.local/lib/python3.12/site-packages/airflow/example_dags/example_bash_operator.py for tasks to queue
[2025-12-15T19:17:00.091+0000] {logging_mixin.py:190} INFO - [2025-12-15T19:17:00.090+0000] {dagbag.py:588} INFO - Filling up the DagBag from /home/airflow/.local/lib/python3.12/site-packages/airflow/example_dags/example_bash_operator.py
[2025-12-15T19:17:00.184+0000] {processor.py:925} INFO - DAG(s) 'example_bash_operator' retrieved from /home/airflow/.local/lib/python3.12/site-packages/airflow/example_dags/example_bash_operator.py
[2025-12-15T19:17:00.332+0000] {logging_mixin.py:190} INFO - [2025-12-15T19:17:00.330+0000] {dag.py:3239} INFO - Sync 1 DAGs
[2025-12-15T19:17:00.482+0000] {logging_mixin.py:190} INFO - [2025-12-15T19:17:00.481+0000] {dag.py:4180} INFO - Setting next_dagrun for example_bash_operator to 2025-12-15 00:00:00+00:00, run_after=2025-12-16 00:00:00+00:00
[2025-12-15T19:17:00.568+0000] {processor.py:208} INFO - Processing /home/airflow/.local/lib/python3.12/site-packages/airflow/example_dags/example_bash_operator.py took 0.522 seconds
[2025-12-15T19:17:32.636+0000] {processor.py:186} INFO - Started process (PID=10833) to work on /home/airflow/.local/lib/python3.12/site-packages/airflow/example_dags/example_bash_operator.py
[2025-12-15T19:17:32.639+0000] {processor.py:914} INFO - Processing file /home/airflow/.local/lib/python3.12/site-packages/airflow/example_dags/example_bash_operator.py for tasks to queue
[2025-12-15T19:17:32.647+0000] {logging_mixin.py:190} INFO - [2025-12-15T19:17:32.646+0000] {dagbag.py:588} INFO - Filling up the DagBag from /home/airflow/.local/lib/python3.12/site-packages/airflow/example_dags/example_bash_operator.py
[2025-12-15T19:17:32.698+0000] {processor.py:925} INFO - DAG(s) 'example_bash_operator' retrieved from /home/airflow/.local/lib/python3.12/site-packages/airflow/example_dags/example_bash_operator.py
[2025-12-15T19:17:32.768+0000] {logging_mixin.py:190} INFO - [2025-12-15T19:17:32.767+0000] {dag.py:3239} INFO - Sync 1 DAGs
[2025-12-15T19:17:32.882+0000] {logging_mixin.py:190} INFO - [2025-12-15T19:17:32.881+0000] {dag.py:4180} INFO - Setting next_dagrun for example_bash_operator to 2025-12-15 00:00:00+00:00, run_after=2025-12-16 00:00:00+00:00
[2025-12-15T19:17:32.952+0000] {processor.py:208} INFO - Processing /home/airflow/.local/lib/python3.12/site-packages/airflow/example_dags/example_bash_operator.py took 0.347 seconds
[2025-12-15T19:18:03.958+0000] {processor.py:186} INFO - Started process (PID=11125) to work on /home/airflow/.local/lib/python3.12/site-packages/airflow/example_dags/example_bash_operator.py
[2025-12-15T19:18:03.993+0000] {processor.py:914} INFO - Processing file /home/airflow/.local/lib/python3.12/site-packages/airflow/example_dags/example_bash_operator.py for tasks to queue
[2025-12-15T19:18:03.997+0000] {logging_mixin.py:190} INFO - [2025-12-15T19:18:03.996+0000] {dagbag.py:588} INFO - Filling up the DagBag from /home/airflow/.local/lib/python3.12/site-packages/airflow/example_dags/example_bash_operator.py
[2025-12-15T19:18:04.041+0000] {processor.py:925} INFO - DAG(s) 'example_bash_operator' retrieved from /home/airflow/.local/lib/python3.12/site-packages/airflow/example_dags/example_bash_operator.py
[2025-12-15T19:18:04.119+0000] {logging_mixin.py:190} INFO - [2025-12-15T19:18:04.119+0000] {dag.py:3239} INFO - Sync 1 DAGs
[2025-12-15T19:18:04.181+0000] {logging_mixin.py:190} INFO - [2025-12-15T19:18:04.180+0000] {dag.py:4180} INFO - Setting next_dagrun for example_bash_operator to 2025-12-15 00:00:00+00:00, run_after=2025-12-16 00:00:00+00:00
[2025-12-15T19:18:04.228+0000] {processor.py:208} INFO - Processing /home/airflow/.local/lib/python3.12/site-packages/airflow/example_dags/example_bash_operator.py took 0.288 seconds
[2025-12-15T19:18:34.805+0000] {processor.py:186} INFO - Started process (PID=11419) to work on /home/airflow/.local/lib/python3.12/site-packages/airflow/example_dags/example_bash_operator.py
[2025-12-15T19:18:34.806+0000] {processor.py:914} INFO - Processing file /home/airflow/.local/lib/python3.12/site-packages/airflow/example_dags/example_bash_operator.py for tasks to queue
[2025-12-15T19:18:34.813+0000] {logging_mixin.py:190} INFO - [2025-12-15T19:18:34.808+0000] {dagbag.py:588} INFO - Filling up the DagBag from /home/airflow/.local/lib/python3.12/site-packages/airflow/example_dags/example_bash_operator.py
[2025-12-15T19:18:34.842+0000] {processor.py:925} INFO - DAG(s) 'example_bash_operator' retrieved from /home/airflow/.local/lib/python3.12/site-packages/airflow/example_dags/example_bash_operator.py
[2025-12-15T19:18:34.900+0000] {logging_mixin.py:190} INFO - [2025-12-15T19:18:34.899+0000] {dag.py:3239} INFO - Sync 1 DAGs
[2025-12-15T19:18:34.954+0000] {logging_mixin.py:190} INFO - [2025-12-15T19:18:34.953+0000] {dag.py:4180} INFO - Setting next_dagrun for example_bash_operator to 2025-12-15 00:00:00+00:00, run_after=2025-12-16 00:00:00+00:00
[2025-12-15T19:18:34.987+0000] {processor.py:208} INFO - Processing /home/airflow/.local/lib/python3.12/site-packages/airflow/example_dags/example_bash_operator.py took 0.195 seconds
[2025-12-15T19:19:08.992+0000] {processor.py:186} INFO - Started process (PID=11713) to work on /home/airflow/.local/lib/python3.12/site-packages/airflow/example_dags/example_bash_operator.py
[2025-12-15T19:19:08.996+0000] {processor.py:914} INFO - Processing file /home/airflow/.local/lib/python3.12/site-packages/airflow/example_dags/example_bash_operator.py for tasks to queue
[2025-12-15T19:19:09.004+0000] {logging_mixin.py:190} INFO - [2025-12-15T19:19:09.003+0000] {dagbag.py:588} INFO - Filling up the DagBag from /home/airflow/.local/lib/python3.12/site-packages/airflow/example_dags/example_bash_operator.py
[2025-12-15T19:19:09.051+0000] {processor.py:925} INFO - DAG(s) 'example_bash_operator' retrieved from /home/airflow/.local/lib/python3.12/site-packages/airflow/example_dags/example_bash_operator.py
[2025-12-15T19:19:09.125+0000] {logging_mixin.py:190} INFO - [2025-12-15T19:19:09.124+0000] {dag.py:3239} INFO - Sync 1 DAGs
[2025-12-15T19:19:09.205+0000] {logging_mixin.py:190} INFO - [2025-12-15T19:19:09.204+0000] {dag.py:4180} INFO - Setting next_dagrun for example_bash_operator to 2025-12-15 00:00:00+00:00, run_after=2025-12-16 00:00:00+00:00
[2025-12-15T19:19:09.282+0000] {processor.py:208} INFO - Processing /home/airflow/.local/lib/python3.12/site-packages/airflow/example_dags/example_bash_operator.py took 0.326 seconds
