[2025-12-15T18:54:49.505+0000] {processor.py:186} INFO - Started process (PID=481) to work on /home/airflow/.local/lib/python3.12/site-packages/airflow/example_dags/example_trigger_target_dag.py
[2025-12-15T18:54:49.509+0000] {processor.py:914} INFO - Processing file /home/airflow/.local/lib/python3.12/site-packages/airflow/example_dags/example_trigger_target_dag.py for tasks to queue
[2025-12-15T18:54:49.515+0000] {logging_mixin.py:190} INFO - [2025-12-15T18:54:49.514+0000] {dagbag.py:588} INFO - Filling up the DagBag from /home/airflow/.local/lib/python3.12/site-packages/airflow/example_dags/example_trigger_target_dag.py
[2025-12-15T18:54:49.545+0000] {processor.py:925} INFO - DAG(s) 'example_trigger_target_dag' retrieved from /home/airflow/.local/lib/python3.12/site-packages/airflow/example_dags/example_trigger_target_dag.py
[2025-12-15T18:56:36.177+0000] {logging_mixin.py:190} INFO - [2025-12-15T18:56:36.174+0000] {override.py:1911} INFO - Created Permission View: can read on DAG:example_trigger_target_dag
[2025-12-15T18:56:36.244+0000] {logging_mixin.py:190} INFO - [2025-12-15T18:56:36.243+0000] {override.py:1911} INFO - Created Permission View: can edit on DAG:example_trigger_target_dag
[2025-12-15T18:56:36.289+0000] {logging_mixin.py:190} INFO - [2025-12-15T18:56:36.288+0000] {override.py:1911} INFO - Created Permission View: can delete on DAG:example_trigger_target_dag
[2025-12-15T18:56:36.327+0000] {logging_mixin.py:190} INFO - [2025-12-15T18:56:36.326+0000] {override.py:1911} INFO - Created Permission View: can read on DAG Run:example_trigger_target_dag
[2025-12-15T18:56:36.358+0000] {logging_mixin.py:190} INFO - [2025-12-15T18:56:36.357+0000] {override.py:1911} INFO - Created Permission View: menu access on DAG Run:example_trigger_target_dag
[2025-12-15T18:56:36.402+0000] {logging_mixin.py:190} INFO - [2025-12-15T18:56:36.399+0000] {override.py:1911} INFO - Created Permission View: can create on DAG Run:example_trigger_target_dag
[2025-12-15T18:56:36.437+0000] {logging_mixin.py:190} INFO - [2025-12-15T18:56:36.436+0000] {override.py:1911} INFO - Created Permission View: can delete on DAG Run:example_trigger_target_dag
[2025-12-15T18:56:36.438+0000] {logging_mixin.py:190} INFO - [2025-12-15T18:56:36.438+0000] {dag.py:3239} INFO - Sync 1 DAGs
[2025-12-15T18:56:36.499+0000] {logging_mixin.py:190} INFO - [2025-12-15T18:56:36.498+0000] {dag.py:3262} INFO - Creating ORM DAG for example_trigger_target_dag
[2025-12-15T18:56:36.511+0000] {logging_mixin.py:190} INFO - [2025-12-15T18:56:36.510+0000] {dag.py:4180} INFO - Setting next_dagrun for example_trigger_target_dag to None, run_after=None
[2025-12-15T18:57:07.451+0000] {processor.py:186} INFO - Started process (PID=782) to work on /home/airflow/.local/lib/python3.12/site-packages/airflow/example_dags/example_trigger_target_dag.py
[2025-12-15T18:57:07.455+0000] {processor.py:914} INFO - Processing file /home/airflow/.local/lib/python3.12/site-packages/airflow/example_dags/example_trigger_target_dag.py for tasks to queue
[2025-12-15T18:57:07.461+0000] {logging_mixin.py:190} INFO - [2025-12-15T18:57:07.460+0000] {dagbag.py:588} INFO - Filling up the DagBag from /home/airflow/.local/lib/python3.12/site-packages/airflow/example_dags/example_trigger_target_dag.py
[2025-12-15T18:57:07.484+0000] {processor.py:925} INFO - DAG(s) 'example_trigger_target_dag' retrieved from /home/airflow/.local/lib/python3.12/site-packages/airflow/example_dags/example_trigger_target_dag.py
[2025-12-15T18:57:07.550+0000] {logging_mixin.py:190} INFO - [2025-12-15T18:57:07.550+0000] {dag.py:3239} INFO - Sync 1 DAGs
[2025-12-15T18:57:07.595+0000] {logging_mixin.py:190} INFO - [2025-12-15T18:57:07.595+0000] {dag.py:3262} INFO - Creating ORM DAG for example_trigger_target_dag
[2025-12-15T18:57:07.598+0000] {logging_mixin.py:190} INFO - [2025-12-15T18:57:07.597+0000] {dag.py:4180} INFO - Setting next_dagrun for example_trigger_target_dag to None, run_after=None
[2025-12-15T18:57:07.652+0000] {processor.py:208} INFO - Processing /home/airflow/.local/lib/python3.12/site-packages/airflow/example_dags/example_trigger_target_dag.py took 0.218 seconds
[2025-12-15T18:57:44.646+0000] {processor.py:186} INFO - Started process (PID=1074) to work on /home/airflow/.local/lib/python3.12/site-packages/airflow/example_dags/example_trigger_target_dag.py
[2025-12-15T18:57:44.832+0000] {processor.py:914} INFO - Processing file /home/airflow/.local/lib/python3.12/site-packages/airflow/example_dags/example_trigger_target_dag.py for tasks to queue
[2025-12-15T18:57:45.957+0000] {logging_mixin.py:190} INFO - [2025-12-15T18:57:45.956+0000] {dagbag.py:588} INFO - Filling up the DagBag from /home/airflow/.local/lib/python3.12/site-packages/airflow/example_dags/example_trigger_target_dag.py
[2025-12-15T18:57:45.967+0000] {processor.py:925} INFO - DAG(s) 'example_trigger_target_dag' retrieved from /home/airflow/.local/lib/python3.12/site-packages/airflow/example_dags/example_trigger_target_dag.py
[2025-12-15T18:57:47.843+0000] {logging_mixin.py:190} INFO - [2025-12-15T18:57:47.842+0000] {dag.py:3239} INFO - Sync 1 DAGs
[2025-12-15T18:57:47.932+0000] {logging_mixin.py:190} INFO - [2025-12-15T18:57:47.932+0000] {dag.py:4180} INFO - Setting next_dagrun for example_trigger_target_dag to None, run_after=None
[2025-12-15T18:57:48.025+0000] {processor.py:208} INFO - Processing /home/airflow/.local/lib/python3.12/site-packages/airflow/example_dags/example_trigger_target_dag.py took 3.390 seconds
[2025-12-15T18:58:23.214+0000] {processor.py:186} INFO - Started process (PID=1371) to work on /home/airflow/.local/lib/python3.12/site-packages/airflow/example_dags/example_trigger_target_dag.py
[2025-12-15T18:58:23.216+0000] {processor.py:914} INFO - Processing file /home/airflow/.local/lib/python3.12/site-packages/airflow/example_dags/example_trigger_target_dag.py for tasks to queue
[2025-12-15T18:58:23.221+0000] {logging_mixin.py:190} INFO - [2025-12-15T18:58:23.220+0000] {dagbag.py:588} INFO - Filling up the DagBag from /home/airflow/.local/lib/python3.12/site-packages/airflow/example_dags/example_trigger_target_dag.py
[2025-12-15T18:58:23.236+0000] {processor.py:925} INFO - DAG(s) 'example_trigger_target_dag' retrieved from /home/airflow/.local/lib/python3.12/site-packages/airflow/example_dags/example_trigger_target_dag.py
[2025-12-15T18:58:23.289+0000] {logging_mixin.py:190} INFO - [2025-12-15T18:58:23.288+0000] {dag.py:3239} INFO - Sync 1 DAGs
[2025-12-15T18:58:23.328+0000] {logging_mixin.py:190} INFO - [2025-12-15T18:58:23.327+0000] {dag.py:4180} INFO - Setting next_dagrun for example_trigger_target_dag to None, run_after=None
[2025-12-15T18:58:23.387+0000] {processor.py:208} INFO - Processing /home/airflow/.local/lib/python3.12/site-packages/airflow/example_dags/example_trigger_target_dag.py took 0.187 seconds
[2025-12-15T18:58:54.387+0000] {processor.py:186} INFO - Started process (PID=1667) to work on /home/airflow/.local/lib/python3.12/site-packages/airflow/example_dags/example_trigger_target_dag.py
[2025-12-15T18:58:54.389+0000] {processor.py:914} INFO - Processing file /home/airflow/.local/lib/python3.12/site-packages/airflow/example_dags/example_trigger_target_dag.py for tasks to queue
[2025-12-15T18:58:54.393+0000] {logging_mixin.py:190} INFO - [2025-12-15T18:58:54.393+0000] {dagbag.py:588} INFO - Filling up the DagBag from /home/airflow/.local/lib/python3.12/site-packages/airflow/example_dags/example_trigger_target_dag.py
[2025-12-15T18:58:54.408+0000] {processor.py:925} INFO - DAG(s) 'example_trigger_target_dag' retrieved from /home/airflow/.local/lib/python3.12/site-packages/airflow/example_dags/example_trigger_target_dag.py
[2025-12-15T18:58:54.443+0000] {logging_mixin.py:190} INFO - [2025-12-15T18:58:54.443+0000] {dag.py:3239} INFO - Sync 1 DAGs
[2025-12-15T18:58:54.469+0000] {logging_mixin.py:190} INFO - [2025-12-15T18:58:54.468+0000] {dag.py:4180} INFO - Setting next_dagrun for example_trigger_target_dag to None, run_after=None
[2025-12-15T18:58:54.504+0000] {processor.py:208} INFO - Processing /home/airflow/.local/lib/python3.12/site-packages/airflow/example_dags/example_trigger_target_dag.py took 0.125 seconds
[2025-12-15T19:00:14.053+0000] {processor.py:186} INFO - Started process (PID=2073) to work on /home/airflow/.local/lib/python3.12/site-packages/airflow/example_dags/example_trigger_target_dag.py
[2025-12-15T19:00:14.111+0000] {processor.py:914} INFO - Processing file /home/airflow/.local/lib/python3.12/site-packages/airflow/example_dags/example_trigger_target_dag.py for tasks to queue
[2025-12-15T19:00:14.177+0000] {logging_mixin.py:190} INFO - [2025-12-15T19:00:14.176+0000] {dagbag.py:588} INFO - Filling up the DagBag from /home/airflow/.local/lib/python3.12/site-packages/airflow/example_dags/example_trigger_target_dag.py
[2025-12-15T19:00:14.452+0000] {processor.py:925} INFO - DAG(s) 'example_trigger_target_dag' retrieved from /home/airflow/.local/lib/python3.12/site-packages/airflow/example_dags/example_trigger_target_dag.py
[2025-12-15T19:00:14.830+0000] {logging_mixin.py:190} INFO - [2025-12-15T19:00:14.828+0000] {dag.py:3239} INFO - Sync 1 DAGs
[2025-12-15T19:00:14.972+0000] {logging_mixin.py:190} INFO - [2025-12-15T19:00:14.971+0000] {dag.py:4180} INFO - Setting next_dagrun for example_trigger_target_dag to None, run_after=None
[2025-12-15T19:00:15.319+0000] {processor.py:208} INFO - Processing /home/airflow/.local/lib/python3.12/site-packages/airflow/example_dags/example_trigger_target_dag.py took 2.585 seconds
[2025-12-15T19:01:58.403+0000] {processor.py:186} INFO - Started process (PID=2380) to work on /home/airflow/.local/lib/python3.12/site-packages/airflow/example_dags/example_trigger_target_dag.py
[2025-12-15T19:01:58.405+0000] {processor.py:914} INFO - Processing file /home/airflow/.local/lib/python3.12/site-packages/airflow/example_dags/example_trigger_target_dag.py for tasks to queue
[2025-12-15T19:01:58.411+0000] {logging_mixin.py:190} INFO - [2025-12-15T19:01:58.410+0000] {dagbag.py:588} INFO - Filling up the DagBag from /home/airflow/.local/lib/python3.12/site-packages/airflow/example_dags/example_trigger_target_dag.py
[2025-12-15T19:01:58.430+0000] {processor.py:925} INFO - DAG(s) 'example_trigger_target_dag' retrieved from /home/airflow/.local/lib/python3.12/site-packages/airflow/example_dags/example_trigger_target_dag.py
[2025-12-15T19:01:58.479+0000] {logging_mixin.py:190} INFO - [2025-12-15T19:01:58.479+0000] {dag.py:3239} INFO - Sync 1 DAGs
[2025-12-15T19:01:58.511+0000] {logging_mixin.py:190} INFO - [2025-12-15T19:01:58.511+0000] {dag.py:4180} INFO - Setting next_dagrun for example_trigger_target_dag to None, run_after=None
[2025-12-15T19:01:58.557+0000] {processor.py:208} INFO - Processing /home/airflow/.local/lib/python3.12/site-packages/airflow/example_dags/example_trigger_target_dag.py took 0.169 seconds
[2025-12-15T19:02:33.880+0000] {processor.py:186} INFO - Started process (PID=2756) to work on /home/airflow/.local/lib/python3.12/site-packages/airflow/example_dags/example_trigger_target_dag.py
[2025-12-15T19:02:33.881+0000] {processor.py:914} INFO - Processing file /home/airflow/.local/lib/python3.12/site-packages/airflow/example_dags/example_trigger_target_dag.py for tasks to queue
[2025-12-15T19:02:33.885+0000] {logging_mixin.py:190} INFO - [2025-12-15T19:02:33.884+0000] {dagbag.py:588} INFO - Filling up the DagBag from /home/airflow/.local/lib/python3.12/site-packages/airflow/example_dags/example_trigger_target_dag.py
[2025-12-15T19:02:33.902+0000] {processor.py:925} INFO - DAG(s) 'example_trigger_target_dag' retrieved from /home/airflow/.local/lib/python3.12/site-packages/airflow/example_dags/example_trigger_target_dag.py
[2025-12-15T19:02:33.948+0000] {logging_mixin.py:190} INFO - [2025-12-15T19:02:33.947+0000] {dag.py:3239} INFO - Sync 1 DAGs
[2025-12-15T19:02:33.985+0000] {logging_mixin.py:190} INFO - [2025-12-15T19:02:33.985+0000] {dag.py:4180} INFO - Setting next_dagrun for example_trigger_target_dag to None, run_after=None
[2025-12-15T19:02:34.027+0000] {processor.py:208} INFO - Processing /home/airflow/.local/lib/python3.12/site-packages/airflow/example_dags/example_trigger_target_dag.py took 0.160 seconds
[2025-12-15T19:03:08.822+0000] {processor.py:186} INFO - Started process (PID=3077) to work on /home/airflow/.local/lib/python3.12/site-packages/airflow/example_dags/example_trigger_target_dag.py
[2025-12-15T19:03:08.825+0000] {processor.py:914} INFO - Processing file /home/airflow/.local/lib/python3.12/site-packages/airflow/example_dags/example_trigger_target_dag.py for tasks to queue
[2025-12-15T19:03:08.834+0000] {logging_mixin.py:190} INFO - [2025-12-15T19:03:08.831+0000] {dagbag.py:588} INFO - Filling up the DagBag from /home/airflow/.local/lib/python3.12/site-packages/airflow/example_dags/example_trigger_target_dag.py
[2025-12-15T19:03:08.859+0000] {processor.py:925} INFO - DAG(s) 'example_trigger_target_dag' retrieved from /home/airflow/.local/lib/python3.12/site-packages/airflow/example_dags/example_trigger_target_dag.py
[2025-12-15T19:03:08.902+0000] {logging_mixin.py:190} INFO - [2025-12-15T19:03:08.902+0000] {dag.py:3239} INFO - Sync 1 DAGs
[2025-12-15T19:03:08.937+0000] {logging_mixin.py:190} INFO - [2025-12-15T19:03:08.937+0000] {dag.py:4180} INFO - Setting next_dagrun for example_trigger_target_dag to None, run_after=None
[2025-12-15T19:03:08.988+0000] {processor.py:208} INFO - Processing /home/airflow/.local/lib/python3.12/site-packages/airflow/example_dags/example_trigger_target_dag.py took 0.181 seconds
[2025-12-15T19:03:42.820+0000] {processor.py:186} INFO - Started process (PID=3368) to work on /home/airflow/.local/lib/python3.12/site-packages/airflow/example_dags/example_trigger_target_dag.py
[2025-12-15T19:03:42.824+0000] {processor.py:914} INFO - Processing file /home/airflow/.local/lib/python3.12/site-packages/airflow/example_dags/example_trigger_target_dag.py for tasks to queue
[2025-12-15T19:03:42.829+0000] {logging_mixin.py:190} INFO - [2025-12-15T19:03:42.828+0000] {dagbag.py:588} INFO - Filling up the DagBag from /home/airflow/.local/lib/python3.12/site-packages/airflow/example_dags/example_trigger_target_dag.py
[2025-12-15T19:03:42.851+0000] {processor.py:925} INFO - DAG(s) 'example_trigger_target_dag' retrieved from /home/airflow/.local/lib/python3.12/site-packages/airflow/example_dags/example_trigger_target_dag.py
[2025-12-15T19:03:42.905+0000] {logging_mixin.py:190} INFO - [2025-12-15T19:03:42.905+0000] {dag.py:3239} INFO - Sync 1 DAGs
[2025-12-15T19:03:42.943+0000] {logging_mixin.py:190} INFO - [2025-12-15T19:03:42.942+0000] {dag.py:4180} INFO - Setting next_dagrun for example_trigger_target_dag to None, run_after=None
[2025-12-15T19:03:42.988+0000] {processor.py:208} INFO - Processing /home/airflow/.local/lib/python3.12/site-packages/airflow/example_dags/example_trigger_target_dag.py took 0.186 seconds
[2025-12-15T19:04:13.179+0000] {processor.py:186} INFO - Started process (PID=3661) to work on /home/airflow/.local/lib/python3.12/site-packages/airflow/example_dags/example_trigger_target_dag.py
[2025-12-15T19:04:13.188+0000] {processor.py:914} INFO - Processing file /home/airflow/.local/lib/python3.12/site-packages/airflow/example_dags/example_trigger_target_dag.py for tasks to queue
[2025-12-15T19:04:13.192+0000] {logging_mixin.py:190} INFO - [2025-12-15T19:04:13.192+0000] {dagbag.py:588} INFO - Filling up the DagBag from /home/airflow/.local/lib/python3.12/site-packages/airflow/example_dags/example_trigger_target_dag.py
[2025-12-15T19:04:13.214+0000] {processor.py:925} INFO - DAG(s) 'example_trigger_target_dag' retrieved from /home/airflow/.local/lib/python3.12/site-packages/airflow/example_dags/example_trigger_target_dag.py
[2025-12-15T19:04:13.258+0000] {logging_mixin.py:190} INFO - [2025-12-15T19:04:13.257+0000] {dag.py:3239} INFO - Sync 1 DAGs
[2025-12-15T19:04:13.292+0000] {logging_mixin.py:190} INFO - [2025-12-15T19:04:13.292+0000] {dag.py:4180} INFO - Setting next_dagrun for example_trigger_target_dag to None, run_after=None
[2025-12-15T19:04:13.329+0000] {processor.py:208} INFO - Processing /home/airflow/.local/lib/python3.12/site-packages/airflow/example_dags/example_trigger_target_dag.py took 0.160 seconds
[2025-12-15T19:04:46.360+0000] {processor.py:186} INFO - Started process (PID=3952) to work on /home/airflow/.local/lib/python3.12/site-packages/airflow/example_dags/example_trigger_target_dag.py
[2025-12-15T19:04:46.366+0000] {processor.py:914} INFO - Processing file /home/airflow/.local/lib/python3.12/site-packages/airflow/example_dags/example_trigger_target_dag.py for tasks to queue
[2025-12-15T19:04:46.369+0000] {logging_mixin.py:190} INFO - [2025-12-15T19:04:46.369+0000] {dagbag.py:588} INFO - Filling up the DagBag from /home/airflow/.local/lib/python3.12/site-packages/airflow/example_dags/example_trigger_target_dag.py
[2025-12-15T19:04:46.383+0000] {processor.py:925} INFO - DAG(s) 'example_trigger_target_dag' retrieved from /home/airflow/.local/lib/python3.12/site-packages/airflow/example_dags/example_trigger_target_dag.py
[2025-12-15T19:04:46.413+0000] {logging_mixin.py:190} INFO - [2025-12-15T19:04:46.413+0000] {dag.py:3239} INFO - Sync 1 DAGs
[2025-12-15T19:04:46.436+0000] {logging_mixin.py:190} INFO - [2025-12-15T19:04:46.436+0000] {dag.py:4180} INFO - Setting next_dagrun for example_trigger_target_dag to None, run_after=None
[2025-12-15T19:04:46.464+0000] {processor.py:208} INFO - Processing /home/airflow/.local/lib/python3.12/site-packages/airflow/example_dags/example_trigger_target_dag.py took 0.114 seconds
[2025-12-15T19:05:18.974+0000] {processor.py:186} INFO - Started process (PID=4243) to work on /home/airflow/.local/lib/python3.12/site-packages/airflow/example_dags/example_trigger_target_dag.py
[2025-12-15T19:05:18.976+0000] {processor.py:914} INFO - Processing file /home/airflow/.local/lib/python3.12/site-packages/airflow/example_dags/example_trigger_target_dag.py for tasks to queue
[2025-12-15T19:05:18.980+0000] {logging_mixin.py:190} INFO - [2025-12-15T19:05:18.979+0000] {dagbag.py:588} INFO - Filling up the DagBag from /home/airflow/.local/lib/python3.12/site-packages/airflow/example_dags/example_trigger_target_dag.py
[2025-12-15T19:05:18.994+0000] {processor.py:925} INFO - DAG(s) 'example_trigger_target_dag' retrieved from /home/airflow/.local/lib/python3.12/site-packages/airflow/example_dags/example_trigger_target_dag.py
[2025-12-15T19:05:19.031+0000] {logging_mixin.py:190} INFO - [2025-12-15T19:05:19.030+0000] {dag.py:3239} INFO - Sync 1 DAGs
[2025-12-15T19:05:19.058+0000] {logging_mixin.py:190} INFO - [2025-12-15T19:05:19.058+0000] {dag.py:4180} INFO - Setting next_dagrun for example_trigger_target_dag to None, run_after=None
[2025-12-15T19:05:19.125+0000] {processor.py:208} INFO - Processing /home/airflow/.local/lib/python3.12/site-packages/airflow/example_dags/example_trigger_target_dag.py took 0.161 seconds
[2025-12-15T19:05:49.930+0000] {processor.py:186} INFO - Started process (PID=4534) to work on /home/airflow/.local/lib/python3.12/site-packages/airflow/example_dags/example_trigger_target_dag.py
[2025-12-15T19:05:49.932+0000] {processor.py:914} INFO - Processing file /home/airflow/.local/lib/python3.12/site-packages/airflow/example_dags/example_trigger_target_dag.py for tasks to queue
[2025-12-15T19:05:49.935+0000] {logging_mixin.py:190} INFO - [2025-12-15T19:05:49.934+0000] {dagbag.py:588} INFO - Filling up the DagBag from /home/airflow/.local/lib/python3.12/site-packages/airflow/example_dags/example_trigger_target_dag.py
[2025-12-15T19:05:49.947+0000] {processor.py:925} INFO - DAG(s) 'example_trigger_target_dag' retrieved from /home/airflow/.local/lib/python3.12/site-packages/airflow/example_dags/example_trigger_target_dag.py
[2025-12-15T19:05:49.974+0000] {logging_mixin.py:190} INFO - [2025-12-15T19:05:49.974+0000] {dag.py:3239} INFO - Sync 1 DAGs
[2025-12-15T19:05:49.993+0000] {logging_mixin.py:190} INFO - [2025-12-15T19:05:49.993+0000] {dag.py:4180} INFO - Setting next_dagrun for example_trigger_target_dag to None, run_after=None
[2025-12-15T19:05:50.025+0000] {processor.py:208} INFO - Processing /home/airflow/.local/lib/python3.12/site-packages/airflow/example_dags/example_trigger_target_dag.py took 0.103 seconds
[2025-12-15T19:06:23.985+0000] {processor.py:186} INFO - Started process (PID=4823) to work on /home/airflow/.local/lib/python3.12/site-packages/airflow/example_dags/example_trigger_target_dag.py
[2025-12-15T19:06:23.988+0000] {processor.py:914} INFO - Processing file /home/airflow/.local/lib/python3.12/site-packages/airflow/example_dags/example_trigger_target_dag.py for tasks to queue
[2025-12-15T19:06:23.993+0000] {logging_mixin.py:190} INFO - [2025-12-15T19:06:23.992+0000] {dagbag.py:588} INFO - Filling up the DagBag from /home/airflow/.local/lib/python3.12/site-packages/airflow/example_dags/example_trigger_target_dag.py
[2025-12-15T19:06:24.009+0000] {processor.py:925} INFO - DAG(s) 'example_trigger_target_dag' retrieved from /home/airflow/.local/lib/python3.12/site-packages/airflow/example_dags/example_trigger_target_dag.py
[2025-12-15T19:06:24.042+0000] {logging_mixin.py:190} INFO - [2025-12-15T19:06:24.042+0000] {dag.py:3239} INFO - Sync 1 DAGs
[2025-12-15T19:06:24.070+0000] {logging_mixin.py:190} INFO - [2025-12-15T19:06:24.070+0000] {dag.py:4180} INFO - Setting next_dagrun for example_trigger_target_dag to None, run_after=None
[2025-12-15T19:06:24.101+0000] {processor.py:208} INFO - Processing /home/airflow/.local/lib/python3.12/site-packages/airflow/example_dags/example_trigger_target_dag.py took 0.125 seconds
[2025-12-15T19:06:56.819+0000] {processor.py:186} INFO - Started process (PID=5114) to work on /home/airflow/.local/lib/python3.12/site-packages/airflow/example_dags/example_trigger_target_dag.py
[2025-12-15T19:06:56.826+0000] {processor.py:914} INFO - Processing file /home/airflow/.local/lib/python3.12/site-packages/airflow/example_dags/example_trigger_target_dag.py for tasks to queue
[2025-12-15T19:06:56.829+0000] {logging_mixin.py:190} INFO - [2025-12-15T19:06:56.829+0000] {dagbag.py:588} INFO - Filling up the DagBag from /home/airflow/.local/lib/python3.12/site-packages/airflow/example_dags/example_trigger_target_dag.py
[2025-12-15T19:06:56.846+0000] {processor.py:925} INFO - DAG(s) 'example_trigger_target_dag' retrieved from /home/airflow/.local/lib/python3.12/site-packages/airflow/example_dags/example_trigger_target_dag.py
[2025-12-15T19:06:56.882+0000] {logging_mixin.py:190} INFO - [2025-12-15T19:06:56.881+0000] {dag.py:3239} INFO - Sync 1 DAGs
[2025-12-15T19:06:56.911+0000] {logging_mixin.py:190} INFO - [2025-12-15T19:06:56.910+0000] {dag.py:4180} INFO - Setting next_dagrun for example_trigger_target_dag to None, run_after=None
[2025-12-15T19:06:56.944+0000] {processor.py:208} INFO - Processing /home/airflow/.local/lib/python3.12/site-packages/airflow/example_dags/example_trigger_target_dag.py took 0.138 seconds
[2025-12-15T19:07:37.293+0000] {processor.py:186} INFO - Started process (PID=5405) to work on /home/airflow/.local/lib/python3.12/site-packages/airflow/example_dags/example_trigger_target_dag.py
[2025-12-15T19:07:37.306+0000] {processor.py:914} INFO - Processing file /home/airflow/.local/lib/python3.12/site-packages/airflow/example_dags/example_trigger_target_dag.py for tasks to queue
[2025-12-15T19:07:37.310+0000] {logging_mixin.py:190} INFO - [2025-12-15T19:07:37.309+0000] {dagbag.py:588} INFO - Filling up the DagBag from /home/airflow/.local/lib/python3.12/site-packages/airflow/example_dags/example_trigger_target_dag.py
[2025-12-15T19:07:37.324+0000] {processor.py:925} INFO - DAG(s) 'example_trigger_target_dag' retrieved from /home/airflow/.local/lib/python3.12/site-packages/airflow/example_dags/example_trigger_target_dag.py
[2025-12-15T19:07:37.361+0000] {logging_mixin.py:190} INFO - [2025-12-15T19:07:37.361+0000] {dag.py:3239} INFO - Sync 1 DAGs
[2025-12-15T19:07:37.385+0000] {logging_mixin.py:190} INFO - [2025-12-15T19:07:37.384+0000] {dag.py:4180} INFO - Setting next_dagrun for example_trigger_target_dag to None, run_after=None
[2025-12-15T19:07:37.484+0000] {processor.py:208} INFO - Processing /home/airflow/.local/lib/python3.12/site-packages/airflow/example_dags/example_trigger_target_dag.py took 0.201 seconds
[2025-12-15T19:08:08.583+0000] {processor.py:186} INFO - Started process (PID=5696) to work on /home/airflow/.local/lib/python3.12/site-packages/airflow/example_dags/example_trigger_target_dag.py
[2025-12-15T19:08:08.589+0000] {processor.py:914} INFO - Processing file /home/airflow/.local/lib/python3.12/site-packages/airflow/example_dags/example_trigger_target_dag.py for tasks to queue
[2025-12-15T19:08:08.592+0000] {logging_mixin.py:190} INFO - [2025-12-15T19:08:08.592+0000] {dagbag.py:588} INFO - Filling up the DagBag from /home/airflow/.local/lib/python3.12/site-packages/airflow/example_dags/example_trigger_target_dag.py
[2025-12-15T19:08:08.604+0000] {processor.py:925} INFO - DAG(s) 'example_trigger_target_dag' retrieved from /home/airflow/.local/lib/python3.12/site-packages/airflow/example_dags/example_trigger_target_dag.py
[2025-12-15T19:08:08.630+0000] {logging_mixin.py:190} INFO - [2025-12-15T19:08:08.630+0000] {dag.py:3239} INFO - Sync 1 DAGs
[2025-12-15T19:08:08.648+0000] {logging_mixin.py:190} INFO - [2025-12-15T19:08:08.648+0000] {dag.py:4180} INFO - Setting next_dagrun for example_trigger_target_dag to None, run_after=None
[2025-12-15T19:08:08.679+0000] {processor.py:208} INFO - Processing /home/airflow/.local/lib/python3.12/site-packages/airflow/example_dags/example_trigger_target_dag.py took 0.103 seconds
[2025-12-15T19:08:41.267+0000] {processor.py:186} INFO - Started process (PID=5989) to work on /home/airflow/.local/lib/python3.12/site-packages/airflow/example_dags/example_trigger_target_dag.py
[2025-12-15T19:08:41.272+0000] {processor.py:914} INFO - Processing file /home/airflow/.local/lib/python3.12/site-packages/airflow/example_dags/example_trigger_target_dag.py for tasks to queue
[2025-12-15T19:08:41.278+0000] {logging_mixin.py:190} INFO - [2025-12-15T19:08:41.277+0000] {dagbag.py:588} INFO - Filling up the DagBag from /home/airflow/.local/lib/python3.12/site-packages/airflow/example_dags/example_trigger_target_dag.py
[2025-12-15T19:08:41.295+0000] {processor.py:925} INFO - DAG(s) 'example_trigger_target_dag' retrieved from /home/airflow/.local/lib/python3.12/site-packages/airflow/example_dags/example_trigger_target_dag.py
[2025-12-15T19:08:41.334+0000] {logging_mixin.py:190} INFO - [2025-12-15T19:08:41.333+0000] {dag.py:3239} INFO - Sync 1 DAGs
[2025-12-15T19:08:41.367+0000] {logging_mixin.py:190} INFO - [2025-12-15T19:08:41.366+0000] {dag.py:4180} INFO - Setting next_dagrun for example_trigger_target_dag to None, run_after=None
[2025-12-15T19:08:41.410+0000] {processor.py:208} INFO - Processing /home/airflow/.local/lib/python3.12/site-packages/airflow/example_dags/example_trigger_target_dag.py took 0.154 seconds
[2025-12-15T19:09:12.000+0000] {processor.py:186} INFO - Started process (PID=6278) to work on /home/airflow/.local/lib/python3.12/site-packages/airflow/example_dags/example_trigger_target_dag.py
[2025-12-15T19:09:12.003+0000] {processor.py:914} INFO - Processing file /home/airflow/.local/lib/python3.12/site-packages/airflow/example_dags/example_trigger_target_dag.py for tasks to queue
[2025-12-15T19:09:12.008+0000] {logging_mixin.py:190} INFO - [2025-12-15T19:09:12.007+0000] {dagbag.py:588} INFO - Filling up the DagBag from /home/airflow/.local/lib/python3.12/site-packages/airflow/example_dags/example_trigger_target_dag.py
[2025-12-15T19:09:12.024+0000] {processor.py:925} INFO - DAG(s) 'example_trigger_target_dag' retrieved from /home/airflow/.local/lib/python3.12/site-packages/airflow/example_dags/example_trigger_target_dag.py
[2025-12-15T19:09:12.065+0000] {logging_mixin.py:190} INFO - [2025-12-15T19:09:12.065+0000] {dag.py:3239} INFO - Sync 1 DAGs
[2025-12-15T19:09:12.095+0000] {logging_mixin.py:190} INFO - [2025-12-15T19:09:12.094+0000] {dag.py:4180} INFO - Setting next_dagrun for example_trigger_target_dag to None, run_after=None
[2025-12-15T19:09:12.132+0000] {processor.py:208} INFO - Processing /home/airflow/.local/lib/python3.12/site-packages/airflow/example_dags/example_trigger_target_dag.py took 0.143 seconds
[2025-12-15T19:09:47.217+0000] {processor.py:186} INFO - Started process (PID=6569) to work on /home/airflow/.local/lib/python3.12/site-packages/airflow/example_dags/example_trigger_target_dag.py
[2025-12-15T19:09:47.230+0000] {processor.py:914} INFO - Processing file /home/airflow/.local/lib/python3.12/site-packages/airflow/example_dags/example_trigger_target_dag.py for tasks to queue
[2025-12-15T19:09:47.245+0000] {logging_mixin.py:190} INFO - [2025-12-15T19:09:47.237+0000] {dagbag.py:588} INFO - Filling up the DagBag from /home/airflow/.local/lib/python3.12/site-packages/airflow/example_dags/example_trigger_target_dag.py
[2025-12-15T19:09:47.291+0000] {processor.py:925} INFO - DAG(s) 'example_trigger_target_dag' retrieved from /home/airflow/.local/lib/python3.12/site-packages/airflow/example_dags/example_trigger_target_dag.py
[2025-12-15T19:09:47.368+0000] {logging_mixin.py:190} INFO - [2025-12-15T19:09:47.365+0000] {dag.py:3239} INFO - Sync 1 DAGs
[2025-12-15T19:09:47.437+0000] {logging_mixin.py:190} INFO - [2025-12-15T19:09:47.436+0000] {dag.py:4180} INFO - Setting next_dagrun for example_trigger_target_dag to None, run_after=None
[2025-12-15T19:09:47.528+0000] {processor.py:208} INFO - Processing /home/airflow/.local/lib/python3.12/site-packages/airflow/example_dags/example_trigger_target_dag.py took 0.368 seconds
[2025-12-15T19:10:17.996+0000] {processor.py:186} INFO - Started process (PID=6862) to work on /home/airflow/.local/lib/python3.12/site-packages/airflow/example_dags/example_trigger_target_dag.py
[2025-12-15T19:10:17.998+0000] {processor.py:914} INFO - Processing file /home/airflow/.local/lib/python3.12/site-packages/airflow/example_dags/example_trigger_target_dag.py for tasks to queue
[2025-12-15T19:10:18.001+0000] {logging_mixin.py:190} INFO - [2025-12-15T19:10:18.001+0000] {dagbag.py:588} INFO - Filling up the DagBag from /home/airflow/.local/lib/python3.12/site-packages/airflow/example_dags/example_trigger_target_dag.py
[2025-12-15T19:10:18.017+0000] {processor.py:925} INFO - DAG(s) 'example_trigger_target_dag' retrieved from /home/airflow/.local/lib/python3.12/site-packages/airflow/example_dags/example_trigger_target_dag.py
[2025-12-15T19:10:18.046+0000] {logging_mixin.py:190} INFO - [2025-12-15T19:10:18.046+0000] {dag.py:3239} INFO - Sync 1 DAGs
[2025-12-15T19:10:18.071+0000] {logging_mixin.py:190} INFO - [2025-12-15T19:10:18.071+0000] {dag.py:4180} INFO - Setting next_dagrun for example_trigger_target_dag to None, run_after=None
[2025-12-15T19:10:18.100+0000] {processor.py:208} INFO - Processing /home/airflow/.local/lib/python3.12/site-packages/airflow/example_dags/example_trigger_target_dag.py took 0.115 seconds
[2025-12-15T19:10:49.928+0000] {processor.py:186} INFO - Started process (PID=7154) to work on /home/airflow/.local/lib/python3.12/site-packages/airflow/example_dags/example_trigger_target_dag.py
[2025-12-15T19:10:49.940+0000] {processor.py:914} INFO - Processing file /home/airflow/.local/lib/python3.12/site-packages/airflow/example_dags/example_trigger_target_dag.py for tasks to queue
[2025-12-15T19:10:49.944+0000] {logging_mixin.py:190} INFO - [2025-12-15T19:10:49.943+0000] {dagbag.py:588} INFO - Filling up the DagBag from /home/airflow/.local/lib/python3.12/site-packages/airflow/example_dags/example_trigger_target_dag.py
[2025-12-15T19:10:49.960+0000] {processor.py:925} INFO - DAG(s) 'example_trigger_target_dag' retrieved from /home/airflow/.local/lib/python3.12/site-packages/airflow/example_dags/example_trigger_target_dag.py
[2025-12-15T19:10:49.995+0000] {logging_mixin.py:190} INFO - [2025-12-15T19:10:49.995+0000] {dag.py:3239} INFO - Sync 1 DAGs
[2025-12-15T19:10:50.025+0000] {logging_mixin.py:190} INFO - [2025-12-15T19:10:50.024+0000] {dag.py:4180} INFO - Setting next_dagrun for example_trigger_target_dag to None, run_after=None
[2025-12-15T19:10:50.070+0000] {processor.py:208} INFO - Processing /home/airflow/.local/lib/python3.12/site-packages/airflow/example_dags/example_trigger_target_dag.py took 0.152 seconds
[2025-12-15T19:11:20.814+0000] {processor.py:186} INFO - Started process (PID=7443) to work on /home/airflow/.local/lib/python3.12/site-packages/airflow/example_dags/example_trigger_target_dag.py
[2025-12-15T19:11:20.817+0000] {processor.py:914} INFO - Processing file /home/airflow/.local/lib/python3.12/site-packages/airflow/example_dags/example_trigger_target_dag.py for tasks to queue
[2025-12-15T19:11:20.833+0000] {logging_mixin.py:190} INFO - [2025-12-15T19:11:20.832+0000] {dagbag.py:588} INFO - Filling up the DagBag from /home/airflow/.local/lib/python3.12/site-packages/airflow/example_dags/example_trigger_target_dag.py
[2025-12-15T19:11:20.919+0000] {processor.py:925} INFO - DAG(s) 'example_trigger_target_dag' retrieved from /home/airflow/.local/lib/python3.12/site-packages/airflow/example_dags/example_trigger_target_dag.py
[2025-12-15T19:11:20.995+0000] {logging_mixin.py:190} INFO - [2025-12-15T19:11:20.994+0000] {dag.py:3239} INFO - Sync 1 DAGs
[2025-12-15T19:11:21.073+0000] {logging_mixin.py:190} INFO - [2025-12-15T19:11:21.072+0000] {dag.py:4180} INFO - Setting next_dagrun for example_trigger_target_dag to None, run_after=None
[2025-12-15T19:11:21.179+0000] {processor.py:208} INFO - Processing /home/airflow/.local/lib/python3.12/site-packages/airflow/example_dags/example_trigger_target_dag.py took 0.408 seconds
[2025-12-15T19:11:52.057+0000] {processor.py:186} INFO - Started process (PID=7734) to work on /home/airflow/.local/lib/python3.12/site-packages/airflow/example_dags/example_trigger_target_dag.py
[2025-12-15T19:11:52.072+0000] {processor.py:914} INFO - Processing file /home/airflow/.local/lib/python3.12/site-packages/airflow/example_dags/example_trigger_target_dag.py for tasks to queue
[2025-12-15T19:11:52.074+0000] {logging_mixin.py:190} INFO - [2025-12-15T19:11:52.073+0000] {dagbag.py:588} INFO - Filling up the DagBag from /home/airflow/.local/lib/python3.12/site-packages/airflow/example_dags/example_trigger_target_dag.py
[2025-12-15T19:11:52.090+0000] {processor.py:925} INFO - DAG(s) 'example_trigger_target_dag' retrieved from /home/airflow/.local/lib/python3.12/site-packages/airflow/example_dags/example_trigger_target_dag.py
[2025-12-15T19:11:52.123+0000] {logging_mixin.py:190} INFO - [2025-12-15T19:11:52.122+0000] {dag.py:3239} INFO - Sync 1 DAGs
[2025-12-15T19:11:52.149+0000] {logging_mixin.py:190} INFO - [2025-12-15T19:11:52.149+0000] {dag.py:4180} INFO - Setting next_dagrun for example_trigger_target_dag to None, run_after=None
[2025-12-15T19:11:52.184+0000] {processor.py:208} INFO - Processing /home/airflow/.local/lib/python3.12/site-packages/airflow/example_dags/example_trigger_target_dag.py took 0.140 seconds
[2025-12-15T19:12:23.686+0000] {processor.py:186} INFO - Started process (PID=8025) to work on /home/airflow/.local/lib/python3.12/site-packages/airflow/example_dags/example_trigger_target_dag.py
[2025-12-15T19:12:23.687+0000] {processor.py:914} INFO - Processing file /home/airflow/.local/lib/python3.12/site-packages/airflow/example_dags/example_trigger_target_dag.py for tasks to queue
[2025-12-15T19:12:23.689+0000] {logging_mixin.py:190} INFO - [2025-12-15T19:12:23.689+0000] {dagbag.py:588} INFO - Filling up the DagBag from /home/airflow/.local/lib/python3.12/site-packages/airflow/example_dags/example_trigger_target_dag.py
[2025-12-15T19:12:23.703+0000] {processor.py:925} INFO - DAG(s) 'example_trigger_target_dag' retrieved from /home/airflow/.local/lib/python3.12/site-packages/airflow/example_dags/example_trigger_target_dag.py
[2025-12-15T19:12:23.733+0000] {logging_mixin.py:190} INFO - [2025-12-15T19:12:23.733+0000] {dag.py:3239} INFO - Sync 1 DAGs
[2025-12-15T19:12:23.761+0000] {logging_mixin.py:190} INFO - [2025-12-15T19:12:23.761+0000] {dag.py:4180} INFO - Setting next_dagrun for example_trigger_target_dag to None, run_after=None
[2025-12-15T19:12:23.809+0000] {processor.py:208} INFO - Processing /home/airflow/.local/lib/python3.12/site-packages/airflow/example_dags/example_trigger_target_dag.py took 0.133 seconds
[2025-12-15T19:12:56.067+0000] {processor.py:186} INFO - Started process (PID=8321) to work on /home/airflow/.local/lib/python3.12/site-packages/airflow/example_dags/example_trigger_target_dag.py
[2025-12-15T19:12:56.070+0000] {processor.py:914} INFO - Processing file /home/airflow/.local/lib/python3.12/site-packages/airflow/example_dags/example_trigger_target_dag.py for tasks to queue
[2025-12-15T19:12:56.072+0000] {logging_mixin.py:190} INFO - [2025-12-15T19:12:56.072+0000] {dagbag.py:588} INFO - Filling up the DagBag from /home/airflow/.local/lib/python3.12/site-packages/airflow/example_dags/example_trigger_target_dag.py
[2025-12-15T19:12:56.094+0000] {processor.py:925} INFO - DAG(s) 'example_trigger_target_dag' retrieved from /home/airflow/.local/lib/python3.12/site-packages/airflow/example_dags/example_trigger_target_dag.py
[2025-12-15T19:12:56.141+0000] {logging_mixin.py:190} INFO - [2025-12-15T19:12:56.140+0000] {dag.py:3239} INFO - Sync 1 DAGs
[2025-12-15T19:12:56.190+0000] {logging_mixin.py:190} INFO - [2025-12-15T19:12:56.190+0000] {dag.py:4180} INFO - Setting next_dagrun for example_trigger_target_dag to None, run_after=None
[2025-12-15T19:12:56.236+0000] {processor.py:208} INFO - Processing /home/airflow/.local/lib/python3.12/site-packages/airflow/example_dags/example_trigger_target_dag.py took 0.183 seconds
[2025-12-15T19:13:31.192+0000] {processor.py:186} INFO - Started process (PID=8623) to work on /home/airflow/.local/lib/python3.12/site-packages/airflow/example_dags/example_trigger_target_dag.py
[2025-12-15T19:13:31.194+0000] {processor.py:914} INFO - Processing file /home/airflow/.local/lib/python3.12/site-packages/airflow/example_dags/example_trigger_target_dag.py for tasks to queue
[2025-12-15T19:13:31.195+0000] {logging_mixin.py:190} INFO - [2025-12-15T19:13:31.195+0000] {dagbag.py:588} INFO - Filling up the DagBag from /home/airflow/.local/lib/python3.12/site-packages/airflow/example_dags/example_trigger_target_dag.py
[2025-12-15T19:13:31.223+0000] {processor.py:925} INFO - DAG(s) 'example_trigger_target_dag' retrieved from /home/airflow/.local/lib/python3.12/site-packages/airflow/example_dags/example_trigger_target_dag.py
[2025-12-15T19:13:31.267+0000] {logging_mixin.py:190} INFO - [2025-12-15T19:13:31.267+0000] {dag.py:3239} INFO - Sync 1 DAGs
[2025-12-15T19:13:31.314+0000] {logging_mixin.py:190} INFO - [2025-12-15T19:13:31.314+0000] {dag.py:4180} INFO - Setting next_dagrun for example_trigger_target_dag to None, run_after=None
[2025-12-15T19:13:31.387+0000] {processor.py:208} INFO - Processing /home/airflow/.local/lib/python3.12/site-packages/airflow/example_dags/example_trigger_target_dag.py took 0.210 seconds
[2025-12-15T19:14:02.677+0000] {processor.py:186} INFO - Started process (PID=8914) to work on /home/airflow/.local/lib/python3.12/site-packages/airflow/example_dags/example_trigger_target_dag.py
[2025-12-15T19:14:02.680+0000] {processor.py:914} INFO - Processing file /home/airflow/.local/lib/python3.12/site-packages/airflow/example_dags/example_trigger_target_dag.py for tasks to queue
[2025-12-15T19:14:02.682+0000] {logging_mixin.py:190} INFO - [2025-12-15T19:14:02.681+0000] {dagbag.py:588} INFO - Filling up the DagBag from /home/airflow/.local/lib/python3.12/site-packages/airflow/example_dags/example_trigger_target_dag.py
[2025-12-15T19:14:02.696+0000] {processor.py:925} INFO - DAG(s) 'example_trigger_target_dag' retrieved from /home/airflow/.local/lib/python3.12/site-packages/airflow/example_dags/example_trigger_target_dag.py
[2025-12-15T19:14:02.732+0000] {logging_mixin.py:190} INFO - [2025-12-15T19:14:02.731+0000] {dag.py:3239} INFO - Sync 1 DAGs
[2025-12-15T19:14:02.759+0000] {logging_mixin.py:190} INFO - [2025-12-15T19:14:02.759+0000] {dag.py:4180} INFO - Setting next_dagrun for example_trigger_target_dag to None, run_after=None
[2025-12-15T19:14:02.826+0000] {processor.py:208} INFO - Processing /home/airflow/.local/lib/python3.12/site-packages/airflow/example_dags/example_trigger_target_dag.py took 0.158 seconds
[2025-12-15T19:14:33.411+0000] {processor.py:186} INFO - Started process (PID=9205) to work on /home/airflow/.local/lib/python3.12/site-packages/airflow/example_dags/example_trigger_target_dag.py
[2025-12-15T19:14:33.414+0000] {processor.py:914} INFO - Processing file /home/airflow/.local/lib/python3.12/site-packages/airflow/example_dags/example_trigger_target_dag.py for tasks to queue
[2025-12-15T19:14:33.417+0000] {logging_mixin.py:190} INFO - [2025-12-15T19:14:33.416+0000] {dagbag.py:588} INFO - Filling up the DagBag from /home/airflow/.local/lib/python3.12/site-packages/airflow/example_dags/example_trigger_target_dag.py
[2025-12-15T19:14:33.435+0000] {processor.py:925} INFO - DAG(s) 'example_trigger_target_dag' retrieved from /home/airflow/.local/lib/python3.12/site-packages/airflow/example_dags/example_trigger_target_dag.py
[2025-12-15T19:14:33.476+0000] {logging_mixin.py:190} INFO - [2025-12-15T19:14:33.475+0000] {dag.py:3239} INFO - Sync 1 DAGs
[2025-12-15T19:14:33.506+0000] {logging_mixin.py:190} INFO - [2025-12-15T19:14:33.506+0000] {dag.py:4180} INFO - Setting next_dagrun for example_trigger_target_dag to None, run_after=None
[2025-12-15T19:14:33.540+0000] {processor.py:208} INFO - Processing /home/airflow/.local/lib/python3.12/site-packages/airflow/example_dags/example_trigger_target_dag.py took 0.146 seconds
[2025-12-15T19:15:07.790+0000] {processor.py:186} INFO - Started process (PID=9501) to work on /home/airflow/.local/lib/python3.12/site-packages/airflow/example_dags/example_trigger_target_dag.py
[2025-12-15T19:15:07.793+0000] {processor.py:914} INFO - Processing file /home/airflow/.local/lib/python3.12/site-packages/airflow/example_dags/example_trigger_target_dag.py for tasks to queue
[2025-12-15T19:15:07.796+0000] {logging_mixin.py:190} INFO - [2025-12-15T19:15:07.795+0000] {dagbag.py:588} INFO - Filling up the DagBag from /home/airflow/.local/lib/python3.12/site-packages/airflow/example_dags/example_trigger_target_dag.py
[2025-12-15T19:15:07.858+0000] {processor.py:925} INFO - DAG(s) 'example_trigger_target_dag' retrieved from /home/airflow/.local/lib/python3.12/site-packages/airflow/example_dags/example_trigger_target_dag.py
[2025-12-15T19:15:07.974+0000] {logging_mixin.py:190} INFO - [2025-12-15T19:15:07.973+0000] {dag.py:3239} INFO - Sync 1 DAGs
[2025-12-15T19:15:08.128+0000] {logging_mixin.py:190} INFO - [2025-12-15T19:15:08.120+0000] {dag.py:4180} INFO - Setting next_dagrun for example_trigger_target_dag to None, run_after=None
[2025-12-15T19:15:08.291+0000] {processor.py:208} INFO - Processing /home/airflow/.local/lib/python3.12/site-packages/airflow/example_dags/example_trigger_target_dag.py took 0.557 seconds
[2025-12-15T19:15:39.968+0000] {processor.py:186} INFO - Started process (PID=9792) to work on /home/airflow/.local/lib/python3.12/site-packages/airflow/example_dags/example_trigger_target_dag.py
[2025-12-15T19:15:40.004+0000] {processor.py:914} INFO - Processing file /home/airflow/.local/lib/python3.12/site-packages/airflow/example_dags/example_trigger_target_dag.py for tasks to queue
[2025-12-15T19:15:40.007+0000] {logging_mixin.py:190} INFO - [2025-12-15T19:15:40.006+0000] {dagbag.py:588} INFO - Filling up the DagBag from /home/airflow/.local/lib/python3.12/site-packages/airflow/example_dags/example_trigger_target_dag.py
[2025-12-15T19:15:40.025+0000] {processor.py:925} INFO - DAG(s) 'example_trigger_target_dag' retrieved from /home/airflow/.local/lib/python3.12/site-packages/airflow/example_dags/example_trigger_target_dag.py
[2025-12-15T19:15:40.063+0000] {logging_mixin.py:190} INFO - [2025-12-15T19:15:40.062+0000] {dag.py:3239} INFO - Sync 1 DAGs
[2025-12-15T19:15:40.092+0000] {logging_mixin.py:190} INFO - [2025-12-15T19:15:40.092+0000] {dag.py:4180} INFO - Setting next_dagrun for example_trigger_target_dag to None, run_after=None
[2025-12-15T19:15:40.151+0000] {processor.py:208} INFO - Processing /home/airflow/.local/lib/python3.12/site-packages/airflow/example_dags/example_trigger_target_dag.py took 0.193 seconds
[2025-12-15T19:16:12.506+0000] {processor.py:186} INFO - Started process (PID=10090) to work on /home/airflow/.local/lib/python3.12/site-packages/airflow/example_dags/example_trigger_target_dag.py
[2025-12-15T19:16:12.508+0000] {processor.py:914} INFO - Processing file /home/airflow/.local/lib/python3.12/site-packages/airflow/example_dags/example_trigger_target_dag.py for tasks to queue
[2025-12-15T19:16:12.510+0000] {logging_mixin.py:190} INFO - [2025-12-15T19:16:12.510+0000] {dagbag.py:588} INFO - Filling up the DagBag from /home/airflow/.local/lib/python3.12/site-packages/airflow/example_dags/example_trigger_target_dag.py
[2025-12-15T19:16:12.527+0000] {processor.py:925} INFO - DAG(s) 'example_trigger_target_dag' retrieved from /home/airflow/.local/lib/python3.12/site-packages/airflow/example_dags/example_trigger_target_dag.py
[2025-12-15T19:16:12.563+0000] {logging_mixin.py:190} INFO - [2025-12-15T19:16:12.562+0000] {dag.py:3239} INFO - Sync 1 DAGs
[2025-12-15T19:16:12.594+0000] {logging_mixin.py:190} INFO - [2025-12-15T19:16:12.594+0000] {dag.py:4180} INFO - Setting next_dagrun for example_trigger_target_dag to None, run_after=None
[2025-12-15T19:16:12.658+0000] {processor.py:208} INFO - Processing /home/airflow/.local/lib/python3.12/site-packages/airflow/example_dags/example_trigger_target_dag.py took 0.165 seconds
[2025-12-15T19:16:48.600+0000] {processor.py:186} INFO - Started process (PID=10431) to work on /home/airflow/.local/lib/python3.12/site-packages/airflow/example_dags/example_trigger_target_dag.py
[2025-12-15T19:16:48.604+0000] {processor.py:914} INFO - Processing file /home/airflow/.local/lib/python3.12/site-packages/airflow/example_dags/example_trigger_target_dag.py for tasks to queue
[2025-12-15T19:16:48.608+0000] {logging_mixin.py:190} INFO - [2025-12-15T19:16:48.607+0000] {dagbag.py:588} INFO - Filling up the DagBag from /home/airflow/.local/lib/python3.12/site-packages/airflow/example_dags/example_trigger_target_dag.py
[2025-12-15T19:16:48.687+0000] {processor.py:925} INFO - DAG(s) 'example_trigger_target_dag' retrieved from /home/airflow/.local/lib/python3.12/site-packages/airflow/example_dags/example_trigger_target_dag.py
[2025-12-15T19:16:48.819+0000] {logging_mixin.py:190} INFO - [2025-12-15T19:16:48.818+0000] {dag.py:3239} INFO - Sync 1 DAGs
[2025-12-15T19:16:48.989+0000] {logging_mixin.py:190} INFO - [2025-12-15T19:16:48.988+0000] {dag.py:4180} INFO - Setting next_dagrun for example_trigger_target_dag to None, run_after=None
[2025-12-15T19:16:49.149+0000] {processor.py:208} INFO - Processing /home/airflow/.local/lib/python3.12/site-packages/airflow/example_dags/example_trigger_target_dag.py took 0.596 seconds
[2025-12-15T19:17:29.813+0000] {processor.py:186} INFO - Started process (PID=10775) to work on /home/airflow/.local/lib/python3.12/site-packages/airflow/example_dags/example_trigger_target_dag.py
[2025-12-15T19:17:29.837+0000] {processor.py:914} INFO - Processing file /home/airflow/.local/lib/python3.12/site-packages/airflow/example_dags/example_trigger_target_dag.py for tasks to queue
[2025-12-15T19:17:29.842+0000] {logging_mixin.py:190} INFO - [2025-12-15T19:17:29.841+0000] {dagbag.py:588} INFO - Filling up the DagBag from /home/airflow/.local/lib/python3.12/site-packages/airflow/example_dags/example_trigger_target_dag.py
[2025-12-15T19:17:29.885+0000] {processor.py:925} INFO - DAG(s) 'example_trigger_target_dag' retrieved from /home/airflow/.local/lib/python3.12/site-packages/airflow/example_dags/example_trigger_target_dag.py
[2025-12-15T19:17:29.989+0000] {logging_mixin.py:190} INFO - [2025-12-15T19:17:29.988+0000] {dag.py:3239} INFO - Sync 1 DAGs
[2025-12-15T19:17:30.065+0000] {logging_mixin.py:190} INFO - [2025-12-15T19:17:30.065+0000] {dag.py:4180} INFO - Setting next_dagrun for example_trigger_target_dag to None, run_after=None
[2025-12-15T19:17:30.133+0000] {processor.py:208} INFO - Processing /home/airflow/.local/lib/python3.12/site-packages/airflow/example_dags/example_trigger_target_dag.py took 0.357 seconds
[2025-12-15T19:18:00.736+0000] {processor.py:186} INFO - Started process (PID=11065) to work on /home/airflow/.local/lib/python3.12/site-packages/airflow/example_dags/example_trigger_target_dag.py
[2025-12-15T19:18:00.746+0000] {processor.py:914} INFO - Processing file /home/airflow/.local/lib/python3.12/site-packages/airflow/example_dags/example_trigger_target_dag.py for tasks to queue
[2025-12-15T19:18:00.751+0000] {logging_mixin.py:190} INFO - [2025-12-15T19:18:00.749+0000] {dagbag.py:588} INFO - Filling up the DagBag from /home/airflow/.local/lib/python3.12/site-packages/airflow/example_dags/example_trigger_target_dag.py
[2025-12-15T19:18:00.796+0000] {processor.py:925} INFO - DAG(s) 'example_trigger_target_dag' retrieved from /home/airflow/.local/lib/python3.12/site-packages/airflow/example_dags/example_trigger_target_dag.py
[2025-12-15T19:18:00.870+0000] {logging_mixin.py:190} INFO - [2025-12-15T19:18:00.870+0000] {dag.py:3239} INFO - Sync 1 DAGs
[2025-12-15T19:18:00.936+0000] {logging_mixin.py:190} INFO - [2025-12-15T19:18:00.935+0000] {dag.py:4180} INFO - Setting next_dagrun for example_trigger_target_dag to None, run_after=None
[2025-12-15T19:18:01.029+0000] {processor.py:208} INFO - Processing /home/airflow/.local/lib/python3.12/site-packages/airflow/example_dags/example_trigger_target_dag.py took 0.330 seconds
[2025-12-15T19:18:33.223+0000] {processor.py:186} INFO - Started process (PID=11359) to work on /home/airflow/.local/lib/python3.12/site-packages/airflow/example_dags/example_trigger_target_dag.py
[2025-12-15T19:18:33.224+0000] {processor.py:914} INFO - Processing file /home/airflow/.local/lib/python3.12/site-packages/airflow/example_dags/example_trigger_target_dag.py for tasks to queue
[2025-12-15T19:18:33.226+0000] {logging_mixin.py:190} INFO - [2025-12-15T19:18:33.226+0000] {dagbag.py:588} INFO - Filling up the DagBag from /home/airflow/.local/lib/python3.12/site-packages/airflow/example_dags/example_trigger_target_dag.py
[2025-12-15T19:18:33.241+0000] {processor.py:925} INFO - DAG(s) 'example_trigger_target_dag' retrieved from /home/airflow/.local/lib/python3.12/site-packages/airflow/example_dags/example_trigger_target_dag.py
[2025-12-15T19:18:33.287+0000] {logging_mixin.py:190} INFO - [2025-12-15T19:18:33.286+0000] {dag.py:3239} INFO - Sync 1 DAGs
[2025-12-15T19:18:33.320+0000] {logging_mixin.py:190} INFO - [2025-12-15T19:18:33.319+0000] {dag.py:4180} INFO - Setting next_dagrun for example_trigger_target_dag to None, run_after=None
[2025-12-15T19:18:33.352+0000] {processor.py:208} INFO - Processing /home/airflow/.local/lib/python3.12/site-packages/airflow/example_dags/example_trigger_target_dag.py took 0.142 seconds
[2025-12-15T19:19:07.288+0000] {processor.py:186} INFO - Started process (PID=11660) to work on /home/airflow/.local/lib/python3.12/site-packages/airflow/example_dags/example_trigger_target_dag.py
[2025-12-15T19:19:07.291+0000] {processor.py:914} INFO - Processing file /home/airflow/.local/lib/python3.12/site-packages/airflow/example_dags/example_trigger_target_dag.py for tasks to queue
[2025-12-15T19:19:07.301+0000] {logging_mixin.py:190} INFO - [2025-12-15T19:19:07.300+0000] {dagbag.py:588} INFO - Filling up the DagBag from /home/airflow/.local/lib/python3.12/site-packages/airflow/example_dags/example_trigger_target_dag.py
[2025-12-15T19:19:07.327+0000] {processor.py:925} INFO - DAG(s) 'example_trigger_target_dag' retrieved from /home/airflow/.local/lib/python3.12/site-packages/airflow/example_dags/example_trigger_target_dag.py
[2025-12-15T19:19:07.410+0000] {logging_mixin.py:190} INFO - [2025-12-15T19:19:07.409+0000] {dag.py:3239} INFO - Sync 1 DAGs
[2025-12-15T19:19:07.463+0000] {logging_mixin.py:190} INFO - [2025-12-15T19:19:07.462+0000] {dag.py:4180} INFO - Setting next_dagrun for example_trigger_target_dag to None, run_after=None
[2025-12-15T19:19:07.542+0000] {processor.py:208} INFO - Processing /home/airflow/.local/lib/python3.12/site-packages/airflow/example_dags/example_trigger_target_dag.py took 0.277 seconds
