[2025-12-15T18:56:24.318+0000] {processor.py:186} INFO - Started process (PID=400) to work on /home/airflow/.local/lib/python3.12/site-packages/airflow/example_dags/example_sla_dag.py
[2025-12-15T18:56:24.320+0000] {processor.py:914} INFO - Processing file /home/airflow/.local/lib/python3.12/site-packages/airflow/example_dags/example_sla_dag.py for tasks to queue
[2025-12-15T18:56:24.328+0000] {logging_mixin.py:190} INFO - [2025-12-15T18:56:24.327+0000] {dagbag.py:588} INFO - Filling up the DagBag from /home/airflow/.local/lib/python3.12/site-packages/airflow/example_dags/example_sla_dag.py
[2025-12-15T18:56:24.375+0000] {processor.py:925} INFO - DAG(s) 'example_sla_dag' retrieved from /home/airflow/.local/lib/python3.12/site-packages/airflow/example_dags/example_sla_dag.py
[2025-12-15T18:56:25.083+0000] {logging_mixin.py:190} INFO - [2025-12-15T18:56:25.081+0000] {override.py:1911} INFO - Created Permission View: can read on DAG:example_sla_dag
[2025-12-15T18:56:25.179+0000] {logging_mixin.py:190} INFO - [2025-12-15T18:56:25.178+0000] {override.py:1911} INFO - Created Permission View: can edit on DAG:example_sla_dag
[2025-12-15T18:56:25.229+0000] {logging_mixin.py:190} INFO - [2025-12-15T18:56:25.228+0000] {override.py:1911} INFO - Created Permission View: can delete on DAG:example_sla_dag
[2025-12-15T18:56:25.299+0000] {logging_mixin.py:190} INFO - [2025-12-15T18:56:25.298+0000] {override.py:1911} INFO - Created Permission View: can read on DAG Run:example_sla_dag
[2025-12-15T18:56:25.348+0000] {logging_mixin.py:190} INFO - [2025-12-15T18:56:25.348+0000] {override.py:1911} INFO - Created Permission View: menu access on DAG Run:example_sla_dag
[2025-12-15T18:56:25.448+0000] {logging_mixin.py:190} INFO - [2025-12-15T18:56:25.447+0000] {override.py:1911} INFO - Created Permission View: can create on DAG Run:example_sla_dag
[2025-12-15T18:56:25.490+0000] {logging_mixin.py:190} INFO - [2025-12-15T18:56:25.490+0000] {override.py:1911} INFO - Created Permission View: can delete on DAG Run:example_sla_dag
[2025-12-15T18:56:25.492+0000] {logging_mixin.py:190} INFO - [2025-12-15T18:56:25.491+0000] {dag.py:3239} INFO - Sync 1 DAGs
[2025-12-15T18:56:25.588+0000] {logging_mixin.py:190} INFO - [2025-12-15T18:56:25.587+0000] {dag.py:3262} INFO - Creating ORM DAG for example_sla_dag
[2025-12-15T18:56:25.761+0000] {logging_mixin.py:190} INFO - [2025-12-15T18:56:25.761+0000] {dag.py:4180} INFO - Setting next_dagrun for example_sla_dag to 2025-12-15 18:54:00+00:00, run_after=2025-12-15 18:56:00+00:00
[2025-12-15T18:56:25.886+0000] {processor.py:208} INFO - Processing /home/airflow/.local/lib/python3.12/site-packages/airflow/example_dags/example_sla_dag.py took 1.587 seconds
[2025-12-15T18:56:58.168+0000] {processor.py:186} INFO - Started process (PID=700) to work on /home/airflow/.local/lib/python3.12/site-packages/airflow/example_dags/example_sla_dag.py
[2025-12-15T18:56:58.171+0000] {processor.py:914} INFO - Processing file /home/airflow/.local/lib/python3.12/site-packages/airflow/example_dags/example_sla_dag.py for tasks to queue
[2025-12-15T18:56:58.183+0000] {logging_mixin.py:190} INFO - [2025-12-15T18:56:58.182+0000] {dagbag.py:588} INFO - Filling up the DagBag from /home/airflow/.local/lib/python3.12/site-packages/airflow/example_dags/example_sla_dag.py
[2025-12-15T18:56:58.224+0000] {processor.py:925} INFO - DAG(s) 'example_sla_dag' retrieved from /home/airflow/.local/lib/python3.12/site-packages/airflow/example_dags/example_sla_dag.py
[2025-12-15T18:56:58.320+0000] {logging_mixin.py:190} INFO - [2025-12-15T18:56:58.311+0000] {dag.py:3239} INFO - Sync 1 DAGs
[2025-12-15T18:56:58.459+0000] {logging_mixin.py:190} INFO - [2025-12-15T18:56:58.458+0000] {dag.py:4180} INFO - Setting next_dagrun for example_sla_dag to 2025-12-15 18:54:00+00:00, run_after=2025-12-15 18:56:00+00:00
[2025-12-15T18:56:58.548+0000] {processor.py:208} INFO - Processing /home/airflow/.local/lib/python3.12/site-packages/airflow/example_dags/example_sla_dag.py took 0.403 seconds
[2025-12-15T18:57:34.179+0000] {processor.py:186} INFO - Started process (PID=996) to work on /home/airflow/.local/lib/python3.12/site-packages/airflow/example_dags/example_sla_dag.py
[2025-12-15T18:57:34.181+0000] {processor.py:914} INFO - Processing file /home/airflow/.local/lib/python3.12/site-packages/airflow/example_dags/example_sla_dag.py for tasks to queue
[2025-12-15T18:57:34.185+0000] {logging_mixin.py:190} INFO - [2025-12-15T18:57:34.185+0000] {dagbag.py:588} INFO - Filling up the DagBag from /home/airflow/.local/lib/python3.12/site-packages/airflow/example_dags/example_sla_dag.py
[2025-12-15T18:57:34.207+0000] {processor.py:925} INFO - DAG(s) 'example_sla_dag' retrieved from /home/airflow/.local/lib/python3.12/site-packages/airflow/example_dags/example_sla_dag.py
[2025-12-15T18:57:34.252+0000] {logging_mixin.py:190} INFO - [2025-12-15T18:57:34.251+0000] {dag.py:3239} INFO - Sync 1 DAGs
[2025-12-15T18:57:34.299+0000] {logging_mixin.py:190} INFO - [2025-12-15T18:57:34.298+0000] {dag.py:4180} INFO - Setting next_dagrun for example_sla_dag to 2025-12-15 18:54:00+00:00, run_after=2025-12-15 18:56:00+00:00
[2025-12-15T18:57:34.346+0000] {processor.py:208} INFO - Processing /home/airflow/.local/lib/python3.12/site-packages/airflow/example_dags/example_sla_dag.py took 0.180 seconds
[2025-12-15T18:58:15.282+0000] {processor.py:186} INFO - Started process (PID=1296) to work on /home/airflow/.local/lib/python3.12/site-packages/airflow/example_dags/example_sla_dag.py
[2025-12-15T18:58:15.293+0000] {processor.py:914} INFO - Processing file /home/airflow/.local/lib/python3.12/site-packages/airflow/example_dags/example_sla_dag.py for tasks to queue
[2025-12-15T18:58:15.308+0000] {logging_mixin.py:190} INFO - [2025-12-15T18:58:15.299+0000] {dagbag.py:588} INFO - Filling up the DagBag from /home/airflow/.local/lib/python3.12/site-packages/airflow/example_dags/example_sla_dag.py
[2025-12-15T18:58:15.392+0000] {processor.py:925} INFO - DAG(s) 'example_sla_dag' retrieved from /home/airflow/.local/lib/python3.12/site-packages/airflow/example_dags/example_sla_dag.py
[2025-12-15T18:58:16.121+0000] {logging_mixin.py:190} INFO - [2025-12-15T18:58:16.121+0000] {dag.py:3239} INFO - Sync 1 DAGs
[2025-12-15T18:58:16.465+0000] {logging_mixin.py:190} INFO - [2025-12-15T18:58:16.464+0000] {dag.py:4180} INFO - Setting next_dagrun for example_sla_dag to 2025-12-15 18:56:00+00:00, run_after=2025-12-15 18:58:00+00:00
[2025-12-15T18:58:16.555+0000] {processor.py:208} INFO - Processing /home/airflow/.local/lib/python3.12/site-packages/airflow/example_dags/example_sla_dag.py took 1.323 seconds
[2025-12-15T18:58:47.237+0000] {processor.py:186} INFO - Started process (PID=1584) to work on /home/airflow/.local/lib/python3.12/site-packages/airflow/example_dags/example_sla_dag.py
[2025-12-15T18:58:47.239+0000] {processor.py:914} INFO - Processing file /home/airflow/.local/lib/python3.12/site-packages/airflow/example_dags/example_sla_dag.py for tasks to queue
[2025-12-15T18:58:47.242+0000] {logging_mixin.py:190} INFO - [2025-12-15T18:58:47.241+0000] {dagbag.py:588} INFO - Filling up the DagBag from /home/airflow/.local/lib/python3.12/site-packages/airflow/example_dags/example_sla_dag.py
[2025-12-15T18:58:47.257+0000] {processor.py:925} INFO - DAG(s) 'example_sla_dag' retrieved from /home/airflow/.local/lib/python3.12/site-packages/airflow/example_dags/example_sla_dag.py
[2025-12-15T18:58:47.287+0000] {logging_mixin.py:190} INFO - [2025-12-15T18:58:47.286+0000] {dag.py:3239} INFO - Sync 1 DAGs
[2025-12-15T18:58:47.321+0000] {logging_mixin.py:190} INFO - [2025-12-15T18:58:47.321+0000] {dag.py:4180} INFO - Setting next_dagrun for example_sla_dag to 2025-12-15 18:56:00+00:00, run_after=2025-12-15 18:58:00+00:00
[2025-12-15T18:58:47.355+0000] {processor.py:208} INFO - Processing /home/airflow/.local/lib/python3.12/site-packages/airflow/example_dags/example_sla_dag.py took 0.128 seconds
[2025-12-15T18:59:51.245+0000] {processor.py:186} INFO - Started process (PID=1992) to work on /home/airflow/.local/lib/python3.12/site-packages/airflow/example_dags/example_sla_dag.py
[2025-12-15T18:59:51.266+0000] {processor.py:914} INFO - Processing file /home/airflow/.local/lib/python3.12/site-packages/airflow/example_dags/example_sla_dag.py for tasks to queue
[2025-12-15T18:59:51.296+0000] {logging_mixin.py:190} INFO - [2025-12-15T18:59:51.295+0000] {dagbag.py:588} INFO - Filling up the DagBag from /home/airflow/.local/lib/python3.12/site-packages/airflow/example_dags/example_sla_dag.py
[2025-12-15T18:59:51.386+0000] {processor.py:925} INFO - DAG(s) 'example_sla_dag' retrieved from /home/airflow/.local/lib/python3.12/site-packages/airflow/example_dags/example_sla_dag.py
[2025-12-15T18:59:52.029+0000] {logging_mixin.py:190} INFO - [2025-12-15T18:59:52.029+0000] {dag.py:3239} INFO - Sync 1 DAGs
[2025-12-15T18:59:52.237+0000] {logging_mixin.py:190} INFO - [2025-12-15T18:59:52.237+0000] {dag.py:4180} INFO - Setting next_dagrun for example_sla_dag to 2025-12-15 18:56:00+00:00, run_after=2025-12-15 18:58:00+00:00
[2025-12-15T18:59:53.946+0000] {processor.py:208} INFO - Processing /home/airflow/.local/lib/python3.12/site-packages/airflow/example_dags/example_sla_dag.py took 2.762 seconds
[2025-12-15T19:01:54.746+0000] {processor.py:186} INFO - Started process (PID=2315) to work on /home/airflow/.local/lib/python3.12/site-packages/airflow/example_dags/example_sla_dag.py
[2025-12-15T19:01:54.753+0000] {processor.py:914} INFO - Processing file /home/airflow/.local/lib/python3.12/site-packages/airflow/example_dags/example_sla_dag.py for tasks to queue
[2025-12-15T19:01:54.759+0000] {logging_mixin.py:190} INFO - [2025-12-15T19:01:54.758+0000] {dagbag.py:588} INFO - Filling up the DagBag from /home/airflow/.local/lib/python3.12/site-packages/airflow/example_dags/example_sla_dag.py
[2025-12-15T19:01:54.791+0000] {processor.py:925} INFO - DAG(s) 'example_sla_dag' retrieved from /home/airflow/.local/lib/python3.12/site-packages/airflow/example_dags/example_sla_dag.py
[2025-12-15T19:01:54.861+0000] {logging_mixin.py:190} INFO - [2025-12-15T19:01:54.861+0000] {dag.py:3239} INFO - Sync 1 DAGs
[2025-12-15T19:01:54.954+0000] {logging_mixin.py:190} INFO - [2025-12-15T19:01:54.950+0000] {dag.py:4180} INFO - Setting next_dagrun for example_sla_dag to 2025-12-15 18:58:00+00:00, run_after=2025-12-15 19:00:00+00:00
[2025-12-15T19:01:55.009+0000] {processor.py:208} INFO - Processing /home/airflow/.local/lib/python3.12/site-packages/airflow/example_dags/example_sla_dag.py took 0.277 seconds
[2025-12-15T19:02:25.327+0000] {processor.py:186} INFO - Started process (PID=2605) to work on /home/airflow/.local/lib/python3.12/site-packages/airflow/example_dags/example_sla_dag.py
[2025-12-15T19:02:25.330+0000] {processor.py:914} INFO - Processing file /home/airflow/.local/lib/python3.12/site-packages/airflow/example_dags/example_sla_dag.py for tasks to queue
[2025-12-15T19:02:25.336+0000] {logging_mixin.py:190} INFO - [2025-12-15T19:02:25.335+0000] {dagbag.py:588} INFO - Filling up the DagBag from /home/airflow/.local/lib/python3.12/site-packages/airflow/example_dags/example_sla_dag.py
[2025-12-15T19:02:25.360+0000] {processor.py:925} INFO - DAG(s) 'example_sla_dag' retrieved from /home/airflow/.local/lib/python3.12/site-packages/airflow/example_dags/example_sla_dag.py
[2025-12-15T19:02:25.412+0000] {logging_mixin.py:190} INFO - [2025-12-15T19:02:25.412+0000] {dag.py:3239} INFO - Sync 1 DAGs
[2025-12-15T19:02:25.469+0000] {logging_mixin.py:190} INFO - [2025-12-15T19:02:25.468+0000] {dag.py:4180} INFO - Setting next_dagrun for example_sla_dag to 2025-12-15 19:00:00+00:00, run_after=2025-12-15 19:02:00+00:00
[2025-12-15T19:02:25.509+0000] {processor.py:208} INFO - Processing /home/airflow/.local/lib/python3.12/site-packages/airflow/example_dags/example_sla_dag.py took 0.196 seconds
[2025-12-15T19:02:56.398+0000] {processor.py:186} INFO - Started process (PID=2893) to work on /home/airflow/.local/lib/python3.12/site-packages/airflow/example_dags/example_sla_dag.py
[2025-12-15T19:02:56.407+0000] {processor.py:914} INFO - Processing file /home/airflow/.local/lib/python3.12/site-packages/airflow/example_dags/example_sla_dag.py for tasks to queue
[2025-12-15T19:02:56.412+0000] {logging_mixin.py:190} INFO - [2025-12-15T19:02:56.411+0000] {dagbag.py:588} INFO - Filling up the DagBag from /home/airflow/.local/lib/python3.12/site-packages/airflow/example_dags/example_sla_dag.py
[2025-12-15T19:02:56.447+0000] {processor.py:925} INFO - DAG(s) 'example_sla_dag' retrieved from /home/airflow/.local/lib/python3.12/site-packages/airflow/example_dags/example_sla_dag.py
[2025-12-15T19:02:56.498+0000] {logging_mixin.py:190} INFO - [2025-12-15T19:02:56.498+0000] {dag.py:3239} INFO - Sync 1 DAGs
[2025-12-15T19:02:56.563+0000] {logging_mixin.py:190} INFO - [2025-12-15T19:02:56.563+0000] {dag.py:4180} INFO - Setting next_dagrun for example_sla_dag to 2025-12-15 19:00:00+00:00, run_after=2025-12-15 19:02:00+00:00
[2025-12-15T19:02:56.617+0000] {processor.py:208} INFO - Processing /home/airflow/.local/lib/python3.12/site-packages/airflow/example_dags/example_sla_dag.py took 0.236 seconds
[2025-12-15T19:03:30.847+0000] {processor.py:186} INFO - Started process (PID=3188) to work on /home/airflow/.local/lib/python3.12/site-packages/airflow/example_dags/example_sla_dag.py
[2025-12-15T19:03:30.849+0000] {processor.py:914} INFO - Processing file /home/airflow/.local/lib/python3.12/site-packages/airflow/example_dags/example_sla_dag.py for tasks to queue
[2025-12-15T19:03:30.853+0000] {logging_mixin.py:190} INFO - [2025-12-15T19:03:30.852+0000] {dagbag.py:588} INFO - Filling up the DagBag from /home/airflow/.local/lib/python3.12/site-packages/airflow/example_dags/example_sla_dag.py
[2025-12-15T19:03:30.872+0000] {processor.py:925} INFO - DAG(s) 'example_sla_dag' retrieved from /home/airflow/.local/lib/python3.12/site-packages/airflow/example_dags/example_sla_dag.py
[2025-12-15T19:03:30.904+0000] {logging_mixin.py:190} INFO - [2025-12-15T19:03:30.904+0000] {dag.py:3239} INFO - Sync 1 DAGs
[2025-12-15T19:03:30.965+0000] {logging_mixin.py:190} INFO - [2025-12-15T19:03:30.964+0000] {dag.py:4180} INFO - Setting next_dagrun for example_sla_dag to 2025-12-15 19:00:00+00:00, run_after=2025-12-15 19:02:00+00:00
[2025-12-15T19:03:31.004+0000] {processor.py:208} INFO - Processing /home/airflow/.local/lib/python3.12/site-packages/airflow/example_dags/example_sla_dag.py took 0.168 seconds
[2025-12-15T19:04:08.190+0000] {processor.py:186} INFO - Started process (PID=3494) to work on /home/airflow/.local/lib/python3.12/site-packages/airflow/example_dags/example_sla_dag.py
[2025-12-15T19:04:08.192+0000] {processor.py:914} INFO - Processing file /home/airflow/.local/lib/python3.12/site-packages/airflow/example_dags/example_sla_dag.py for tasks to queue
[2025-12-15T19:04:08.198+0000] {logging_mixin.py:190} INFO - [2025-12-15T19:04:08.197+0000] {dagbag.py:588} INFO - Filling up the DagBag from /home/airflow/.local/lib/python3.12/site-packages/airflow/example_dags/example_sla_dag.py
[2025-12-15T19:04:08.224+0000] {processor.py:925} INFO - DAG(s) 'example_sla_dag' retrieved from /home/airflow/.local/lib/python3.12/site-packages/airflow/example_dags/example_sla_dag.py
[2025-12-15T19:04:08.278+0000] {logging_mixin.py:190} INFO - [2025-12-15T19:04:08.277+0000] {dag.py:3239} INFO - Sync 1 DAGs
[2025-12-15T19:04:08.352+0000] {logging_mixin.py:190} INFO - [2025-12-15T19:04:08.351+0000] {dag.py:4180} INFO - Setting next_dagrun for example_sla_dag to 2025-12-15 19:02:00+00:00, run_after=2025-12-15 19:04:00+00:00
[2025-12-15T19:04:08.393+0000] {processor.py:208} INFO - Processing /home/airflow/.local/lib/python3.12/site-packages/airflow/example_dags/example_sla_dag.py took 0.219 seconds
[2025-12-15T19:04:43.575+0000] {processor.py:186} INFO - Started process (PID=3870) to work on /home/airflow/.local/lib/python3.12/site-packages/airflow/example_dags/example_sla_dag.py
[2025-12-15T19:04:43.577+0000] {processor.py:914} INFO - Processing file /home/airflow/.local/lib/python3.12/site-packages/airflow/example_dags/example_sla_dag.py for tasks to queue
[2025-12-15T19:04:43.582+0000] {logging_mixin.py:190} INFO - [2025-12-15T19:04:43.581+0000] {dagbag.py:588} INFO - Filling up the DagBag from /home/airflow/.local/lib/python3.12/site-packages/airflow/example_dags/example_sla_dag.py
[2025-12-15T19:04:43.602+0000] {processor.py:925} INFO - DAG(s) 'example_sla_dag' retrieved from /home/airflow/.local/lib/python3.12/site-packages/airflow/example_dags/example_sla_dag.py
[2025-12-15T19:04:43.639+0000] {logging_mixin.py:190} INFO - [2025-12-15T19:04:43.638+0000] {dag.py:3239} INFO - Sync 1 DAGs
[2025-12-15T19:04:43.694+0000] {logging_mixin.py:190} INFO - [2025-12-15T19:04:43.693+0000] {dag.py:4180} INFO - Setting next_dagrun for example_sla_dag to 2025-12-15 19:02:00+00:00, run_after=2025-12-15 19:04:00+00:00
[2025-12-15T19:04:43.743+0000] {processor.py:208} INFO - Processing /home/airflow/.local/lib/python3.12/site-packages/airflow/example_dags/example_sla_dag.py took 0.180 seconds
[2025-12-15T19:05:16.217+0000] {processor.py:186} INFO - Started process (PID=4166) to work on /home/airflow/.local/lib/python3.12/site-packages/airflow/example_dags/example_sla_dag.py
[2025-12-15T19:05:16.219+0000] {processor.py:914} INFO - Processing file /home/airflow/.local/lib/python3.12/site-packages/airflow/example_dags/example_sla_dag.py for tasks to queue
[2025-12-15T19:05:16.223+0000] {logging_mixin.py:190} INFO - [2025-12-15T19:05:16.223+0000] {dagbag.py:588} INFO - Filling up the DagBag from /home/airflow/.local/lib/python3.12/site-packages/airflow/example_dags/example_sla_dag.py
[2025-12-15T19:05:16.240+0000] {processor.py:925} INFO - DAG(s) 'example_sla_dag' retrieved from /home/airflow/.local/lib/python3.12/site-packages/airflow/example_dags/example_sla_dag.py
[2025-12-15T19:05:16.271+0000] {logging_mixin.py:190} INFO - [2025-12-15T19:05:16.271+0000] {dag.py:3239} INFO - Sync 1 DAGs
[2025-12-15T19:05:16.314+0000] {logging_mixin.py:190} INFO - [2025-12-15T19:05:16.313+0000] {dag.py:4180} INFO - Setting next_dagrun for example_sla_dag to 2025-12-15 19:02:00+00:00, run_after=2025-12-15 19:04:00+00:00
[2025-12-15T19:05:16.347+0000] {processor.py:208} INFO - Processing /home/airflow/.local/lib/python3.12/site-packages/airflow/example_dags/example_sla_dag.py took 0.139 seconds
[2025-12-15T19:05:47.718+0000] {processor.py:186} INFO - Started process (PID=4457) to work on /home/airflow/.local/lib/python3.12/site-packages/airflow/example_dags/example_sla_dag.py
[2025-12-15T19:05:47.720+0000] {processor.py:914} INFO - Processing file /home/airflow/.local/lib/python3.12/site-packages/airflow/example_dags/example_sla_dag.py for tasks to queue
[2025-12-15T19:05:47.724+0000] {logging_mixin.py:190} INFO - [2025-12-15T19:05:47.723+0000] {dagbag.py:588} INFO - Filling up the DagBag from /home/airflow/.local/lib/python3.12/site-packages/airflow/example_dags/example_sla_dag.py
[2025-12-15T19:05:47.738+0000] {processor.py:925} INFO - DAG(s) 'example_sla_dag' retrieved from /home/airflow/.local/lib/python3.12/site-packages/airflow/example_dags/example_sla_dag.py
[2025-12-15T19:05:47.764+0000] {logging_mixin.py:190} INFO - [2025-12-15T19:05:47.763+0000] {dag.py:3239} INFO - Sync 1 DAGs
[2025-12-15T19:05:47.798+0000] {logging_mixin.py:190} INFO - [2025-12-15T19:05:47.797+0000] {dag.py:4180} INFO - Setting next_dagrun for example_sla_dag to 2025-12-15 19:02:00+00:00, run_after=2025-12-15 19:04:00+00:00
[2025-12-15T19:05:47.823+0000] {processor.py:208} INFO - Processing /home/airflow/.local/lib/python3.12/site-packages/airflow/example_dags/example_sla_dag.py took 0.113 seconds
[2025-12-15T19:06:20.918+0000] {processor.py:186} INFO - Started process (PID=4743) to work on /home/airflow/.local/lib/python3.12/site-packages/airflow/example_dags/example_sla_dag.py
[2025-12-15T19:06:20.920+0000] {processor.py:914} INFO - Processing file /home/airflow/.local/lib/python3.12/site-packages/airflow/example_dags/example_sla_dag.py for tasks to queue
[2025-12-15T19:06:20.924+0000] {logging_mixin.py:190} INFO - [2025-12-15T19:06:20.924+0000] {dagbag.py:588} INFO - Filling up the DagBag from /home/airflow/.local/lib/python3.12/site-packages/airflow/example_dags/example_sla_dag.py
[2025-12-15T19:06:20.951+0000] {processor.py:925} INFO - DAG(s) 'example_sla_dag' retrieved from /home/airflow/.local/lib/python3.12/site-packages/airflow/example_dags/example_sla_dag.py
[2025-12-15T19:06:20.999+0000] {logging_mixin.py:190} INFO - [2025-12-15T19:06:20.999+0000] {dag.py:3239} INFO - Sync 1 DAGs
[2025-12-15T19:06:21.055+0000] {logging_mixin.py:190} INFO - [2025-12-15T19:06:21.054+0000] {dag.py:4180} INFO - Setting next_dagrun for example_sla_dag to 2025-12-15 19:04:00+00:00, run_after=2025-12-15 19:06:00+00:00
[2025-12-15T19:06:21.094+0000] {processor.py:208} INFO - Processing /home/airflow/.local/lib/python3.12/site-packages/airflow/example_dags/example_sla_dag.py took 0.190 seconds
[2025-12-15T19:06:51.175+0000] {processor.py:186} INFO - Started process (PID=5031) to work on /home/airflow/.local/lib/python3.12/site-packages/airflow/example_dags/example_sla_dag.py
[2025-12-15T19:06:51.179+0000] {processor.py:914} INFO - Processing file /home/airflow/.local/lib/python3.12/site-packages/airflow/example_dags/example_sla_dag.py for tasks to queue
[2025-12-15T19:06:51.184+0000] {logging_mixin.py:190} INFO - [2025-12-15T19:06:51.184+0000] {dagbag.py:588} INFO - Filling up the DagBag from /home/airflow/.local/lib/python3.12/site-packages/airflow/example_dags/example_sla_dag.py
[2025-12-15T19:06:51.205+0000] {processor.py:925} INFO - DAG(s) 'example_sla_dag' retrieved from /home/airflow/.local/lib/python3.12/site-packages/airflow/example_dags/example_sla_dag.py
[2025-12-15T19:06:51.237+0000] {logging_mixin.py:190} INFO - [2025-12-15T19:06:51.236+0000] {dag.py:3239} INFO - Sync 1 DAGs
[2025-12-15T19:06:51.279+0000] {logging_mixin.py:190} INFO - [2025-12-15T19:06:51.279+0000] {dag.py:4180} INFO - Setting next_dagrun for example_sla_dag to 2025-12-15 19:04:00+00:00, run_after=2025-12-15 19:06:00+00:00
[2025-12-15T19:06:51.311+0000] {processor.py:208} INFO - Processing /home/airflow/.local/lib/python3.12/site-packages/airflow/example_dags/example_sla_dag.py took 0.149 seconds
[2025-12-15T19:07:30.662+0000] {processor.py:186} INFO - Started process (PID=5327) to work on /home/airflow/.local/lib/python3.12/site-packages/airflow/example_dags/example_sla_dag.py
[2025-12-15T19:07:30.665+0000] {processor.py:914} INFO - Processing file /home/airflow/.local/lib/python3.12/site-packages/airflow/example_dags/example_sla_dag.py for tasks to queue
[2025-12-15T19:07:30.672+0000] {logging_mixin.py:190} INFO - [2025-12-15T19:07:30.671+0000] {dagbag.py:588} INFO - Filling up the DagBag from /home/airflow/.local/lib/python3.12/site-packages/airflow/example_dags/example_sla_dag.py
[2025-12-15T19:07:30.717+0000] {processor.py:925} INFO - DAG(s) 'example_sla_dag' retrieved from /home/airflow/.local/lib/python3.12/site-packages/airflow/example_dags/example_sla_dag.py
[2025-12-15T19:07:30.792+0000] {logging_mixin.py:190} INFO - [2025-12-15T19:07:30.792+0000] {dag.py:3239} INFO - Sync 1 DAGs
[2025-12-15T19:07:30.874+0000] {logging_mixin.py:190} INFO - [2025-12-15T19:07:30.873+0000] {dag.py:4180} INFO - Setting next_dagrun for example_sla_dag to 2025-12-15 19:04:00+00:00, run_after=2025-12-15 19:06:00+00:00
[2025-12-15T19:07:30.954+0000] {processor.py:208} INFO - Processing /home/airflow/.local/lib/python3.12/site-packages/airflow/example_dags/example_sla_dag.py took 0.313 seconds
[2025-12-15T19:08:01.462+0000] {processor.py:186} INFO - Started process (PID=5616) to work on /home/airflow/.local/lib/python3.12/site-packages/airflow/example_dags/example_sla_dag.py
[2025-12-15T19:08:01.463+0000] {processor.py:914} INFO - Processing file /home/airflow/.local/lib/python3.12/site-packages/airflow/example_dags/example_sla_dag.py for tasks to queue
[2025-12-15T19:08:01.466+0000] {logging_mixin.py:190} INFO - [2025-12-15T19:08:01.466+0000] {dagbag.py:588} INFO - Filling up the DagBag from /home/airflow/.local/lib/python3.12/site-packages/airflow/example_dags/example_sla_dag.py
[2025-12-15T19:08:01.480+0000] {processor.py:925} INFO - DAG(s) 'example_sla_dag' retrieved from /home/airflow/.local/lib/python3.12/site-packages/airflow/example_dags/example_sla_dag.py
[2025-12-15T19:08:01.502+0000] {logging_mixin.py:190} INFO - [2025-12-15T19:08:01.502+0000] {dag.py:3239} INFO - Sync 1 DAGs
[2025-12-15T19:08:01.533+0000] {logging_mixin.py:190} INFO - [2025-12-15T19:08:01.532+0000] {dag.py:4180} INFO - Setting next_dagrun for example_sla_dag to 2025-12-15 19:06:00+00:00, run_after=2025-12-15 19:08:00+00:00
[2025-12-15T19:08:01.555+0000] {processor.py:208} INFO - Processing /home/airflow/.local/lib/python3.12/site-packages/airflow/example_dags/example_sla_dag.py took 0.100 seconds
[2025-12-15T19:08:32.489+0000] {processor.py:186} INFO - Started process (PID=5907) to work on /home/airflow/.local/lib/python3.12/site-packages/airflow/example_dags/example_sla_dag.py
[2025-12-15T19:08:32.504+0000] {processor.py:914} INFO - Processing file /home/airflow/.local/lib/python3.12/site-packages/airflow/example_dags/example_sla_dag.py for tasks to queue
[2025-12-15T19:08:32.516+0000] {logging_mixin.py:190} INFO - [2025-12-15T19:08:32.514+0000] {dagbag.py:588} INFO - Filling up the DagBag from /home/airflow/.local/lib/python3.12/site-packages/airflow/example_dags/example_sla_dag.py
[2025-12-15T19:08:32.572+0000] {processor.py:925} INFO - DAG(s) 'example_sla_dag' retrieved from /home/airflow/.local/lib/python3.12/site-packages/airflow/example_dags/example_sla_dag.py
[2025-12-15T19:08:32.665+0000] {logging_mixin.py:190} INFO - [2025-12-15T19:08:32.665+0000] {dag.py:3239} INFO - Sync 1 DAGs
[2025-12-15T19:08:32.815+0000] {logging_mixin.py:190} INFO - [2025-12-15T19:08:32.814+0000] {dag.py:4180} INFO - Setting next_dagrun for example_sla_dag to 2025-12-15 19:06:00+00:00, run_after=2025-12-15 19:08:00+00:00
[2025-12-15T19:08:32.913+0000] {processor.py:208} INFO - Processing /home/airflow/.local/lib/python3.12/site-packages/airflow/example_dags/example_sla_dag.py took 0.469 seconds
[2025-12-15T19:09:03.387+0000] {processor.py:186} INFO - Started process (PID=6198) to work on /home/airflow/.local/lib/python3.12/site-packages/airflow/example_dags/example_sla_dag.py
[2025-12-15T19:09:03.389+0000] {processor.py:914} INFO - Processing file /home/airflow/.local/lib/python3.12/site-packages/airflow/example_dags/example_sla_dag.py for tasks to queue
[2025-12-15T19:09:03.392+0000] {logging_mixin.py:190} INFO - [2025-12-15T19:09:03.391+0000] {dagbag.py:588} INFO - Filling up the DagBag from /home/airflow/.local/lib/python3.12/site-packages/airflow/example_dags/example_sla_dag.py
[2025-12-15T19:09:03.406+0000] {processor.py:925} INFO - DAG(s) 'example_sla_dag' retrieved from /home/airflow/.local/lib/python3.12/site-packages/airflow/example_dags/example_sla_dag.py
[2025-12-15T19:09:03.435+0000] {logging_mixin.py:190} INFO - [2025-12-15T19:09:03.435+0000] {dag.py:3239} INFO - Sync 1 DAGs
[2025-12-15T19:09:03.470+0000] {logging_mixin.py:190} INFO - [2025-12-15T19:09:03.470+0000] {dag.py:4180} INFO - Setting next_dagrun for example_sla_dag to 2025-12-15 19:06:00+00:00, run_after=2025-12-15 19:08:00+00:00
[2025-12-15T19:09:03.496+0000] {processor.py:208} INFO - Processing /home/airflow/.local/lib/python3.12/site-packages/airflow/example_dags/example_sla_dag.py took 0.117 seconds
[2025-12-15T19:09:35.371+0000] {processor.py:186} INFO - Started process (PID=6489) to work on /home/airflow/.local/lib/python3.12/site-packages/airflow/example_dags/example_sla_dag.py
[2025-12-15T19:09:35.374+0000] {processor.py:914} INFO - Processing file /home/airflow/.local/lib/python3.12/site-packages/airflow/example_dags/example_sla_dag.py for tasks to queue
[2025-12-15T19:09:35.379+0000] {logging_mixin.py:190} INFO - [2025-12-15T19:09:35.378+0000] {dagbag.py:588} INFO - Filling up the DagBag from /home/airflow/.local/lib/python3.12/site-packages/airflow/example_dags/example_sla_dag.py
[2025-12-15T19:09:35.408+0000] {processor.py:925} INFO - DAG(s) 'example_sla_dag' retrieved from /home/airflow/.local/lib/python3.12/site-packages/airflow/example_dags/example_sla_dag.py
[2025-12-15T19:09:35.454+0000] {logging_mixin.py:190} INFO - [2025-12-15T19:09:35.453+0000] {dag.py:3239} INFO - Sync 1 DAGs
[2025-12-15T19:09:35.510+0000] {logging_mixin.py:190} INFO - [2025-12-15T19:09:35.509+0000] {dag.py:4180} INFO - Setting next_dagrun for example_sla_dag to 2025-12-15 19:06:00+00:00, run_after=2025-12-15 19:08:00+00:00
[2025-12-15T19:09:35.558+0000] {processor.py:208} INFO - Processing /home/airflow/.local/lib/python3.12/site-packages/airflow/example_dags/example_sla_dag.py took 0.202 seconds
[2025-12-15T19:10:05.727+0000] {processor.py:186} INFO - Started process (PID=6775) to work on /home/airflow/.local/lib/python3.12/site-packages/airflow/example_dags/example_sla_dag.py
[2025-12-15T19:10:05.728+0000] {processor.py:914} INFO - Processing file /home/airflow/.local/lib/python3.12/site-packages/airflow/example_dags/example_sla_dag.py for tasks to queue
[2025-12-15T19:10:05.731+0000] {logging_mixin.py:190} INFO - [2025-12-15T19:10:05.731+0000] {dagbag.py:588} INFO - Filling up the DagBag from /home/airflow/.local/lib/python3.12/site-packages/airflow/example_dags/example_sla_dag.py
[2025-12-15T19:10:05.749+0000] {processor.py:925} INFO - DAG(s) 'example_sla_dag' retrieved from /home/airflow/.local/lib/python3.12/site-packages/airflow/example_dags/example_sla_dag.py
[2025-12-15T19:10:05.781+0000] {logging_mixin.py:190} INFO - [2025-12-15T19:10:05.781+0000] {dag.py:3239} INFO - Sync 1 DAGs
[2025-12-15T19:10:05.841+0000] {logging_mixin.py:190} INFO - [2025-12-15T19:10:05.841+0000] {dag.py:4180} INFO - Setting next_dagrun for example_sla_dag to 2025-12-15 19:08:00+00:00, run_after=2025-12-15 19:10:00+00:00
[2025-12-15T19:10:05.880+0000] {processor.py:208} INFO - Processing /home/airflow/.local/lib/python3.12/site-packages/airflow/example_dags/example_sla_dag.py took 0.173 seconds
[2025-12-15T19:10:40.876+0000] {processor.py:186} INFO - Started process (PID=7072) to work on /home/airflow/.local/lib/python3.12/site-packages/airflow/example_dags/example_sla_dag.py
[2025-12-15T19:10:40.890+0000] {processor.py:914} INFO - Processing file /home/airflow/.local/lib/python3.12/site-packages/airflow/example_dags/example_sla_dag.py for tasks to queue
[2025-12-15T19:10:40.896+0000] {logging_mixin.py:190} INFO - [2025-12-15T19:10:40.895+0000] {dagbag.py:588} INFO - Filling up the DagBag from /home/airflow/.local/lib/python3.12/site-packages/airflow/example_dags/example_sla_dag.py
[2025-12-15T19:10:40.916+0000] {processor.py:925} INFO - DAG(s) 'example_sla_dag' retrieved from /home/airflow/.local/lib/python3.12/site-packages/airflow/example_dags/example_sla_dag.py
[2025-12-15T19:10:40.960+0000] {logging_mixin.py:190} INFO - [2025-12-15T19:10:40.960+0000] {dag.py:3239} INFO - Sync 1 DAGs
[2025-12-15T19:10:41.022+0000] {logging_mixin.py:190} INFO - [2025-12-15T19:10:41.022+0000] {dag.py:4180} INFO - Setting next_dagrun for example_sla_dag to 2025-12-15 19:08:00+00:00, run_after=2025-12-15 19:10:00+00:00
[2025-12-15T19:10:41.088+0000] {processor.py:208} INFO - Processing /home/airflow/.local/lib/python3.12/site-packages/airflow/example_dags/example_sla_dag.py took 0.224 seconds
[2025-12-15T19:11:14.744+0000] {processor.py:186} INFO - Started process (PID=7363) to work on /home/airflow/.local/lib/python3.12/site-packages/airflow/example_dags/example_sla_dag.py
[2025-12-15T19:11:14.748+0000] {processor.py:914} INFO - Processing file /home/airflow/.local/lib/python3.12/site-packages/airflow/example_dags/example_sla_dag.py for tasks to queue
[2025-12-15T19:11:14.754+0000] {logging_mixin.py:190} INFO - [2025-12-15T19:11:14.753+0000] {dagbag.py:588} INFO - Filling up the DagBag from /home/airflow/.local/lib/python3.12/site-packages/airflow/example_dags/example_sla_dag.py
[2025-12-15T19:11:14.788+0000] {processor.py:925} INFO - DAG(s) 'example_sla_dag' retrieved from /home/airflow/.local/lib/python3.12/site-packages/airflow/example_dags/example_sla_dag.py
[2025-12-15T19:11:14.846+0000] {logging_mixin.py:190} INFO - [2025-12-15T19:11:14.845+0000] {dag.py:3239} INFO - Sync 1 DAGs
[2025-12-15T19:11:14.924+0000] {logging_mixin.py:190} INFO - [2025-12-15T19:11:14.924+0000] {dag.py:4180} INFO - Setting next_dagrun for example_sla_dag to 2025-12-15 19:08:00+00:00, run_after=2025-12-15 19:10:00+00:00
[2025-12-15T19:11:14.975+0000] {processor.py:208} INFO - Processing /home/airflow/.local/lib/python3.12/site-packages/airflow/example_dags/example_sla_dag.py took 0.255 seconds
[2025-12-15T19:11:48.256+0000] {processor.py:186} INFO - Started process (PID=7654) to work on /home/airflow/.local/lib/python3.12/site-packages/airflow/example_dags/example_sla_dag.py
[2025-12-15T19:11:48.258+0000] {processor.py:914} INFO - Processing file /home/airflow/.local/lib/python3.12/site-packages/airflow/example_dags/example_sla_dag.py for tasks to queue
[2025-12-15T19:11:48.260+0000] {logging_mixin.py:190} INFO - [2025-12-15T19:11:48.260+0000] {dagbag.py:588} INFO - Filling up the DagBag from /home/airflow/.local/lib/python3.12/site-packages/airflow/example_dags/example_sla_dag.py
[2025-12-15T19:11:48.277+0000] {processor.py:925} INFO - DAG(s) 'example_sla_dag' retrieved from /home/airflow/.local/lib/python3.12/site-packages/airflow/example_dags/example_sla_dag.py
[2025-12-15T19:11:48.308+0000] {logging_mixin.py:190} INFO - [2025-12-15T19:11:48.308+0000] {dag.py:3239} INFO - Sync 1 DAGs
[2025-12-15T19:11:48.352+0000] {logging_mixin.py:190} INFO - [2025-12-15T19:11:48.352+0000] {dag.py:4180} INFO - Setting next_dagrun for example_sla_dag to 2025-12-15 19:08:00+00:00, run_after=2025-12-15 19:10:00+00:00
[2025-12-15T19:11:48.382+0000] {processor.py:208} INFO - Processing /home/airflow/.local/lib/python3.12/site-packages/airflow/example_dags/example_sla_dag.py took 0.137 seconds
[2025-12-15T19:12:18.880+0000] {processor.py:186} INFO - Started process (PID=7940) to work on /home/airflow/.local/lib/python3.12/site-packages/airflow/example_dags/example_sla_dag.py
[2025-12-15T19:12:18.882+0000] {processor.py:914} INFO - Processing file /home/airflow/.local/lib/python3.12/site-packages/airflow/example_dags/example_sla_dag.py for tasks to queue
[2025-12-15T19:12:18.884+0000] {logging_mixin.py:190} INFO - [2025-12-15T19:12:18.883+0000] {dagbag.py:588} INFO - Filling up the DagBag from /home/airflow/.local/lib/python3.12/site-packages/airflow/example_dags/example_sla_dag.py
[2025-12-15T19:12:18.897+0000] {processor.py:925} INFO - DAG(s) 'example_sla_dag' retrieved from /home/airflow/.local/lib/python3.12/site-packages/airflow/example_dags/example_sla_dag.py
[2025-12-15T19:12:18.924+0000] {logging_mixin.py:190} INFO - [2025-12-15T19:12:18.923+0000] {dag.py:3239} INFO - Sync 1 DAGs
[2025-12-15T19:12:18.958+0000] {logging_mixin.py:190} INFO - [2025-12-15T19:12:18.958+0000] {dag.py:4180} INFO - Setting next_dagrun for example_sla_dag to 2025-12-15 19:10:00+00:00, run_after=2025-12-15 19:12:00+00:00
[2025-12-15T19:12:18.993+0000] {processor.py:208} INFO - Processing /home/airflow/.local/lib/python3.12/site-packages/airflow/example_dags/example_sla_dag.py took 0.120 seconds
[2025-12-15T19:12:50.150+0000] {processor.py:186} INFO - Started process (PID=8231) to work on /home/airflow/.local/lib/python3.12/site-packages/airflow/example_dags/example_sla_dag.py
[2025-12-15T19:12:50.172+0000] {processor.py:914} INFO - Processing file /home/airflow/.local/lib/python3.12/site-packages/airflow/example_dags/example_sla_dag.py for tasks to queue
[2025-12-15T19:12:50.174+0000] {logging_mixin.py:190} INFO - [2025-12-15T19:12:50.174+0000] {dagbag.py:588} INFO - Filling up the DagBag from /home/airflow/.local/lib/python3.12/site-packages/airflow/example_dags/example_sla_dag.py
[2025-12-15T19:12:50.189+0000] {processor.py:925} INFO - DAG(s) 'example_sla_dag' retrieved from /home/airflow/.local/lib/python3.12/site-packages/airflow/example_dags/example_sla_dag.py
[2025-12-15T19:12:50.215+0000] {logging_mixin.py:190} INFO - [2025-12-15T19:12:50.215+0000] {dag.py:3239} INFO - Sync 1 DAGs
[2025-12-15T19:12:50.253+0000] {logging_mixin.py:190} INFO - [2025-12-15T19:12:50.252+0000] {dag.py:4180} INFO - Setting next_dagrun for example_sla_dag to 2025-12-15 19:10:00+00:00, run_after=2025-12-15 19:12:00+00:00
[2025-12-15T19:12:50.277+0000] {processor.py:208} INFO - Processing /home/airflow/.local/lib/python3.12/site-packages/airflow/example_dags/example_sla_dag.py took 0.137 seconds
[2025-12-15T19:13:20.353+0000] {processor.py:186} INFO - Started process (PID=8517) to work on /home/airflow/.local/lib/python3.12/site-packages/airflow/example_dags/example_sla_dag.py
[2025-12-15T19:13:20.355+0000] {processor.py:914} INFO - Processing file /home/airflow/.local/lib/python3.12/site-packages/airflow/example_dags/example_sla_dag.py for tasks to queue
[2025-12-15T19:13:20.356+0000] {logging_mixin.py:190} INFO - [2025-12-15T19:13:20.356+0000] {dagbag.py:588} INFO - Filling up the DagBag from /home/airflow/.local/lib/python3.12/site-packages/airflow/example_dags/example_sla_dag.py
[2025-12-15T19:13:20.377+0000] {processor.py:925} INFO - DAG(s) 'example_sla_dag' retrieved from /home/airflow/.local/lib/python3.12/site-packages/airflow/example_dags/example_sla_dag.py
[2025-12-15T19:13:20.411+0000] {logging_mixin.py:190} INFO - [2025-12-15T19:13:20.411+0000] {dag.py:3239} INFO - Sync 1 DAGs
[2025-12-15T19:13:20.454+0000] {logging_mixin.py:190} INFO - [2025-12-15T19:13:20.453+0000] {dag.py:4180} INFO - Setting next_dagrun for example_sla_dag to 2025-12-15 19:10:00+00:00, run_after=2025-12-15 19:12:00+00:00
[2025-12-15T19:13:20.486+0000] {processor.py:208} INFO - Processing /home/airflow/.local/lib/python3.12/site-packages/airflow/example_dags/example_sla_dag.py took 0.141 seconds
[2025-12-15T19:13:51.690+0000] {processor.py:186} INFO - Started process (PID=8808) to work on /home/airflow/.local/lib/python3.12/site-packages/airflow/example_dags/example_sla_dag.py
[2025-12-15T19:13:51.703+0000] {processor.py:914} INFO - Processing file /home/airflow/.local/lib/python3.12/site-packages/airflow/example_dags/example_sla_dag.py for tasks to queue
[2025-12-15T19:13:51.708+0000] {logging_mixin.py:190} INFO - [2025-12-15T19:13:51.706+0000] {dagbag.py:588} INFO - Filling up the DagBag from /home/airflow/.local/lib/python3.12/site-packages/airflow/example_dags/example_sla_dag.py
[2025-12-15T19:13:51.848+0000] {processor.py:925} INFO - DAG(s) 'example_sla_dag' retrieved from /home/airflow/.local/lib/python3.12/site-packages/airflow/example_dags/example_sla_dag.py
[2025-12-15T19:13:52.010+0000] {logging_mixin.py:190} INFO - [2025-12-15T19:13:52.009+0000] {dag.py:3239} INFO - Sync 1 DAGs
[2025-12-15T19:13:52.236+0000] {logging_mixin.py:190} INFO - [2025-12-15T19:13:52.234+0000] {dag.py:4180} INFO - Setting next_dagrun for example_sla_dag to 2025-12-15 19:10:00+00:00, run_after=2025-12-15 19:12:00+00:00
[2025-12-15T19:13:52.420+0000] {processor.py:208} INFO - Processing /home/airflow/.local/lib/python3.12/site-packages/airflow/example_dags/example_sla_dag.py took 0.790 seconds
[2025-12-15T19:14:22.780+0000] {processor.py:186} INFO - Started process (PID=9099) to work on /home/airflow/.local/lib/python3.12/site-packages/airflow/example_dags/example_sla_dag.py
[2025-12-15T19:14:22.788+0000] {processor.py:914} INFO - Processing file /home/airflow/.local/lib/python3.12/site-packages/airflow/example_dags/example_sla_dag.py for tasks to queue
[2025-12-15T19:14:22.791+0000] {logging_mixin.py:190} INFO - [2025-12-15T19:14:22.790+0000] {dagbag.py:588} INFO - Filling up the DagBag from /home/airflow/.local/lib/python3.12/site-packages/airflow/example_dags/example_sla_dag.py
[2025-12-15T19:14:22.830+0000] {processor.py:925} INFO - DAG(s) 'example_sla_dag' retrieved from /home/airflow/.local/lib/python3.12/site-packages/airflow/example_dags/example_sla_dag.py
[2025-12-15T19:14:22.896+0000] {logging_mixin.py:190} INFO - [2025-12-15T19:14:22.895+0000] {dag.py:3239} INFO - Sync 1 DAGs
[2025-12-15T19:14:22.965+0000] {logging_mixin.py:190} INFO - [2025-12-15T19:14:22.964+0000] {dag.py:4180} INFO - Setting next_dagrun for example_sla_dag to 2025-12-15 19:12:00+00:00, run_after=2025-12-15 19:14:00+00:00
[2025-12-15T19:14:23.006+0000] {processor.py:208} INFO - Processing /home/airflow/.local/lib/python3.12/site-packages/airflow/example_dags/example_sla_dag.py took 0.237 seconds
[2025-12-15T19:14:55.943+0000] {processor.py:186} INFO - Started process (PID=9390) to work on /home/airflow/.local/lib/python3.12/site-packages/airflow/example_dags/example_sla_dag.py
[2025-12-15T19:14:55.949+0000] {processor.py:914} INFO - Processing file /home/airflow/.local/lib/python3.12/site-packages/airflow/example_dags/example_sla_dag.py for tasks to queue
[2025-12-15T19:14:55.951+0000] {logging_mixin.py:190} INFO - [2025-12-15T19:14:55.950+0000] {dagbag.py:588} INFO - Filling up the DagBag from /home/airflow/.local/lib/python3.12/site-packages/airflow/example_dags/example_sla_dag.py
[2025-12-15T19:14:55.972+0000] {processor.py:925} INFO - DAG(s) 'example_sla_dag' retrieved from /home/airflow/.local/lib/python3.12/site-packages/airflow/example_dags/example_sla_dag.py
[2025-12-15T19:14:56.007+0000] {logging_mixin.py:190} INFO - [2025-12-15T19:14:56.007+0000] {dag.py:3239} INFO - Sync 1 DAGs
[2025-12-15T19:14:56.056+0000] {logging_mixin.py:190} INFO - [2025-12-15T19:14:56.056+0000] {dag.py:4180} INFO - Setting next_dagrun for example_sla_dag to 2025-12-15 19:12:00+00:00, run_after=2025-12-15 19:14:00+00:00
[2025-12-15T19:14:56.088+0000] {processor.py:208} INFO - Processing /home/airflow/.local/lib/python3.12/site-packages/airflow/example_dags/example_sla_dag.py took 0.157 seconds
[2025-12-15T19:15:26.246+0000] {processor.py:186} INFO - Started process (PID=9681) to work on /home/airflow/.local/lib/python3.12/site-packages/airflow/example_dags/example_sla_dag.py
[2025-12-15T19:15:26.248+0000] {processor.py:914} INFO - Processing file /home/airflow/.local/lib/python3.12/site-packages/airflow/example_dags/example_sla_dag.py for tasks to queue
[2025-12-15T19:15:26.250+0000] {logging_mixin.py:190} INFO - [2025-12-15T19:15:26.249+0000] {dagbag.py:588} INFO - Filling up the DagBag from /home/airflow/.local/lib/python3.12/site-packages/airflow/example_dags/example_sla_dag.py
[2025-12-15T19:15:26.273+0000] {processor.py:925} INFO - DAG(s) 'example_sla_dag' retrieved from /home/airflow/.local/lib/python3.12/site-packages/airflow/example_dags/example_sla_dag.py
[2025-12-15T19:15:26.312+0000] {logging_mixin.py:190} INFO - [2025-12-15T19:15:26.312+0000] {dag.py:3239} INFO - Sync 1 DAGs
[2025-12-15T19:15:26.364+0000] {logging_mixin.py:190} INFO - [2025-12-15T19:15:26.364+0000] {dag.py:4180} INFO - Setting next_dagrun for example_sla_dag to 2025-12-15 19:12:00+00:00, run_after=2025-12-15 19:14:00+00:00
[2025-12-15T19:15:26.402+0000] {processor.py:208} INFO - Processing /home/airflow/.local/lib/python3.12/site-packages/airflow/example_dags/example_sla_dag.py took 0.166 seconds
[2025-12-15T19:15:57.261+0000] {processor.py:186} INFO - Started process (PID=9972) to work on /home/airflow/.local/lib/python3.12/site-packages/airflow/example_dags/example_sla_dag.py
[2025-12-15T19:15:57.288+0000] {processor.py:914} INFO - Processing file /home/airflow/.local/lib/python3.12/site-packages/airflow/example_dags/example_sla_dag.py for tasks to queue
[2025-12-15T19:15:57.294+0000] {logging_mixin.py:190} INFO - [2025-12-15T19:15:57.291+0000] {dagbag.py:588} INFO - Filling up the DagBag from /home/airflow/.local/lib/python3.12/site-packages/airflow/example_dags/example_sla_dag.py
[2025-12-15T19:15:57.419+0000] {processor.py:925} INFO - DAG(s) 'example_sla_dag' retrieved from /home/airflow/.local/lib/python3.12/site-packages/airflow/example_dags/example_sla_dag.py
[2025-12-15T19:15:57.501+0000] {logging_mixin.py:190} INFO - [2025-12-15T19:15:57.501+0000] {dag.py:3239} INFO - Sync 1 DAGs
[2025-12-15T19:15:57.610+0000] {logging_mixin.py:190} INFO - [2025-12-15T19:15:57.609+0000] {dag.py:4180} INFO - Setting next_dagrun for example_sla_dag to 2025-12-15 19:12:00+00:00, run_after=2025-12-15 19:14:00+00:00
[2025-12-15T19:15:57.670+0000] {processor.py:208} INFO - Processing /home/airflow/.local/lib/python3.12/site-packages/airflow/example_dags/example_sla_dag.py took 0.459 seconds
[2025-12-15T19:16:28.467+0000] {processor.py:186} INFO - Started process (PID=10263) to work on /home/airflow/.local/lib/python3.12/site-packages/airflow/example_dags/example_sla_dag.py
[2025-12-15T19:16:28.469+0000] {processor.py:914} INFO - Processing file /home/airflow/.local/lib/python3.12/site-packages/airflow/example_dags/example_sla_dag.py for tasks to queue
[2025-12-15T19:16:28.471+0000] {logging_mixin.py:190} INFO - [2025-12-15T19:16:28.471+0000] {dagbag.py:588} INFO - Filling up the DagBag from /home/airflow/.local/lib/python3.12/site-packages/airflow/example_dags/example_sla_dag.py
[2025-12-15T19:16:28.500+0000] {processor.py:925} INFO - DAG(s) 'example_sla_dag' retrieved from /home/airflow/.local/lib/python3.12/site-packages/airflow/example_dags/example_sla_dag.py
[2025-12-15T19:16:28.537+0000] {logging_mixin.py:190} INFO - [2025-12-15T19:16:28.536+0000] {dag.py:3239} INFO - Sync 1 DAGs
[2025-12-15T19:16:28.601+0000] {logging_mixin.py:190} INFO - [2025-12-15T19:16:28.600+0000] {dag.py:4180} INFO - Setting next_dagrun for example_sla_dag to 2025-12-15 19:14:00+00:00, run_after=2025-12-15 19:16:00+00:00
[2025-12-15T19:16:28.644+0000] {processor.py:208} INFO - Processing /home/airflow/.local/lib/python3.12/site-packages/airflow/example_dags/example_sla_dag.py took 0.190 seconds
[2025-12-15T19:16:59.443+0000] {processor.py:186} INFO - Started process (PID=10554) to work on /home/airflow/.local/lib/python3.12/site-packages/airflow/example_dags/example_sla_dag.py
[2025-12-15T19:16:59.452+0000] {processor.py:914} INFO - Processing file /home/airflow/.local/lib/python3.12/site-packages/airflow/example_dags/example_sla_dag.py for tasks to queue
[2025-12-15T19:16:59.465+0000] {logging_mixin.py:190} INFO - [2025-12-15T19:16:59.464+0000] {dagbag.py:588} INFO - Filling up the DagBag from /home/airflow/.local/lib/python3.12/site-packages/airflow/example_dags/example_sla_dag.py
[2025-12-15T19:16:59.523+0000] {processor.py:925} INFO - DAG(s) 'example_sla_dag' retrieved from /home/airflow/.local/lib/python3.12/site-packages/airflow/example_dags/example_sla_dag.py
[2025-12-15T19:16:59.654+0000] {logging_mixin.py:190} INFO - [2025-12-15T19:16:59.653+0000] {dag.py:3239} INFO - Sync 1 DAGs
[2025-12-15T19:16:59.824+0000] {logging_mixin.py:190} INFO - [2025-12-15T19:16:59.823+0000] {dag.py:4180} INFO - Setting next_dagrun for example_sla_dag to 2025-12-15 19:14:00+00:00, run_after=2025-12-15 19:16:00+00:00
[2025-12-15T19:16:59.929+0000] {processor.py:208} INFO - Processing /home/airflow/.local/lib/python3.12/site-packages/airflow/example_dags/example_sla_dag.py took 0.540 seconds
[2025-12-15T19:17:32.584+0000] {processor.py:186} INFO - Started process (PID=10830) to work on /home/airflow/.local/lib/python3.12/site-packages/airflow/example_dags/example_sla_dag.py
[2025-12-15T19:17:32.593+0000] {processor.py:914} INFO - Processing file /home/airflow/.local/lib/python3.12/site-packages/airflow/example_dags/example_sla_dag.py for tasks to queue
[2025-12-15T19:17:32.597+0000] {logging_mixin.py:190} INFO - [2025-12-15T19:17:32.596+0000] {dagbag.py:588} INFO - Filling up the DagBag from /home/airflow/.local/lib/python3.12/site-packages/airflow/example_dags/example_sla_dag.py
[2025-12-15T19:17:32.637+0000] {processor.py:925} INFO - DAG(s) 'example_sla_dag' retrieved from /home/airflow/.local/lib/python3.12/site-packages/airflow/example_dags/example_sla_dag.py
[2025-12-15T19:17:32.696+0000] {logging_mixin.py:190} INFO - [2025-12-15T19:17:32.695+0000] {dag.py:3239} INFO - Sync 1 DAGs
[2025-12-15T19:17:32.769+0000] {logging_mixin.py:190} INFO - [2025-12-15T19:17:32.769+0000] {dag.py:4180} INFO - Setting next_dagrun for example_sla_dag to 2025-12-15 19:14:00+00:00, run_after=2025-12-15 19:16:00+00:00
[2025-12-15T19:17:32.835+0000] {processor.py:208} INFO - Processing /home/airflow/.local/lib/python3.12/site-packages/airflow/example_dags/example_sla_dag.py took 0.268 seconds
[2025-12-15T19:18:03.817+0000] {processor.py:186} INFO - Started process (PID=11120) to work on /home/airflow/.local/lib/python3.12/site-packages/airflow/example_dags/example_sla_dag.py
[2025-12-15T19:18:03.819+0000] {processor.py:914} INFO - Processing file /home/airflow/.local/lib/python3.12/site-packages/airflow/example_dags/example_sla_dag.py for tasks to queue
[2025-12-15T19:18:03.822+0000] {logging_mixin.py:190} INFO - [2025-12-15T19:18:03.821+0000] {dagbag.py:588} INFO - Filling up the DagBag from /home/airflow/.local/lib/python3.12/site-packages/airflow/example_dags/example_sla_dag.py
[2025-12-15T19:18:03.850+0000] {processor.py:925} INFO - DAG(s) 'example_sla_dag' retrieved from /home/airflow/.local/lib/python3.12/site-packages/airflow/example_dags/example_sla_dag.py
[2025-12-15T19:18:03.906+0000] {logging_mixin.py:190} INFO - [2025-12-15T19:18:03.905+0000] {dag.py:3239} INFO - Sync 1 DAGs
[2025-12-15T19:18:03.983+0000] {logging_mixin.py:190} INFO - [2025-12-15T19:18:03.983+0000] {dag.py:4180} INFO - Setting next_dagrun for example_sla_dag to 2025-12-15 19:16:00+00:00, run_after=2025-12-15 19:18:00+00:00
[2025-12-15T19:18:04.032+0000] {processor.py:208} INFO - Processing /home/airflow/.local/lib/python3.12/site-packages/airflow/example_dags/example_sla_dag.py took 0.231 seconds
[2025-12-15T19:18:34.566+0000] {processor.py:186} INFO - Started process (PID=11414) to work on /home/airflow/.local/lib/python3.12/site-packages/airflow/example_dags/example_sla_dag.py
[2025-12-15T19:18:34.568+0000] {processor.py:914} INFO - Processing file /home/airflow/.local/lib/python3.12/site-packages/airflow/example_dags/example_sla_dag.py for tasks to queue
[2025-12-15T19:18:34.573+0000] {logging_mixin.py:190} INFO - [2025-12-15T19:18:34.572+0000] {dagbag.py:588} INFO - Filling up the DagBag from /home/airflow/.local/lib/python3.12/site-packages/airflow/example_dags/example_sla_dag.py
[2025-12-15T19:18:34.604+0000] {processor.py:925} INFO - DAG(s) 'example_sla_dag' retrieved from /home/airflow/.local/lib/python3.12/site-packages/airflow/example_dags/example_sla_dag.py
[2025-12-15T19:18:34.673+0000] {logging_mixin.py:190} INFO - [2025-12-15T19:18:34.672+0000] {dag.py:3239} INFO - Sync 1 DAGs
[2025-12-15T19:18:34.740+0000] {logging_mixin.py:190} INFO - [2025-12-15T19:18:34.740+0000] {dag.py:4180} INFO - Setting next_dagrun for example_sla_dag to 2025-12-15 19:16:00+00:00, run_after=2025-12-15 19:18:00+00:00
[2025-12-15T19:18:34.785+0000] {processor.py:208} INFO - Processing /home/airflow/.local/lib/python3.12/site-packages/airflow/example_dags/example_sla_dag.py took 0.238 seconds
[2025-12-15T19:19:08.774+0000] {processor.py:186} INFO - Started process (PID=11708) to work on /home/airflow/.local/lib/python3.12/site-packages/airflow/example_dags/example_sla_dag.py
[2025-12-15T19:19:08.781+0000] {processor.py:914} INFO - Processing file /home/airflow/.local/lib/python3.12/site-packages/airflow/example_dags/example_sla_dag.py for tasks to queue
[2025-12-15T19:19:08.784+0000] {logging_mixin.py:190} INFO - [2025-12-15T19:19:08.783+0000] {dagbag.py:588} INFO - Filling up the DagBag from /home/airflow/.local/lib/python3.12/site-packages/airflow/example_dags/example_sla_dag.py
[2025-12-15T19:19:08.820+0000] {processor.py:925} INFO - DAG(s) 'example_sla_dag' retrieved from /home/airflow/.local/lib/python3.12/site-packages/airflow/example_dags/example_sla_dag.py
[2025-12-15T19:19:08.868+0000] {logging_mixin.py:190} INFO - [2025-12-15T19:19:08.867+0000] {dag.py:3239} INFO - Sync 1 DAGs
[2025-12-15T19:19:08.951+0000] {logging_mixin.py:190} INFO - [2025-12-15T19:19:08.949+0000] {dag.py:4180} INFO - Setting next_dagrun for example_sla_dag to 2025-12-15 19:16:00+00:00, run_after=2025-12-15 19:18:00+00:00
[2025-12-15T19:19:09.015+0000] {processor.py:208} INFO - Processing /home/airflow/.local/lib/python3.12/site-packages/airflow/example_dags/example_sla_dag.py took 0.269 seconds
