[2025-12-15T18:55:33.045+0000] {processor.py:186} INFO - Started process (PID=256) to work on /home/airflow/.local/lib/python3.12/site-packages/airflow/example_dags/example_latest_only_with_trigger.py
[2025-12-15T18:55:33.049+0000] {processor.py:914} INFO - Processing file /home/airflow/.local/lib/python3.12/site-packages/airflow/example_dags/example_latest_only_with_trigger.py for tasks to queue
[2025-12-15T18:55:33.063+0000] {logging_mixin.py:190} INFO - [2025-12-15T18:55:33.062+0000] {dagbag.py:588} INFO - Filling up the DagBag from /home/airflow/.local/lib/python3.12/site-packages/airflow/example_dags/example_latest_only_with_trigger.py
[2025-12-15T18:53:47.791+0000] {processor.py:925} INFO - DAG(s) 'latest_only_with_trigger' retrieved from /home/airflow/.local/lib/python3.12/site-packages/airflow/example_dags/example_latest_only_with_trigger.py
[2025-12-15T18:55:34.496+0000] {logging_mixin.py:190} INFO - [2025-12-15T18:55:34.495+0000] {override.py:1911} INFO - Created Permission View: can read on DAG:latest_only_with_trigger
[2025-12-15T18:55:34.539+0000] {logging_mixin.py:190} INFO - [2025-12-15T18:55:34.538+0000] {override.py:1911} INFO - Created Permission View: can edit on DAG:latest_only_with_trigger
[2025-12-15T18:55:34.604+0000] {logging_mixin.py:190} INFO - [2025-12-15T18:55:34.603+0000] {override.py:1911} INFO - Created Permission View: can delete on DAG:latest_only_with_trigger
[2025-12-15T18:55:34.647+0000] {logging_mixin.py:190} INFO - [2025-12-15T18:55:34.646+0000] {override.py:1911} INFO - Created Permission View: can read on DAG Run:latest_only_with_trigger
[2025-12-15T18:55:34.672+0000] {logging_mixin.py:190} INFO - [2025-12-15T18:55:34.671+0000] {override.py:1911} INFO - Created Permission View: menu access on DAG Run:latest_only_with_trigger
[2025-12-15T18:55:34.705+0000] {logging_mixin.py:190} INFO - [2025-12-15T18:55:34.704+0000] {override.py:1911} INFO - Created Permission View: can create on DAG Run:latest_only_with_trigger
[2025-12-15T18:55:34.736+0000] {logging_mixin.py:190} INFO - [2025-12-15T18:55:34.735+0000] {override.py:1911} INFO - Created Permission View: can delete on DAG Run:latest_only_with_trigger
[2025-12-15T18:55:34.737+0000] {logging_mixin.py:190} INFO - [2025-12-15T18:55:34.737+0000] {dag.py:3239} INFO - Sync 1 DAGs
[2025-12-15T18:55:34.793+0000] {logging_mixin.py:190} INFO - [2025-12-15T18:55:34.792+0000] {dag.py:3262} INFO - Creating ORM DAG for latest_only_with_trigger
[2025-12-15T18:55:34.842+0000] {logging_mixin.py:190} INFO - [2025-12-15T18:55:34.841+0000] {dag.py:4180} INFO - Setting next_dagrun for latest_only_with_trigger to 2025-12-15 12:00:00+00:00, run_after=2025-12-15 16:00:00+00:00
[2025-12-15T18:55:34.903+0000] {processor.py:208} INFO - Processing /home/airflow/.local/lib/python3.12/site-packages/airflow/example_dags/example_latest_only_with_trigger.py took 1.052 seconds
[2025-12-15T18:56:44.163+0000] {processor.py:186} INFO - Started process (PID=551) to work on /home/airflow/.local/lib/python3.12/site-packages/airflow/example_dags/example_latest_only_with_trigger.py
[2025-12-15T18:56:44.167+0000] {processor.py:914} INFO - Processing file /home/airflow/.local/lib/python3.12/site-packages/airflow/example_dags/example_latest_only_with_trigger.py for tasks to queue
[2025-12-15T18:56:44.182+0000] {logging_mixin.py:190} INFO - [2025-12-15T18:56:44.180+0000] {dagbag.py:588} INFO - Filling up the DagBag from /home/airflow/.local/lib/python3.12/site-packages/airflow/example_dags/example_latest_only_with_trigger.py
[2025-12-15T18:56:44.211+0000] {processor.py:925} INFO - DAG(s) 'latest_only_with_trigger' retrieved from /home/airflow/.local/lib/python3.12/site-packages/airflow/example_dags/example_latest_only_with_trigger.py
[2025-12-15T18:56:44.304+0000] {logging_mixin.py:190} INFO - [2025-12-15T18:56:44.303+0000] {dag.py:3239} INFO - Sync 1 DAGs
[2025-12-15T18:56:44.405+0000] {logging_mixin.py:190} INFO - [2025-12-15T18:56:44.405+0000] {dag.py:4180} INFO - Setting next_dagrun for latest_only_with_trigger to 2025-12-15 12:00:00+00:00, run_after=2025-12-15 16:00:00+00:00
[2025-12-15T18:56:44.482+0000] {processor.py:208} INFO - Processing /home/airflow/.local/lib/python3.12/site-packages/airflow/example_dags/example_latest_only_with_trigger.py took 0.357 seconds
[2025-12-15T18:57:15.269+0000] {processor.py:186} INFO - Started process (PID=850) to work on /home/airflow/.local/lib/python3.12/site-packages/airflow/example_dags/example_latest_only_with_trigger.py
[2025-12-15T18:57:15.273+0000] {processor.py:914} INFO - Processing file /home/airflow/.local/lib/python3.12/site-packages/airflow/example_dags/example_latest_only_with_trigger.py for tasks to queue
[2025-12-15T18:57:15.287+0000] {logging_mixin.py:190} INFO - [2025-12-15T18:57:15.286+0000] {dagbag.py:588} INFO - Filling up the DagBag from /home/airflow/.local/lib/python3.12/site-packages/airflow/example_dags/example_latest_only_with_trigger.py
[2025-12-15T18:57:15.339+0000] {processor.py:925} INFO - DAG(s) 'latest_only_with_trigger' retrieved from /home/airflow/.local/lib/python3.12/site-packages/airflow/example_dags/example_latest_only_with_trigger.py
[2025-12-15T18:57:15.475+0000] {logging_mixin.py:190} INFO - [2025-12-15T18:57:15.474+0000] {dag.py:3239} INFO - Sync 1 DAGs
[2025-12-15T18:57:15.629+0000] {logging_mixin.py:190} INFO - [2025-12-15T18:57:15.628+0000] {dag.py:4180} INFO - Setting next_dagrun for latest_only_with_trigger to 2025-12-15 12:00:00+00:00, run_after=2025-12-15 16:00:00+00:00
[2025-12-15T18:57:15.752+0000] {processor.py:208} INFO - Processing /home/airflow/.local/lib/python3.12/site-packages/airflow/example_dags/example_latest_only_with_trigger.py took 0.519 seconds
[2025-12-15T18:57:50.756+0000] {processor.py:186} INFO - Started process (PID=1114) to work on /home/airflow/.local/lib/python3.12/site-packages/airflow/example_dags/example_latest_only_with_trigger.py
[2025-12-15T18:57:50.759+0000] {processor.py:914} INFO - Processing file /home/airflow/.local/lib/python3.12/site-packages/airflow/example_dags/example_latest_only_with_trigger.py for tasks to queue
[2025-12-15T18:57:50.765+0000] {logging_mixin.py:190} INFO - [2025-12-15T18:57:50.764+0000] {dagbag.py:588} INFO - Filling up the DagBag from /home/airflow/.local/lib/python3.12/site-packages/airflow/example_dags/example_latest_only_with_trigger.py
[2025-12-15T18:57:50.786+0000] {processor.py:925} INFO - DAG(s) 'latest_only_with_trigger' retrieved from /home/airflow/.local/lib/python3.12/site-packages/airflow/example_dags/example_latest_only_with_trigger.py
[2025-12-15T18:57:50.825+0000] {logging_mixin.py:190} INFO - [2025-12-15T18:57:50.824+0000] {dag.py:3239} INFO - Sync 1 DAGs
[2025-12-15T18:57:50.871+0000] {logging_mixin.py:190} INFO - [2025-12-15T18:57:50.871+0000] {dag.py:4180} INFO - Setting next_dagrun for latest_only_with_trigger to 2025-12-15 12:00:00+00:00, run_after=2025-12-15 16:00:00+00:00
[2025-12-15T18:57:50.904+0000] {processor.py:208} INFO - Processing /home/airflow/.local/lib/python3.12/site-packages/airflow/example_dags/example_latest_only_with_trigger.py took 0.162 seconds
[2025-12-15T18:58:24.438+0000] {processor.py:186} INFO - Started process (PID=1411) to work on /home/airflow/.local/lib/python3.12/site-packages/airflow/example_dags/example_latest_only_with_trigger.py
[2025-12-15T18:58:24.443+0000] {processor.py:914} INFO - Processing file /home/airflow/.local/lib/python3.12/site-packages/airflow/example_dags/example_latest_only_with_trigger.py for tasks to queue
[2025-12-15T18:58:24.447+0000] {logging_mixin.py:190} INFO - [2025-12-15T18:58:24.447+0000] {dagbag.py:588} INFO - Filling up the DagBag from /home/airflow/.local/lib/python3.12/site-packages/airflow/example_dags/example_latest_only_with_trigger.py
[2025-12-15T18:58:24.471+0000] {processor.py:925} INFO - DAG(s) 'latest_only_with_trigger' retrieved from /home/airflow/.local/lib/python3.12/site-packages/airflow/example_dags/example_latest_only_with_trigger.py
[2025-12-15T18:58:24.522+0000] {logging_mixin.py:190} INFO - [2025-12-15T18:58:24.522+0000] {dag.py:3239} INFO - Sync 1 DAGs
[2025-12-15T18:58:24.589+0000] {logging_mixin.py:190} INFO - [2025-12-15T18:58:24.588+0000] {dag.py:4180} INFO - Setting next_dagrun for latest_only_with_trigger to 2025-12-15 12:00:00+00:00, run_after=2025-12-15 16:00:00+00:00
[2025-12-15T18:58:24.637+0000] {processor.py:208} INFO - Processing /home/airflow/.local/lib/python3.12/site-packages/airflow/example_dags/example_latest_only_with_trigger.py took 0.211 seconds
[2025-12-15T18:58:55.947+0000] {processor.py:186} INFO - Started process (PID=1704) to work on /home/airflow/.local/lib/python3.12/site-packages/airflow/example_dags/example_latest_only_with_trigger.py
[2025-12-15T18:58:55.949+0000] {processor.py:914} INFO - Processing file /home/airflow/.local/lib/python3.12/site-packages/airflow/example_dags/example_latest_only_with_trigger.py for tasks to queue
[2025-12-15T18:58:55.956+0000] {logging_mixin.py:190} INFO - [2025-12-15T18:58:55.956+0000] {dagbag.py:588} INFO - Filling up the DagBag from /home/airflow/.local/lib/python3.12/site-packages/airflow/example_dags/example_latest_only_with_trigger.py
[2025-12-15T18:58:55.975+0000] {processor.py:925} INFO - DAG(s) 'latest_only_with_trigger' retrieved from /home/airflow/.local/lib/python3.12/site-packages/airflow/example_dags/example_latest_only_with_trigger.py
[2025-12-15T18:58:56.022+0000] {logging_mixin.py:190} INFO - [2025-12-15T18:58:56.022+0000] {dag.py:3239} INFO - Sync 1 DAGs
[2025-12-15T18:58:56.082+0000] {logging_mixin.py:190} INFO - [2025-12-15T18:58:56.082+0000] {dag.py:4180} INFO - Setting next_dagrun for latest_only_with_trigger to 2025-12-15 12:00:00+00:00, run_after=2025-12-15 16:00:00+00:00
[2025-12-15T18:58:56.127+0000] {processor.py:208} INFO - Processing /home/airflow/.local/lib/python3.12/site-packages/airflow/example_dags/example_latest_only_with_trigger.py took 0.198 seconds
[2025-12-15T18:59:37.402+0000] {processor.py:186} INFO - Started process (PID=1884) to work on /home/airflow/.local/lib/python3.12/site-packages/airflow/example_dags/example_latest_only_with_trigger.py
[2025-12-15T18:59:37.416+0000] {processor.py:914} INFO - Processing file /home/airflow/.local/lib/python3.12/site-packages/airflow/example_dags/example_latest_only_with_trigger.py for tasks to queue
[2025-12-15T18:59:37.435+0000] {logging_mixin.py:190} INFO - [2025-12-15T18:59:37.434+0000] {dagbag.py:588} INFO - Filling up the DagBag from /home/airflow/.local/lib/python3.12/site-packages/airflow/example_dags/example_latest_only_with_trigger.py
[2025-12-15T18:59:37.504+0000] {processor.py:925} INFO - DAG(s) 'latest_only_with_trigger' retrieved from /home/airflow/.local/lib/python3.12/site-packages/airflow/example_dags/example_latest_only_with_trigger.py
[2025-12-15T18:59:37.706+0000] {logging_mixin.py:190} INFO - [2025-12-15T18:59:37.704+0000] {dag.py:3239} INFO - Sync 1 DAGs
[2025-12-15T18:59:37.959+0000] {logging_mixin.py:190} INFO - [2025-12-15T18:59:37.958+0000] {dag.py:4180} INFO - Setting next_dagrun for latest_only_with_trigger to 2025-12-15 12:00:00+00:00, run_after=2025-12-15 16:00:00+00:00
[2025-12-15T18:59:38.098+0000] {processor.py:208} INFO - Processing /home/airflow/.local/lib/python3.12/site-packages/airflow/example_dags/example_latest_only_with_trigger.py took 0.745 seconds
[2025-12-15T19:00:55.478+0000] {processor.py:186} INFO - Started process (PID=2150) to work on /home/airflow/.local/lib/python3.12/site-packages/airflow/example_dags/example_latest_only_with_trigger.py
[2025-12-15T19:00:55.482+0000] {processor.py:914} INFO - Processing file /home/airflow/.local/lib/python3.12/site-packages/airflow/example_dags/example_latest_only_with_trigger.py for tasks to queue
[2025-12-15T19:00:55.500+0000] {logging_mixin.py:190} INFO - [2025-12-15T19:00:55.499+0000] {dagbag.py:588} INFO - Filling up the DagBag from /home/airflow/.local/lib/python3.12/site-packages/airflow/example_dags/example_latest_only_with_trigger.py
[2025-12-15T19:00:55.583+0000] {processor.py:925} INFO - DAG(s) 'latest_only_with_trigger' retrieved from /home/airflow/.local/lib/python3.12/site-packages/airflow/example_dags/example_latest_only_with_trigger.py
[2025-12-15T19:00:55.718+0000] {logging_mixin.py:190} INFO - [2025-12-15T19:00:55.718+0000] {dag.py:3239} INFO - Sync 1 DAGs
[2025-12-15T19:00:55.902+0000] {logging_mixin.py:190} INFO - [2025-12-15T19:00:55.901+0000] {dag.py:4180} INFO - Setting next_dagrun for latest_only_with_trigger to 2025-12-15 12:00:00+00:00, run_after=2025-12-15 16:00:00+00:00
[2025-12-15T19:00:56.011+0000] {processor.py:208} INFO - Processing /home/airflow/.local/lib/python3.12/site-packages/airflow/example_dags/example_latest_only_with_trigger.py took 0.572 seconds
[2025-12-15T19:01:59.331+0000] {processor.py:186} INFO - Started process (PID=2415) to work on /home/airflow/.local/lib/python3.12/site-packages/airflow/example_dags/example_latest_only_with_trigger.py
[2025-12-15T19:01:59.333+0000] {processor.py:914} INFO - Processing file /home/airflow/.local/lib/python3.12/site-packages/airflow/example_dags/example_latest_only_with_trigger.py for tasks to queue
[2025-12-15T19:01:59.340+0000] {logging_mixin.py:190} INFO - [2025-12-15T19:01:59.338+0000] {dagbag.py:588} INFO - Filling up the DagBag from /home/airflow/.local/lib/python3.12/site-packages/airflow/example_dags/example_latest_only_with_trigger.py
[2025-12-15T19:01:59.361+0000] {processor.py:925} INFO - DAG(s) 'latest_only_with_trigger' retrieved from /home/airflow/.local/lib/python3.12/site-packages/airflow/example_dags/example_latest_only_with_trigger.py
[2025-12-15T19:01:59.409+0000] {logging_mixin.py:190} INFO - [2025-12-15T19:01:59.408+0000] {dag.py:3239} INFO - Sync 1 DAGs
[2025-12-15T19:01:59.465+0000] {logging_mixin.py:190} INFO - [2025-12-15T19:01:59.464+0000] {dag.py:4180} INFO - Setting next_dagrun for latest_only_with_trigger to 2025-12-15 12:00:00+00:00, run_after=2025-12-15 16:00:00+00:00
[2025-12-15T19:01:59.504+0000] {processor.py:208} INFO - Processing /home/airflow/.local/lib/python3.12/site-packages/airflow/example_dags/example_latest_only_with_trigger.py took 0.187 seconds
[2025-12-15T19:02:31.470+0000] {processor.py:186} INFO - Started process (PID=2671) to work on /home/airflow/.local/lib/python3.12/site-packages/airflow/example_dags/example_latest_only_with_trigger.py
[2025-12-15T19:02:31.475+0000] {processor.py:914} INFO - Processing file /home/airflow/.local/lib/python3.12/site-packages/airflow/example_dags/example_latest_only_with_trigger.py for tasks to queue
[2025-12-15T19:02:31.479+0000] {logging_mixin.py:190} INFO - [2025-12-15T19:02:31.479+0000] {dagbag.py:588} INFO - Filling up the DagBag from /home/airflow/.local/lib/python3.12/site-packages/airflow/example_dags/example_latest_only_with_trigger.py
[2025-12-15T19:02:31.495+0000] {processor.py:925} INFO - DAG(s) 'latest_only_with_trigger' retrieved from /home/airflow/.local/lib/python3.12/site-packages/airflow/example_dags/example_latest_only_with_trigger.py
[2025-12-15T19:02:31.542+0000] {logging_mixin.py:190} INFO - [2025-12-15T19:02:31.541+0000] {dag.py:3239} INFO - Sync 1 DAGs
[2025-12-15T19:02:31.614+0000] {logging_mixin.py:190} INFO - [2025-12-15T19:02:31.614+0000] {dag.py:4180} INFO - Setting next_dagrun for latest_only_with_trigger to 2025-12-15 12:00:00+00:00, run_after=2025-12-15 16:00:00+00:00
[2025-12-15T19:02:31.658+0000] {processor.py:208} INFO - Processing /home/airflow/.local/lib/python3.12/site-packages/airflow/example_dags/example_latest_only_with_trigger.py took 0.208 seconds
[2025-12-15T19:03:05.577+0000] {processor.py:186} INFO - Started process (PID=2962) to work on /home/airflow/.local/lib/python3.12/site-packages/airflow/example_dags/example_latest_only_with_trigger.py
[2025-12-15T19:03:05.582+0000] {processor.py:914} INFO - Processing file /home/airflow/.local/lib/python3.12/site-packages/airflow/example_dags/example_latest_only_with_trigger.py for tasks to queue
[2025-12-15T19:03:05.588+0000] {logging_mixin.py:190} INFO - [2025-12-15T19:03:05.588+0000] {dagbag.py:588} INFO - Filling up the DagBag from /home/airflow/.local/lib/python3.12/site-packages/airflow/example_dags/example_latest_only_with_trigger.py
[2025-12-15T19:03:05.614+0000] {processor.py:925} INFO - DAG(s) 'latest_only_with_trigger' retrieved from /home/airflow/.local/lib/python3.12/site-packages/airflow/example_dags/example_latest_only_with_trigger.py
[2025-12-15T19:03:05.680+0000] {logging_mixin.py:190} INFO - [2025-12-15T19:03:05.679+0000] {dag.py:3239} INFO - Sync 1 DAGs
[2025-12-15T19:03:05.761+0000] {logging_mixin.py:190} INFO - [2025-12-15T19:03:05.761+0000] {dag.py:4180} INFO - Setting next_dagrun for latest_only_with_trigger to 2025-12-15 12:00:00+00:00, run_after=2025-12-15 16:00:00+00:00
[2025-12-15T19:03:05.825+0000] {processor.py:208} INFO - Processing /home/airflow/.local/lib/python3.12/site-packages/airflow/example_dags/example_latest_only_with_trigger.py took 0.264 seconds
[2025-12-15T19:03:36.411+0000] {processor.py:186} INFO - Started process (PID=3253) to work on /home/airflow/.local/lib/python3.12/site-packages/airflow/example_dags/example_latest_only_with_trigger.py
[2025-12-15T19:03:36.418+0000] {processor.py:914} INFO - Processing file /home/airflow/.local/lib/python3.12/site-packages/airflow/example_dags/example_latest_only_with_trigger.py for tasks to queue
[2025-12-15T19:03:36.422+0000] {logging_mixin.py:190} INFO - [2025-12-15T19:03:36.421+0000] {dagbag.py:588} INFO - Filling up the DagBag from /home/airflow/.local/lib/python3.12/site-packages/airflow/example_dags/example_latest_only_with_trigger.py
[2025-12-15T19:03:36.437+0000] {processor.py:925} INFO - DAG(s) 'latest_only_with_trigger' retrieved from /home/airflow/.local/lib/python3.12/site-packages/airflow/example_dags/example_latest_only_with_trigger.py
[2025-12-15T19:03:36.477+0000] {logging_mixin.py:190} INFO - [2025-12-15T19:03:36.477+0000] {dag.py:3239} INFO - Sync 1 DAGs
[2025-12-15T19:03:36.525+0000] {logging_mixin.py:190} INFO - [2025-12-15T19:03:36.525+0000] {dag.py:4180} INFO - Setting next_dagrun for latest_only_with_trigger to 2025-12-15 12:00:00+00:00, run_after=2025-12-15 16:00:00+00:00
[2025-12-15T19:03:36.558+0000] {processor.py:208} INFO - Processing /home/airflow/.local/lib/python3.12/site-packages/airflow/example_dags/example_latest_only_with_trigger.py took 0.161 seconds
[2025-12-15T19:04:09.602+0000] {processor.py:186} INFO - Started process (PID=3539) to work on /home/airflow/.local/lib/python3.12/site-packages/airflow/example_dags/example_latest_only_with_trigger.py
[2025-12-15T19:04:09.603+0000] {processor.py:914} INFO - Processing file /home/airflow/.local/lib/python3.12/site-packages/airflow/example_dags/example_latest_only_with_trigger.py for tasks to queue
[2025-12-15T19:04:09.607+0000] {logging_mixin.py:190} INFO - [2025-12-15T19:04:09.606+0000] {dagbag.py:588} INFO - Filling up the DagBag from /home/airflow/.local/lib/python3.12/site-packages/airflow/example_dags/example_latest_only_with_trigger.py
[2025-12-15T19:04:09.625+0000] {processor.py:925} INFO - DAG(s) 'latest_only_with_trigger' retrieved from /home/airflow/.local/lib/python3.12/site-packages/airflow/example_dags/example_latest_only_with_trigger.py
[2025-12-15T19:04:09.666+0000] {logging_mixin.py:190} INFO - [2025-12-15T19:04:09.665+0000] {dag.py:3239} INFO - Sync 1 DAGs
[2025-12-15T19:04:09.708+0000] {logging_mixin.py:190} INFO - [2025-12-15T19:04:09.708+0000] {dag.py:4180} INFO - Setting next_dagrun for latest_only_with_trigger to 2025-12-15 12:00:00+00:00, run_after=2025-12-15 16:00:00+00:00
[2025-12-15T19:04:09.744+0000] {processor.py:208} INFO - Processing /home/airflow/.local/lib/python3.12/site-packages/airflow/example_dags/example_latest_only_with_trigger.py took 0.157 seconds
[2025-12-15T19:04:41.929+0000] {processor.py:186} INFO - Started process (PID=3800) to work on /home/airflow/.local/lib/python3.12/site-packages/airflow/example_dags/example_latest_only_with_trigger.py
[2025-12-15T19:04:41.932+0000] {processor.py:914} INFO - Processing file /home/airflow/.local/lib/python3.12/site-packages/airflow/example_dags/example_latest_only_with_trigger.py for tasks to queue
[2025-12-15T19:04:41.936+0000] {logging_mixin.py:190} INFO - [2025-12-15T19:04:41.935+0000] {dagbag.py:588} INFO - Filling up the DagBag from /home/airflow/.local/lib/python3.12/site-packages/airflow/example_dags/example_latest_only_with_trigger.py
[2025-12-15T19:04:41.951+0000] {processor.py:925} INFO - DAG(s) 'latest_only_with_trigger' retrieved from /home/airflow/.local/lib/python3.12/site-packages/airflow/example_dags/example_latest_only_with_trigger.py
[2025-12-15T19:04:41.998+0000] {logging_mixin.py:190} INFO - [2025-12-15T19:04:41.998+0000] {dag.py:3239} INFO - Sync 1 DAGs
[2025-12-15T19:04:42.050+0000] {logging_mixin.py:190} INFO - [2025-12-15T19:04:42.049+0000] {dag.py:4180} INFO - Setting next_dagrun for latest_only_with_trigger to 2025-12-15 12:00:00+00:00, run_after=2025-12-15 16:00:00+00:00
[2025-12-15T19:04:42.085+0000] {processor.py:208} INFO - Processing /home/airflow/.local/lib/python3.12/site-packages/airflow/example_dags/example_latest_only_with_trigger.py took 0.168 seconds
[2025-12-15T19:05:13.573+0000] {processor.py:186} INFO - Started process (PID=4091) to work on /home/airflow/.local/lib/python3.12/site-packages/airflow/example_dags/example_latest_only_with_trigger.py
[2025-12-15T19:05:13.853+0000] {processor.py:914} INFO - Processing file /home/airflow/.local/lib/python3.12/site-packages/airflow/example_dags/example_latest_only_with_trigger.py for tasks to queue
[2025-12-15T19:05:13.856+0000] {logging_mixin.py:190} INFO - [2025-12-15T19:05:13.856+0000] {dagbag.py:588} INFO - Filling up the DagBag from /home/airflow/.local/lib/python3.12/site-packages/airflow/example_dags/example_latest_only_with_trigger.py
[2025-12-15T19:05:13.868+0000] {processor.py:925} INFO - DAG(s) 'latest_only_with_trigger' retrieved from /home/airflow/.local/lib/python3.12/site-packages/airflow/example_dags/example_latest_only_with_trigger.py
[2025-12-15T19:05:13.896+0000] {logging_mixin.py:190} INFO - [2025-12-15T19:05:13.896+0000] {dag.py:3239} INFO - Sync 1 DAGs
[2025-12-15T19:05:13.930+0000] {logging_mixin.py:190} INFO - [2025-12-15T19:05:13.930+0000] {dag.py:4180} INFO - Setting next_dagrun for latest_only_with_trigger to 2025-12-15 12:00:00+00:00, run_after=2025-12-15 16:00:00+00:00
[2025-12-15T19:05:14.658+0000] {processor.py:208} INFO - Processing /home/airflow/.local/lib/python3.12/site-packages/airflow/example_dags/example_latest_only_with_trigger.py took 1.094 seconds
[2025-12-15T19:05:45.075+0000] {processor.py:186} INFO - Started process (PID=4379) to work on /home/airflow/.local/lib/python3.12/site-packages/airflow/example_dags/example_latest_only_with_trigger.py
[2025-12-15T19:05:45.097+0000] {processor.py:914} INFO - Processing file /home/airflow/.local/lib/python3.12/site-packages/airflow/example_dags/example_latest_only_with_trigger.py for tasks to queue
[2025-12-15T19:05:45.111+0000] {logging_mixin.py:190} INFO - [2025-12-15T19:05:45.110+0000] {dagbag.py:588} INFO - Filling up the DagBag from /home/airflow/.local/lib/python3.12/site-packages/airflow/example_dags/example_latest_only_with_trigger.py
[2025-12-15T19:05:45.164+0000] {processor.py:925} INFO - DAG(s) 'latest_only_with_trigger' retrieved from /home/airflow/.local/lib/python3.12/site-packages/airflow/example_dags/example_latest_only_with_trigger.py
[2025-12-15T19:05:45.274+0000] {logging_mixin.py:190} INFO - [2025-12-15T19:05:45.274+0000] {dag.py:3239} INFO - Sync 1 DAGs
[2025-12-15T19:05:45.409+0000] {logging_mixin.py:190} INFO - [2025-12-15T19:05:45.408+0000] {dag.py:4180} INFO - Setting next_dagrun for latest_only_with_trigger to 2025-12-15 12:00:00+00:00, run_after=2025-12-15 16:00:00+00:00
[2025-12-15T19:05:45.492+0000] {processor.py:208} INFO - Processing /home/airflow/.local/lib/python3.12/site-packages/airflow/example_dags/example_latest_only_with_trigger.py took 0.467 seconds
[2025-12-15T19:06:15.800+0000] {processor.py:186} INFO - Started process (PID=4670) to work on /home/airflow/.local/lib/python3.12/site-packages/airflow/example_dags/example_latest_only_with_trigger.py
[2025-12-15T19:06:15.802+0000] {processor.py:914} INFO - Processing file /home/airflow/.local/lib/python3.12/site-packages/airflow/example_dags/example_latest_only_with_trigger.py for tasks to queue
[2025-12-15T19:06:15.806+0000] {logging_mixin.py:190} INFO - [2025-12-15T19:06:15.805+0000] {dagbag.py:588} INFO - Filling up the DagBag from /home/airflow/.local/lib/python3.12/site-packages/airflow/example_dags/example_latest_only_with_trigger.py
[2025-12-15T19:06:15.821+0000] {processor.py:925} INFO - DAG(s) 'latest_only_with_trigger' retrieved from /home/airflow/.local/lib/python3.12/site-packages/airflow/example_dags/example_latest_only_with_trigger.py
[2025-12-15T19:06:15.863+0000] {logging_mixin.py:190} INFO - [2025-12-15T19:06:15.862+0000] {dag.py:3239} INFO - Sync 1 DAGs
[2025-12-15T19:06:15.910+0000] {logging_mixin.py:190} INFO - [2025-12-15T19:06:15.909+0000] {dag.py:4180} INFO - Setting next_dagrun for latest_only_with_trigger to 2025-12-15 12:00:00+00:00, run_after=2025-12-15 16:00:00+00:00
[2025-12-15T19:06:15.956+0000] {processor.py:208} INFO - Processing /home/airflow/.local/lib/python3.12/site-packages/airflow/example_dags/example_latest_only_with_trigger.py took 0.170 seconds
[2025-12-15T19:06:46.874+0000] {processor.py:186} INFO - Started process (PID=4959) to work on /home/airflow/.local/lib/python3.12/site-packages/airflow/example_dags/example_latest_only_with_trigger.py
[2025-12-15T19:06:46.875+0000] {processor.py:914} INFO - Processing file /home/airflow/.local/lib/python3.12/site-packages/airflow/example_dags/example_latest_only_with_trigger.py for tasks to queue
[2025-12-15T19:06:46.879+0000] {logging_mixin.py:190} INFO - [2025-12-15T19:06:46.878+0000] {dagbag.py:588} INFO - Filling up the DagBag from /home/airflow/.local/lib/python3.12/site-packages/airflow/example_dags/example_latest_only_with_trigger.py
[2025-12-15T19:06:46.901+0000] {processor.py:925} INFO - DAG(s) 'latest_only_with_trigger' retrieved from /home/airflow/.local/lib/python3.12/site-packages/airflow/example_dags/example_latest_only_with_trigger.py
[2025-12-15T19:06:46.938+0000] {logging_mixin.py:190} INFO - [2025-12-15T19:06:46.938+0000] {dag.py:3239} INFO - Sync 1 DAGs
[2025-12-15T19:06:46.989+0000] {logging_mixin.py:190} INFO - [2025-12-15T19:06:46.988+0000] {dag.py:4180} INFO - Setting next_dagrun for latest_only_with_trigger to 2025-12-15 12:00:00+00:00, run_after=2025-12-15 16:00:00+00:00
[2025-12-15T19:06:47.027+0000] {processor.py:208} INFO - Processing /home/airflow/.local/lib/python3.12/site-packages/airflow/example_dags/example_latest_only_with_trigger.py took 0.165 seconds
[2025-12-15T19:07:24.851+0000] {processor.py:186} INFO - Started process (PID=5225) to work on /home/airflow/.local/lib/python3.12/site-packages/airflow/example_dags/example_latest_only_with_trigger.py
[2025-12-15T19:07:24.872+0000] {processor.py:914} INFO - Processing file /home/airflow/.local/lib/python3.12/site-packages/airflow/example_dags/example_latest_only_with_trigger.py for tasks to queue
[2025-12-15T19:07:24.880+0000] {logging_mixin.py:190} INFO - [2025-12-15T19:07:24.879+0000] {dagbag.py:588} INFO - Filling up the DagBag from /home/airflow/.local/lib/python3.12/site-packages/airflow/example_dags/example_latest_only_with_trigger.py
[2025-12-15T19:07:24.953+0000] {processor.py:925} INFO - DAG(s) 'latest_only_with_trigger' retrieved from /home/airflow/.local/lib/python3.12/site-packages/airflow/example_dags/example_latest_only_with_trigger.py
[2025-12-15T19:07:25.130+0000] {logging_mixin.py:190} INFO - [2025-12-15T19:07:25.129+0000] {dag.py:3239} INFO - Sync 1 DAGs
[2025-12-15T19:07:25.272+0000] {logging_mixin.py:190} INFO - [2025-12-15T19:07:25.271+0000] {dag.py:4180} INFO - Setting next_dagrun for latest_only_with_trigger to 2025-12-15 12:00:00+00:00, run_after=2025-12-15 16:00:00+00:00
[2025-12-15T19:07:25.397+0000] {processor.py:208} INFO - Processing /home/airflow/.local/lib/python3.12/site-packages/airflow/example_dags/example_latest_only_with_trigger.py took 0.618 seconds
[2025-12-15T19:07:56.388+0000] {processor.py:186} INFO - Started process (PID=5516) to work on /home/airflow/.local/lib/python3.12/site-packages/airflow/example_dags/example_latest_only_with_trigger.py
[2025-12-15T19:07:56.587+0000] {processor.py:914} INFO - Processing file /home/airflow/.local/lib/python3.12/site-packages/airflow/example_dags/example_latest_only_with_trigger.py for tasks to queue
[2025-12-15T19:07:56.596+0000] {logging_mixin.py:190} INFO - [2025-12-15T19:07:56.595+0000] {dagbag.py:588} INFO - Filling up the DagBag from /home/airflow/.local/lib/python3.12/site-packages/airflow/example_dags/example_latest_only_with_trigger.py
[2025-12-15T19:07:56.608+0000] {processor.py:925} INFO - DAG(s) 'latest_only_with_trigger' retrieved from /home/airflow/.local/lib/python3.12/site-packages/airflow/example_dags/example_latest_only_with_trigger.py
[2025-12-15T19:07:56.693+0000] {logging_mixin.py:190} INFO - [2025-12-15T19:07:56.692+0000] {dag.py:3239} INFO - Sync 1 DAGs
[2025-12-15T19:07:56.732+0000] {logging_mixin.py:190} INFO - [2025-12-15T19:07:56.731+0000] {dag.py:4180} INFO - Setting next_dagrun for latest_only_with_trigger to 2025-12-15 12:00:00+00:00, run_after=2025-12-15 16:00:00+00:00
[2025-12-15T19:07:56.762+0000] {processor.py:208} INFO - Processing /home/airflow/.local/lib/python3.12/site-packages/airflow/example_dags/example_latest_only_with_trigger.py took 0.383 seconds
[2025-12-15T19:08:28.239+0000] {processor.py:186} INFO - Started process (PID=5807) to work on /home/airflow/.local/lib/python3.12/site-packages/airflow/example_dags/example_latest_only_with_trigger.py
[2025-12-15T19:08:28.242+0000] {processor.py:914} INFO - Processing file /home/airflow/.local/lib/python3.12/site-packages/airflow/example_dags/example_latest_only_with_trigger.py for tasks to queue
[2025-12-15T19:08:28.248+0000] {logging_mixin.py:190} INFO - [2025-12-15T19:08:28.247+0000] {dagbag.py:588} INFO - Filling up the DagBag from /home/airflow/.local/lib/python3.12/site-packages/airflow/example_dags/example_latest_only_with_trigger.py
[2025-12-15T19:08:28.272+0000] {processor.py:925} INFO - DAG(s) 'latest_only_with_trigger' retrieved from /home/airflow/.local/lib/python3.12/site-packages/airflow/example_dags/example_latest_only_with_trigger.py
[2025-12-15T19:08:28.329+0000] {logging_mixin.py:190} INFO - [2025-12-15T19:08:28.328+0000] {dag.py:3239} INFO - Sync 1 DAGs
[2025-12-15T19:08:28.394+0000] {logging_mixin.py:190} INFO - [2025-12-15T19:08:28.394+0000] {dag.py:4180} INFO - Setting next_dagrun for latest_only_with_trigger to 2025-12-15 12:00:00+00:00, run_after=2025-12-15 16:00:00+00:00
[2025-12-15T19:08:28.445+0000] {processor.py:208} INFO - Processing /home/airflow/.local/lib/python3.12/site-packages/airflow/example_dags/example_latest_only_with_trigger.py took 0.219 seconds
[2025-12-15T19:08:58.616+0000] {processor.py:186} INFO - Started process (PID=6098) to work on /home/airflow/.local/lib/python3.12/site-packages/airflow/example_dags/example_latest_only_with_trigger.py
[2025-12-15T19:08:58.618+0000] {processor.py:914} INFO - Processing file /home/airflow/.local/lib/python3.12/site-packages/airflow/example_dags/example_latest_only_with_trigger.py for tasks to queue
[2025-12-15T19:08:58.622+0000] {logging_mixin.py:190} INFO - [2025-12-15T19:08:58.621+0000] {dagbag.py:588} INFO - Filling up the DagBag from /home/airflow/.local/lib/python3.12/site-packages/airflow/example_dags/example_latest_only_with_trigger.py
[2025-12-15T19:08:58.638+0000] {processor.py:925} INFO - DAG(s) 'latest_only_with_trigger' retrieved from /home/airflow/.local/lib/python3.12/site-packages/airflow/example_dags/example_latest_only_with_trigger.py
[2025-12-15T19:08:58.676+0000] {logging_mixin.py:190} INFO - [2025-12-15T19:08:58.676+0000] {dag.py:3239} INFO - Sync 1 DAGs
[2025-12-15T19:08:58.723+0000] {logging_mixin.py:190} INFO - [2025-12-15T19:08:58.722+0000] {dag.py:4180} INFO - Setting next_dagrun for latest_only_with_trigger to 2025-12-15 12:00:00+00:00, run_after=2025-12-15 16:00:00+00:00
[2025-12-15T19:08:58.768+0000] {processor.py:208} INFO - Processing /home/airflow/.local/lib/python3.12/site-packages/airflow/example_dags/example_latest_only_with_trigger.py took 0.162 seconds
[2025-12-15T19:09:29.641+0000] {processor.py:186} INFO - Started process (PID=6386) to work on /home/airflow/.local/lib/python3.12/site-packages/airflow/example_dags/example_latest_only_with_trigger.py
[2025-12-15T19:09:29.648+0000] {processor.py:914} INFO - Processing file /home/airflow/.local/lib/python3.12/site-packages/airflow/example_dags/example_latest_only_with_trigger.py for tasks to queue
[2025-12-15T19:09:29.652+0000] {logging_mixin.py:190} INFO - [2025-12-15T19:09:29.652+0000] {dagbag.py:588} INFO - Filling up the DagBag from /home/airflow/.local/lib/python3.12/site-packages/airflow/example_dags/example_latest_only_with_trigger.py
[2025-12-15T19:09:29.664+0000] {processor.py:925} INFO - DAG(s) 'latest_only_with_trigger' retrieved from /home/airflow/.local/lib/python3.12/site-packages/airflow/example_dags/example_latest_only_with_trigger.py
[2025-12-15T19:09:29.695+0000] {logging_mixin.py:190} INFO - [2025-12-15T19:09:29.695+0000] {dag.py:3239} INFO - Sync 1 DAGs
[2025-12-15T19:09:29.733+0000] {logging_mixin.py:190} INFO - [2025-12-15T19:09:29.733+0000] {dag.py:4180} INFO - Setting next_dagrun for latest_only_with_trigger to 2025-12-15 12:00:00+00:00, run_after=2025-12-15 16:00:00+00:00
[2025-12-15T19:09:29.790+0000] {processor.py:208} INFO - Processing /home/airflow/.local/lib/python3.12/site-packages/airflow/example_dags/example_latest_only_with_trigger.py took 0.158 seconds
[2025-12-15T19:10:00.370+0000] {processor.py:186} INFO - Started process (PID=6675) to work on /home/airflow/.local/lib/python3.12/site-packages/airflow/example_dags/example_latest_only_with_trigger.py
[2025-12-15T19:10:00.372+0000] {processor.py:914} INFO - Processing file /home/airflow/.local/lib/python3.12/site-packages/airflow/example_dags/example_latest_only_with_trigger.py for tasks to queue
[2025-12-15T19:10:00.379+0000] {logging_mixin.py:190} INFO - [2025-12-15T19:10:00.377+0000] {dagbag.py:588} INFO - Filling up the DagBag from /home/airflow/.local/lib/python3.12/site-packages/airflow/example_dags/example_latest_only_with_trigger.py
[2025-12-15T19:10:00.398+0000] {processor.py:925} INFO - DAG(s) 'latest_only_with_trigger' retrieved from /home/airflow/.local/lib/python3.12/site-packages/airflow/example_dags/example_latest_only_with_trigger.py
[2025-12-15T19:10:00.435+0000] {logging_mixin.py:190} INFO - [2025-12-15T19:10:00.435+0000] {dag.py:3239} INFO - Sync 1 DAGs
[2025-12-15T19:10:00.478+0000] {logging_mixin.py:190} INFO - [2025-12-15T19:10:00.478+0000] {dag.py:4180} INFO - Setting next_dagrun for latest_only_with_trigger to 2025-12-15 12:00:00+00:00, run_after=2025-12-15 16:00:00+00:00
[2025-12-15T19:10:00.518+0000] {processor.py:208} INFO - Processing /home/airflow/.local/lib/python3.12/site-packages/airflow/example_dags/example_latest_only_with_trigger.py took 0.161 seconds
[2025-12-15T19:10:31.153+0000] {processor.py:186} INFO - Started process (PID=6964) to work on /home/airflow/.local/lib/python3.12/site-packages/airflow/example_dags/example_latest_only_with_trigger.py
[2025-12-15T19:10:31.157+0000] {processor.py:914} INFO - Processing file /home/airflow/.local/lib/python3.12/site-packages/airflow/example_dags/example_latest_only_with_trigger.py for tasks to queue
[2025-12-15T19:10:31.161+0000] {logging_mixin.py:190} INFO - [2025-12-15T19:10:31.160+0000] {dagbag.py:588} INFO - Filling up the DagBag from /home/airflow/.local/lib/python3.12/site-packages/airflow/example_dags/example_latest_only_with_trigger.py
[2025-12-15T19:10:31.182+0000] {processor.py:925} INFO - DAG(s) 'latest_only_with_trigger' retrieved from /home/airflow/.local/lib/python3.12/site-packages/airflow/example_dags/example_latest_only_with_trigger.py
[2025-12-15T19:10:31.234+0000] {logging_mixin.py:190} INFO - [2025-12-15T19:10:31.234+0000] {dag.py:3239} INFO - Sync 1 DAGs
[2025-12-15T19:10:31.297+0000] {logging_mixin.py:190} INFO - [2025-12-15T19:10:31.296+0000] {dag.py:4180} INFO - Setting next_dagrun for latest_only_with_trigger to 2025-12-15 12:00:00+00:00, run_after=2025-12-15 16:00:00+00:00
[2025-12-15T19:10:31.343+0000] {processor.py:208} INFO - Processing /home/airflow/.local/lib/python3.12/site-packages/airflow/example_dags/example_latest_only_with_trigger.py took 0.203 seconds
[2025-12-15T19:11:02.036+0000] {processor.py:186} INFO - Started process (PID=7255) to work on /home/airflow/.local/lib/python3.12/site-packages/airflow/example_dags/example_latest_only_with_trigger.py
[2025-12-15T19:11:02.039+0000] {processor.py:914} INFO - Processing file /home/airflow/.local/lib/python3.12/site-packages/airflow/example_dags/example_latest_only_with_trigger.py for tasks to queue
[2025-12-15T19:11:02.043+0000] {logging_mixin.py:190} INFO - [2025-12-15T19:11:02.042+0000] {dagbag.py:588} INFO - Filling up the DagBag from /home/airflow/.local/lib/python3.12/site-packages/airflow/example_dags/example_latest_only_with_trigger.py
[2025-12-15T19:11:02.056+0000] {processor.py:925} INFO - DAG(s) 'latest_only_with_trigger' retrieved from /home/airflow/.local/lib/python3.12/site-packages/airflow/example_dags/example_latest_only_with_trigger.py
[2025-12-15T19:11:02.089+0000] {logging_mixin.py:190} INFO - [2025-12-15T19:11:02.089+0000] {dag.py:3239} INFO - Sync 1 DAGs
[2025-12-15T19:11:02.141+0000] {logging_mixin.py:190} INFO - [2025-12-15T19:11:02.141+0000] {dag.py:4180} INFO - Setting next_dagrun for latest_only_with_trigger to 2025-12-15 12:00:00+00:00, run_after=2025-12-15 16:00:00+00:00
[2025-12-15T19:11:02.180+0000] {processor.py:208} INFO - Processing /home/airflow/.local/lib/python3.12/site-packages/airflow/example_dags/example_latest_only_with_trigger.py took 0.155 seconds
[2025-12-15T19:11:33.045+0000] {processor.py:186} INFO - Started process (PID=7546) to work on /home/airflow/.local/lib/python3.12/site-packages/airflow/example_dags/example_latest_only_with_trigger.py
[2025-12-15T19:11:33.161+0000] {processor.py:914} INFO - Processing file /home/airflow/.local/lib/python3.12/site-packages/airflow/example_dags/example_latest_only_with_trigger.py for tasks to queue
[2025-12-15T19:11:33.163+0000] {logging_mixin.py:190} INFO - [2025-12-15T19:11:33.163+0000] {dagbag.py:588} INFO - Filling up the DagBag from /home/airflow/.local/lib/python3.12/site-packages/airflow/example_dags/example_latest_only_with_trigger.py
[2025-12-15T19:11:33.176+0000] {processor.py:925} INFO - DAG(s) 'latest_only_with_trigger' retrieved from /home/airflow/.local/lib/python3.12/site-packages/airflow/example_dags/example_latest_only_with_trigger.py
[2025-12-15T19:11:33.212+0000] {logging_mixin.py:190} INFO - [2025-12-15T19:11:33.212+0000] {dag.py:3239} INFO - Sync 1 DAGs
[2025-12-15T19:11:33.257+0000] {logging_mixin.py:190} INFO - [2025-12-15T19:11:33.256+0000] {dag.py:4180} INFO - Setting next_dagrun for latest_only_with_trigger to 2025-12-15 12:00:00+00:00, run_after=2025-12-15 16:00:00+00:00
[2025-12-15T19:11:33.298+0000] {processor.py:208} INFO - Processing /home/airflow/.local/lib/python3.12/site-packages/airflow/example_dags/example_latest_only_with_trigger.py took 0.263 seconds
[2025-12-15T19:12:04.134+0000] {processor.py:186} INFO - Started process (PID=7837) to work on /home/airflow/.local/lib/python3.12/site-packages/airflow/example_dags/example_latest_only_with_trigger.py
[2025-12-15T19:12:04.151+0000] {processor.py:914} INFO - Processing file /home/airflow/.local/lib/python3.12/site-packages/airflow/example_dags/example_latest_only_with_trigger.py for tasks to queue
[2025-12-15T19:12:04.153+0000] {logging_mixin.py:190} INFO - [2025-12-15T19:12:04.152+0000] {dagbag.py:588} INFO - Filling up the DagBag from /home/airflow/.local/lib/python3.12/site-packages/airflow/example_dags/example_latest_only_with_trigger.py
[2025-12-15T19:12:04.164+0000] {processor.py:925} INFO - DAG(s) 'latest_only_with_trigger' retrieved from /home/airflow/.local/lib/python3.12/site-packages/airflow/example_dags/example_latest_only_with_trigger.py
[2025-12-15T19:12:04.191+0000] {logging_mixin.py:190} INFO - [2025-12-15T19:12:04.191+0000] {dag.py:3239} INFO - Sync 1 DAGs
[2025-12-15T19:12:04.219+0000] {logging_mixin.py:190} INFO - [2025-12-15T19:12:04.219+0000] {dag.py:4180} INFO - Setting next_dagrun for latest_only_with_trigger to 2025-12-15 12:00:00+00:00, run_after=2025-12-15 16:00:00+00:00
[2025-12-15T19:12:04.246+0000] {processor.py:208} INFO - Processing /home/airflow/.local/lib/python3.12/site-packages/airflow/example_dags/example_latest_only_with_trigger.py took 0.119 seconds
[2025-12-15T19:12:34.515+0000] {processor.py:186} INFO - Started process (PID=8128) to work on /home/airflow/.local/lib/python3.12/site-packages/airflow/example_dags/example_latest_only_with_trigger.py
[2025-12-15T19:12:34.519+0000] {processor.py:914} INFO - Processing file /home/airflow/.local/lib/python3.12/site-packages/airflow/example_dags/example_latest_only_with_trigger.py for tasks to queue
[2025-12-15T19:12:34.520+0000] {logging_mixin.py:190} INFO - [2025-12-15T19:12:34.520+0000] {dagbag.py:588} INFO - Filling up the DagBag from /home/airflow/.local/lib/python3.12/site-packages/airflow/example_dags/example_latest_only_with_trigger.py
[2025-12-15T19:12:34.535+0000] {processor.py:925} INFO - DAG(s) 'latest_only_with_trigger' retrieved from /home/airflow/.local/lib/python3.12/site-packages/airflow/example_dags/example_latest_only_with_trigger.py
[2025-12-15T19:12:34.570+0000] {logging_mixin.py:190} INFO - [2025-12-15T19:12:34.569+0000] {dag.py:3239} INFO - Sync 1 DAGs
[2025-12-15T19:12:34.609+0000] {logging_mixin.py:190} INFO - [2025-12-15T19:12:34.608+0000] {dag.py:4180} INFO - Setting next_dagrun for latest_only_with_trigger to 2025-12-15 12:00:00+00:00, run_after=2025-12-15 16:00:00+00:00
[2025-12-15T19:12:34.644+0000] {processor.py:208} INFO - Processing /home/airflow/.local/lib/python3.12/site-packages/airflow/example_dags/example_latest_only_with_trigger.py took 0.138 seconds
[2025-12-15T19:13:04.916+0000] {processor.py:186} INFO - Started process (PID=8419) to work on /home/airflow/.local/lib/python3.12/site-packages/airflow/example_dags/example_latest_only_with_trigger.py
[2025-12-15T19:13:04.938+0000] {processor.py:914} INFO - Processing file /home/airflow/.local/lib/python3.12/site-packages/airflow/example_dags/example_latest_only_with_trigger.py for tasks to queue
[2025-12-15T19:13:04.941+0000] {logging_mixin.py:190} INFO - [2025-12-15T19:13:04.940+0000] {dagbag.py:588} INFO - Filling up the DagBag from /home/airflow/.local/lib/python3.12/site-packages/airflow/example_dags/example_latest_only_with_trigger.py
[2025-12-15T19:13:05.008+0000] {processor.py:925} INFO - DAG(s) 'latest_only_with_trigger' retrieved from /home/airflow/.local/lib/python3.12/site-packages/airflow/example_dags/example_latest_only_with_trigger.py
[2025-12-15T19:13:05.101+0000] {logging_mixin.py:190} INFO - [2025-12-15T19:13:05.101+0000] {dag.py:3239} INFO - Sync 1 DAGs
[2025-12-15T19:13:05.237+0000] {logging_mixin.py:190} INFO - [2025-12-15T19:13:05.236+0000] {dag.py:4180} INFO - Setting next_dagrun for latest_only_with_trigger to 2025-12-15 12:00:00+00:00, run_after=2025-12-15 16:00:00+00:00
[2025-12-15T19:13:05.334+0000] {processor.py:208} INFO - Processing /home/airflow/.local/lib/python3.12/site-packages/airflow/example_dags/example_latest_only_with_trigger.py took 0.450 seconds
[2025-12-15T19:13:35.763+0000] {processor.py:186} INFO - Started process (PID=8708) to work on /home/airflow/.local/lib/python3.12/site-packages/airflow/example_dags/example_latest_only_with_trigger.py
[2025-12-15T19:13:35.765+0000] {processor.py:914} INFO - Processing file /home/airflow/.local/lib/python3.12/site-packages/airflow/example_dags/example_latest_only_with_trigger.py for tasks to queue
[2025-12-15T19:13:35.767+0000] {logging_mixin.py:190} INFO - [2025-12-15T19:13:35.766+0000] {dagbag.py:588} INFO - Filling up the DagBag from /home/airflow/.local/lib/python3.12/site-packages/airflow/example_dags/example_latest_only_with_trigger.py
[2025-12-15T19:13:35.783+0000] {processor.py:925} INFO - DAG(s) 'latest_only_with_trigger' retrieved from /home/airflow/.local/lib/python3.12/site-packages/airflow/example_dags/example_latest_only_with_trigger.py
[2025-12-15T19:13:35.833+0000] {logging_mixin.py:190} INFO - [2025-12-15T19:13:35.832+0000] {dag.py:3239} INFO - Sync 1 DAGs
[2025-12-15T19:13:35.888+0000] {logging_mixin.py:190} INFO - [2025-12-15T19:13:35.888+0000] {dag.py:4180} INFO - Setting next_dagrun for latest_only_with_trigger to 2025-12-15 12:00:00+00:00, run_after=2025-12-15 16:00:00+00:00
[2025-12-15T19:13:35.935+0000] {processor.py:208} INFO - Processing /home/airflow/.local/lib/python3.12/site-packages/airflow/example_dags/example_latest_only_with_trigger.py took 0.186 seconds
[2025-12-15T19:14:06.270+0000] {processor.py:186} INFO - Started process (PID=8979) to work on /home/airflow/.local/lib/python3.12/site-packages/airflow/example_dags/example_latest_only_with_trigger.py
[2025-12-15T19:14:06.281+0000] {processor.py:914} INFO - Processing file /home/airflow/.local/lib/python3.12/site-packages/airflow/example_dags/example_latest_only_with_trigger.py for tasks to queue
[2025-12-15T19:14:06.290+0000] {logging_mixin.py:190} INFO - [2025-12-15T19:14:06.288+0000] {dagbag.py:588} INFO - Filling up the DagBag from /home/airflow/.local/lib/python3.12/site-packages/airflow/example_dags/example_latest_only_with_trigger.py
[2025-12-15T19:14:06.365+0000] {processor.py:925} INFO - DAG(s) 'latest_only_with_trigger' retrieved from /home/airflow/.local/lib/python3.12/site-packages/airflow/example_dags/example_latest_only_with_trigger.py
[2025-12-15T19:14:06.527+0000] {logging_mixin.py:190} INFO - [2025-12-15T19:14:06.527+0000] {dag.py:3239} INFO - Sync 1 DAGs
[2025-12-15T19:14:06.745+0000] {logging_mixin.py:190} INFO - [2025-12-15T19:14:06.744+0000] {dag.py:4180} INFO - Setting next_dagrun for latest_only_with_trigger to 2025-12-15 12:00:00+00:00, run_after=2025-12-15 16:00:00+00:00
[2025-12-15T19:14:06.894+0000] {processor.py:208} INFO - Processing /home/airflow/.local/lib/python3.12/site-packages/airflow/example_dags/example_latest_only_with_trigger.py took 0.688 seconds
[2025-12-15T19:14:37.597+0000] {processor.py:186} INFO - Started process (PID=9270) to work on /home/airflow/.local/lib/python3.12/site-packages/airflow/example_dags/example_latest_only_with_trigger.py
[2025-12-15T19:14:37.600+0000] {processor.py:914} INFO - Processing file /home/airflow/.local/lib/python3.12/site-packages/airflow/example_dags/example_latest_only_with_trigger.py for tasks to queue
[2025-12-15T19:14:37.602+0000] {logging_mixin.py:190} INFO - [2025-12-15T19:14:37.601+0000] {dagbag.py:588} INFO - Filling up the DagBag from /home/airflow/.local/lib/python3.12/site-packages/airflow/example_dags/example_latest_only_with_trigger.py
[2025-12-15T19:14:37.619+0000] {processor.py:925} INFO - DAG(s) 'latest_only_with_trigger' retrieved from /home/airflow/.local/lib/python3.12/site-packages/airflow/example_dags/example_latest_only_with_trigger.py
[2025-12-15T19:14:37.653+0000] {logging_mixin.py:190} INFO - [2025-12-15T19:14:37.652+0000] {dag.py:3239} INFO - Sync 1 DAGs
[2025-12-15T19:14:37.693+0000] {logging_mixin.py:190} INFO - [2025-12-15T19:14:37.693+0000] {dag.py:4180} INFO - Setting next_dagrun for latest_only_with_trigger to 2025-12-15 12:00:00+00:00, run_after=2025-12-15 16:00:00+00:00
[2025-12-15T19:14:37.720+0000] {processor.py:208} INFO - Processing /home/airflow/.local/lib/python3.12/site-packages/airflow/example_dags/example_latest_only_with_trigger.py took 0.131 seconds
[2025-12-15T19:15:09.729+0000] {processor.py:186} INFO - Started process (PID=9561) to work on /home/airflow/.local/lib/python3.12/site-packages/airflow/example_dags/example_latest_only_with_trigger.py
[2025-12-15T19:15:09.731+0000] {processor.py:914} INFO - Processing file /home/airflow/.local/lib/python3.12/site-packages/airflow/example_dags/example_latest_only_with_trigger.py for tasks to queue
[2025-12-15T19:15:09.735+0000] {logging_mixin.py:190} INFO - [2025-12-15T19:15:09.735+0000] {dagbag.py:588} INFO - Filling up the DagBag from /home/airflow/.local/lib/python3.12/site-packages/airflow/example_dags/example_latest_only_with_trigger.py
[2025-12-15T19:15:09.761+0000] {processor.py:925} INFO - DAG(s) 'latest_only_with_trigger' retrieved from /home/airflow/.local/lib/python3.12/site-packages/airflow/example_dags/example_latest_only_with_trigger.py
[2025-12-15T19:15:09.813+0000] {logging_mixin.py:190} INFO - [2025-12-15T19:15:09.812+0000] {dag.py:3239} INFO - Sync 1 DAGs
[2025-12-15T19:15:09.878+0000] {logging_mixin.py:190} INFO - [2025-12-15T19:15:09.878+0000] {dag.py:4180} INFO - Setting next_dagrun for latest_only_with_trigger to 2025-12-15 12:00:00+00:00, run_after=2025-12-15 16:00:00+00:00
[2025-12-15T19:15:09.931+0000] {processor.py:208} INFO - Processing /home/airflow/.local/lib/python3.12/site-packages/airflow/example_dags/example_latest_only_with_trigger.py took 0.221 seconds
[2025-12-15T19:15:41.514+0000] {processor.py:186} INFO - Started process (PID=9834) to work on /home/airflow/.local/lib/python3.12/site-packages/airflow/example_dags/example_latest_only_with_trigger.py
[2025-12-15T19:15:41.525+0000] {processor.py:914} INFO - Processing file /home/airflow/.local/lib/python3.12/site-packages/airflow/example_dags/example_latest_only_with_trigger.py for tasks to queue
[2025-12-15T19:15:41.529+0000] {logging_mixin.py:190} INFO - [2025-12-15T19:15:41.528+0000] {dagbag.py:588} INFO - Filling up the DagBag from /home/airflow/.local/lib/python3.12/site-packages/airflow/example_dags/example_latest_only_with_trigger.py
[2025-12-15T19:15:41.587+0000] {processor.py:925} INFO - DAG(s) 'latest_only_with_trigger' retrieved from /home/airflow/.local/lib/python3.12/site-packages/airflow/example_dags/example_latest_only_with_trigger.py
[2025-12-15T19:15:41.680+0000] {logging_mixin.py:190} INFO - [2025-12-15T19:15:41.679+0000] {dag.py:3239} INFO - Sync 1 DAGs
[2025-12-15T19:15:41.756+0000] {logging_mixin.py:190} INFO - [2025-12-15T19:15:41.753+0000] {dag.py:4180} INFO - Setting next_dagrun for latest_only_with_trigger to 2025-12-15 12:00:00+00:00, run_after=2025-12-15 16:00:00+00:00
[2025-12-15T19:15:41.810+0000] {processor.py:208} INFO - Processing /home/airflow/.local/lib/python3.12/site-packages/airflow/example_dags/example_latest_only_with_trigger.py took 0.323 seconds
[2025-12-15T19:16:13.409+0000] {processor.py:186} INFO - Started process (PID=10125) to work on /home/airflow/.local/lib/python3.12/site-packages/airflow/example_dags/example_latest_only_with_trigger.py
[2025-12-15T19:16:13.442+0000] {processor.py:914} INFO - Processing file /home/airflow/.local/lib/python3.12/site-packages/airflow/example_dags/example_latest_only_with_trigger.py for tasks to queue
[2025-12-15T19:16:13.443+0000] {logging_mixin.py:190} INFO - [2025-12-15T19:16:13.443+0000] {dagbag.py:588} INFO - Filling up the DagBag from /home/airflow/.local/lib/python3.12/site-packages/airflow/example_dags/example_latest_only_with_trigger.py
[2025-12-15T19:16:13.460+0000] {processor.py:925} INFO - DAG(s) 'latest_only_with_trigger' retrieved from /home/airflow/.local/lib/python3.12/site-packages/airflow/example_dags/example_latest_only_with_trigger.py
[2025-12-15T19:16:13.496+0000] {logging_mixin.py:190} INFO - [2025-12-15T19:16:13.496+0000] {dag.py:3239} INFO - Sync 1 DAGs
[2025-12-15T19:16:13.535+0000] {logging_mixin.py:190} INFO - [2025-12-15T19:16:13.534+0000] {dag.py:4180} INFO - Setting next_dagrun for latest_only_with_trigger to 2025-12-15 12:00:00+00:00, run_after=2025-12-15 16:00:00+00:00
[2025-12-15T19:16:13.595+0000] {processor.py:208} INFO - Processing /home/airflow/.local/lib/python3.12/site-packages/airflow/example_dags/example_latest_only_with_trigger.py took 0.199 seconds
[2025-12-15T19:16:46.149+0000] {processor.py:186} INFO - Started process (PID=10394) to work on /home/airflow/.local/lib/python3.12/site-packages/airflow/example_dags/example_latest_only_with_trigger.py
[2025-12-15T19:16:46.155+0000] {processor.py:914} INFO - Processing file /home/airflow/.local/lib/python3.12/site-packages/airflow/example_dags/example_latest_only_with_trigger.py for tasks to queue
[2025-12-15T19:16:46.165+0000] {logging_mixin.py:190} INFO - [2025-12-15T19:16:46.164+0000] {dagbag.py:588} INFO - Filling up the DagBag from /home/airflow/.local/lib/python3.12/site-packages/airflow/example_dags/example_latest_only_with_trigger.py
[2025-12-15T19:16:46.220+0000] {processor.py:925} INFO - DAG(s) 'latest_only_with_trigger' retrieved from /home/airflow/.local/lib/python3.12/site-packages/airflow/example_dags/example_latest_only_with_trigger.py
[2025-12-15T19:16:46.302+0000] {logging_mixin.py:190} INFO - [2025-12-15T19:16:46.301+0000] {dag.py:3239} INFO - Sync 1 DAGs
[2025-12-15T19:16:46.400+0000] {logging_mixin.py:190} INFO - [2025-12-15T19:16:46.399+0000] {dag.py:4180} INFO - Setting next_dagrun for latest_only_with_trigger to 2025-12-15 12:00:00+00:00, run_after=2025-12-15 16:00:00+00:00
[2025-12-15T19:16:46.467+0000] {processor.py:208} INFO - Processing /home/airflow/.local/lib/python3.12/site-packages/airflow/example_dags/example_latest_only_with_trigger.py took 0.341 seconds
[2025-12-15T19:17:23.727+0000] {processor.py:186} INFO - Started process (PID=10660) to work on /home/airflow/.local/lib/python3.12/site-packages/airflow/example_dags/example_latest_only_with_trigger.py
[2025-12-15T19:17:23.730+0000] {processor.py:914} INFO - Processing file /home/airflow/.local/lib/python3.12/site-packages/airflow/example_dags/example_latest_only_with_trigger.py for tasks to queue
[2025-12-15T19:17:23.734+0000] {logging_mixin.py:190} INFO - [2025-12-15T19:17:23.732+0000] {dagbag.py:588} INFO - Filling up the DagBag from /home/airflow/.local/lib/python3.12/site-packages/airflow/example_dags/example_latest_only_with_trigger.py
[2025-12-15T19:17:23.764+0000] {processor.py:925} INFO - DAG(s) 'latest_only_with_trigger' retrieved from /home/airflow/.local/lib/python3.12/site-packages/airflow/example_dags/example_latest_only_with_trigger.py
[2025-12-15T19:17:23.821+0000] {logging_mixin.py:190} INFO - [2025-12-15T19:17:23.820+0000] {dag.py:3239} INFO - Sync 1 DAGs
[2025-12-15T19:17:23.898+0000] {logging_mixin.py:190} INFO - [2025-12-15T19:17:23.897+0000] {dag.py:4180} INFO - Setting next_dagrun for latest_only_with_trigger to 2025-12-15 12:00:00+00:00, run_after=2025-12-15 16:00:00+00:00
[2025-12-15T19:17:23.949+0000] {processor.py:208} INFO - Processing /home/airflow/.local/lib/python3.12/site-packages/airflow/example_dags/example_latest_only_with_trigger.py took 0.240 seconds
[2025-12-15T19:17:54.416+0000] {processor.py:186} INFO - Started process (PID=10955) to work on /home/airflow/.local/lib/python3.12/site-packages/airflow/example_dags/example_latest_only_with_trigger.py
[2025-12-15T19:17:54.438+0000] {processor.py:914} INFO - Processing file /home/airflow/.local/lib/python3.12/site-packages/airflow/example_dags/example_latest_only_with_trigger.py for tasks to queue
[2025-12-15T19:17:54.440+0000] {logging_mixin.py:190} INFO - [2025-12-15T19:17:54.440+0000] {dagbag.py:588} INFO - Filling up the DagBag from /home/airflow/.local/lib/python3.12/site-packages/airflow/example_dags/example_latest_only_with_trigger.py
[2025-12-15T19:17:54.457+0000] {processor.py:925} INFO - DAG(s) 'latest_only_with_trigger' retrieved from /home/airflow/.local/lib/python3.12/site-packages/airflow/example_dags/example_latest_only_with_trigger.py
[2025-12-15T19:17:54.502+0000] {logging_mixin.py:190} INFO - [2025-12-15T19:17:54.502+0000] {dag.py:3239} INFO - Sync 1 DAGs
[2025-12-15T19:17:54.553+0000] {logging_mixin.py:190} INFO - [2025-12-15T19:17:54.552+0000] {dag.py:4180} INFO - Setting next_dagrun for latest_only_with_trigger to 2025-12-15 12:00:00+00:00, run_after=2025-12-15 16:00:00+00:00
[2025-12-15T19:17:54.595+0000] {processor.py:208} INFO - Processing /home/airflow/.local/lib/python3.12/site-packages/airflow/example_dags/example_latest_only_with_trigger.py took 0.190 seconds
[2025-12-15T19:18:26.747+0000] {processor.py:186} INFO - Started process (PID=11246) to work on /home/airflow/.local/lib/python3.12/site-packages/airflow/example_dags/example_latest_only_with_trigger.py
[2025-12-15T19:18:26.751+0000] {processor.py:914} INFO - Processing file /home/airflow/.local/lib/python3.12/site-packages/airflow/example_dags/example_latest_only_with_trigger.py for tasks to queue
[2025-12-15T19:18:26.754+0000] {logging_mixin.py:190} INFO - [2025-12-15T19:18:26.753+0000] {dagbag.py:588} INFO - Filling up the DagBag from /home/airflow/.local/lib/python3.12/site-packages/airflow/example_dags/example_latest_only_with_trigger.py
[2025-12-15T19:18:26.803+0000] {processor.py:925} INFO - DAG(s) 'latest_only_with_trigger' retrieved from /home/airflow/.local/lib/python3.12/site-packages/airflow/example_dags/example_latest_only_with_trigger.py
[2025-12-15T19:18:26.896+0000] {logging_mixin.py:190} INFO - [2025-12-15T19:18:26.895+0000] {dag.py:3239} INFO - Sync 1 DAGs
[2025-12-15T19:18:27.040+0000] {logging_mixin.py:190} INFO - [2025-12-15T19:18:27.039+0000] {dag.py:4180} INFO - Setting next_dagrun for latest_only_with_trigger to 2025-12-15 12:00:00+00:00, run_after=2025-12-15 16:00:00+00:00
[2025-12-15T19:18:27.105+0000] {processor.py:208} INFO - Processing /home/airflow/.local/lib/python3.12/site-packages/airflow/example_dags/example_latest_only_with_trigger.py took 0.384 seconds
[2025-12-15T19:18:57.521+0000] {processor.py:186} INFO - Started process (PID=11540) to work on /home/airflow/.local/lib/python3.12/site-packages/airflow/example_dags/example_latest_only_with_trigger.py
[2025-12-15T19:18:57.544+0000] {processor.py:914} INFO - Processing file /home/airflow/.local/lib/python3.12/site-packages/airflow/example_dags/example_latest_only_with_trigger.py for tasks to queue
[2025-12-15T19:18:57.546+0000] {logging_mixin.py:190} INFO - [2025-12-15T19:18:57.546+0000] {dagbag.py:588} INFO - Filling up the DagBag from /home/airflow/.local/lib/python3.12/site-packages/airflow/example_dags/example_latest_only_with_trigger.py
[2025-12-15T19:18:57.564+0000] {processor.py:925} INFO - DAG(s) 'latest_only_with_trigger' retrieved from /home/airflow/.local/lib/python3.12/site-packages/airflow/example_dags/example_latest_only_with_trigger.py
[2025-12-15T19:18:57.609+0000] {logging_mixin.py:190} INFO - [2025-12-15T19:18:57.609+0000] {dag.py:3239} INFO - Sync 1 DAGs
[2025-12-15T19:18:57.664+0000] {logging_mixin.py:190} INFO - [2025-12-15T19:18:57.663+0000] {dag.py:4180} INFO - Setting next_dagrun for latest_only_with_trigger to 2025-12-15 12:00:00+00:00, run_after=2025-12-15 16:00:00+00:00
[2025-12-15T19:18:57.722+0000] {processor.py:208} INFO - Processing /home/airflow/.local/lib/python3.12/site-packages/airflow/example_dags/example_latest_only_with_trigger.py took 0.218 seconds
