[2025-12-15T18:56:32.141+0000] {processor.py:186} INFO - Started process (PID=456) to work on /home/airflow/.local/lib/python3.12/site-packages/airflow/example_dags/example_latest_only.py
[2025-12-15T18:56:32.142+0000] {processor.py:914} INFO - Processing file /home/airflow/.local/lib/python3.12/site-packages/airflow/example_dags/example_latest_only.py for tasks to queue
[2025-12-15T18:56:32.151+0000] {logging_mixin.py:190} INFO - [2025-12-15T18:56:32.150+0000] {dagbag.py:588} INFO - Filling up the DagBag from /home/airflow/.local/lib/python3.12/site-packages/airflow/example_dags/example_latest_only.py
[2025-12-15T18:56:32.170+0000] {processor.py:925} INFO - DAG(s) 'latest_only' retrieved from /home/airflow/.local/lib/python3.12/site-packages/airflow/example_dags/example_latest_only.py
[2025-12-15T18:56:32.447+0000] {logging_mixin.py:190} INFO - [2025-12-15T18:56:32.446+0000] {override.py:1911} INFO - Created Permission View: can read on DAG:latest_only
[2025-12-15T18:56:32.478+0000] {logging_mixin.py:190} INFO - [2025-12-15T18:56:32.477+0000] {override.py:1911} INFO - Created Permission View: can edit on DAG:latest_only
[2025-12-15T18:56:32.496+0000] {logging_mixin.py:190} INFO - [2025-12-15T18:56:32.496+0000] {override.py:1911} INFO - Created Permission View: can delete on DAG:latest_only
[2025-12-15T18:56:32.519+0000] {logging_mixin.py:190} INFO - [2025-12-15T18:56:32.519+0000] {override.py:1911} INFO - Created Permission View: can read on DAG Run:latest_only
[2025-12-15T18:56:32.539+0000] {logging_mixin.py:190} INFO - [2025-12-15T18:56:32.539+0000] {override.py:1911} INFO - Created Permission View: menu access on DAG Run:latest_only
[2025-12-15T18:56:32.562+0000] {logging_mixin.py:190} INFO - [2025-12-15T18:56:32.559+0000] {override.py:1911} INFO - Created Permission View: can create on DAG Run:latest_only
[2025-12-15T18:56:32.585+0000] {logging_mixin.py:190} INFO - [2025-12-15T18:56:32.584+0000] {override.py:1911} INFO - Created Permission View: can delete on DAG Run:latest_only
[2025-12-15T18:56:32.586+0000] {logging_mixin.py:190} INFO - [2025-12-15T18:56:32.586+0000] {dag.py:3239} INFO - Sync 1 DAGs
[2025-12-15T18:56:32.643+0000] {logging_mixin.py:190} INFO - [2025-12-15T18:56:32.642+0000] {dag.py:3262} INFO - Creating ORM DAG for latest_only
[2025-12-15T18:56:32.706+0000] {logging_mixin.py:190} INFO - [2025-12-15T18:56:32.705+0000] {dag.py:4180} INFO - Setting next_dagrun for latest_only to 2025-12-15 12:00:00+00:00, run_after=2025-12-15 16:00:00+00:00
[2025-12-15T18:56:33.624+0000] {processor.py:208} INFO - Processing /home/airflow/.local/lib/python3.12/site-packages/airflow/example_dags/example_latest_only.py took 1.502 seconds
[2025-12-15T18:57:05.357+0000] {processor.py:186} INFO - Started process (PID=752) to work on /home/airflow/.local/lib/python3.12/site-packages/airflow/example_dags/example_latest_only.py
[2025-12-15T18:57:05.360+0000] {processor.py:914} INFO - Processing file /home/airflow/.local/lib/python3.12/site-packages/airflow/example_dags/example_latest_only.py for tasks to queue
[2025-12-15T18:57:05.367+0000] {logging_mixin.py:190} INFO - [2025-12-15T18:57:05.366+0000] {dagbag.py:588} INFO - Filling up the DagBag from /home/airflow/.local/lib/python3.12/site-packages/airflow/example_dags/example_latest_only.py
[2025-12-15T18:57:05.399+0000] {processor.py:925} INFO - DAG(s) 'latest_only' retrieved from /home/airflow/.local/lib/python3.12/site-packages/airflow/example_dags/example_latest_only.py
[2025-12-15T18:57:05.466+0000] {logging_mixin.py:190} INFO - [2025-12-15T18:57:05.465+0000] {dag.py:3239} INFO - Sync 1 DAGs
[2025-12-15T18:57:05.545+0000] {logging_mixin.py:190} INFO - [2025-12-15T18:57:05.545+0000] {dag.py:4180} INFO - Setting next_dagrun for latest_only to 2025-12-15 12:00:00+00:00, run_after=2025-12-15 16:00:00+00:00
[2025-12-15T18:57:05.602+0000] {processor.py:208} INFO - Processing /home/airflow/.local/lib/python3.12/site-packages/airflow/example_dags/example_latest_only.py took 0.271 seconds
[2025-12-15T18:57:06.778+0000] {processor.py:186} INFO - Started process (PID=767) to work on /home/airflow/.local/lib/python3.12/site-packages/airflow/example_dags/example_latest_only.py
[2025-12-15T18:57:06.781+0000] {processor.py:914} INFO - Processing file /home/airflow/.local/lib/python3.12/site-packages/airflow/example_dags/example_latest_only.py for tasks to queue
[2025-12-15T18:57:06.787+0000] {logging_mixin.py:190} INFO - [2025-12-15T18:57:06.786+0000] {dagbag.py:588} INFO - Filling up the DagBag from /home/airflow/.local/lib/python3.12/site-packages/airflow/example_dags/example_latest_only.py
[2025-12-15T18:57:06.811+0000] {processor.py:925} INFO - DAG(s) 'latest_only' retrieved from /home/airflow/.local/lib/python3.12/site-packages/airflow/example_dags/example_latest_only.py
[2025-12-15T18:57:06.873+0000] {logging_mixin.py:190} INFO - [2025-12-15T18:57:06.872+0000] {dag.py:3239} INFO - Sync 1 DAGs
[2025-12-15T18:57:06.947+0000] {logging_mixin.py:190} INFO - [2025-12-15T18:57:06.947+0000] {dag.py:4180} INFO - Setting next_dagrun for latest_only to 2025-12-15 12:00:00+00:00, run_after=2025-12-15 16:00:00+00:00
[2025-12-15T18:57:06.999+0000] {processor.py:208} INFO - Processing /home/airflow/.local/lib/python3.12/site-packages/airflow/example_dags/example_latest_only.py took 0.239 seconds
[2025-12-15T18:57:42.857+0000] {processor.py:186} INFO - Started process (PID=1054) to work on /home/airflow/.local/lib/python3.12/site-packages/airflow/example_dags/example_latest_only.py
[2025-12-15T18:57:42.860+0000] {processor.py:914} INFO - Processing file /home/airflow/.local/lib/python3.12/site-packages/airflow/example_dags/example_latest_only.py for tasks to queue
[2025-12-15T18:57:42.866+0000] {logging_mixin.py:190} INFO - [2025-12-15T18:57:42.866+0000] {dagbag.py:588} INFO - Filling up the DagBag from /home/airflow/.local/lib/python3.12/site-packages/airflow/example_dags/example_latest_only.py
[2025-12-15T18:57:42.882+0000] {processor.py:925} INFO - DAG(s) 'latest_only' retrieved from /home/airflow/.local/lib/python3.12/site-packages/airflow/example_dags/example_latest_only.py
[2025-12-15T18:57:43.002+0000] {logging_mixin.py:190} INFO - [2025-12-15T18:57:43.002+0000] {dag.py:3239} INFO - Sync 1 DAGs
[2025-12-15T18:57:43.056+0000] {logging_mixin.py:190} INFO - [2025-12-15T18:57:43.056+0000] {dag.py:4180} INFO - Setting next_dagrun for latest_only to 2025-12-15 12:00:00+00:00, run_after=2025-12-15 16:00:00+00:00
[2025-12-15T18:57:43.678+0000] {processor.py:208} INFO - Processing /home/airflow/.local/lib/python3.12/site-packages/airflow/example_dags/example_latest_only.py took 0.834 seconds
[2025-12-15T18:58:19.255+0000] {processor.py:186} INFO - Started process (PID=1351) to work on /home/airflow/.local/lib/python3.12/site-packages/airflow/example_dags/example_latest_only.py
[2025-12-15T18:58:19.258+0000] {processor.py:914} INFO - Processing file /home/airflow/.local/lib/python3.12/site-packages/airflow/example_dags/example_latest_only.py for tasks to queue
[2025-12-15T18:58:19.265+0000] {logging_mixin.py:190} INFO - [2025-12-15T18:58:19.264+0000] {dagbag.py:588} INFO - Filling up the DagBag from /home/airflow/.local/lib/python3.12/site-packages/airflow/example_dags/example_latest_only.py
[2025-12-15T18:58:19.284+0000] {processor.py:925} INFO - DAG(s) 'latest_only' retrieved from /home/airflow/.local/lib/python3.12/site-packages/airflow/example_dags/example_latest_only.py
[2025-12-15T18:58:19.336+0000] {logging_mixin.py:190} INFO - [2025-12-15T18:58:19.335+0000] {dag.py:3239} INFO - Sync 1 DAGs
[2025-12-15T18:58:19.395+0000] {logging_mixin.py:190} INFO - [2025-12-15T18:58:19.394+0000] {dag.py:4180} INFO - Setting next_dagrun for latest_only to 2025-12-15 12:00:00+00:00, run_after=2025-12-15 16:00:00+00:00
[2025-12-15T18:58:19.502+0000] {processor.py:208} INFO - Processing /home/airflow/.local/lib/python3.12/site-packages/airflow/example_dags/example_latest_only.py took 0.263 seconds
[2025-12-15T18:58:52.235+0000] {processor.py:186} INFO - Started process (PID=1632) to work on /home/airflow/.local/lib/python3.12/site-packages/airflow/example_dags/example_latest_only.py
[2025-12-15T18:58:52.237+0000] {processor.py:914} INFO - Processing file /home/airflow/.local/lib/python3.12/site-packages/airflow/example_dags/example_latest_only.py for tasks to queue
[2025-12-15T18:58:52.242+0000] {logging_mixin.py:190} INFO - [2025-12-15T18:58:52.241+0000] {dagbag.py:588} INFO - Filling up the DagBag from /home/airflow/.local/lib/python3.12/site-packages/airflow/example_dags/example_latest_only.py
[2025-12-15T18:58:52.269+0000] {processor.py:925} INFO - DAG(s) 'latest_only' retrieved from /home/airflow/.local/lib/python3.12/site-packages/airflow/example_dags/example_latest_only.py
[2025-12-15T18:58:52.347+0000] {logging_mixin.py:190} INFO - [2025-12-15T18:58:52.346+0000] {dag.py:3239} INFO - Sync 1 DAGs
[2025-12-15T18:58:52.397+0000] {logging_mixin.py:190} INFO - [2025-12-15T18:58:52.397+0000] {dag.py:4180} INFO - Setting next_dagrun for latest_only to 2025-12-15 12:00:00+00:00, run_after=2025-12-15 16:00:00+00:00
[2025-12-15T18:58:52.474+0000] {processor.py:208} INFO - Processing /home/airflow/.local/lib/python3.12/site-packages/airflow/example_dags/example_latest_only.py took 0.254 seconds
[2025-12-15T18:59:59.933+0000] {processor.py:186} INFO - Started process (PID=2042) to work on /home/airflow/.local/lib/python3.12/site-packages/airflow/example_dags/example_latest_only.py
[2025-12-15T18:59:59.964+0000] {processor.py:914} INFO - Processing file /home/airflow/.local/lib/python3.12/site-packages/airflow/example_dags/example_latest_only.py for tasks to queue
[2025-12-15T19:00:00.236+0000] {logging_mixin.py:190} INFO - [2025-12-15T19:00:00.234+0000] {dagbag.py:588} INFO - Filling up the DagBag from /home/airflow/.local/lib/python3.12/site-packages/airflow/example_dags/example_latest_only.py
[2025-12-15T19:00:00.563+0000] {processor.py:925} INFO - DAG(s) 'latest_only' retrieved from /home/airflow/.local/lib/python3.12/site-packages/airflow/example_dags/example_latest_only.py
[2025-12-15T19:00:01.695+0000] {logging_mixin.py:190} INFO - [2025-12-15T19:00:01.692+0000] {dag.py:3239} INFO - Sync 1 DAGs
[2025-12-15T19:00:05.891+0000] {logging_mixin.py:190} INFO - [2025-12-15T19:00:05.883+0000] {dag.py:4180} INFO - Setting next_dagrun for latest_only to 2025-12-15 12:00:00+00:00, run_after=2025-12-15 16:00:00+00:00
[2025-12-15T19:00:06.118+0000] {processor.py:208} INFO - Processing /home/airflow/.local/lib/python3.12/site-packages/airflow/example_dags/example_latest_only.py took 6.220 seconds
[2025-12-15T19:01:58.061+0000] {processor.py:186} INFO - Started process (PID=2365) to work on /home/airflow/.local/lib/python3.12/site-packages/airflow/example_dags/example_latest_only.py
[2025-12-15T19:01:58.063+0000] {processor.py:914} INFO - Processing file /home/airflow/.local/lib/python3.12/site-packages/airflow/example_dags/example_latest_only.py for tasks to queue
[2025-12-15T19:01:58.069+0000] {logging_mixin.py:190} INFO - [2025-12-15T19:01:58.067+0000] {dagbag.py:588} INFO - Filling up the DagBag from /home/airflow/.local/lib/python3.12/site-packages/airflow/example_dags/example_latest_only.py
[2025-12-15T19:01:58.087+0000] {processor.py:925} INFO - DAG(s) 'latest_only' retrieved from /home/airflow/.local/lib/python3.12/site-packages/airflow/example_dags/example_latest_only.py
[2025-12-15T19:01:58.129+0000] {logging_mixin.py:190} INFO - [2025-12-15T19:01:58.129+0000] {dag.py:3239} INFO - Sync 1 DAGs
[2025-12-15T19:01:58.189+0000] {logging_mixin.py:190} INFO - [2025-12-15T19:01:58.189+0000] {dag.py:4180} INFO - Setting next_dagrun for latest_only to 2025-12-15 12:00:00+00:00, run_after=2025-12-15 16:00:00+00:00
[2025-12-15T19:01:58.236+0000] {processor.py:208} INFO - Processing /home/airflow/.local/lib/python3.12/site-packages/airflow/example_dags/example_latest_only.py took 0.188 seconds
[2025-12-15T19:02:33.393+0000] {processor.py:186} INFO - Started process (PID=2741) to work on /home/airflow/.local/lib/python3.12/site-packages/airflow/example_dags/example_latest_only.py
[2025-12-15T19:02:33.396+0000] {processor.py:914} INFO - Processing file /home/airflow/.local/lib/python3.12/site-packages/airflow/example_dags/example_latest_only.py for tasks to queue
[2025-12-15T19:02:33.400+0000] {logging_mixin.py:190} INFO - [2025-12-15T19:02:33.399+0000] {dagbag.py:588} INFO - Filling up the DagBag from /home/airflow/.local/lib/python3.12/site-packages/airflow/example_dags/example_latest_only.py
[2025-12-15T19:02:33.420+0000] {processor.py:925} INFO - DAG(s) 'latest_only' retrieved from /home/airflow/.local/lib/python3.12/site-packages/airflow/example_dags/example_latest_only.py
[2025-12-15T19:02:33.469+0000] {logging_mixin.py:190} INFO - [2025-12-15T19:02:33.468+0000] {dag.py:3239} INFO - Sync 1 DAGs
[2025-12-15T19:02:33.531+0000] {logging_mixin.py:190} INFO - [2025-12-15T19:02:33.531+0000] {dag.py:4180} INFO - Setting next_dagrun for latest_only to 2025-12-15 12:00:00+00:00, run_after=2025-12-15 16:00:00+00:00
[2025-12-15T19:02:33.582+0000] {processor.py:208} INFO - Processing /home/airflow/.local/lib/python3.12/site-packages/airflow/example_dags/example_latest_only.py took 0.211 seconds
[2025-12-15T19:03:08.234+0000] {processor.py:186} INFO - Started process (PID=3052) to work on /home/airflow/.local/lib/python3.12/site-packages/airflow/example_dags/example_latest_only.py
[2025-12-15T19:03:08.237+0000] {processor.py:914} INFO - Processing file /home/airflow/.local/lib/python3.12/site-packages/airflow/example_dags/example_latest_only.py for tasks to queue
[2025-12-15T19:03:08.242+0000] {logging_mixin.py:190} INFO - [2025-12-15T19:03:08.241+0000] {dagbag.py:588} INFO - Filling up the DagBag from /home/airflow/.local/lib/python3.12/site-packages/airflow/example_dags/example_latest_only.py
[2025-12-15T19:03:08.263+0000] {processor.py:925} INFO - DAG(s) 'latest_only' retrieved from /home/airflow/.local/lib/python3.12/site-packages/airflow/example_dags/example_latest_only.py
[2025-12-15T19:03:08.318+0000] {logging_mixin.py:190} INFO - [2025-12-15T19:03:08.315+0000] {dag.py:3239} INFO - Sync 1 DAGs
[2025-12-15T19:03:08.376+0000] {logging_mixin.py:190} INFO - [2025-12-15T19:03:08.376+0000] {dag.py:4180} INFO - Setting next_dagrun for latest_only to 2025-12-15 12:00:00+00:00, run_after=2025-12-15 16:00:00+00:00
[2025-12-15T19:03:08.418+0000] {processor.py:208} INFO - Processing /home/airflow/.local/lib/python3.12/site-packages/airflow/example_dags/example_latest_only.py took 0.198 seconds
[2025-12-15T19:03:40.465+0000] {processor.py:186} INFO - Started process (PID=3343) to work on /home/airflow/.local/lib/python3.12/site-packages/airflow/example_dags/example_latest_only.py
[2025-12-15T19:03:40.469+0000] {processor.py:914} INFO - Processing file /home/airflow/.local/lib/python3.12/site-packages/airflow/example_dags/example_latest_only.py for tasks to queue
[2025-12-15T19:03:40.494+0000] {logging_mixin.py:190} INFO - [2025-12-15T19:03:40.484+0000] {dagbag.py:588} INFO - Filling up the DagBag from /home/airflow/.local/lib/python3.12/site-packages/airflow/example_dags/example_latest_only.py
[2025-12-15T19:03:40.569+0000] {processor.py:925} INFO - DAG(s) 'latest_only' retrieved from /home/airflow/.local/lib/python3.12/site-packages/airflow/example_dags/example_latest_only.py
[2025-12-15T19:03:40.690+0000] {logging_mixin.py:190} INFO - [2025-12-15T19:03:40.690+0000] {dag.py:3239} INFO - Sync 1 DAGs
[2025-12-15T19:03:40.790+0000] {logging_mixin.py:190} INFO - [2025-12-15T19:03:40.790+0000] {dag.py:4180} INFO - Setting next_dagrun for latest_only to 2025-12-15 12:00:00+00:00, run_after=2025-12-15 16:00:00+00:00
[2025-12-15T19:03:41.477+0000] {processor.py:208} INFO - Processing /home/airflow/.local/lib/python3.12/site-packages/airflow/example_dags/example_latest_only.py took 1.085 seconds
[2025-12-15T19:04:12.415+0000] {processor.py:186} INFO - Started process (PID=3636) to work on /home/airflow/.local/lib/python3.12/site-packages/airflow/example_dags/example_latest_only.py
[2025-12-15T19:04:12.423+0000] {processor.py:914} INFO - Processing file /home/airflow/.local/lib/python3.12/site-packages/airflow/example_dags/example_latest_only.py for tasks to queue
[2025-12-15T19:04:12.427+0000] {logging_mixin.py:190} INFO - [2025-12-15T19:04:12.427+0000] {dagbag.py:588} INFO - Filling up the DagBag from /home/airflow/.local/lib/python3.12/site-packages/airflow/example_dags/example_latest_only.py
[2025-12-15T19:04:12.441+0000] {processor.py:925} INFO - DAG(s) 'latest_only' retrieved from /home/airflow/.local/lib/python3.12/site-packages/airflow/example_dags/example_latest_only.py
[2025-12-15T19:04:12.477+0000] {logging_mixin.py:190} INFO - [2025-12-15T19:04:12.476+0000] {dag.py:3239} INFO - Sync 1 DAGs
[2025-12-15T19:04:12.523+0000] {logging_mixin.py:190} INFO - [2025-12-15T19:04:12.523+0000] {dag.py:4180} INFO - Setting next_dagrun for latest_only to 2025-12-15 12:00:00+00:00, run_after=2025-12-15 16:00:00+00:00
[2025-12-15T19:04:12.558+0000] {processor.py:208} INFO - Processing /home/airflow/.local/lib/python3.12/site-packages/airflow/example_dags/example_latest_only.py took 0.153 seconds
[2025-12-15T19:04:45.845+0000] {processor.py:186} INFO - Started process (PID=3927) to work on /home/airflow/.local/lib/python3.12/site-packages/airflow/example_dags/example_latest_only.py
[2025-12-15T19:04:45.846+0000] {processor.py:914} INFO - Processing file /home/airflow/.local/lib/python3.12/site-packages/airflow/example_dags/example_latest_only.py for tasks to queue
[2025-12-15T19:04:45.850+0000] {logging_mixin.py:190} INFO - [2025-12-15T19:04:45.849+0000] {dagbag.py:588} INFO - Filling up the DagBag from /home/airflow/.local/lib/python3.12/site-packages/airflow/example_dags/example_latest_only.py
[2025-12-15T19:04:45.862+0000] {processor.py:925} INFO - DAG(s) 'latest_only' retrieved from /home/airflow/.local/lib/python3.12/site-packages/airflow/example_dags/example_latest_only.py
[2025-12-15T19:04:45.890+0000] {logging_mixin.py:190} INFO - [2025-12-15T19:04:45.890+0000] {dag.py:3239} INFO - Sync 1 DAGs
[2025-12-15T19:04:45.925+0000] {logging_mixin.py:190} INFO - [2025-12-15T19:04:45.925+0000] {dag.py:4180} INFO - Setting next_dagrun for latest_only to 2025-12-15 12:00:00+00:00, run_after=2025-12-15 16:00:00+00:00
[2025-12-15T19:04:45.957+0000] {processor.py:208} INFO - Processing /home/airflow/.local/lib/python3.12/site-packages/airflow/example_dags/example_latest_only.py took 0.122 seconds
[2025-12-15T19:05:18.234+0000] {processor.py:186} INFO - Started process (PID=4216) to work on /home/airflow/.local/lib/python3.12/site-packages/airflow/example_dags/example_latest_only.py
[2025-12-15T19:05:18.236+0000] {processor.py:914} INFO - Processing file /home/airflow/.local/lib/python3.12/site-packages/airflow/example_dags/example_latest_only.py for tasks to queue
[2025-12-15T19:05:18.240+0000] {logging_mixin.py:190} INFO - [2025-12-15T19:05:18.240+0000] {dagbag.py:588} INFO - Filling up the DagBag from /home/airflow/.local/lib/python3.12/site-packages/airflow/example_dags/example_latest_only.py
[2025-12-15T19:05:18.255+0000] {processor.py:925} INFO - DAG(s) 'latest_only' retrieved from /home/airflow/.local/lib/python3.12/site-packages/airflow/example_dags/example_latest_only.py
[2025-12-15T19:05:18.293+0000] {logging_mixin.py:190} INFO - [2025-12-15T19:05:18.292+0000] {dag.py:3239} INFO - Sync 1 DAGs
[2025-12-15T19:05:18.333+0000] {logging_mixin.py:190} INFO - [2025-12-15T19:05:18.332+0000] {dag.py:4180} INFO - Setting next_dagrun for latest_only to 2025-12-15 12:00:00+00:00, run_after=2025-12-15 16:00:00+00:00
[2025-12-15T19:05:18.371+0000] {processor.py:208} INFO - Processing /home/airflow/.local/lib/python3.12/site-packages/airflow/example_dags/example_latest_only.py took 0.148 seconds
[2025-12-15T19:05:49.333+0000] {processor.py:186} INFO - Started process (PID=4507) to work on /home/airflow/.local/lib/python3.12/site-packages/airflow/example_dags/example_latest_only.py
[2025-12-15T19:05:49.334+0000] {processor.py:914} INFO - Processing file /home/airflow/.local/lib/python3.12/site-packages/airflow/example_dags/example_latest_only.py for tasks to queue
[2025-12-15T19:05:49.338+0000] {logging_mixin.py:190} INFO - [2025-12-15T19:05:49.337+0000] {dagbag.py:588} INFO - Filling up the DagBag from /home/airflow/.local/lib/python3.12/site-packages/airflow/example_dags/example_latest_only.py
[2025-12-15T19:05:49.351+0000] {processor.py:925} INFO - DAG(s) 'latest_only' retrieved from /home/airflow/.local/lib/python3.12/site-packages/airflow/example_dags/example_latest_only.py
[2025-12-15T19:05:49.383+0000] {logging_mixin.py:190} INFO - [2025-12-15T19:05:49.383+0000] {dag.py:3239} INFO - Sync 1 DAGs
[2025-12-15T19:05:49.420+0000] {logging_mixin.py:190} INFO - [2025-12-15T19:05:49.420+0000] {dag.py:4180} INFO - Setting next_dagrun for latest_only to 2025-12-15 12:00:00+00:00, run_after=2025-12-15 16:00:00+00:00
[2025-12-15T19:05:49.447+0000] {processor.py:208} INFO - Processing /home/airflow/.local/lib/python3.12/site-packages/airflow/example_dags/example_latest_only.py took 0.123 seconds
[2025-12-15T19:06:23.531+0000] {processor.py:186} INFO - Started process (PID=4798) to work on /home/airflow/.local/lib/python3.12/site-packages/airflow/example_dags/example_latest_only.py
[2025-12-15T19:06:23.539+0000] {processor.py:914} INFO - Processing file /home/airflow/.local/lib/python3.12/site-packages/airflow/example_dags/example_latest_only.py for tasks to queue
[2025-12-15T19:06:23.543+0000] {logging_mixin.py:190} INFO - [2025-12-15T19:06:23.542+0000] {dagbag.py:588} INFO - Filling up the DagBag from /home/airflow/.local/lib/python3.12/site-packages/airflow/example_dags/example_latest_only.py
[2025-12-15T19:06:23.556+0000] {processor.py:925} INFO - DAG(s) 'latest_only' retrieved from /home/airflow/.local/lib/python3.12/site-packages/airflow/example_dags/example_latest_only.py
[2025-12-15T19:06:23.590+0000] {logging_mixin.py:190} INFO - [2025-12-15T19:06:23.589+0000] {dag.py:3239} INFO - Sync 1 DAGs
[2025-12-15T19:06:23.629+0000] {logging_mixin.py:190} INFO - [2025-12-15T19:06:23.629+0000] {dag.py:4180} INFO - Setting next_dagrun for latest_only to 2025-12-15 12:00:00+00:00, run_after=2025-12-15 16:00:00+00:00
[2025-12-15T19:06:23.676+0000] {processor.py:208} INFO - Processing /home/airflow/.local/lib/python3.12/site-packages/airflow/example_dags/example_latest_only.py took 0.156 seconds
[2025-12-15T19:06:56.246+0000] {processor.py:186} INFO - Started process (PID=5089) to work on /home/airflow/.local/lib/python3.12/site-packages/airflow/example_dags/example_latest_only.py
[2025-12-15T19:06:56.247+0000] {processor.py:914} INFO - Processing file /home/airflow/.local/lib/python3.12/site-packages/airflow/example_dags/example_latest_only.py for tasks to queue
[2025-12-15T19:06:56.251+0000] {logging_mixin.py:190} INFO - [2025-12-15T19:06:56.250+0000] {dagbag.py:588} INFO - Filling up the DagBag from /home/airflow/.local/lib/python3.12/site-packages/airflow/example_dags/example_latest_only.py
[2025-12-15T19:06:56.267+0000] {processor.py:925} INFO - DAG(s) 'latest_only' retrieved from /home/airflow/.local/lib/python3.12/site-packages/airflow/example_dags/example_latest_only.py
[2025-12-15T19:06:56.306+0000] {logging_mixin.py:190} INFO - [2025-12-15T19:06:56.305+0000] {dag.py:3239} INFO - Sync 1 DAGs
[2025-12-15T19:06:56.345+0000] {logging_mixin.py:190} INFO - [2025-12-15T19:06:56.344+0000] {dag.py:4180} INFO - Setting next_dagrun for latest_only to 2025-12-15 12:00:00+00:00, run_after=2025-12-15 16:00:00+00:00
[2025-12-15T19:06:56.378+0000] {processor.py:208} INFO - Processing /home/airflow/.local/lib/python3.12/site-packages/airflow/example_dags/example_latest_only.py took 0.143 seconds
[2025-12-15T19:07:33.151+0000] {processor.py:186} INFO - Started process (PID=5380) to work on /home/airflow/.local/lib/python3.12/site-packages/airflow/example_dags/example_latest_only.py
[2025-12-15T19:07:33.153+0000] {processor.py:914} INFO - Processing file /home/airflow/.local/lib/python3.12/site-packages/airflow/example_dags/example_latest_only.py for tasks to queue
[2025-12-15T19:07:33.158+0000] {logging_mixin.py:190} INFO - [2025-12-15T19:07:33.157+0000] {dagbag.py:588} INFO - Filling up the DagBag from /home/airflow/.local/lib/python3.12/site-packages/airflow/example_dags/example_latest_only.py
[2025-12-15T19:07:33.170+0000] {processor.py:925} INFO - DAG(s) 'latest_only' retrieved from /home/airflow/.local/lib/python3.12/site-packages/airflow/example_dags/example_latest_only.py
[2025-12-15T19:07:33.202+0000] {logging_mixin.py:190} INFO - [2025-12-15T19:07:33.202+0000] {dag.py:3239} INFO - Sync 1 DAGs
[2025-12-15T19:07:33.238+0000] {logging_mixin.py:190} INFO - [2025-12-15T19:07:33.238+0000] {dag.py:4180} INFO - Setting next_dagrun for latest_only to 2025-12-15 12:00:00+00:00, run_after=2025-12-15 16:00:00+00:00
[2025-12-15T19:07:33.270+0000] {processor.py:208} INFO - Processing /home/airflow/.local/lib/python3.12/site-packages/airflow/example_dags/example_latest_only.py took 0.132 seconds
[2025-12-15T19:08:05.062+0000] {processor.py:186} INFO - Started process (PID=5671) to work on /home/airflow/.local/lib/python3.12/site-packages/airflow/example_dags/example_latest_only.py
[2025-12-15T19:08:05.065+0000] {processor.py:914} INFO - Processing file /home/airflow/.local/lib/python3.12/site-packages/airflow/example_dags/example_latest_only.py for tasks to queue
[2025-12-15T19:08:05.071+0000] {logging_mixin.py:190} INFO - [2025-12-15T19:08:05.070+0000] {dagbag.py:588} INFO - Filling up the DagBag from /home/airflow/.local/lib/python3.12/site-packages/airflow/example_dags/example_latest_only.py
[2025-12-15T19:08:05.085+0000] {processor.py:925} INFO - DAG(s) 'latest_only' retrieved from /home/airflow/.local/lib/python3.12/site-packages/airflow/example_dags/example_latest_only.py
[2025-12-15T19:08:05.119+0000] {logging_mixin.py:190} INFO - [2025-12-15T19:08:05.119+0000] {dag.py:3239} INFO - Sync 1 DAGs
[2025-12-15T19:08:05.164+0000] {logging_mixin.py:190} INFO - [2025-12-15T19:08:05.164+0000] {dag.py:4180} INFO - Setting next_dagrun for latest_only to 2025-12-15 12:00:00+00:00, run_after=2025-12-15 16:00:00+00:00
[2025-12-15T19:08:05.195+0000] {processor.py:208} INFO - Processing /home/airflow/.local/lib/python3.12/site-packages/airflow/example_dags/example_latest_only.py took 0.147 seconds
[2025-12-15T19:08:40.569+0000] {processor.py:186} INFO - Started process (PID=5964) to work on /home/airflow/.local/lib/python3.12/site-packages/airflow/example_dags/example_latest_only.py
[2025-12-15T19:08:40.573+0000] {processor.py:914} INFO - Processing file /home/airflow/.local/lib/python3.12/site-packages/airflow/example_dags/example_latest_only.py for tasks to queue
[2025-12-15T19:08:40.578+0000] {logging_mixin.py:190} INFO - [2025-12-15T19:08:40.578+0000] {dagbag.py:588} INFO - Filling up the DagBag from /home/airflow/.local/lib/python3.12/site-packages/airflow/example_dags/example_latest_only.py
[2025-12-15T19:08:40.596+0000] {processor.py:925} INFO - DAG(s) 'latest_only' retrieved from /home/airflow/.local/lib/python3.12/site-packages/airflow/example_dags/example_latest_only.py
[2025-12-15T19:08:40.636+0000] {logging_mixin.py:190} INFO - [2025-12-15T19:08:40.635+0000] {dag.py:3239} INFO - Sync 1 DAGs
[2025-12-15T19:08:40.688+0000] {logging_mixin.py:190} INFO - [2025-12-15T19:08:40.688+0000] {dag.py:4180} INFO - Setting next_dagrun for latest_only to 2025-12-15 12:00:00+00:00, run_after=2025-12-15 16:00:00+00:00
[2025-12-15T19:08:40.730+0000] {processor.py:208} INFO - Processing /home/airflow/.local/lib/python3.12/site-packages/airflow/example_dags/example_latest_only.py took 0.172 seconds
[2025-12-15T19:09:11.514+0000] {processor.py:186} INFO - Started process (PID=6253) to work on /home/airflow/.local/lib/python3.12/site-packages/airflow/example_dags/example_latest_only.py
[2025-12-15T19:09:11.517+0000] {processor.py:914} INFO - Processing file /home/airflow/.local/lib/python3.12/site-packages/airflow/example_dags/example_latest_only.py for tasks to queue
[2025-12-15T19:09:11.521+0000] {logging_mixin.py:190} INFO - [2025-12-15T19:09:11.521+0000] {dagbag.py:588} INFO - Filling up the DagBag from /home/airflow/.local/lib/python3.12/site-packages/airflow/example_dags/example_latest_only.py
[2025-12-15T19:09:11.532+0000] {processor.py:925} INFO - DAG(s) 'latest_only' retrieved from /home/airflow/.local/lib/python3.12/site-packages/airflow/example_dags/example_latest_only.py
[2025-12-15T19:09:11.561+0000] {logging_mixin.py:190} INFO - [2025-12-15T19:09:11.561+0000] {dag.py:3239} INFO - Sync 1 DAGs
[2025-12-15T19:09:11.604+0000] {logging_mixin.py:190} INFO - [2025-12-15T19:09:11.603+0000] {dag.py:4180} INFO - Setting next_dagrun for latest_only to 2025-12-15 12:00:00+00:00, run_after=2025-12-15 16:00:00+00:00
[2025-12-15T19:09:11.635+0000] {processor.py:208} INFO - Processing /home/airflow/.local/lib/python3.12/site-packages/airflow/example_dags/example_latest_only.py took 0.129 seconds
[2025-12-15T19:09:45.020+0000] {processor.py:186} INFO - Started process (PID=6544) to work on /home/airflow/.local/lib/python3.12/site-packages/airflow/example_dags/example_latest_only.py
[2025-12-15T19:09:45.029+0000] {processor.py:914} INFO - Processing file /home/airflow/.local/lib/python3.12/site-packages/airflow/example_dags/example_latest_only.py for tasks to queue
[2025-12-15T19:09:45.041+0000] {logging_mixin.py:190} INFO - [2025-12-15T19:09:45.040+0000] {dagbag.py:588} INFO - Filling up the DagBag from /home/airflow/.local/lib/python3.12/site-packages/airflow/example_dags/example_latest_only.py
[2025-12-15T19:09:45.117+0000] {processor.py:925} INFO - DAG(s) 'latest_only' retrieved from /home/airflow/.local/lib/python3.12/site-packages/airflow/example_dags/example_latest_only.py
[2025-12-15T19:09:45.251+0000] {logging_mixin.py:190} INFO - [2025-12-15T19:09:45.250+0000] {dag.py:3239} INFO - Sync 1 DAGs
[2025-12-15T19:09:45.402+0000] {logging_mixin.py:190} INFO - [2025-12-15T19:09:45.402+0000] {dag.py:4180} INFO - Setting next_dagrun for latest_only to 2025-12-15 12:00:00+00:00, run_after=2025-12-15 16:00:00+00:00
[2025-12-15T19:09:45.513+0000] {processor.py:208} INFO - Processing /home/airflow/.local/lib/python3.12/site-packages/airflow/example_dags/example_latest_only.py took 0.533 seconds
[2025-12-15T19:10:16.338+0000] {processor.py:186} INFO - Started process (PID=6835) to work on /home/airflow/.local/lib/python3.12/site-packages/airflow/example_dags/example_latest_only.py
[2025-12-15T19:10:16.341+0000] {processor.py:914} INFO - Processing file /home/airflow/.local/lib/python3.12/site-packages/airflow/example_dags/example_latest_only.py for tasks to queue
[2025-12-15T19:10:16.346+0000] {logging_mixin.py:190} INFO - [2025-12-15T19:10:16.345+0000] {dagbag.py:588} INFO - Filling up the DagBag from /home/airflow/.local/lib/python3.12/site-packages/airflow/example_dags/example_latest_only.py
[2025-12-15T19:10:16.367+0000] {processor.py:925} INFO - DAG(s) 'latest_only' retrieved from /home/airflow/.local/lib/python3.12/site-packages/airflow/example_dags/example_latest_only.py
[2025-12-15T19:10:16.413+0000] {logging_mixin.py:190} INFO - [2025-12-15T19:10:16.412+0000] {dag.py:3239} INFO - Sync 1 DAGs
[2025-12-15T19:10:16.471+0000] {logging_mixin.py:190} INFO - [2025-12-15T19:10:16.471+0000] {dag.py:4180} INFO - Setting next_dagrun for latest_only to 2025-12-15 12:00:00+00:00, run_after=2025-12-15 16:00:00+00:00
[2025-12-15T19:10:16.515+0000] {processor.py:208} INFO - Processing /home/airflow/.local/lib/python3.12/site-packages/airflow/example_dags/example_latest_only.py took 0.196 seconds
[2025-12-15T19:10:49.303+0000] {processor.py:186} INFO - Started process (PID=7129) to work on /home/airflow/.local/lib/python3.12/site-packages/airflow/example_dags/example_latest_only.py
[2025-12-15T19:10:49.324+0000] {processor.py:914} INFO - Processing file /home/airflow/.local/lib/python3.12/site-packages/airflow/example_dags/example_latest_only.py for tasks to queue
[2025-12-15T19:10:49.328+0000] {logging_mixin.py:190} INFO - [2025-12-15T19:10:49.328+0000] {dagbag.py:588} INFO - Filling up the DagBag from /home/airflow/.local/lib/python3.12/site-packages/airflow/example_dags/example_latest_only.py
[2025-12-15T19:10:49.345+0000] {processor.py:925} INFO - DAG(s) 'latest_only' retrieved from /home/airflow/.local/lib/python3.12/site-packages/airflow/example_dags/example_latest_only.py
[2025-12-15T19:10:49.382+0000] {logging_mixin.py:190} INFO - [2025-12-15T19:10:49.381+0000] {dag.py:3239} INFO - Sync 1 DAGs
[2025-12-15T19:10:49.444+0000] {logging_mixin.py:190} INFO - [2025-12-15T19:10:49.444+0000] {dag.py:4180} INFO - Setting next_dagrun for latest_only to 2025-12-15 12:00:00+00:00, run_after=2025-12-15 16:00:00+00:00
[2025-12-15T19:10:49.483+0000] {processor.py:208} INFO - Processing /home/airflow/.local/lib/python3.12/site-packages/airflow/example_dags/example_latest_only.py took 0.192 seconds
[2025-12-15T19:11:19.774+0000] {processor.py:186} INFO - Started process (PID=7418) to work on /home/airflow/.local/lib/python3.12/site-packages/airflow/example_dags/example_latest_only.py
[2025-12-15T19:11:19.792+0000] {processor.py:914} INFO - Processing file /home/airflow/.local/lib/python3.12/site-packages/airflow/example_dags/example_latest_only.py for tasks to queue
[2025-12-15T19:11:19.795+0000] {logging_mixin.py:190} INFO - [2025-12-15T19:11:19.795+0000] {dagbag.py:588} INFO - Filling up the DagBag from /home/airflow/.local/lib/python3.12/site-packages/airflow/example_dags/example_latest_only.py
[2025-12-15T19:11:19.807+0000] {processor.py:925} INFO - DAG(s) 'latest_only' retrieved from /home/airflow/.local/lib/python3.12/site-packages/airflow/example_dags/example_latest_only.py
[2025-12-15T19:11:19.835+0000] {logging_mixin.py:190} INFO - [2025-12-15T19:11:19.835+0000] {dag.py:3239} INFO - Sync 1 DAGs
[2025-12-15T19:11:19.871+0000] {logging_mixin.py:190} INFO - [2025-12-15T19:11:19.871+0000] {dag.py:4180} INFO - Setting next_dagrun for latest_only to 2025-12-15 12:00:00+00:00, run_after=2025-12-15 16:00:00+00:00
[2025-12-15T19:11:19.900+0000] {processor.py:208} INFO - Processing /home/airflow/.local/lib/python3.12/site-packages/airflow/example_dags/example_latest_only.py took 0.135 seconds
[2025-12-15T19:11:51.593+0000] {processor.py:186} INFO - Started process (PID=7709) to work on /home/airflow/.local/lib/python3.12/site-packages/airflow/example_dags/example_latest_only.py
[2025-12-15T19:11:51.595+0000] {processor.py:914} INFO - Processing file /home/airflow/.local/lib/python3.12/site-packages/airflow/example_dags/example_latest_only.py for tasks to queue
[2025-12-15T19:11:51.597+0000] {logging_mixin.py:190} INFO - [2025-12-15T19:11:51.596+0000] {dagbag.py:588} INFO - Filling up the DagBag from /home/airflow/.local/lib/python3.12/site-packages/airflow/example_dags/example_latest_only.py
[2025-12-15T19:11:51.612+0000] {processor.py:925} INFO - DAG(s) 'latest_only' retrieved from /home/airflow/.local/lib/python3.12/site-packages/airflow/example_dags/example_latest_only.py
[2025-12-15T19:11:51.648+0000] {logging_mixin.py:190} INFO - [2025-12-15T19:11:51.648+0000] {dag.py:3239} INFO - Sync 1 DAGs
[2025-12-15T19:11:51.694+0000] {logging_mixin.py:190} INFO - [2025-12-15T19:11:51.694+0000] {dag.py:4180} INFO - Setting next_dagrun for latest_only to 2025-12-15 12:00:00+00:00, run_after=2025-12-15 16:00:00+00:00
[2025-12-15T19:11:51.727+0000] {processor.py:208} INFO - Processing /home/airflow/.local/lib/python3.12/site-packages/airflow/example_dags/example_latest_only.py took 0.146 seconds
[2025-12-15T19:12:23.117+0000] {processor.py:186} INFO - Started process (PID=8000) to work on /home/airflow/.local/lib/python3.12/site-packages/airflow/example_dags/example_latest_only.py
[2025-12-15T19:12:23.119+0000] {processor.py:914} INFO - Processing file /home/airflow/.local/lib/python3.12/site-packages/airflow/example_dags/example_latest_only.py for tasks to queue
[2025-12-15T19:12:23.121+0000] {logging_mixin.py:190} INFO - [2025-12-15T19:12:23.120+0000] {dagbag.py:588} INFO - Filling up the DagBag from /home/airflow/.local/lib/python3.12/site-packages/airflow/example_dags/example_latest_only.py
[2025-12-15T19:12:23.137+0000] {processor.py:925} INFO - DAG(s) 'latest_only' retrieved from /home/airflow/.local/lib/python3.12/site-packages/airflow/example_dags/example_latest_only.py
[2025-12-15T19:12:23.168+0000] {logging_mixin.py:190} INFO - [2025-12-15T19:12:23.167+0000] {dag.py:3239} INFO - Sync 1 DAGs
[2025-12-15T19:12:23.206+0000] {logging_mixin.py:190} INFO - [2025-12-15T19:12:23.205+0000] {dag.py:4180} INFO - Setting next_dagrun for latest_only to 2025-12-15 12:00:00+00:00, run_after=2025-12-15 16:00:00+00:00
[2025-12-15T19:12:23.255+0000] {processor.py:208} INFO - Processing /home/airflow/.local/lib/python3.12/site-packages/airflow/example_dags/example_latest_only.py took 0.153 seconds
[2025-12-15T19:12:54.585+0000] {processor.py:186} INFO - Started process (PID=8296) to work on /home/airflow/.local/lib/python3.12/site-packages/airflow/example_dags/example_latest_only.py
[2025-12-15T19:12:54.586+0000] {processor.py:914} INFO - Processing file /home/airflow/.local/lib/python3.12/site-packages/airflow/example_dags/example_latest_only.py for tasks to queue
[2025-12-15T19:12:54.588+0000] {logging_mixin.py:190} INFO - [2025-12-15T19:12:54.588+0000] {dagbag.py:588} INFO - Filling up the DagBag from /home/airflow/.local/lib/python3.12/site-packages/airflow/example_dags/example_latest_only.py
[2025-12-15T19:12:54.599+0000] {processor.py:925} INFO - DAG(s) 'latest_only' retrieved from /home/airflow/.local/lib/python3.12/site-packages/airflow/example_dags/example_latest_only.py
[2025-12-15T19:12:54.627+0000] {logging_mixin.py:190} INFO - [2025-12-15T19:12:54.627+0000] {dag.py:3239} INFO - Sync 1 DAGs
[2025-12-15T19:12:54.661+0000] {logging_mixin.py:190} INFO - [2025-12-15T19:12:54.660+0000] {dag.py:4180} INFO - Setting next_dagrun for latest_only to 2025-12-15 12:00:00+00:00, run_after=2025-12-15 16:00:00+00:00
[2025-12-15T19:12:54.708+0000] {processor.py:208} INFO - Processing /home/airflow/.local/lib/python3.12/site-packages/airflow/example_dags/example_latest_only.py took 0.132 seconds
[2025-12-15T19:13:30.329+0000] {processor.py:186} INFO - Started process (PID=8598) to work on /home/airflow/.local/lib/python3.12/site-packages/airflow/example_dags/example_latest_only.py
[2025-12-15T19:13:30.331+0000] {processor.py:914} INFO - Processing file /home/airflow/.local/lib/python3.12/site-packages/airflow/example_dags/example_latest_only.py for tasks to queue
[2025-12-15T19:13:30.340+0000] {logging_mixin.py:190} INFO - [2025-12-15T19:13:30.338+0000] {dagbag.py:588} INFO - Filling up the DagBag from /home/airflow/.local/lib/python3.12/site-packages/airflow/example_dags/example_latest_only.py
[2025-12-15T19:13:30.363+0000] {processor.py:925} INFO - DAG(s) 'latest_only' retrieved from /home/airflow/.local/lib/python3.12/site-packages/airflow/example_dags/example_latest_only.py
[2025-12-15T19:13:30.444+0000] {logging_mixin.py:190} INFO - [2025-12-15T19:13:30.442+0000] {dag.py:3239} INFO - Sync 1 DAGs
[2025-12-15T19:13:30.512+0000] {logging_mixin.py:190} INFO - [2025-12-15T19:13:30.512+0000] {dag.py:4180} INFO - Setting next_dagrun for latest_only to 2025-12-15 12:00:00+00:00, run_after=2025-12-15 16:00:00+00:00
[2025-12-15T19:13:30.563+0000] {processor.py:208} INFO - Processing /home/airflow/.local/lib/python3.12/site-packages/airflow/example_dags/example_latest_only.py took 0.252 seconds
[2025-12-15T19:14:01.861+0000] {processor.py:186} INFO - Started process (PID=8889) to work on /home/airflow/.local/lib/python3.12/site-packages/airflow/example_dags/example_latest_only.py
[2025-12-15T19:14:01.865+0000] {processor.py:914} INFO - Processing file /home/airflow/.local/lib/python3.12/site-packages/airflow/example_dags/example_latest_only.py for tasks to queue
[2025-12-15T19:14:01.868+0000] {logging_mixin.py:190} INFO - [2025-12-15T19:14:01.868+0000] {dagbag.py:588} INFO - Filling up the DagBag from /home/airflow/.local/lib/python3.12/site-packages/airflow/example_dags/example_latest_only.py
[2025-12-15T19:14:01.897+0000] {processor.py:925} INFO - DAG(s) 'latest_only' retrieved from /home/airflow/.local/lib/python3.12/site-packages/airflow/example_dags/example_latest_only.py
[2025-12-15T19:14:01.973+0000] {logging_mixin.py:190} INFO - [2025-12-15T19:14:01.972+0000] {dag.py:3239} INFO - Sync 1 DAGs
[2025-12-15T19:14:02.075+0000] {logging_mixin.py:190} INFO - [2025-12-15T19:14:02.075+0000] {dag.py:4180} INFO - Setting next_dagrun for latest_only to 2025-12-15 12:00:00+00:00, run_after=2025-12-15 16:00:00+00:00
[2025-12-15T19:14:02.145+0000] {processor.py:208} INFO - Processing /home/airflow/.local/lib/python3.12/site-packages/airflow/example_dags/example_latest_only.py took 0.307 seconds
[2025-12-15T19:14:32.355+0000] {processor.py:186} INFO - Started process (PID=9180) to work on /home/airflow/.local/lib/python3.12/site-packages/airflow/example_dags/example_latest_only.py
[2025-12-15T19:14:32.357+0000] {processor.py:914} INFO - Processing file /home/airflow/.local/lib/python3.12/site-packages/airflow/example_dags/example_latest_only.py for tasks to queue
[2025-12-15T19:14:32.359+0000] {logging_mixin.py:190} INFO - [2025-12-15T19:14:32.359+0000] {dagbag.py:588} INFO - Filling up the DagBag from /home/airflow/.local/lib/python3.12/site-packages/airflow/example_dags/example_latest_only.py
[2025-12-15T19:14:32.375+0000] {processor.py:925} INFO - DAG(s) 'latest_only' retrieved from /home/airflow/.local/lib/python3.12/site-packages/airflow/example_dags/example_latest_only.py
[2025-12-15T19:14:32.405+0000] {logging_mixin.py:190} INFO - [2025-12-15T19:14:32.405+0000] {dag.py:3239} INFO - Sync 1 DAGs
[2025-12-15T19:14:32.444+0000] {logging_mixin.py:190} INFO - [2025-12-15T19:14:32.444+0000] {dag.py:4180} INFO - Setting next_dagrun for latest_only to 2025-12-15 12:00:00+00:00, run_after=2025-12-15 16:00:00+00:00
[2025-12-15T19:14:32.476+0000] {processor.py:208} INFO - Processing /home/airflow/.local/lib/python3.12/site-packages/airflow/example_dags/example_latest_only.py took 0.133 seconds
[2025-12-15T19:15:06.404+0000] {processor.py:186} INFO - Started process (PID=9476) to work on /home/airflow/.local/lib/python3.12/site-packages/airflow/example_dags/example_latest_only.py
[2025-12-15T19:15:06.406+0000] {processor.py:914} INFO - Processing file /home/airflow/.local/lib/python3.12/site-packages/airflow/example_dags/example_latest_only.py for tasks to queue
[2025-12-15T19:15:06.408+0000] {logging_mixin.py:190} INFO - [2025-12-15T19:15:06.408+0000] {dagbag.py:588} INFO - Filling up the DagBag from /home/airflow/.local/lib/python3.12/site-packages/airflow/example_dags/example_latest_only.py
[2025-12-15T19:15:06.432+0000] {processor.py:925} INFO - DAG(s) 'latest_only' retrieved from /home/airflow/.local/lib/python3.12/site-packages/airflow/example_dags/example_latest_only.py
[2025-12-15T19:15:06.474+0000] {logging_mixin.py:190} INFO - [2025-12-15T19:15:06.474+0000] {dag.py:3239} INFO - Sync 1 DAGs
[2025-12-15T19:15:06.539+0000] {logging_mixin.py:190} INFO - [2025-12-15T19:15:06.538+0000] {dag.py:4180} INFO - Setting next_dagrun for latest_only to 2025-12-15 12:00:00+00:00, run_after=2025-12-15 16:00:00+00:00
[2025-12-15T19:15:06.582+0000] {processor.py:208} INFO - Processing /home/airflow/.local/lib/python3.12/site-packages/airflow/example_dags/example_latest_only.py took 0.193 seconds
[2025-12-15T19:15:39.420+0000] {processor.py:186} INFO - Started process (PID=9767) to work on /home/airflow/.local/lib/python3.12/site-packages/airflow/example_dags/example_latest_only.py
[2025-12-15T19:15:39.423+0000] {processor.py:914} INFO - Processing file /home/airflow/.local/lib/python3.12/site-packages/airflow/example_dags/example_latest_only.py for tasks to queue
[2025-12-15T19:15:39.425+0000] {logging_mixin.py:190} INFO - [2025-12-15T19:15:39.424+0000] {dagbag.py:588} INFO - Filling up the DagBag from /home/airflow/.local/lib/python3.12/site-packages/airflow/example_dags/example_latest_only.py
[2025-12-15T19:15:39.446+0000] {processor.py:925} INFO - DAG(s) 'latest_only' retrieved from /home/airflow/.local/lib/python3.12/site-packages/airflow/example_dags/example_latest_only.py
[2025-12-15T19:15:39.484+0000] {logging_mixin.py:190} INFO - [2025-12-15T19:15:39.484+0000] {dag.py:3239} INFO - Sync 1 DAGs
[2025-12-15T19:15:39.533+0000] {logging_mixin.py:190} INFO - [2025-12-15T19:15:39.533+0000] {dag.py:4180} INFO - Setting next_dagrun for latest_only to 2025-12-15 12:00:00+00:00, run_after=2025-12-15 16:00:00+00:00
[2025-12-15T19:15:39.572+0000] {processor.py:208} INFO - Processing /home/airflow/.local/lib/python3.12/site-packages/airflow/example_dags/example_latest_only.py took 0.163 seconds
[2025-12-15T19:16:10.869+0000] {processor.py:186} INFO - Started process (PID=10063) to work on /home/airflow/.local/lib/python3.12/site-packages/airflow/example_dags/example_latest_only.py
[2025-12-15T19:16:10.874+0000] {processor.py:914} INFO - Processing file /home/airflow/.local/lib/python3.12/site-packages/airflow/example_dags/example_latest_only.py for tasks to queue
[2025-12-15T19:16:10.877+0000] {logging_mixin.py:190} INFO - [2025-12-15T19:16:10.876+0000] {dagbag.py:588} INFO - Filling up the DagBag from /home/airflow/.local/lib/python3.12/site-packages/airflow/example_dags/example_latest_only.py
[2025-12-15T19:16:10.891+0000] {processor.py:925} INFO - DAG(s) 'latest_only' retrieved from /home/airflow/.local/lib/python3.12/site-packages/airflow/example_dags/example_latest_only.py
[2025-12-15T19:16:10.927+0000] {logging_mixin.py:190} INFO - [2025-12-15T19:16:10.927+0000] {dag.py:3239} INFO - Sync 1 DAGs
[2025-12-15T19:16:11.032+0000] {logging_mixin.py:190} INFO - [2025-12-15T19:16:11.032+0000] {dag.py:4180} INFO - Setting next_dagrun for latest_only to 2025-12-15 12:00:00+00:00, run_after=2025-12-15 16:00:00+00:00
[2025-12-15T19:16:11.177+0000] {processor.py:208} INFO - Processing /home/airflow/.local/lib/python3.12/site-packages/airflow/example_dags/example_latest_only.py took 0.319 seconds
[2025-12-15T19:16:44.124+0000] {processor.py:186} INFO - Started process (PID=10354) to work on /home/airflow/.local/lib/python3.12/site-packages/airflow/example_dags/example_latest_only.py
[2025-12-15T19:16:44.148+0000] {processor.py:914} INFO - Processing file /home/airflow/.local/lib/python3.12/site-packages/airflow/example_dags/example_latest_only.py for tasks to queue
[2025-12-15T19:16:44.180+0000] {logging_mixin.py:190} INFO - [2025-12-15T19:16:44.178+0000] {dagbag.py:588} INFO - Filling up the DagBag from /home/airflow/.local/lib/python3.12/site-packages/airflow/example_dags/example_latest_only.py
[2025-12-15T19:16:44.233+0000] {processor.py:925} INFO - DAG(s) 'latest_only' retrieved from /home/airflow/.local/lib/python3.12/site-packages/airflow/example_dags/example_latest_only.py
[2025-12-15T19:16:44.371+0000] {logging_mixin.py:190} INFO - [2025-12-15T19:16:44.365+0000] {dag.py:3239} INFO - Sync 1 DAGs
[2025-12-15T19:16:44.518+0000] {logging_mixin.py:190} INFO - [2025-12-15T19:16:44.518+0000] {dag.py:4180} INFO - Setting next_dagrun for latest_only to 2025-12-15 12:00:00+00:00, run_after=2025-12-15 16:00:00+00:00
[2025-12-15T19:16:44.657+0000] {processor.py:208} INFO - Processing /home/airflow/.local/lib/python3.12/site-packages/airflow/example_dags/example_latest_only.py took 0.583 seconds
[2025-12-15T19:17:27.508+0000] {processor.py:186} INFO - Started process (PID=10750) to work on /home/airflow/.local/lib/python3.12/site-packages/airflow/example_dags/example_latest_only.py
[2025-12-15T19:17:27.510+0000] {processor.py:914} INFO - Processing file /home/airflow/.local/lib/python3.12/site-packages/airflow/example_dags/example_latest_only.py for tasks to queue
[2025-12-15T19:17:27.511+0000] {logging_mixin.py:190} INFO - [2025-12-15T19:17:27.511+0000] {dagbag.py:588} INFO - Filling up the DagBag from /home/airflow/.local/lib/python3.12/site-packages/airflow/example_dags/example_latest_only.py
[2025-12-15T19:17:27.538+0000] {processor.py:925} INFO - DAG(s) 'latest_only' retrieved from /home/airflow/.local/lib/python3.12/site-packages/airflow/example_dags/example_latest_only.py
[2025-12-15T19:17:27.588+0000] {logging_mixin.py:190} INFO - [2025-12-15T19:17:27.588+0000] {dag.py:3239} INFO - Sync 1 DAGs
[2025-12-15T19:17:27.663+0000] {logging_mixin.py:190} INFO - [2025-12-15T19:17:27.663+0000] {dag.py:4180} INFO - Setting next_dagrun for latest_only to 2025-12-15 12:00:00+00:00, run_after=2025-12-15 16:00:00+00:00
[2025-12-15T19:17:27.715+0000] {processor.py:208} INFO - Processing /home/airflow/.local/lib/python3.12/site-packages/airflow/example_dags/example_latest_only.py took 0.224 seconds
[2025-12-15T19:17:58.802+0000] {processor.py:186} INFO - Started process (PID=11050) to work on /home/airflow/.local/lib/python3.12/site-packages/airflow/example_dags/example_latest_only.py
[2025-12-15T19:17:58.806+0000] {processor.py:914} INFO - Processing file /home/airflow/.local/lib/python3.12/site-packages/airflow/example_dags/example_latest_only.py for tasks to queue
[2025-12-15T19:17:58.819+0000] {logging_mixin.py:190} INFO - [2025-12-15T19:17:58.818+0000] {dagbag.py:588} INFO - Filling up the DagBag from /home/airflow/.local/lib/python3.12/site-packages/airflow/example_dags/example_latest_only.py
[2025-12-15T19:16:13.811+0000] {processor.py:925} INFO - DAG(s) 'latest_only' retrieved from /home/airflow/.local/lib/python3.12/site-packages/airflow/example_dags/example_latest_only.py
[2025-12-15T19:16:13.929+0000] {logging_mixin.py:190} INFO - [2025-12-15T19:16:13.929+0000] {dag.py:3239} INFO - Sync 1 DAGs
[2025-12-15T19:18:00.307+0000] {logging_mixin.py:190} INFO - [2025-12-15T19:18:00.305+0000] {dag.py:4180} INFO - Setting next_dagrun for latest_only to 2025-12-15 12:00:00+00:00, run_after=2025-12-15 16:00:00+00:00
[2025-12-15T19:18:00.402+0000] {processor.py:208} INFO - Processing /home/airflow/.local/lib/python3.12/site-packages/airflow/example_dags/example_latest_only.py took 0.551 seconds
[2025-12-15T19:18:32.305+0000] {processor.py:186} INFO - Started process (PID=11344) to work on /home/airflow/.local/lib/python3.12/site-packages/airflow/example_dags/example_latest_only.py
[2025-12-15T19:18:32.307+0000] {processor.py:914} INFO - Processing file /home/airflow/.local/lib/python3.12/site-packages/airflow/example_dags/example_latest_only.py for tasks to queue
[2025-12-15T19:18:32.317+0000] {logging_mixin.py:190} INFO - [2025-12-15T19:18:32.313+0000] {dagbag.py:588} INFO - Filling up the DagBag from /home/airflow/.local/lib/python3.12/site-packages/airflow/example_dags/example_latest_only.py
[2025-12-15T19:18:32.359+0000] {processor.py:925} INFO - DAG(s) 'latest_only' retrieved from /home/airflow/.local/lib/python3.12/site-packages/airflow/example_dags/example_latest_only.py
[2025-12-15T19:18:32.453+0000] {logging_mixin.py:190} INFO - [2025-12-15T19:18:32.443+0000] {dag.py:3239} INFO - Sync 1 DAGs
[2025-12-15T19:18:32.723+0000] {logging_mixin.py:190} INFO - [2025-12-15T19:18:32.723+0000] {dag.py:4180} INFO - Setting next_dagrun for latest_only to 2025-12-15 12:00:00+00:00, run_after=2025-12-15 16:00:00+00:00
[2025-12-15T19:18:32.813+0000] {processor.py:208} INFO - Processing /home/airflow/.local/lib/python3.12/site-packages/airflow/example_dags/example_latest_only.py took 0.537 seconds
[2025-12-15T19:19:06.395+0000] {processor.py:186} INFO - Started process (PID=11645) to work on /home/airflow/.local/lib/python3.12/site-packages/airflow/example_dags/example_latest_only.py
[2025-12-15T19:19:06.408+0000] {processor.py:914} INFO - Processing file /home/airflow/.local/lib/python3.12/site-packages/airflow/example_dags/example_latest_only.py for tasks to queue
[2025-12-15T19:19:06.413+0000] {logging_mixin.py:190} INFO - [2025-12-15T19:19:06.412+0000] {dagbag.py:588} INFO - Filling up the DagBag from /home/airflow/.local/lib/python3.12/site-packages/airflow/example_dags/example_latest_only.py
[2025-12-15T19:19:06.502+0000] {processor.py:925} INFO - DAG(s) 'latest_only' retrieved from /home/airflow/.local/lib/python3.12/site-packages/airflow/example_dags/example_latest_only.py
[2025-12-15T19:19:06.613+0000] {logging_mixin.py:190} INFO - [2025-12-15T19:19:06.613+0000] {dag.py:3239} INFO - Sync 1 DAGs
[2025-12-15T19:19:06.753+0000] {logging_mixin.py:190} INFO - [2025-12-15T19:19:06.752+0000] {dag.py:4180} INFO - Setting next_dagrun for latest_only to 2025-12-15 12:00:00+00:00, run_after=2025-12-15 16:00:00+00:00
[2025-12-15T19:19:06.867+0000] {processor.py:208} INFO - Processing /home/airflow/.local/lib/python3.12/site-packages/airflow/example_dags/example_latest_only.py took 0.536 seconds
