[2025-12-15T18:56:09.148+0000] {processor.py:186} INFO - Started process (PID=345) to work on /home/airflow/.local/lib/python3.12/site-packages/airflow/example_dags/example_short_circuit_decorator.py
[2025-12-15T18:56:09.150+0000] {processor.py:914} INFO - Processing file /home/airflow/.local/lib/python3.12/site-packages/airflow/example_dags/example_short_circuit_decorator.py for tasks to queue
[2025-12-15T18:56:09.157+0000] {logging_mixin.py:190} INFO - [2025-12-15T18:56:09.156+0000] {dagbag.py:588} INFO - Filling up the DagBag from /home/airflow/.local/lib/python3.12/site-packages/airflow/example_dags/example_short_circuit_decorator.py
[2025-12-15T18:56:09.242+0000] {processor.py:925} INFO - DAG(s) 'example_short_circuit_decorator' retrieved from /home/airflow/.local/lib/python3.12/site-packages/airflow/example_dags/example_short_circuit_decorator.py
[2025-12-15T18:56:09.973+0000] {logging_mixin.py:190} INFO - [2025-12-15T18:56:09.971+0000] {override.py:1911} INFO - Created Permission View: can read on DAG:example_short_circuit_decorator
[2025-12-15T18:56:10.039+0000] {logging_mixin.py:190} INFO - [2025-12-15T18:56:10.038+0000] {override.py:1911} INFO - Created Permission View: can edit on DAG:example_short_circuit_decorator
[2025-12-15T18:56:10.068+0000] {logging_mixin.py:190} INFO - [2025-12-15T18:56:10.067+0000] {override.py:1911} INFO - Created Permission View: can delete on DAG:example_short_circuit_decorator
[2025-12-15T18:56:10.200+0000] {logging_mixin.py:190} INFO - [2025-12-15T18:56:10.199+0000] {override.py:1911} INFO - Created Permission View: can read on DAG Run:example_short_circuit_decorator
[2025-12-15T18:56:10.465+0000] {logging_mixin.py:190} INFO - [2025-12-15T18:56:10.465+0000] {override.py:1911} INFO - Created Permission View: menu access on DAG Run:example_short_circuit_decorator
[2025-12-15T18:56:10.505+0000] {logging_mixin.py:190} INFO - [2025-12-15T18:56:10.505+0000] {override.py:1911} INFO - Created Permission View: can create on DAG Run:example_short_circuit_decorator
[2025-12-15T18:56:10.719+0000] {logging_mixin.py:190} INFO - [2025-12-15T18:56:10.718+0000] {override.py:1911} INFO - Created Permission View: can delete on DAG Run:example_short_circuit_decorator
[2025-12-15T18:56:10.720+0000] {logging_mixin.py:190} INFO - [2025-12-15T18:56:10.720+0000] {dag.py:3239} INFO - Sync 1 DAGs
[2025-12-15T18:56:10.883+0000] {logging_mixin.py:190} INFO - [2025-12-15T18:56:10.883+0000] {dag.py:3262} INFO - Creating ORM DAG for example_short_circuit_decorator
[2025-12-15T18:56:10.886+0000] {logging_mixin.py:190} INFO - [2025-12-15T18:56:10.885+0000] {dag.py:4180} INFO - Setting next_dagrun for example_short_circuit_decorator to None, run_after=None
[2025-12-15T18:56:11.020+0000] {processor.py:208} INFO - Processing /home/airflow/.local/lib/python3.12/site-packages/airflow/example_dags/example_short_circuit_decorator.py took 1.888 seconds
[2025-12-15T18:56:55.156+0000] {processor.py:186} INFO - Started process (PID=634) to work on /home/airflow/.local/lib/python3.12/site-packages/airflow/example_dags/example_short_circuit_decorator.py
[2025-12-15T18:56:55.159+0000] {processor.py:914} INFO - Processing file /home/airflow/.local/lib/python3.12/site-packages/airflow/example_dags/example_short_circuit_decorator.py for tasks to queue
[2025-12-15T18:56:55.165+0000] {logging_mixin.py:190} INFO - [2025-12-15T18:56:55.165+0000] {dagbag.py:588} INFO - Filling up the DagBag from /home/airflow/.local/lib/python3.12/site-packages/airflow/example_dags/example_short_circuit_decorator.py
[2025-12-15T18:56:55.205+0000] {processor.py:925} INFO - DAG(s) 'example_short_circuit_decorator' retrieved from /home/airflow/.local/lib/python3.12/site-packages/airflow/example_dags/example_short_circuit_decorator.py
[2025-12-15T18:56:55.286+0000] {logging_mixin.py:190} INFO - [2025-12-15T18:56:55.285+0000] {dag.py:3239} INFO - Sync 1 DAGs
[2025-12-15T18:56:55.359+0000] {logging_mixin.py:190} INFO - [2025-12-15T18:56:55.358+0000] {dag.py:4180} INFO - Setting next_dagrun for example_short_circuit_decorator to None, run_after=None
[2025-12-15T18:56:55.476+0000] {processor.py:208} INFO - Processing /home/airflow/.local/lib/python3.12/site-packages/airflow/example_dags/example_short_circuit_decorator.py took 0.340 seconds
[2025-12-15T18:57:31.179+0000] {processor.py:186} INFO - Started process (PID=941) to work on /home/airflow/.local/lib/python3.12/site-packages/airflow/example_dags/example_short_circuit_decorator.py
[2025-12-15T18:57:31.181+0000] {processor.py:914} INFO - Processing file /home/airflow/.local/lib/python3.12/site-packages/airflow/example_dags/example_short_circuit_decorator.py for tasks to queue
[2025-12-15T18:57:31.188+0000] {logging_mixin.py:190} INFO - [2025-12-15T18:57:31.187+0000] {dagbag.py:588} INFO - Filling up the DagBag from /home/airflow/.local/lib/python3.12/site-packages/airflow/example_dags/example_short_circuit_decorator.py
[2025-12-15T18:57:31.215+0000] {processor.py:925} INFO - DAG(s) 'example_short_circuit_decorator' retrieved from /home/airflow/.local/lib/python3.12/site-packages/airflow/example_dags/example_short_circuit_decorator.py
[2025-12-15T18:57:31.284+0000] {logging_mixin.py:190} INFO - [2025-12-15T18:57:31.283+0000] {dag.py:3239} INFO - Sync 1 DAGs
[2025-12-15T18:57:31.331+0000] {logging_mixin.py:190} INFO - [2025-12-15T18:57:31.331+0000] {dag.py:4180} INFO - Setting next_dagrun for example_short_circuit_decorator to None, run_after=None
[2025-12-15T18:57:31.387+0000] {processor.py:208} INFO - Processing /home/airflow/.local/lib/python3.12/site-packages/airflow/example_dags/example_short_circuit_decorator.py took 0.221 seconds
[2025-12-15T18:58:03.359+0000] {processor.py:186} INFO - Started process (PID=1231) to work on /home/airflow/.local/lib/python3.12/site-packages/airflow/example_dags/example_short_circuit_decorator.py
[2025-12-15T18:58:03.379+0000] {processor.py:914} INFO - Processing file /home/airflow/.local/lib/python3.12/site-packages/airflow/example_dags/example_short_circuit_decorator.py for tasks to queue
[2025-12-15T18:58:03.391+0000] {logging_mixin.py:190} INFO - [2025-12-15T18:58:03.391+0000] {dagbag.py:588} INFO - Filling up the DagBag from /home/airflow/.local/lib/python3.12/site-packages/airflow/example_dags/example_short_circuit_decorator.py
[2025-12-15T18:58:03.571+0000] {processor.py:925} INFO - DAG(s) 'example_short_circuit_decorator' retrieved from /home/airflow/.local/lib/python3.12/site-packages/airflow/example_dags/example_short_circuit_decorator.py
[2025-12-15T18:58:03.872+0000] {logging_mixin.py:190} INFO - [2025-12-15T18:58:03.872+0000] {dag.py:3239} INFO - Sync 1 DAGs
[2025-12-15T18:58:04.047+0000] {logging_mixin.py:190} INFO - [2025-12-15T18:58:04.047+0000] {dag.py:4180} INFO - Setting next_dagrun for example_short_circuit_decorator to None, run_after=None
[2025-12-15T18:58:04.168+0000] {processor.py:208} INFO - Processing /home/airflow/.local/lib/python3.12/site-packages/airflow/example_dags/example_short_circuit_decorator.py took 0.824 seconds
[2025-12-15T18:58:34.499+0000] {processor.py:186} INFO - Started process (PID=1524) to work on /home/airflow/.local/lib/python3.12/site-packages/airflow/example_dags/example_short_circuit_decorator.py
[2025-12-15T18:58:34.500+0000] {processor.py:914} INFO - Processing file /home/airflow/.local/lib/python3.12/site-packages/airflow/example_dags/example_short_circuit_decorator.py for tasks to queue
[2025-12-15T18:58:34.504+0000] {logging_mixin.py:190} INFO - [2025-12-15T18:58:34.503+0000] {dagbag.py:588} INFO - Filling up the DagBag from /home/airflow/.local/lib/python3.12/site-packages/airflow/example_dags/example_short_circuit_decorator.py
[2025-12-15T18:58:34.515+0000] {processor.py:925} INFO - DAG(s) 'example_short_circuit_decorator' retrieved from /home/airflow/.local/lib/python3.12/site-packages/airflow/example_dags/example_short_circuit_decorator.py
[2025-12-15T18:58:34.548+0000] {logging_mixin.py:190} INFO - [2025-12-15T18:58:34.547+0000] {dag.py:3239} INFO - Sync 1 DAGs
[2025-12-15T18:58:34.577+0000] {logging_mixin.py:190} INFO - [2025-12-15T18:58:34.577+0000] {dag.py:4180} INFO - Setting next_dagrun for example_short_circuit_decorator to None, run_after=None
[2025-12-15T18:58:34.609+0000] {processor.py:208} INFO - Processing /home/airflow/.local/lib/python3.12/site-packages/airflow/example_dags/example_short_circuit_decorator.py took 0.118 seconds
[2025-12-15T18:59:05.251+0000] {processor.py:186} INFO - Started process (PID=1815) to work on /home/airflow/.local/lib/python3.12/site-packages/airflow/example_dags/example_short_circuit_decorator.py
[2025-12-15T18:59:05.264+0000] {processor.py:914} INFO - Processing file /home/airflow/.local/lib/python3.12/site-packages/airflow/example_dags/example_short_circuit_decorator.py for tasks to queue
[2025-12-15T18:59:05.284+0000] {logging_mixin.py:190} INFO - [2025-12-15T18:59:05.282+0000] {dagbag.py:588} INFO - Filling up the DagBag from /home/airflow/.local/lib/python3.12/site-packages/airflow/example_dags/example_short_circuit_decorator.py
[2025-12-15T18:59:05.379+0000] {processor.py:925} INFO - DAG(s) 'example_short_circuit_decorator' retrieved from /home/airflow/.local/lib/python3.12/site-packages/airflow/example_dags/example_short_circuit_decorator.py
[2025-12-15T18:59:05.550+0000] {logging_mixin.py:190} INFO - [2025-12-15T18:59:05.549+0000] {dag.py:3239} INFO - Sync 1 DAGs
[2025-12-15T18:59:05.694+0000] {logging_mixin.py:190} INFO - [2025-12-15T18:59:05.694+0000] {dag.py:4180} INFO - Setting next_dagrun for example_short_circuit_decorator to None, run_after=None
[2025-12-15T18:59:05.854+0000] {processor.py:208} INFO - Processing /home/airflow/.local/lib/python3.12/site-packages/airflow/example_dags/example_short_circuit_decorator.py took 0.670 seconds
[2025-12-15T19:01:47.707+0000] {processor.py:186} INFO - Started process (PID=2254) to work on /home/airflow/.local/lib/python3.12/site-packages/airflow/example_dags/example_short_circuit_decorator.py
[2025-12-15T19:01:47.712+0000] {processor.py:914} INFO - Processing file /home/airflow/.local/lib/python3.12/site-packages/airflow/example_dags/example_short_circuit_decorator.py for tasks to queue
[2025-12-15T19:01:47.725+0000] {logging_mixin.py:190} INFO - [2025-12-15T19:01:47.724+0000] {dagbag.py:588} INFO - Filling up the DagBag from /home/airflow/.local/lib/python3.12/site-packages/airflow/example_dags/example_short_circuit_decorator.py
[2025-12-15T19:01:47.765+0000] {processor.py:925} INFO - DAG(s) 'example_short_circuit_decorator' retrieved from /home/airflow/.local/lib/python3.12/site-packages/airflow/example_dags/example_short_circuit_decorator.py
[2025-12-15T19:01:47.854+0000] {logging_mixin.py:190} INFO - [2025-12-15T19:01:47.853+0000] {dag.py:3239} INFO - Sync 1 DAGs
[2025-12-15T19:01:47.899+0000] {logging_mixin.py:190} INFO - [2025-12-15T19:01:47.899+0000] {dag.py:4180} INFO - Setting next_dagrun for example_short_circuit_decorator to None, run_after=None
[2025-12-15T19:01:47.960+0000] {processor.py:208} INFO - Processing /home/airflow/.local/lib/python3.12/site-packages/airflow/example_dags/example_short_circuit_decorator.py took 0.288 seconds
[2025-12-15T19:02:19.647+0000] {processor.py:186} INFO - Started process (PID=2545) to work on /home/airflow/.local/lib/python3.12/site-packages/airflow/example_dags/example_short_circuit_decorator.py
[2025-12-15T19:02:19.649+0000] {processor.py:914} INFO - Processing file /home/airflow/.local/lib/python3.12/site-packages/airflow/example_dags/example_short_circuit_decorator.py for tasks to queue
[2025-12-15T19:02:19.654+0000] {logging_mixin.py:190} INFO - [2025-12-15T19:02:19.654+0000] {dagbag.py:588} INFO - Filling up the DagBag from /home/airflow/.local/lib/python3.12/site-packages/airflow/example_dags/example_short_circuit_decorator.py
[2025-12-15T19:02:19.684+0000] {processor.py:925} INFO - DAG(s) 'example_short_circuit_decorator' retrieved from /home/airflow/.local/lib/python3.12/site-packages/airflow/example_dags/example_short_circuit_decorator.py
[2025-12-15T19:02:19.744+0000] {logging_mixin.py:190} INFO - [2025-12-15T19:02:19.743+0000] {dag.py:3239} INFO - Sync 1 DAGs
[2025-12-15T19:02:19.788+0000] {logging_mixin.py:190} INFO - [2025-12-15T19:02:19.788+0000] {dag.py:4180} INFO - Setting next_dagrun for example_short_circuit_decorator to None, run_after=None
[2025-12-15T19:02:19.848+0000] {processor.py:208} INFO - Processing /home/airflow/.local/lib/python3.12/site-packages/airflow/example_dags/example_short_circuit_decorator.py took 0.220 seconds
[2025-12-15T19:02:54.894+0000] {processor.py:186} INFO - Started process (PID=2846) to work on /home/airflow/.local/lib/python3.12/site-packages/airflow/example_dags/example_short_circuit_decorator.py
[2025-12-15T19:02:54.897+0000] {processor.py:914} INFO - Processing file /home/airflow/.local/lib/python3.12/site-packages/airflow/example_dags/example_short_circuit_decorator.py for tasks to queue
[2025-12-15T19:02:54.906+0000] {logging_mixin.py:190} INFO - [2025-12-15T19:02:54.905+0000] {dagbag.py:588} INFO - Filling up the DagBag from /home/airflow/.local/lib/python3.12/site-packages/airflow/example_dags/example_short_circuit_decorator.py
[2025-12-15T19:02:54.929+0000] {processor.py:925} INFO - DAG(s) 'example_short_circuit_decorator' retrieved from /home/airflow/.local/lib/python3.12/site-packages/airflow/example_dags/example_short_circuit_decorator.py
[2025-12-15T19:02:54.991+0000] {logging_mixin.py:190} INFO - [2025-12-15T19:02:54.991+0000] {dag.py:3239} INFO - Sync 1 DAGs
[2025-12-15T19:02:55.028+0000] {logging_mixin.py:190} INFO - [2025-12-15T19:02:55.028+0000] {dag.py:4180} INFO - Setting next_dagrun for example_short_circuit_decorator to None, run_after=None
[2025-12-15T19:02:55.071+0000] {processor.py:208} INFO - Processing /home/airflow/.local/lib/python3.12/site-packages/airflow/example_dags/example_short_circuit_decorator.py took 0.194 seconds
[2025-12-15T19:03:29.594+0000] {processor.py:186} INFO - Started process (PID=3143) to work on /home/airflow/.local/lib/python3.12/site-packages/airflow/example_dags/example_short_circuit_decorator.py
[2025-12-15T19:03:29.599+0000] {processor.py:914} INFO - Processing file /home/airflow/.local/lib/python3.12/site-packages/airflow/example_dags/example_short_circuit_decorator.py for tasks to queue
[2025-12-15T19:03:29.608+0000] {logging_mixin.py:190} INFO - [2025-12-15T19:03:29.607+0000] {dagbag.py:588} INFO - Filling up the DagBag from /home/airflow/.local/lib/python3.12/site-packages/airflow/example_dags/example_short_circuit_decorator.py
[2025-12-15T19:03:29.632+0000] {processor.py:925} INFO - DAG(s) 'example_short_circuit_decorator' retrieved from /home/airflow/.local/lib/python3.12/site-packages/airflow/example_dags/example_short_circuit_decorator.py
[2025-12-15T19:03:29.696+0000] {logging_mixin.py:190} INFO - [2025-12-15T19:03:29.696+0000] {dag.py:3239} INFO - Sync 1 DAGs
[2025-12-15T19:03:29.728+0000] {logging_mixin.py:190} INFO - [2025-12-15T19:03:29.727+0000] {dag.py:4180} INFO - Setting next_dagrun for example_short_circuit_decorator to None, run_after=None
[2025-12-15T19:03:29.767+0000] {processor.py:208} INFO - Processing /home/airflow/.local/lib/python3.12/site-packages/airflow/example_dags/example_short_circuit_decorator.py took 0.188 seconds
[2025-12-15T19:04:06.018+0000] {processor.py:186} INFO - Started process (PID=3439) to work on /home/airflow/.local/lib/python3.12/site-packages/airflow/example_dags/example_short_circuit_decorator.py
[2025-12-15T19:04:06.020+0000] {processor.py:914} INFO - Processing file /home/airflow/.local/lib/python3.12/site-packages/airflow/example_dags/example_short_circuit_decorator.py for tasks to queue
[2025-12-15T19:04:06.025+0000] {logging_mixin.py:190} INFO - [2025-12-15T19:04:06.024+0000] {dagbag.py:588} INFO - Filling up the DagBag from /home/airflow/.local/lib/python3.12/site-packages/airflow/example_dags/example_short_circuit_decorator.py
[2025-12-15T19:04:06.052+0000] {processor.py:925} INFO - DAG(s) 'example_short_circuit_decorator' retrieved from /home/airflow/.local/lib/python3.12/site-packages/airflow/example_dags/example_short_circuit_decorator.py
[2025-12-15T19:04:06.102+0000] {logging_mixin.py:190} INFO - [2025-12-15T19:04:06.101+0000] {dag.py:3239} INFO - Sync 1 DAGs
[2025-12-15T19:04:06.140+0000] {logging_mixin.py:190} INFO - [2025-12-15T19:04:06.140+0000] {dag.py:4180} INFO - Setting next_dagrun for example_short_circuit_decorator to None, run_after=None
[2025-12-15T19:04:06.186+0000] {processor.py:208} INFO - Processing /home/airflow/.local/lib/python3.12/site-packages/airflow/example_dags/example_short_circuit_decorator.py took 0.185 seconds
[2025-12-15T19:04:37.269+0000] {processor.py:186} INFO - Started process (PID=3730) to work on /home/airflow/.local/lib/python3.12/site-packages/airflow/example_dags/example_short_circuit_decorator.py
[2025-12-15T19:04:37.272+0000] {processor.py:914} INFO - Processing file /home/airflow/.local/lib/python3.12/site-packages/airflow/example_dags/example_short_circuit_decorator.py for tasks to queue
[2025-12-15T19:04:37.278+0000] {logging_mixin.py:190} INFO - [2025-12-15T19:04:37.277+0000] {dagbag.py:588} INFO - Filling up the DagBag from /home/airflow/.local/lib/python3.12/site-packages/airflow/example_dags/example_short_circuit_decorator.py
[2025-12-15T19:04:37.304+0000] {processor.py:925} INFO - DAG(s) 'example_short_circuit_decorator' retrieved from /home/airflow/.local/lib/python3.12/site-packages/airflow/example_dags/example_short_circuit_decorator.py
[2025-12-15T19:04:37.399+0000] {logging_mixin.py:190} INFO - [2025-12-15T19:04:37.398+0000] {dag.py:3239} INFO - Sync 1 DAGs
[2025-12-15T19:04:37.436+0000] {logging_mixin.py:190} INFO - [2025-12-15T19:04:37.436+0000] {dag.py:4180} INFO - Setting next_dagrun for example_short_circuit_decorator to None, run_after=None
[2025-12-15T19:04:37.497+0000] {processor.py:208} INFO - Processing /home/airflow/.local/lib/python3.12/site-packages/airflow/example_dags/example_short_circuit_decorator.py took 0.241 seconds
[2025-12-15T19:05:09.177+0000] {processor.py:186} INFO - Started process (PID=4023) to work on /home/airflow/.local/lib/python3.12/site-packages/airflow/example_dags/example_short_circuit_decorator.py
[2025-12-15T19:05:09.179+0000] {processor.py:914} INFO - Processing file /home/airflow/.local/lib/python3.12/site-packages/airflow/example_dags/example_short_circuit_decorator.py for tasks to queue
[2025-12-15T19:05:09.183+0000] {logging_mixin.py:190} INFO - [2025-12-15T19:05:09.182+0000] {dagbag.py:588} INFO - Filling up the DagBag from /home/airflow/.local/lib/python3.12/site-packages/airflow/example_dags/example_short_circuit_decorator.py
[2025-12-15T19:05:09.199+0000] {processor.py:925} INFO - DAG(s) 'example_short_circuit_decorator' retrieved from /home/airflow/.local/lib/python3.12/site-packages/airflow/example_dags/example_short_circuit_decorator.py
[2025-12-15T19:05:09.225+0000] {logging_mixin.py:190} INFO - [2025-12-15T19:05:09.225+0000] {dag.py:3239} INFO - Sync 1 DAGs
[2025-12-15T19:05:09.243+0000] {logging_mixin.py:190} INFO - [2025-12-15T19:05:09.243+0000] {dag.py:4180} INFO - Setting next_dagrun for example_short_circuit_decorator to None, run_after=None
[2025-12-15T19:05:09.279+0000] {processor.py:208} INFO - Processing /home/airflow/.local/lib/python3.12/site-packages/airflow/example_dags/example_short_circuit_decorator.py took 0.110 seconds
[2025-12-15T19:05:40.918+0000] {processor.py:186} INFO - Started process (PID=4312) to work on /home/airflow/.local/lib/python3.12/site-packages/airflow/example_dags/example_short_circuit_decorator.py
[2025-12-15T19:05:40.920+0000] {processor.py:914} INFO - Processing file /home/airflow/.local/lib/python3.12/site-packages/airflow/example_dags/example_short_circuit_decorator.py for tasks to queue
[2025-12-15T19:05:40.923+0000] {logging_mixin.py:190} INFO - [2025-12-15T19:05:40.922+0000] {dagbag.py:588} INFO - Filling up the DagBag from /home/airflow/.local/lib/python3.12/site-packages/airflow/example_dags/example_short_circuit_decorator.py
[2025-12-15T19:05:40.939+0000] {processor.py:925} INFO - DAG(s) 'example_short_circuit_decorator' retrieved from /home/airflow/.local/lib/python3.12/site-packages/airflow/example_dags/example_short_circuit_decorator.py
[2025-12-15T19:05:40.972+0000] {logging_mixin.py:190} INFO - [2025-12-15T19:05:40.971+0000] {dag.py:3239} INFO - Sync 1 DAGs
[2025-12-15T19:05:40.991+0000] {logging_mixin.py:190} INFO - [2025-12-15T19:05:40.990+0000] {dag.py:4180} INFO - Setting next_dagrun for example_short_circuit_decorator to None, run_after=None
[2025-12-15T19:05:41.041+0000] {processor.py:208} INFO - Processing /home/airflow/.local/lib/python3.12/site-packages/airflow/example_dags/example_short_circuit_decorator.py took 0.131 seconds
[2025-12-15T19:06:12.731+0000] {processor.py:186} INFO - Started process (PID=4603) to work on /home/airflow/.local/lib/python3.12/site-packages/airflow/example_dags/example_short_circuit_decorator.py
[2025-12-15T19:06:12.734+0000] {processor.py:914} INFO - Processing file /home/airflow/.local/lib/python3.12/site-packages/airflow/example_dags/example_short_circuit_decorator.py for tasks to queue
[2025-12-15T19:06:12.738+0000] {logging_mixin.py:190} INFO - [2025-12-15T19:06:12.738+0000] {dagbag.py:588} INFO - Filling up the DagBag from /home/airflow/.local/lib/python3.12/site-packages/airflow/example_dags/example_short_circuit_decorator.py
[2025-12-15T19:06:12.767+0000] {processor.py:925} INFO - DAG(s) 'example_short_circuit_decorator' retrieved from /home/airflow/.local/lib/python3.12/site-packages/airflow/example_dags/example_short_circuit_decorator.py
[2025-12-15T19:06:12.821+0000] {logging_mixin.py:190} INFO - [2025-12-15T19:06:12.821+0000] {dag.py:3239} INFO - Sync 1 DAGs
[2025-12-15T19:06:12.856+0000] {logging_mixin.py:190} INFO - [2025-12-15T19:06:12.856+0000] {dag.py:4180} INFO - Setting next_dagrun for example_short_circuit_decorator to None, run_after=None
[2025-12-15T19:06:12.912+0000] {processor.py:208} INFO - Processing /home/airflow/.local/lib/python3.12/site-packages/airflow/example_dags/example_short_circuit_decorator.py took 0.196 seconds
[2025-12-15T19:06:44.395+0000] {processor.py:186} INFO - Started process (PID=4894) to work on /home/airflow/.local/lib/python3.12/site-packages/airflow/example_dags/example_short_circuit_decorator.py
[2025-12-15T19:06:44.398+0000] {processor.py:914} INFO - Processing file /home/airflow/.local/lib/python3.12/site-packages/airflow/example_dags/example_short_circuit_decorator.py for tasks to queue
[2025-12-15T19:06:44.402+0000] {logging_mixin.py:190} INFO - [2025-12-15T19:06:44.402+0000] {dagbag.py:588} INFO - Filling up the DagBag from /home/airflow/.local/lib/python3.12/site-packages/airflow/example_dags/example_short_circuit_decorator.py
[2025-12-15T19:06:44.426+0000] {processor.py:925} INFO - DAG(s) 'example_short_circuit_decorator' retrieved from /home/airflow/.local/lib/python3.12/site-packages/airflow/example_dags/example_short_circuit_decorator.py
[2025-12-15T19:06:44.487+0000] {logging_mixin.py:190} INFO - [2025-12-15T19:06:44.487+0000] {dag.py:3239} INFO - Sync 1 DAGs
[2025-12-15T19:06:44.514+0000] {logging_mixin.py:190} INFO - [2025-12-15T19:06:44.514+0000] {dag.py:4180} INFO - Setting next_dagrun for example_short_circuit_decorator to None, run_after=None
[2025-12-15T19:06:44.555+0000] {processor.py:208} INFO - Processing /home/airflow/.local/lib/python3.12/site-packages/airflow/example_dags/example_short_circuit_decorator.py took 0.177 seconds
[2025-12-15T19:07:22.115+0000] {processor.py:186} INFO - Started process (PID=5185) to work on /home/airflow/.local/lib/python3.12/site-packages/airflow/example_dags/example_short_circuit_decorator.py
[2025-12-15T19:07:22.118+0000] {processor.py:914} INFO - Processing file /home/airflow/.local/lib/python3.12/site-packages/airflow/example_dags/example_short_circuit_decorator.py for tasks to queue
[2025-12-15T19:07:22.132+0000] {logging_mixin.py:190} INFO - [2025-12-15T19:07:22.131+0000] {dagbag.py:588} INFO - Filling up the DagBag from /home/airflow/.local/lib/python3.12/site-packages/airflow/example_dags/example_short_circuit_decorator.py
[2025-12-15T19:07:22.238+0000] {processor.py:925} INFO - DAG(s) 'example_short_circuit_decorator' retrieved from /home/airflow/.local/lib/python3.12/site-packages/airflow/example_dags/example_short_circuit_decorator.py
[2025-12-15T19:07:22.388+0000] {logging_mixin.py:190} INFO - [2025-12-15T19:07:22.388+0000] {dag.py:3239} INFO - Sync 1 DAGs
[2025-12-15T19:07:22.461+0000] {logging_mixin.py:190} INFO - [2025-12-15T19:07:22.460+0000] {dag.py:4180} INFO - Setting next_dagrun for example_short_circuit_decorator to None, run_after=None
[2025-12-15T19:07:22.572+0000] {processor.py:208} INFO - Processing /home/airflow/.local/lib/python3.12/site-packages/airflow/example_dags/example_short_circuit_decorator.py took 0.492 seconds
[2025-12-15T19:07:52.929+0000] {processor.py:186} INFO - Started process (PID=5473) to work on /home/airflow/.local/lib/python3.12/site-packages/airflow/example_dags/example_short_circuit_decorator.py
[2025-12-15T19:07:52.932+0000] {processor.py:914} INFO - Processing file /home/airflow/.local/lib/python3.12/site-packages/airflow/example_dags/example_short_circuit_decorator.py for tasks to queue
[2025-12-15T19:07:52.960+0000] {logging_mixin.py:190} INFO - [2025-12-15T19:07:52.948+0000] {dagbag.py:588} INFO - Filling up the DagBag from /home/airflow/.local/lib/python3.12/site-packages/airflow/example_dags/example_short_circuit_decorator.py
[2025-12-15T19:07:53.044+0000] {processor.py:925} INFO - DAG(s) 'example_short_circuit_decorator' retrieved from /home/airflow/.local/lib/python3.12/site-packages/airflow/example_dags/example_short_circuit_decorator.py
[2025-12-15T19:07:53.205+0000] {logging_mixin.py:190} INFO - [2025-12-15T19:07:53.204+0000] {dag.py:3239} INFO - Sync 1 DAGs
[2025-12-15T19:07:53.329+0000] {logging_mixin.py:190} INFO - [2025-12-15T19:07:53.329+0000] {dag.py:4180} INFO - Setting next_dagrun for example_short_circuit_decorator to None, run_after=None
[2025-12-15T19:07:53.458+0000] {processor.py:208} INFO - Processing /home/airflow/.local/lib/python3.12/site-packages/airflow/example_dags/example_short_circuit_decorator.py took 0.576 seconds
[2025-12-15T19:08:24.043+0000] {processor.py:186} INFO - Started process (PID=5762) to work on /home/airflow/.local/lib/python3.12/site-packages/airflow/example_dags/example_short_circuit_decorator.py
[2025-12-15T19:08:24.050+0000] {processor.py:914} INFO - Processing file /home/airflow/.local/lib/python3.12/site-packages/airflow/example_dags/example_short_circuit_decorator.py for tasks to queue
[2025-12-15T19:08:24.058+0000] {logging_mixin.py:190} INFO - [2025-12-15T19:08:24.057+0000] {dagbag.py:588} INFO - Filling up the DagBag from /home/airflow/.local/lib/python3.12/site-packages/airflow/example_dags/example_short_circuit_decorator.py
[2025-12-15T19:08:24.093+0000] {processor.py:925} INFO - DAG(s) 'example_short_circuit_decorator' retrieved from /home/airflow/.local/lib/python3.12/site-packages/airflow/example_dags/example_short_circuit_decorator.py
[2025-12-15T19:08:24.175+0000] {logging_mixin.py:190} INFO - [2025-12-15T19:08:24.175+0000] {dag.py:3239} INFO - Sync 1 DAGs
[2025-12-15T19:08:24.213+0000] {logging_mixin.py:190} INFO - [2025-12-15T19:08:24.213+0000] {dag.py:4180} INFO - Setting next_dagrun for example_short_circuit_decorator to None, run_after=None
[2025-12-15T19:08:24.268+0000] {processor.py:208} INFO - Processing /home/airflow/.local/lib/python3.12/site-packages/airflow/example_dags/example_short_circuit_decorator.py took 0.257 seconds
[2025-12-15T19:08:56.309+0000] {processor.py:186} INFO - Started process (PID=6063) to work on /home/airflow/.local/lib/python3.12/site-packages/airflow/example_dags/example_short_circuit_decorator.py
[2025-12-15T19:08:56.328+0000] {processor.py:914} INFO - Processing file /home/airflow/.local/lib/python3.12/site-packages/airflow/example_dags/example_short_circuit_decorator.py for tasks to queue
[2025-12-15T19:08:56.335+0000] {logging_mixin.py:190} INFO - [2025-12-15T19:08:56.334+0000] {dagbag.py:588} INFO - Filling up the DagBag from /home/airflow/.local/lib/python3.12/site-packages/airflow/example_dags/example_short_circuit_decorator.py
[2025-12-15T19:08:56.391+0000] {processor.py:925} INFO - DAG(s) 'example_short_circuit_decorator' retrieved from /home/airflow/.local/lib/python3.12/site-packages/airflow/example_dags/example_short_circuit_decorator.py
[2025-12-15T19:08:56.552+0000] {logging_mixin.py:190} INFO - [2025-12-15T19:08:56.551+0000] {dag.py:3239} INFO - Sync 1 DAGs
[2025-12-15T19:08:56.681+0000] {logging_mixin.py:190} INFO - [2025-12-15T19:08:56.680+0000] {dag.py:4180} INFO - Setting next_dagrun for example_short_circuit_decorator to None, run_after=None
[2025-12-15T19:08:56.841+0000] {processor.py:208} INFO - Processing /home/airflow/.local/lib/python3.12/site-packages/airflow/example_dags/example_short_circuit_decorator.py took 0.559 seconds
[2025-12-15T19:09:27.854+0000] {processor.py:186} INFO - Started process (PID=6359) to work on /home/airflow/.local/lib/python3.12/site-packages/airflow/example_dags/example_short_circuit_decorator.py
[2025-12-15T19:09:27.855+0000] {processor.py:914} INFO - Processing file /home/airflow/.local/lib/python3.12/site-packages/airflow/example_dags/example_short_circuit_decorator.py for tasks to queue
[2025-12-15T19:09:27.861+0000] {logging_mixin.py:190} INFO - [2025-12-15T19:09:27.861+0000] {dagbag.py:588} INFO - Filling up the DagBag from /home/airflow/.local/lib/python3.12/site-packages/airflow/example_dags/example_short_circuit_decorator.py
[2025-12-15T19:09:27.882+0000] {processor.py:925} INFO - DAG(s) 'example_short_circuit_decorator' retrieved from /home/airflow/.local/lib/python3.12/site-packages/airflow/example_dags/example_short_circuit_decorator.py
[2025-12-15T19:09:27.932+0000] {logging_mixin.py:190} INFO - [2025-12-15T19:09:27.932+0000] {dag.py:3239} INFO - Sync 1 DAGs
[2025-12-15T19:09:27.961+0000] {logging_mixin.py:190} INFO - [2025-12-15T19:09:27.961+0000] {dag.py:4180} INFO - Setting next_dagrun for example_short_circuit_decorator to None, run_after=None
[2025-12-15T19:09:28.008+0000] {processor.py:208} INFO - Processing /home/airflow/.local/lib/python3.12/site-packages/airflow/example_dags/example_short_circuit_decorator.py took 0.164 seconds
[2025-12-15T19:09:58.388+0000] {processor.py:186} INFO - Started process (PID=6645) to work on /home/airflow/.local/lib/python3.12/site-packages/airflow/example_dags/example_short_circuit_decorator.py
[2025-12-15T19:09:58.403+0000] {processor.py:914} INFO - Processing file /home/airflow/.local/lib/python3.12/site-packages/airflow/example_dags/example_short_circuit_decorator.py for tasks to queue
[2025-12-15T19:09:58.433+0000] {logging_mixin.py:190} INFO - [2025-12-15T19:09:58.420+0000] {dagbag.py:588} INFO - Filling up the DagBag from /home/airflow/.local/lib/python3.12/site-packages/airflow/example_dags/example_short_circuit_decorator.py
[2025-12-15T19:09:58.533+0000] {processor.py:925} INFO - DAG(s) 'example_short_circuit_decorator' retrieved from /home/airflow/.local/lib/python3.12/site-packages/airflow/example_dags/example_short_circuit_decorator.py
[2025-12-15T19:09:58.684+0000] {logging_mixin.py:190} INFO - [2025-12-15T19:09:58.683+0000] {dag.py:3239} INFO - Sync 1 DAGs
[2025-12-15T19:09:58.752+0000] {logging_mixin.py:190} INFO - [2025-12-15T19:09:58.751+0000] {dag.py:4180} INFO - Setting next_dagrun for example_short_circuit_decorator to None, run_after=None
[2025-12-15T19:09:58.829+0000] {processor.py:208} INFO - Processing /home/airflow/.local/lib/python3.12/site-packages/airflow/example_dags/example_short_circuit_decorator.py took 0.492 seconds
[2025-12-15T19:10:29.527+0000] {processor.py:186} INFO - Started process (PID=6937) to work on /home/airflow/.local/lib/python3.12/site-packages/airflow/example_dags/example_short_circuit_decorator.py
[2025-12-15T19:10:29.530+0000] {processor.py:914} INFO - Processing file /home/airflow/.local/lib/python3.12/site-packages/airflow/example_dags/example_short_circuit_decorator.py for tasks to queue
[2025-12-15T19:10:29.541+0000] {logging_mixin.py:190} INFO - [2025-12-15T19:10:29.540+0000] {dagbag.py:588} INFO - Filling up the DagBag from /home/airflow/.local/lib/python3.12/site-packages/airflow/example_dags/example_short_circuit_decorator.py
[2025-12-15T19:10:29.580+0000] {processor.py:925} INFO - DAG(s) 'example_short_circuit_decorator' retrieved from /home/airflow/.local/lib/python3.12/site-packages/airflow/example_dags/example_short_circuit_decorator.py
[2025-12-15T19:10:29.645+0000] {logging_mixin.py:190} INFO - [2025-12-15T19:10:29.644+0000] {dag.py:3239} INFO - Sync 1 DAGs
[2025-12-15T19:10:29.684+0000] {logging_mixin.py:190} INFO - [2025-12-15T19:10:29.684+0000] {dag.py:4180} INFO - Setting next_dagrun for example_short_circuit_decorator to None, run_after=None
[2025-12-15T19:10:29.747+0000] {processor.py:208} INFO - Processing /home/airflow/.local/lib/python3.12/site-packages/airflow/example_dags/example_short_circuit_decorator.py took 0.239 seconds
[2025-12-15T19:11:00.572+0000] {processor.py:186} INFO - Started process (PID=7228) to work on /home/airflow/.local/lib/python3.12/site-packages/airflow/example_dags/example_short_circuit_decorator.py
[2025-12-15T19:11:00.574+0000] {processor.py:914} INFO - Processing file /home/airflow/.local/lib/python3.12/site-packages/airflow/example_dags/example_short_circuit_decorator.py for tasks to queue
[2025-12-15T19:11:00.578+0000] {logging_mixin.py:190} INFO - [2025-12-15T19:11:00.578+0000] {dagbag.py:588} INFO - Filling up the DagBag from /home/airflow/.local/lib/python3.12/site-packages/airflow/example_dags/example_short_circuit_decorator.py
[2025-12-15T19:11:00.606+0000] {processor.py:925} INFO - DAG(s) 'example_short_circuit_decorator' retrieved from /home/airflow/.local/lib/python3.12/site-packages/airflow/example_dags/example_short_circuit_decorator.py
[2025-12-15T19:11:00.648+0000] {logging_mixin.py:190} INFO - [2025-12-15T19:11:00.647+0000] {dag.py:3239} INFO - Sync 1 DAGs
[2025-12-15T19:11:00.683+0000] {logging_mixin.py:190} INFO - [2025-12-15T19:11:00.681+0000] {dag.py:4180} INFO - Setting next_dagrun for example_short_circuit_decorator to None, run_after=None
[2025-12-15T19:11:00.727+0000] {processor.py:208} INFO - Processing /home/airflow/.local/lib/python3.12/site-packages/airflow/example_dags/example_short_circuit_decorator.py took 0.171 seconds
[2025-12-15T19:11:30.934+0000] {processor.py:186} INFO - Started process (PID=7521) to work on /home/airflow/.local/lib/python3.12/site-packages/airflow/example_dags/example_short_circuit_decorator.py
[2025-12-15T19:11:30.960+0000] {processor.py:914} INFO - Processing file /home/airflow/.local/lib/python3.12/site-packages/airflow/example_dags/example_short_circuit_decorator.py for tasks to queue
[2025-12-15T19:11:30.963+0000] {logging_mixin.py:190} INFO - [2025-12-15T19:11:30.963+0000] {dagbag.py:588} INFO - Filling up the DagBag from /home/airflow/.local/lib/python3.12/site-packages/airflow/example_dags/example_short_circuit_decorator.py
[2025-12-15T19:11:30.981+0000] {processor.py:925} INFO - DAG(s) 'example_short_circuit_decorator' retrieved from /home/airflow/.local/lib/python3.12/site-packages/airflow/example_dags/example_short_circuit_decorator.py
[2025-12-15T19:11:31.063+0000] {logging_mixin.py:190} INFO - [2025-12-15T19:11:31.053+0000] {dag.py:3239} INFO - Sync 1 DAGs
[2025-12-15T19:11:31.134+0000] {logging_mixin.py:190} INFO - [2025-12-15T19:11:31.133+0000] {dag.py:4180} INFO - Setting next_dagrun for example_short_circuit_decorator to None, run_after=None
[2025-12-15T19:11:31.243+0000] {processor.py:208} INFO - Processing /home/airflow/.local/lib/python3.12/site-packages/airflow/example_dags/example_short_circuit_decorator.py took 0.323 seconds
[2025-12-15T19:12:01.790+0000] {processor.py:186} INFO - Started process (PID=7810) to work on /home/airflow/.local/lib/python3.12/site-packages/airflow/example_dags/example_short_circuit_decorator.py
[2025-12-15T19:12:01.792+0000] {processor.py:914} INFO - Processing file /home/airflow/.local/lib/python3.12/site-packages/airflow/example_dags/example_short_circuit_decorator.py for tasks to queue
[2025-12-15T19:12:01.793+0000] {logging_mixin.py:190} INFO - [2025-12-15T19:12:01.793+0000] {dagbag.py:588} INFO - Filling up the DagBag from /home/airflow/.local/lib/python3.12/site-packages/airflow/example_dags/example_short_circuit_decorator.py
[2025-12-15T19:12:01.806+0000] {processor.py:925} INFO - DAG(s) 'example_short_circuit_decorator' retrieved from /home/airflow/.local/lib/python3.12/site-packages/airflow/example_dags/example_short_circuit_decorator.py
[2025-12-15T19:12:01.836+0000] {logging_mixin.py:190} INFO - [2025-12-15T19:12:01.836+0000] {dag.py:3239} INFO - Sync 1 DAGs
[2025-12-15T19:12:01.856+0000] {logging_mixin.py:190} INFO - [2025-12-15T19:12:01.855+0000] {dag.py:4180} INFO - Setting next_dagrun for example_short_circuit_decorator to None, run_after=None
[2025-12-15T19:12:01.880+0000] {processor.py:208} INFO - Processing /home/airflow/.local/lib/python3.12/site-packages/airflow/example_dags/example_short_circuit_decorator.py took 0.097 seconds
[2025-12-15T19:12:33.113+0000] {processor.py:186} INFO - Started process (PID=8101) to work on /home/airflow/.local/lib/python3.12/site-packages/airflow/example_dags/example_short_circuit_decorator.py
[2025-12-15T19:12:33.115+0000] {processor.py:914} INFO - Processing file /home/airflow/.local/lib/python3.12/site-packages/airflow/example_dags/example_short_circuit_decorator.py for tasks to queue
[2025-12-15T19:12:33.119+0000] {logging_mixin.py:190} INFO - [2025-12-15T19:12:33.117+0000] {dagbag.py:588} INFO - Filling up the DagBag from /home/airflow/.local/lib/python3.12/site-packages/airflow/example_dags/example_short_circuit_decorator.py
[2025-12-15T19:12:33.142+0000] {processor.py:925} INFO - DAG(s) 'example_short_circuit_decorator' retrieved from /home/airflow/.local/lib/python3.12/site-packages/airflow/example_dags/example_short_circuit_decorator.py
[2025-12-15T19:12:33.176+0000] {logging_mixin.py:190} INFO - [2025-12-15T19:12:33.175+0000] {dag.py:3239} INFO - Sync 1 DAGs
[2025-12-15T19:12:33.201+0000] {logging_mixin.py:190} INFO - [2025-12-15T19:12:33.200+0000] {dag.py:4180} INFO - Setting next_dagrun for example_short_circuit_decorator to None, run_after=None
[2025-12-15T19:12:33.232+0000] {processor.py:208} INFO - Processing /home/airflow/.local/lib/python3.12/site-packages/airflow/example_dags/example_short_circuit_decorator.py took 0.137 seconds
[2025-12-15T19:13:03.493+0000] {processor.py:186} INFO - Started process (PID=8392) to work on /home/airflow/.local/lib/python3.12/site-packages/airflow/example_dags/example_short_circuit_decorator.py
[2025-12-15T19:13:03.495+0000] {processor.py:914} INFO - Processing file /home/airflow/.local/lib/python3.12/site-packages/airflow/example_dags/example_short_circuit_decorator.py for tasks to queue
[2025-12-15T19:13:03.497+0000] {logging_mixin.py:190} INFO - [2025-12-15T19:13:03.497+0000] {dagbag.py:588} INFO - Filling up the DagBag from /home/airflow/.local/lib/python3.12/site-packages/airflow/example_dags/example_short_circuit_decorator.py
[2025-12-15T19:13:03.519+0000] {processor.py:925} INFO - DAG(s) 'example_short_circuit_decorator' retrieved from /home/airflow/.local/lib/python3.12/site-packages/airflow/example_dags/example_short_circuit_decorator.py
[2025-12-15T19:13:03.557+0000] {logging_mixin.py:190} INFO - [2025-12-15T19:13:03.557+0000] {dag.py:3239} INFO - Sync 1 DAGs
[2025-12-15T19:13:03.579+0000] {logging_mixin.py:190} INFO - [2025-12-15T19:13:03.579+0000] {dag.py:4180} INFO - Setting next_dagrun for example_short_circuit_decorator to None, run_after=None
[2025-12-15T19:13:03.613+0000] {processor.py:208} INFO - Processing /home/airflow/.local/lib/python3.12/site-packages/airflow/example_dags/example_short_circuit_decorator.py took 0.140 seconds
[2025-12-15T19:13:35.317+0000] {processor.py:186} INFO - Started process (PID=8693) to work on /home/airflow/.local/lib/python3.12/site-packages/airflow/example_dags/example_short_circuit_decorator.py
[2025-12-15T19:13:35.319+0000] {processor.py:914} INFO - Processing file /home/airflow/.local/lib/python3.12/site-packages/airflow/example_dags/example_short_circuit_decorator.py for tasks to queue
[2025-12-15T19:13:35.322+0000] {logging_mixin.py:190} INFO - [2025-12-15T19:13:35.321+0000] {dagbag.py:588} INFO - Filling up the DagBag from /home/airflow/.local/lib/python3.12/site-packages/airflow/example_dags/example_short_circuit_decorator.py
[2025-12-15T19:13:35.356+0000] {processor.py:925} INFO - DAG(s) 'example_short_circuit_decorator' retrieved from /home/airflow/.local/lib/python3.12/site-packages/airflow/example_dags/example_short_circuit_decorator.py
[2025-12-15T19:13:35.414+0000] {logging_mixin.py:190} INFO - [2025-12-15T19:13:35.413+0000] {dag.py:3239} INFO - Sync 1 DAGs
[2025-12-15T19:13:35.465+0000] {logging_mixin.py:190} INFO - [2025-12-15T19:13:35.465+0000] {dag.py:4180} INFO - Setting next_dagrun for example_short_circuit_decorator to None, run_after=None
[2025-12-15T19:13:35.511+0000] {processor.py:208} INFO - Processing /home/airflow/.local/lib/python3.12/site-packages/airflow/example_dags/example_short_circuit_decorator.py took 0.209 seconds
[2025-12-15T19:14:07.185+0000] {processor.py:186} INFO - Started process (PID=8989) to work on /home/airflow/.local/lib/python3.12/site-packages/airflow/example_dags/example_short_circuit_decorator.py
[2025-12-15T19:14:07.192+0000] {processor.py:914} INFO - Processing file /home/airflow/.local/lib/python3.12/site-packages/airflow/example_dags/example_short_circuit_decorator.py for tasks to queue
[2025-12-15T19:14:07.207+0000] {logging_mixin.py:190} INFO - [2025-12-15T19:14:07.206+0000] {dagbag.py:588} INFO - Filling up the DagBag from /home/airflow/.local/lib/python3.12/site-packages/airflow/example_dags/example_short_circuit_decorator.py
[2025-12-15T19:14:07.308+0000] {processor.py:925} INFO - DAG(s) 'example_short_circuit_decorator' retrieved from /home/airflow/.local/lib/python3.12/site-packages/airflow/example_dags/example_short_circuit_decorator.py
[2025-12-15T19:14:07.454+0000] {logging_mixin.py:190} INFO - [2025-12-15T19:14:07.453+0000] {dag.py:3239} INFO - Sync 1 DAGs
[2025-12-15T19:14:07.535+0000] {logging_mixin.py:190} INFO - [2025-12-15T19:14:07.532+0000] {dag.py:4180} INFO - Setting next_dagrun for example_short_circuit_decorator to None, run_after=None
[2025-12-15T19:14:07.592+0000] {processor.py:208} INFO - Processing /home/airflow/.local/lib/python3.12/site-packages/airflow/example_dags/example_short_circuit_decorator.py took 0.464 seconds
[2025-12-15T19:14:37.783+0000] {processor.py:186} INFO - Started process (PID=9280) to work on /home/airflow/.local/lib/python3.12/site-packages/airflow/example_dags/example_short_circuit_decorator.py
[2025-12-15T19:14:37.786+0000] {processor.py:914} INFO - Processing file /home/airflow/.local/lib/python3.12/site-packages/airflow/example_dags/example_short_circuit_decorator.py for tasks to queue
[2025-12-15T19:14:37.788+0000] {logging_mixin.py:190} INFO - [2025-12-15T19:14:37.787+0000] {dagbag.py:588} INFO - Filling up the DagBag from /home/airflow/.local/lib/python3.12/site-packages/airflow/example_dags/example_short_circuit_decorator.py
[2025-12-15T19:14:37.806+0000] {processor.py:925} INFO - DAG(s) 'example_short_circuit_decorator' retrieved from /home/airflow/.local/lib/python3.12/site-packages/airflow/example_dags/example_short_circuit_decorator.py
[2025-12-15T19:14:37.850+0000] {logging_mixin.py:190} INFO - [2025-12-15T19:14:37.849+0000] {dag.py:3239} INFO - Sync 1 DAGs
[2025-12-15T19:14:37.882+0000] {logging_mixin.py:190} INFO - [2025-12-15T19:14:37.881+0000] {dag.py:4180} INFO - Setting next_dagrun for example_short_circuit_decorator to None, run_after=None
[2025-12-15T19:14:37.914+0000] {processor.py:208} INFO - Processing /home/airflow/.local/lib/python3.12/site-packages/airflow/example_dags/example_short_circuit_decorator.py took 0.145 seconds
[2025-12-15T19:15:10.361+0000] {processor.py:186} INFO - Started process (PID=9581) to work on /home/airflow/.local/lib/python3.12/site-packages/airflow/example_dags/example_short_circuit_decorator.py
[2025-12-15T19:15:10.364+0000] {processor.py:914} INFO - Processing file /home/airflow/.local/lib/python3.12/site-packages/airflow/example_dags/example_short_circuit_decorator.py for tasks to queue
[2025-12-15T19:15:10.370+0000] {logging_mixin.py:190} INFO - [2025-12-15T19:15:10.369+0000] {dagbag.py:588} INFO - Filling up the DagBag from /home/airflow/.local/lib/python3.12/site-packages/airflow/example_dags/example_short_circuit_decorator.py
[2025-12-15T19:15:10.408+0000] {processor.py:925} INFO - DAG(s) 'example_short_circuit_decorator' retrieved from /home/airflow/.local/lib/python3.12/site-packages/airflow/example_dags/example_short_circuit_decorator.py
[2025-12-15T19:15:10.460+0000] {logging_mixin.py:190} INFO - [2025-12-15T19:15:10.459+0000] {dag.py:3239} INFO - Sync 1 DAGs
[2025-12-15T19:15:10.493+0000] {logging_mixin.py:190} INFO - [2025-12-15T19:15:10.493+0000] {dag.py:4180} INFO - Setting next_dagrun for example_short_circuit_decorator to None, run_after=None
[2025-12-15T19:15:10.561+0000] {processor.py:208} INFO - Processing /home/airflow/.local/lib/python3.12/site-packages/airflow/example_dags/example_short_circuit_decorator.py took 0.220 seconds
[2025-12-15T19:15:43.234+0000] {processor.py:186} INFO - Started process (PID=9897) to work on /home/airflow/.local/lib/python3.12/site-packages/airflow/example_dags/example_short_circuit_decorator.py
[2025-12-15T19:15:43.242+0000] {processor.py:914} INFO - Processing file /home/airflow/.local/lib/python3.12/site-packages/airflow/example_dags/example_short_circuit_decorator.py for tasks to queue
[2025-12-15T19:15:43.245+0000] {logging_mixin.py:190} INFO - [2025-12-15T19:15:43.244+0000] {dagbag.py:588} INFO - Filling up the DagBag from /home/airflow/.local/lib/python3.12/site-packages/airflow/example_dags/example_short_circuit_decorator.py
[2025-12-15T19:15:43.272+0000] {processor.py:925} INFO - DAG(s) 'example_short_circuit_decorator' retrieved from /home/airflow/.local/lib/python3.12/site-packages/airflow/example_dags/example_short_circuit_decorator.py
[2025-12-15T19:15:43.326+0000] {logging_mixin.py:190} INFO - [2025-12-15T19:15:43.325+0000] {dag.py:3239} INFO - Sync 1 DAGs
[2025-12-15T19:15:43.366+0000] {logging_mixin.py:190} INFO - [2025-12-15T19:15:43.366+0000] {dag.py:4180} INFO - Setting next_dagrun for example_short_circuit_decorator to None, run_after=None
[2025-12-15T19:15:43.429+0000] {processor.py:208} INFO - Processing /home/airflow/.local/lib/python3.12/site-packages/airflow/example_dags/example_short_circuit_decorator.py took 0.206 seconds
[2025-12-15T19:16:16.485+0000] {processor.py:186} INFO - Started process (PID=10215) to work on /home/airflow/.local/lib/python3.12/site-packages/airflow/example_dags/example_short_circuit_decorator.py
[2025-12-15T19:16:16.486+0000] {processor.py:914} INFO - Processing file /home/airflow/.local/lib/python3.12/site-packages/airflow/example_dags/example_short_circuit_decorator.py for tasks to queue
[2025-12-15T19:16:16.488+0000] {logging_mixin.py:190} INFO - [2025-12-15T19:16:16.487+0000] {dagbag.py:588} INFO - Filling up the DagBag from /home/airflow/.local/lib/python3.12/site-packages/airflow/example_dags/example_short_circuit_decorator.py
[2025-12-15T19:16:16.506+0000] {processor.py:925} INFO - DAG(s) 'example_short_circuit_decorator' retrieved from /home/airflow/.local/lib/python3.12/site-packages/airflow/example_dags/example_short_circuit_decorator.py
[2025-12-15T19:16:16.543+0000] {logging_mixin.py:190} INFO - [2025-12-15T19:16:16.543+0000] {dag.py:3239} INFO - Sync 1 DAGs
[2025-12-15T19:16:16.568+0000] {logging_mixin.py:190} INFO - [2025-12-15T19:16:16.568+0000] {dag.py:4180} INFO - Setting next_dagrun for example_short_circuit_decorator to None, run_after=None
[2025-12-15T19:16:16.613+0000] {processor.py:208} INFO - Processing /home/airflow/.local/lib/python3.12/site-packages/airflow/example_dags/example_short_circuit_decorator.py took 0.144 seconds
[2025-12-15T19:16:52.075+0000] {processor.py:186} INFO - Started process (PID=10494) to work on /home/airflow/.local/lib/python3.12/site-packages/airflow/example_dags/example_short_circuit_decorator.py
[2025-12-15T19:16:52.079+0000] {processor.py:914} INFO - Processing file /home/airflow/.local/lib/python3.12/site-packages/airflow/example_dags/example_short_circuit_decorator.py for tasks to queue
[2025-12-15T19:16:52.081+0000] {logging_mixin.py:190} INFO - [2025-12-15T19:16:52.080+0000] {dagbag.py:588} INFO - Filling up the DagBag from /home/airflow/.local/lib/python3.12/site-packages/airflow/example_dags/example_short_circuit_decorator.py
[2025-12-15T19:16:52.125+0000] {processor.py:925} INFO - DAG(s) 'example_short_circuit_decorator' retrieved from /home/airflow/.local/lib/python3.12/site-packages/airflow/example_dags/example_short_circuit_decorator.py
[2025-12-15T19:16:52.188+0000] {logging_mixin.py:190} INFO - [2025-12-15T19:16:52.187+0000] {dag.py:3239} INFO - Sync 1 DAGs
[2025-12-15T19:16:52.231+0000] {logging_mixin.py:190} INFO - [2025-12-15T19:16:52.230+0000] {dag.py:4180} INFO - Setting next_dagrun for example_short_circuit_decorator to None, run_after=None
[2025-12-15T19:16:52.297+0000] {processor.py:208} INFO - Processing /home/airflow/.local/lib/python3.12/site-packages/airflow/example_dags/example_short_circuit_decorator.py took 0.255 seconds
[2025-12-15T19:17:26.927+0000] {processor.py:186} INFO - Started process (PID=10732) to work on /home/airflow/.local/lib/python3.12/site-packages/airflow/example_dags/example_short_circuit_decorator.py
[2025-12-15T19:17:26.930+0000] {processor.py:914} INFO - Processing file /home/airflow/.local/lib/python3.12/site-packages/airflow/example_dags/example_short_circuit_decorator.py for tasks to queue
[2025-12-15T19:17:26.936+0000] {logging_mixin.py:190} INFO - [2025-12-15T19:17:26.936+0000] {dagbag.py:588} INFO - Filling up the DagBag from /home/airflow/.local/lib/python3.12/site-packages/airflow/example_dags/example_short_circuit_decorator.py
[2025-12-15T19:17:26.994+0000] {processor.py:925} INFO - DAG(s) 'example_short_circuit_decorator' retrieved from /home/airflow/.local/lib/python3.12/site-packages/airflow/example_dags/example_short_circuit_decorator.py
[2025-12-15T19:17:27.079+0000] {logging_mixin.py:190} INFO - [2025-12-15T19:17:27.078+0000] {dag.py:3239} INFO - Sync 1 DAGs
[2025-12-15T19:17:27.120+0000] {logging_mixin.py:190} INFO - [2025-12-15T19:17:27.119+0000] {dag.py:4180} INFO - Setting next_dagrun for example_short_circuit_decorator to None, run_after=None
[2025-12-15T19:17:27.165+0000] {processor.py:208} INFO - Processing /home/airflow/.local/lib/python3.12/site-packages/airflow/example_dags/example_short_circuit_decorator.py took 0.272 seconds
[2025-12-15T19:17:57.467+0000] {processor.py:186} INFO - Started process (PID=11030) to work on /home/airflow/.local/lib/python3.12/site-packages/airflow/example_dags/example_short_circuit_decorator.py
[2025-12-15T19:17:57.469+0000] {processor.py:914} INFO - Processing file /home/airflow/.local/lib/python3.12/site-packages/airflow/example_dags/example_short_circuit_decorator.py for tasks to queue
[2025-12-15T19:17:57.471+0000] {logging_mixin.py:190} INFO - [2025-12-15T19:17:57.470+0000] {dagbag.py:588} INFO - Filling up the DagBag from /home/airflow/.local/lib/python3.12/site-packages/airflow/example_dags/example_short_circuit_decorator.py
[2025-12-15T19:17:57.500+0000] {processor.py:925} INFO - DAG(s) 'example_short_circuit_decorator' retrieved from /home/airflow/.local/lib/python3.12/site-packages/airflow/example_dags/example_short_circuit_decorator.py
[2025-12-15T19:17:57.545+0000] {logging_mixin.py:190} INFO - [2025-12-15T19:17:57.545+0000] {dag.py:3239} INFO - Sync 1 DAGs
[2025-12-15T19:17:57.574+0000] {logging_mixin.py:190} INFO - [2025-12-15T19:17:57.573+0000] {dag.py:4180} INFO - Setting next_dagrun for example_short_circuit_decorator to None, run_after=None
[2025-12-15T19:17:57.620+0000] {processor.py:208} INFO - Processing /home/airflow/.local/lib/python3.12/site-packages/airflow/example_dags/example_short_circuit_decorator.py took 0.168 seconds
[2025-12-15T19:16:44.787+0000] {processor.py:186} INFO - Started process (PID=11321) to work on /home/airflow/.local/lib/python3.12/site-packages/airflow/example_dags/example_short_circuit_decorator.py
[2025-12-15T19:16:44.789+0000] {processor.py:914} INFO - Processing file /home/airflow/.local/lib/python3.12/site-packages/airflow/example_dags/example_short_circuit_decorator.py for tasks to queue
[2025-12-15T19:16:44.796+0000] {logging_mixin.py:190} INFO - [2025-12-15T19:16:44.791+0000] {dagbag.py:588} INFO - Filling up the DagBag from /home/airflow/.local/lib/python3.12/site-packages/airflow/example_dags/example_short_circuit_decorator.py
[2025-12-15T19:16:44.823+0000] {processor.py:925} INFO - DAG(s) 'example_short_circuit_decorator' retrieved from /home/airflow/.local/lib/python3.12/site-packages/airflow/example_dags/example_short_circuit_decorator.py
[2025-12-15T19:16:44.864+0000] {logging_mixin.py:190} INFO - [2025-12-15T19:16:44.864+0000] {dag.py:3239} INFO - Sync 1 DAGs
[2025-12-15T19:16:44.901+0000] {logging_mixin.py:190} INFO - [2025-12-15T19:16:44.900+0000] {dag.py:4180} INFO - Setting next_dagrun for example_short_circuit_decorator to None, run_after=None
[2025-12-15T19:18:31.207+0000] {processor.py:208} INFO - Processing /home/airflow/.local/lib/python3.12/site-packages/airflow/example_dags/example_short_circuit_decorator.py took 0.272 seconds
[2025-12-15T19:19:04.852+0000] {processor.py:186} INFO - Started process (PID=11615) to work on /home/airflow/.local/lib/python3.12/site-packages/airflow/example_dags/example_short_circuit_decorator.py
[2025-12-15T19:19:04.854+0000] {processor.py:914} INFO - Processing file /home/airflow/.local/lib/python3.12/site-packages/airflow/example_dags/example_short_circuit_decorator.py for tasks to queue
[2025-12-15T19:19:04.856+0000] {logging_mixin.py:190} INFO - [2025-12-15T19:19:04.855+0000] {dagbag.py:588} INFO - Filling up the DagBag from /home/airflow/.local/lib/python3.12/site-packages/airflow/example_dags/example_short_circuit_decorator.py
[2025-12-15T19:19:04.881+0000] {processor.py:925} INFO - DAG(s) 'example_short_circuit_decorator' retrieved from /home/airflow/.local/lib/python3.12/site-packages/airflow/example_dags/example_short_circuit_decorator.py
[2025-12-15T19:19:05.188+0000] {logging_mixin.py:190} INFO - [2025-12-15T19:19:05.188+0000] {dag.py:3239} INFO - Sync 1 DAGs
[2025-12-15T19:19:05.221+0000] {logging_mixin.py:190} INFO - [2025-12-15T19:19:05.221+0000] {dag.py:4180} INFO - Setting next_dagrun for example_short_circuit_decorator to None, run_after=None
[2025-12-15T19:19:05.270+0000] {processor.py:208} INFO - Processing /home/airflow/.local/lib/python3.12/site-packages/airflow/example_dags/example_short_circuit_decorator.py took 0.431 seconds
