[2025-12-15T18:55:28.402+0000] {processor.py:186} INFO - Started process (PID=234) to work on /home/airflow/.local/lib/python3.12/site-packages/airflow/example_dags/example_external_task_marker_dag.py
[2025-12-15T18:55:28.413+0000] {processor.py:914} INFO - Processing file /home/airflow/.local/lib/python3.12/site-packages/airflow/example_dags/example_external_task_marker_dag.py for tasks to queue
[2025-12-15T18:55:28.435+0000] {logging_mixin.py:190} INFO - [2025-12-15T18:55:28.428+0000] {dagbag.py:588} INFO - Filling up the DagBag from /home/airflow/.local/lib/python3.12/site-packages/airflow/example_dags/example_external_task_marker_dag.py
[2025-12-15T18:55:28.508+0000] {processor.py:925} INFO - DAG(s) 'example_external_task_marker_parent', 'example_external_task_marker_child' retrieved from /home/airflow/.local/lib/python3.12/site-packages/airflow/example_dags/example_external_task_marker_dag.py
[2025-12-15T18:55:29.296+0000] {logging_mixin.py:190} INFO - [2025-12-15T18:55:29.294+0000] {override.py:1911} INFO - Created Permission View: can read on DAG:example_external_task_marker_parent
[2025-12-15T18:55:29.388+0000] {logging_mixin.py:190} INFO - [2025-12-15T18:55:29.388+0000] {override.py:1911} INFO - Created Permission View: can edit on DAG:example_external_task_marker_parent
[2025-12-15T18:55:29.527+0000] {logging_mixin.py:190} INFO - [2025-12-15T18:55:29.526+0000] {override.py:1911} INFO - Created Permission View: can delete on DAG:example_external_task_marker_parent
[2025-12-15T18:55:29.689+0000] {logging_mixin.py:190} INFO - [2025-12-15T18:55:29.689+0000] {override.py:1911} INFO - Created Permission View: can read on DAG Run:example_external_task_marker_parent
[2025-12-15T18:55:29.775+0000] {logging_mixin.py:190} INFO - [2025-12-15T18:55:29.774+0000] {override.py:1911} INFO - Created Permission View: menu access on DAG Run:example_external_task_marker_parent
[2025-12-15T18:55:30.077+0000] {logging_mixin.py:190} INFO - [2025-12-15T18:55:30.077+0000] {override.py:1911} INFO - Created Permission View: can create on DAG Run:example_external_task_marker_parent
[2025-12-15T18:55:30.207+0000] {logging_mixin.py:190} INFO - [2025-12-15T18:55:30.206+0000] {override.py:1911} INFO - Created Permission View: can delete on DAG Run:example_external_task_marker_parent
[2025-12-15T18:55:30.357+0000] {logging_mixin.py:190} INFO - [2025-12-15T18:55:30.356+0000] {override.py:1911} INFO - Created Permission View: can read on DAG:example_external_task_marker_child
[2025-12-15T18:55:30.400+0000] {logging_mixin.py:190} INFO - [2025-12-15T18:55:30.399+0000] {override.py:1911} INFO - Created Permission View: can edit on DAG:example_external_task_marker_child
[2025-12-15T18:55:30.465+0000] {logging_mixin.py:190} INFO - [2025-12-15T18:55:30.464+0000] {override.py:1911} INFO - Created Permission View: can delete on DAG:example_external_task_marker_child
[2025-12-15T18:55:30.517+0000] {logging_mixin.py:190} INFO - [2025-12-15T18:55:30.516+0000] {override.py:1911} INFO - Created Permission View: can read on DAG Run:example_external_task_marker_child
[2025-12-15T18:55:30.576+0000] {logging_mixin.py:190} INFO - [2025-12-15T18:55:30.575+0000] {override.py:1911} INFO - Created Permission View: menu access on DAG Run:example_external_task_marker_child
[2025-12-15T18:55:30.629+0000] {logging_mixin.py:190} INFO - [2025-12-15T18:55:30.628+0000] {override.py:1911} INFO - Created Permission View: can create on DAG Run:example_external_task_marker_child
[2025-12-15T18:55:30.664+0000] {logging_mixin.py:190} INFO - [2025-12-15T18:55:30.663+0000] {override.py:1911} INFO - Created Permission View: can delete on DAG Run:example_external_task_marker_child
[2025-12-15T18:55:30.666+0000] {logging_mixin.py:190} INFO - [2025-12-15T18:55:30.665+0000] {dag.py:3239} INFO - Sync 2 DAGs
[2025-12-15T18:55:30.732+0000] {logging_mixin.py:190} INFO - [2025-12-15T18:55:30.732+0000] {dag.py:3262} INFO - Creating ORM DAG for example_external_task_marker_parent
[2025-12-15T18:55:30.734+0000] {logging_mixin.py:190} INFO - [2025-12-15T18:55:30.734+0000] {dag.py:3262} INFO - Creating ORM DAG for example_external_task_marker_child
[2025-12-15T18:55:30.737+0000] {logging_mixin.py:190} INFO - [2025-12-15T18:55:30.736+0000] {dag.py:4180} INFO - Setting next_dagrun for example_external_task_marker_child to None, run_after=None
[2025-12-15T18:55:30.739+0000] {logging_mixin.py:190} INFO - [2025-12-15T18:55:30.738+0000] {dag.py:4180} INFO - Setting next_dagrun for example_external_task_marker_parent to None, run_after=None
[2025-12-15T18:55:30.887+0000] {processor.py:208} INFO - Processing /home/airflow/.local/lib/python3.12/site-packages/airflow/example_dags/example_external_task_marker_dag.py took 2.542 seconds
[2025-12-15T18:56:43.003+0000] {processor.py:186} INFO - Started process (PID=529) to work on /home/airflow/.local/lib/python3.12/site-packages/airflow/example_dags/example_external_task_marker_dag.py
[2025-12-15T18:56:43.011+0000] {processor.py:914} INFO - Processing file /home/airflow/.local/lib/python3.12/site-packages/airflow/example_dags/example_external_task_marker_dag.py for tasks to queue
[2025-12-15T18:56:43.018+0000] {logging_mixin.py:190} INFO - [2025-12-15T18:56:43.017+0000] {dagbag.py:588} INFO - Filling up the DagBag from /home/airflow/.local/lib/python3.12/site-packages/airflow/example_dags/example_external_task_marker_dag.py
[2025-12-15T18:56:43.058+0000] {processor.py:925} INFO - DAG(s) 'example_external_task_marker_child', 'example_external_task_marker_parent' retrieved from /home/airflow/.local/lib/python3.12/site-packages/airflow/example_dags/example_external_task_marker_dag.py
[2025-12-15T18:56:43.143+0000] {logging_mixin.py:190} INFO - [2025-12-15T18:56:43.143+0000] {dag.py:3239} INFO - Sync 2 DAGs
[2025-12-15T18:56:43.215+0000] {logging_mixin.py:190} INFO - [2025-12-15T18:56:43.214+0000] {dag.py:4180} INFO - Setting next_dagrun for example_external_task_marker_child to None, run_after=None
[2025-12-15T18:56:43.228+0000] {logging_mixin.py:190} INFO - [2025-12-15T18:56:43.227+0000] {dag.py:4180} INFO - Setting next_dagrun for example_external_task_marker_parent to None, run_after=None
[2025-12-15T18:56:43.532+0000] {processor.py:208} INFO - Processing /home/airflow/.local/lib/python3.12/site-packages/airflow/example_dags/example_external_task_marker_dag.py took 0.548 seconds
[2025-12-15T18:57:13.846+0000] {processor.py:186} INFO - Started process (PID=830) to work on /home/airflow/.local/lib/python3.12/site-packages/airflow/example_dags/example_external_task_marker_dag.py
[2025-12-15T18:57:13.858+0000] {processor.py:914} INFO - Processing file /home/airflow/.local/lib/python3.12/site-packages/airflow/example_dags/example_external_task_marker_dag.py for tasks to queue
[2025-12-15T18:57:13.875+0000] {logging_mixin.py:190} INFO - [2025-12-15T18:57:13.874+0000] {dagbag.py:588} INFO - Filling up the DagBag from /home/airflow/.local/lib/python3.12/site-packages/airflow/example_dags/example_external_task_marker_dag.py
[2025-12-15T18:57:13.956+0000] {processor.py:925} INFO - DAG(s) 'example_external_task_marker_child', 'example_external_task_marker_parent' retrieved from /home/airflow/.local/lib/python3.12/site-packages/airflow/example_dags/example_external_task_marker_dag.py
[2025-12-15T18:57:14.220+0000] {logging_mixin.py:190} INFO - [2025-12-15T18:57:14.219+0000] {dag.py:3239} INFO - Sync 2 DAGs
[2025-12-15T18:57:14.348+0000] {logging_mixin.py:190} INFO - [2025-12-15T18:57:14.348+0000] {dag.py:4180} INFO - Setting next_dagrun for example_external_task_marker_child to None, run_after=None
[2025-12-15T18:57:14.381+0000] {logging_mixin.py:190} INFO - [2025-12-15T18:57:14.380+0000] {dag.py:4180} INFO - Setting next_dagrun for example_external_task_marker_parent to None, run_after=None
[2025-12-15T18:57:14.516+0000] {processor.py:208} INFO - Processing /home/airflow/.local/lib/python3.12/site-packages/airflow/example_dags/example_external_task_marker_dag.py took 0.724 seconds
[2025-12-15T18:57:49.651+0000] {processor.py:186} INFO - Started process (PID=1094) to work on /home/airflow/.local/lib/python3.12/site-packages/airflow/example_dags/example_external_task_marker_dag.py
[2025-12-15T18:57:49.663+0000] {processor.py:914} INFO - Processing file /home/airflow/.local/lib/python3.12/site-packages/airflow/example_dags/example_external_task_marker_dag.py for tasks to queue
[2025-12-15T18:57:49.699+0000] {logging_mixin.py:190} INFO - [2025-12-15T18:57:49.683+0000] {dagbag.py:588} INFO - Filling up the DagBag from /home/airflow/.local/lib/python3.12/site-packages/airflow/example_dags/example_external_task_marker_dag.py
[2025-12-15T18:57:49.758+0000] {processor.py:925} INFO - DAG(s) 'example_external_task_marker_parent', 'example_external_task_marker_child' retrieved from /home/airflow/.local/lib/python3.12/site-packages/airflow/example_dags/example_external_task_marker_dag.py
[2025-12-15T18:57:49.888+0000] {logging_mixin.py:190} INFO - [2025-12-15T18:57:49.888+0000] {dag.py:3239} INFO - Sync 2 DAGs
[2025-12-15T18:57:50.000+0000] {logging_mixin.py:190} INFO - [2025-12-15T18:57:50.000+0000] {dag.py:4180} INFO - Setting next_dagrun for example_external_task_marker_child to None, run_after=None
[2025-12-15T18:57:50.019+0000] {logging_mixin.py:190} INFO - [2025-12-15T18:57:50.018+0000] {dag.py:4180} INFO - Setting next_dagrun for example_external_task_marker_parent to None, run_after=None
[2025-12-15T18:57:50.099+0000] {processor.py:208} INFO - Processing /home/airflow/.local/lib/python3.12/site-packages/airflow/example_dags/example_external_task_marker_dag.py took 0.481 seconds
[2025-12-15T18:58:23.827+0000] {processor.py:186} INFO - Started process (PID=1391) to work on /home/airflow/.local/lib/python3.12/site-packages/airflow/example_dags/example_external_task_marker_dag.py
[2025-12-15T18:58:23.835+0000] {processor.py:914} INFO - Processing file /home/airflow/.local/lib/python3.12/site-packages/airflow/example_dags/example_external_task_marker_dag.py for tasks to queue
[2025-12-15T18:58:23.855+0000] {logging_mixin.py:190} INFO - [2025-12-15T18:58:23.842+0000] {dagbag.py:588} INFO - Filling up the DagBag from /home/airflow/.local/lib/python3.12/site-packages/airflow/example_dags/example_external_task_marker_dag.py
[2025-12-15T18:58:23.906+0000] {processor.py:925} INFO - DAG(s) 'example_external_task_marker_parent', 'example_external_task_marker_child' retrieved from /home/airflow/.local/lib/python3.12/site-packages/airflow/example_dags/example_external_task_marker_dag.py
[2025-12-15T18:58:23.978+0000] {logging_mixin.py:190} INFO - [2025-12-15T18:58:23.978+0000] {dag.py:3239} INFO - Sync 2 DAGs
[2025-12-15T18:58:24.021+0000] {logging_mixin.py:190} INFO - [2025-12-15T18:58:24.020+0000] {dag.py:4180} INFO - Setting next_dagrun for example_external_task_marker_child to None, run_after=None
[2025-12-15T18:58:24.027+0000] {logging_mixin.py:190} INFO - [2025-12-15T18:58:24.027+0000] {dag.py:4180} INFO - Setting next_dagrun for example_external_task_marker_parent to None, run_after=None
[2025-12-15T18:58:24.076+0000] {processor.py:208} INFO - Processing /home/airflow/.local/lib/python3.12/site-packages/airflow/example_dags/example_external_task_marker_dag.py took 0.269 seconds
[2025-12-15T18:58:55.230+0000] {processor.py:186} INFO - Started process (PID=1682) to work on /home/airflow/.local/lib/python3.12/site-packages/airflow/example_dags/example_external_task_marker_dag.py
[2025-12-15T18:58:55.234+0000] {processor.py:914} INFO - Processing file /home/airflow/.local/lib/python3.12/site-packages/airflow/example_dags/example_external_task_marker_dag.py for tasks to queue
[2025-12-15T18:58:55.241+0000] {logging_mixin.py:190} INFO - [2025-12-15T18:58:55.240+0000] {dagbag.py:588} INFO - Filling up the DagBag from /home/airflow/.local/lib/python3.12/site-packages/airflow/example_dags/example_external_task_marker_dag.py
[2025-12-15T18:58:55.271+0000] {processor.py:925} INFO - DAG(s) 'example_external_task_marker_child', 'example_external_task_marker_parent' retrieved from /home/airflow/.local/lib/python3.12/site-packages/airflow/example_dags/example_external_task_marker_dag.py
[2025-12-15T18:58:55.333+0000] {logging_mixin.py:190} INFO - [2025-12-15T18:58:55.333+0000] {dag.py:3239} INFO - Sync 2 DAGs
[2025-12-15T18:58:55.397+0000] {logging_mixin.py:190} INFO - [2025-12-15T18:58:55.396+0000] {dag.py:4180} INFO - Setting next_dagrun for example_external_task_marker_child to None, run_after=None
[2025-12-15T18:58:55.407+0000] {logging_mixin.py:190} INFO - [2025-12-15T18:58:55.406+0000] {dag.py:4180} INFO - Setting next_dagrun for example_external_task_marker_parent to None, run_after=None
[2025-12-15T18:58:55.475+0000] {processor.py:208} INFO - Processing /home/airflow/.local/lib/python3.12/site-packages/airflow/example_dags/example_external_task_marker_dag.py took 0.261 seconds
[2025-12-15T18:59:36.365+0000] {processor.py:186} INFO - Started process (PID=1864) to work on /home/airflow/.local/lib/python3.12/site-packages/airflow/example_dags/example_external_task_marker_dag.py
[2025-12-15T18:59:36.368+0000] {processor.py:914} INFO - Processing file /home/airflow/.local/lib/python3.12/site-packages/airflow/example_dags/example_external_task_marker_dag.py for tasks to queue
[2025-12-15T18:59:36.381+0000] {logging_mixin.py:190} INFO - [2025-12-15T18:59:36.380+0000] {dagbag.py:588} INFO - Filling up the DagBag from /home/airflow/.local/lib/python3.12/site-packages/airflow/example_dags/example_external_task_marker_dag.py
[2025-12-15T18:59:36.425+0000] {processor.py:925} INFO - DAG(s) 'example_external_task_marker_child', 'example_external_task_marker_parent' retrieved from /home/airflow/.local/lib/python3.12/site-packages/airflow/example_dags/example_external_task_marker_dag.py
[2025-12-15T18:59:36.518+0000] {logging_mixin.py:190} INFO - [2025-12-15T18:59:36.518+0000] {dag.py:3239} INFO - Sync 2 DAGs
[2025-12-15T18:59:36.583+0000] {logging_mixin.py:190} INFO - [2025-12-15T18:59:36.582+0000] {dag.py:4180} INFO - Setting next_dagrun for example_external_task_marker_child to None, run_after=None
[2025-12-15T18:59:36.594+0000] {logging_mixin.py:190} INFO - [2025-12-15T18:59:36.593+0000] {dag.py:4180} INFO - Setting next_dagrun for example_external_task_marker_parent to None, run_after=None
[2025-12-15T18:59:36.656+0000] {processor.py:208} INFO - Processing /home/airflow/.local/lib/python3.12/site-packages/airflow/example_dags/example_external_task_marker_dag.py took 0.319 seconds
[2025-12-15T19:00:53.555+0000] {processor.py:186} INFO - Started process (PID=2131) to work on /home/airflow/.local/lib/python3.12/site-packages/airflow/example_dags/example_external_task_marker_dag.py
[2025-12-15T19:00:53.562+0000] {processor.py:914} INFO - Processing file /home/airflow/.local/lib/python3.12/site-packages/airflow/example_dags/example_external_task_marker_dag.py for tasks to queue
[2025-12-15T19:00:53.604+0000] {logging_mixin.py:190} INFO - [2025-12-15T19:00:53.578+0000] {dagbag.py:588} INFO - Filling up the DagBag from /home/airflow/.local/lib/python3.12/site-packages/airflow/example_dags/example_external_task_marker_dag.py
[2025-12-15T19:00:53.860+0000] {processor.py:925} INFO - DAG(s) 'example_external_task_marker_parent', 'example_external_task_marker_child' retrieved from /home/airflow/.local/lib/python3.12/site-packages/airflow/example_dags/example_external_task_marker_dag.py
[2025-12-15T19:00:54.096+0000] {logging_mixin.py:190} INFO - [2025-12-15T19:00:54.089+0000] {dag.py:3239} INFO - Sync 2 DAGs
[2025-12-15T19:00:54.187+0000] {logging_mixin.py:190} INFO - [2025-12-15T19:00:54.186+0000] {dag.py:4180} INFO - Setting next_dagrun for example_external_task_marker_child to None, run_after=None
[2025-12-15T19:00:54.206+0000] {logging_mixin.py:190} INFO - [2025-12-15T19:00:54.206+0000] {dag.py:4180} INFO - Setting next_dagrun for example_external_task_marker_parent to None, run_after=None
[2025-12-15T19:00:54.432+0000] {processor.py:208} INFO - Processing /home/airflow/.local/lib/python3.12/site-packages/airflow/example_dags/example_external_task_marker_dag.py took 0.910 seconds
[2025-12-15T19:01:58.872+0000] {processor.py:186} INFO - Started process (PID=2397) to work on /home/airflow/.local/lib/python3.12/site-packages/airflow/example_dags/example_external_task_marker_dag.py
[2025-12-15T19:01:58.873+0000] {processor.py:914} INFO - Processing file /home/airflow/.local/lib/python3.12/site-packages/airflow/example_dags/example_external_task_marker_dag.py for tasks to queue
[2025-12-15T19:01:58.877+0000] {logging_mixin.py:190} INFO - [2025-12-15T19:01:58.877+0000] {dagbag.py:588} INFO - Filling up the DagBag from /home/airflow/.local/lib/python3.12/site-packages/airflow/example_dags/example_external_task_marker_dag.py
[2025-12-15T19:01:58.894+0000] {processor.py:925} INFO - DAG(s) 'example_external_task_marker_parent', 'example_external_task_marker_child' retrieved from /home/airflow/.local/lib/python3.12/site-packages/airflow/example_dags/example_external_task_marker_dag.py
[2025-12-15T19:01:58.945+0000] {logging_mixin.py:190} INFO - [2025-12-15T19:01:58.945+0000] {dag.py:3239} INFO - Sync 2 DAGs
[2025-12-15T19:01:58.991+0000] {logging_mixin.py:190} INFO - [2025-12-15T19:01:58.991+0000] {dag.py:4180} INFO - Setting next_dagrun for example_external_task_marker_child to None, run_after=None
[2025-12-15T19:01:58.999+0000] {logging_mixin.py:190} INFO - [2025-12-15T19:01:58.999+0000] {dag.py:4180} INFO - Setting next_dagrun for example_external_task_marker_parent to None, run_after=None
[2025-12-15T19:01:59.032+0000] {processor.py:208} INFO - Processing /home/airflow/.local/lib/python3.12/site-packages/airflow/example_dags/example_external_task_marker_dag.py took 0.174 seconds
[2025-12-15T19:02:31.016+0000] {processor.py:186} INFO - Started process (PID=2651) to work on /home/airflow/.local/lib/python3.12/site-packages/airflow/example_dags/example_external_task_marker_dag.py
[2025-12-15T19:02:31.018+0000] {processor.py:914} INFO - Processing file /home/airflow/.local/lib/python3.12/site-packages/airflow/example_dags/example_external_task_marker_dag.py for tasks to queue
[2025-12-15T19:02:31.023+0000] {logging_mixin.py:190} INFO - [2025-12-15T19:02:31.023+0000] {dagbag.py:588} INFO - Filling up the DagBag from /home/airflow/.local/lib/python3.12/site-packages/airflow/example_dags/example_external_task_marker_dag.py
[2025-12-15T19:02:31.039+0000] {processor.py:925} INFO - DAG(s) 'example_external_task_marker_parent', 'example_external_task_marker_child' retrieved from /home/airflow/.local/lib/python3.12/site-packages/airflow/example_dags/example_external_task_marker_dag.py
[2025-12-15T19:02:31.084+0000] {logging_mixin.py:190} INFO - [2025-12-15T19:02:31.083+0000] {dag.py:3239} INFO - Sync 2 DAGs
[2025-12-15T19:02:31.120+0000] {logging_mixin.py:190} INFO - [2025-12-15T19:02:31.119+0000] {dag.py:4180} INFO - Setting next_dagrun for example_external_task_marker_child to None, run_after=None
[2025-12-15T19:02:31.132+0000] {logging_mixin.py:190} INFO - [2025-12-15T19:02:31.131+0000] {dag.py:4180} INFO - Setting next_dagrun for example_external_task_marker_parent to None, run_after=None
[2025-12-15T19:02:31.176+0000] {processor.py:208} INFO - Processing /home/airflow/.local/lib/python3.12/site-packages/airflow/example_dags/example_external_task_marker_dag.py took 0.172 seconds
[2025-12-15T19:03:04.539+0000] {processor.py:186} INFO - Started process (PID=2942) to work on /home/airflow/.local/lib/python3.12/site-packages/airflow/example_dags/example_external_task_marker_dag.py
[2025-12-15T19:03:04.543+0000] {processor.py:914} INFO - Processing file /home/airflow/.local/lib/python3.12/site-packages/airflow/example_dags/example_external_task_marker_dag.py for tasks to queue
[2025-12-15T19:03:04.560+0000] {logging_mixin.py:190} INFO - [2025-12-15T19:03:04.558+0000] {dagbag.py:588} INFO - Filling up the DagBag from /home/airflow/.local/lib/python3.12/site-packages/airflow/example_dags/example_external_task_marker_dag.py
[2025-12-15T19:03:04.611+0000] {processor.py:925} INFO - DAG(s) 'example_external_task_marker_parent', 'example_external_task_marker_child' retrieved from /home/airflow/.local/lib/python3.12/site-packages/airflow/example_dags/example_external_task_marker_dag.py
[2025-12-15T19:03:04.773+0000] {logging_mixin.py:190} INFO - [2025-12-15T19:03:04.772+0000] {dag.py:3239} INFO - Sync 2 DAGs
[2025-12-15T19:03:04.898+0000] {logging_mixin.py:190} INFO - [2025-12-15T19:03:04.898+0000] {dag.py:4180} INFO - Setting next_dagrun for example_external_task_marker_child to None, run_after=None
[2025-12-15T19:03:04.950+0000] {logging_mixin.py:190} INFO - [2025-12-15T19:03:04.950+0000] {dag.py:4180} INFO - Setting next_dagrun for example_external_task_marker_parent to None, run_after=None
[2025-12-15T19:03:05.048+0000] {processor.py:208} INFO - Processing /home/airflow/.local/lib/python3.12/site-packages/airflow/example_dags/example_external_task_marker_dag.py took 0.546 seconds
[2025-12-15T19:03:36.025+0000] {processor.py:186} INFO - Started process (PID=3233) to work on /home/airflow/.local/lib/python3.12/site-packages/airflow/example_dags/example_external_task_marker_dag.py
[2025-12-15T19:03:36.027+0000] {processor.py:914} INFO - Processing file /home/airflow/.local/lib/python3.12/site-packages/airflow/example_dags/example_external_task_marker_dag.py for tasks to queue
[2025-12-15T19:03:36.034+0000] {logging_mixin.py:190} INFO - [2025-12-15T19:03:36.033+0000] {dagbag.py:588} INFO - Filling up the DagBag from /home/airflow/.local/lib/python3.12/site-packages/airflow/example_dags/example_external_task_marker_dag.py
[2025-12-15T19:03:36.052+0000] {processor.py:925} INFO - DAG(s) 'example_external_task_marker_child', 'example_external_task_marker_parent' retrieved from /home/airflow/.local/lib/python3.12/site-packages/airflow/example_dags/example_external_task_marker_dag.py
[2025-12-15T19:03:36.098+0000] {logging_mixin.py:190} INFO - [2025-12-15T19:03:36.098+0000] {dag.py:3239} INFO - Sync 2 DAGs
[2025-12-15T19:03:36.129+0000] {logging_mixin.py:190} INFO - [2025-12-15T19:03:36.128+0000] {dag.py:4180} INFO - Setting next_dagrun for example_external_task_marker_child to None, run_after=None
[2025-12-15T19:03:36.136+0000] {logging_mixin.py:190} INFO - [2025-12-15T19:03:36.136+0000] {dag.py:4180} INFO - Setting next_dagrun for example_external_task_marker_parent to None, run_after=None
[2025-12-15T19:03:36.172+0000] {processor.py:208} INFO - Processing /home/airflow/.local/lib/python3.12/site-packages/airflow/example_dags/example_external_task_marker_dag.py took 0.172 seconds
[2025-12-15T19:04:09.188+0000] {processor.py:186} INFO - Started process (PID=3519) to work on /home/airflow/.local/lib/python3.12/site-packages/airflow/example_dags/example_external_task_marker_dag.py
[2025-12-15T19:04:09.190+0000] {processor.py:914} INFO - Processing file /home/airflow/.local/lib/python3.12/site-packages/airflow/example_dags/example_external_task_marker_dag.py for tasks to queue
[2025-12-15T19:04:09.194+0000] {logging_mixin.py:190} INFO - [2025-12-15T19:04:09.194+0000] {dagbag.py:588} INFO - Filling up the DagBag from /home/airflow/.local/lib/python3.12/site-packages/airflow/example_dags/example_external_task_marker_dag.py
[2025-12-15T19:04:09.218+0000] {processor.py:925} INFO - DAG(s) 'example_external_task_marker_parent', 'example_external_task_marker_child' retrieved from /home/airflow/.local/lib/python3.12/site-packages/airflow/example_dags/example_external_task_marker_dag.py
[2025-12-15T19:04:09.269+0000] {logging_mixin.py:190} INFO - [2025-12-15T19:04:09.269+0000] {dag.py:3239} INFO - Sync 2 DAGs
[2025-12-15T19:04:09.300+0000] {logging_mixin.py:190} INFO - [2025-12-15T19:04:09.300+0000] {dag.py:4180} INFO - Setting next_dagrun for example_external_task_marker_child to None, run_after=None
[2025-12-15T19:04:09.306+0000] {logging_mixin.py:190} INFO - [2025-12-15T19:04:09.306+0000] {dag.py:4180} INFO - Setting next_dagrun for example_external_task_marker_parent to None, run_after=None
[2025-12-15T19:04:09.341+0000] {processor.py:208} INFO - Processing /home/airflow/.local/lib/python3.12/site-packages/airflow/example_dags/example_external_task_marker_dag.py took 0.169 seconds
[2025-12-15T19:04:41.532+0000] {processor.py:186} INFO - Started process (PID=3782) to work on /home/airflow/.local/lib/python3.12/site-packages/airflow/example_dags/example_external_task_marker_dag.py
[2025-12-15T19:04:41.537+0000] {processor.py:914} INFO - Processing file /home/airflow/.local/lib/python3.12/site-packages/airflow/example_dags/example_external_task_marker_dag.py for tasks to queue
[2025-12-15T19:04:41.541+0000] {logging_mixin.py:190} INFO - [2025-12-15T19:04:41.540+0000] {dagbag.py:588} INFO - Filling up the DagBag from /home/airflow/.local/lib/python3.12/site-packages/airflow/example_dags/example_external_task_marker_dag.py
[2025-12-15T19:04:41.559+0000] {processor.py:925} INFO - DAG(s) 'example_external_task_marker_child', 'example_external_task_marker_parent' retrieved from /home/airflow/.local/lib/python3.12/site-packages/airflow/example_dags/example_external_task_marker_dag.py
[2025-12-15T19:04:41.609+0000] {logging_mixin.py:190} INFO - [2025-12-15T19:04:41.609+0000] {dag.py:3239} INFO - Sync 2 DAGs
[2025-12-15T19:04:41.642+0000] {logging_mixin.py:190} INFO - [2025-12-15T19:04:41.642+0000] {dag.py:4180} INFO - Setting next_dagrun for example_external_task_marker_child to None, run_after=None
[2025-12-15T19:04:41.651+0000] {logging_mixin.py:190} INFO - [2025-12-15T19:04:41.651+0000] {dag.py:4180} INFO - Setting next_dagrun for example_external_task_marker_parent to None, run_after=None
[2025-12-15T19:04:41.689+0000] {processor.py:208} INFO - Processing /home/airflow/.local/lib/python3.12/site-packages/airflow/example_dags/example_external_task_marker_dag.py took 0.174 seconds
[2025-12-15T19:05:12.581+0000] {processor.py:186} INFO - Started process (PID=4066) to work on /home/airflow/.local/lib/python3.12/site-packages/airflow/example_dags/example_external_task_marker_dag.py
[2025-12-15T19:05:12.627+0000] {processor.py:914} INFO - Processing file /home/airflow/.local/lib/python3.12/site-packages/airflow/example_dags/example_external_task_marker_dag.py for tasks to queue
[2025-12-15T19:05:12.634+0000] {logging_mixin.py:190} INFO - [2025-12-15T19:05:12.633+0000] {dagbag.py:588} INFO - Filling up the DagBag from /home/airflow/.local/lib/python3.12/site-packages/airflow/example_dags/example_external_task_marker_dag.py
[2025-12-15T19:05:12.670+0000] {processor.py:925} INFO - DAG(s) 'example_external_task_marker_parent', 'example_external_task_marker_child' retrieved from /home/airflow/.local/lib/python3.12/site-packages/airflow/example_dags/example_external_task_marker_dag.py
[2025-12-15T19:05:12.732+0000] {logging_mixin.py:190} INFO - [2025-12-15T19:05:12.731+0000] {dag.py:3239} INFO - Sync 2 DAGs
[2025-12-15T19:05:12.762+0000] {logging_mixin.py:190} INFO - [2025-12-15T19:05:12.762+0000] {dag.py:4180} INFO - Setting next_dagrun for example_external_task_marker_child to None, run_after=None
[2025-12-15T19:05:12.768+0000] {logging_mixin.py:190} INFO - [2025-12-15T19:05:12.768+0000] {dag.py:4180} INFO - Setting next_dagrun for example_external_task_marker_parent to None, run_after=None
[2025-12-15T19:05:12.936+0000] {processor.py:208} INFO - Processing /home/airflow/.local/lib/python3.12/site-packages/airflow/example_dags/example_external_task_marker_dag.py took 0.413 seconds
[2025-12-15T19:05:43.796+0000] {processor.py:186} INFO - Started process (PID=4357) to work on /home/airflow/.local/lib/python3.12/site-packages/airflow/example_dags/example_external_task_marker_dag.py
[2025-12-15T19:05:43.798+0000] {processor.py:914} INFO - Processing file /home/airflow/.local/lib/python3.12/site-packages/airflow/example_dags/example_external_task_marker_dag.py for tasks to queue
[2025-12-15T19:05:43.801+0000] {logging_mixin.py:190} INFO - [2025-12-15T19:05:43.800+0000] {dagbag.py:588} INFO - Filling up the DagBag from /home/airflow/.local/lib/python3.12/site-packages/airflow/example_dags/example_external_task_marker_dag.py
[2025-12-15T19:05:43.812+0000] {processor.py:925} INFO - DAG(s) 'example_external_task_marker_parent', 'example_external_task_marker_child' retrieved from /home/airflow/.local/lib/python3.12/site-packages/airflow/example_dags/example_external_task_marker_dag.py
[2025-12-15T19:05:43.843+0000] {logging_mixin.py:190} INFO - [2025-12-15T19:05:43.842+0000] {dag.py:3239} INFO - Sync 2 DAGs
[2025-12-15T19:05:43.863+0000] {logging_mixin.py:190} INFO - [2025-12-15T19:05:43.863+0000] {dag.py:4180} INFO - Setting next_dagrun for example_external_task_marker_child to None, run_after=None
[2025-12-15T19:05:43.869+0000] {logging_mixin.py:190} INFO - [2025-12-15T19:05:43.869+0000] {dag.py:4180} INFO - Setting next_dagrun for example_external_task_marker_parent to None, run_after=None
[2025-12-15T19:05:43.910+0000] {processor.py:208} INFO - Processing /home/airflow/.local/lib/python3.12/site-packages/airflow/example_dags/example_external_task_marker_dag.py took 0.123 seconds
[2025-12-15T19:06:14.073+0000] {processor.py:186} INFO - Started process (PID=4648) to work on /home/airflow/.local/lib/python3.12/site-packages/airflow/example_dags/example_external_task_marker_dag.py
[2025-12-15T19:06:14.080+0000] {processor.py:914} INFO - Processing file /home/airflow/.local/lib/python3.12/site-packages/airflow/example_dags/example_external_task_marker_dag.py for tasks to queue
[2025-12-15T19:06:14.086+0000] {logging_mixin.py:190} INFO - [2025-12-15T19:06:14.085+0000] {dagbag.py:588} INFO - Filling up the DagBag from /home/airflow/.local/lib/python3.12/site-packages/airflow/example_dags/example_external_task_marker_dag.py
[2025-12-15T19:06:14.106+0000] {processor.py:925} INFO - DAG(s) 'example_external_task_marker_parent', 'example_external_task_marker_child' retrieved from /home/airflow/.local/lib/python3.12/site-packages/airflow/example_dags/example_external_task_marker_dag.py
[2025-12-15T19:06:14.187+0000] {logging_mixin.py:190} INFO - [2025-12-15T19:06:14.187+0000] {dag.py:3239} INFO - Sync 2 DAGs
[2025-12-15T19:06:14.287+0000] {logging_mixin.py:190} INFO - [2025-12-15T19:06:14.283+0000] {dag.py:4180} INFO - Setting next_dagrun for example_external_task_marker_child to None, run_after=None
[2025-12-15T19:06:14.311+0000] {logging_mixin.py:190} INFO - [2025-12-15T19:06:14.310+0000] {dag.py:4180} INFO - Setting next_dagrun for example_external_task_marker_parent to None, run_after=None
[2025-12-15T19:06:14.433+0000] {processor.py:208} INFO - Processing /home/airflow/.local/lib/python3.12/site-packages/airflow/example_dags/example_external_task_marker_dag.py took 0.382 seconds
[2025-12-15T19:06:46.240+0000] {processor.py:186} INFO - Started process (PID=4939) to work on /home/airflow/.local/lib/python3.12/site-packages/airflow/example_dags/example_external_task_marker_dag.py
[2025-12-15T19:06:46.246+0000] {processor.py:914} INFO - Processing file /home/airflow/.local/lib/python3.12/site-packages/airflow/example_dags/example_external_task_marker_dag.py for tasks to queue
[2025-12-15T19:06:46.251+0000] {logging_mixin.py:190} INFO - [2025-12-15T19:06:46.251+0000] {dagbag.py:588} INFO - Filling up the DagBag from /home/airflow/.local/lib/python3.12/site-packages/airflow/example_dags/example_external_task_marker_dag.py
[2025-12-15T19:06:46.279+0000] {processor.py:925} INFO - DAG(s) 'example_external_task_marker_parent', 'example_external_task_marker_child' retrieved from /home/airflow/.local/lib/python3.12/site-packages/airflow/example_dags/example_external_task_marker_dag.py
[2025-12-15T19:06:46.366+0000] {logging_mixin.py:190} INFO - [2025-12-15T19:06:46.365+0000] {dag.py:3239} INFO - Sync 2 DAGs
[2025-12-15T19:06:46.417+0000] {logging_mixin.py:190} INFO - [2025-12-15T19:06:46.416+0000] {dag.py:4180} INFO - Setting next_dagrun for example_external_task_marker_child to None, run_after=None
[2025-12-15T19:06:46.429+0000] {logging_mixin.py:190} INFO - [2025-12-15T19:06:46.428+0000] {dag.py:4180} INFO - Setting next_dagrun for example_external_task_marker_parent to None, run_after=None
[2025-12-15T19:06:46.519+0000] {processor.py:208} INFO - Processing /home/airflow/.local/lib/python3.12/site-packages/airflow/example_dags/example_external_task_marker_dag.py took 0.298 seconds
[2025-12-15T19:07:23.596+0000] {processor.py:186} INFO - Started process (PID=5205) to work on /home/airflow/.local/lib/python3.12/site-packages/airflow/example_dags/example_external_task_marker_dag.py
[2025-12-15T19:07:23.605+0000] {processor.py:914} INFO - Processing file /home/airflow/.local/lib/python3.12/site-packages/airflow/example_dags/example_external_task_marker_dag.py for tasks to queue
[2025-12-15T19:07:23.617+0000] {logging_mixin.py:190} INFO - [2025-12-15T19:07:23.616+0000] {dagbag.py:588} INFO - Filling up the DagBag from /home/airflow/.local/lib/python3.12/site-packages/airflow/example_dags/example_external_task_marker_dag.py
[2025-12-15T19:07:23.675+0000] {processor.py:925} INFO - DAG(s) 'example_external_task_marker_child', 'example_external_task_marker_parent' retrieved from /home/airflow/.local/lib/python3.12/site-packages/airflow/example_dags/example_external_task_marker_dag.py
[2025-12-15T19:07:23.776+0000] {logging_mixin.py:190} INFO - [2025-12-15T19:07:23.775+0000] {dag.py:3239} INFO - Sync 2 DAGs
[2025-12-15T19:07:23.865+0000] {logging_mixin.py:190} INFO - [2025-12-15T19:07:23.864+0000] {dag.py:4180} INFO - Setting next_dagrun for example_external_task_marker_child to None, run_after=None
[2025-12-15T19:07:23.894+0000] {logging_mixin.py:190} INFO - [2025-12-15T19:07:23.894+0000] {dag.py:4180} INFO - Setting next_dagrun for example_external_task_marker_parent to None, run_after=None
[2025-12-15T19:07:23.994+0000] {processor.py:208} INFO - Processing /home/airflow/.local/lib/python3.12/site-packages/airflow/example_dags/example_external_task_marker_dag.py took 0.433 seconds
[2025-12-15T19:07:54.484+0000] {processor.py:186} INFO - Started process (PID=5491) to work on /home/airflow/.local/lib/python3.12/site-packages/airflow/example_dags/example_external_task_marker_dag.py
[2025-12-15T19:07:54.490+0000] {processor.py:914} INFO - Processing file /home/airflow/.local/lib/python3.12/site-packages/airflow/example_dags/example_external_task_marker_dag.py for tasks to queue
[2025-12-15T19:07:54.496+0000] {logging_mixin.py:190} INFO - [2025-12-15T19:07:54.495+0000] {dagbag.py:588} INFO - Filling up the DagBag from /home/airflow/.local/lib/python3.12/site-packages/airflow/example_dags/example_external_task_marker_dag.py
[2025-12-15T19:07:54.524+0000] {processor.py:925} INFO - DAG(s) 'example_external_task_marker_parent', 'example_external_task_marker_child' retrieved from /home/airflow/.local/lib/python3.12/site-packages/airflow/example_dags/example_external_task_marker_dag.py
[2025-12-15T19:07:54.600+0000] {logging_mixin.py:190} INFO - [2025-12-15T19:07:54.598+0000] {dag.py:3239} INFO - Sync 2 DAGs
[2025-12-15T19:07:54.649+0000] {logging_mixin.py:190} INFO - [2025-12-15T19:07:54.648+0000] {dag.py:4180} INFO - Setting next_dagrun for example_external_task_marker_child to None, run_after=None
[2025-12-15T19:07:54.669+0000] {logging_mixin.py:190} INFO - [2025-12-15T19:07:54.668+0000] {dag.py:4180} INFO - Setting next_dagrun for example_external_task_marker_parent to None, run_after=None
[2025-12-15T19:07:54.716+0000] {processor.py:208} INFO - Processing /home/airflow/.local/lib/python3.12/site-packages/airflow/example_dags/example_external_task_marker_dag.py took 0.251 seconds
[2025-12-15T19:08:24.868+0000] {processor.py:186} INFO - Started process (PID=5779) to work on /home/airflow/.local/lib/python3.12/site-packages/airflow/example_dags/example_external_task_marker_dag.py
[2025-12-15T19:08:24.870+0000] {processor.py:914} INFO - Processing file /home/airflow/.local/lib/python3.12/site-packages/airflow/example_dags/example_external_task_marker_dag.py for tasks to queue
[2025-12-15T19:08:24.875+0000] {logging_mixin.py:190} INFO - [2025-12-15T19:08:24.874+0000] {dagbag.py:588} INFO - Filling up the DagBag from /home/airflow/.local/lib/python3.12/site-packages/airflow/example_dags/example_external_task_marker_dag.py
[2025-12-15T19:08:24.889+0000] {processor.py:925} INFO - DAG(s) 'example_external_task_marker_child', 'example_external_task_marker_parent' retrieved from /home/airflow/.local/lib/python3.12/site-packages/airflow/example_dags/example_external_task_marker_dag.py
[2025-12-15T19:08:24.929+0000] {logging_mixin.py:190} INFO - [2025-12-15T19:08:24.928+0000] {dag.py:3239} INFO - Sync 2 DAGs
[2025-12-15T19:08:24.955+0000] {logging_mixin.py:190} INFO - [2025-12-15T19:08:24.955+0000] {dag.py:4180} INFO - Setting next_dagrun for example_external_task_marker_child to None, run_after=None
[2025-12-15T19:08:24.961+0000] {logging_mixin.py:190} INFO - [2025-12-15T19:08:24.961+0000] {dag.py:4180} INFO - Setting next_dagrun for example_external_task_marker_parent to None, run_after=None
[2025-12-15T19:08:24.989+0000] {processor.py:208} INFO - Processing /home/airflow/.local/lib/python3.12/site-packages/airflow/example_dags/example_external_task_marker_dag.py took 0.132 seconds
[2025-12-15T19:08:55.638+0000] {processor.py:186} INFO - Started process (PID=6053) to work on /home/airflow/.local/lib/python3.12/site-packages/airflow/example_dags/example_external_task_marker_dag.py
[2025-12-15T19:08:55.642+0000] {processor.py:914} INFO - Processing file /home/airflow/.local/lib/python3.12/site-packages/airflow/example_dags/example_external_task_marker_dag.py for tasks to queue
[2025-12-15T19:08:55.648+0000] {logging_mixin.py:190} INFO - [2025-12-15T19:08:55.647+0000] {dagbag.py:588} INFO - Filling up the DagBag from /home/airflow/.local/lib/python3.12/site-packages/airflow/example_dags/example_external_task_marker_dag.py
[2025-12-15T19:08:55.672+0000] {processor.py:925} INFO - DAG(s) 'example_external_task_marker_child', 'example_external_task_marker_parent' retrieved from /home/airflow/.local/lib/python3.12/site-packages/airflow/example_dags/example_external_task_marker_dag.py
[2025-12-15T19:08:55.724+0000] {logging_mixin.py:190} INFO - [2025-12-15T19:08:55.723+0000] {dag.py:3239} INFO - Sync 2 DAGs
[2025-12-15T19:08:55.760+0000] {logging_mixin.py:190} INFO - [2025-12-15T19:08:55.759+0000] {dag.py:4180} INFO - Setting next_dagrun for example_external_task_marker_child to None, run_after=None
[2025-12-15T19:08:55.770+0000] {logging_mixin.py:190} INFO - [2025-12-15T19:08:55.769+0000] {dag.py:4180} INFO - Setting next_dagrun for example_external_task_marker_parent to None, run_after=None
[2025-12-15T19:08:55.832+0000] {processor.py:208} INFO - Processing /home/airflow/.local/lib/python3.12/site-packages/airflow/example_dags/example_external_task_marker_dag.py took 0.216 seconds
[2025-12-15T19:09:26.425+0000] {processor.py:186} INFO - Started process (PID=6339) to work on /home/airflow/.local/lib/python3.12/site-packages/airflow/example_dags/example_external_task_marker_dag.py
[2025-12-15T19:09:26.427+0000] {processor.py:914} INFO - Processing file /home/airflow/.local/lib/python3.12/site-packages/airflow/example_dags/example_external_task_marker_dag.py for tasks to queue
[2025-12-15T19:09:26.431+0000] {logging_mixin.py:190} INFO - [2025-12-15T19:09:26.431+0000] {dagbag.py:588} INFO - Filling up the DagBag from /home/airflow/.local/lib/python3.12/site-packages/airflow/example_dags/example_external_task_marker_dag.py
[2025-12-15T19:09:26.448+0000] {processor.py:925} INFO - DAG(s) 'example_external_task_marker_parent', 'example_external_task_marker_child' retrieved from /home/airflow/.local/lib/python3.12/site-packages/airflow/example_dags/example_external_task_marker_dag.py
[2025-12-15T19:09:26.486+0000] {logging_mixin.py:190} INFO - [2025-12-15T19:09:26.486+0000] {dag.py:3239} INFO - Sync 2 DAGs
[2025-12-15T19:09:26.509+0000] {logging_mixin.py:190} INFO - [2025-12-15T19:09:26.509+0000] {dag.py:4180} INFO - Setting next_dagrun for example_external_task_marker_child to None, run_after=None
[2025-12-15T19:09:26.517+0000] {logging_mixin.py:190} INFO - [2025-12-15T19:09:26.516+0000] {dag.py:4180} INFO - Setting next_dagrun for example_external_task_marker_parent to None, run_after=None
[2025-12-15T19:09:26.553+0000] {processor.py:208} INFO - Processing /home/airflow/.local/lib/python3.12/site-packages/airflow/example_dags/example_external_task_marker_dag.py took 0.138 seconds
[2025-12-15T19:09:56.850+0000] {processor.py:186} INFO - Started process (PID=6630) to work on /home/airflow/.local/lib/python3.12/site-packages/airflow/example_dags/example_external_task_marker_dag.py
[2025-12-15T19:09:56.864+0000] {processor.py:914} INFO - Processing file /home/airflow/.local/lib/python3.12/site-packages/airflow/example_dags/example_external_task_marker_dag.py for tasks to queue
[2025-12-15T19:09:56.880+0000] {logging_mixin.py:190} INFO - [2025-12-15T19:09:56.879+0000] {dagbag.py:588} INFO - Filling up the DagBag from /home/airflow/.local/lib/python3.12/site-packages/airflow/example_dags/example_external_task_marker_dag.py
[2025-12-15T19:09:56.962+0000] {processor.py:925} INFO - DAG(s) 'example_external_task_marker_parent', 'example_external_task_marker_child' retrieved from /home/airflow/.local/lib/python3.12/site-packages/airflow/example_dags/example_external_task_marker_dag.py
[2025-12-15T19:09:57.160+0000] {logging_mixin.py:190} INFO - [2025-12-15T19:09:57.160+0000] {dag.py:3239} INFO - Sync 2 DAGs
[2025-12-15T19:09:57.304+0000] {logging_mixin.py:190} INFO - [2025-12-15T19:09:57.294+0000] {dag.py:4180} INFO - Setting next_dagrun for example_external_task_marker_child to None, run_after=None
[2025-12-15T19:09:57.337+0000] {logging_mixin.py:190} INFO - [2025-12-15T19:09:57.336+0000] {dag.py:4180} INFO - Setting next_dagrun for example_external_task_marker_parent to None, run_after=None
[2025-12-15T19:09:57.466+0000] {processor.py:208} INFO - Processing /home/airflow/.local/lib/python3.12/site-packages/airflow/example_dags/example_external_task_marker_dag.py took 0.665 seconds
[2025-12-15T19:10:27.871+0000] {processor.py:186} INFO - Started process (PID=6922) to work on /home/airflow/.local/lib/python3.12/site-packages/airflow/example_dags/example_external_task_marker_dag.py
[2025-12-15T19:10:27.876+0000] {processor.py:914} INFO - Processing file /home/airflow/.local/lib/python3.12/site-packages/airflow/example_dags/example_external_task_marker_dag.py for tasks to queue
[2025-12-15T19:10:27.887+0000] {logging_mixin.py:190} INFO - [2025-12-15T19:10:27.886+0000] {dagbag.py:588} INFO - Filling up the DagBag from /home/airflow/.local/lib/python3.12/site-packages/airflow/example_dags/example_external_task_marker_dag.py
[2025-12-15T19:10:27.914+0000] {processor.py:925} INFO - DAG(s) 'example_external_task_marker_child', 'example_external_task_marker_parent' retrieved from /home/airflow/.local/lib/python3.12/site-packages/airflow/example_dags/example_external_task_marker_dag.py
[2025-12-15T19:10:27.995+0000] {logging_mixin.py:190} INFO - [2025-12-15T19:10:27.995+0000] {dag.py:3239} INFO - Sync 2 DAGs
[2025-12-15T19:10:28.046+0000] {logging_mixin.py:190} INFO - [2025-12-15T19:10:28.045+0000] {dag.py:4180} INFO - Setting next_dagrun for example_external_task_marker_child to None, run_after=None
[2025-12-15T19:10:28.061+0000] {logging_mixin.py:190} INFO - [2025-12-15T19:10:28.061+0000] {dag.py:4180} INFO - Setting next_dagrun for example_external_task_marker_parent to None, run_after=None
[2025-12-15T19:10:28.125+0000] {processor.py:208} INFO - Processing /home/airflow/.local/lib/python3.12/site-packages/airflow/example_dags/example_external_task_marker_dag.py took 0.279 seconds
[2025-12-15T19:10:58.829+0000] {processor.py:186} INFO - Started process (PID=7213) to work on /home/airflow/.local/lib/python3.12/site-packages/airflow/example_dags/example_external_task_marker_dag.py
[2025-12-15T19:10:58.855+0000] {processor.py:914} INFO - Processing file /home/airflow/.local/lib/python3.12/site-packages/airflow/example_dags/example_external_task_marker_dag.py for tasks to queue
[2025-12-15T19:10:58.866+0000] {logging_mixin.py:190} INFO - [2025-12-15T19:10:58.863+0000] {dagbag.py:588} INFO - Filling up the DagBag from /home/airflow/.local/lib/python3.12/site-packages/airflow/example_dags/example_external_task_marker_dag.py
[2025-12-15T19:10:58.954+0000] {processor.py:925} INFO - DAG(s) 'example_external_task_marker_child', 'example_external_task_marker_parent' retrieved from /home/airflow/.local/lib/python3.12/site-packages/airflow/example_dags/example_external_task_marker_dag.py
[2025-12-15T19:10:59.093+0000] {logging_mixin.py:190} INFO - [2025-12-15T19:10:59.091+0000] {dag.py:3239} INFO - Sync 2 DAGs
[2025-12-15T19:10:59.202+0000] {logging_mixin.py:190} INFO - [2025-12-15T19:10:59.196+0000] {dag.py:4180} INFO - Setting next_dagrun for example_external_task_marker_child to None, run_after=None
[2025-12-15T19:10:59.213+0000] {logging_mixin.py:190} INFO - [2025-12-15T19:10:59.213+0000] {dag.py:4180} INFO - Setting next_dagrun for example_external_task_marker_parent to None, run_after=None
[2025-12-15T19:10:59.290+0000] {processor.py:208} INFO - Processing /home/airflow/.local/lib/python3.12/site-packages/airflow/example_dags/example_external_task_marker_dag.py took 0.527 seconds
[2025-12-15T19:11:29.544+0000] {processor.py:186} INFO - Started process (PID=7504) to work on /home/airflow/.local/lib/python3.12/site-packages/airflow/example_dags/example_external_task_marker_dag.py
[2025-12-15T19:11:29.546+0000] {processor.py:914} INFO - Processing file /home/airflow/.local/lib/python3.12/site-packages/airflow/example_dags/example_external_task_marker_dag.py for tasks to queue
[2025-12-15T19:11:29.550+0000] {logging_mixin.py:190} INFO - [2025-12-15T19:11:29.549+0000] {dagbag.py:588} INFO - Filling up the DagBag from /home/airflow/.local/lib/python3.12/site-packages/airflow/example_dags/example_external_task_marker_dag.py
[2025-12-15T19:11:29.566+0000] {processor.py:925} INFO - DAG(s) 'example_external_task_marker_child', 'example_external_task_marker_parent' retrieved from /home/airflow/.local/lib/python3.12/site-packages/airflow/example_dags/example_external_task_marker_dag.py
[2025-12-15T19:11:29.613+0000] {logging_mixin.py:190} INFO - [2025-12-15T19:11:29.612+0000] {dag.py:3239} INFO - Sync 2 DAGs
[2025-12-15T19:11:29.638+0000] {logging_mixin.py:190} INFO - [2025-12-15T19:11:29.638+0000] {dag.py:4180} INFO - Setting next_dagrun for example_external_task_marker_child to None, run_after=None
[2025-12-15T19:11:29.647+0000] {logging_mixin.py:190} INFO - [2025-12-15T19:11:29.647+0000] {dag.py:4180} INFO - Setting next_dagrun for example_external_task_marker_parent to None, run_after=None
[2025-12-15T19:11:29.680+0000] {processor.py:208} INFO - Processing /home/airflow/.local/lib/python3.12/site-packages/airflow/example_dags/example_external_task_marker_dag.py took 0.149 seconds
[2025-12-15T19:12:00.507+0000] {processor.py:186} INFO - Started process (PID=7795) to work on /home/airflow/.local/lib/python3.12/site-packages/airflow/example_dags/example_external_task_marker_dag.py
[2025-12-15T19:12:00.519+0000] {processor.py:914} INFO - Processing file /home/airflow/.local/lib/python3.12/site-packages/airflow/example_dags/example_external_task_marker_dag.py for tasks to queue
[2025-12-15T19:12:00.520+0000] {logging_mixin.py:190} INFO - [2025-12-15T19:12:00.520+0000] {dagbag.py:588} INFO - Filling up the DagBag from /home/airflow/.local/lib/python3.12/site-packages/airflow/example_dags/example_external_task_marker_dag.py
[2025-12-15T19:12:00.530+0000] {processor.py:925} INFO - DAG(s) 'example_external_task_marker_parent', 'example_external_task_marker_child' retrieved from /home/airflow/.local/lib/python3.12/site-packages/airflow/example_dags/example_external_task_marker_dag.py
[2025-12-15T19:12:00.559+0000] {logging_mixin.py:190} INFO - [2025-12-15T19:12:00.559+0000] {dag.py:3239} INFO - Sync 2 DAGs
[2025-12-15T19:12:00.579+0000] {logging_mixin.py:190} INFO - [2025-12-15T19:12:00.578+0000] {dag.py:4180} INFO - Setting next_dagrun for example_external_task_marker_child to None, run_after=None
[2025-12-15T19:12:00.583+0000] {logging_mixin.py:190} INFO - [2025-12-15T19:12:00.583+0000] {dag.py:4180} INFO - Setting next_dagrun for example_external_task_marker_parent to None, run_after=None
[2025-12-15T19:12:00.608+0000] {processor.py:208} INFO - Processing /home/airflow/.local/lib/python3.12/site-packages/airflow/example_dags/example_external_task_marker_dag.py took 0.109 seconds
[2025-12-15T19:12:31.510+0000] {processor.py:186} INFO - Started process (PID=8086) to work on /home/airflow/.local/lib/python3.12/site-packages/airflow/example_dags/example_external_task_marker_dag.py
[2025-12-15T19:12:31.512+0000] {processor.py:914} INFO - Processing file /home/airflow/.local/lib/python3.12/site-packages/airflow/example_dags/example_external_task_marker_dag.py for tasks to queue
[2025-12-15T19:12:31.514+0000] {logging_mixin.py:190} INFO - [2025-12-15T19:12:31.513+0000] {dagbag.py:588} INFO - Filling up the DagBag from /home/airflow/.local/lib/python3.12/site-packages/airflow/example_dags/example_external_task_marker_dag.py
[2025-12-15T19:12:31.526+0000] {processor.py:925} INFO - DAG(s) 'example_external_task_marker_child', 'example_external_task_marker_parent' retrieved from /home/airflow/.local/lib/python3.12/site-packages/airflow/example_dags/example_external_task_marker_dag.py
[2025-12-15T19:12:31.557+0000] {logging_mixin.py:190} INFO - [2025-12-15T19:12:31.557+0000] {dag.py:3239} INFO - Sync 2 DAGs
[2025-12-15T19:12:31.579+0000] {logging_mixin.py:190} INFO - [2025-12-15T19:12:31.579+0000] {dag.py:4180} INFO - Setting next_dagrun for example_external_task_marker_child to None, run_after=None
[2025-12-15T19:12:31.586+0000] {logging_mixin.py:190} INFO - [2025-12-15T19:12:31.585+0000] {dag.py:4180} INFO - Setting next_dagrun for example_external_task_marker_parent to None, run_after=None
[2025-12-15T19:12:31.621+0000] {processor.py:208} INFO - Processing /home/airflow/.local/lib/python3.12/site-packages/airflow/example_dags/example_external_task_marker_dag.py took 0.121 seconds
[2025-12-15T19:13:02.112+0000] {processor.py:186} INFO - Started process (PID=8377) to work on /home/airflow/.local/lib/python3.12/site-packages/airflow/example_dags/example_external_task_marker_dag.py
[2025-12-15T19:13:02.113+0000] {processor.py:914} INFO - Processing file /home/airflow/.local/lib/python3.12/site-packages/airflow/example_dags/example_external_task_marker_dag.py for tasks to queue
[2025-12-15T19:13:02.115+0000] {logging_mixin.py:190} INFO - [2025-12-15T19:13:02.115+0000] {dagbag.py:588} INFO - Filling up the DagBag from /home/airflow/.local/lib/python3.12/site-packages/airflow/example_dags/example_external_task_marker_dag.py
[2025-12-15T19:13:02.126+0000] {processor.py:925} INFO - DAG(s) 'example_external_task_marker_parent', 'example_external_task_marker_child' retrieved from /home/airflow/.local/lib/python3.12/site-packages/airflow/example_dags/example_external_task_marker_dag.py
[2025-12-15T19:13:02.154+0000] {logging_mixin.py:190} INFO - [2025-12-15T19:13:02.154+0000] {dag.py:3239} INFO - Sync 2 DAGs
[2025-12-15T19:13:02.174+0000] {logging_mixin.py:190} INFO - [2025-12-15T19:13:02.174+0000] {dag.py:4180} INFO - Setting next_dagrun for example_external_task_marker_child to None, run_after=None
[2025-12-15T19:13:02.180+0000] {logging_mixin.py:190} INFO - [2025-12-15T19:13:02.180+0000] {dag.py:4180} INFO - Setting next_dagrun for example_external_task_marker_parent to None, run_after=None
[2025-12-15T19:13:02.208+0000] {processor.py:208} INFO - Processing /home/airflow/.local/lib/python3.12/site-packages/airflow/example_dags/example_external_task_marker_dag.py took 0.104 seconds
[2025-12-15T19:13:33.664+0000] {processor.py:186} INFO - Started process (PID=8668) to work on /home/airflow/.local/lib/python3.12/site-packages/airflow/example_dags/example_external_task_marker_dag.py
[2025-12-15T19:13:33.677+0000] {processor.py:914} INFO - Processing file /home/airflow/.local/lib/python3.12/site-packages/airflow/example_dags/example_external_task_marker_dag.py for tasks to queue
[2025-12-15T19:13:33.686+0000] {logging_mixin.py:190} INFO - [2025-12-15T19:13:33.680+0000] {dagbag.py:588} INFO - Filling up the DagBag from /home/airflow/.local/lib/python3.12/site-packages/airflow/example_dags/example_external_task_marker_dag.py
[2025-12-15T19:13:33.736+0000] {processor.py:925} INFO - DAG(s) 'example_external_task_marker_parent', 'example_external_task_marker_child' retrieved from /home/airflow/.local/lib/python3.12/site-packages/airflow/example_dags/example_external_task_marker_dag.py
[2025-12-15T19:13:33.875+0000] {logging_mixin.py:190} INFO - [2025-12-15T19:13:33.871+0000] {dag.py:3239} INFO - Sync 2 DAGs
[2025-12-15T19:13:33.973+0000] {logging_mixin.py:190} INFO - [2025-12-15T19:13:33.973+0000] {dag.py:4180} INFO - Setting next_dagrun for example_external_task_marker_child to None, run_after=None
[2025-12-15T19:13:33.995+0000] {logging_mixin.py:190} INFO - [2025-12-15T19:13:33.995+0000] {dag.py:4180} INFO - Setting next_dagrun for example_external_task_marker_parent to None, run_after=None
[2025-12-15T19:13:34.104+0000] {processor.py:208} INFO - Processing /home/airflow/.local/lib/python3.12/site-packages/airflow/example_dags/example_external_task_marker_dag.py took 0.478 seconds
[2025-12-15T19:14:04.559+0000] {processor.py:186} INFO - Started process (PID=8959) to work on /home/airflow/.local/lib/python3.12/site-packages/airflow/example_dags/example_external_task_marker_dag.py
[2025-12-15T19:14:04.563+0000] {processor.py:914} INFO - Processing file /home/airflow/.local/lib/python3.12/site-packages/airflow/example_dags/example_external_task_marker_dag.py for tasks to queue
[2025-12-15T19:14:04.567+0000] {logging_mixin.py:190} INFO - [2025-12-15T19:14:04.566+0000] {dagbag.py:588} INFO - Filling up the DagBag from /home/airflow/.local/lib/python3.12/site-packages/airflow/example_dags/example_external_task_marker_dag.py
[2025-12-15T19:14:04.621+0000] {processor.py:925} INFO - DAG(s) 'example_external_task_marker_parent', 'example_external_task_marker_child' retrieved from /home/airflow/.local/lib/python3.12/site-packages/airflow/example_dags/example_external_task_marker_dag.py
[2025-12-15T19:14:04.801+0000] {logging_mixin.py:190} INFO - [2025-12-15T19:14:04.800+0000] {dag.py:3239} INFO - Sync 2 DAGs
[2025-12-15T19:14:04.975+0000] {logging_mixin.py:190} INFO - [2025-12-15T19:14:04.974+0000] {dag.py:4180} INFO - Setting next_dagrun for example_external_task_marker_child to None, run_after=None
[2025-12-15T19:14:04.996+0000] {logging_mixin.py:190} INFO - [2025-12-15T19:14:04.995+0000] {dag.py:4180} INFO - Setting next_dagrun for example_external_task_marker_parent to None, run_after=None
[2025-12-15T19:14:05.127+0000] {processor.py:208} INFO - Processing /home/airflow/.local/lib/python3.12/site-packages/airflow/example_dags/example_external_task_marker_dag.py took 0.602 seconds
[2025-12-15T19:14:35.282+0000] {processor.py:186} INFO - Started process (PID=9232) to work on /home/airflow/.local/lib/python3.12/site-packages/airflow/example_dags/example_external_task_marker_dag.py
[2025-12-15T19:14:35.286+0000] {processor.py:914} INFO - Processing file /home/airflow/.local/lib/python3.12/site-packages/airflow/example_dags/example_external_task_marker_dag.py for tasks to queue
[2025-12-15T19:14:35.289+0000] {logging_mixin.py:190} INFO - [2025-12-15T19:14:35.287+0000] {dagbag.py:588} INFO - Filling up the DagBag from /home/airflow/.local/lib/python3.12/site-packages/airflow/example_dags/example_external_task_marker_dag.py
[2025-12-15T19:14:35.301+0000] {processor.py:925} INFO - DAG(s) 'example_external_task_marker_child', 'example_external_task_marker_parent' retrieved from /home/airflow/.local/lib/python3.12/site-packages/airflow/example_dags/example_external_task_marker_dag.py
[2025-12-15T19:14:35.339+0000] {logging_mixin.py:190} INFO - [2025-12-15T19:14:35.338+0000] {dag.py:3239} INFO - Sync 2 DAGs
[2025-12-15T19:14:35.362+0000] {logging_mixin.py:190} INFO - [2025-12-15T19:14:35.361+0000] {dag.py:4180} INFO - Setting next_dagrun for example_external_task_marker_child to None, run_after=None
[2025-12-15T19:14:35.372+0000] {logging_mixin.py:190} INFO - [2025-12-15T19:14:35.372+0000] {dag.py:4180} INFO - Setting next_dagrun for example_external_task_marker_parent to None, run_after=None
[2025-12-15T19:14:35.400+0000] {processor.py:208} INFO - Processing /home/airflow/.local/lib/python3.12/site-packages/airflow/example_dags/example_external_task_marker_dag.py took 0.128 seconds
[2025-12-15T19:15:06.217+0000] {processor.py:186} INFO - Started process (PID=9471) to work on /home/airflow/.local/lib/python3.12/site-packages/airflow/example_dags/example_external_task_marker_dag.py
[2025-12-15T19:15:06.239+0000] {processor.py:914} INFO - Processing file /home/airflow/.local/lib/python3.12/site-packages/airflow/example_dags/example_external_task_marker_dag.py for tasks to queue
[2025-12-15T19:15:06.242+0000] {logging_mixin.py:190} INFO - [2025-12-15T19:15:06.241+0000] {dagbag.py:588} INFO - Filling up the DagBag from /home/airflow/.local/lib/python3.12/site-packages/airflow/example_dags/example_external_task_marker_dag.py
[2025-12-15T19:15:06.261+0000] {processor.py:925} INFO - DAG(s) 'example_external_task_marker_child', 'example_external_task_marker_parent' retrieved from /home/airflow/.local/lib/python3.12/site-packages/airflow/example_dags/example_external_task_marker_dag.py
[2025-12-15T19:15:06.323+0000] {logging_mixin.py:190} INFO - [2025-12-15T19:15:06.323+0000] {dag.py:3239} INFO - Sync 2 DAGs
[2025-12-15T19:15:06.381+0000] {logging_mixin.py:190} INFO - [2025-12-15T19:15:06.381+0000] {dag.py:4180} INFO - Setting next_dagrun for example_external_task_marker_child to None, run_after=None
[2025-12-15T19:15:06.391+0000] {logging_mixin.py:190} INFO - [2025-12-15T19:15:06.391+0000] {dag.py:4180} INFO - Setting next_dagrun for example_external_task_marker_parent to None, run_after=None
[2025-12-15T19:15:06.435+0000] {processor.py:208} INFO - Processing /home/airflow/.local/lib/python3.12/site-packages/airflow/example_dags/example_external_task_marker_dag.py took 0.235 seconds
[2025-12-15T19:15:38.912+0000] {processor.py:186} INFO - Started process (PID=9749) to work on /home/airflow/.local/lib/python3.12/site-packages/airflow/example_dags/example_external_task_marker_dag.py
[2025-12-15T19:15:38.935+0000] {processor.py:914} INFO - Processing file /home/airflow/.local/lib/python3.12/site-packages/airflow/example_dags/example_external_task_marker_dag.py for tasks to queue
[2025-12-15T19:15:38.939+0000] {logging_mixin.py:190} INFO - [2025-12-15T19:15:38.938+0000] {dagbag.py:588} INFO - Filling up the DagBag from /home/airflow/.local/lib/python3.12/site-packages/airflow/example_dags/example_external_task_marker_dag.py
[2025-12-15T19:15:38.960+0000] {processor.py:925} INFO - DAG(s) 'example_external_task_marker_parent', 'example_external_task_marker_child' retrieved from /home/airflow/.local/lib/python3.12/site-packages/airflow/example_dags/example_external_task_marker_dag.py
[2025-12-15T19:15:39.010+0000] {logging_mixin.py:190} INFO - [2025-12-15T19:15:39.010+0000] {dag.py:3239} INFO - Sync 2 DAGs
[2025-12-15T19:15:39.042+0000] {logging_mixin.py:190} INFO - [2025-12-15T19:15:39.041+0000] {dag.py:4180} INFO - Setting next_dagrun for example_external_task_marker_child to None, run_after=None
[2025-12-15T19:15:39.047+0000] {logging_mixin.py:190} INFO - [2025-12-15T19:15:39.047+0000] {dag.py:4180} INFO - Setting next_dagrun for example_external_task_marker_parent to None, run_after=None
[2025-12-15T19:15:39.108+0000] {processor.py:208} INFO - Processing /home/airflow/.local/lib/python3.12/site-packages/airflow/example_dags/example_external_task_marker_dag.py took 0.210 seconds
[2025-12-15T19:16:09.886+0000] {processor.py:186} INFO - Started process (PID=10025) to work on /home/airflow/.local/lib/python3.12/site-packages/airflow/example_dags/example_external_task_marker_dag.py
[2025-12-15T19:16:09.916+0000] {processor.py:914} INFO - Processing file /home/airflow/.local/lib/python3.12/site-packages/airflow/example_dags/example_external_task_marker_dag.py for tasks to queue
[2025-12-15T19:16:09.921+0000] {logging_mixin.py:190} INFO - [2025-12-15T19:16:09.921+0000] {dagbag.py:588} INFO - Filling up the DagBag from /home/airflow/.local/lib/python3.12/site-packages/airflow/example_dags/example_external_task_marker_dag.py
[2025-12-15T19:16:09.937+0000] {processor.py:925} INFO - DAG(s) 'example_external_task_marker_child', 'example_external_task_marker_parent' retrieved from /home/airflow/.local/lib/python3.12/site-packages/airflow/example_dags/example_external_task_marker_dag.py
[2025-12-15T19:16:09.980+0000] {logging_mixin.py:190} INFO - [2025-12-15T19:16:09.980+0000] {dag.py:3239} INFO - Sync 2 DAGs
[2025-12-15T19:16:10.010+0000] {logging_mixin.py:190} INFO - [2025-12-15T19:16:10.009+0000] {dag.py:4180} INFO - Setting next_dagrun for example_external_task_marker_child to None, run_after=None
[2025-12-15T19:16:10.015+0000] {logging_mixin.py:190} INFO - [2025-12-15T19:16:10.015+0000] {dag.py:4180} INFO - Setting next_dagrun for example_external_task_marker_parent to None, run_after=None
[2025-12-15T19:16:10.047+0000] {processor.py:208} INFO - Processing /home/airflow/.local/lib/python3.12/site-packages/airflow/example_dags/example_external_task_marker_dag.py took 0.172 seconds
[2025-12-15T19:16:40.168+0000] {processor.py:186} INFO - Started process (PID=10306) to work on /home/airflow/.local/lib/python3.12/site-packages/airflow/example_dags/example_external_task_marker_dag.py
[2025-12-15T19:16:40.172+0000] {processor.py:914} INFO - Processing file /home/airflow/.local/lib/python3.12/site-packages/airflow/example_dags/example_external_task_marker_dag.py for tasks to queue
[2025-12-15T19:16:40.174+0000] {logging_mixin.py:190} INFO - [2025-12-15T19:16:40.174+0000] {dagbag.py:588} INFO - Filling up the DagBag from /home/airflow/.local/lib/python3.12/site-packages/airflow/example_dags/example_external_task_marker_dag.py
[2025-12-15T19:16:40.186+0000] {processor.py:925} INFO - DAG(s) 'example_external_task_marker_child', 'example_external_task_marker_parent' retrieved from /home/airflow/.local/lib/python3.12/site-packages/airflow/example_dags/example_external_task_marker_dag.py
[2025-12-15T19:16:40.228+0000] {logging_mixin.py:190} INFO - [2025-12-15T19:16:40.228+0000] {dag.py:3239} INFO - Sync 2 DAGs
[2025-12-15T19:16:40.253+0000] {logging_mixin.py:190} INFO - [2025-12-15T19:16:40.252+0000] {dag.py:4180} INFO - Setting next_dagrun for example_external_task_marker_child to None, run_after=None
[2025-12-15T19:16:40.261+0000] {logging_mixin.py:190} INFO - [2025-12-15T19:16:40.261+0000] {dag.py:4180} INFO - Setting next_dagrun for example_external_task_marker_parent to None, run_after=None
[2025-12-15T19:16:40.295+0000] {processor.py:208} INFO - Processing /home/airflow/.local/lib/python3.12/site-packages/airflow/example_dags/example_external_task_marker_dag.py took 0.137 seconds
[2025-12-15T19:17:14.183+0000] {processor.py:186} INFO - Started process (PID=10595) to work on /home/airflow/.local/lib/python3.12/site-packages/airflow/example_dags/example_external_task_marker_dag.py
[2025-12-15T19:17:14.186+0000] {processor.py:914} INFO - Processing file /home/airflow/.local/lib/python3.12/site-packages/airflow/example_dags/example_external_task_marker_dag.py for tasks to queue
[2025-12-15T19:17:14.192+0000] {logging_mixin.py:190} INFO - [2025-12-15T19:17:14.188+0000] {dagbag.py:588} INFO - Filling up the DagBag from /home/airflow/.local/lib/python3.12/site-packages/airflow/example_dags/example_external_task_marker_dag.py
[2025-12-15T19:17:14.225+0000] {processor.py:925} INFO - DAG(s) 'example_external_task_marker_parent', 'example_external_task_marker_child' retrieved from /home/airflow/.local/lib/python3.12/site-packages/airflow/example_dags/example_external_task_marker_dag.py
[2025-12-15T19:17:14.334+0000] {logging_mixin.py:190} INFO - [2025-12-15T19:17:14.333+0000] {dag.py:3239} INFO - Sync 2 DAGs
[2025-12-15T19:17:14.453+0000] {logging_mixin.py:190} INFO - [2025-12-15T19:17:14.452+0000] {dag.py:4180} INFO - Setting next_dagrun for example_external_task_marker_child to None, run_after=None
[2025-12-15T19:17:14.478+0000] {logging_mixin.py:190} INFO - [2025-12-15T19:17:14.477+0000] {dag.py:4180} INFO - Setting next_dagrun for example_external_task_marker_parent to None, run_after=None
[2025-12-15T19:17:14.560+0000] {processor.py:208} INFO - Processing /home/airflow/.local/lib/python3.12/site-packages/airflow/example_dags/example_external_task_marker_dag.py took 0.398 seconds
[2025-12-15T19:17:45.622+0000] {processor.py:186} INFO - Started process (PID=10895) to work on /home/airflow/.local/lib/python3.12/site-packages/airflow/example_dags/example_external_task_marker_dag.py
[2025-12-15T19:17:45.625+0000] {processor.py:914} INFO - Processing file /home/airflow/.local/lib/python3.12/site-packages/airflow/example_dags/example_external_task_marker_dag.py for tasks to queue
[2025-12-15T19:17:45.628+0000] {logging_mixin.py:190} INFO - [2025-12-15T19:17:45.628+0000] {dagbag.py:588} INFO - Filling up the DagBag from /home/airflow/.local/lib/python3.12/site-packages/airflow/example_dags/example_external_task_marker_dag.py
[2025-12-15T19:17:45.649+0000] {processor.py:925} INFO - DAG(s) 'example_external_task_marker_parent', 'example_external_task_marker_child' retrieved from /home/airflow/.local/lib/python3.12/site-packages/airflow/example_dags/example_external_task_marker_dag.py
[2025-12-15T19:17:45.708+0000] {logging_mixin.py:190} INFO - [2025-12-15T19:17:45.707+0000] {dag.py:3239} INFO - Sync 2 DAGs
[2025-12-15T19:17:45.739+0000] {logging_mixin.py:190} INFO - [2025-12-15T19:17:45.739+0000] {dag.py:4180} INFO - Setting next_dagrun for example_external_task_marker_child to None, run_after=None
[2025-12-15T19:17:45.747+0000] {logging_mixin.py:190} INFO - [2025-12-15T19:17:45.746+0000] {dag.py:4180} INFO - Setting next_dagrun for example_external_task_marker_parent to None, run_after=None
[2025-12-15T19:17:45.824+0000] {processor.py:208} INFO - Processing /home/airflow/.local/lib/python3.12/site-packages/airflow/example_dags/example_external_task_marker_dag.py took 0.216 seconds
[2025-12-15T19:18:16.569+0000] {processor.py:186} INFO - Started process (PID=11186) to work on /home/airflow/.local/lib/python3.12/site-packages/airflow/example_dags/example_external_task_marker_dag.py
[2025-12-15T19:18:16.572+0000] {processor.py:914} INFO - Processing file /home/airflow/.local/lib/python3.12/site-packages/airflow/example_dags/example_external_task_marker_dag.py for tasks to queue
[2025-12-15T19:18:16.575+0000] {logging_mixin.py:190} INFO - [2025-12-15T19:18:16.575+0000] {dagbag.py:588} INFO - Filling up the DagBag from /home/airflow/.local/lib/python3.12/site-packages/airflow/example_dags/example_external_task_marker_dag.py
[2025-12-15T19:18:16.592+0000] {processor.py:925} INFO - DAG(s) 'example_external_task_marker_parent', 'example_external_task_marker_child' retrieved from /home/airflow/.local/lib/python3.12/site-packages/airflow/example_dags/example_external_task_marker_dag.py
[2025-12-15T19:18:16.640+0000] {logging_mixin.py:190} INFO - [2025-12-15T19:18:16.640+0000] {dag.py:3239} INFO - Sync 2 DAGs
[2025-12-15T19:18:16.675+0000] {logging_mixin.py:190} INFO - [2025-12-15T19:18:16.674+0000] {dag.py:4180} INFO - Setting next_dagrun for example_external_task_marker_child to None, run_after=None
[2025-12-15T19:18:16.682+0000] {logging_mixin.py:190} INFO - [2025-12-15T19:18:16.681+0000] {dag.py:4180} INFO - Setting next_dagrun for example_external_task_marker_parent to None, run_after=None
[2025-12-15T19:18:16.730+0000] {processor.py:208} INFO - Processing /home/airflow/.local/lib/python3.12/site-packages/airflow/example_dags/example_external_task_marker_dag.py took 0.174 seconds
[2025-12-15T19:18:46.908+0000] {processor.py:186} INFO - Started process (PID=11475) to work on /home/airflow/.local/lib/python3.12/site-packages/airflow/example_dags/example_external_task_marker_dag.py
[2025-12-15T19:18:46.911+0000] {processor.py:914} INFO - Processing file /home/airflow/.local/lib/python3.12/site-packages/airflow/example_dags/example_external_task_marker_dag.py for tasks to queue
[2025-12-15T19:18:46.918+0000] {logging_mixin.py:190} INFO - [2025-12-15T19:18:46.915+0000] {dagbag.py:588} INFO - Filling up the DagBag from /home/airflow/.local/lib/python3.12/site-packages/airflow/example_dags/example_external_task_marker_dag.py
[2025-12-15T19:18:46.948+0000] {processor.py:925} INFO - DAG(s) 'example_external_task_marker_parent', 'example_external_task_marker_child' retrieved from /home/airflow/.local/lib/python3.12/site-packages/airflow/example_dags/example_external_task_marker_dag.py
[2025-12-15T19:18:47.045+0000] {logging_mixin.py:190} INFO - [2025-12-15T19:18:47.044+0000] {dag.py:3239} INFO - Sync 2 DAGs
[2025-12-15T19:18:47.119+0000] {logging_mixin.py:190} INFO - [2025-12-15T19:18:47.119+0000] {dag.py:4180} INFO - Setting next_dagrun for example_external_task_marker_child to None, run_after=None
[2025-12-15T19:18:47.130+0000] {logging_mixin.py:190} INFO - [2025-12-15T19:18:47.129+0000] {dag.py:4180} INFO - Setting next_dagrun for example_external_task_marker_parent to None, run_after=None
[2025-12-15T19:18:47.189+0000] {processor.py:208} INFO - Processing /home/airflow/.local/lib/python3.12/site-packages/airflow/example_dags/example_external_task_marker_dag.py took 0.298 seconds
