[2025-12-15T18:55:21.071+0000] {processor.py:186} INFO - Started process (PID=224) to work on /home/airflow/.local/lib/python3.12/site-packages/airflow/example_dags/example_complex.py
[2025-12-15T18:55:21.089+0000] {processor.py:914} INFO - Processing file /home/airflow/.local/lib/python3.12/site-packages/airflow/example_dags/example_complex.py for tasks to queue
[2025-12-15T18:55:21.272+0000] {logging_mixin.py:190} INFO - [2025-12-15T18:55:21.268+0000] {dagbag.py:588} INFO - Filling up the DagBag from /home/airflow/.local/lib/python3.12/site-packages/airflow/example_dags/example_complex.py
[2025-12-15T18:55:21.882+0000] {processor.py:925} INFO - DAG(s) 'example_complex' retrieved from /home/airflow/.local/lib/python3.12/site-packages/airflow/example_dags/example_complex.py
[2025-12-15T18:55:26.762+0000] {logging_mixin.py:190} INFO - [2025-12-15T18:55:26.747+0000] {override.py:1911} INFO - Created Permission View: can read on DAG:example_complex
[2025-12-15T18:55:26.857+0000] {logging_mixin.py:190} INFO - [2025-12-15T18:55:26.856+0000] {override.py:1911} INFO - Created Permission View: can edit on DAG:example_complex
[2025-12-15T18:55:26.913+0000] {logging_mixin.py:190} INFO - [2025-12-15T18:55:26.912+0000] {override.py:1911} INFO - Created Permission View: can delete on DAG:example_complex
[2025-12-15T18:55:26.989+0000] {logging_mixin.py:190} INFO - [2025-12-15T18:55:26.987+0000] {override.py:1911} INFO - Created Permission View: can read on DAG Run:example_complex
[2025-12-15T18:55:27.054+0000] {logging_mixin.py:190} INFO - [2025-12-15T18:55:27.053+0000] {override.py:1911} INFO - Created Permission View: menu access on DAG Run:example_complex
[2025-12-15T18:55:27.090+0000] {logging_mixin.py:190} INFO - [2025-12-15T18:55:27.090+0000] {override.py:1911} INFO - Created Permission View: can create on DAG Run:example_complex
[2025-12-15T18:55:27.142+0000] {logging_mixin.py:190} INFO - [2025-12-15T18:55:27.141+0000] {override.py:1911} INFO - Created Permission View: can delete on DAG Run:example_complex
[2025-12-15T18:55:27.143+0000] {logging_mixin.py:190} INFO - [2025-12-15T18:55:27.143+0000] {dag.py:3239} INFO - Sync 1 DAGs
[2025-12-15T18:55:27.656+0000] {logging_mixin.py:190} INFO - [2025-12-15T18:55:27.655+0000] {dag.py:3262} INFO - Creating ORM DAG for example_complex
[2025-12-15T18:55:27.662+0000] {logging_mixin.py:190} INFO - [2025-12-15T18:55:27.662+0000] {dag.py:4180} INFO - Setting next_dagrun for example_complex to None, run_after=None
[2025-12-15T18:55:28.150+0000] {processor.py:208} INFO - Processing /home/airflow/.local/lib/python3.12/site-packages/airflow/example_dags/example_complex.py took 7.639 seconds
[2025-12-15T18:56:42.409+0000] {processor.py:186} INFO - Started process (PID=524) to work on /home/airflow/.local/lib/python3.12/site-packages/airflow/example_dags/example_complex.py
[2025-12-15T18:56:42.439+0000] {processor.py:914} INFO - Processing file /home/airflow/.local/lib/python3.12/site-packages/airflow/example_dags/example_complex.py for tasks to queue
[2025-12-15T18:56:42.446+0000] {logging_mixin.py:190} INFO - [2025-12-15T18:56:42.445+0000] {dagbag.py:588} INFO - Filling up the DagBag from /home/airflow/.local/lib/python3.12/site-packages/airflow/example_dags/example_complex.py
[2025-12-15T18:56:42.553+0000] {processor.py:925} INFO - DAG(s) 'example_complex' retrieved from /home/airflow/.local/lib/python3.12/site-packages/airflow/example_dags/example_complex.py
[2025-12-15T18:56:42.732+0000] {logging_mixin.py:190} INFO - [2025-12-15T18:56:42.731+0000] {dag.py:3239} INFO - Sync 1 DAGs
[2025-12-15T18:56:42.810+0000] {logging_mixin.py:190} INFO - [2025-12-15T18:56:42.809+0000] {dag.py:4180} INFO - Setting next_dagrun for example_complex to None, run_after=None
[2025-12-15T18:56:42.909+0000] {processor.py:208} INFO - Processing /home/airflow/.local/lib/python3.12/site-packages/airflow/example_dags/example_complex.py took 0.526 seconds
[2025-12-15T18:57:13.135+0000] {processor.py:186} INFO - Started process (PID=817) to work on /home/airflow/.local/lib/python3.12/site-packages/airflow/example_dags/example_complex.py
[2025-12-15T18:57:13.137+0000] {processor.py:914} INFO - Processing file /home/airflow/.local/lib/python3.12/site-packages/airflow/example_dags/example_complex.py for tasks to queue
[2025-12-15T18:57:13.141+0000] {logging_mixin.py:190} INFO - [2025-12-15T18:57:13.140+0000] {dagbag.py:588} INFO - Filling up the DagBag from /home/airflow/.local/lib/python3.12/site-packages/airflow/example_dags/example_complex.py
[2025-12-15T18:57:13.168+0000] {processor.py:925} INFO - DAG(s) 'example_complex' retrieved from /home/airflow/.local/lib/python3.12/site-packages/airflow/example_dags/example_complex.py
[2025-12-15T18:57:13.351+0000] {logging_mixin.py:190} INFO - [2025-12-15T18:57:13.351+0000] {dag.py:3239} INFO - Sync 1 DAGs
[2025-12-15T18:57:13.493+0000] {logging_mixin.py:190} INFO - [2025-12-15T18:57:13.484+0000] {dag.py:4180} INFO - Setting next_dagrun for example_complex to None, run_after=None
[2025-12-15T18:57:13.648+0000] {processor.py:208} INFO - Processing /home/airflow/.local/lib/python3.12/site-packages/airflow/example_dags/example_complex.py took 0.523 seconds
[2025-12-15T18:57:48.876+0000] {processor.py:186} INFO - Started process (PID=1089) to work on /home/airflow/.local/lib/python3.12/site-packages/airflow/example_dags/example_complex.py
[2025-12-15T18:57:48.884+0000] {processor.py:914} INFO - Processing file /home/airflow/.local/lib/python3.12/site-packages/airflow/example_dags/example_complex.py for tasks to queue
[2025-12-15T18:57:48.890+0000] {logging_mixin.py:190} INFO - [2025-12-15T18:57:48.889+0000] {dagbag.py:588} INFO - Filling up the DagBag from /home/airflow/.local/lib/python3.12/site-packages/airflow/example_dags/example_complex.py
[2025-12-15T18:57:49.153+0000] {processor.py:925} INFO - DAG(s) 'example_complex' retrieved from /home/airflow/.local/lib/python3.12/site-packages/airflow/example_dags/example_complex.py
[2025-12-15T18:57:49.426+0000] {logging_mixin.py:190} INFO - [2025-12-15T18:57:49.425+0000] {dag.py:3239} INFO - Sync 1 DAGs
[2025-12-15T18:57:49.560+0000] {logging_mixin.py:190} INFO - [2025-12-15T18:57:49.560+0000] {dag.py:4180} INFO - Setting next_dagrun for example_complex to None, run_after=None
[2025-12-15T18:57:49.651+0000] {processor.py:208} INFO - Processing /home/airflow/.local/lib/python3.12/site-packages/airflow/example_dags/example_complex.py took 1.314 seconds
[2025-12-15T18:58:23.648+0000] {processor.py:186} INFO - Started process (PID=1386) to work on /home/airflow/.local/lib/python3.12/site-packages/airflow/example_dags/example_complex.py
[2025-12-15T18:58:23.656+0000] {processor.py:914} INFO - Processing file /home/airflow/.local/lib/python3.12/site-packages/airflow/example_dags/example_complex.py for tasks to queue
[2025-12-15T18:58:23.665+0000] {logging_mixin.py:190} INFO - [2025-12-15T18:58:23.664+0000] {dagbag.py:588} INFO - Filling up the DagBag from /home/airflow/.local/lib/python3.12/site-packages/airflow/example_dags/example_complex.py
[2025-12-15T18:58:23.708+0000] {processor.py:925} INFO - DAG(s) 'example_complex' retrieved from /home/airflow/.local/lib/python3.12/site-packages/airflow/example_dags/example_complex.py
[2025-12-15T18:58:23.812+0000] {logging_mixin.py:190} INFO - [2025-12-15T18:58:23.811+0000] {dag.py:3239} INFO - Sync 1 DAGs
[2025-12-15T18:58:23.899+0000] {logging_mixin.py:190} INFO - [2025-12-15T18:58:23.898+0000] {dag.py:4180} INFO - Setting next_dagrun for example_complex to None, run_after=None
[2025-12-15T18:58:23.959+0000] {processor.py:208} INFO - Processing /home/airflow/.local/lib/python3.12/site-packages/airflow/example_dags/example_complex.py took 0.328 seconds
[2025-12-15T18:58:54.958+0000] {processor.py:186} INFO - Started process (PID=1677) to work on /home/airflow/.local/lib/python3.12/site-packages/airflow/example_dags/example_complex.py
[2025-12-15T18:58:54.961+0000] {processor.py:914} INFO - Processing file /home/airflow/.local/lib/python3.12/site-packages/airflow/example_dags/example_complex.py for tasks to queue
[2025-12-15T18:58:54.969+0000] {logging_mixin.py:190} INFO - [2025-12-15T18:58:54.968+0000] {dagbag.py:588} INFO - Filling up the DagBag from /home/airflow/.local/lib/python3.12/site-packages/airflow/example_dags/example_complex.py
[2025-12-15T18:58:54.998+0000] {processor.py:925} INFO - DAG(s) 'example_complex' retrieved from /home/airflow/.local/lib/python3.12/site-packages/airflow/example_dags/example_complex.py
[2025-12-15T18:58:55.069+0000] {logging_mixin.py:190} INFO - [2025-12-15T18:58:55.068+0000] {dag.py:3239} INFO - Sync 1 DAGs
[2025-12-15T18:58:55.107+0000] {logging_mixin.py:190} INFO - [2025-12-15T18:58:55.107+0000] {dag.py:4180} INFO - Setting next_dagrun for example_complex to None, run_after=None
[2025-12-15T18:58:55.152+0000] {processor.py:208} INFO - Processing /home/airflow/.local/lib/python3.12/site-packages/airflow/example_dags/example_complex.py took 0.227 seconds
[2025-12-15T18:59:36.148+0000] {processor.py:186} INFO - Started process (PID=1859) to work on /home/airflow/.local/lib/python3.12/site-packages/airflow/example_dags/example_complex.py
[2025-12-15T18:59:36.150+0000] {processor.py:914} INFO - Processing file /home/airflow/.local/lib/python3.12/site-packages/airflow/example_dags/example_complex.py for tasks to queue
[2025-12-15T18:59:36.155+0000] {logging_mixin.py:190} INFO - [2025-12-15T18:59:36.154+0000] {dagbag.py:588} INFO - Filling up the DagBag from /home/airflow/.local/lib/python3.12/site-packages/airflow/example_dags/example_complex.py
[2025-12-15T18:59:36.212+0000] {processor.py:925} INFO - DAG(s) 'example_complex' retrieved from /home/airflow/.local/lib/python3.12/site-packages/airflow/example_dags/example_complex.py
[2025-12-15T18:59:36.345+0000] {logging_mixin.py:190} INFO - [2025-12-15T18:59:36.344+0000] {dag.py:3239} INFO - Sync 1 DAGs
[2025-12-15T18:59:36.415+0000] {logging_mixin.py:190} INFO - [2025-12-15T18:59:36.414+0000] {dag.py:4180} INFO - Setting next_dagrun for example_complex to None, run_after=None
[2025-12-15T18:59:36.494+0000] {processor.py:208} INFO - Processing /home/airflow/.local/lib/python3.12/site-packages/airflow/example_dags/example_complex.py took 0.372 seconds
[2025-12-15T19:00:44.141+0000] {processor.py:186} INFO - Started process (PID=2124) to work on /home/airflow/.local/lib/python3.12/site-packages/airflow/example_dags/example_complex.py
[2025-12-15T19:00:44.145+0000] {processor.py:914} INFO - Processing file /home/airflow/.local/lib/python3.12/site-packages/airflow/example_dags/example_complex.py for tasks to queue
[2025-12-15T19:00:44.500+0000] {logging_mixin.py:190} INFO - [2025-12-15T19:00:44.482+0000] {dagbag.py:588} INFO - Filling up the DagBag from /home/airflow/.local/lib/python3.12/site-packages/airflow/example_dags/example_complex.py
[2025-12-15T19:00:45.892+0000] {processor.py:925} INFO - DAG(s) 'example_complex' retrieved from /home/airflow/.local/lib/python3.12/site-packages/airflow/example_dags/example_complex.py
[2025-12-15T19:00:50.884+0000] {logging_mixin.py:190} INFO - [2025-12-15T19:00:50.868+0000] {dag.py:3239} INFO - Sync 1 DAGs
[2025-12-15T19:00:52.074+0000] {logging_mixin.py:190} INFO - [2025-12-15T19:00:52.073+0000] {dag.py:4180} INFO - Setting next_dagrun for example_complex to None, run_after=None
[2025-12-15T19:00:52.755+0000] {processor.py:208} INFO - Processing /home/airflow/.local/lib/python3.12/site-packages/airflow/example_dags/example_complex.py took 9.119 seconds
[2025-12-15T19:01:58.648+0000] {processor.py:186} INFO - Started process (PID=2390) to work on /home/airflow/.local/lib/python3.12/site-packages/airflow/example_dags/example_complex.py
[2025-12-15T19:01:58.655+0000] {processor.py:914} INFO - Processing file /home/airflow/.local/lib/python3.12/site-packages/airflow/example_dags/example_complex.py for tasks to queue
[2025-12-15T19:01:58.659+0000] {logging_mixin.py:190} INFO - [2025-12-15T19:01:58.658+0000] {dagbag.py:588} INFO - Filling up the DagBag from /home/airflow/.local/lib/python3.12/site-packages/airflow/example_dags/example_complex.py
[2025-12-15T19:01:58.691+0000] {processor.py:925} INFO - DAG(s) 'example_complex' retrieved from /home/airflow/.local/lib/python3.12/site-packages/airflow/example_dags/example_complex.py
[2025-12-15T19:01:58.758+0000] {logging_mixin.py:190} INFO - [2025-12-15T19:01:58.757+0000] {dag.py:3239} INFO - Sync 1 DAGs
[2025-12-15T19:01:58.791+0000] {logging_mixin.py:190} INFO - [2025-12-15T19:01:58.791+0000] {dag.py:4180} INFO - Setting next_dagrun for example_complex to None, run_after=None
[2025-12-15T19:01:58.839+0000] {processor.py:208} INFO - Processing /home/airflow/.local/lib/python3.12/site-packages/airflow/example_dags/example_complex.py took 0.210 seconds
[2025-12-15T19:02:30.940+0000] {processor.py:186} INFO - Started process (PID=2646) to work on /home/airflow/.local/lib/python3.12/site-packages/airflow/example_dags/example_complex.py
[2025-12-15T19:02:30.942+0000] {processor.py:914} INFO - Processing file /home/airflow/.local/lib/python3.12/site-packages/airflow/example_dags/example_complex.py for tasks to queue
[2025-12-15T19:02:30.946+0000] {logging_mixin.py:190} INFO - [2025-12-15T19:02:30.946+0000] {dagbag.py:588} INFO - Filling up the DagBag from /home/airflow/.local/lib/python3.12/site-packages/airflow/example_dags/example_complex.py
[2025-12-15T19:02:30.979+0000] {processor.py:925} INFO - DAG(s) 'example_complex' retrieved from /home/airflow/.local/lib/python3.12/site-packages/airflow/example_dags/example_complex.py
[2025-12-15T19:02:31.040+0000] {logging_mixin.py:190} INFO - [2025-12-15T19:02:31.040+0000] {dag.py:3239} INFO - Sync 1 DAGs
[2025-12-15T19:02:31.068+0000] {logging_mixin.py:190} INFO - [2025-12-15T19:02:31.067+0000] {dag.py:4180} INFO - Setting next_dagrun for example_complex to None, run_after=None
[2025-12-15T19:02:31.110+0000] {processor.py:208} INFO - Processing /home/airflow/.local/lib/python3.12/site-packages/airflow/example_dags/example_complex.py took 0.185 seconds
[2025-12-15T19:03:04.261+0000] {processor.py:186} INFO - Started process (PID=2937) to work on /home/airflow/.local/lib/python3.12/site-packages/airflow/example_dags/example_complex.py
[2025-12-15T19:03:04.275+0000] {processor.py:914} INFO - Processing file /home/airflow/.local/lib/python3.12/site-packages/airflow/example_dags/example_complex.py for tasks to queue
[2025-12-15T19:03:04.295+0000] {logging_mixin.py:190} INFO - [2025-12-15T19:03:04.293+0000] {dagbag.py:588} INFO - Filling up the DagBag from /home/airflow/.local/lib/python3.12/site-packages/airflow/example_dags/example_complex.py
[2025-12-15T19:03:04.422+0000] {processor.py:925} INFO - DAG(s) 'example_complex' retrieved from /home/airflow/.local/lib/python3.12/site-packages/airflow/example_dags/example_complex.py
[2025-12-15T19:03:04.645+0000] {logging_mixin.py:190} INFO - [2025-12-15T19:03:04.634+0000] {dag.py:3239} INFO - Sync 1 DAGs
[2025-12-15T19:03:04.736+0000] {logging_mixin.py:190} INFO - [2025-12-15T19:03:04.735+0000] {dag.py:4180} INFO - Setting next_dagrun for example_complex to None, run_after=None
[2025-12-15T19:03:04.902+0000] {processor.py:208} INFO - Processing /home/airflow/.local/lib/python3.12/site-packages/airflow/example_dags/example_complex.py took 0.705 seconds
[2025-12-15T19:03:35.754+0000] {processor.py:186} INFO - Started process (PID=3228) to work on /home/airflow/.local/lib/python3.12/site-packages/airflow/example_dags/example_complex.py
[2025-12-15T19:03:35.763+0000] {processor.py:914} INFO - Processing file /home/airflow/.local/lib/python3.12/site-packages/airflow/example_dags/example_complex.py for tasks to queue
[2025-12-15T19:03:35.769+0000] {logging_mixin.py:190} INFO - [2025-12-15T19:03:35.768+0000] {dagbag.py:588} INFO - Filling up the DagBag from /home/airflow/.local/lib/python3.12/site-packages/airflow/example_dags/example_complex.py
[2025-12-15T19:03:35.792+0000] {processor.py:925} INFO - DAG(s) 'example_complex' retrieved from /home/airflow/.local/lib/python3.12/site-packages/airflow/example_dags/example_complex.py
[2025-12-15T19:03:35.859+0000] {logging_mixin.py:190} INFO - [2025-12-15T19:03:35.859+0000] {dag.py:3239} INFO - Sync 1 DAGs
[2025-12-15T19:03:35.896+0000] {logging_mixin.py:190} INFO - [2025-12-15T19:03:35.896+0000] {dag.py:4180} INFO - Setting next_dagrun for example_complex to None, run_after=None
[2025-12-15T19:03:35.942+0000] {processor.py:208} INFO - Processing /home/airflow/.local/lib/python3.12/site-packages/airflow/example_dags/example_complex.py took 0.203 seconds
[2025-12-15T19:04:09.137+0000] {processor.py:186} INFO - Started process (PID=3514) to work on /home/airflow/.local/lib/python3.12/site-packages/airflow/example_dags/example_complex.py
[2025-12-15T19:04:09.139+0000] {processor.py:914} INFO - Processing file /home/airflow/.local/lib/python3.12/site-packages/airflow/example_dags/example_complex.py for tasks to queue
[2025-12-15T19:04:09.143+0000] {logging_mixin.py:190} INFO - [2025-12-15T19:04:09.143+0000] {dagbag.py:588} INFO - Filling up the DagBag from /home/airflow/.local/lib/python3.12/site-packages/airflow/example_dags/example_complex.py
[2025-12-15T19:04:09.171+0000] {processor.py:925} INFO - DAG(s) 'example_complex' retrieved from /home/airflow/.local/lib/python3.12/site-packages/airflow/example_dags/example_complex.py
[2025-12-15T19:04:09.244+0000] {logging_mixin.py:190} INFO - [2025-12-15T19:04:09.243+0000] {dag.py:3239} INFO - Sync 1 DAGs
[2025-12-15T19:04:09.276+0000] {logging_mixin.py:190} INFO - [2025-12-15T19:04:09.276+0000] {dag.py:4180} INFO - Setting next_dagrun for example_complex to None, run_after=None
[2025-12-15T19:04:09.309+0000] {processor.py:208} INFO - Processing /home/airflow/.local/lib/python3.12/site-packages/airflow/example_dags/example_complex.py took 0.188 seconds
[2025-12-15T19:04:41.262+0000] {processor.py:186} INFO - Started process (PID=3775) to work on /home/airflow/.local/lib/python3.12/site-packages/airflow/example_dags/example_complex.py
[2025-12-15T19:04:41.264+0000] {processor.py:914} INFO - Processing file /home/airflow/.local/lib/python3.12/site-packages/airflow/example_dags/example_complex.py for tasks to queue
[2025-12-15T19:04:41.274+0000] {logging_mixin.py:190} INFO - [2025-12-15T19:04:41.270+0000] {dagbag.py:588} INFO - Filling up the DagBag from /home/airflow/.local/lib/python3.12/site-packages/airflow/example_dags/example_complex.py
[2025-12-15T19:04:41.305+0000] {processor.py:925} INFO - DAG(s) 'example_complex' retrieved from /home/airflow/.local/lib/python3.12/site-packages/airflow/example_dags/example_complex.py
[2025-12-15T19:04:41.380+0000] {logging_mixin.py:190} INFO - [2025-12-15T19:04:41.379+0000] {dag.py:3239} INFO - Sync 1 DAGs
[2025-12-15T19:04:41.417+0000] {logging_mixin.py:190} INFO - [2025-12-15T19:04:41.417+0000] {dag.py:4180} INFO - Setting next_dagrun for example_complex to None, run_after=None
[2025-12-15T19:04:41.455+0000] {processor.py:208} INFO - Processing /home/airflow/.local/lib/python3.12/site-packages/airflow/example_dags/example_complex.py took 0.207 seconds
[2025-12-15T19:05:12.103+0000] {processor.py:186} INFO - Started process (PID=4061) to work on /home/airflow/.local/lib/python3.12/site-packages/airflow/example_dags/example_complex.py
[2025-12-15T19:05:12.186+0000] {processor.py:914} INFO - Processing file /home/airflow/.local/lib/python3.12/site-packages/airflow/example_dags/example_complex.py for tasks to queue
[2025-12-15T19:05:12.194+0000] {logging_mixin.py:190} INFO - [2025-12-15T19:05:12.193+0000] {dagbag.py:588} INFO - Filling up the DagBag from /home/airflow/.local/lib/python3.12/site-packages/airflow/example_dags/example_complex.py
[2025-12-15T19:05:12.295+0000] {processor.py:925} INFO - DAG(s) 'example_complex' retrieved from /home/airflow/.local/lib/python3.12/site-packages/airflow/example_dags/example_complex.py
[2025-12-15T19:05:12.486+0000] {logging_mixin.py:190} INFO - [2025-12-15T19:05:12.485+0000] {dag.py:3239} INFO - Sync 1 DAGs
[2025-12-15T19:05:12.599+0000] {logging_mixin.py:190} INFO - [2025-12-15T19:05:12.599+0000] {dag.py:4180} INFO - Setting next_dagrun for example_complex to None, run_after=None
[2025-12-15T19:05:12.797+0000] {processor.py:208} INFO - Processing /home/airflow/.local/lib/python3.12/site-packages/airflow/example_dags/example_complex.py took 0.736 seconds
[2025-12-15T19:05:43.787+0000] {processor.py:186} INFO - Started process (PID=4354) to work on /home/airflow/.local/lib/python3.12/site-packages/airflow/example_dags/example_complex.py
[2025-12-15T19:05:43.789+0000] {processor.py:914} INFO - Processing file /home/airflow/.local/lib/python3.12/site-packages/airflow/example_dags/example_complex.py for tasks to queue
[2025-12-15T19:05:43.792+0000] {logging_mixin.py:190} INFO - [2025-12-15T19:05:43.791+0000] {dagbag.py:588} INFO - Filling up the DagBag from /home/airflow/.local/lib/python3.12/site-packages/airflow/example_dags/example_complex.py
[2025-12-15T19:05:43.807+0000] {processor.py:925} INFO - DAG(s) 'example_complex' retrieved from /home/airflow/.local/lib/python3.12/site-packages/airflow/example_dags/example_complex.py
[2025-12-15T19:05:43.848+0000] {logging_mixin.py:190} INFO - [2025-12-15T19:05:43.847+0000] {dag.py:3239} INFO - Sync 1 DAGs
[2025-12-15T19:05:43.868+0000] {logging_mixin.py:190} INFO - [2025-12-15T19:05:43.867+0000] {dag.py:4180} INFO - Setting next_dagrun for example_complex to None, run_after=None
[2025-12-15T19:05:43.912+0000] {processor.py:208} INFO - Processing /home/airflow/.local/lib/python3.12/site-packages/airflow/example_dags/example_complex.py took 0.133 seconds
[2025-12-15T19:06:14.050+0000] {processor.py:186} INFO - Started process (PID=4645) to work on /home/airflow/.local/lib/python3.12/site-packages/airflow/example_dags/example_complex.py
[2025-12-15T19:06:14.052+0000] {processor.py:914} INFO - Processing file /home/airflow/.local/lib/python3.12/site-packages/airflow/example_dags/example_complex.py for tasks to queue
[2025-12-15T19:06:14.065+0000] {logging_mixin.py:190} INFO - [2025-12-15T19:06:14.064+0000] {dagbag.py:588} INFO - Filling up the DagBag from /home/airflow/.local/lib/python3.12/site-packages/airflow/example_dags/example_complex.py
[2025-12-15T19:06:14.100+0000] {processor.py:925} INFO - DAG(s) 'example_complex' retrieved from /home/airflow/.local/lib/python3.12/site-packages/airflow/example_dags/example_complex.py
[2025-12-15T19:06:14.217+0000] {logging_mixin.py:190} INFO - [2025-12-15T19:06:14.216+0000] {dag.py:3239} INFO - Sync 1 DAGs
[2025-12-15T19:06:14.325+0000] {logging_mixin.py:190} INFO - [2025-12-15T19:06:14.324+0000] {dag.py:4180} INFO - Setting next_dagrun for example_complex to None, run_after=None
[2025-12-15T19:06:14.484+0000] {processor.py:208} INFO - Processing /home/airflow/.local/lib/python3.12/site-packages/airflow/example_dags/example_complex.py took 0.462 seconds
[2025-12-15T19:06:45.983+0000] {processor.py:186} INFO - Started process (PID=4934) to work on /home/airflow/.local/lib/python3.12/site-packages/airflow/example_dags/example_complex.py
[2025-12-15T19:06:45.988+0000] {processor.py:914} INFO - Processing file /home/airflow/.local/lib/python3.12/site-packages/airflow/example_dags/example_complex.py for tasks to queue
[2025-12-15T19:06:45.993+0000] {logging_mixin.py:190} INFO - [2025-12-15T19:06:45.992+0000] {dagbag.py:588} INFO - Filling up the DagBag from /home/airflow/.local/lib/python3.12/site-packages/airflow/example_dags/example_complex.py
[2025-12-15T19:06:46.030+0000] {processor.py:925} INFO - DAG(s) 'example_complex' retrieved from /home/airflow/.local/lib/python3.12/site-packages/airflow/example_dags/example_complex.py
[2025-12-15T19:06:46.115+0000] {logging_mixin.py:190} INFO - [2025-12-15T19:06:46.114+0000] {dag.py:3239} INFO - Sync 1 DAGs
[2025-12-15T19:06:46.159+0000] {logging_mixin.py:190} INFO - [2025-12-15T19:06:46.158+0000] {dag.py:4180} INFO - Setting next_dagrun for example_complex to None, run_after=None
[2025-12-15T19:06:46.237+0000] {processor.py:208} INFO - Processing /home/airflow/.local/lib/python3.12/site-packages/airflow/example_dags/example_complex.py took 0.270 seconds
[2025-12-15T19:07:23.358+0000] {processor.py:186} INFO - Started process (PID=5200) to work on /home/airflow/.local/lib/python3.12/site-packages/airflow/example_dags/example_complex.py
[2025-12-15T19:07:23.371+0000] {processor.py:914} INFO - Processing file /home/airflow/.local/lib/python3.12/site-packages/airflow/example_dags/example_complex.py for tasks to queue
[2025-12-15T19:07:23.379+0000] {logging_mixin.py:190} INFO - [2025-12-15T19:07:23.378+0000] {dagbag.py:588} INFO - Filling up the DagBag from /home/airflow/.local/lib/python3.12/site-packages/airflow/example_dags/example_complex.py
[2025-12-15T19:07:23.433+0000] {processor.py:925} INFO - DAG(s) 'example_complex' retrieved from /home/airflow/.local/lib/python3.12/site-packages/airflow/example_dags/example_complex.py
[2025-12-15T19:07:23.564+0000] {logging_mixin.py:190} INFO - [2025-12-15T19:07:23.563+0000] {dag.py:3239} INFO - Sync 1 DAGs
[2025-12-15T19:07:23.637+0000] {logging_mixin.py:190} INFO - [2025-12-15T19:07:23.636+0000] {dag.py:4180} INFO - Setting next_dagrun for example_complex to None, run_after=None
[2025-12-15T19:07:23.729+0000] {processor.py:208} INFO - Processing /home/airflow/.local/lib/python3.12/site-packages/airflow/example_dags/example_complex.py took 0.406 seconds
[2025-12-15T19:07:54.160+0000] {processor.py:186} INFO - Started process (PID=5486) to work on /home/airflow/.local/lib/python3.12/site-packages/airflow/example_dags/example_complex.py
[2025-12-15T19:07:54.165+0000] {processor.py:914} INFO - Processing file /home/airflow/.local/lib/python3.12/site-packages/airflow/example_dags/example_complex.py for tasks to queue
[2025-12-15T19:07:54.171+0000] {logging_mixin.py:190} INFO - [2025-12-15T19:07:54.171+0000] {dagbag.py:588} INFO - Filling up the DagBag from /home/airflow/.local/lib/python3.12/site-packages/airflow/example_dags/example_complex.py
[2025-12-15T19:07:54.215+0000] {processor.py:925} INFO - DAG(s) 'example_complex' retrieved from /home/airflow/.local/lib/python3.12/site-packages/airflow/example_dags/example_complex.py
[2025-12-15T19:07:54.293+0000] {logging_mixin.py:190} INFO - [2025-12-15T19:07:54.292+0000] {dag.py:3239} INFO - Sync 1 DAGs
[2025-12-15T19:07:54.336+0000] {logging_mixin.py:190} INFO - [2025-12-15T19:07:54.336+0000] {dag.py:4180} INFO - Setting next_dagrun for example_complex to None, run_after=None
[2025-12-15T19:07:54.402+0000] {processor.py:208} INFO - Processing /home/airflow/.local/lib/python3.12/site-packages/airflow/example_dags/example_complex.py took 0.272 seconds
[2025-12-15T19:08:24.622+0000] {processor.py:186} INFO - Started process (PID=5774) to work on /home/airflow/.local/lib/python3.12/site-packages/airflow/example_dags/example_complex.py
[2025-12-15T19:08:24.625+0000] {processor.py:914} INFO - Processing file /home/airflow/.local/lib/python3.12/site-packages/airflow/example_dags/example_complex.py for tasks to queue
[2025-12-15T19:08:24.633+0000] {logging_mixin.py:190} INFO - [2025-12-15T19:08:24.632+0000] {dagbag.py:588} INFO - Filling up the DagBag from /home/airflow/.local/lib/python3.12/site-packages/airflow/example_dags/example_complex.py
[2025-12-15T19:08:24.675+0000] {processor.py:925} INFO - DAG(s) 'example_complex' retrieved from /home/airflow/.local/lib/python3.12/site-packages/airflow/example_dags/example_complex.py
[2025-12-15T19:08:24.744+0000] {logging_mixin.py:190} INFO - [2025-12-15T19:08:24.744+0000] {dag.py:3239} INFO - Sync 1 DAGs
[2025-12-15T19:08:24.772+0000] {logging_mixin.py:190} INFO - [2025-12-15T19:08:24.772+0000] {dag.py:4180} INFO - Setting next_dagrun for example_complex to None, run_after=None
[2025-12-15T19:08:24.813+0000] {processor.py:208} INFO - Processing /home/airflow/.local/lib/python3.12/site-packages/airflow/example_dags/example_complex.py took 0.211 seconds
[2025-12-15T19:08:55.152+0000] {processor.py:186} INFO - Started process (PID=6048) to work on /home/airflow/.local/lib/python3.12/site-packages/airflow/example_dags/example_complex.py
[2025-12-15T19:08:55.167+0000] {processor.py:914} INFO - Processing file /home/airflow/.local/lib/python3.12/site-packages/airflow/example_dags/example_complex.py for tasks to queue
[2025-12-15T19:08:55.183+0000] {logging_mixin.py:190} INFO - [2025-12-15T19:08:55.179+0000] {dagbag.py:588} INFO - Filling up the DagBag from /home/airflow/.local/lib/python3.12/site-packages/airflow/example_dags/example_complex.py
[2025-12-15T19:08:55.262+0000] {processor.py:925} INFO - DAG(s) 'example_complex' retrieved from /home/airflow/.local/lib/python3.12/site-packages/airflow/example_dags/example_complex.py
[2025-12-15T19:08:55.420+0000] {logging_mixin.py:190} INFO - [2025-12-15T19:08:55.418+0000] {dag.py:3239} INFO - Sync 1 DAGs
[2025-12-15T19:08:55.483+0000] {logging_mixin.py:190} INFO - [2025-12-15T19:08:55.483+0000] {dag.py:4180} INFO - Setting next_dagrun for example_complex to None, run_after=None
[2025-12-15T19:08:55.541+0000] {processor.py:208} INFO - Processing /home/airflow/.local/lib/python3.12/site-packages/airflow/example_dags/example_complex.py took 0.425 seconds
[2025-12-15T19:09:26.414+0000] {processor.py:186} INFO - Started process (PID=6336) to work on /home/airflow/.local/lib/python3.12/site-packages/airflow/example_dags/example_complex.py
[2025-12-15T19:09:26.418+0000] {processor.py:914} INFO - Processing file /home/airflow/.local/lib/python3.12/site-packages/airflow/example_dags/example_complex.py for tasks to queue
[2025-12-15T19:09:26.423+0000] {logging_mixin.py:190} INFO - [2025-12-15T19:09:26.423+0000] {dagbag.py:588} INFO - Filling up the DagBag from /home/airflow/.local/lib/python3.12/site-packages/airflow/example_dags/example_complex.py
[2025-12-15T19:09:26.448+0000] {processor.py:925} INFO - DAG(s) 'example_complex' retrieved from /home/airflow/.local/lib/python3.12/site-packages/airflow/example_dags/example_complex.py
[2025-12-15T19:09:26.498+0000] {logging_mixin.py:190} INFO - [2025-12-15T19:09:26.498+0000] {dag.py:3239} INFO - Sync 1 DAGs
[2025-12-15T19:09:26.521+0000] {logging_mixin.py:190} INFO - [2025-12-15T19:09:26.521+0000] {dag.py:4180} INFO - Setting next_dagrun for example_complex to None, run_after=None
[2025-12-15T19:09:26.555+0000] {processor.py:208} INFO - Processing /home/airflow/.local/lib/python3.12/site-packages/airflow/example_dags/example_complex.py took 0.152 seconds
[2025-12-15T19:09:56.824+0000] {processor.py:186} INFO - Started process (PID=6627) to work on /home/airflow/.local/lib/python3.12/site-packages/airflow/example_dags/example_complex.py
[2025-12-15T19:09:56.837+0000] {processor.py:914} INFO - Processing file /home/airflow/.local/lib/python3.12/site-packages/airflow/example_dags/example_complex.py for tasks to queue
[2025-12-15T19:09:56.855+0000] {logging_mixin.py:190} INFO - [2025-12-15T19:09:56.853+0000] {dagbag.py:588} INFO - Filling up the DagBag from /home/airflow/.local/lib/python3.12/site-packages/airflow/example_dags/example_complex.py
[2025-12-15T19:09:56.980+0000] {processor.py:925} INFO - DAG(s) 'example_complex' retrieved from /home/airflow/.local/lib/python3.12/site-packages/airflow/example_dags/example_complex.py
[2025-12-15T19:09:57.273+0000] {logging_mixin.py:190} INFO - [2025-12-15T19:09:57.272+0000] {dag.py:3239} INFO - Sync 1 DAGs
[2025-12-15T19:09:57.398+0000] {logging_mixin.py:190} INFO - [2025-12-15T19:09:57.397+0000] {dag.py:4180} INFO - Setting next_dagrun for example_complex to None, run_after=None
[2025-12-15T19:09:57.534+0000] {processor.py:208} INFO - Processing /home/airflow/.local/lib/python3.12/site-packages/airflow/example_dags/example_complex.py took 0.758 seconds
[2025-12-15T19:10:27.842+0000] {processor.py:186} INFO - Started process (PID=6919) to work on /home/airflow/.local/lib/python3.12/site-packages/airflow/example_dags/example_complex.py
[2025-12-15T19:10:27.847+0000] {processor.py:914} INFO - Processing file /home/airflow/.local/lib/python3.12/site-packages/airflow/example_dags/example_complex.py for tasks to queue
[2025-12-15T19:10:27.855+0000] {logging_mixin.py:190} INFO - [2025-12-15T19:10:27.854+0000] {dagbag.py:588} INFO - Filling up the DagBag from /home/airflow/.local/lib/python3.12/site-packages/airflow/example_dags/example_complex.py
[2025-12-15T19:10:27.904+0000] {processor.py:925} INFO - DAG(s) 'example_complex' retrieved from /home/airflow/.local/lib/python3.12/site-packages/airflow/example_dags/example_complex.py
[2025-12-15T19:10:28.016+0000] {logging_mixin.py:190} INFO - [2025-12-15T19:10:28.015+0000] {dag.py:3239} INFO - Sync 1 DAGs
[2025-12-15T19:10:28.082+0000] {logging_mixin.py:190} INFO - [2025-12-15T19:10:28.081+0000] {dag.py:4180} INFO - Setting next_dagrun for example_complex to None, run_after=None
[2025-12-15T19:10:28.147+0000] {processor.py:208} INFO - Processing /home/airflow/.local/lib/python3.12/site-packages/airflow/example_dags/example_complex.py took 0.332 seconds
[2025-12-15T19:10:58.732+0000] {processor.py:186} INFO - Started process (PID=7210) to work on /home/airflow/.local/lib/python3.12/site-packages/airflow/example_dags/example_complex.py
[2025-12-15T19:10:58.736+0000] {processor.py:914} INFO - Processing file /home/airflow/.local/lib/python3.12/site-packages/airflow/example_dags/example_complex.py for tasks to queue
[2025-12-15T19:10:58.751+0000] {logging_mixin.py:190} INFO - [2025-12-15T19:10:58.743+0000] {dagbag.py:588} INFO - Filling up the DagBag from /home/airflow/.local/lib/python3.12/site-packages/airflow/example_dags/example_complex.py
[2025-12-15T19:10:58.848+0000] {processor.py:925} INFO - DAG(s) 'example_complex' retrieved from /home/airflow/.local/lib/python3.12/site-packages/airflow/example_dags/example_complex.py
[2025-12-15T19:10:59.079+0000] {logging_mixin.py:190} INFO - [2025-12-15T19:10:59.078+0000] {dag.py:3239} INFO - Sync 1 DAGs
[2025-12-15T19:10:59.187+0000] {logging_mixin.py:190} INFO - [2025-12-15T19:10:59.179+0000] {dag.py:4180} INFO - Setting next_dagrun for example_complex to None, run_after=None
[2025-12-15T19:10:59.280+0000] {processor.py:208} INFO - Processing /home/airflow/.local/lib/python3.12/site-packages/airflow/example_dags/example_complex.py took 0.587 seconds
[2025-12-15T19:11:29.524+0000] {processor.py:186} INFO - Started process (PID=7501) to work on /home/airflow/.local/lib/python3.12/site-packages/airflow/example_dags/example_complex.py
[2025-12-15T19:11:29.526+0000] {processor.py:914} INFO - Processing file /home/airflow/.local/lib/python3.12/site-packages/airflow/example_dags/example_complex.py for tasks to queue
[2025-12-15T19:11:29.531+0000] {logging_mixin.py:190} INFO - [2025-12-15T19:11:29.530+0000] {dagbag.py:588} INFO - Filling up the DagBag from /home/airflow/.local/lib/python3.12/site-packages/airflow/example_dags/example_complex.py
[2025-12-15T19:11:29.556+0000] {processor.py:925} INFO - DAG(s) 'example_complex' retrieved from /home/airflow/.local/lib/python3.12/site-packages/airflow/example_dags/example_complex.py
[2025-12-15T19:11:29.614+0000] {logging_mixin.py:190} INFO - [2025-12-15T19:11:29.613+0000] {dag.py:3239} INFO - Sync 1 DAGs
[2025-12-15T19:11:29.638+0000] {logging_mixin.py:190} INFO - [2025-12-15T19:11:29.638+0000] {dag.py:4180} INFO - Setting next_dagrun for example_complex to None, run_after=None
[2025-12-15T19:11:29.674+0000] {processor.py:208} INFO - Processing /home/airflow/.local/lib/python3.12/site-packages/airflow/example_dags/example_complex.py took 0.163 seconds
[2025-12-15T19:12:00.498+0000] {processor.py:186} INFO - Started process (PID=7792) to work on /home/airflow/.local/lib/python3.12/site-packages/airflow/example_dags/example_complex.py
[2025-12-15T19:12:00.519+0000] {processor.py:914} INFO - Processing file /home/airflow/.local/lib/python3.12/site-packages/airflow/example_dags/example_complex.py for tasks to queue
[2025-12-15T19:12:00.521+0000] {logging_mixin.py:190} INFO - [2025-12-15T19:12:00.520+0000] {dagbag.py:588} INFO - Filling up the DagBag from /home/airflow/.local/lib/python3.12/site-packages/airflow/example_dags/example_complex.py
[2025-12-15T19:12:00.536+0000] {processor.py:925} INFO - DAG(s) 'example_complex' retrieved from /home/airflow/.local/lib/python3.12/site-packages/airflow/example_dags/example_complex.py
[2025-12-15T19:12:00.571+0000] {logging_mixin.py:190} INFO - [2025-12-15T19:12:00.571+0000] {dag.py:3239} INFO - Sync 1 DAGs
[2025-12-15T19:12:00.589+0000] {logging_mixin.py:190} INFO - [2025-12-15T19:12:00.589+0000] {dag.py:4180} INFO - Setting next_dagrun for example_complex to None, run_after=None
[2025-12-15T19:12:00.615+0000] {processor.py:208} INFO - Processing /home/airflow/.local/lib/python3.12/site-packages/airflow/example_dags/example_complex.py took 0.125 seconds
[2025-12-15T19:12:31.499+0000] {processor.py:186} INFO - Started process (PID=8083) to work on /home/airflow/.local/lib/python3.12/site-packages/airflow/example_dags/example_complex.py
[2025-12-15T19:12:31.501+0000] {processor.py:914} INFO - Processing file /home/airflow/.local/lib/python3.12/site-packages/airflow/example_dags/example_complex.py for tasks to queue
[2025-12-15T19:12:31.503+0000] {logging_mixin.py:190} INFO - [2025-12-15T19:12:31.503+0000] {dagbag.py:588} INFO - Filling up the DagBag from /home/airflow/.local/lib/python3.12/site-packages/airflow/example_dags/example_complex.py
[2025-12-15T19:12:31.521+0000] {processor.py:925} INFO - DAG(s) 'example_complex' retrieved from /home/airflow/.local/lib/python3.12/site-packages/airflow/example_dags/example_complex.py
[2025-12-15T19:12:31.561+0000] {logging_mixin.py:190} INFO - [2025-12-15T19:12:31.561+0000] {dag.py:3239} INFO - Sync 1 DAGs
[2025-12-15T19:12:31.584+0000] {logging_mixin.py:190} INFO - [2025-12-15T19:12:31.584+0000] {dag.py:4180} INFO - Setting next_dagrun for example_complex to None, run_after=None
[2025-12-15T19:12:31.623+0000] {processor.py:208} INFO - Processing /home/airflow/.local/lib/python3.12/site-packages/airflow/example_dags/example_complex.py took 0.137 seconds
[2025-12-15T19:13:02.086+0000] {processor.py:186} INFO - Started process (PID=8374) to work on /home/airflow/.local/lib/python3.12/site-packages/airflow/example_dags/example_complex.py
[2025-12-15T19:13:02.094+0000] {processor.py:914} INFO - Processing file /home/airflow/.local/lib/python3.12/site-packages/airflow/example_dags/example_complex.py for tasks to queue
[2025-12-15T19:13:02.095+0000] {logging_mixin.py:190} INFO - [2025-12-15T19:13:02.095+0000] {dagbag.py:588} INFO - Filling up the DagBag from /home/airflow/.local/lib/python3.12/site-packages/airflow/example_dags/example_complex.py
[2025-12-15T19:13:02.110+0000] {processor.py:925} INFO - DAG(s) 'example_complex' retrieved from /home/airflow/.local/lib/python3.12/site-packages/airflow/example_dags/example_complex.py
[2025-12-15T19:13:02.148+0000] {logging_mixin.py:190} INFO - [2025-12-15T19:13:02.147+0000] {dag.py:3239} INFO - Sync 1 DAGs
[2025-12-15T19:13:02.168+0000] {logging_mixin.py:190} INFO - [2025-12-15T19:13:02.167+0000] {dag.py:4180} INFO - Setting next_dagrun for example_complex to None, run_after=None
[2025-12-15T19:13:02.202+0000] {processor.py:208} INFO - Processing /home/airflow/.local/lib/python3.12/site-packages/airflow/example_dags/example_complex.py took 0.123 seconds
[2025-12-15T19:13:33.475+0000] {processor.py:186} INFO - Started process (PID=8663) to work on /home/airflow/.local/lib/python3.12/site-packages/airflow/example_dags/example_complex.py
[2025-12-15T19:13:33.480+0000] {processor.py:914} INFO - Processing file /home/airflow/.local/lib/python3.12/site-packages/airflow/example_dags/example_complex.py for tasks to queue
[2025-12-15T19:13:33.491+0000] {logging_mixin.py:190} INFO - [2025-12-15T19:13:33.482+0000] {dagbag.py:588} INFO - Filling up the DagBag from /home/airflow/.local/lib/python3.12/site-packages/airflow/example_dags/example_complex.py
[2025-12-15T19:13:33.585+0000] {processor.py:925} INFO - DAG(s) 'example_complex' retrieved from /home/airflow/.local/lib/python3.12/site-packages/airflow/example_dags/example_complex.py
[2025-12-15T19:13:33.862+0000] {logging_mixin.py:190} INFO - [2025-12-15T19:13:33.861+0000] {dag.py:3239} INFO - Sync 1 DAGs
[2025-12-15T19:13:33.986+0000] {logging_mixin.py:190} INFO - [2025-12-15T19:13:33.985+0000] {dag.py:4180} INFO - Setting next_dagrun for example_complex to None, run_after=None
[2025-12-15T19:13:34.140+0000] {processor.py:208} INFO - Processing /home/airflow/.local/lib/python3.12/site-packages/airflow/example_dags/example_complex.py took 0.706 seconds
[2025-12-15T19:14:04.524+0000] {processor.py:186} INFO - Started process (PID=8956) to work on /home/airflow/.local/lib/python3.12/site-packages/airflow/example_dags/example_complex.py
[2025-12-15T19:14:04.528+0000] {processor.py:914} INFO - Processing file /home/airflow/.local/lib/python3.12/site-packages/airflow/example_dags/example_complex.py for tasks to queue
[2025-12-15T19:14:04.539+0000] {logging_mixin.py:190} INFO - [2025-12-15T19:14:04.538+0000] {dagbag.py:588} INFO - Filling up the DagBag from /home/airflow/.local/lib/python3.12/site-packages/airflow/example_dags/example_complex.py
[2025-12-15T19:14:04.628+0000] {processor.py:925} INFO - DAG(s) 'example_complex' retrieved from /home/airflow/.local/lib/python3.12/site-packages/airflow/example_dags/example_complex.py
[2025-12-15T19:14:04.895+0000] {logging_mixin.py:190} INFO - [2025-12-15T19:14:04.887+0000] {dag.py:3239} INFO - Sync 1 DAGs
[2025-12-15T19:14:05.038+0000] {logging_mixin.py:190} INFO - [2025-12-15T19:14:05.028+0000] {dag.py:4180} INFO - Setting next_dagrun for example_complex to None, run_after=None
[2025-12-15T19:14:05.214+0000] {processor.py:208} INFO - Processing /home/airflow/.local/lib/python3.12/site-packages/airflow/example_dags/example_complex.py took 0.727 seconds
[2025-12-15T19:14:35.745+0000] {processor.py:186} INFO - Started process (PID=9252) to work on /home/airflow/.local/lib/python3.12/site-packages/airflow/example_dags/example_complex.py
[2025-12-15T19:14:35.758+0000] {processor.py:914} INFO - Processing file /home/airflow/.local/lib/python3.12/site-packages/airflow/example_dags/example_complex.py for tasks to queue
[2025-12-15T19:14:35.761+0000] {logging_mixin.py:190} INFO - [2025-12-15T19:14:35.760+0000] {dagbag.py:588} INFO - Filling up the DagBag from /home/airflow/.local/lib/python3.12/site-packages/airflow/example_dags/example_complex.py
[2025-12-15T19:14:35.874+0000] {processor.py:925} INFO - DAG(s) 'example_complex' retrieved from /home/airflow/.local/lib/python3.12/site-packages/airflow/example_dags/example_complex.py
[2025-12-15T19:14:36.118+0000] {logging_mixin.py:190} INFO - [2025-12-15T19:14:36.117+0000] {dag.py:3239} INFO - Sync 1 DAGs
[2025-12-15T19:14:36.188+0000] {logging_mixin.py:190} INFO - [2025-12-15T19:14:36.187+0000] {dag.py:4180} INFO - Setting next_dagrun for example_complex to None, run_after=None
[2025-12-15T19:14:36.246+0000] {processor.py:208} INFO - Processing /home/airflow/.local/lib/python3.12/site-packages/airflow/example_dags/example_complex.py took 0.548 seconds
[2025-12-15T19:15:09.219+0000] {processor.py:186} INFO - Started process (PID=9543) to work on /home/airflow/.local/lib/python3.12/site-packages/airflow/example_dags/example_complex.py
[2025-12-15T19:15:09.236+0000] {processor.py:914} INFO - Processing file /home/airflow/.local/lib/python3.12/site-packages/airflow/example_dags/example_complex.py for tasks to queue
[2025-12-15T19:15:09.238+0000] {logging_mixin.py:190} INFO - [2025-12-15T19:15:09.238+0000] {dagbag.py:588} INFO - Filling up the DagBag from /home/airflow/.local/lib/python3.12/site-packages/airflow/example_dags/example_complex.py
[2025-12-15T19:15:09.273+0000] {processor.py:925} INFO - DAG(s) 'example_complex' retrieved from /home/airflow/.local/lib/python3.12/site-packages/airflow/example_dags/example_complex.py
[2025-12-15T19:15:09.344+0000] {logging_mixin.py:190} INFO - [2025-12-15T19:15:09.343+0000] {dag.py:3239} INFO - Sync 1 DAGs
[2025-12-15T19:15:09.380+0000] {logging_mixin.py:190} INFO - [2025-12-15T19:15:09.380+0000] {dag.py:4180} INFO - Setting next_dagrun for example_complex to None, run_after=None
[2025-12-15T19:15:09.427+0000] {processor.py:208} INFO - Processing /home/airflow/.local/lib/python3.12/site-packages/airflow/example_dags/example_complex.py took 0.225 seconds
[2025-12-15T19:15:40.471+0000] {processor.py:186} INFO - Started process (PID=9814) to work on /home/airflow/.local/lib/python3.12/site-packages/airflow/example_dags/example_complex.py
[2025-12-15T19:15:40.475+0000] {processor.py:914} INFO - Processing file /home/airflow/.local/lib/python3.12/site-packages/airflow/example_dags/example_complex.py for tasks to queue
[2025-12-15T19:15:40.477+0000] {logging_mixin.py:190} INFO - [2025-12-15T19:15:40.476+0000] {dagbag.py:588} INFO - Filling up the DagBag from /home/airflow/.local/lib/python3.12/site-packages/airflow/example_dags/example_complex.py
[2025-12-15T19:15:40.499+0000] {processor.py:925} INFO - DAG(s) 'example_complex' retrieved from /home/airflow/.local/lib/python3.12/site-packages/airflow/example_dags/example_complex.py
[2025-12-15T19:15:40.558+0000] {logging_mixin.py:190} INFO - [2025-12-15T19:15:40.557+0000] {dag.py:3239} INFO - Sync 1 DAGs
[2025-12-15T19:15:40.595+0000] {logging_mixin.py:190} INFO - [2025-12-15T19:15:40.594+0000] {dag.py:4180} INFO - Setting next_dagrun for example_complex to None, run_after=None
[2025-12-15T19:15:40.629+0000] {processor.py:208} INFO - Processing /home/airflow/.local/lib/python3.12/site-packages/airflow/example_dags/example_complex.py took 0.171 seconds
[2025-12-15T19:16:10.858+0000] {processor.py:186} INFO - Started process (PID=10060) to work on /home/airflow/.local/lib/python3.12/site-packages/airflow/example_dags/example_complex.py
[2025-12-15T19:16:10.874+0000] {processor.py:914} INFO - Processing file /home/airflow/.local/lib/python3.12/site-packages/airflow/example_dags/example_complex.py for tasks to queue
[2025-12-15T19:16:10.877+0000] {logging_mixin.py:190} INFO - [2025-12-15T19:16:10.876+0000] {dagbag.py:588} INFO - Filling up the DagBag from /home/airflow/.local/lib/python3.12/site-packages/airflow/example_dags/example_complex.py
[2025-12-15T19:16:10.898+0000] {processor.py:925} INFO - DAG(s) 'example_complex' retrieved from /home/airflow/.local/lib/python3.12/site-packages/airflow/example_dags/example_complex.py
[2025-12-15T19:16:10.980+0000] {logging_mixin.py:190} INFO - [2025-12-15T19:16:10.980+0000] {dag.py:3239} INFO - Sync 1 DAGs
[2025-12-15T19:16:11.076+0000] {logging_mixin.py:190} INFO - [2025-12-15T19:16:11.075+0000] {dag.py:4180} INFO - Setting next_dagrun for example_complex to None, run_after=None
[2025-12-15T19:16:11.206+0000] {processor.py:208} INFO - Processing /home/airflow/.local/lib/python3.12/site-packages/airflow/example_dags/example_complex.py took 0.361 seconds
[2025-12-15T19:16:42.650+0000] {processor.py:186} INFO - Started process (PID=10326) to work on /home/airflow/.local/lib/python3.12/site-packages/airflow/example_dags/example_complex.py
[2025-12-15T19:16:42.652+0000] {processor.py:914} INFO - Processing file /home/airflow/.local/lib/python3.12/site-packages/airflow/example_dags/example_complex.py for tasks to queue
[2025-12-15T19:16:42.655+0000] {logging_mixin.py:190} INFO - [2025-12-15T19:16:42.655+0000] {dagbag.py:588} INFO - Filling up the DagBag from /home/airflow/.local/lib/python3.12/site-packages/airflow/example_dags/example_complex.py
[2025-12-15T19:16:42.688+0000] {processor.py:925} INFO - DAG(s) 'example_complex' retrieved from /home/airflow/.local/lib/python3.12/site-packages/airflow/example_dags/example_complex.py
[2025-12-15T19:16:42.761+0000] {logging_mixin.py:190} INFO - [2025-12-15T19:16:42.761+0000] {dag.py:3239} INFO - Sync 1 DAGs
[2025-12-15T19:16:42.796+0000] {logging_mixin.py:190} INFO - [2025-12-15T19:16:42.795+0000] {dag.py:4180} INFO - Setting next_dagrun for example_complex to None, run_after=None
[2025-12-15T19:16:42.837+0000] {processor.py:208} INFO - Processing /home/airflow/.local/lib/python3.12/site-packages/airflow/example_dags/example_complex.py took 0.200 seconds
[2025-12-15T19:17:14.706+0000] {processor.py:186} INFO - Started process (PID=10600) to work on /home/airflow/.local/lib/python3.12/site-packages/airflow/example_dags/example_complex.py
[2025-12-15T19:17:14.710+0000] {processor.py:914} INFO - Processing file /home/airflow/.local/lib/python3.12/site-packages/airflow/example_dags/example_complex.py for tasks to queue
[2025-12-15T19:17:14.716+0000] {logging_mixin.py:190} INFO - [2025-12-15T19:17:14.715+0000] {dagbag.py:588} INFO - Filling up the DagBag from /home/airflow/.local/lib/python3.12/site-packages/airflow/example_dags/example_complex.py
[2025-12-15T19:17:14.781+0000] {processor.py:925} INFO - DAG(s) 'example_complex' retrieved from /home/airflow/.local/lib/python3.12/site-packages/airflow/example_dags/example_complex.py
[2025-12-15T19:17:14.899+0000] {logging_mixin.py:190} INFO - [2025-12-15T19:17:14.899+0000] {dag.py:3239} INFO - Sync 1 DAGs
[2025-12-15T19:17:14.951+0000] {logging_mixin.py:190} INFO - [2025-12-15T19:17:14.951+0000] {dag.py:4180} INFO - Setting next_dagrun for example_complex to None, run_after=None
[2025-12-15T19:17:15.018+0000] {processor.py:208} INFO - Processing /home/airflow/.local/lib/python3.12/site-packages/airflow/example_dags/example_complex.py took 0.346 seconds
[2025-12-15T19:17:45.330+0000] {processor.py:186} INFO - Started process (PID=10890) to work on /home/airflow/.local/lib/python3.12/site-packages/airflow/example_dags/example_complex.py
[2025-12-15T19:17:45.332+0000] {processor.py:914} INFO - Processing file /home/airflow/.local/lib/python3.12/site-packages/airflow/example_dags/example_complex.py for tasks to queue
[2025-12-15T19:17:45.335+0000] {logging_mixin.py:190} INFO - [2025-12-15T19:17:45.334+0000] {dagbag.py:588} INFO - Filling up the DagBag from /home/airflow/.local/lib/python3.12/site-packages/airflow/example_dags/example_complex.py
[2025-12-15T19:17:45.378+0000] {processor.py:925} INFO - DAG(s) 'example_complex' retrieved from /home/airflow/.local/lib/python3.12/site-packages/airflow/example_dags/example_complex.py
[2025-12-15T19:17:45.454+0000] {logging_mixin.py:190} INFO - [2025-12-15T19:17:45.453+0000] {dag.py:3239} INFO - Sync 1 DAGs
[2025-12-15T19:17:45.500+0000] {logging_mixin.py:190} INFO - [2025-12-15T19:17:45.499+0000] {dag.py:4180} INFO - Setting next_dagrun for example_complex to None, run_after=None
[2025-12-15T19:17:45.544+0000] {processor.py:208} INFO - Processing /home/airflow/.local/lib/python3.12/site-packages/airflow/example_dags/example_complex.py took 0.228 seconds
[2025-12-15T19:18:15.902+0000] {processor.py:186} INFO - Started process (PID=11178) to work on /home/airflow/.local/lib/python3.12/site-packages/airflow/example_dags/example_complex.py
[2025-12-15T19:18:15.912+0000] {processor.py:914} INFO - Processing file /home/airflow/.local/lib/python3.12/site-packages/airflow/example_dags/example_complex.py for tasks to queue
[2025-12-15T19:18:15.917+0000] {logging_mixin.py:190} INFO - [2025-12-15T19:18:15.916+0000] {dagbag.py:588} INFO - Filling up the DagBag from /home/airflow/.local/lib/python3.12/site-packages/airflow/example_dags/example_complex.py
[2025-12-15T19:18:16.119+0000] {processor.py:925} INFO - DAG(s) 'example_complex' retrieved from /home/airflow/.local/lib/python3.12/site-packages/airflow/example_dags/example_complex.py
[2025-12-15T19:18:16.296+0000] {logging_mixin.py:190} INFO - [2025-12-15T19:18:16.295+0000] {dag.py:3239} INFO - Sync 1 DAGs
[2025-12-15T19:18:16.387+0000] {logging_mixin.py:190} INFO - [2025-12-15T19:18:16.386+0000] {dag.py:4180} INFO - Setting next_dagrun for example_complex to None, run_after=None
[2025-12-15T19:18:16.470+0000] {processor.py:208} INFO - Processing /home/airflow/.local/lib/python3.12/site-packages/airflow/example_dags/example_complex.py took 0.590 seconds
[2025-12-15T19:18:46.893+0000] {processor.py:186} INFO - Started process (PID=11472) to work on /home/airflow/.local/lib/python3.12/site-packages/airflow/example_dags/example_complex.py
[2025-12-15T19:18:46.895+0000] {processor.py:914} INFO - Processing file /home/airflow/.local/lib/python3.12/site-packages/airflow/example_dags/example_complex.py for tasks to queue
[2025-12-15T19:18:46.899+0000] {logging_mixin.py:190} INFO - [2025-12-15T19:18:46.898+0000] {dagbag.py:588} INFO - Filling up the DagBag from /home/airflow/.local/lib/python3.12/site-packages/airflow/example_dags/example_complex.py
[2025-12-15T19:18:46.942+0000] {processor.py:925} INFO - DAG(s) 'example_complex' retrieved from /home/airflow/.local/lib/python3.12/site-packages/airflow/example_dags/example_complex.py
[2025-12-15T19:18:47.074+0000] {logging_mixin.py:190} INFO - [2025-12-15T19:18:47.074+0000] {dag.py:3239} INFO - Sync 1 DAGs
[2025-12-15T19:18:47.141+0000] {logging_mixin.py:190} INFO - [2025-12-15T19:18:47.140+0000] {dag.py:4180} INFO - Setting next_dagrun for example_complex to None, run_after=None
[2025-12-15T19:18:47.209+0000] {processor.py:208} INFO - Processing /home/airflow/.local/lib/python3.12/site-packages/airflow/example_dags/example_complex.py took 0.338 seconds
