[2025-12-15T18:56:37.098+0000] {processor.py:186} INFO - Started process (PID=486) to work on /home/airflow/.local/lib/python3.12/site-packages/airflow/example_dags/example_sensors.py
[2025-12-15T18:56:37.100+0000] {processor.py:914} INFO - Processing file /home/airflow/.local/lib/python3.12/site-packages/airflow/example_dags/example_sensors.py for tasks to queue
[2025-12-15T18:56:37.117+0000] {logging_mixin.py:190} INFO - [2025-12-15T18:56:37.116+0000] {dagbag.py:588} INFO - Filling up the DagBag from /home/airflow/.local/lib/python3.12/site-packages/airflow/example_dags/example_sensors.py
[2025-12-15T18:56:37.252+0000] {processor.py:925} INFO - DAG(s) 'example_sensors' retrieved from /home/airflow/.local/lib/python3.12/site-packages/airflow/example_dags/example_sensors.py
[2025-12-15T18:56:38.098+0000] {logging_mixin.py:190} INFO - [2025-12-15T18:56:38.096+0000] {override.py:1911} INFO - Created Permission View: can read on DAG:example_sensors
[2025-12-15T18:56:38.197+0000] {logging_mixin.py:190} INFO - [2025-12-15T18:56:38.196+0000] {override.py:1911} INFO - Created Permission View: can edit on DAG:example_sensors
[2025-12-15T18:56:38.247+0000] {logging_mixin.py:190} INFO - [2025-12-15T18:56:38.246+0000] {override.py:1911} INFO - Created Permission View: can delete on DAG:example_sensors
[2025-12-15T18:56:38.299+0000] {logging_mixin.py:190} INFO - [2025-12-15T18:56:38.298+0000] {override.py:1911} INFO - Created Permission View: can read on DAG Run:example_sensors
[2025-12-15T18:56:38.356+0000] {logging_mixin.py:190} INFO - [2025-12-15T18:56:38.355+0000] {override.py:1911} INFO - Created Permission View: menu access on DAG Run:example_sensors
[2025-12-15T18:56:38.406+0000] {logging_mixin.py:190} INFO - [2025-12-15T18:56:38.405+0000] {override.py:1911} INFO - Created Permission View: can create on DAG Run:example_sensors
[2025-12-15T18:56:38.444+0000] {logging_mixin.py:190} INFO - [2025-12-15T18:56:38.443+0000] {override.py:1911} INFO - Created Permission View: can delete on DAG Run:example_sensors
[2025-12-15T18:56:38.446+0000] {logging_mixin.py:190} INFO - [2025-12-15T18:56:38.446+0000] {dag.py:3239} INFO - Sync 1 DAGs
[2025-12-15T18:56:38.548+0000] {logging_mixin.py:190} INFO - [2025-12-15T18:56:38.547+0000] {dag.py:3262} INFO - Creating ORM DAG for example_sensors
[2025-12-15T18:56:38.561+0000] {logging_mixin.py:190} INFO - [2025-12-15T18:56:38.560+0000] {dag.py:4180} INFO - Setting next_dagrun for example_sensors to None, run_after=None
[2025-12-15T18:56:40.863+0000] {processor.py:208} INFO - Processing /home/airflow/.local/lib/python3.12/site-packages/airflow/example_dags/example_sensors.py took 3.807 seconds
[2025-12-15T18:57:11.781+0000] {processor.py:186} INFO - Started process (PID=792) to work on /home/airflow/.local/lib/python3.12/site-packages/airflow/example_dags/example_sensors.py
[2025-12-15T18:57:11.786+0000] {processor.py:914} INFO - Processing file /home/airflow/.local/lib/python3.12/site-packages/airflow/example_dags/example_sensors.py for tasks to queue
[2025-12-15T18:57:11.792+0000] {logging_mixin.py:190} INFO - [2025-12-15T18:57:11.791+0000] {dagbag.py:588} INFO - Filling up the DagBag from /home/airflow/.local/lib/python3.12/site-packages/airflow/example_dags/example_sensors.py
[2025-12-15T18:57:11.822+0000] {processor.py:925} INFO - DAG(s) 'example_sensors' retrieved from /home/airflow/.local/lib/python3.12/site-packages/airflow/example_dags/example_sensors.py
[2025-12-15T18:57:11.897+0000] {logging_mixin.py:190} INFO - [2025-12-15T18:57:11.897+0000] {dag.py:3239} INFO - Sync 1 DAGs
[2025-12-15T18:57:11.928+0000] {logging_mixin.py:190} INFO - [2025-12-15T18:57:11.927+0000] {dag.py:4180} INFO - Setting next_dagrun for example_sensors to None, run_after=None
[2025-12-15T18:57:11.974+0000] {processor.py:208} INFO - Processing /home/airflow/.local/lib/python3.12/site-packages/airflow/example_dags/example_sensors.py took 0.207 seconds
[2025-12-15T18:57:52.533+0000] {processor.py:186} INFO - Started process (PID=1159) to work on /home/airflow/.local/lib/python3.12/site-packages/airflow/example_dags/example_sensors.py
[2025-12-15T18:57:52.535+0000] {processor.py:914} INFO - Processing file /home/airflow/.local/lib/python3.12/site-packages/airflow/example_dags/example_sensors.py for tasks to queue
[2025-12-15T18:57:52.540+0000] {logging_mixin.py:190} INFO - [2025-12-15T18:57:52.539+0000] {dagbag.py:588} INFO - Filling up the DagBag from /home/airflow/.local/lib/python3.12/site-packages/airflow/example_dags/example_sensors.py
[2025-12-15T18:57:52.561+0000] {processor.py:925} INFO - DAG(s) 'example_sensors' retrieved from /home/airflow/.local/lib/python3.12/site-packages/airflow/example_dags/example_sensors.py
[2025-12-15T18:57:52.619+0000] {logging_mixin.py:190} INFO - [2025-12-15T18:57:52.618+0000] {dag.py:3239} INFO - Sync 1 DAGs
[2025-12-15T18:57:52.649+0000] {logging_mixin.py:190} INFO - [2025-12-15T18:57:52.649+0000] {dag.py:4180} INFO - Setting next_dagrun for example_sensors to None, run_after=None
[2025-12-15T18:57:52.697+0000] {processor.py:208} INFO - Processing /home/airflow/.local/lib/python3.12/site-packages/airflow/example_dags/example_sensors.py took 0.179 seconds
[2025-12-15T18:58:28.770+0000] {processor.py:186} INFO - Started process (PID=1466) to work on /home/airflow/.local/lib/python3.12/site-packages/airflow/example_dags/example_sensors.py
[2025-12-15T18:58:28.781+0000] {processor.py:914} INFO - Processing file /home/airflow/.local/lib/python3.12/site-packages/airflow/example_dags/example_sensors.py for tasks to queue
[2025-12-15T18:58:28.785+0000] {logging_mixin.py:190} INFO - [2025-12-15T18:58:28.784+0000] {dagbag.py:588} INFO - Filling up the DagBag from /home/airflow/.local/lib/python3.12/site-packages/airflow/example_dags/example_sensors.py
[2025-12-15T18:58:28.814+0000] {processor.py:925} INFO - DAG(s) 'example_sensors' retrieved from /home/airflow/.local/lib/python3.12/site-packages/airflow/example_dags/example_sensors.py
[2025-12-15T18:58:28.889+0000] {logging_mixin.py:190} INFO - [2025-12-15T18:58:28.888+0000] {dag.py:3239} INFO - Sync 1 DAGs
[2025-12-15T18:58:28.965+0000] {logging_mixin.py:190} INFO - [2025-12-15T18:58:28.964+0000] {dag.py:4180} INFO - Setting next_dagrun for example_sensors to None, run_after=None
[2025-12-15T18:58:29.094+0000] {processor.py:208} INFO - Processing /home/airflow/.local/lib/python3.12/site-packages/airflow/example_dags/example_sensors.py took 0.340 seconds
[2025-12-15T18:58:59.438+0000] {processor.py:186} INFO - Started process (PID=1757) to work on /home/airflow/.local/lib/python3.12/site-packages/airflow/example_dags/example_sensors.py
[2025-12-15T18:58:59.442+0000] {processor.py:914} INFO - Processing file /home/airflow/.local/lib/python3.12/site-packages/airflow/example_dags/example_sensors.py for tasks to queue
[2025-12-15T18:58:59.450+0000] {logging_mixin.py:190} INFO - [2025-12-15T18:58:59.448+0000] {dagbag.py:588} INFO - Filling up the DagBag from /home/airflow/.local/lib/python3.12/site-packages/airflow/example_dags/example_sensors.py
[2025-12-15T18:58:59.488+0000] {processor.py:925} INFO - DAG(s) 'example_sensors' retrieved from /home/airflow/.local/lib/python3.12/site-packages/airflow/example_dags/example_sensors.py
[2025-12-15T18:58:59.613+0000] {logging_mixin.py:190} INFO - [2025-12-15T18:58:59.612+0000] {dag.py:3239} INFO - Sync 1 DAGs
[2025-12-15T18:58:59.687+0000] {logging_mixin.py:190} INFO - [2025-12-15T18:58:59.686+0000] {dag.py:4180} INFO - Setting next_dagrun for example_sensors to None, run_after=None
[2025-12-15T18:58:59.777+0000] {processor.py:208} INFO - Processing /home/airflow/.local/lib/python3.12/site-packages/airflow/example_dags/example_sensors.py took 0.359 seconds
[2025-12-15T19:00:15.277+0000] {processor.py:186} INFO - Started process (PID=2078) to work on /home/airflow/.local/lib/python3.12/site-packages/airflow/example_dags/example_sensors.py
[2025-12-15T19:00:15.290+0000] {processor.py:914} INFO - Processing file /home/airflow/.local/lib/python3.12/site-packages/airflow/example_dags/example_sensors.py for tasks to queue
[2025-12-15T19:00:15.297+0000] {logging_mixin.py:190} INFO - [2025-12-15T19:00:15.296+0000] {dagbag.py:588} INFO - Filling up the DagBag from /home/airflow/.local/lib/python3.12/site-packages/airflow/example_dags/example_sensors.py
[2025-12-15T18:58:29.987+0000] {processor.py:925} INFO - DAG(s) 'example_sensors' retrieved from /home/airflow/.local/lib/python3.12/site-packages/airflow/example_dags/example_sensors.py
[2025-12-15T19:00:17.342+0000] {logging_mixin.py:190} INFO - [2025-12-15T19:00:17.341+0000] {dag.py:3239} INFO - Sync 1 DAGs
[2025-12-15T19:00:18.060+0000] {logging_mixin.py:190} INFO - [2025-12-15T19:00:18.059+0000] {dag.py:4180} INFO - Setting next_dagrun for example_sensors to None, run_after=None
[2025-12-15T19:00:18.268+0000] {processor.py:208} INFO - Processing /home/airflow/.local/lib/python3.12/site-packages/airflow/example_dags/example_sensors.py took 2.298 seconds
[2025-12-15T19:02:02.046+0000] {processor.py:186} INFO - Started process (PID=2492) to work on /home/airflow/.local/lib/python3.12/site-packages/airflow/example_dags/example_sensors.py
[2025-12-15T19:02:02.049+0000] {processor.py:914} INFO - Processing file /home/airflow/.local/lib/python3.12/site-packages/airflow/example_dags/example_sensors.py for tasks to queue
[2025-12-15T19:02:02.078+0000] {logging_mixin.py:190} INFO - [2025-12-15T19:02:02.077+0000] {dagbag.py:588} INFO - Filling up the DagBag from /home/airflow/.local/lib/python3.12/site-packages/airflow/example_dags/example_sensors.py
[2025-12-15T19:02:02.203+0000] {processor.py:925} INFO - DAG(s) 'example_sensors' retrieved from /home/airflow/.local/lib/python3.12/site-packages/airflow/example_dags/example_sensors.py
[2025-12-15T19:02:02.449+0000] {logging_mixin.py:190} INFO - [2025-12-15T19:02:02.448+0000] {dag.py:3239} INFO - Sync 1 DAGs
[2025-12-15T19:02:02.591+0000] {logging_mixin.py:190} INFO - [2025-12-15T19:02:02.580+0000] {dag.py:4180} INFO - Setting next_dagrun for example_sensors to None, run_after=None
[2025-12-15T19:02:02.771+0000] {processor.py:208} INFO - Processing /home/airflow/.local/lib/python3.12/site-packages/airflow/example_dags/example_sensors.py took 0.775 seconds
[2025-12-15T19:02:35.054+0000] {processor.py:186} INFO - Started process (PID=2793) to work on /home/airflow/.local/lib/python3.12/site-packages/airflow/example_dags/example_sensors.py
[2025-12-15T19:02:35.057+0000] {processor.py:914} INFO - Processing file /home/airflow/.local/lib/python3.12/site-packages/airflow/example_dags/example_sensors.py for tasks to queue
[2025-12-15T19:02:35.064+0000] {logging_mixin.py:190} INFO - [2025-12-15T19:02:35.063+0000] {dagbag.py:588} INFO - Filling up the DagBag from /home/airflow/.local/lib/python3.12/site-packages/airflow/example_dags/example_sensors.py
[2025-12-15T19:02:35.093+0000] {processor.py:925} INFO - DAG(s) 'example_sensors' retrieved from /home/airflow/.local/lib/python3.12/site-packages/airflow/example_dags/example_sensors.py
[2025-12-15T19:02:35.145+0000] {logging_mixin.py:190} INFO - [2025-12-15T19:02:35.144+0000] {dag.py:3239} INFO - Sync 1 DAGs
[2025-12-15T19:02:35.168+0000] {logging_mixin.py:190} INFO - [2025-12-15T19:02:35.168+0000] {dag.py:4180} INFO - Setting next_dagrun for example_sensors to None, run_after=None
[2025-12-15T19:02:35.206+0000] {processor.py:208} INFO - Processing /home/airflow/.local/lib/python3.12/site-packages/airflow/example_dags/example_sensors.py took 0.164 seconds
[2025-12-15T19:03:09.009+0000] {processor.py:186} INFO - Started process (PID=3082) to work on /home/airflow/.local/lib/python3.12/site-packages/airflow/example_dags/example_sensors.py
[2025-12-15T19:03:09.012+0000] {processor.py:914} INFO - Processing file /home/airflow/.local/lib/python3.12/site-packages/airflow/example_dags/example_sensors.py for tasks to queue
[2025-12-15T19:03:09.020+0000] {logging_mixin.py:190} INFO - [2025-12-15T19:03:09.016+0000] {dagbag.py:588} INFO - Filling up the DagBag from /home/airflow/.local/lib/python3.12/site-packages/airflow/example_dags/example_sensors.py
[2025-12-15T19:03:09.049+0000] {processor.py:925} INFO - DAG(s) 'example_sensors' retrieved from /home/airflow/.local/lib/python3.12/site-packages/airflow/example_dags/example_sensors.py
[2025-12-15T19:03:09.109+0000] {logging_mixin.py:190} INFO - [2025-12-15T19:03:09.109+0000] {dag.py:3239} INFO - Sync 1 DAGs
[2025-12-15T19:03:09.147+0000] {logging_mixin.py:190} INFO - [2025-12-15T19:03:09.146+0000] {dag.py:4180} INFO - Setting next_dagrun for example_sensors to None, run_after=None
[2025-12-15T19:03:09.193+0000] {processor.py:208} INFO - Processing /home/airflow/.local/lib/python3.12/site-packages/airflow/example_dags/example_sensors.py took 0.201 seconds
[2025-12-15T19:03:42.888+0000] {processor.py:186} INFO - Started process (PID=3373) to work on /home/airflow/.local/lib/python3.12/site-packages/airflow/example_dags/example_sensors.py
[2025-12-15T19:03:42.891+0000] {processor.py:914} INFO - Processing file /home/airflow/.local/lib/python3.12/site-packages/airflow/example_dags/example_sensors.py for tasks to queue
[2025-12-15T19:03:42.897+0000] {logging_mixin.py:190} INFO - [2025-12-15T19:03:42.896+0000] {dagbag.py:588} INFO - Filling up the DagBag from /home/airflow/.local/lib/python3.12/site-packages/airflow/example_dags/example_sensors.py
[2025-12-15T19:03:42.927+0000] {processor.py:925} INFO - DAG(s) 'example_sensors' retrieved from /home/airflow/.local/lib/python3.12/site-packages/airflow/example_dags/example_sensors.py
[2025-12-15T19:03:42.988+0000] {logging_mixin.py:190} INFO - [2025-12-15T19:03:42.987+0000] {dag.py:3239} INFO - Sync 1 DAGs
[2025-12-15T19:03:43.033+0000] {logging_mixin.py:190} INFO - [2025-12-15T19:03:43.033+0000] {dag.py:4180} INFO - Setting next_dagrun for example_sensors to None, run_after=None
[2025-12-15T19:03:43.085+0000] {processor.py:208} INFO - Processing /home/airflow/.local/lib/python3.12/site-packages/airflow/example_dags/example_sensors.py took 0.214 seconds
[2025-12-15T19:04:13.218+0000] {processor.py:186} INFO - Started process (PID=3664) to work on /home/airflow/.local/lib/python3.12/site-packages/airflow/example_dags/example_sensors.py
[2025-12-15T19:04:13.221+0000] {processor.py:914} INFO - Processing file /home/airflow/.local/lib/python3.12/site-packages/airflow/example_dags/example_sensors.py for tasks to queue
[2025-12-15T19:04:13.224+0000] {logging_mixin.py:190} INFO - [2025-12-15T19:04:13.224+0000] {dagbag.py:588} INFO - Filling up the DagBag from /home/airflow/.local/lib/python3.12/site-packages/airflow/example_dags/example_sensors.py
[2025-12-15T19:04:13.254+0000] {processor.py:925} INFO - DAG(s) 'example_sensors' retrieved from /home/airflow/.local/lib/python3.12/site-packages/airflow/example_dags/example_sensors.py
[2025-12-15T19:04:13.307+0000] {logging_mixin.py:190} INFO - [2025-12-15T19:04:13.307+0000] {dag.py:3239} INFO - Sync 1 DAGs
[2025-12-15T19:04:13.343+0000] {logging_mixin.py:190} INFO - [2025-12-15T19:04:13.342+0000] {dag.py:4180} INFO - Setting next_dagrun for example_sensors to None, run_after=None
[2025-12-15T19:04:13.382+0000] {processor.py:208} INFO - Processing /home/airflow/.local/lib/python3.12/site-packages/airflow/example_dags/example_sensors.py took 0.183 seconds
[2025-12-15T19:04:46.372+0000] {processor.py:186} INFO - Started process (PID=3955) to work on /home/airflow/.local/lib/python3.12/site-packages/airflow/example_dags/example_sensors.py
[2025-12-15T19:04:46.374+0000] {processor.py:914} INFO - Processing file /home/airflow/.local/lib/python3.12/site-packages/airflow/example_dags/example_sensors.py for tasks to queue
[2025-12-15T19:04:46.377+0000] {logging_mixin.py:190} INFO - [2025-12-15T19:04:46.376+0000] {dagbag.py:588} INFO - Filling up the DagBag from /home/airflow/.local/lib/python3.12/site-packages/airflow/example_dags/example_sensors.py
[2025-12-15T19:04:46.394+0000] {processor.py:925} INFO - DAG(s) 'example_sensors' retrieved from /home/airflow/.local/lib/python3.12/site-packages/airflow/example_dags/example_sensors.py
[2025-12-15T19:04:46.435+0000] {logging_mixin.py:190} INFO - [2025-12-15T19:04:46.434+0000] {dag.py:3239} INFO - Sync 1 DAGs
[2025-12-15T19:04:46.455+0000] {logging_mixin.py:190} INFO - [2025-12-15T19:04:46.455+0000] {dag.py:4180} INFO - Setting next_dagrun for example_sensors to None, run_after=None
[2025-12-15T19:04:46.484+0000] {processor.py:208} INFO - Processing /home/airflow/.local/lib/python3.12/site-packages/airflow/example_dags/example_sensors.py took 0.121 seconds
[2025-12-15T19:05:18.989+0000] {processor.py:186} INFO - Started process (PID=4246) to work on /home/airflow/.local/lib/python3.12/site-packages/airflow/example_dags/example_sensors.py
[2025-12-15T19:05:18.991+0000] {processor.py:914} INFO - Processing file /home/airflow/.local/lib/python3.12/site-packages/airflow/example_dags/example_sensors.py for tasks to queue
[2025-12-15T19:05:18.995+0000] {logging_mixin.py:190} INFO - [2025-12-15T19:05:18.994+0000] {dagbag.py:588} INFO - Filling up the DagBag from /home/airflow/.local/lib/python3.12/site-packages/airflow/example_dags/example_sensors.py
[2025-12-15T19:05:19.016+0000] {processor.py:925} INFO - DAG(s) 'example_sensors' retrieved from /home/airflow/.local/lib/python3.12/site-packages/airflow/example_dags/example_sensors.py
[2025-12-15T19:05:19.070+0000] {logging_mixin.py:190} INFO - [2025-12-15T19:05:19.069+0000] {dag.py:3239} INFO - Sync 1 DAGs
[2025-12-15T19:05:19.099+0000] {logging_mixin.py:190} INFO - [2025-12-15T19:05:19.099+0000] {dag.py:4180} INFO - Setting next_dagrun for example_sensors to None, run_after=None
[2025-12-15T19:05:19.136+0000] {processor.py:208} INFO - Processing /home/airflow/.local/lib/python3.12/site-packages/airflow/example_dags/example_sensors.py took 0.160 seconds
[2025-12-15T19:05:49.942+0000] {processor.py:186} INFO - Started process (PID=4537) to work on /home/airflow/.local/lib/python3.12/site-packages/airflow/example_dags/example_sensors.py
[2025-12-15T19:05:49.943+0000] {processor.py:914} INFO - Processing file /home/airflow/.local/lib/python3.12/site-packages/airflow/example_dags/example_sensors.py for tasks to queue
[2025-12-15T19:05:49.947+0000] {logging_mixin.py:190} INFO - [2025-12-15T19:05:49.946+0000] {dagbag.py:588} INFO - Filling up the DagBag from /home/airflow/.local/lib/python3.12/site-packages/airflow/example_dags/example_sensors.py
[2025-12-15T19:05:49.962+0000] {processor.py:925} INFO - DAG(s) 'example_sensors' retrieved from /home/airflow/.local/lib/python3.12/site-packages/airflow/example_dags/example_sensors.py
[2025-12-15T19:05:49.998+0000] {logging_mixin.py:190} INFO - [2025-12-15T19:05:49.998+0000] {dag.py:3239} INFO - Sync 1 DAGs
[2025-12-15T19:05:50.018+0000] {logging_mixin.py:190} INFO - [2025-12-15T19:05:50.018+0000] {dag.py:4180} INFO - Setting next_dagrun for example_sensors to None, run_after=None
[2025-12-15T19:05:50.049+0000] {processor.py:208} INFO - Processing /home/airflow/.local/lib/python3.12/site-packages/airflow/example_dags/example_sensors.py took 0.117 seconds
[2025-12-15T19:06:24.132+0000] {processor.py:186} INFO - Started process (PID=4828) to work on /home/airflow/.local/lib/python3.12/site-packages/airflow/example_dags/example_sensors.py
[2025-12-15T19:06:24.134+0000] {processor.py:914} INFO - Processing file /home/airflow/.local/lib/python3.12/site-packages/airflow/example_dags/example_sensors.py for tasks to queue
[2025-12-15T19:06:24.138+0000] {logging_mixin.py:190} INFO - [2025-12-15T19:06:24.137+0000] {dagbag.py:588} INFO - Filling up the DagBag from /home/airflow/.local/lib/python3.12/site-packages/airflow/example_dags/example_sensors.py
[2025-12-15T19:06:24.163+0000] {processor.py:925} INFO - DAG(s) 'example_sensors' retrieved from /home/airflow/.local/lib/python3.12/site-packages/airflow/example_dags/example_sensors.py
[2025-12-15T19:06:24.211+0000] {logging_mixin.py:190} INFO - [2025-12-15T19:06:24.211+0000] {dag.py:3239} INFO - Sync 1 DAGs
[2025-12-15T19:06:24.236+0000] {logging_mixin.py:190} INFO - [2025-12-15T19:06:24.236+0000] {dag.py:4180} INFO - Setting next_dagrun for example_sensors to None, run_after=None
[2025-12-15T19:06:24.271+0000] {processor.py:208} INFO - Processing /home/airflow/.local/lib/python3.12/site-packages/airflow/example_dags/example_sensors.py took 0.154 seconds
[2025-12-15T19:06:56.906+0000] {processor.py:186} INFO - Started process (PID=5119) to work on /home/airflow/.local/lib/python3.12/site-packages/airflow/example_dags/example_sensors.py
[2025-12-15T19:06:56.911+0000] {processor.py:914} INFO - Processing file /home/airflow/.local/lib/python3.12/site-packages/airflow/example_dags/example_sensors.py for tasks to queue
[2025-12-15T19:06:56.917+0000] {logging_mixin.py:190} INFO - [2025-12-15T19:06:56.916+0000] {dagbag.py:588} INFO - Filling up the DagBag from /home/airflow/.local/lib/python3.12/site-packages/airflow/example_dags/example_sensors.py
[2025-12-15T19:06:56.939+0000] {processor.py:925} INFO - DAG(s) 'example_sensors' retrieved from /home/airflow/.local/lib/python3.12/site-packages/airflow/example_dags/example_sensors.py
[2025-12-15T19:06:56.986+0000] {logging_mixin.py:190} INFO - [2025-12-15T19:06:56.986+0000] {dag.py:3239} INFO - Sync 1 DAGs
[2025-12-15T19:06:57.015+0000] {logging_mixin.py:190} INFO - [2025-12-15T19:06:57.014+0000] {dag.py:4180} INFO - Setting next_dagrun for example_sensors to None, run_after=None
[2025-12-15T19:06:57.054+0000] {processor.py:208} INFO - Processing /home/airflow/.local/lib/python3.12/site-packages/airflow/example_dags/example_sensors.py took 0.160 seconds
[2025-12-15T19:07:37.472+0000] {processor.py:186} INFO - Started process (PID=5410) to work on /home/airflow/.local/lib/python3.12/site-packages/airflow/example_dags/example_sensors.py
[2025-12-15T19:07:37.603+0000] {processor.py:914} INFO - Processing file /home/airflow/.local/lib/python3.12/site-packages/airflow/example_dags/example_sensors.py for tasks to queue
[2025-12-15T19:07:37.607+0000] {logging_mixin.py:190} INFO - [2025-12-15T19:07:37.606+0000] {dagbag.py:588} INFO - Filling up the DagBag from /home/airflow/.local/lib/python3.12/site-packages/airflow/example_dags/example_sensors.py
[2025-12-15T19:07:37.627+0000] {processor.py:925} INFO - DAG(s) 'example_sensors' retrieved from /home/airflow/.local/lib/python3.12/site-packages/airflow/example_dags/example_sensors.py
[2025-12-15T19:07:37.676+0000] {logging_mixin.py:190} INFO - [2025-12-15T19:07:37.676+0000] {dag.py:3239} INFO - Sync 1 DAGs
[2025-12-15T19:07:37.701+0000] {logging_mixin.py:190} INFO - [2025-12-15T19:07:37.701+0000] {dag.py:4180} INFO - Setting next_dagrun for example_sensors to None, run_after=None
[2025-12-15T19:07:37.816+0000] {processor.py:208} INFO - Processing /home/airflow/.local/lib/python3.12/site-packages/airflow/example_dags/example_sensors.py took 0.355 seconds
[2025-12-15T19:08:08.718+0000] {processor.py:186} INFO - Started process (PID=5703) to work on /home/airflow/.local/lib/python3.12/site-packages/airflow/example_dags/example_sensors.py
[2025-12-15T19:08:08.719+0000] {processor.py:914} INFO - Processing file /home/airflow/.local/lib/python3.12/site-packages/airflow/example_dags/example_sensors.py for tasks to queue
[2025-12-15T19:08:08.722+0000] {logging_mixin.py:190} INFO - [2025-12-15T19:08:08.722+0000] {dagbag.py:588} INFO - Filling up the DagBag from /home/airflow/.local/lib/python3.12/site-packages/airflow/example_dags/example_sensors.py
[2025-12-15T19:08:08.737+0000] {processor.py:925} INFO - DAG(s) 'example_sensors' retrieved from /home/airflow/.local/lib/python3.12/site-packages/airflow/example_dags/example_sensors.py
[2025-12-15T19:08:08.771+0000] {logging_mixin.py:190} INFO - [2025-12-15T19:08:08.770+0000] {dag.py:3239} INFO - Sync 1 DAGs
[2025-12-15T19:08:08.789+0000] {logging_mixin.py:190} INFO - [2025-12-15T19:08:08.789+0000] {dag.py:4180} INFO - Setting next_dagrun for example_sensors to None, run_after=None
[2025-12-15T19:08:08.815+0000] {processor.py:208} INFO - Processing /home/airflow/.local/lib/python3.12/site-packages/airflow/example_dags/example_sensors.py took 0.105 seconds
[2025-12-15T19:08:41.286+0000] {processor.py:186} INFO - Started process (PID=5992) to work on /home/airflow/.local/lib/python3.12/site-packages/airflow/example_dags/example_sensors.py
[2025-12-15T19:08:41.289+0000] {processor.py:914} INFO - Processing file /home/airflow/.local/lib/python3.12/site-packages/airflow/example_dags/example_sensors.py for tasks to queue
[2025-12-15T19:08:41.293+0000] {logging_mixin.py:190} INFO - [2025-12-15T19:08:41.293+0000] {dagbag.py:588} INFO - Filling up the DagBag from /home/airflow/.local/lib/python3.12/site-packages/airflow/example_dags/example_sensors.py
[2025-12-15T19:08:41.316+0000] {processor.py:925} INFO - DAG(s) 'example_sensors' retrieved from /home/airflow/.local/lib/python3.12/site-packages/airflow/example_dags/example_sensors.py
[2025-12-15T19:08:41.371+0000] {logging_mixin.py:190} INFO - [2025-12-15T19:08:41.370+0000] {dag.py:3239} INFO - Sync 1 DAGs
[2025-12-15T19:08:41.404+0000] {logging_mixin.py:190} INFO - [2025-12-15T19:08:41.404+0000] {dag.py:4180} INFO - Setting next_dagrun for example_sensors to None, run_after=None
[2025-12-15T19:08:41.445+0000] {processor.py:208} INFO - Processing /home/airflow/.local/lib/python3.12/site-packages/airflow/example_dags/example_sensors.py took 0.174 seconds
[2025-12-15T19:09:12.087+0000] {processor.py:186} INFO - Started process (PID=6283) to work on /home/airflow/.local/lib/python3.12/site-packages/airflow/example_dags/example_sensors.py
[2025-12-15T19:09:12.089+0000] {processor.py:914} INFO - Processing file /home/airflow/.local/lib/python3.12/site-packages/airflow/example_dags/example_sensors.py for tasks to queue
[2025-12-15T19:09:12.094+0000] {logging_mixin.py:190} INFO - [2025-12-15T19:09:12.093+0000] {dagbag.py:588} INFO - Filling up the DagBag from /home/airflow/.local/lib/python3.12/site-packages/airflow/example_dags/example_sensors.py
[2025-12-15T19:09:12.114+0000] {processor.py:925} INFO - DAG(s) 'example_sensors' retrieved from /home/airflow/.local/lib/python3.12/site-packages/airflow/example_dags/example_sensors.py
[2025-12-15T19:09:12.174+0000] {logging_mixin.py:190} INFO - [2025-12-15T19:09:12.174+0000] {dag.py:3239} INFO - Sync 1 DAGs
[2025-12-15T19:09:12.205+0000] {logging_mixin.py:190} INFO - [2025-12-15T19:09:12.204+0000] {dag.py:4180} INFO - Setting next_dagrun for example_sensors to None, run_after=None
[2025-12-15T19:09:12.249+0000] {processor.py:208} INFO - Processing /home/airflow/.local/lib/python3.12/site-packages/airflow/example_dags/example_sensors.py took 0.174 seconds
[2025-12-15T19:09:47.569+0000] {processor.py:186} INFO - Started process (PID=6576) to work on /home/airflow/.local/lib/python3.12/site-packages/airflow/example_dags/example_sensors.py
[2025-12-15T19:09:47.659+0000] {processor.py:914} INFO - Processing file /home/airflow/.local/lib/python3.12/site-packages/airflow/example_dags/example_sensors.py for tasks to queue
[2025-12-15T19:09:47.666+0000] {logging_mixin.py:190} INFO - [2025-12-15T19:09:47.665+0000] {dagbag.py:588} INFO - Filling up the DagBag from /home/airflow/.local/lib/python3.12/site-packages/airflow/example_dags/example_sensors.py
[2025-12-15T19:09:47.709+0000] {processor.py:925} INFO - DAG(s) 'example_sensors' retrieved from /home/airflow/.local/lib/python3.12/site-packages/airflow/example_dags/example_sensors.py
[2025-12-15T19:09:47.838+0000] {logging_mixin.py:190} INFO - [2025-12-15T19:09:47.838+0000] {dag.py:3239} INFO - Sync 1 DAGs
[2025-12-15T19:09:47.894+0000] {logging_mixin.py:190} INFO - [2025-12-15T19:09:47.893+0000] {dag.py:4180} INFO - Setting next_dagrun for example_sensors to None, run_after=None
[2025-12-15T19:09:47.964+0000] {processor.py:208} INFO - Processing /home/airflow/.local/lib/python3.12/site-packages/airflow/example_dags/example_sensors.py took 0.410 seconds
[2025-12-15T19:10:18.150+0000] {processor.py:186} INFO - Started process (PID=6870) to work on /home/airflow/.local/lib/python3.12/site-packages/airflow/example_dags/example_sensors.py
[2025-12-15T19:10:18.152+0000] {processor.py:914} INFO - Processing file /home/airflow/.local/lib/python3.12/site-packages/airflow/example_dags/example_sensors.py for tasks to queue
[2025-12-15T19:10:18.155+0000] {logging_mixin.py:190} INFO - [2025-12-15T19:10:18.154+0000] {dagbag.py:588} INFO - Filling up the DagBag from /home/airflow/.local/lib/python3.12/site-packages/airflow/example_dags/example_sensors.py
[2025-12-15T19:10:18.174+0000] {processor.py:925} INFO - DAG(s) 'example_sensors' retrieved from /home/airflow/.local/lib/python3.12/site-packages/airflow/example_dags/example_sensors.py
[2025-12-15T19:10:18.215+0000] {logging_mixin.py:190} INFO - [2025-12-15T19:10:18.214+0000] {dag.py:3239} INFO - Sync 1 DAGs
[2025-12-15T19:10:18.238+0000] {logging_mixin.py:190} INFO - [2025-12-15T19:10:18.237+0000] {dag.py:4180} INFO - Setting next_dagrun for example_sensors to None, run_after=None
[2025-12-15T19:10:18.272+0000] {processor.py:208} INFO - Processing /home/airflow/.local/lib/python3.12/site-packages/airflow/example_dags/example_sensors.py took 0.132 seconds
[2025-12-15T19:10:49.967+0000] {processor.py:186} INFO - Started process (PID=7157) to work on /home/airflow/.local/lib/python3.12/site-packages/airflow/example_dags/example_sensors.py
[2025-12-15T19:10:49.969+0000] {processor.py:914} INFO - Processing file /home/airflow/.local/lib/python3.12/site-packages/airflow/example_dags/example_sensors.py for tasks to queue
[2025-12-15T19:10:49.976+0000] {logging_mixin.py:190} INFO - [2025-12-15T19:10:49.975+0000] {dagbag.py:588} INFO - Filling up the DagBag from /home/airflow/.local/lib/python3.12/site-packages/airflow/example_dags/example_sensors.py
[2025-12-15T19:10:49.995+0000] {processor.py:925} INFO - DAG(s) 'example_sensors' retrieved from /home/airflow/.local/lib/python3.12/site-packages/airflow/example_dags/example_sensors.py
[2025-12-15T19:10:50.042+0000] {logging_mixin.py:190} INFO - [2025-12-15T19:10:50.042+0000] {dag.py:3239} INFO - Sync 1 DAGs
[2025-12-15T19:10:50.070+0000] {logging_mixin.py:190} INFO - [2025-12-15T19:10:50.070+0000] {dag.py:4180} INFO - Setting next_dagrun for example_sensors to None, run_after=None
[2025-12-15T19:10:50.110+0000] {processor.py:208} INFO - Processing /home/airflow/.local/lib/python3.12/site-packages/airflow/example_dags/example_sensors.py took 0.159 seconds
[2025-12-15T19:11:21.030+0000] {processor.py:186} INFO - Started process (PID=7448) to work on /home/airflow/.local/lib/python3.12/site-packages/airflow/example_dags/example_sensors.py
[2025-12-15T19:11:21.033+0000] {processor.py:914} INFO - Processing file /home/airflow/.local/lib/python3.12/site-packages/airflow/example_dags/example_sensors.py for tasks to queue
[2025-12-15T19:11:21.047+0000] {logging_mixin.py:190} INFO - [2025-12-15T19:11:21.046+0000] {dagbag.py:588} INFO - Filling up the DagBag from /home/airflow/.local/lib/python3.12/site-packages/airflow/example_dags/example_sensors.py
[2025-12-15T19:11:21.116+0000] {processor.py:925} INFO - DAG(s) 'example_sensors' retrieved from /home/airflow/.local/lib/python3.12/site-packages/airflow/example_dags/example_sensors.py
[2025-12-15T19:11:21.266+0000] {logging_mixin.py:190} INFO - [2025-12-15T19:11:21.256+0000] {dag.py:3239} INFO - Sync 1 DAGs
[2025-12-15T19:11:21.371+0000] {logging_mixin.py:190} INFO - [2025-12-15T19:11:21.371+0000] {dag.py:4180} INFO - Setting next_dagrun for example_sensors to None, run_after=None
[2025-12-15T19:11:21.489+0000] {processor.py:208} INFO - Processing /home/airflow/.local/lib/python3.12/site-packages/airflow/example_dags/example_sensors.py took 0.485 seconds
[2025-12-15T19:11:52.195+0000] {processor.py:186} INFO - Started process (PID=7739) to work on /home/airflow/.local/lib/python3.12/site-packages/airflow/example_dags/example_sensors.py
[2025-12-15T19:11:52.197+0000] {processor.py:914} INFO - Processing file /home/airflow/.local/lib/python3.12/site-packages/airflow/example_dags/example_sensors.py for tasks to queue
[2025-12-15T19:11:52.199+0000] {logging_mixin.py:190} INFO - [2025-12-15T19:11:52.199+0000] {dagbag.py:588} INFO - Filling up the DagBag from /home/airflow/.local/lib/python3.12/site-packages/airflow/example_dags/example_sensors.py
[2025-12-15T19:11:52.222+0000] {processor.py:925} INFO - DAG(s) 'example_sensors' retrieved from /home/airflow/.local/lib/python3.12/site-packages/airflow/example_dags/example_sensors.py
[2025-12-15T19:11:52.264+0000] {logging_mixin.py:190} INFO - [2025-12-15T19:11:52.264+0000] {dag.py:3239} INFO - Sync 1 DAGs
[2025-12-15T19:11:52.292+0000] {logging_mixin.py:190} INFO - [2025-12-15T19:11:52.291+0000] {dag.py:4180} INFO - Setting next_dagrun for example_sensors to None, run_after=None
[2025-12-15T19:11:52.325+0000] {processor.py:208} INFO - Processing /home/airflow/.local/lib/python3.12/site-packages/airflow/example_dags/example_sensors.py took 0.141 seconds
[2025-12-15T19:12:24.059+0000] {processor.py:186} INFO - Started process (PID=8037) to work on /home/airflow/.local/lib/python3.12/site-packages/airflow/example_dags/example_sensors.py
[2025-12-15T19:12:24.060+0000] {processor.py:914} INFO - Processing file /home/airflow/.local/lib/python3.12/site-packages/airflow/example_dags/example_sensors.py for tasks to queue
[2025-12-15T19:12:24.063+0000] {logging_mixin.py:190} INFO - [2025-12-15T19:12:24.062+0000] {dagbag.py:588} INFO - Filling up the DagBag from /home/airflow/.local/lib/python3.12/site-packages/airflow/example_dags/example_sensors.py
[2025-12-15T19:12:24.079+0000] {processor.py:925} INFO - DAG(s) 'example_sensors' retrieved from /home/airflow/.local/lib/python3.12/site-packages/airflow/example_dags/example_sensors.py
[2025-12-15T19:12:24.118+0000] {logging_mixin.py:190} INFO - [2025-12-15T19:12:24.118+0000] {dag.py:3239} INFO - Sync 1 DAGs
[2025-12-15T19:12:24.142+0000] {logging_mixin.py:190} INFO - [2025-12-15T19:12:24.141+0000] {dag.py:4180} INFO - Setting next_dagrun for example_sensors to None, run_after=None
[2025-12-15T19:12:24.169+0000] {processor.py:208} INFO - Processing /home/airflow/.local/lib/python3.12/site-packages/airflow/example_dags/example_sensors.py took 0.119 seconds
[2025-12-15T19:12:56.304+0000] {processor.py:186} INFO - Started process (PID=8328) to work on /home/airflow/.local/lib/python3.12/site-packages/airflow/example_dags/example_sensors.py
[2025-12-15T19:12:56.315+0000] {processor.py:914} INFO - Processing file /home/airflow/.local/lib/python3.12/site-packages/airflow/example_dags/example_sensors.py for tasks to queue
[2025-12-15T19:12:56.319+0000] {logging_mixin.py:190} INFO - [2025-12-15T19:12:56.318+0000] {dagbag.py:588} INFO - Filling up the DagBag from /home/airflow/.local/lib/python3.12/site-packages/airflow/example_dags/example_sensors.py
[2025-12-15T19:12:56.365+0000] {processor.py:925} INFO - DAG(s) 'example_sensors' retrieved from /home/airflow/.local/lib/python3.12/site-packages/airflow/example_dags/example_sensors.py
[2025-12-15T19:12:56.454+0000] {logging_mixin.py:190} INFO - [2025-12-15T19:12:56.453+0000] {dag.py:3239} INFO - Sync 1 DAGs
[2025-12-15T19:12:56.518+0000] {logging_mixin.py:190} INFO - [2025-12-15T19:12:56.516+0000] {dag.py:4180} INFO - Setting next_dagrun for example_sensors to None, run_after=None
[2025-12-15T19:12:56.572+0000] {processor.py:208} INFO - Processing /home/airflow/.local/lib/python3.12/site-packages/airflow/example_dags/example_sensors.py took 0.282 seconds
[2025-12-15T19:13:31.489+0000] {processor.py:186} INFO - Started process (PID=8630) to work on /home/airflow/.local/lib/python3.12/site-packages/airflow/example_dags/example_sensors.py
[2025-12-15T19:13:31.493+0000] {processor.py:914} INFO - Processing file /home/airflow/.local/lib/python3.12/site-packages/airflow/example_dags/example_sensors.py for tasks to queue
[2025-12-15T19:13:31.498+0000] {logging_mixin.py:190} INFO - [2025-12-15T19:13:31.497+0000] {dagbag.py:588} INFO - Filling up the DagBag from /home/airflow/.local/lib/python3.12/site-packages/airflow/example_dags/example_sensors.py
[2025-12-15T19:13:31.559+0000] {processor.py:925} INFO - DAG(s) 'example_sensors' retrieved from /home/airflow/.local/lib/python3.12/site-packages/airflow/example_dags/example_sensors.py
[2025-12-15T19:13:31.743+0000] {logging_mixin.py:190} INFO - [2025-12-15T19:13:31.742+0000] {dag.py:3239} INFO - Sync 1 DAGs
[2025-12-15T19:13:31.827+0000] {logging_mixin.py:190} INFO - [2025-12-15T19:13:31.827+0000] {dag.py:4180} INFO - Setting next_dagrun for example_sensors to None, run_after=None
[2025-12-15T19:13:31.929+0000] {processor.py:208} INFO - Processing /home/airflow/.local/lib/python3.12/site-packages/airflow/example_dags/example_sensors.py took 0.472 seconds
[2025-12-15T19:14:02.789+0000] {processor.py:186} INFO - Started process (PID=8919) to work on /home/airflow/.local/lib/python3.12/site-packages/airflow/example_dags/example_sensors.py
[2025-12-15T19:14:02.804+0000] {processor.py:914} INFO - Processing file /home/airflow/.local/lib/python3.12/site-packages/airflow/example_dags/example_sensors.py for tasks to queue
[2025-12-15T19:14:02.807+0000] {logging_mixin.py:190} INFO - [2025-12-15T19:14:02.806+0000] {dagbag.py:588} INFO - Filling up the DagBag from /home/airflow/.local/lib/python3.12/site-packages/airflow/example_dags/example_sensors.py
[2025-12-15T19:14:02.837+0000] {processor.py:925} INFO - DAG(s) 'example_sensors' retrieved from /home/airflow/.local/lib/python3.12/site-packages/airflow/example_dags/example_sensors.py
[2025-12-15T19:14:02.879+0000] {logging_mixin.py:190} INFO - [2025-12-15T19:14:02.879+0000] {dag.py:3239} INFO - Sync 1 DAGs
[2025-12-15T19:14:02.902+0000] {logging_mixin.py:190} INFO - [2025-12-15T19:14:02.902+0000] {dag.py:4180} INFO - Setting next_dagrun for example_sensors to None, run_after=None
[2025-12-15T19:14:02.938+0000] {processor.py:208} INFO - Processing /home/airflow/.local/lib/python3.12/site-packages/airflow/example_dags/example_sensors.py took 0.159 seconds
[2025-12-15T19:14:33.586+0000] {processor.py:186} INFO - Started process (PID=9212) to work on /home/airflow/.local/lib/python3.12/site-packages/airflow/example_dags/example_sensors.py
[2025-12-15T19:14:33.602+0000] {processor.py:914} INFO - Processing file /home/airflow/.local/lib/python3.12/site-packages/airflow/example_dags/example_sensors.py for tasks to queue
[2025-12-15T19:14:33.605+0000] {logging_mixin.py:190} INFO - [2025-12-15T19:14:33.604+0000] {dagbag.py:588} INFO - Filling up the DagBag from /home/airflow/.local/lib/python3.12/site-packages/airflow/example_dags/example_sensors.py
[2025-12-15T19:14:33.649+0000] {processor.py:925} INFO - DAG(s) 'example_sensors' retrieved from /home/airflow/.local/lib/python3.12/site-packages/airflow/example_dags/example_sensors.py
[2025-12-15T19:14:33.739+0000] {logging_mixin.py:190} INFO - [2025-12-15T19:14:33.739+0000] {dag.py:3239} INFO - Sync 1 DAGs
[2025-12-15T19:14:33.810+0000] {logging_mixin.py:190} INFO - [2025-12-15T19:14:33.810+0000] {dag.py:4180} INFO - Setting next_dagrun for example_sensors to None, run_after=None
[2025-12-15T19:14:33.889+0000] {processor.py:208} INFO - Processing /home/airflow/.local/lib/python3.12/site-packages/airflow/example_dags/example_sensors.py took 0.318 seconds
[2025-12-15T19:15:08.173+0000] {processor.py:186} INFO - Started process (PID=9506) to work on /home/airflow/.local/lib/python3.12/site-packages/airflow/example_dags/example_sensors.py
[2025-12-15T19:15:08.218+0000] {processor.py:914} INFO - Processing file /home/airflow/.local/lib/python3.12/site-packages/airflow/example_dags/example_sensors.py for tasks to queue
[2025-12-15T19:15:08.223+0000] {logging_mixin.py:190} INFO - [2025-12-15T19:15:08.222+0000] {dagbag.py:588} INFO - Filling up the DagBag from /home/airflow/.local/lib/python3.12/site-packages/airflow/example_dags/example_sensors.py
[2025-12-15T19:15:08.304+0000] {processor.py:925} INFO - DAG(s) 'example_sensors' retrieved from /home/airflow/.local/lib/python3.12/site-packages/airflow/example_dags/example_sensors.py
[2025-12-15T19:15:08.434+0000] {logging_mixin.py:190} INFO - [2025-12-15T19:15:08.433+0000] {dag.py:3239} INFO - Sync 1 DAGs
[2025-12-15T19:15:08.503+0000] {logging_mixin.py:190} INFO - [2025-12-15T19:15:08.503+0000] {dag.py:4180} INFO - Setting next_dagrun for example_sensors to None, run_after=None
[2025-12-15T19:15:08.584+0000] {processor.py:208} INFO - Processing /home/airflow/.local/lib/python3.12/site-packages/airflow/example_dags/example_sensors.py took 0.462 seconds
[2025-12-15T19:15:40.106+0000] {processor.py:186} INFO - Started process (PID=9797) to work on /home/airflow/.local/lib/python3.12/site-packages/airflow/example_dags/example_sensors.py
[2025-12-15T19:15:40.137+0000] {processor.py:914} INFO - Processing file /home/airflow/.local/lib/python3.12/site-packages/airflow/example_dags/example_sensors.py for tasks to queue
[2025-12-15T19:15:40.140+0000] {logging_mixin.py:190} INFO - [2025-12-15T19:15:40.139+0000] {dagbag.py:588} INFO - Filling up the DagBag from /home/airflow/.local/lib/python3.12/site-packages/airflow/example_dags/example_sensors.py
[2025-12-15T19:15:40.162+0000] {processor.py:925} INFO - DAG(s) 'example_sensors' retrieved from /home/airflow/.local/lib/python3.12/site-packages/airflow/example_dags/example_sensors.py
[2025-12-15T19:15:40.210+0000] {logging_mixin.py:190} INFO - [2025-12-15T19:15:40.210+0000] {dag.py:3239} INFO - Sync 1 DAGs
[2025-12-15T19:15:40.234+0000] {logging_mixin.py:190} INFO - [2025-12-15T19:15:40.234+0000] {dag.py:4180} INFO - Setting next_dagrun for example_sensors to None, run_after=None
[2025-12-15T19:15:40.277+0000] {processor.py:208} INFO - Processing /home/airflow/.local/lib/python3.12/site-packages/airflow/example_dags/example_sensors.py took 0.186 seconds
[2025-12-15T19:16:12.524+0000] {processor.py:186} INFO - Started process (PID=10093) to work on /home/airflow/.local/lib/python3.12/site-packages/airflow/example_dags/example_sensors.py
[2025-12-15T19:16:12.526+0000] {processor.py:914} INFO - Processing file /home/airflow/.local/lib/python3.12/site-packages/airflow/example_dags/example_sensors.py for tasks to queue
[2025-12-15T19:16:12.528+0000] {logging_mixin.py:190} INFO - [2025-12-15T19:16:12.528+0000] {dagbag.py:588} INFO - Filling up the DagBag from /home/airflow/.local/lib/python3.12/site-packages/airflow/example_dags/example_sensors.py
[2025-12-15T19:16:12.551+0000] {processor.py:925} INFO - DAG(s) 'example_sensors' retrieved from /home/airflow/.local/lib/python3.12/site-packages/airflow/example_dags/example_sensors.py
[2025-12-15T19:16:12.600+0000] {logging_mixin.py:190} INFO - [2025-12-15T19:16:12.599+0000] {dag.py:3239} INFO - Sync 1 DAGs
[2025-12-15T19:16:12.628+0000] {logging_mixin.py:190} INFO - [2025-12-15T19:16:12.628+0000] {dag.py:4180} INFO - Setting next_dagrun for example_sensors to None, run_after=None
[2025-12-15T19:16:12.662+0000] {processor.py:208} INFO - Processing /home/airflow/.local/lib/python3.12/site-packages/airflow/example_dags/example_sensors.py took 0.150 seconds
[2025-12-15T19:16:49.070+0000] {processor.py:186} INFO - Started process (PID=10434) to work on /home/airflow/.local/lib/python3.12/site-packages/airflow/example_dags/example_sensors.py
[2025-12-15T19:16:49.073+0000] {processor.py:914} INFO - Processing file /home/airflow/.local/lib/python3.12/site-packages/airflow/example_dags/example_sensors.py for tasks to queue
[2025-12-15T19:16:49.084+0000] {logging_mixin.py:190} INFO - [2025-12-15T19:16:49.083+0000] {dagbag.py:588} INFO - Filling up the DagBag from /home/airflow/.local/lib/python3.12/site-packages/airflow/example_dags/example_sensors.py
[2025-12-15T19:16:49.179+0000] {processor.py:925} INFO - DAG(s) 'example_sensors' retrieved from /home/airflow/.local/lib/python3.12/site-packages/airflow/example_dags/example_sensors.py
[2025-12-15T19:16:49.368+0000] {logging_mixin.py:190} INFO - [2025-12-15T19:16:49.367+0000] {dag.py:3239} INFO - Sync 1 DAGs
[2025-12-15T19:16:49.453+0000] {logging_mixin.py:190} INFO - [2025-12-15T19:16:49.452+0000] {dag.py:4180} INFO - Setting next_dagrun for example_sensors to None, run_after=None
[2025-12-15T19:16:49.555+0000] {processor.py:208} INFO - Processing /home/airflow/.local/lib/python3.12/site-packages/airflow/example_dags/example_sensors.py took 0.551 seconds
[2025-12-15T19:17:29.846+0000] {processor.py:186} INFO - Started process (PID=10778) to work on /home/airflow/.local/lib/python3.12/site-packages/airflow/example_dags/example_sensors.py
[2025-12-15T19:17:29.850+0000] {processor.py:914} INFO - Processing file /home/airflow/.local/lib/python3.12/site-packages/airflow/example_dags/example_sensors.py for tasks to queue
[2025-12-15T19:17:29.857+0000] {logging_mixin.py:190} INFO - [2025-12-15T19:17:29.852+0000] {dagbag.py:588} INFO - Filling up the DagBag from /home/airflow/.local/lib/python3.12/site-packages/airflow/example_dags/example_sensors.py
[2025-12-15T19:17:29.926+0000] {processor.py:925} INFO - DAG(s) 'example_sensors' retrieved from /home/airflow/.local/lib/python3.12/site-packages/airflow/example_dags/example_sensors.py
[2025-12-15T19:17:30.055+0000] {logging_mixin.py:190} INFO - [2025-12-15T19:17:30.053+0000] {dag.py:3239} INFO - Sync 1 DAGs
[2025-12-15T19:17:30.119+0000] {logging_mixin.py:190} INFO - [2025-12-15T19:17:30.119+0000] {dag.py:4180} INFO - Setting next_dagrun for example_sensors to None, run_after=None
[2025-12-15T19:17:30.174+0000] {processor.py:208} INFO - Processing /home/airflow/.local/lib/python3.12/site-packages/airflow/example_dags/example_sensors.py took 0.351 seconds
[2025-12-15T19:18:01.176+0000] {processor.py:186} INFO - Started process (PID=11072) to work on /home/airflow/.local/lib/python3.12/site-packages/airflow/example_dags/example_sensors.py
[2025-12-15T19:18:01.179+0000] {processor.py:914} INFO - Processing file /home/airflow/.local/lib/python3.12/site-packages/airflow/example_dags/example_sensors.py for tasks to queue
[2025-12-15T19:18:01.194+0000] {logging_mixin.py:190} INFO - [2025-12-15T19:18:01.193+0000] {dagbag.py:588} INFO - Filling up the DagBag from /home/airflow/.local/lib/python3.12/site-packages/airflow/example_dags/example_sensors.py
[2025-12-15T19:18:01.290+0000] {processor.py:925} INFO - DAG(s) 'example_sensors' retrieved from /home/airflow/.local/lib/python3.12/site-packages/airflow/example_dags/example_sensors.py
[2025-12-15T19:18:01.514+0000] {logging_mixin.py:190} INFO - [2025-12-15T19:18:01.513+0000] {dag.py:3239} INFO - Sync 1 DAGs
[2025-12-15T19:18:01.656+0000] {logging_mixin.py:190} INFO - [2025-12-15T19:18:01.645+0000] {dag.py:4180} INFO - Setting next_dagrun for example_sensors to None, run_after=None
[2025-12-15T19:18:01.819+0000] {processor.py:208} INFO - Processing /home/airflow/.local/lib/python3.12/site-packages/airflow/example_dags/example_sensors.py took 0.695 seconds
[2025-12-15T19:18:33.268+0000] {processor.py:186} INFO - Started process (PID=11364) to work on /home/airflow/.local/lib/python3.12/site-packages/airflow/example_dags/example_sensors.py
[2025-12-15T19:18:33.270+0000] {processor.py:914} INFO - Processing file /home/airflow/.local/lib/python3.12/site-packages/airflow/example_dags/example_sensors.py for tasks to queue
[2025-12-15T19:18:33.274+0000] {logging_mixin.py:190} INFO - [2025-12-15T19:18:33.272+0000] {dagbag.py:588} INFO - Filling up the DagBag from /home/airflow/.local/lib/python3.12/site-packages/airflow/example_dags/example_sensors.py
[2025-12-15T19:18:33.301+0000] {processor.py:925} INFO - DAG(s) 'example_sensors' retrieved from /home/airflow/.local/lib/python3.12/site-packages/airflow/example_dags/example_sensors.py
[2025-12-15T19:18:33.349+0000] {logging_mixin.py:190} INFO - [2025-12-15T19:18:33.349+0000] {dag.py:3239} INFO - Sync 1 DAGs
[2025-12-15T19:18:33.378+0000] {logging_mixin.py:190} INFO - [2025-12-15T19:18:33.377+0000] {dag.py:4180} INFO - Setting next_dagrun for example_sensors to None, run_after=None
[2025-12-15T19:18:33.419+0000] {processor.py:208} INFO - Processing /home/airflow/.local/lib/python3.12/site-packages/airflow/example_dags/example_sensors.py took 0.166 seconds
[2025-12-15T19:19:07.317+0000] {processor.py:186} INFO - Started process (PID=11663) to work on /home/airflow/.local/lib/python3.12/site-packages/airflow/example_dags/example_sensors.py
[2025-12-15T19:19:07.319+0000] {processor.py:914} INFO - Processing file /home/airflow/.local/lib/python3.12/site-packages/airflow/example_dags/example_sensors.py for tasks to queue
[2025-12-15T19:19:07.323+0000] {logging_mixin.py:190} INFO - [2025-12-15T19:19:07.322+0000] {dagbag.py:588} INFO - Filling up the DagBag from /home/airflow/.local/lib/python3.12/site-packages/airflow/example_dags/example_sensors.py
[2025-12-15T19:19:07.380+0000] {processor.py:925} INFO - DAG(s) 'example_sensors' retrieved from /home/airflow/.local/lib/python3.12/site-packages/airflow/example_dags/example_sensors.py
[2025-12-15T19:19:07.470+0000] {logging_mixin.py:190} INFO - [2025-12-15T19:19:07.469+0000] {dag.py:3239} INFO - Sync 1 DAGs
[2025-12-15T19:19:07.525+0000] {logging_mixin.py:190} INFO - [2025-12-15T19:19:07.525+0000] {dag.py:4180} INFO - Setting next_dagrun for example_sensors to None, run_after=None
[2025-12-15T19:19:07.580+0000] {processor.py:208} INFO - Processing /home/airflow/.local/lib/python3.12/site-packages/airflow/example_dags/example_sensors.py took 0.282 seconds
