[2025-12-15T18:55:45.264+0000] {processor.py:186} INFO - Started process (PID=319) to work on /home/airflow/.local/lib/python3.12/site-packages/airflow/example_dags/example_inlet_event_extra.py
[2025-12-15T18:55:45.266+0000] {processor.py:914} INFO - Processing file /home/airflow/.local/lib/python3.12/site-packages/airflow/example_dags/example_inlet_event_extra.py for tasks to queue
[2025-12-15T18:55:45.277+0000] {logging_mixin.py:190} INFO - [2025-12-15T18:55:45.276+0000] {dagbag.py:588} INFO - Filling up the DagBag from /home/airflow/.local/lib/python3.12/site-packages/airflow/example_dags/example_inlet_event_extra.py
[2025-12-15T18:56:01.061+0000] {processor.py:925} INFO - DAG(s) 'read_dataset_event_from_classic', 'read_dataset_event' retrieved from /home/airflow/.local/lib/python3.12/site-packages/airflow/example_dags/example_inlet_event_extra.py
[2025-12-15T18:56:03.908+0000] {logging_mixin.py:190} INFO - [2025-12-15T18:56:03.905+0000] {override.py:1911} INFO - Created Permission View: can read on DAG:read_dataset_event_from_classic
[2025-12-15T18:56:04.005+0000] {logging_mixin.py:190} INFO - [2025-12-15T18:56:04.004+0000] {override.py:1911} INFO - Created Permission View: can edit on DAG:read_dataset_event_from_classic
[2025-12-15T18:54:18.416+0000] {logging_mixin.py:190} INFO - [2025-12-15T18:54:18.415+0000] {override.py:1911} INFO - Created Permission View: can delete on DAG:read_dataset_event_from_classic
[2025-12-15T18:54:18.483+0000] {logging_mixin.py:190} INFO - [2025-12-15T18:54:18.482+0000] {override.py:1911} INFO - Created Permission View: can read on DAG Run:read_dataset_event_from_classic
[2025-12-15T18:54:18.542+0000] {logging_mixin.py:190} INFO - [2025-12-15T18:54:18.541+0000] {override.py:1911} INFO - Created Permission View: menu access on DAG Run:read_dataset_event_from_classic
[2025-12-15T18:54:18.586+0000] {logging_mixin.py:190} INFO - [2025-12-15T18:54:18.585+0000] {override.py:1911} INFO - Created Permission View: can create on DAG Run:read_dataset_event_from_classic
[2025-12-15T18:56:04.889+0000] {logging_mixin.py:190} INFO - [2025-12-15T18:56:04.888+0000] {override.py:1911} INFO - Created Permission View: can delete on DAG Run:read_dataset_event_from_classic
[2025-12-15T18:56:05.123+0000] {logging_mixin.py:190} INFO - [2025-12-15T18:56:05.122+0000] {override.py:1911} INFO - Created Permission View: can read on DAG:read_dataset_event
[2025-12-15T18:56:05.306+0000] {logging_mixin.py:190} INFO - [2025-12-15T18:56:05.305+0000] {override.py:1911} INFO - Created Permission View: can edit on DAG:read_dataset_event
[2025-12-15T18:56:05.397+0000] {logging_mixin.py:190} INFO - [2025-12-15T18:56:05.396+0000] {override.py:1911} INFO - Created Permission View: can delete on DAG:read_dataset_event
[2025-12-15T18:56:05.713+0000] {logging_mixin.py:190} INFO - [2025-12-15T18:56:05.712+0000] {override.py:1911} INFO - Created Permission View: can read on DAG Run:read_dataset_event
[2025-12-15T18:56:05.957+0000] {logging_mixin.py:190} INFO - [2025-12-15T18:56:05.956+0000] {override.py:1911} INFO - Created Permission View: menu access on DAG Run:read_dataset_event
[2025-12-15T18:56:06.087+0000] {logging_mixin.py:190} INFO - [2025-12-15T18:56:06.087+0000] {override.py:1911} INFO - Created Permission View: can create on DAG Run:read_dataset_event
[2025-12-15T18:56:06.146+0000] {logging_mixin.py:190} INFO - [2025-12-15T18:56:06.145+0000] {override.py:1911} INFO - Created Permission View: can delete on DAG Run:read_dataset_event
[2025-12-15T18:56:06.162+0000] {logging_mixin.py:190} INFO - [2025-12-15T18:56:06.162+0000] {dag.py:3239} INFO - Sync 2 DAGs
[2025-12-15T18:56:06.722+0000] {logging_mixin.py:190} INFO - [2025-12-15T18:56:06.721+0000] {dag.py:3262} INFO - Creating ORM DAG for read_dataset_event
[2025-12-15T18:56:06.723+0000] {logging_mixin.py:190} INFO - [2025-12-15T18:56:06.723+0000] {dag.py:3262} INFO - Creating ORM DAG for read_dataset_event_from_classic
[2025-12-15T18:56:06.853+0000] {logging_mixin.py:190} INFO - [2025-12-15T18:56:06.851+0000] {dag.py:4180} INFO - Setting next_dagrun for read_dataset_event to 2025-12-14 00:00:00+00:00, run_after=2025-12-15 00:00:00+00:00
[2025-12-15T18:56:06.921+0000] {logging_mixin.py:190} INFO - [2025-12-15T18:56:06.920+0000] {dag.py:4180} INFO - Setting next_dagrun for read_dataset_event_from_classic to 2025-12-14 00:00:00+00:00, run_after=2025-12-15 00:00:00+00:00
[2025-12-15T18:56:07.145+0000] {processor.py:208} INFO - Processing /home/airflow/.local/lib/python3.12/site-packages/airflow/example_dags/example_inlet_event_extra.py took 21.378 seconds
[2025-12-15T18:56:48.034+0000] {processor.py:186} INFO - Started process (PID=614) to work on /home/airflow/.local/lib/python3.12/site-packages/airflow/example_dags/example_inlet_event_extra.py
[2025-12-15T18:56:48.040+0000] {processor.py:914} INFO - Processing file /home/airflow/.local/lib/python3.12/site-packages/airflow/example_dags/example_inlet_event_extra.py for tasks to queue
[2025-12-15T18:56:48.056+0000] {logging_mixin.py:190} INFO - [2025-12-15T18:56:48.054+0000] {dagbag.py:588} INFO - Filling up the DagBag from /home/airflow/.local/lib/python3.12/site-packages/airflow/example_dags/example_inlet_event_extra.py
[2025-12-15T18:56:53.687+0000] {processor.py:925} INFO - DAG(s) 'read_dataset_event', 'read_dataset_event_from_classic' retrieved from /home/airflow/.local/lib/python3.12/site-packages/airflow/example_dags/example_inlet_event_extra.py
[2025-12-15T18:56:53.828+0000] {logging_mixin.py:190} INFO - [2025-12-15T18:56:53.825+0000] {dag.py:3239} INFO - Sync 2 DAGs
[2025-12-15T18:56:54.112+0000] {logging_mixin.py:190} INFO - [2025-12-15T18:56:54.111+0000] {dag.py:4180} INFO - Setting next_dagrun for read_dataset_event to 2025-12-14 00:00:00+00:00, run_after=2025-12-15 00:00:00+00:00
[2025-12-15T18:56:54.160+0000] {logging_mixin.py:190} INFO - [2025-12-15T18:56:54.159+0000] {dag.py:4180} INFO - Setting next_dagrun for read_dataset_event_from_classic to 2025-12-14 00:00:00+00:00, run_after=2025-12-15 00:00:00+00:00
[2025-12-15T18:56:54.273+0000] {processor.py:208} INFO - Processing /home/airflow/.local/lib/python3.12/site-packages/airflow/example_dags/example_inlet_event_extra.py took 6.266 seconds
[2025-12-15T18:57:24.422+0000] {processor.py:186} INFO - Started process (PID=917) to work on /home/airflow/.local/lib/python3.12/site-packages/airflow/example_dags/example_inlet_event_extra.py
[2025-12-15T18:57:24.423+0000] {processor.py:914} INFO - Processing file /home/airflow/.local/lib/python3.12/site-packages/airflow/example_dags/example_inlet_event_extra.py for tasks to queue
[2025-12-15T18:57:24.427+0000] {logging_mixin.py:190} INFO - [2025-12-15T18:57:24.426+0000] {dagbag.py:588} INFO - Filling up the DagBag from /home/airflow/.local/lib/python3.12/site-packages/airflow/example_dags/example_inlet_event_extra.py
[2025-12-15T18:57:29.979+0000] {processor.py:925} INFO - DAG(s) 'read_dataset_event', 'read_dataset_event_from_classic' retrieved from /home/airflow/.local/lib/python3.12/site-packages/airflow/example_dags/example_inlet_event_extra.py
[2025-12-15T18:57:30.127+0000] {logging_mixin.py:190} INFO - [2025-12-15T18:57:30.126+0000] {dag.py:3239} INFO - Sync 2 DAGs
[2025-12-15T18:57:30.275+0000] {logging_mixin.py:190} INFO - [2025-12-15T18:57:30.274+0000] {dag.py:4180} INFO - Setting next_dagrun for read_dataset_event to 2025-12-14 00:00:00+00:00, run_after=2025-12-15 00:00:00+00:00
[2025-12-15T18:57:30.294+0000] {logging_mixin.py:190} INFO - [2025-12-15T18:57:30.293+0000] {dag.py:4180} INFO - Setting next_dagrun for read_dataset_event_from_classic to 2025-12-14 00:00:00+00:00, run_after=2025-12-15 00:00:00+00:00
[2025-12-15T18:57:30.358+0000] {processor.py:208} INFO - Processing /home/airflow/.local/lib/python3.12/site-packages/airflow/example_dags/example_inlet_event_extra.py took 5.945 seconds
[2025-12-15T18:58:00.661+0000] {processor.py:186} INFO - Started process (PID=1218) to work on /home/airflow/.local/lib/python3.12/site-packages/airflow/example_dags/example_inlet_event_extra.py
[2025-12-15T18:58:00.673+0000] {processor.py:914} INFO - Processing file /home/airflow/.local/lib/python3.12/site-packages/airflow/example_dags/example_inlet_event_extra.py for tasks to queue
[2025-12-15T18:58:00.690+0000] {logging_mixin.py:190} INFO - [2025-12-15T18:58:00.688+0000] {dagbag.py:588} INFO - Filling up the DagBag from /home/airflow/.local/lib/python3.12/site-packages/airflow/example_dags/example_inlet_event_extra.py
[2025-12-15T18:58:04.302+0000] {processor.py:925} INFO - DAG(s) 'read_dataset_event_from_classic', 'read_dataset_event' retrieved from /home/airflow/.local/lib/python3.12/site-packages/airflow/example_dags/example_inlet_event_extra.py
[2025-12-15T18:58:04.380+0000] {logging_mixin.py:190} INFO - [2025-12-15T18:58:04.380+0000] {dag.py:3239} INFO - Sync 2 DAGs
[2025-12-15T18:58:04.592+0000] {logging_mixin.py:190} INFO - [2025-12-15T18:58:04.591+0000] {dag.py:4180} INFO - Setting next_dagrun for read_dataset_event to 2025-12-14 00:00:00+00:00, run_after=2025-12-15 00:00:00+00:00
[2025-12-15T18:58:04.615+0000] {logging_mixin.py:190} INFO - [2025-12-15T18:58:04.615+0000] {dag.py:4180} INFO - Setting next_dagrun for read_dataset_event_from_classic to 2025-12-14 00:00:00+00:00, run_after=2025-12-15 00:00:00+00:00
[2025-12-15T18:58:04.727+0000] {processor.py:208} INFO - Processing /home/airflow/.local/lib/python3.12/site-packages/airflow/example_dags/example_inlet_event_extra.py took 4.111 seconds
[2025-12-15T18:58:35.641+0000] {processor.py:186} INFO - Started process (PID=1529) to work on /home/airflow/.local/lib/python3.12/site-packages/airflow/example_dags/example_inlet_event_extra.py
[2025-12-15T18:58:35.642+0000] {processor.py:914} INFO - Processing file /home/airflow/.local/lib/python3.12/site-packages/airflow/example_dags/example_inlet_event_extra.py for tasks to queue
[2025-12-15T18:58:35.646+0000] {logging_mixin.py:190} INFO - [2025-12-15T18:58:35.646+0000] {dagbag.py:588} INFO - Filling up the DagBag from /home/airflow/.local/lib/python3.12/site-packages/airflow/example_dags/example_inlet_event_extra.py
[2025-12-15T18:58:36.685+0000] {processor.py:925} INFO - DAG(s) 'read_dataset_event', 'read_dataset_event_from_classic' retrieved from /home/airflow/.local/lib/python3.12/site-packages/airflow/example_dags/example_inlet_event_extra.py
[2025-12-15T18:58:36.714+0000] {logging_mixin.py:190} INFO - [2025-12-15T18:58:36.713+0000] {dag.py:3239} INFO - Sync 2 DAGs
[2025-12-15T18:58:36.746+0000] {logging_mixin.py:190} INFO - [2025-12-15T18:58:36.746+0000] {dag.py:4180} INFO - Setting next_dagrun for read_dataset_event to 2025-12-14 00:00:00+00:00, run_after=2025-12-15 00:00:00+00:00
[2025-12-15T18:58:36.757+0000] {logging_mixin.py:190} INFO - [2025-12-15T18:58:36.757+0000] {dag.py:4180} INFO - Setting next_dagrun for read_dataset_event_from_classic to 2025-12-14 00:00:00+00:00, run_after=2025-12-15 00:00:00+00:00
[2025-12-15T18:58:36.829+0000] {processor.py:208} INFO - Processing /home/airflow/.local/lib/python3.12/site-packages/airflow/example_dags/example_inlet_event_extra.py took 1.200 seconds
[2025-12-15T18:59:08.006+0000] {processor.py:186} INFO - Started process (PID=1828) to work on /home/airflow/.local/lib/python3.12/site-packages/airflow/example_dags/example_inlet_event_extra.py
[2025-12-15T18:59:08.043+0000] {processor.py:914} INFO - Processing file /home/airflow/.local/lib/python3.12/site-packages/airflow/example_dags/example_inlet_event_extra.py for tasks to queue
[2025-12-15T18:59:08.060+0000] {logging_mixin.py:190} INFO - [2025-12-15T18:59:08.053+0000] {dagbag.py:588} INFO - Filling up the DagBag from /home/airflow/.local/lib/python3.12/site-packages/airflow/example_dags/example_inlet_event_extra.py
[2025-12-15T18:59:34.921+0000] {processor.py:925} INFO - DAG(s) 'read_dataset_event', 'read_dataset_event_from_classic' retrieved from /home/airflow/.local/lib/python3.12/site-packages/airflow/example_dags/example_inlet_event_extra.py
[2025-12-15T18:59:35.067+0000] {logging_mixin.py:190} INFO - [2025-12-15T18:59:35.066+0000] {dag.py:3239} INFO - Sync 2 DAGs
[2025-12-15T18:59:35.190+0000] {logging_mixin.py:190} INFO - [2025-12-15T18:59:35.190+0000] {dag.py:4180} INFO - Setting next_dagrun for read_dataset_event to 2025-12-14 00:00:00+00:00, run_after=2025-12-15 00:00:00+00:00
[2025-12-15T18:59:35.222+0000] {logging_mixin.py:190} INFO - [2025-12-15T18:59:35.221+0000] {dag.py:4180} INFO - Setting next_dagrun for read_dataset_event_from_classic to 2025-12-14 00:00:00+00:00, run_after=2025-12-15 00:00:00+00:00
[2025-12-15T18:59:35.311+0000] {processor.py:208} INFO - Processing /home/airflow/.local/lib/python3.12/site-packages/airflow/example_dags/example_inlet_event_extra.py took 27.044 seconds
[2025-12-15T19:01:07.727+0000] {processor.py:186} INFO - Started process (PID=2214) to work on /home/airflow/.local/lib/python3.12/site-packages/airflow/example_dags/example_inlet_event_extra.py
[2025-12-15T19:01:07.731+0000] {processor.py:914} INFO - Processing file /home/airflow/.local/lib/python3.12/site-packages/airflow/example_dags/example_inlet_event_extra.py for tasks to queue
[2025-12-15T19:01:07.745+0000] {logging_mixin.py:190} INFO - [2025-12-15T19:01:07.744+0000] {dagbag.py:588} INFO - Filling up the DagBag from /home/airflow/.local/lib/python3.12/site-packages/airflow/example_dags/example_inlet_event_extra.py
[2025-12-15T19:01:46.171+0000] {logging_mixin.py:190} INFO - [2025-12-15T19:01:46.166+0000] {timeout.py:68} ERROR - Process timed out, PID: 2214
[2025-12-15T19:01:46.181+0000] {logging_mixin.py:190} WARNING - Exception ignored in: <function WeakKeyDictionary.__init__.<locals>.remove at 0x7e922091ba60>
[2025-12-15T19:01:46.182+0000] {logging_mixin.py:190} WARNING - Traceback (most recent call last):
[2025-12-15T19:01:46.183+0000] {logging_mixin.py:190} WARNING -   File "/usr/local/lib/python3.12/weakref.py", line 369, in remove
[2025-12-15T19:01:46.184+0000] {logging_mixin.py:190} WARNING -     def remove(k, selfref=ref(self)):
[2025-12-15T19:01:46.185+0000] {logging_mixin.py:190} WARNING -   File "/home/airflow/.local/lib/python3.12/site-packages/airflow/utils/timeout.py", line 69, in handle_timeout
[2025-12-15T19:01:46.186+0000] {logging_mixin.py:190} WARNING -     raise AirflowTaskTimeout(self.error_message)
[2025-12-15T19:01:46.187+0000] {logging_mixin.py:190} WARNING - airflow.exceptions.AirflowTaskTimeout: DagBag import timeout for /home/airflow/.local/lib/python3.12/site-packages/airflow/example_dags/example_inlet_event_extra.py after 30.0s.
Please take a look at these docs to improve your DAG import time:
* https://airflow.apache.org/docs/apache-airflow/2.10.3/best-practices.html#top-level-python-code
* https://airflow.apache.org/docs/apache-airflow/2.10.3/best-practices.html#reducing-dag-complexity, PID: 2214
[2025-12-15T19:01:46.814+0000] {processor.py:925} INFO - DAG(s) 'read_dataset_event', 'read_dataset_event_from_classic' retrieved from /home/airflow/.local/lib/python3.12/site-packages/airflow/example_dags/example_inlet_event_extra.py
[2025-12-15T19:01:46.933+0000] {logging_mixin.py:190} INFO - [2025-12-15T19:01:46.932+0000] {dag.py:3239} INFO - Sync 2 DAGs
[2025-12-15T19:01:47.033+0000] {logging_mixin.py:190} INFO - [2025-12-15T19:01:47.029+0000] {dag.py:4180} INFO - Setting next_dagrun for read_dataset_event to 2025-12-14 00:00:00+00:00, run_after=2025-12-15 00:00:00+00:00
[2025-12-15T19:01:47.050+0000] {logging_mixin.py:190} INFO - [2025-12-15T19:01:47.050+0000] {dag.py:4180} INFO - Setting next_dagrun for read_dataset_event_from_classic to 2025-12-14 00:00:00+00:00, run_after=2025-12-15 00:00:00+00:00
[2025-12-15T19:01:47.104+0000] {processor.py:208} INFO - Processing /home/airflow/.local/lib/python3.12/site-packages/airflow/example_dags/example_inlet_event_extra.py took 36.685 seconds
[2025-12-15T19:02:17.843+0000] {processor.py:186} INFO - Started process (PID=2527) to work on /home/airflow/.local/lib/python3.12/site-packages/airflow/example_dags/example_inlet_event_extra.py
[2025-12-15T19:02:17.845+0000] {processor.py:914} INFO - Processing file /home/airflow/.local/lib/python3.12/site-packages/airflow/example_dags/example_inlet_event_extra.py for tasks to queue
[2025-12-15T19:02:17.848+0000] {logging_mixin.py:190} INFO - [2025-12-15T19:02:17.848+0000] {dagbag.py:588} INFO - Filling up the DagBag from /home/airflow/.local/lib/python3.12/site-packages/airflow/example_dags/example_inlet_event_extra.py
[2025-12-15T19:02:19.103+0000] {processor.py:925} INFO - DAG(s) 'read_dataset_event_from_classic', 'read_dataset_event' retrieved from /home/airflow/.local/lib/python3.12/site-packages/airflow/example_dags/example_inlet_event_extra.py
[2025-12-15T19:02:19.148+0000] {logging_mixin.py:190} INFO - [2025-12-15T19:02:19.146+0000] {dag.py:3239} INFO - Sync 2 DAGs
[2025-12-15T19:02:19.209+0000] {logging_mixin.py:190} INFO - [2025-12-15T19:02:19.208+0000] {dag.py:4180} INFO - Setting next_dagrun for read_dataset_event to 2025-12-14 00:00:00+00:00, run_after=2025-12-15 00:00:00+00:00
[2025-12-15T19:02:19.222+0000] {logging_mixin.py:190} INFO - [2025-12-15T19:02:19.221+0000] {dag.py:4180} INFO - Setting next_dagrun for read_dataset_event_from_classic to 2025-12-14 00:00:00+00:00, run_after=2025-12-15 00:00:00+00:00
[2025-12-15T19:02:19.261+0000] {processor.py:208} INFO - Processing /home/airflow/.local/lib/python3.12/site-packages/airflow/example_dags/example_inlet_event_extra.py took 1.430 seconds
[2025-12-15T19:02:49.785+0000] {processor.py:186} INFO - Started process (PID=2828) to work on /home/airflow/.local/lib/python3.12/site-packages/airflow/example_dags/example_inlet_event_extra.py
[2025-12-15T19:02:49.797+0000] {processor.py:914} INFO - Processing file /home/airflow/.local/lib/python3.12/site-packages/airflow/example_dags/example_inlet_event_extra.py for tasks to queue
[2025-12-15T19:02:49.812+0000] {logging_mixin.py:190} INFO - [2025-12-15T19:02:49.811+0000] {dagbag.py:588} INFO - Filling up the DagBag from /home/airflow/.local/lib/python3.12/site-packages/airflow/example_dags/example_inlet_event_extra.py
[2025-12-15T19:02:54.257+0000] {processor.py:925} INFO - DAG(s) 'read_dataset_event', 'read_dataset_event_from_classic' retrieved from /home/airflow/.local/lib/python3.12/site-packages/airflow/example_dags/example_inlet_event_extra.py
[2025-12-15T19:02:54.364+0000] {logging_mixin.py:190} INFO - [2025-12-15T19:02:54.364+0000] {dag.py:3239} INFO - Sync 2 DAGs
[2025-12-15T19:02:54.448+0000] {logging_mixin.py:190} INFO - [2025-12-15T19:02:54.448+0000] {dag.py:4180} INFO - Setting next_dagrun for read_dataset_event to 2025-12-14 00:00:00+00:00, run_after=2025-12-15 00:00:00+00:00
[2025-12-15T19:02:54.462+0000] {logging_mixin.py:190} INFO - [2025-12-15T19:02:54.461+0000] {dag.py:4180} INFO - Setting next_dagrun for read_dataset_event_from_classic to 2025-12-14 00:00:00+00:00, run_after=2025-12-15 00:00:00+00:00
[2025-12-15T19:02:54.525+0000] {processor.py:208} INFO - Processing /home/airflow/.local/lib/python3.12/site-packages/airflow/example_dags/example_inlet_event_extra.py took 3.940 seconds
[2025-12-15T19:03:25.388+0000] {processor.py:186} INFO - Started process (PID=3119) to work on /home/airflow/.local/lib/python3.12/site-packages/airflow/example_dags/example_inlet_event_extra.py
[2025-12-15T19:03:25.390+0000] {processor.py:914} INFO - Processing file /home/airflow/.local/lib/python3.12/site-packages/airflow/example_dags/example_inlet_event_extra.py for tasks to queue
[2025-12-15T19:03:25.394+0000] {logging_mixin.py:190} INFO - [2025-12-15T19:03:25.393+0000] {dagbag.py:588} INFO - Filling up the DagBag from /home/airflow/.local/lib/python3.12/site-packages/airflow/example_dags/example_inlet_event_extra.py
[2025-12-15T19:03:29.180+0000] {processor.py:925} INFO - DAG(s) 'read_dataset_event', 'read_dataset_event_from_classic' retrieved from /home/airflow/.local/lib/python3.12/site-packages/airflow/example_dags/example_inlet_event_extra.py
[2025-12-15T19:03:29.259+0000] {logging_mixin.py:190} INFO - [2025-12-15T19:03:29.258+0000] {dag.py:3239} INFO - Sync 2 DAGs
[2025-12-15T19:03:29.329+0000] {logging_mixin.py:190} INFO - [2025-12-15T19:03:29.328+0000] {dag.py:4180} INFO - Setting next_dagrun for read_dataset_event to 2025-12-14 00:00:00+00:00, run_after=2025-12-15 00:00:00+00:00
[2025-12-15T19:03:29.348+0000] {logging_mixin.py:190} INFO - [2025-12-15T19:03:29.348+0000] {dag.py:4180} INFO - Setting next_dagrun for read_dataset_event_from_classic to 2025-12-14 00:00:00+00:00, run_after=2025-12-15 00:00:00+00:00
[2025-12-15T19:03:29.403+0000] {processor.py:208} INFO - Processing /home/airflow/.local/lib/python3.12/site-packages/airflow/example_dags/example_inlet_event_extra.py took 4.027 seconds
[2025-12-15T19:03:59.643+0000] {processor.py:186} INFO - Started process (PID=3416) to work on /home/airflow/.local/lib/python3.12/site-packages/airflow/example_dags/example_inlet_event_extra.py
[2025-12-15T19:03:59.647+0000] {processor.py:914} INFO - Processing file /home/airflow/.local/lib/python3.12/site-packages/airflow/example_dags/example_inlet_event_extra.py for tasks to queue
[2025-12-15T19:03:59.654+0000] {logging_mixin.py:190} INFO - [2025-12-15T19:03:59.653+0000] {dagbag.py:588} INFO - Filling up the DagBag from /home/airflow/.local/lib/python3.12/site-packages/airflow/example_dags/example_inlet_event_extra.py
[2025-12-15T19:04:05.217+0000] {processor.py:925} INFO - DAG(s) 'read_dataset_event', 'read_dataset_event_from_classic' retrieved from /home/airflow/.local/lib/python3.12/site-packages/airflow/example_dags/example_inlet_event_extra.py
[2025-12-15T19:04:05.302+0000] {logging_mixin.py:190} INFO - [2025-12-15T19:04:05.302+0000] {dag.py:3239} INFO - Sync 2 DAGs
[2025-12-15T19:04:05.387+0000] {logging_mixin.py:190} INFO - [2025-12-15T19:04:05.387+0000] {dag.py:4180} INFO - Setting next_dagrun for read_dataset_event to 2025-12-14 00:00:00+00:00, run_after=2025-12-15 00:00:00+00:00
[2025-12-15T19:04:05.411+0000] {logging_mixin.py:190} INFO - [2025-12-15T19:04:05.410+0000] {dag.py:4180} INFO - Setting next_dagrun for read_dataset_event_from_classic to 2025-12-14 00:00:00+00:00, run_after=2025-12-15 00:00:00+00:00
[2025-12-15T19:04:05.458+0000] {processor.py:208} INFO - Processing /home/airflow/.local/lib/python3.12/site-packages/airflow/example_dags/example_inlet_event_extra.py took 5.832 seconds
[2025-12-15T19:04:35.977+0000] {processor.py:186} INFO - Started process (PID=3707) to work on /home/airflow/.local/lib/python3.12/site-packages/airflow/example_dags/example_inlet_event_extra.py
[2025-12-15T19:04:35.985+0000] {processor.py:914} INFO - Processing file /home/airflow/.local/lib/python3.12/site-packages/airflow/example_dags/example_inlet_event_extra.py for tasks to queue
[2025-12-15T19:04:35.989+0000] {logging_mixin.py:190} INFO - [2025-12-15T19:04:35.989+0000] {dagbag.py:588} INFO - Filling up the DagBag from /home/airflow/.local/lib/python3.12/site-packages/airflow/example_dags/example_inlet_event_extra.py
[2025-12-15T19:04:36.836+0000] {processor.py:925} INFO - DAG(s) 'read_dataset_event', 'read_dataset_event_from_classic' retrieved from /home/airflow/.local/lib/python3.12/site-packages/airflow/example_dags/example_inlet_event_extra.py
[2025-12-15T19:04:36.868+0000] {logging_mixin.py:190} INFO - [2025-12-15T19:04:36.868+0000] {dag.py:3239} INFO - Sync 2 DAGs
[2025-12-15T19:04:36.904+0000] {logging_mixin.py:190} INFO - [2025-12-15T19:04:36.904+0000] {dag.py:4180} INFO - Setting next_dagrun for read_dataset_event to 2025-12-14 00:00:00+00:00, run_after=2025-12-15 00:00:00+00:00
[2025-12-15T19:04:36.912+0000] {logging_mixin.py:190} INFO - [2025-12-15T19:04:36.911+0000] {dag.py:4180} INFO - Setting next_dagrun for read_dataset_event_from_classic to 2025-12-14 00:00:00+00:00, run_after=2025-12-15 00:00:00+00:00
[2025-12-15T19:04:36.952+0000] {processor.py:208} INFO - Processing /home/airflow/.local/lib/python3.12/site-packages/airflow/example_dags/example_inlet_event_extra.py took 0.985 seconds
[2025-12-15T19:05:07.839+0000] {processor.py:186} INFO - Started process (PID=4001) to work on /home/airflow/.local/lib/python3.12/site-packages/airflow/example_dags/example_inlet_event_extra.py
[2025-12-15T19:05:07.841+0000] {processor.py:914} INFO - Processing file /home/airflow/.local/lib/python3.12/site-packages/airflow/example_dags/example_inlet_event_extra.py for tasks to queue
[2025-12-15T19:05:07.844+0000] {logging_mixin.py:190} INFO - [2025-12-15T19:05:07.843+0000] {dagbag.py:588} INFO - Filling up the DagBag from /home/airflow/.local/lib/python3.12/site-packages/airflow/example_dags/example_inlet_event_extra.py
[2025-12-15T19:05:08.716+0000] {processor.py:925} INFO - DAG(s) 'read_dataset_event_from_classic', 'read_dataset_event' retrieved from /home/airflow/.local/lib/python3.12/site-packages/airflow/example_dags/example_inlet_event_extra.py
[2025-12-15T19:05:08.747+0000] {logging_mixin.py:190} INFO - [2025-12-15T19:05:08.746+0000] {dag.py:3239} INFO - Sync 2 DAGs
[2025-12-15T19:05:08.786+0000] {logging_mixin.py:190} INFO - [2025-12-15T19:05:08.785+0000] {dag.py:4180} INFO - Setting next_dagrun for read_dataset_event to 2025-12-14 00:00:00+00:00, run_after=2025-12-15 00:00:00+00:00
[2025-12-15T19:05:08.793+0000] {logging_mixin.py:190} INFO - [2025-12-15T19:05:08.793+0000] {dag.py:4180} INFO - Setting next_dagrun for read_dataset_event_from_classic to 2025-12-14 00:00:00+00:00, run_after=2025-12-15 00:00:00+00:00
[2025-12-15T19:05:08.817+0000] {processor.py:208} INFO - Processing /home/airflow/.local/lib/python3.12/site-packages/airflow/example_dags/example_inlet_event_extra.py took 0.985 seconds
[2025-12-15T19:05:39.498+0000] {processor.py:186} INFO - Started process (PID=4294) to work on /home/airflow/.local/lib/python3.12/site-packages/airflow/example_dags/example_inlet_event_extra.py
[2025-12-15T19:05:39.508+0000] {processor.py:914} INFO - Processing file /home/airflow/.local/lib/python3.12/site-packages/airflow/example_dags/example_inlet_event_extra.py for tasks to queue
[2025-12-15T19:05:39.511+0000] {logging_mixin.py:190} INFO - [2025-12-15T19:05:39.510+0000] {dagbag.py:588} INFO - Filling up the DagBag from /home/airflow/.local/lib/python3.12/site-packages/airflow/example_dags/example_inlet_event_extra.py
[2025-12-15T19:05:40.460+0000] {processor.py:925} INFO - DAG(s) 'read_dataset_event_from_classic', 'read_dataset_event' retrieved from /home/airflow/.local/lib/python3.12/site-packages/airflow/example_dags/example_inlet_event_extra.py
[2025-12-15T19:05:40.485+0000] {logging_mixin.py:190} INFO - [2025-12-15T19:05:40.485+0000] {dag.py:3239} INFO - Sync 2 DAGs
[2025-12-15T19:05:40.515+0000] {logging_mixin.py:190} INFO - [2025-12-15T19:05:40.514+0000] {dag.py:4180} INFO - Setting next_dagrun for read_dataset_event to 2025-12-14 00:00:00+00:00, run_after=2025-12-15 00:00:00+00:00
[2025-12-15T19:05:40.523+0000] {logging_mixin.py:190} INFO - [2025-12-15T19:05:40.522+0000] {dag.py:4180} INFO - Setting next_dagrun for read_dataset_event_from_classic to 2025-12-14 00:00:00+00:00, run_after=2025-12-15 00:00:00+00:00
[2025-12-15T19:05:40.725+0000] {processor.py:208} INFO - Processing /home/airflow/.local/lib/python3.12/site-packages/airflow/example_dags/example_inlet_event_extra.py took 1.236 seconds
[2025-12-15T19:06:10.916+0000] {processor.py:186} INFO - Started process (PID=4585) to work on /home/airflow/.local/lib/python3.12/site-packages/airflow/example_dags/example_inlet_event_extra.py
[2025-12-15T19:06:11.012+0000] {processor.py:914} INFO - Processing file /home/airflow/.local/lib/python3.12/site-packages/airflow/example_dags/example_inlet_event_extra.py for tasks to queue
[2025-12-15T19:06:11.018+0000] {logging_mixin.py:190} INFO - [2025-12-15T19:06:11.017+0000] {dagbag.py:588} INFO - Filling up the DagBag from /home/airflow/.local/lib/python3.12/site-packages/airflow/example_dags/example_inlet_event_extra.py
[2025-12-15T19:06:12.126+0000] {processor.py:925} INFO - DAG(s) 'read_dataset_event', 'read_dataset_event_from_classic' retrieved from /home/airflow/.local/lib/python3.12/site-packages/airflow/example_dags/example_inlet_event_extra.py
[2025-12-15T19:06:12.155+0000] {logging_mixin.py:190} INFO - [2025-12-15T19:06:12.155+0000] {dag.py:3239} INFO - Sync 2 DAGs
[2025-12-15T19:06:12.205+0000] {logging_mixin.py:190} INFO - [2025-12-15T19:06:12.205+0000] {dag.py:4180} INFO - Setting next_dagrun for read_dataset_event to 2025-12-14 00:00:00+00:00, run_after=2025-12-15 00:00:00+00:00
[2025-12-15T19:06:12.213+0000] {logging_mixin.py:190} INFO - [2025-12-15T19:06:12.213+0000] {dag.py:4180} INFO - Setting next_dagrun for read_dataset_event_from_classic to 2025-12-14 00:00:00+00:00, run_after=2025-12-15 00:00:00+00:00
[2025-12-15T19:06:12.341+0000] {processor.py:208} INFO - Processing /home/airflow/.local/lib/python3.12/site-packages/airflow/example_dags/example_inlet_event_extra.py took 1.436 seconds
[2025-12-15T19:06:42.750+0000] {processor.py:186} INFO - Started process (PID=4876) to work on /home/airflow/.local/lib/python3.12/site-packages/airflow/example_dags/example_inlet_event_extra.py
[2025-12-15T19:06:42.752+0000] {processor.py:914} INFO - Processing file /home/airflow/.local/lib/python3.12/site-packages/airflow/example_dags/example_inlet_event_extra.py for tasks to queue
[2025-12-15T19:06:42.758+0000] {logging_mixin.py:190} INFO - [2025-12-15T19:06:42.757+0000] {dagbag.py:588} INFO - Filling up the DagBag from /home/airflow/.local/lib/python3.12/site-packages/airflow/example_dags/example_inlet_event_extra.py
[2025-12-15T19:06:43.842+0000] {processor.py:925} INFO - DAG(s) 'read_dataset_event', 'read_dataset_event_from_classic' retrieved from /home/airflow/.local/lib/python3.12/site-packages/airflow/example_dags/example_inlet_event_extra.py
[2025-12-15T19:06:43.904+0000] {logging_mixin.py:190} INFO - [2025-12-15T19:06:43.904+0000] {dag.py:3239} INFO - Sync 2 DAGs
[2025-12-15T19:06:43.984+0000] {logging_mixin.py:190} INFO - [2025-12-15T19:06:43.983+0000] {dag.py:4180} INFO - Setting next_dagrun for read_dataset_event to 2025-12-14 00:00:00+00:00, run_after=2025-12-15 00:00:00+00:00
[2025-12-15T19:06:43.994+0000] {logging_mixin.py:190} INFO - [2025-12-15T19:06:43.994+0000] {dag.py:4180} INFO - Setting next_dagrun for read_dataset_event_from_classic to 2025-12-14 00:00:00+00:00, run_after=2025-12-15 00:00:00+00:00
[2025-12-15T19:06:44.035+0000] {processor.py:208} INFO - Processing /home/airflow/.local/lib/python3.12/site-packages/airflow/example_dags/example_inlet_event_extra.py took 1.293 seconds
[2025-12-15T19:07:14.387+0000] {processor.py:186} INFO - Started process (PID=5167) to work on /home/airflow/.local/lib/python3.12/site-packages/airflow/example_dags/example_inlet_event_extra.py
[2025-12-15T19:07:14.391+0000] {processor.py:914} INFO - Processing file /home/airflow/.local/lib/python3.12/site-packages/airflow/example_dags/example_inlet_event_extra.py for tasks to queue
[2025-12-15T19:07:14.397+0000] {logging_mixin.py:190} INFO - [2025-12-15T19:07:14.396+0000] {dagbag.py:588} INFO - Filling up the DagBag from /home/airflow/.local/lib/python3.12/site-packages/airflow/example_dags/example_inlet_event_extra.py
[2025-12-15T19:07:22.338+0000] {processor.py:925} INFO - DAG(s) 'read_dataset_event', 'read_dataset_event_from_classic' retrieved from /home/airflow/.local/lib/python3.12/site-packages/airflow/example_dags/example_inlet_event_extra.py
[2025-12-15T19:07:22.437+0000] {logging_mixin.py:190} INFO - [2025-12-15T19:07:22.437+0000] {dag.py:3239} INFO - Sync 2 DAGs
[2025-12-15T19:07:22.635+0000] {logging_mixin.py:190} INFO - [2025-12-15T19:07:22.632+0000] {dag.py:4180} INFO - Setting next_dagrun for read_dataset_event to 2025-12-14 00:00:00+00:00, run_after=2025-12-15 00:00:00+00:00
[2025-12-15T19:07:22.659+0000] {logging_mixin.py:190} INFO - [2025-12-15T19:07:22.659+0000] {dag.py:4180} INFO - Setting next_dagrun for read_dataset_event_from_classic to 2025-12-14 00:00:00+00:00, run_after=2025-12-15 00:00:00+00:00
[2025-12-15T19:07:22.783+0000] {processor.py:208} INFO - Processing /home/airflow/.local/lib/python3.12/site-packages/airflow/example_dags/example_inlet_event_extra.py took 8.415 seconds
[2025-12-15T19:07:53.579+0000] {processor.py:186} INFO - Started process (PID=5478) to work on /home/airflow/.local/lib/python3.12/site-packages/airflow/example_dags/example_inlet_event_extra.py
[2025-12-15T19:07:53.591+0000] {processor.py:914} INFO - Processing file /home/airflow/.local/lib/python3.12/site-packages/airflow/example_dags/example_inlet_event_extra.py for tasks to queue
[2025-12-15T19:07:53.597+0000] {logging_mixin.py:190} INFO - [2025-12-15T19:07:53.596+0000] {dagbag.py:588} INFO - Filling up the DagBag from /home/airflow/.local/lib/python3.12/site-packages/airflow/example_dags/example_inlet_event_extra.py
[2025-12-15T19:07:55.087+0000] {processor.py:925} INFO - DAG(s) 'read_dataset_event_from_classic', 'read_dataset_event' retrieved from /home/airflow/.local/lib/python3.12/site-packages/airflow/example_dags/example_inlet_event_extra.py
[2025-12-15T19:07:55.151+0000] {logging_mixin.py:190} INFO - [2025-12-15T19:07:55.150+0000] {dag.py:3239} INFO - Sync 2 DAGs
[2025-12-15T19:07:55.184+0000] {logging_mixin.py:190} INFO - [2025-12-15T19:07:55.184+0000] {dag.py:4180} INFO - Setting next_dagrun for read_dataset_event to 2025-12-14 00:00:00+00:00, run_after=2025-12-15 00:00:00+00:00
[2025-12-15T19:07:55.191+0000] {logging_mixin.py:190} INFO - [2025-12-15T19:07:55.191+0000] {dag.py:4180} INFO - Setting next_dagrun for read_dataset_event_from_classic to 2025-12-14 00:00:00+00:00, run_after=2025-12-15 00:00:00+00:00
[2025-12-15T19:07:55.550+0000] {processor.py:208} INFO - Processing /home/airflow/.local/lib/python3.12/site-packages/airflow/example_dags/example_inlet_event_extra.py took 1.996 seconds
[2025-12-15T19:08:25.892+0000] {processor.py:186} INFO - Started process (PID=5787) to work on /home/airflow/.local/lib/python3.12/site-packages/airflow/example_dags/example_inlet_event_extra.py
[2025-12-15T19:08:25.894+0000] {processor.py:914} INFO - Processing file /home/airflow/.local/lib/python3.12/site-packages/airflow/example_dags/example_inlet_event_extra.py for tasks to queue
[2025-12-15T19:08:25.898+0000] {logging_mixin.py:190} INFO - [2025-12-15T19:08:25.897+0000] {dagbag.py:588} INFO - Filling up the DagBag from /home/airflow/.local/lib/python3.12/site-packages/airflow/example_dags/example_inlet_event_extra.py
[2025-12-15T19:08:28.001+0000] {processor.py:925} INFO - DAG(s) 'read_dataset_event_from_classic', 'read_dataset_event' retrieved from /home/airflow/.local/lib/python3.12/site-packages/airflow/example_dags/example_inlet_event_extra.py
[2025-12-15T19:08:28.070+0000] {logging_mixin.py:190} INFO - [2025-12-15T19:08:28.069+0000] {dag.py:3239} INFO - Sync 2 DAGs
[2025-12-15T19:08:28.175+0000] {logging_mixin.py:190} INFO - [2025-12-15T19:08:28.174+0000] {dag.py:4180} INFO - Setting next_dagrun for read_dataset_event to 2025-12-14 00:00:00+00:00, run_after=2025-12-15 00:00:00+00:00
[2025-12-15T19:08:28.211+0000] {logging_mixin.py:190} INFO - [2025-12-15T19:08:28.210+0000] {dag.py:4180} INFO - Setting next_dagrun for read_dataset_event_from_classic to 2025-12-14 00:00:00+00:00, run_after=2025-12-15 00:00:00+00:00
[2025-12-15T19:08:28.264+0000] {processor.py:208} INFO - Processing /home/airflow/.local/lib/python3.12/site-packages/airflow/example_dags/example_inlet_event_extra.py took 2.385 seconds
[2025-12-15T19:08:58.581+0000] {processor.py:186} INFO - Started process (PID=6095) to work on /home/airflow/.local/lib/python3.12/site-packages/airflow/example_dags/example_inlet_event_extra.py
[2025-12-15T19:08:58.584+0000] {processor.py:914} INFO - Processing file /home/airflow/.local/lib/python3.12/site-packages/airflow/example_dags/example_inlet_event_extra.py for tasks to queue
[2025-12-15T19:08:58.588+0000] {logging_mixin.py:190} INFO - [2025-12-15T19:08:58.588+0000] {dagbag.py:588} INFO - Filling up the DagBag from /home/airflow/.local/lib/python3.12/site-packages/airflow/example_dags/example_inlet_event_extra.py
[2025-12-15T19:08:59.581+0000] {processor.py:925} INFO - DAG(s) 'read_dataset_event', 'read_dataset_event_from_classic' retrieved from /home/airflow/.local/lib/python3.12/site-packages/airflow/example_dags/example_inlet_event_extra.py
[2025-12-15T19:08:59.625+0000] {logging_mixin.py:190} INFO - [2025-12-15T19:08:59.624+0000] {dag.py:3239} INFO - Sync 2 DAGs
[2025-12-15T19:08:59.661+0000] {logging_mixin.py:190} INFO - [2025-12-15T19:08:59.660+0000] {dag.py:4180} INFO - Setting next_dagrun for read_dataset_event to 2025-12-14 00:00:00+00:00, run_after=2025-12-15 00:00:00+00:00
[2025-12-15T19:08:59.668+0000] {logging_mixin.py:190} INFO - [2025-12-15T19:08:59.668+0000] {dag.py:4180} INFO - Setting next_dagrun for read_dataset_event_from_classic to 2025-12-14 00:00:00+00:00, run_after=2025-12-15 00:00:00+00:00
[2025-12-15T19:08:59.695+0000] {processor.py:208} INFO - Processing /home/airflow/.local/lib/python3.12/site-packages/airflow/example_dags/example_inlet_event_extra.py took 1.126 seconds
[2025-12-15T19:09:30.803+0000] {processor.py:186} INFO - Started process (PID=6421) to work on /home/airflow/.local/lib/python3.12/site-packages/airflow/example_dags/example_inlet_event_extra.py
[2025-12-15T19:09:30.805+0000] {processor.py:914} INFO - Processing file /home/airflow/.local/lib/python3.12/site-packages/airflow/example_dags/example_inlet_event_extra.py for tasks to queue
[2025-12-15T19:09:30.807+0000] {logging_mixin.py:190} INFO - [2025-12-15T19:09:30.807+0000] {dagbag.py:588} INFO - Filling up the DagBag from /home/airflow/.local/lib/python3.12/site-packages/airflow/example_dags/example_inlet_event_extra.py
[2025-12-15T19:09:31.644+0000] {processor.py:925} INFO - DAG(s) 'read_dataset_event', 'read_dataset_event_from_classic' retrieved from /home/airflow/.local/lib/python3.12/site-packages/airflow/example_dags/example_inlet_event_extra.py
[2025-12-15T19:09:31.677+0000] {logging_mixin.py:190} INFO - [2025-12-15T19:09:31.677+0000] {dag.py:3239} INFO - Sync 2 DAGs
[2025-12-15T19:09:31.718+0000] {logging_mixin.py:190} INFO - [2025-12-15T19:09:31.718+0000] {dag.py:4180} INFO - Setting next_dagrun for read_dataset_event to 2025-12-14 00:00:00+00:00, run_after=2025-12-15 00:00:00+00:00
[2025-12-15T19:09:31.725+0000] {logging_mixin.py:190} INFO - [2025-12-15T19:09:31.724+0000] {dag.py:4180} INFO - Setting next_dagrun for read_dataset_event_from_classic to 2025-12-14 00:00:00+00:00, run_after=2025-12-15 00:00:00+00:00
[2025-12-15T19:09:31.776+0000] {processor.py:208} INFO - Processing /home/airflow/.local/lib/python3.12/site-packages/airflow/example_dags/example_inlet_event_extra.py took 0.981 seconds
[2025-12-15T19:10:02.963+0000] {processor.py:186} INFO - Started process (PID=6737) to work on /home/airflow/.local/lib/python3.12/site-packages/airflow/example_dags/example_inlet_event_extra.py
[2025-12-15T19:10:02.984+0000] {processor.py:914} INFO - Processing file /home/airflow/.local/lib/python3.12/site-packages/airflow/example_dags/example_inlet_event_extra.py for tasks to queue
[2025-12-15T19:10:02.988+0000] {logging_mixin.py:190} INFO - [2025-12-15T19:10:02.988+0000] {dagbag.py:588} INFO - Filling up the DagBag from /home/airflow/.local/lib/python3.12/site-packages/airflow/example_dags/example_inlet_event_extra.py
[2025-12-15T19:10:03.815+0000] {processor.py:925} INFO - DAG(s) 'read_dataset_event_from_classic', 'read_dataset_event' retrieved from /home/airflow/.local/lib/python3.12/site-packages/airflow/example_dags/example_inlet_event_extra.py
[2025-12-15T19:10:03.849+0000] {logging_mixin.py:190} INFO - [2025-12-15T19:10:03.849+0000] {dag.py:3239} INFO - Sync 2 DAGs
[2025-12-15T19:10:03.891+0000] {logging_mixin.py:190} INFO - [2025-12-15T19:10:03.889+0000] {dag.py:4180} INFO - Setting next_dagrun for read_dataset_event to 2025-12-14 00:00:00+00:00, run_after=2025-12-15 00:00:00+00:00
[2025-12-15T19:10:03.901+0000] {logging_mixin.py:190} INFO - [2025-12-15T19:10:03.900+0000] {dag.py:4180} INFO - Setting next_dagrun for read_dataset_event_from_classic to 2025-12-14 00:00:00+00:00, run_after=2025-12-15 00:00:00+00:00
[2025-12-15T19:10:03.939+0000] {processor.py:208} INFO - Processing /home/airflow/.local/lib/python3.12/site-packages/airflow/example_dags/example_inlet_event_extra.py took 0.986 seconds
[2025-12-15T19:10:37.641+0000] {processor.py:186} INFO - Started process (PID=7034) to work on /home/airflow/.local/lib/python3.12/site-packages/airflow/example_dags/example_inlet_event_extra.py
[2025-12-15T19:10:37.644+0000] {processor.py:914} INFO - Processing file /home/airflow/.local/lib/python3.12/site-packages/airflow/example_dags/example_inlet_event_extra.py for tasks to queue
[2025-12-15T19:10:37.648+0000] {logging_mixin.py:190} INFO - [2025-12-15T19:10:37.648+0000] {dagbag.py:588} INFO - Filling up the DagBag from /home/airflow/.local/lib/python3.12/site-packages/airflow/example_dags/example_inlet_event_extra.py
[2025-12-15T19:10:39.609+0000] {processor.py:925} INFO - DAG(s) 'read_dataset_event_from_classic', 'read_dataset_event' retrieved from /home/airflow/.local/lib/python3.12/site-packages/airflow/example_dags/example_inlet_event_extra.py
[2025-12-15T19:10:39.665+0000] {logging_mixin.py:190} INFO - [2025-12-15T19:10:39.664+0000] {dag.py:3239} INFO - Sync 2 DAGs
[2025-12-15T19:10:39.727+0000] {logging_mixin.py:190} INFO - [2025-12-15T19:10:39.726+0000] {dag.py:4180} INFO - Setting next_dagrun for read_dataset_event to 2025-12-14 00:00:00+00:00, run_after=2025-12-15 00:00:00+00:00
[2025-12-15T19:10:39.739+0000] {logging_mixin.py:190} INFO - [2025-12-15T19:10:39.738+0000] {dag.py:4180} INFO - Setting next_dagrun for read_dataset_event_from_classic to 2025-12-14 00:00:00+00:00, run_after=2025-12-15 00:00:00+00:00
[2025-12-15T19:10:39.770+0000] {processor.py:208} INFO - Processing /home/airflow/.local/lib/python3.12/site-packages/airflow/example_dags/example_inlet_event_extra.py took 2.153 seconds
[2025-12-15T19:11:10.716+0000] {processor.py:186} INFO - Started process (PID=7343) to work on /home/airflow/.local/lib/python3.12/site-packages/airflow/example_dags/example_inlet_event_extra.py
[2025-12-15T19:11:10.718+0000] {processor.py:914} INFO - Processing file /home/airflow/.local/lib/python3.12/site-packages/airflow/example_dags/example_inlet_event_extra.py for tasks to queue
[2025-12-15T19:11:10.743+0000] {logging_mixin.py:190} INFO - [2025-12-15T19:11:10.742+0000] {dagbag.py:588} INFO - Filling up the DagBag from /home/airflow/.local/lib/python3.12/site-packages/airflow/example_dags/example_inlet_event_extra.py
[2025-12-15T19:11:13.216+0000] {processor.py:925} INFO - DAG(s) 'read_dataset_event_from_classic', 'read_dataset_event' retrieved from /home/airflow/.local/lib/python3.12/site-packages/airflow/example_dags/example_inlet_event_extra.py
[2025-12-15T19:11:13.349+0000] {logging_mixin.py:190} INFO - [2025-12-15T19:11:13.348+0000] {dag.py:3239} INFO - Sync 2 DAGs
[2025-12-15T19:11:13.641+0000] {logging_mixin.py:190} INFO - [2025-12-15T19:11:13.638+0000] {dag.py:4180} INFO - Setting next_dagrun for read_dataset_event to 2025-12-14 00:00:00+00:00, run_after=2025-12-15 00:00:00+00:00
[2025-12-15T19:11:13.657+0000] {logging_mixin.py:190} INFO - [2025-12-15T19:11:13.656+0000] {dag.py:4180} INFO - Setting next_dagrun for read_dataset_event_from_classic to 2025-12-14 00:00:00+00:00, run_after=2025-12-15 00:00:00+00:00
[2025-12-15T19:11:13.721+0000] {processor.py:208} INFO - Processing /home/airflow/.local/lib/python3.12/site-packages/airflow/example_dags/example_inlet_event_extra.py took 3.049 seconds
[2025-12-15T19:11:43.902+0000] {processor.py:186} INFO - Started process (PID=7641) to work on /home/airflow/.local/lib/python3.12/site-packages/airflow/example_dags/example_inlet_event_extra.py
[2025-12-15T19:11:43.905+0000] {processor.py:914} INFO - Processing file /home/airflow/.local/lib/python3.12/site-packages/airflow/example_dags/example_inlet_event_extra.py for tasks to queue
[2025-12-15T19:11:43.907+0000] {logging_mixin.py:190} INFO - [2025-12-15T19:11:43.906+0000] {dagbag.py:588} INFO - Filling up the DagBag from /home/airflow/.local/lib/python3.12/site-packages/airflow/example_dags/example_inlet_event_extra.py
[2025-12-15T19:11:47.763+0000] {processor.py:925} INFO - DAG(s) 'read_dataset_event_from_classic', 'read_dataset_event' retrieved from /home/airflow/.local/lib/python3.12/site-packages/airflow/example_dags/example_inlet_event_extra.py
[2025-12-15T19:11:47.794+0000] {logging_mixin.py:190} INFO - [2025-12-15T19:11:47.794+0000] {dag.py:3239} INFO - Sync 2 DAGs
[2025-12-15T19:11:47.828+0000] {logging_mixin.py:190} INFO - [2025-12-15T19:11:47.828+0000] {dag.py:4180} INFO - Setting next_dagrun for read_dataset_event to 2025-12-14 00:00:00+00:00, run_after=2025-12-15 00:00:00+00:00
[2025-12-15T19:11:47.835+0000] {logging_mixin.py:190} INFO - [2025-12-15T19:11:47.835+0000] {dag.py:4180} INFO - Setting next_dagrun for read_dataset_event_from_classic to 2025-12-14 00:00:00+00:00, run_after=2025-12-15 00:00:00+00:00
[2025-12-15T19:11:47.864+0000] {processor.py:208} INFO - Processing /home/airflow/.local/lib/python3.12/site-packages/airflow/example_dags/example_inlet_event_extra.py took 1.260 seconds
[2025-12-15T19:12:18.740+0000] {processor.py:186} INFO - Started process (PID=7932) to work on /home/airflow/.local/lib/python3.12/site-packages/airflow/example_dags/example_inlet_event_extra.py
[2025-12-15T19:12:18.750+0000] {processor.py:914} INFO - Processing file /home/airflow/.local/lib/python3.12/site-packages/airflow/example_dags/example_inlet_event_extra.py for tasks to queue
[2025-12-15T19:12:18.751+0000] {logging_mixin.py:190} INFO - [2025-12-15T19:12:18.751+0000] {dagbag.py:588} INFO - Filling up the DagBag from /home/airflow/.local/lib/python3.12/site-packages/airflow/example_dags/example_inlet_event_extra.py
[2025-12-15T19:12:19.456+0000] {processor.py:925} INFO - DAG(s) 'read_dataset_event', 'read_dataset_event_from_classic' retrieved from /home/airflow/.local/lib/python3.12/site-packages/airflow/example_dags/example_inlet_event_extra.py
[2025-12-15T19:12:19.482+0000] {logging_mixin.py:190} INFO - [2025-12-15T19:12:19.481+0000] {dag.py:3239} INFO - Sync 2 DAGs
[2025-12-15T19:12:19.510+0000] {logging_mixin.py:190} INFO - [2025-12-15T19:12:19.510+0000] {dag.py:4180} INFO - Setting next_dagrun for read_dataset_event to 2025-12-14 00:00:00+00:00, run_after=2025-12-15 00:00:00+00:00
[2025-12-15T19:12:19.516+0000] {logging_mixin.py:190} INFO - [2025-12-15T19:12:19.516+0000] {dag.py:4180} INFO - Setting next_dagrun for read_dataset_event_from_classic to 2025-12-14 00:00:00+00:00, run_after=2025-12-15 00:00:00+00:00
[2025-12-15T19:12:19.541+0000] {processor.py:208} INFO - Processing /home/airflow/.local/lib/python3.12/site-packages/airflow/example_dags/example_inlet_event_extra.py took 0.808 seconds
[2025-12-15T19:12:49.987+0000] {processor.py:186} INFO - Started process (PID=8223) to work on /home/airflow/.local/lib/python3.12/site-packages/airflow/example_dags/example_inlet_event_extra.py
[2025-12-15T19:12:50.003+0000] {processor.py:914} INFO - Processing file /home/airflow/.local/lib/python3.12/site-packages/airflow/example_dags/example_inlet_event_extra.py for tasks to queue
[2025-12-15T19:12:50.005+0000] {logging_mixin.py:190} INFO - [2025-12-15T19:12:50.004+0000] {dagbag.py:588} INFO - Filling up the DagBag from /home/airflow/.local/lib/python3.12/site-packages/airflow/example_dags/example_inlet_event_extra.py
[2025-12-15T19:12:50.704+0000] {processor.py:925} INFO - DAG(s) 'read_dataset_event_from_classic', 'read_dataset_event' retrieved from /home/airflow/.local/lib/python3.12/site-packages/airflow/example_dags/example_inlet_event_extra.py
[2025-12-15T19:12:50.732+0000] {logging_mixin.py:190} INFO - [2025-12-15T19:12:50.732+0000] {dag.py:3239} INFO - Sync 2 DAGs
[2025-12-15T19:12:50.768+0000] {logging_mixin.py:190} INFO - [2025-12-15T19:12:50.767+0000] {dag.py:4180} INFO - Setting next_dagrun for read_dataset_event to 2025-12-14 00:00:00+00:00, run_after=2025-12-15 00:00:00+00:00
[2025-12-15T19:12:50.774+0000] {logging_mixin.py:190} INFO - [2025-12-15T19:12:50.773+0000] {dag.py:4180} INFO - Setting next_dagrun for read_dataset_event_from_classic to 2025-12-14 00:00:00+00:00, run_after=2025-12-15 00:00:00+00:00
[2025-12-15T19:12:50.814+0000] {processor.py:208} INFO - Processing /home/airflow/.local/lib/python3.12/site-packages/airflow/example_dags/example_inlet_event_extra.py took 0.834 seconds
[2025-12-15T19:13:21.550+0000] {processor.py:186} INFO - Started process (PID=8529) to work on /home/airflow/.local/lib/python3.12/site-packages/airflow/example_dags/example_inlet_event_extra.py
[2025-12-15T19:13:21.576+0000] {processor.py:914} INFO - Processing file /home/airflow/.local/lib/python3.12/site-packages/airflow/example_dags/example_inlet_event_extra.py for tasks to queue
[2025-12-15T19:13:21.579+0000] {logging_mixin.py:190} INFO - [2025-12-15T19:13:21.579+0000] {dagbag.py:588} INFO - Filling up the DagBag from /home/airflow/.local/lib/python3.12/site-packages/airflow/example_dags/example_inlet_event_extra.py
[2025-12-15T19:13:22.539+0000] {processor.py:925} INFO - DAG(s) 'read_dataset_event', 'read_dataset_event_from_classic' retrieved from /home/airflow/.local/lib/python3.12/site-packages/airflow/example_dags/example_inlet_event_extra.py
[2025-12-15T19:13:23.555+0000] {logging_mixin.py:190} INFO - [2025-12-15T19:13:23.554+0000] {dag.py:3239} INFO - Sync 2 DAGs
[2025-12-15T19:13:23.885+0000] {logging_mixin.py:190} INFO - [2025-12-15T19:13:23.885+0000] {dag.py:4180} INFO - Setting next_dagrun for read_dataset_event to 2025-12-14 00:00:00+00:00, run_after=2025-12-15 00:00:00+00:00
[2025-12-15T19:13:23.920+0000] {logging_mixin.py:190} INFO - [2025-12-15T19:13:23.919+0000] {dag.py:4180} INFO - Setting next_dagrun for read_dataset_event_from_classic to 2025-12-14 00:00:00+00:00, run_after=2025-12-15 00:00:00+00:00
[2025-12-15T19:13:24.004+0000] {processor.py:208} INFO - Processing /home/airflow/.local/lib/python3.12/site-packages/airflow/example_dags/example_inlet_event_extra.py took 2.466 seconds
[2025-12-15T19:13:54.293+0000] {processor.py:186} INFO - Started process (PID=8820) to work on /home/airflow/.local/lib/python3.12/site-packages/airflow/example_dags/example_inlet_event_extra.py
[2025-12-15T19:13:54.295+0000] {processor.py:914} INFO - Processing file /home/airflow/.local/lib/python3.12/site-packages/airflow/example_dags/example_inlet_event_extra.py for tasks to queue
[2025-12-15T19:13:54.297+0000] {logging_mixin.py:190} INFO - [2025-12-15T19:13:54.296+0000] {dagbag.py:588} INFO - Filling up the DagBag from /home/airflow/.local/lib/python3.12/site-packages/airflow/example_dags/example_inlet_event_extra.py
[2025-12-15T19:13:56.439+0000] {processor.py:925} INFO - DAG(s) 'read_dataset_event_from_classic', 'read_dataset_event' retrieved from /home/airflow/.local/lib/python3.12/site-packages/airflow/example_dags/example_inlet_event_extra.py
[2025-12-15T19:13:56.491+0000] {logging_mixin.py:190} INFO - [2025-12-15T19:13:56.490+0000] {dag.py:3239} INFO - Sync 2 DAGs
[2025-12-15T19:13:56.538+0000] {logging_mixin.py:190} INFO - [2025-12-15T19:13:56.538+0000] {dag.py:4180} INFO - Setting next_dagrun for read_dataset_event to 2025-12-14 00:00:00+00:00, run_after=2025-12-15 00:00:00+00:00
[2025-12-15T19:13:56.547+0000] {logging_mixin.py:190} INFO - [2025-12-15T19:13:56.547+0000] {dag.py:4180} INFO - Setting next_dagrun for read_dataset_event_from_classic to 2025-12-14 00:00:00+00:00, run_after=2025-12-15 00:00:00+00:00
[2025-12-15T19:13:56.613+0000] {processor.py:208} INFO - Processing /home/airflow/.local/lib/python3.12/site-packages/airflow/example_dags/example_inlet_event_extra.py took 2.334 seconds
[2025-12-15T19:14:27.156+0000] {processor.py:186} INFO - Started process (PID=9111) to work on /home/airflow/.local/lib/python3.12/site-packages/airflow/example_dags/example_inlet_event_extra.py
[2025-12-15T19:14:27.158+0000] {processor.py:914} INFO - Processing file /home/airflow/.local/lib/python3.12/site-packages/airflow/example_dags/example_inlet_event_extra.py for tasks to queue
[2025-12-15T19:14:27.161+0000] {logging_mixin.py:190} INFO - [2025-12-15T19:14:27.160+0000] {dagbag.py:588} INFO - Filling up the DagBag from /home/airflow/.local/lib/python3.12/site-packages/airflow/example_dags/example_inlet_event_extra.py
[2025-12-15T19:14:28.930+0000] {processor.py:925} INFO - DAG(s) 'read_dataset_event', 'read_dataset_event_from_classic' retrieved from /home/airflow/.local/lib/python3.12/site-packages/airflow/example_dags/example_inlet_event_extra.py
[2025-12-15T19:14:28.966+0000] {logging_mixin.py:190} INFO - [2025-12-15T19:14:28.966+0000] {dag.py:3239} INFO - Sync 2 DAGs
[2025-12-15T19:14:29.010+0000] {logging_mixin.py:190} INFO - [2025-12-15T19:14:29.009+0000] {dag.py:4180} INFO - Setting next_dagrun for read_dataset_event to 2025-12-14 00:00:00+00:00, run_after=2025-12-15 00:00:00+00:00
[2025-12-15T19:14:29.019+0000] {logging_mixin.py:190} INFO - [2025-12-15T19:14:29.019+0000] {dag.py:4180} INFO - Setting next_dagrun for read_dataset_event_from_classic to 2025-12-14 00:00:00+00:00, run_after=2025-12-15 00:00:00+00:00
[2025-12-15T19:14:29.054+0000] {processor.py:208} INFO - Processing /home/airflow/.local/lib/python3.12/site-packages/airflow/example_dags/example_inlet_event_extra.py took 1.919 seconds
[2025-12-15T19:14:59.178+0000] {processor.py:186} INFO - Started process (PID=9402) to work on /home/airflow/.local/lib/python3.12/site-packages/airflow/example_dags/example_inlet_event_extra.py
[2025-12-15T19:14:59.196+0000] {processor.py:914} INFO - Processing file /home/airflow/.local/lib/python3.12/site-packages/airflow/example_dags/example_inlet_event_extra.py for tasks to queue
[2025-12-15T19:14:59.200+0000] {logging_mixin.py:190} INFO - [2025-12-15T19:14:59.198+0000] {dagbag.py:588} INFO - Filling up the DagBag from /home/airflow/.local/lib/python3.12/site-packages/airflow/example_dags/example_inlet_event_extra.py
[2025-12-15T19:15:00.263+0000] {processor.py:925} INFO - DAG(s) 'read_dataset_event_from_classic', 'read_dataset_event' retrieved from /home/airflow/.local/lib/python3.12/site-packages/airflow/example_dags/example_inlet_event_extra.py
[2025-12-15T19:15:00.300+0000] {logging_mixin.py:190} INFO - [2025-12-15T19:15:00.299+0000] {dag.py:3239} INFO - Sync 2 DAGs
[2025-12-15T19:15:00.351+0000] {logging_mixin.py:190} INFO - [2025-12-15T19:15:00.350+0000] {dag.py:4180} INFO - Setting next_dagrun for read_dataset_event to 2025-12-14 00:00:00+00:00, run_after=2025-12-15 00:00:00+00:00
[2025-12-15T19:15:00.365+0000] {logging_mixin.py:190} INFO - [2025-12-15T19:15:00.364+0000] {dag.py:4180} INFO - Setting next_dagrun for read_dataset_event_from_classic to 2025-12-14 00:00:00+00:00, run_after=2025-12-15 00:00:00+00:00
[2025-12-15T19:15:00.401+0000] {processor.py:208} INFO - Processing /home/airflow/.local/lib/python3.12/site-packages/airflow/example_dags/example_inlet_event_extra.py took 1.232 seconds
[2025-12-15T19:15:30.499+0000] {processor.py:186} INFO - Started process (PID=9693) to work on /home/airflow/.local/lib/python3.12/site-packages/airflow/example_dags/example_inlet_event_extra.py
[2025-12-15T19:15:30.515+0000] {processor.py:914} INFO - Processing file /home/airflow/.local/lib/python3.12/site-packages/airflow/example_dags/example_inlet_event_extra.py for tasks to queue
[2025-12-15T19:15:30.517+0000] {logging_mixin.py:190} INFO - [2025-12-15T19:15:30.516+0000] {dagbag.py:588} INFO - Filling up the DagBag from /home/airflow/.local/lib/python3.12/site-packages/airflow/example_dags/example_inlet_event_extra.py
[2025-12-15T19:15:32.222+0000] {processor.py:925} INFO - DAG(s) 'read_dataset_event_from_classic', 'read_dataset_event' retrieved from /home/airflow/.local/lib/python3.12/site-packages/airflow/example_dags/example_inlet_event_extra.py
[2025-12-15T19:15:32.286+0000] {logging_mixin.py:190} INFO - [2025-12-15T19:15:32.285+0000] {dag.py:3239} INFO - Sync 2 DAGs
[2025-12-15T19:15:32.368+0000] {logging_mixin.py:190} INFO - [2025-12-15T19:15:32.368+0000] {dag.py:4180} INFO - Setting next_dagrun for read_dataset_event to 2025-12-14 00:00:00+00:00, run_after=2025-12-15 00:00:00+00:00
[2025-12-15T19:15:32.377+0000] {logging_mixin.py:190} INFO - [2025-12-15T19:15:32.377+0000] {dag.py:4180} INFO - Setting next_dagrun for read_dataset_event_from_classic to 2025-12-14 00:00:00+00:00, run_after=2025-12-15 00:00:00+00:00
[2025-12-15T19:15:32.424+0000] {processor.py:208} INFO - Processing /home/airflow/.local/lib/python3.12/site-packages/airflow/example_dags/example_inlet_event_extra.py took 1.941 seconds
[2025-12-15T19:16:02.604+0000] {processor.py:186} INFO - Started process (PID=9989) to work on /home/airflow/.local/lib/python3.12/site-packages/airflow/example_dags/example_inlet_event_extra.py
[2025-12-15T19:16:02.607+0000] {processor.py:914} INFO - Processing file /home/airflow/.local/lib/python3.12/site-packages/airflow/example_dags/example_inlet_event_extra.py for tasks to queue
[2025-12-15T19:16:02.611+0000] {logging_mixin.py:190} INFO - [2025-12-15T19:16:02.609+0000] {dagbag.py:588} INFO - Filling up the DagBag from /home/airflow/.local/lib/python3.12/site-packages/airflow/example_dags/example_inlet_event_extra.py
[2025-12-15T19:16:03.610+0000] {processor.py:925} INFO - DAG(s) 'read_dataset_event_from_classic', 'read_dataset_event' retrieved from /home/airflow/.local/lib/python3.12/site-packages/airflow/example_dags/example_inlet_event_extra.py
[2025-12-15T19:16:03.664+0000] {logging_mixin.py:190} INFO - [2025-12-15T19:16:03.664+0000] {dag.py:3239} INFO - Sync 2 DAGs
[2025-12-15T19:16:03.808+0000] {logging_mixin.py:190} INFO - [2025-12-15T19:16:03.807+0000] {dag.py:4180} INFO - Setting next_dagrun for read_dataset_event to 2025-12-14 00:00:00+00:00, run_after=2025-12-15 00:00:00+00:00
[2025-12-15T19:16:03.869+0000] {logging_mixin.py:190} INFO - [2025-12-15T19:16:03.866+0000] {dag.py:4180} INFO - Setting next_dagrun for read_dataset_event_from_classic to 2025-12-14 00:00:00+00:00, run_after=2025-12-15 00:00:00+00:00
[2025-12-15T19:16:03.969+0000] {processor.py:208} INFO - Processing /home/airflow/.local/lib/python3.12/site-packages/airflow/example_dags/example_inlet_event_extra.py took 1.376 seconds
[2025-12-15T19:16:34.445+0000] {processor.py:186} INFO - Started process (PID=10288) to work on /home/airflow/.local/lib/python3.12/site-packages/airflow/example_dags/example_inlet_event_extra.py
[2025-12-15T19:16:34.447+0000] {processor.py:914} INFO - Processing file /home/airflow/.local/lib/python3.12/site-packages/airflow/example_dags/example_inlet_event_extra.py for tasks to queue
[2025-12-15T19:16:34.451+0000] {logging_mixin.py:190} INFO - [2025-12-15T19:16:34.451+0000] {dagbag.py:588} INFO - Filling up the DagBag from /home/airflow/.local/lib/python3.12/site-packages/airflow/example_dags/example_inlet_event_extra.py
[2025-12-15T19:16:35.473+0000] {processor.py:925} INFO - DAG(s) 'read_dataset_event_from_classic', 'read_dataset_event' retrieved from /home/airflow/.local/lib/python3.12/site-packages/airflow/example_dags/example_inlet_event_extra.py
[2025-12-15T19:16:35.503+0000] {logging_mixin.py:190} INFO - [2025-12-15T19:16:35.503+0000] {dag.py:3239} INFO - Sync 2 DAGs
[2025-12-15T19:16:35.537+0000] {logging_mixin.py:190} INFO - [2025-12-15T19:16:35.536+0000] {dag.py:4180} INFO - Setting next_dagrun for read_dataset_event to 2025-12-14 00:00:00+00:00, run_after=2025-12-15 00:00:00+00:00
[2025-12-15T19:16:35.543+0000] {logging_mixin.py:190} INFO - [2025-12-15T19:16:35.543+0000] {dag.py:4180} INFO - Setting next_dagrun for read_dataset_event_from_classic to 2025-12-14 00:00:00+00:00, run_after=2025-12-15 00:00:00+00:00
[2025-12-15T19:16:35.597+0000] {processor.py:208} INFO - Processing /home/airflow/.local/lib/python3.12/site-packages/airflow/example_dags/example_inlet_event_extra.py took 1.170 seconds
[2025-12-15T19:17:06.536+0000] {processor.py:186} INFO - Started process (PID=10581) to work on /home/airflow/.local/lib/python3.12/site-packages/airflow/example_dags/example_inlet_event_extra.py
[2025-12-15T19:17:06.551+0000] {processor.py:914} INFO - Processing file /home/airflow/.local/lib/python3.12/site-packages/airflow/example_dags/example_inlet_event_extra.py for tasks to queue
[2025-12-15T19:17:06.564+0000] {logging_mixin.py:190} INFO - [2025-12-15T19:17:06.562+0000] {dagbag.py:588} INFO - Filling up the DagBag from /home/airflow/.local/lib/python3.12/site-packages/airflow/example_dags/example_inlet_event_extra.py
[2025-12-15T19:17:13.494+0000] {processor.py:925} INFO - DAG(s) 'read_dataset_event_from_classic', 'read_dataset_event' retrieved from /home/airflow/.local/lib/python3.12/site-packages/airflow/example_dags/example_inlet_event_extra.py
[2025-12-15T19:17:13.728+0000] {logging_mixin.py:190} INFO - [2025-12-15T19:17:13.727+0000] {dag.py:3239} INFO - Sync 2 DAGs
[2025-12-15T19:17:13.900+0000] {logging_mixin.py:190} INFO - [2025-12-15T19:17:13.899+0000] {dag.py:4180} INFO - Setting next_dagrun for read_dataset_event to 2025-12-14 00:00:00+00:00, run_after=2025-12-15 00:00:00+00:00
[2025-12-15T19:17:13.915+0000] {logging_mixin.py:190} INFO - [2025-12-15T19:17:13.915+0000] {dag.py:4180} INFO - Setting next_dagrun for read_dataset_event_from_classic to 2025-12-14 00:00:00+00:00, run_after=2025-12-15 00:00:00+00:00
[2025-12-15T19:17:14.012+0000] {processor.py:208} INFO - Processing /home/airflow/.local/lib/python3.12/site-packages/airflow/example_dags/example_inlet_event_extra.py took 7.504 seconds
[2025-12-15T19:17:44.299+0000] {processor.py:186} INFO - Started process (PID=10887) to work on /home/airflow/.local/lib/python3.12/site-packages/airflow/example_dags/example_inlet_event_extra.py
[2025-12-15T19:17:44.301+0000] {processor.py:914} INFO - Processing file /home/airflow/.local/lib/python3.12/site-packages/airflow/example_dags/example_inlet_event_extra.py for tasks to queue
[2025-12-15T19:17:44.307+0000] {logging_mixin.py:190} INFO - [2025-12-15T19:17:44.306+0000] {dagbag.py:588} INFO - Filling up the DagBag from /home/airflow/.local/lib/python3.12/site-packages/airflow/example_dags/example_inlet_event_extra.py
[2025-12-15T19:17:45.486+0000] {processor.py:925} INFO - DAG(s) 'read_dataset_event_from_classic', 'read_dataset_event' retrieved from /home/airflow/.local/lib/python3.12/site-packages/airflow/example_dags/example_inlet_event_extra.py
[2025-12-15T19:17:45.538+0000] {logging_mixin.py:190} INFO - [2025-12-15T19:17:45.536+0000] {dag.py:3239} INFO - Sync 2 DAGs
[2025-12-15T19:17:45.609+0000] {logging_mixin.py:190} INFO - [2025-12-15T19:17:45.609+0000] {dag.py:4180} INFO - Setting next_dagrun for read_dataset_event to 2025-12-14 00:00:00+00:00, run_after=2025-12-15 00:00:00+00:00
[2025-12-15T19:17:45.619+0000] {logging_mixin.py:190} INFO - [2025-12-15T19:17:45.618+0000] {dag.py:4180} INFO - Setting next_dagrun for read_dataset_event_from_classic to 2025-12-14 00:00:00+00:00, run_after=2025-12-15 00:00:00+00:00
[2025-12-15T19:17:45.661+0000] {processor.py:208} INFO - Processing /home/airflow/.local/lib/python3.12/site-packages/airflow/example_dags/example_inlet_event_extra.py took 1.372 seconds
[2025-12-15T19:18:16.108+0000] {processor.py:186} INFO - Started process (PID=11181) to work on /home/airflow/.local/lib/python3.12/site-packages/airflow/example_dags/example_inlet_event_extra.py
[2025-12-15T19:18:16.120+0000] {processor.py:914} INFO - Processing file /home/airflow/.local/lib/python3.12/site-packages/airflow/example_dags/example_inlet_event_extra.py for tasks to queue
[2025-12-15T19:18:16.126+0000] {logging_mixin.py:190} INFO - [2025-12-15T19:18:16.126+0000] {dagbag.py:588} INFO - Filling up the DagBag from /home/airflow/.local/lib/python3.12/site-packages/airflow/example_dags/example_inlet_event_extra.py
[2025-12-15T19:18:17.888+0000] {processor.py:925} INFO - DAG(s) 'read_dataset_event_from_classic', 'read_dataset_event' retrieved from /home/airflow/.local/lib/python3.12/site-packages/airflow/example_dags/example_inlet_event_extra.py
[2025-12-15T19:18:17.963+0000] {logging_mixin.py:190} INFO - [2025-12-15T19:18:17.963+0000] {dag.py:3239} INFO - Sync 2 DAGs
[2025-12-15T19:18:18.052+0000] {logging_mixin.py:190} INFO - [2025-12-15T19:18:18.052+0000] {dag.py:4180} INFO - Setting next_dagrun for read_dataset_event to 2025-12-14 00:00:00+00:00, run_after=2025-12-15 00:00:00+00:00
[2025-12-15T19:18:18.067+0000] {logging_mixin.py:190} INFO - [2025-12-15T19:18:18.067+0000] {dag.py:4180} INFO - Setting next_dagrun for read_dataset_event_from_classic to 2025-12-14 00:00:00+00:00, run_after=2025-12-15 00:00:00+00:00
[2025-12-15T19:18:18.122+0000] {processor.py:208} INFO - Processing /home/airflow/.local/lib/python3.12/site-packages/airflow/example_dags/example_inlet_event_extra.py took 2.180 seconds
[2025-12-15T19:18:48.269+0000] {processor.py:186} INFO - Started process (PID=11482) to work on /home/airflow/.local/lib/python3.12/site-packages/airflow/example_dags/example_inlet_event_extra.py
[2025-12-15T19:18:48.271+0000] {processor.py:914} INFO - Processing file /home/airflow/.local/lib/python3.12/site-packages/airflow/example_dags/example_inlet_event_extra.py for tasks to queue
[2025-12-15T19:18:48.272+0000] {logging_mixin.py:190} INFO - [2025-12-15T19:18:48.272+0000] {dagbag.py:588} INFO - Filling up the DagBag from /home/airflow/.local/lib/python3.12/site-packages/airflow/example_dags/example_inlet_event_extra.py
[2025-12-15T19:18:49.187+0000] {processor.py:925} INFO - DAG(s) 'read_dataset_event_from_classic', 'read_dataset_event' retrieved from /home/airflow/.local/lib/python3.12/site-packages/airflow/example_dags/example_inlet_event_extra.py
[2025-12-15T19:18:49.234+0000] {logging_mixin.py:190} INFO - [2025-12-15T19:18:49.234+0000] {dag.py:3239} INFO - Sync 2 DAGs
[2025-12-15T19:18:49.383+0000] {logging_mixin.py:190} INFO - [2025-12-15T19:18:49.383+0000] {dag.py:4180} INFO - Setting next_dagrun for read_dataset_event to 2025-12-14 00:00:00+00:00, run_after=2025-12-15 00:00:00+00:00
[2025-12-15T19:18:49.414+0000] {logging_mixin.py:190} INFO - [2025-12-15T19:18:49.413+0000] {dag.py:4180} INFO - Setting next_dagrun for read_dataset_event_from_classic to 2025-12-14 00:00:00+00:00, run_after=2025-12-15 00:00:00+00:00
[2025-12-15T19:18:49.526+0000] {processor.py:208} INFO - Processing /home/airflow/.local/lib/python3.12/site-packages/airflow/example_dags/example_inlet_event_extra.py took 1.267 seconds
