[2025-12-15T18:56:28.146+0000] {processor.py:186} INFO - Started process (PID=421) to work on /home/airflow/.local/lib/python3.12/site-packages/airflow/example_dags/example_bash_decorator.py
[2025-12-15T18:56:28.158+0000] {processor.py:914} INFO - Processing file /home/airflow/.local/lib/python3.12/site-packages/airflow/example_dags/example_bash_decorator.py for tasks to queue
[2025-12-15T18:56:28.174+0000] {logging_mixin.py:190} INFO - [2025-12-15T18:56:28.173+0000] {dagbag.py:588} INFO - Filling up the DagBag from /home/airflow/.local/lib/python3.12/site-packages/airflow/example_dags/example_bash_decorator.py
[2025-12-15T18:56:28.309+0000] {processor.py:925} INFO - DAG(s) 'example_bash_decorator' retrieved from /home/airflow/.local/lib/python3.12/site-packages/airflow/example_dags/example_bash_decorator.py
[2025-12-15T18:56:28.728+0000] {logging_mixin.py:190} INFO - [2025-12-15T18:56:28.726+0000] {override.py:1911} INFO - Created Permission View: can read on DAG:example_bash_decorator
[2025-12-15T18:56:28.754+0000] {logging_mixin.py:190} INFO - [2025-12-15T18:56:28.753+0000] {override.py:1911} INFO - Created Permission View: can edit on DAG:example_bash_decorator
[2025-12-15T18:56:28.772+0000] {logging_mixin.py:190} INFO - [2025-12-15T18:56:28.772+0000] {override.py:1911} INFO - Created Permission View: can delete on DAG:example_bash_decorator
[2025-12-15T18:56:28.791+0000] {logging_mixin.py:190} INFO - [2025-12-15T18:56:28.791+0000] {override.py:1911} INFO - Created Permission View: can read on DAG Run:example_bash_decorator
[2025-12-15T18:56:28.811+0000] {logging_mixin.py:190} INFO - [2025-12-15T18:56:28.810+0000] {override.py:1911} INFO - Created Permission View: menu access on DAG Run:example_bash_decorator
[2025-12-15T18:56:28.834+0000] {logging_mixin.py:190} INFO - [2025-12-15T18:56:28.833+0000] {override.py:1911} INFO - Created Permission View: can create on DAG Run:example_bash_decorator
[2025-12-15T18:56:28.854+0000] {logging_mixin.py:190} INFO - [2025-12-15T18:56:28.853+0000] {override.py:1911} INFO - Created Permission View: can delete on DAG Run:example_bash_decorator
[2025-12-15T18:56:28.855+0000] {logging_mixin.py:190} INFO - [2025-12-15T18:56:28.855+0000] {dag.py:3239} INFO - Sync 1 DAGs
[2025-12-15T18:56:28.894+0000] {logging_mixin.py:190} INFO - [2025-12-15T18:56:28.893+0000] {dag.py:3262} INFO - Creating ORM DAG for example_bash_decorator
[2025-12-15T18:56:28.896+0000] {logging_mixin.py:190} INFO - [2025-12-15T18:56:28.895+0000] {dag.py:4180} INFO - Setting next_dagrun for example_bash_decorator to None, run_after=None
[2025-12-15T18:56:28.941+0000] {processor.py:208} INFO - Processing /home/airflow/.local/lib/python3.12/site-packages/airflow/example_dags/example_bash_decorator.py took 0.854 seconds
[2025-12-15T18:56:59.145+0000] {processor.py:186} INFO - Started process (PID=710) to work on /home/airflow/.local/lib/python3.12/site-packages/airflow/example_dags/example_bash_decorator.py
[2025-12-15T18:56:59.147+0000] {processor.py:914} INFO - Processing file /home/airflow/.local/lib/python3.12/site-packages/airflow/example_dags/example_bash_decorator.py for tasks to queue
[2025-12-15T18:56:59.153+0000] {logging_mixin.py:190} INFO - [2025-12-15T18:56:59.152+0000] {dagbag.py:588} INFO - Filling up the DagBag from /home/airflow/.local/lib/python3.12/site-packages/airflow/example_dags/example_bash_decorator.py
[2025-12-15T18:56:59.189+0000] {processor.py:925} INFO - DAG(s) 'example_bash_decorator' retrieved from /home/airflow/.local/lib/python3.12/site-packages/airflow/example_dags/example_bash_decorator.py
[2025-12-15T18:56:59.242+0000] {logging_mixin.py:190} INFO - [2025-12-15T18:56:59.241+0000] {dag.py:3239} INFO - Sync 1 DAGs
[2025-12-15T18:56:59.276+0000] {logging_mixin.py:190} INFO - [2025-12-15T18:56:59.276+0000] {dag.py:4180} INFO - Setting next_dagrun for example_bash_decorator to None, run_after=None
[2025-12-15T18:56:59.326+0000] {processor.py:208} INFO - Processing /home/airflow/.local/lib/python3.12/site-packages/airflow/example_dags/example_bash_decorator.py took 0.196 seconds
[2025-12-15T18:57:34.782+0000] {processor.py:186} INFO - Started process (PID=1006) to work on /home/airflow/.local/lib/python3.12/site-packages/airflow/example_dags/example_bash_decorator.py
[2025-12-15T18:57:34.784+0000] {processor.py:914} INFO - Processing file /home/airflow/.local/lib/python3.12/site-packages/airflow/example_dags/example_bash_decorator.py for tasks to queue
[2025-12-15T18:57:34.789+0000] {logging_mixin.py:190} INFO - [2025-12-15T18:57:34.789+0000] {dagbag.py:588} INFO - Filling up the DagBag from /home/airflow/.local/lib/python3.12/site-packages/airflow/example_dags/example_bash_decorator.py
[2025-12-15T18:57:34.823+0000] {processor.py:925} INFO - DAG(s) 'example_bash_decorator' retrieved from /home/airflow/.local/lib/python3.12/site-packages/airflow/example_dags/example_bash_decorator.py
[2025-12-15T18:57:34.910+0000] {logging_mixin.py:190} INFO - [2025-12-15T18:57:34.909+0000] {dag.py:3239} INFO - Sync 1 DAGs
[2025-12-15T18:57:35.007+0000] {logging_mixin.py:190} INFO - [2025-12-15T18:57:35.006+0000] {dag.py:4180} INFO - Setting next_dagrun for example_bash_decorator to None, run_after=None
[2025-12-15T18:57:35.087+0000] {processor.py:208} INFO - Processing /home/airflow/.local/lib/python3.12/site-packages/airflow/example_dags/example_bash_decorator.py took 0.319 seconds
[2025-12-15T18:58:17.064+0000] {processor.py:186} INFO - Started process (PID=1306) to work on /home/airflow/.local/lib/python3.12/site-packages/airflow/example_dags/example_bash_decorator.py
[2025-12-15T18:58:17.067+0000] {processor.py:914} INFO - Processing file /home/airflow/.local/lib/python3.12/site-packages/airflow/example_dags/example_bash_decorator.py for tasks to queue
[2025-12-15T18:58:17.074+0000] {logging_mixin.py:190} INFO - [2025-12-15T18:58:17.074+0000] {dagbag.py:588} INFO - Filling up the DagBag from /home/airflow/.local/lib/python3.12/site-packages/airflow/example_dags/example_bash_decorator.py
[2025-12-15T18:58:17.111+0000] {processor.py:925} INFO - DAG(s) 'example_bash_decorator' retrieved from /home/airflow/.local/lib/python3.12/site-packages/airflow/example_dags/example_bash_decorator.py
[2025-12-15T18:58:17.183+0000] {logging_mixin.py:190} INFO - [2025-12-15T18:58:17.183+0000] {dag.py:3239} INFO - Sync 1 DAGs
[2025-12-15T18:58:17.217+0000] {logging_mixin.py:190} INFO - [2025-12-15T18:58:17.217+0000] {dag.py:4180} INFO - Setting next_dagrun for example_bash_decorator to None, run_after=None
[2025-12-15T18:58:17.282+0000] {processor.py:208} INFO - Processing /home/airflow/.local/lib/python3.12/site-packages/airflow/example_dags/example_bash_decorator.py took 0.277 seconds
[2025-12-15T18:58:47.411+0000] {processor.py:186} INFO - Started process (PID=1594) to work on /home/airflow/.local/lib/python3.12/site-packages/airflow/example_dags/example_bash_decorator.py
[2025-12-15T18:58:47.413+0000] {processor.py:914} INFO - Processing file /home/airflow/.local/lib/python3.12/site-packages/airflow/example_dags/example_bash_decorator.py for tasks to queue
[2025-12-15T18:58:47.415+0000] {logging_mixin.py:190} INFO - [2025-12-15T18:58:47.415+0000] {dagbag.py:588} INFO - Filling up the DagBag from /home/airflow/.local/lib/python3.12/site-packages/airflow/example_dags/example_bash_decorator.py
[2025-12-15T18:58:47.437+0000] {processor.py:925} INFO - DAG(s) 'example_bash_decorator' retrieved from /home/airflow/.local/lib/python3.12/site-packages/airflow/example_dags/example_bash_decorator.py
[2025-12-15T18:58:47.467+0000] {logging_mixin.py:190} INFO - [2025-12-15T18:58:47.467+0000] {dag.py:3239} INFO - Sync 1 DAGs
[2025-12-15T18:58:47.492+0000] {logging_mixin.py:190} INFO - [2025-12-15T18:58:47.492+0000] {dag.py:4180} INFO - Setting next_dagrun for example_bash_decorator to None, run_after=None
[2025-12-15T18:58:47.527+0000] {processor.py:208} INFO - Processing /home/airflow/.local/lib/python3.12/site-packages/airflow/example_dags/example_bash_decorator.py took 0.123 seconds
[2025-12-15T18:59:55.864+0000] {processor.py:186} INFO - Started process (PID=2007) to work on /home/airflow/.local/lib/python3.12/site-packages/airflow/example_dags/example_bash_decorator.py
[2025-12-15T18:59:55.867+0000] {processor.py:914} INFO - Processing file /home/airflow/.local/lib/python3.12/site-packages/airflow/example_dags/example_bash_decorator.py for tasks to queue
[2025-12-15T18:59:55.885+0000] {logging_mixin.py:190} INFO - [2025-12-15T18:59:55.884+0000] {dagbag.py:588} INFO - Filling up the DagBag from /home/airflow/.local/lib/python3.12/site-packages/airflow/example_dags/example_bash_decorator.py
[2025-12-15T18:59:56.064+0000] {processor.py:925} INFO - DAG(s) 'example_bash_decorator' retrieved from /home/airflow/.local/lib/python3.12/site-packages/airflow/example_dags/example_bash_decorator.py
[2025-12-15T18:59:56.748+0000] {logging_mixin.py:190} INFO - [2025-12-15T18:59:56.747+0000] {dag.py:3239} INFO - Sync 1 DAGs
[2025-12-15T18:59:56.889+0000] {logging_mixin.py:190} INFO - [2025-12-15T18:59:56.888+0000] {dag.py:4180} INFO - Setting next_dagrun for example_bash_decorator to None, run_after=None
[2025-12-15T18:59:57.045+0000] {processor.py:208} INFO - Processing /home/airflow/.local/lib/python3.12/site-packages/airflow/example_dags/example_bash_decorator.py took 1.222 seconds
[2025-12-15T19:01:56.790+0000] {processor.py:186} INFO - Started process (PID=2330) to work on /home/airflow/.local/lib/python3.12/site-packages/airflow/example_dags/example_bash_decorator.py
[2025-12-15T19:01:56.791+0000] {processor.py:914} INFO - Processing file /home/airflow/.local/lib/python3.12/site-packages/airflow/example_dags/example_bash_decorator.py for tasks to queue
[2025-12-15T19:01:56.796+0000] {logging_mixin.py:190} INFO - [2025-12-15T19:01:56.795+0000] {dagbag.py:588} INFO - Filling up the DagBag from /home/airflow/.local/lib/python3.12/site-packages/airflow/example_dags/example_bash_decorator.py
[2025-12-15T19:01:56.848+0000] {processor.py:925} INFO - DAG(s) 'example_bash_decorator' retrieved from /home/airflow/.local/lib/python3.12/site-packages/airflow/example_dags/example_bash_decorator.py
[2025-12-15T19:01:56.909+0000] {logging_mixin.py:190} INFO - [2025-12-15T19:01:56.909+0000] {dag.py:3239} INFO - Sync 1 DAGs
[2025-12-15T19:01:56.964+0000] {logging_mixin.py:190} INFO - [2025-12-15T19:01:56.963+0000] {dag.py:4180} INFO - Setting next_dagrun for example_bash_decorator to None, run_after=None
[2025-12-15T19:01:57.011+0000] {processor.py:208} INFO - Processing /home/airflow/.local/lib/python3.12/site-packages/airflow/example_dags/example_bash_decorator.py took 0.242 seconds
[2025-12-15T19:02:30.209+0000] {processor.py:186} INFO - Started process (PID=2631) to work on /home/airflow/.local/lib/python3.12/site-packages/airflow/example_dags/example_bash_decorator.py
[2025-12-15T19:02:30.211+0000] {processor.py:914} INFO - Processing file /home/airflow/.local/lib/python3.12/site-packages/airflow/example_dags/example_bash_decorator.py for tasks to queue
[2025-12-15T19:02:30.215+0000] {logging_mixin.py:190} INFO - [2025-12-15T19:02:30.215+0000] {dagbag.py:588} INFO - Filling up the DagBag from /home/airflow/.local/lib/python3.12/site-packages/airflow/example_dags/example_bash_decorator.py
[2025-12-15T19:02:30.256+0000] {processor.py:925} INFO - DAG(s) 'example_bash_decorator' retrieved from /home/airflow/.local/lib/python3.12/site-packages/airflow/example_dags/example_bash_decorator.py
[2025-12-15T19:02:30.326+0000] {logging_mixin.py:190} INFO - [2025-12-15T19:02:30.325+0000] {dag.py:3239} INFO - Sync 1 DAGs
[2025-12-15T19:02:30.370+0000] {logging_mixin.py:190} INFO - [2025-12-15T19:02:30.367+0000] {dag.py:4180} INFO - Setting next_dagrun for example_bash_decorator to None, run_after=None
[2025-12-15T19:02:30.431+0000] {processor.py:208} INFO - Processing /home/airflow/.local/lib/python3.12/site-packages/airflow/example_dags/example_bash_decorator.py took 0.242 seconds
[2025-12-15T19:03:01.909+0000] {processor.py:186} INFO - Started process (PID=2922) to work on /home/airflow/.local/lib/python3.12/site-packages/airflow/example_dags/example_bash_decorator.py
[2025-12-15T19:03:01.916+0000] {processor.py:914} INFO - Processing file /home/airflow/.local/lib/python3.12/site-packages/airflow/example_dags/example_bash_decorator.py for tasks to queue
[2025-12-15T19:03:01.927+0000] {logging_mixin.py:190} INFO - [2025-12-15T19:03:01.922+0000] {dagbag.py:588} INFO - Filling up the DagBag from /home/airflow/.local/lib/python3.12/site-packages/airflow/example_dags/example_bash_decorator.py
[2025-12-15T19:03:02.034+0000] {processor.py:925} INFO - DAG(s) 'example_bash_decorator' retrieved from /home/airflow/.local/lib/python3.12/site-packages/airflow/example_dags/example_bash_decorator.py
[2025-12-15T19:03:02.182+0000] {logging_mixin.py:190} INFO - [2025-12-15T19:03:02.182+0000] {dag.py:3239} INFO - Sync 1 DAGs
[2025-12-15T19:03:02.279+0000] {logging_mixin.py:190} INFO - [2025-12-15T19:03:02.278+0000] {dag.py:4180} INFO - Setting next_dagrun for example_bash_decorator to None, run_after=None
[2025-12-15T19:03:02.387+0000] {processor.py:208} INFO - Processing /home/airflow/.local/lib/python3.12/site-packages/airflow/example_dags/example_bash_decorator.py took 0.515 seconds
[2025-12-15T19:03:32.570+0000] {processor.py:186} INFO - Started process (PID=3208) to work on /home/airflow/.local/lib/python3.12/site-packages/airflow/example_dags/example_bash_decorator.py
[2025-12-15T19:03:32.573+0000] {processor.py:914} INFO - Processing file /home/airflow/.local/lib/python3.12/site-packages/airflow/example_dags/example_bash_decorator.py for tasks to queue
[2025-12-15T19:03:32.583+0000] {logging_mixin.py:190} INFO - [2025-12-15T19:03:32.580+0000] {dagbag.py:588} INFO - Filling up the DagBag from /home/airflow/.local/lib/python3.12/site-packages/airflow/example_dags/example_bash_decorator.py
[2025-12-15T19:03:32.622+0000] {processor.py:925} INFO - DAG(s) 'example_bash_decorator' retrieved from /home/airflow/.local/lib/python3.12/site-packages/airflow/example_dags/example_bash_decorator.py
[2025-12-15T19:03:32.678+0000] {logging_mixin.py:190} INFO - [2025-12-15T19:03:32.676+0000] {dag.py:3239} INFO - Sync 1 DAGs
[2025-12-15T19:03:32.707+0000] {logging_mixin.py:190} INFO - [2025-12-15T19:03:32.706+0000] {dag.py:4180} INFO - Setting next_dagrun for example_bash_decorator to None, run_after=None
[2025-12-15T19:03:32.747+0000] {processor.py:208} INFO - Processing /home/airflow/.local/lib/python3.12/site-packages/airflow/example_dags/example_bash_decorator.py took 0.190 seconds
[2025-12-15T19:04:08.736+0000] {processor.py:186} INFO - Started process (PID=3504) to work on /home/airflow/.local/lib/python3.12/site-packages/airflow/example_dags/example_bash_decorator.py
[2025-12-15T19:04:08.738+0000] {processor.py:914} INFO - Processing file /home/airflow/.local/lib/python3.12/site-packages/airflow/example_dags/example_bash_decorator.py for tasks to queue
[2025-12-15T19:04:08.741+0000] {logging_mixin.py:190} INFO - [2025-12-15T19:04:08.741+0000] {dagbag.py:588} INFO - Filling up the DagBag from /home/airflow/.local/lib/python3.12/site-packages/airflow/example_dags/example_bash_decorator.py
[2025-12-15T19:04:08.779+0000] {processor.py:925} INFO - DAG(s) 'example_bash_decorator' retrieved from /home/airflow/.local/lib/python3.12/site-packages/airflow/example_dags/example_bash_decorator.py
[2025-12-15T19:04:08.825+0000] {logging_mixin.py:190} INFO - [2025-12-15T19:04:08.825+0000] {dag.py:3239} INFO - Sync 1 DAGs
[2025-12-15T19:04:08.855+0000] {logging_mixin.py:190} INFO - [2025-12-15T19:04:08.855+0000] {dag.py:4180} INFO - Setting next_dagrun for example_bash_decorator to None, run_after=None
[2025-12-15T19:04:08.892+0000] {processor.py:208} INFO - Processing /home/airflow/.local/lib/python3.12/site-packages/airflow/example_dags/example_bash_decorator.py took 0.170 seconds
[2025-12-15T19:04:44.120+0000] {processor.py:186} INFO - Started process (PID=3880) to work on /home/airflow/.local/lib/python3.12/site-packages/airflow/example_dags/example_bash_decorator.py
[2025-12-15T19:04:44.123+0000] {processor.py:914} INFO - Processing file /home/airflow/.local/lib/python3.12/site-packages/airflow/example_dags/example_bash_decorator.py for tasks to queue
[2025-12-15T19:04:44.129+0000] {logging_mixin.py:190} INFO - [2025-12-15T19:04:44.128+0000] {dagbag.py:588} INFO - Filling up the DagBag from /home/airflow/.local/lib/python3.12/site-packages/airflow/example_dags/example_bash_decorator.py
[2025-12-15T19:04:44.167+0000] {processor.py:925} INFO - DAG(s) 'example_bash_decorator' retrieved from /home/airflow/.local/lib/python3.12/site-packages/airflow/example_dags/example_bash_decorator.py
[2025-12-15T19:04:44.212+0000] {logging_mixin.py:190} INFO - [2025-12-15T19:04:44.212+0000] {dag.py:3239} INFO - Sync 1 DAGs
[2025-12-15T19:04:44.247+0000] {logging_mixin.py:190} INFO - [2025-12-15T19:04:44.247+0000] {dag.py:4180} INFO - Setting next_dagrun for example_bash_decorator to None, run_after=None
[2025-12-15T19:04:44.281+0000] {processor.py:208} INFO - Processing /home/airflow/.local/lib/python3.12/site-packages/airflow/example_dags/example_bash_decorator.py took 0.174 seconds
[2025-12-15T19:05:17.570+0000] {processor.py:186} INFO - Started process (PID=4183) to work on /home/airflow/.local/lib/python3.12/site-packages/airflow/example_dags/example_bash_decorator.py
[2025-12-15T19:05:17.572+0000] {processor.py:914} INFO - Processing file /home/airflow/.local/lib/python3.12/site-packages/airflow/example_dags/example_bash_decorator.py for tasks to queue
[2025-12-15T19:05:17.576+0000] {logging_mixin.py:190} INFO - [2025-12-15T19:05:17.575+0000] {dagbag.py:588} INFO - Filling up the DagBag from /home/airflow/.local/lib/python3.12/site-packages/airflow/example_dags/example_bash_decorator.py
[2025-12-15T19:05:17.603+0000] {processor.py:925} INFO - DAG(s) 'example_bash_decorator' retrieved from /home/airflow/.local/lib/python3.12/site-packages/airflow/example_dags/example_bash_decorator.py
[2025-12-15T19:05:17.639+0000] {logging_mixin.py:190} INFO - [2025-12-15T19:05:17.638+0000] {dag.py:3239} INFO - Sync 1 DAGs
[2025-12-15T19:05:17.670+0000] {logging_mixin.py:190} INFO - [2025-12-15T19:05:17.670+0000] {dag.py:4180} INFO - Setting next_dagrun for example_bash_decorator to None, run_after=None
[2025-12-15T19:05:17.700+0000] {processor.py:208} INFO - Processing /home/airflow/.local/lib/python3.12/site-packages/airflow/example_dags/example_bash_decorator.py took 0.144 seconds
[2025-12-15T19:05:48.642+0000] {processor.py:186} INFO - Started process (PID=4472) to work on /home/airflow/.local/lib/python3.12/site-packages/airflow/example_dags/example_bash_decorator.py
[2025-12-15T19:05:48.644+0000] {processor.py:914} INFO - Processing file /home/airflow/.local/lib/python3.12/site-packages/airflow/example_dags/example_bash_decorator.py for tasks to queue
[2025-12-15T19:05:48.649+0000] {logging_mixin.py:190} INFO - [2025-12-15T19:05:48.648+0000] {dagbag.py:588} INFO - Filling up the DagBag from /home/airflow/.local/lib/python3.12/site-packages/airflow/example_dags/example_bash_decorator.py
[2025-12-15T19:05:48.683+0000] {processor.py:925} INFO - DAG(s) 'example_bash_decorator' retrieved from /home/airflow/.local/lib/python3.12/site-packages/airflow/example_dags/example_bash_decorator.py
[2025-12-15T19:05:48.722+0000] {logging_mixin.py:190} INFO - [2025-12-15T19:05:48.722+0000] {dag.py:3239} INFO - Sync 1 DAGs
[2025-12-15T19:05:48.744+0000] {logging_mixin.py:190} INFO - [2025-12-15T19:05:48.744+0000] {dag.py:4180} INFO - Setting next_dagrun for example_bash_decorator to None, run_after=None
[2025-12-15T19:05:48.769+0000] {processor.py:208} INFO - Processing /home/airflow/.local/lib/python3.12/site-packages/airflow/example_dags/example_bash_decorator.py took 0.139 seconds
[2025-12-15T19:06:22.612+0000] {processor.py:186} INFO - Started process (PID=4763) to work on /home/airflow/.local/lib/python3.12/site-packages/airflow/example_dags/example_bash_decorator.py
[2025-12-15T19:06:22.616+0000] {processor.py:914} INFO - Processing file /home/airflow/.local/lib/python3.12/site-packages/airflow/example_dags/example_bash_decorator.py for tasks to queue
[2025-12-15T19:06:22.619+0000] {logging_mixin.py:190} INFO - [2025-12-15T19:06:22.619+0000] {dagbag.py:588} INFO - Filling up the DagBag from /home/airflow/.local/lib/python3.12/site-packages/airflow/example_dags/example_bash_decorator.py
[2025-12-15T19:06:22.649+0000] {processor.py:925} INFO - DAG(s) 'example_bash_decorator' retrieved from /home/airflow/.local/lib/python3.12/site-packages/airflow/example_dags/example_bash_decorator.py
[2025-12-15T19:06:22.692+0000] {logging_mixin.py:190} INFO - [2025-12-15T19:06:22.692+0000] {dag.py:3239} INFO - Sync 1 DAGs
[2025-12-15T19:06:22.722+0000] {logging_mixin.py:190} INFO - [2025-12-15T19:06:22.722+0000] {dag.py:4180} INFO - Setting next_dagrun for example_bash_decorator to None, run_after=None
[2025-12-15T19:06:22.759+0000] {processor.py:208} INFO - Processing /home/airflow/.local/lib/python3.12/site-packages/airflow/example_dags/example_bash_decorator.py took 0.157 seconds
[2025-12-15T19:06:55.491+0000] {processor.py:186} INFO - Started process (PID=5054) to work on /home/airflow/.local/lib/python3.12/site-packages/airflow/example_dags/example_bash_decorator.py
[2025-12-15T19:06:55.495+0000] {processor.py:914} INFO - Processing file /home/airflow/.local/lib/python3.12/site-packages/airflow/example_dags/example_bash_decorator.py for tasks to queue
[2025-12-15T19:06:55.504+0000] {logging_mixin.py:190} INFO - [2025-12-15T19:06:55.503+0000] {dagbag.py:588} INFO - Filling up the DagBag from /home/airflow/.local/lib/python3.12/site-packages/airflow/example_dags/example_bash_decorator.py
[2025-12-15T19:06:55.556+0000] {processor.py:925} INFO - DAG(s) 'example_bash_decorator' retrieved from /home/airflow/.local/lib/python3.12/site-packages/airflow/example_dags/example_bash_decorator.py
[2025-12-15T19:06:55.604+0000] {logging_mixin.py:190} INFO - [2025-12-15T19:06:55.604+0000] {dag.py:3239} INFO - Sync 1 DAGs
[2025-12-15T19:06:55.635+0000] {logging_mixin.py:190} INFO - [2025-12-15T19:06:55.634+0000] {dag.py:4180} INFO - Setting next_dagrun for example_bash_decorator to None, run_after=None
[2025-12-15T19:06:55.667+0000] {processor.py:208} INFO - Processing /home/airflow/.local/lib/python3.12/site-packages/airflow/example_dags/example_bash_decorator.py took 0.200 seconds
[2025-12-15T19:07:32.473+0000] {processor.py:186} INFO - Started process (PID=5347) to work on /home/airflow/.local/lib/python3.12/site-packages/airflow/example_dags/example_bash_decorator.py
[2025-12-15T19:07:32.475+0000] {processor.py:914} INFO - Processing file /home/airflow/.local/lib/python3.12/site-packages/airflow/example_dags/example_bash_decorator.py for tasks to queue
[2025-12-15T19:07:32.479+0000] {logging_mixin.py:190} INFO - [2025-12-15T19:07:32.478+0000] {dagbag.py:588} INFO - Filling up the DagBag from /home/airflow/.local/lib/python3.12/site-packages/airflow/example_dags/example_bash_decorator.py
[2025-12-15T19:07:32.506+0000] {processor.py:925} INFO - DAG(s) 'example_bash_decorator' retrieved from /home/airflow/.local/lib/python3.12/site-packages/airflow/example_dags/example_bash_decorator.py
[2025-12-15T19:07:32.543+0000] {logging_mixin.py:190} INFO - [2025-12-15T19:07:32.542+0000] {dag.py:3239} INFO - Sync 1 DAGs
[2025-12-15T19:07:32.571+0000] {logging_mixin.py:190} INFO - [2025-12-15T19:07:32.571+0000] {dag.py:4180} INFO - Setting next_dagrun for example_bash_decorator to None, run_after=None
[2025-12-15T19:07:32.603+0000] {processor.py:208} INFO - Processing /home/airflow/.local/lib/python3.12/site-packages/airflow/example_dags/example_bash_decorator.py took 0.141 seconds
[2025-12-15T19:08:04.506+0000] {processor.py:186} INFO - Started process (PID=5638) to work on /home/airflow/.local/lib/python3.12/site-packages/airflow/example_dags/example_bash_decorator.py
[2025-12-15T19:08:04.508+0000] {processor.py:914} INFO - Processing file /home/airflow/.local/lib/python3.12/site-packages/airflow/example_dags/example_bash_decorator.py for tasks to queue
[2025-12-15T19:08:04.512+0000] {logging_mixin.py:190} INFO - [2025-12-15T19:08:04.511+0000] {dagbag.py:588} INFO - Filling up the DagBag from /home/airflow/.local/lib/python3.12/site-packages/airflow/example_dags/example_bash_decorator.py
[2025-12-15T19:08:04.542+0000] {processor.py:925} INFO - DAG(s) 'example_bash_decorator' retrieved from /home/airflow/.local/lib/python3.12/site-packages/airflow/example_dags/example_bash_decorator.py
[2025-12-15T19:08:04.578+0000] {logging_mixin.py:190} INFO - [2025-12-15T19:08:04.578+0000] {dag.py:3239} INFO - Sync 1 DAGs
[2025-12-15T19:08:04.600+0000] {logging_mixin.py:190} INFO - [2025-12-15T19:08:04.600+0000] {dag.py:4180} INFO - Setting next_dagrun for example_bash_decorator to None, run_after=None
[2025-12-15T19:08:04.627+0000] {processor.py:208} INFO - Processing /home/airflow/.local/lib/python3.12/site-packages/airflow/example_dags/example_bash_decorator.py took 0.131 seconds
[2025-12-15T19:08:39.294+0000] {processor.py:186} INFO - Started process (PID=5927) to work on /home/airflow/.local/lib/python3.12/site-packages/airflow/example_dags/example_bash_decorator.py
[2025-12-15T19:08:39.296+0000] {processor.py:914} INFO - Processing file /home/airflow/.local/lib/python3.12/site-packages/airflow/example_dags/example_bash_decorator.py for tasks to queue
[2025-12-15T19:08:39.303+0000] {logging_mixin.py:190} INFO - [2025-12-15T19:08:39.302+0000] {dagbag.py:588} INFO - Filling up the DagBag from /home/airflow/.local/lib/python3.12/site-packages/airflow/example_dags/example_bash_decorator.py
[2025-12-15T19:08:39.342+0000] {processor.py:925} INFO - DAG(s) 'example_bash_decorator' retrieved from /home/airflow/.local/lib/python3.12/site-packages/airflow/example_dags/example_bash_decorator.py
[2025-12-15T19:08:39.396+0000] {logging_mixin.py:190} INFO - [2025-12-15T19:08:39.395+0000] {dag.py:3239} INFO - Sync 1 DAGs
[2025-12-15T19:08:39.434+0000] {logging_mixin.py:190} INFO - [2025-12-15T19:08:39.434+0000] {dag.py:4180} INFO - Setting next_dagrun for example_bash_decorator to None, run_after=None
[2025-12-15T19:08:39.483+0000] {processor.py:208} INFO - Processing /home/airflow/.local/lib/python3.12/site-packages/airflow/example_dags/example_bash_decorator.py took 0.209 seconds
[2025-12-15T19:09:10.946+0000] {processor.py:186} INFO - Started process (PID=6220) to work on /home/airflow/.local/lib/python3.12/site-packages/airflow/example_dags/example_bash_decorator.py
[2025-12-15T19:09:10.948+0000] {processor.py:914} INFO - Processing file /home/airflow/.local/lib/python3.12/site-packages/airflow/example_dags/example_bash_decorator.py for tasks to queue
[2025-12-15T19:09:10.952+0000] {logging_mixin.py:190} INFO - [2025-12-15T19:09:10.951+0000] {dagbag.py:588} INFO - Filling up the DagBag from /home/airflow/.local/lib/python3.12/site-packages/airflow/example_dags/example_bash_decorator.py
[2025-12-15T19:09:10.980+0000] {processor.py:925} INFO - DAG(s) 'example_bash_decorator' retrieved from /home/airflow/.local/lib/python3.12/site-packages/airflow/example_dags/example_bash_decorator.py
[2025-12-15T19:09:11.021+0000] {logging_mixin.py:190} INFO - [2025-12-15T19:09:11.021+0000] {dag.py:3239} INFO - Sync 1 DAGs
[2025-12-15T19:09:11.046+0000] {logging_mixin.py:190} INFO - [2025-12-15T19:09:11.046+0000] {dag.py:4180} INFO - Setting next_dagrun for example_bash_decorator to None, run_after=None
[2025-12-15T19:09:11.073+0000] {processor.py:208} INFO - Processing /home/airflow/.local/lib/python3.12/site-packages/airflow/example_dags/example_bash_decorator.py took 0.137 seconds
[2025-12-15T19:09:43.805+0000] {processor.py:186} INFO - Started process (PID=6511) to work on /home/airflow/.local/lib/python3.12/site-packages/airflow/example_dags/example_bash_decorator.py
[2025-12-15T19:09:43.807+0000] {processor.py:914} INFO - Processing file /home/airflow/.local/lib/python3.12/site-packages/airflow/example_dags/example_bash_decorator.py for tasks to queue
[2025-12-15T19:09:43.811+0000] {logging_mixin.py:190} INFO - [2025-12-15T19:09:43.810+0000] {dagbag.py:588} INFO - Filling up the DagBag from /home/airflow/.local/lib/python3.12/site-packages/airflow/example_dags/example_bash_decorator.py
[2025-12-15T19:09:43.841+0000] {processor.py:925} INFO - DAG(s) 'example_bash_decorator' retrieved from /home/airflow/.local/lib/python3.12/site-packages/airflow/example_dags/example_bash_decorator.py
[2025-12-15T19:09:43.886+0000] {logging_mixin.py:190} INFO - [2025-12-15T19:09:43.886+0000] {dag.py:3239} INFO - Sync 1 DAGs
[2025-12-15T19:09:43.918+0000] {logging_mixin.py:190} INFO - [2025-12-15T19:09:43.917+0000] {dag.py:4180} INFO - Setting next_dagrun for example_bash_decorator to None, run_after=None
[2025-12-15T19:09:43.959+0000] {processor.py:208} INFO - Processing /home/airflow/.local/lib/python3.12/site-packages/airflow/example_dags/example_bash_decorator.py took 0.165 seconds
[2025-12-15T19:10:15.469+0000] {processor.py:186} INFO - Started process (PID=6802) to work on /home/airflow/.local/lib/python3.12/site-packages/airflow/example_dags/example_bash_decorator.py
[2025-12-15T19:10:15.479+0000] {processor.py:914} INFO - Processing file /home/airflow/.local/lib/python3.12/site-packages/airflow/example_dags/example_bash_decorator.py for tasks to queue
[2025-12-15T19:10:15.483+0000] {logging_mixin.py:190} INFO - [2025-12-15T19:10:15.482+0000] {dagbag.py:588} INFO - Filling up the DagBag from /home/airflow/.local/lib/python3.12/site-packages/airflow/example_dags/example_bash_decorator.py
[2025-12-15T19:10:15.510+0000] {processor.py:925} INFO - DAG(s) 'example_bash_decorator' retrieved from /home/airflow/.local/lib/python3.12/site-packages/airflow/example_dags/example_bash_decorator.py
[2025-12-15T19:10:15.552+0000] {logging_mixin.py:190} INFO - [2025-12-15T19:10:15.551+0000] {dag.py:3239} INFO - Sync 1 DAGs
[2025-12-15T19:10:15.580+0000] {logging_mixin.py:190} INFO - [2025-12-15T19:10:15.580+0000] {dag.py:4180} INFO - Setting next_dagrun for example_bash_decorator to None, run_after=None
[2025-12-15T19:10:15.620+0000] {processor.py:208} INFO - Processing /home/airflow/.local/lib/python3.12/site-packages/airflow/example_dags/example_bash_decorator.py took 0.162 seconds
[2025-12-15T19:10:48.157+0000] {processor.py:186} INFO - Started process (PID=7094) to work on /home/airflow/.local/lib/python3.12/site-packages/airflow/example_dags/example_bash_decorator.py
[2025-12-15T19:10:48.159+0000] {processor.py:914} INFO - Processing file /home/airflow/.local/lib/python3.12/site-packages/airflow/example_dags/example_bash_decorator.py for tasks to queue
[2025-12-15T19:10:48.163+0000] {logging_mixin.py:190} INFO - [2025-12-15T19:10:48.162+0000] {dagbag.py:588} INFO - Filling up the DagBag from /home/airflow/.local/lib/python3.12/site-packages/airflow/example_dags/example_bash_decorator.py
[2025-12-15T19:10:48.196+0000] {processor.py:925} INFO - DAG(s) 'example_bash_decorator' retrieved from /home/airflow/.local/lib/python3.12/site-packages/airflow/example_dags/example_bash_decorator.py
[2025-12-15T19:10:48.240+0000] {logging_mixin.py:190} INFO - [2025-12-15T19:10:48.240+0000] {dag.py:3239} INFO - Sync 1 DAGs
[2025-12-15T19:10:48.266+0000] {logging_mixin.py:190} INFO - [2025-12-15T19:10:48.265+0000] {dag.py:4180} INFO - Setting next_dagrun for example_bash_decorator to None, run_after=None
[2025-12-15T19:10:48.300+0000] {processor.py:208} INFO - Processing /home/airflow/.local/lib/python3.12/site-packages/airflow/example_dags/example_bash_decorator.py took 0.156 seconds
[2025-12-15T19:11:19.212+0000] {processor.py:186} INFO - Started process (PID=7383) to work on /home/airflow/.local/lib/python3.12/site-packages/airflow/example_dags/example_bash_decorator.py
[2025-12-15T19:11:19.214+0000] {processor.py:914} INFO - Processing file /home/airflow/.local/lib/python3.12/site-packages/airflow/example_dags/example_bash_decorator.py for tasks to queue
[2025-12-15T19:11:19.216+0000] {logging_mixin.py:190} INFO - [2025-12-15T19:11:19.216+0000] {dagbag.py:588} INFO - Filling up the DagBag from /home/airflow/.local/lib/python3.12/site-packages/airflow/example_dags/example_bash_decorator.py
[2025-12-15T19:11:19.239+0000] {processor.py:925} INFO - DAG(s) 'example_bash_decorator' retrieved from /home/airflow/.local/lib/python3.12/site-packages/airflow/example_dags/example_bash_decorator.py
[2025-12-15T19:11:19.269+0000] {logging_mixin.py:190} INFO - [2025-12-15T19:11:19.269+0000] {dag.py:3239} INFO - Sync 1 DAGs
[2025-12-15T19:11:19.288+0000] {logging_mixin.py:190} INFO - [2025-12-15T19:11:19.288+0000] {dag.py:4180} INFO - Setting next_dagrun for example_bash_decorator to None, run_after=None
[2025-12-15T19:11:19.315+0000] {processor.py:208} INFO - Processing /home/airflow/.local/lib/python3.12/site-packages/airflow/example_dags/example_bash_decorator.py took 0.113 seconds
[2025-12-15T19:11:50.753+0000] {processor.py:186} INFO - Started process (PID=7676) to work on /home/airflow/.local/lib/python3.12/site-packages/airflow/example_dags/example_bash_decorator.py
[2025-12-15T19:11:50.773+0000] {processor.py:914} INFO - Processing file /home/airflow/.local/lib/python3.12/site-packages/airflow/example_dags/example_bash_decorator.py for tasks to queue
[2025-12-15T19:11:50.776+0000] {logging_mixin.py:190} INFO - [2025-12-15T19:11:50.775+0000] {dagbag.py:588} INFO - Filling up the DagBag from /home/airflow/.local/lib/python3.12/site-packages/airflow/example_dags/example_bash_decorator.py
[2025-12-15T19:11:50.806+0000] {processor.py:925} INFO - DAG(s) 'example_bash_decorator' retrieved from /home/airflow/.local/lib/python3.12/site-packages/airflow/example_dags/example_bash_decorator.py
[2025-12-15T19:11:50.846+0000] {logging_mixin.py:190} INFO - [2025-12-15T19:11:50.845+0000] {dag.py:3239} INFO - Sync 1 DAGs
[2025-12-15T19:11:50.871+0000] {logging_mixin.py:190} INFO - [2025-12-15T19:11:50.870+0000] {dag.py:4180} INFO - Setting next_dagrun for example_bash_decorator to None, run_after=None
[2025-12-15T19:11:50.919+0000] {processor.py:208} INFO - Processing /home/airflow/.local/lib/python3.12/site-packages/airflow/example_dags/example_bash_decorator.py took 0.177 seconds
[2025-12-15T19:12:22.077+0000] {processor.py:186} INFO - Started process (PID=7967) to work on /home/airflow/.local/lib/python3.12/site-packages/airflow/example_dags/example_bash_decorator.py
[2025-12-15T19:12:22.099+0000] {processor.py:914} INFO - Processing file /home/airflow/.local/lib/python3.12/site-packages/airflow/example_dags/example_bash_decorator.py for tasks to queue
[2025-12-15T19:12:22.101+0000] {logging_mixin.py:190} INFO - [2025-12-15T19:12:22.100+0000] {dagbag.py:588} INFO - Filling up the DagBag from /home/airflow/.local/lib/python3.12/site-packages/airflow/example_dags/example_bash_decorator.py
[2025-12-15T19:12:22.119+0000] {processor.py:925} INFO - DAG(s) 'example_bash_decorator' retrieved from /home/airflow/.local/lib/python3.12/site-packages/airflow/example_dags/example_bash_decorator.py
[2025-12-15T19:12:22.147+0000] {logging_mixin.py:190} INFO - [2025-12-15T19:12:22.146+0000] {dag.py:3239} INFO - Sync 1 DAGs
[2025-12-15T19:12:22.166+0000] {logging_mixin.py:190} INFO - [2025-12-15T19:12:22.165+0000] {dag.py:4180} INFO - Setting next_dagrun for example_bash_decorator to None, run_after=None
[2025-12-15T19:12:22.189+0000] {processor.py:208} INFO - Processing /home/airflow/.local/lib/python3.12/site-packages/airflow/example_dags/example_bash_decorator.py took 0.119 seconds
[2025-12-15T19:12:53.934+0000] {processor.py:186} INFO - Started process (PID=8258) to work on /home/airflow/.local/lib/python3.12/site-packages/airflow/example_dags/example_bash_decorator.py
[2025-12-15T19:12:53.936+0000] {processor.py:914} INFO - Processing file /home/airflow/.local/lib/python3.12/site-packages/airflow/example_dags/example_bash_decorator.py for tasks to queue
[2025-12-15T19:12:53.937+0000] {logging_mixin.py:190} INFO - [2025-12-15T19:12:53.937+0000] {dagbag.py:588} INFO - Filling up the DagBag from /home/airflow/.local/lib/python3.12/site-packages/airflow/example_dags/example_bash_decorator.py
[2025-12-15T19:12:53.956+0000] {processor.py:925} INFO - DAG(s) 'example_bash_decorator' retrieved from /home/airflow/.local/lib/python3.12/site-packages/airflow/example_dags/example_bash_decorator.py
[2025-12-15T19:12:53.985+0000] {logging_mixin.py:190} INFO - [2025-12-15T19:12:53.985+0000] {dag.py:3239} INFO - Sync 1 DAGs
[2025-12-15T19:12:54.004+0000] {logging_mixin.py:190} INFO - [2025-12-15T19:12:54.003+0000] {dag.py:4180} INFO - Setting next_dagrun for example_bash_decorator to None, run_after=None
[2025-12-15T19:12:54.027+0000] {processor.py:208} INFO - Processing /home/airflow/.local/lib/python3.12/site-packages/airflow/example_dags/example_bash_decorator.py took 0.102 seconds
[2025-12-15T19:13:27.322+0000] {processor.py:186} INFO - Started process (PID=8547) to work on /home/airflow/.local/lib/python3.12/site-packages/airflow/example_dags/example_bash_decorator.py
[2025-12-15T19:13:27.325+0000] {processor.py:914} INFO - Processing file /home/airflow/.local/lib/python3.12/site-packages/airflow/example_dags/example_bash_decorator.py for tasks to queue
[2025-12-15T19:13:27.330+0000] {logging_mixin.py:190} INFO - [2025-12-15T19:13:27.329+0000] {dagbag.py:588} INFO - Filling up the DagBag from /home/airflow/.local/lib/python3.12/site-packages/airflow/example_dags/example_bash_decorator.py
[2025-12-15T19:13:27.420+0000] {processor.py:925} INFO - DAG(s) 'example_bash_decorator' retrieved from /home/airflow/.local/lib/python3.12/site-packages/airflow/example_dags/example_bash_decorator.py
[2025-12-15T19:13:27.578+0000] {logging_mixin.py:190} INFO - [2025-12-15T19:13:27.569+0000] {dag.py:3239} INFO - Sync 1 DAGs
[2025-12-15T19:13:27.808+0000] {logging_mixin.py:190} INFO - [2025-12-15T19:13:27.808+0000] {dag.py:4180} INFO - Setting next_dagrun for example_bash_decorator to None, run_after=None
[2025-12-15T19:13:28.067+0000] {processor.py:208} INFO - Processing /home/airflow/.local/lib/python3.12/site-packages/airflow/example_dags/example_bash_decorator.py took 0.781 seconds
[2025-12-15T19:13:58.711+0000] {processor.py:186} INFO - Started process (PID=8838) to work on /home/airflow/.local/lib/python3.12/site-packages/airflow/example_dags/example_bash_decorator.py
[2025-12-15T19:13:58.732+0000] {processor.py:914} INFO - Processing file /home/airflow/.local/lib/python3.12/site-packages/airflow/example_dags/example_bash_decorator.py for tasks to queue
[2025-12-15T19:13:58.734+0000] {logging_mixin.py:190} INFO - [2025-12-15T19:13:58.734+0000] {dagbag.py:588} INFO - Filling up the DagBag from /home/airflow/.local/lib/python3.12/site-packages/airflow/example_dags/example_bash_decorator.py
[2025-12-15T19:13:58.763+0000] {processor.py:925} INFO - DAG(s) 'example_bash_decorator' retrieved from /home/airflow/.local/lib/python3.12/site-packages/airflow/example_dags/example_bash_decorator.py
[2025-12-15T19:13:58.822+0000] {logging_mixin.py:190} INFO - [2025-12-15T19:13:58.821+0000] {dag.py:3239} INFO - Sync 1 DAGs
[2025-12-15T19:13:58.853+0000] {logging_mixin.py:190} INFO - [2025-12-15T19:13:58.852+0000] {dag.py:4180} INFO - Setting next_dagrun for example_bash_decorator to None, run_after=None
[2025-12-15T19:13:58.905+0000] {processor.py:208} INFO - Processing /home/airflow/.local/lib/python3.12/site-packages/airflow/example_dags/example_bash_decorator.py took 0.203 seconds
[2025-12-15T19:14:29.347+0000] {processor.py:186} INFO - Started process (PID=9124) to work on /home/airflow/.local/lib/python3.12/site-packages/airflow/example_dags/example_bash_decorator.py
[2025-12-15T19:14:29.383+0000] {processor.py:914} INFO - Processing file /home/airflow/.local/lib/python3.12/site-packages/airflow/example_dags/example_bash_decorator.py for tasks to queue
[2025-12-15T19:14:29.386+0000] {logging_mixin.py:190} INFO - [2025-12-15T19:14:29.386+0000] {dagbag.py:588} INFO - Filling up the DagBag from /home/airflow/.local/lib/python3.12/site-packages/airflow/example_dags/example_bash_decorator.py
[2025-12-15T19:14:29.412+0000] {processor.py:925} INFO - DAG(s) 'example_bash_decorator' retrieved from /home/airflow/.local/lib/python3.12/site-packages/airflow/example_dags/example_bash_decorator.py
[2025-12-15T19:14:29.450+0000] {logging_mixin.py:190} INFO - [2025-12-15T19:14:29.450+0000] {dag.py:3239} INFO - Sync 1 DAGs
[2025-12-15T19:14:29.475+0000] {logging_mixin.py:190} INFO - [2025-12-15T19:14:29.475+0000] {dag.py:4180} INFO - Setting next_dagrun for example_bash_decorator to None, run_after=None
[2025-12-15T19:14:29.506+0000] {processor.py:208} INFO - Processing /home/airflow/.local/lib/python3.12/site-packages/airflow/example_dags/example_bash_decorator.py took 0.171 seconds
[2025-12-15T19:15:00.469+0000] {processor.py:186} INFO - Started process (PID=9410) to work on /home/airflow/.local/lib/python3.12/site-packages/airflow/example_dags/example_bash_decorator.py
[2025-12-15T19:15:00.488+0000] {processor.py:914} INFO - Processing file /home/airflow/.local/lib/python3.12/site-packages/airflow/example_dags/example_bash_decorator.py for tasks to queue
[2025-12-15T19:15:00.490+0000] {logging_mixin.py:190} INFO - [2025-12-15T19:15:00.489+0000] {dagbag.py:588} INFO - Filling up the DagBag from /home/airflow/.local/lib/python3.12/site-packages/airflow/example_dags/example_bash_decorator.py
[2025-12-15T19:15:00.521+0000] {processor.py:925} INFO - DAG(s) 'example_bash_decorator' retrieved from /home/airflow/.local/lib/python3.12/site-packages/airflow/example_dags/example_bash_decorator.py
[2025-12-15T19:15:00.567+0000] {logging_mixin.py:190} INFO - [2025-12-15T19:15:00.566+0000] {dag.py:3239} INFO - Sync 1 DAGs
[2025-12-15T19:15:00.595+0000] {logging_mixin.py:190} INFO - [2025-12-15T19:15:00.594+0000] {dag.py:4180} INFO - Setting next_dagrun for example_bash_decorator to None, run_after=None
[2025-12-15T19:15:00.628+0000] {processor.py:208} INFO - Processing /home/airflow/.local/lib/python3.12/site-packages/airflow/example_dags/example_bash_decorator.py took 0.171 seconds
[2025-12-15T19:15:30.688+0000] {processor.py:186} INFO - Started process (PID=9696) to work on /home/airflow/.local/lib/python3.12/site-packages/airflow/example_dags/example_bash_decorator.py
[2025-12-15T19:15:30.689+0000] {processor.py:914} INFO - Processing file /home/airflow/.local/lib/python3.12/site-packages/airflow/example_dags/example_bash_decorator.py for tasks to queue
[2025-12-15T19:15:30.691+0000] {logging_mixin.py:190} INFO - [2025-12-15T19:15:30.691+0000] {dagbag.py:588} INFO - Filling up the DagBag from /home/airflow/.local/lib/python3.12/site-packages/airflow/example_dags/example_bash_decorator.py
[2025-12-15T19:15:30.715+0000] {processor.py:925} INFO - DAG(s) 'example_bash_decorator' retrieved from /home/airflow/.local/lib/python3.12/site-packages/airflow/example_dags/example_bash_decorator.py
[2025-12-15T19:15:30.758+0000] {logging_mixin.py:190} INFO - [2025-12-15T19:15:30.758+0000] {dag.py:3239} INFO - Sync 1 DAGs
[2025-12-15T19:15:30.785+0000] {logging_mixin.py:190} INFO - [2025-12-15T19:15:30.784+0000] {dag.py:4180} INFO - Setting next_dagrun for example_bash_decorator to None, run_after=None
[2025-12-15T19:15:30.845+0000] {processor.py:208} INFO - Processing /home/airflow/.local/lib/python3.12/site-packages/airflow/example_dags/example_bash_decorator.py took 0.166 seconds
[2025-12-15T19:16:01.058+0000] {processor.py:186} INFO - Started process (PID=9984) to work on /home/airflow/.local/lib/python3.12/site-packages/airflow/example_dags/example_bash_decorator.py
[2025-12-15T19:16:01.091+0000] {processor.py:914} INFO - Processing file /home/airflow/.local/lib/python3.12/site-packages/airflow/example_dags/example_bash_decorator.py for tasks to queue
[2025-12-15T19:16:01.095+0000] {logging_mixin.py:190} INFO - [2025-12-15T19:16:01.094+0000] {dagbag.py:588} INFO - Filling up the DagBag from /home/airflow/.local/lib/python3.12/site-packages/airflow/example_dags/example_bash_decorator.py
[2025-12-15T19:16:01.182+0000] {processor.py:925} INFO - DAG(s) 'example_bash_decorator' retrieved from /home/airflow/.local/lib/python3.12/site-packages/airflow/example_dags/example_bash_decorator.py
[2025-12-15T19:16:01.340+0000] {logging_mixin.py:190} INFO - [2025-12-15T19:16:01.339+0000] {dag.py:3239} INFO - Sync 1 DAGs
[2025-12-15T19:16:01.467+0000] {logging_mixin.py:190} INFO - [2025-12-15T19:16:01.466+0000] {dag.py:4180} INFO - Setting next_dagrun for example_bash_decorator to None, run_after=None
[2025-12-15T19:16:01.537+0000] {processor.py:208} INFO - Processing /home/airflow/.local/lib/python3.12/site-packages/airflow/example_dags/example_bash_decorator.py took 0.505 seconds
[2025-12-15T19:16:31.725+0000] {processor.py:186} INFO - Started process (PID=10275) to work on /home/airflow/.local/lib/python3.12/site-packages/airflow/example_dags/example_bash_decorator.py
[2025-12-15T19:16:31.757+0000] {processor.py:914} INFO - Processing file /home/airflow/.local/lib/python3.12/site-packages/airflow/example_dags/example_bash_decorator.py for tasks to queue
[2025-12-15T19:16:31.760+0000] {logging_mixin.py:190} INFO - [2025-12-15T19:16:31.759+0000] {dagbag.py:588} INFO - Filling up the DagBag from /home/airflow/.local/lib/python3.12/site-packages/airflow/example_dags/example_bash_decorator.py
[2025-12-15T19:16:31.799+0000] {processor.py:925} INFO - DAG(s) 'example_bash_decorator' retrieved from /home/airflow/.local/lib/python3.12/site-packages/airflow/example_dags/example_bash_decorator.py
[2025-12-15T19:16:31.851+0000] {logging_mixin.py:190} INFO - [2025-12-15T19:16:31.850+0000] {dag.py:3239} INFO - Sync 1 DAGs
[2025-12-15T19:16:31.894+0000] {logging_mixin.py:190} INFO - [2025-12-15T19:16:31.894+0000] {dag.py:4180} INFO - Setting next_dagrun for example_bash_decorator to None, run_after=None
[2025-12-15T19:16:31.957+0000] {processor.py:208} INFO - Processing /home/airflow/.local/lib/python3.12/site-packages/airflow/example_dags/example_bash_decorator.py took 0.244 seconds
[2025-12-15T19:17:02.718+0000] {processor.py:186} INFO - Started process (PID=10566) to work on /home/airflow/.local/lib/python3.12/site-packages/airflow/example_dags/example_bash_decorator.py
[2025-12-15T19:17:02.721+0000] {processor.py:914} INFO - Processing file /home/airflow/.local/lib/python3.12/site-packages/airflow/example_dags/example_bash_decorator.py for tasks to queue
[2025-12-15T19:17:02.725+0000] {logging_mixin.py:190} INFO - [2025-12-15T19:17:02.724+0000] {dagbag.py:588} INFO - Filling up the DagBag from /home/airflow/.local/lib/python3.12/site-packages/airflow/example_dags/example_bash_decorator.py
[2025-12-15T19:17:02.801+0000] {processor.py:925} INFO - DAG(s) 'example_bash_decorator' retrieved from /home/airflow/.local/lib/python3.12/site-packages/airflow/example_dags/example_bash_decorator.py
[2025-12-15T19:17:02.919+0000] {logging_mixin.py:190} INFO - [2025-12-15T19:17:02.918+0000] {dag.py:3239} INFO - Sync 1 DAGs
[2025-12-15T19:17:03.013+0000] {logging_mixin.py:190} INFO - [2025-12-15T19:17:03.010+0000] {dag.py:4180} INFO - Setting next_dagrun for example_bash_decorator to None, run_after=None
[2025-12-15T19:17:03.060+0000] {processor.py:208} INFO - Processing /home/airflow/.local/lib/python3.12/site-packages/airflow/example_dags/example_bash_decorator.py took 0.370 seconds
[2025-12-15T19:17:33.417+0000] {processor.py:186} INFO - Started process (PID=10863) to work on /home/airflow/.local/lib/python3.12/site-packages/airflow/example_dags/example_bash_decorator.py
[2025-12-15T19:17:33.420+0000] {processor.py:914} INFO - Processing file /home/airflow/.local/lib/python3.12/site-packages/airflow/example_dags/example_bash_decorator.py for tasks to queue
[2025-12-15T19:17:33.423+0000] {logging_mixin.py:190} INFO - [2025-12-15T19:17:33.422+0000] {dagbag.py:588} INFO - Filling up the DagBag from /home/airflow/.local/lib/python3.12/site-packages/airflow/example_dags/example_bash_decorator.py
[2025-12-15T19:17:33.473+0000] {processor.py:925} INFO - DAG(s) 'example_bash_decorator' retrieved from /home/airflow/.local/lib/python3.12/site-packages/airflow/example_dags/example_bash_decorator.py
[2025-12-15T19:17:33.527+0000] {logging_mixin.py:190} INFO - [2025-12-15T19:17:33.526+0000] {dag.py:3239} INFO - Sync 1 DAGs
[2025-12-15T19:17:33.566+0000] {logging_mixin.py:190} INFO - [2025-12-15T19:17:33.565+0000] {dag.py:4180} INFO - Setting next_dagrun for example_bash_decorator to None, run_after=None
[2025-12-15T19:17:33.601+0000] {processor.py:208} INFO - Processing /home/airflow/.local/lib/python3.12/site-packages/airflow/example_dags/example_bash_decorator.py took 0.200 seconds
[2025-12-15T19:18:04.119+0000] {processor.py:186} INFO - Started process (PID=11130) to work on /home/airflow/.local/lib/python3.12/site-packages/airflow/example_dags/example_bash_decorator.py
[2025-12-15T19:18:04.153+0000] {processor.py:914} INFO - Processing file /home/airflow/.local/lib/python3.12/site-packages/airflow/example_dags/example_bash_decorator.py for tasks to queue
[2025-12-15T19:18:04.156+0000] {logging_mixin.py:190} INFO - [2025-12-15T19:18:04.155+0000] {dagbag.py:588} INFO - Filling up the DagBag from /home/airflow/.local/lib/python3.12/site-packages/airflow/example_dags/example_bash_decorator.py
[2025-12-15T19:18:04.197+0000] {processor.py:925} INFO - DAG(s) 'example_bash_decorator' retrieved from /home/airflow/.local/lib/python3.12/site-packages/airflow/example_dags/example_bash_decorator.py
[2025-12-15T19:18:04.250+0000] {logging_mixin.py:190} INFO - [2025-12-15T19:18:04.249+0000] {dag.py:3239} INFO - Sync 1 DAGs
[2025-12-15T19:18:04.285+0000] {logging_mixin.py:190} INFO - [2025-12-15T19:18:04.285+0000] {dag.py:4180} INFO - Setting next_dagrun for example_bash_decorator to None, run_after=None
[2025-12-15T19:18:04.356+0000] {processor.py:208} INFO - Processing /home/airflow/.local/lib/python3.12/site-packages/airflow/example_dags/example_bash_decorator.py took 0.253 seconds
[2025-12-15T19:18:34.852+0000] {processor.py:186} INFO - Started process (PID=11424) to work on /home/airflow/.local/lib/python3.12/site-packages/airflow/example_dags/example_bash_decorator.py
[2025-12-15T19:18:34.855+0000] {processor.py:914} INFO - Processing file /home/airflow/.local/lib/python3.12/site-packages/airflow/example_dags/example_bash_decorator.py for tasks to queue
[2025-12-15T19:18:34.857+0000] {logging_mixin.py:190} INFO - [2025-12-15T19:18:34.857+0000] {dagbag.py:588} INFO - Filling up the DagBag from /home/airflow/.local/lib/python3.12/site-packages/airflow/example_dags/example_bash_decorator.py
[2025-12-15T19:18:34.898+0000] {processor.py:925} INFO - DAG(s) 'example_bash_decorator' retrieved from /home/airflow/.local/lib/python3.12/site-packages/airflow/example_dags/example_bash_decorator.py
[2025-12-15T19:18:34.948+0000] {logging_mixin.py:190} INFO - [2025-12-15T19:18:34.947+0000] {dag.py:3239} INFO - Sync 1 DAGs
[2025-12-15T19:18:34.978+0000] {logging_mixin.py:190} INFO - [2025-12-15T19:18:34.977+0000] {dag.py:4180} INFO - Setting next_dagrun for example_bash_decorator to None, run_after=None
[2025-12-15T19:18:35.013+0000] {processor.py:208} INFO - Processing /home/airflow/.local/lib/python3.12/site-packages/airflow/example_dags/example_bash_decorator.py took 0.174 seconds
[2025-12-15T19:19:09.105+0000] {processor.py:186} INFO - Started process (PID=11718) to work on /home/airflow/.local/lib/python3.12/site-packages/airflow/example_dags/example_bash_decorator.py
[2025-12-15T19:19:09.116+0000] {processor.py:914} INFO - Processing file /home/airflow/.local/lib/python3.12/site-packages/airflow/example_dags/example_bash_decorator.py for tasks to queue
[2025-12-15T19:19:09.119+0000] {logging_mixin.py:190} INFO - [2025-12-15T19:19:09.118+0000] {dagbag.py:588} INFO - Filling up the DagBag from /home/airflow/.local/lib/python3.12/site-packages/airflow/example_dags/example_bash_decorator.py
[2025-12-15T19:19:09.164+0000] {processor.py:925} INFO - DAG(s) 'example_bash_decorator' retrieved from /home/airflow/.local/lib/python3.12/site-packages/airflow/example_dags/example_bash_decorator.py
[2025-12-15T19:19:09.235+0000] {logging_mixin.py:190} INFO - [2025-12-15T19:19:09.235+0000] {dag.py:3239} INFO - Sync 1 DAGs
[2025-12-15T19:19:09.278+0000] {logging_mixin.py:190} INFO - [2025-12-15T19:19:09.277+0000] {dag.py:4180} INFO - Setting next_dagrun for example_bash_decorator to None, run_after=None
[2025-12-15T19:19:09.370+0000] {processor.py:208} INFO - Processing /home/airflow/.local/lib/python3.12/site-packages/airflow/example_dags/example_bash_decorator.py took 0.280 seconds
