[2025-12-15T18:55:35.293+0000] {processor.py:186} INFO - Started process (PID=269) to work on /home/airflow/.local/lib/python3.12/site-packages/airflow/example_dags/example_python_operator.py
[2025-12-15T18:55:35.297+0000] {processor.py:914} INFO - Processing file /home/airflow/.local/lib/python3.12/site-packages/airflow/example_dags/example_python_operator.py for tasks to queue
[2025-12-15T18:55:35.311+0000] {logging_mixin.py:190} INFO - [2025-12-15T18:55:35.309+0000] {dagbag.py:588} INFO - Filling up the DagBag from /home/airflow/.local/lib/python3.12/site-packages/airflow/example_dags/example_python_operator.py
[2025-12-15T18:55:35.456+0000] {processor.py:925} INFO - DAG(s) 'example_python_operator' retrieved from /home/airflow/.local/lib/python3.12/site-packages/airflow/example_dags/example_python_operator.py
[2025-12-15T18:55:36.020+0000] {logging_mixin.py:190} INFO - [2025-12-15T18:55:36.013+0000] {override.py:1911} INFO - Created Permission View: can read on DAG:example_python_operator
[2025-12-15T18:55:36.103+0000] {logging_mixin.py:190} INFO - [2025-12-15T18:55:36.101+0000] {override.py:1911} INFO - Created Permission View: can edit on DAG:example_python_operator
[2025-12-15T18:55:36.136+0000] {logging_mixin.py:190} INFO - [2025-12-15T18:55:36.136+0000] {override.py:1911} INFO - Created Permission View: can delete on DAG:example_python_operator
[2025-12-15T18:55:36.164+0000] {logging_mixin.py:190} INFO - [2025-12-15T18:55:36.163+0000] {override.py:1911} INFO - Created Permission View: can read on DAG Run:example_python_operator
[2025-12-15T18:55:36.196+0000] {logging_mixin.py:190} INFO - [2025-12-15T18:55:36.194+0000] {override.py:1911} INFO - Created Permission View: menu access on DAG Run:example_python_operator
[2025-12-15T18:55:36.223+0000] {logging_mixin.py:190} INFO - [2025-12-15T18:55:36.222+0000] {override.py:1911} INFO - Created Permission View: can create on DAG Run:example_python_operator
[2025-12-15T18:55:36.256+0000] {logging_mixin.py:190} INFO - [2025-12-15T18:55:36.256+0000] {override.py:1911} INFO - Created Permission View: can delete on DAG Run:example_python_operator
[2025-12-15T18:55:36.258+0000] {logging_mixin.py:190} INFO - [2025-12-15T18:55:36.257+0000] {dag.py:3239} INFO - Sync 1 DAGs
[2025-12-15T18:55:36.311+0000] {logging_mixin.py:190} INFO - [2025-12-15T18:55:36.311+0000] {dag.py:3262} INFO - Creating ORM DAG for example_python_operator
[2025-12-15T18:55:36.314+0000] {logging_mixin.py:190} INFO - [2025-12-15T18:55:36.313+0000] {dag.py:4180} INFO - Setting next_dagrun for example_python_operator to None, run_after=None
[2025-12-15T18:55:36.429+0000] {processor.py:208} INFO - Processing /home/airflow/.local/lib/python3.12/site-packages/airflow/example_dags/example_python_operator.py took 1.174 seconds
[2025-12-15T18:56:45.183+0000] {processor.py:186} INFO - Started process (PID=566) to work on /home/airflow/.local/lib/python3.12/site-packages/airflow/example_dags/example_python_operator.py
[2025-12-15T18:56:45.190+0000] {processor.py:914} INFO - Processing file /home/airflow/.local/lib/python3.12/site-packages/airflow/example_dags/example_python_operator.py for tasks to queue
[2025-12-15T18:56:45.204+0000] {logging_mixin.py:190} INFO - [2025-12-15T18:56:45.202+0000] {dagbag.py:588} INFO - Filling up the DagBag from /home/airflow/.local/lib/python3.12/site-packages/airflow/example_dags/example_python_operator.py
[2025-12-15T18:56:45.282+0000] {processor.py:925} INFO - DAG(s) 'example_python_operator' retrieved from /home/airflow/.local/lib/python3.12/site-packages/airflow/example_dags/example_python_operator.py
[2025-12-15T18:56:45.482+0000] {logging_mixin.py:190} INFO - [2025-12-15T18:56:45.471+0000] {dag.py:3239} INFO - Sync 1 DAGs
[2025-12-15T18:56:45.588+0000] {logging_mixin.py:190} INFO - [2025-12-15T18:56:45.587+0000] {dag.py:4180} INFO - Setting next_dagrun for example_python_operator to None, run_after=None
[2025-12-15T18:56:45.704+0000] {processor.py:208} INFO - Processing /home/airflow/.local/lib/python3.12/site-packages/airflow/example_dags/example_python_operator.py took 0.544 seconds
[2025-12-15T18:57:16.602+0000] {processor.py:186} INFO - Started process (PID=867) to work on /home/airflow/.local/lib/python3.12/site-packages/airflow/example_dags/example_python_operator.py
[2025-12-15T18:57:16.606+0000] {processor.py:914} INFO - Processing file /home/airflow/.local/lib/python3.12/site-packages/airflow/example_dags/example_python_operator.py for tasks to queue
[2025-12-15T18:57:16.617+0000] {logging_mixin.py:190} INFO - [2025-12-15T18:57:16.614+0000] {dagbag.py:588} INFO - Filling up the DagBag from /home/airflow/.local/lib/python3.12/site-packages/airflow/example_dags/example_python_operator.py
[2025-12-15T18:57:16.688+0000] {processor.py:925} INFO - DAG(s) 'example_python_operator' retrieved from /home/airflow/.local/lib/python3.12/site-packages/airflow/example_dags/example_python_operator.py
[2025-12-15T18:57:16.779+0000] {logging_mixin.py:190} INFO - [2025-12-15T18:57:16.778+0000] {dag.py:3239} INFO - Sync 1 DAGs
[2025-12-15T18:57:16.835+0000] {logging_mixin.py:190} INFO - [2025-12-15T18:57:16.834+0000] {dag.py:4180} INFO - Setting next_dagrun for example_python_operator to None, run_after=None
[2025-12-15T18:57:16.913+0000] {processor.py:208} INFO - Processing /home/airflow/.local/lib/python3.12/site-packages/airflow/example_dags/example_python_operator.py took 0.362 seconds
[2025-12-15T18:57:51.204+0000] {processor.py:186} INFO - Started process (PID=1131) to work on /home/airflow/.local/lib/python3.12/site-packages/airflow/example_dags/example_python_operator.py
[2025-12-15T18:57:51.207+0000] {processor.py:914} INFO - Processing file /home/airflow/.local/lib/python3.12/site-packages/airflow/example_dags/example_python_operator.py for tasks to queue
[2025-12-15T18:57:51.216+0000] {logging_mixin.py:190} INFO - [2025-12-15T18:57:51.215+0000] {dagbag.py:588} INFO - Filling up the DagBag from /home/airflow/.local/lib/python3.12/site-packages/airflow/example_dags/example_python_operator.py
[2025-12-15T18:57:51.247+0000] {processor.py:925} INFO - DAG(s) 'example_python_operator' retrieved from /home/airflow/.local/lib/python3.12/site-packages/airflow/example_dags/example_python_operator.py
[2025-12-15T18:57:51.353+0000] {logging_mixin.py:190} INFO - [2025-12-15T18:57:51.353+0000] {dag.py:3239} INFO - Sync 1 DAGs
[2025-12-15T18:57:51.503+0000] {logging_mixin.py:190} INFO - [2025-12-15T18:57:51.503+0000] {dag.py:4180} INFO - Setting next_dagrun for example_python_operator to None, run_after=None
[2025-12-15T18:57:51.705+0000] {processor.py:208} INFO - Processing /home/airflow/.local/lib/python3.12/site-packages/airflow/example_dags/example_python_operator.py took 0.511 seconds
[2025-12-15T18:58:25.040+0000] {processor.py:186} INFO - Started process (PID=1426) to work on /home/airflow/.local/lib/python3.12/site-packages/airflow/example_dags/example_python_operator.py
[2025-12-15T18:58:25.042+0000] {processor.py:914} INFO - Processing file /home/airflow/.local/lib/python3.12/site-packages/airflow/example_dags/example_python_operator.py for tasks to queue
[2025-12-15T18:58:25.048+0000] {logging_mixin.py:190} INFO - [2025-12-15T18:58:25.048+0000] {dagbag.py:588} INFO - Filling up the DagBag from /home/airflow/.local/lib/python3.12/site-packages/airflow/example_dags/example_python_operator.py
[2025-12-15T18:58:25.085+0000] {processor.py:925} INFO - DAG(s) 'example_python_operator' retrieved from /home/airflow/.local/lib/python3.12/site-packages/airflow/example_dags/example_python_operator.py
[2025-12-15T18:58:25.203+0000] {logging_mixin.py:190} INFO - [2025-12-15T18:58:25.203+0000] {dag.py:3239} INFO - Sync 1 DAGs
[2025-12-15T18:58:25.417+0000] {logging_mixin.py:190} INFO - [2025-12-15T18:58:25.416+0000] {dag.py:4180} INFO - Setting next_dagrun for example_python_operator to None, run_after=None
[2025-12-15T18:58:25.537+0000] {processor.py:208} INFO - Processing /home/airflow/.local/lib/python3.12/site-packages/airflow/example_dags/example_python_operator.py took 0.522 seconds
[2025-12-15T18:58:56.300+0000] {processor.py:186} INFO - Started process (PID=1717) to work on /home/airflow/.local/lib/python3.12/site-packages/airflow/example_dags/example_python_operator.py
[2025-12-15T18:58:56.303+0000] {processor.py:914} INFO - Processing file /home/airflow/.local/lib/python3.12/site-packages/airflow/example_dags/example_python_operator.py for tasks to queue
[2025-12-15T18:58:56.308+0000] {logging_mixin.py:190} INFO - [2025-12-15T18:58:56.307+0000] {dagbag.py:588} INFO - Filling up the DagBag from /home/airflow/.local/lib/python3.12/site-packages/airflow/example_dags/example_python_operator.py
[2025-12-15T18:58:56.354+0000] {processor.py:925} INFO - DAG(s) 'example_python_operator' retrieved from /home/airflow/.local/lib/python3.12/site-packages/airflow/example_dags/example_python_operator.py
[2025-12-15T18:58:56.401+0000] {logging_mixin.py:190} INFO - [2025-12-15T18:58:56.401+0000] {dag.py:3239} INFO - Sync 1 DAGs
[2025-12-15T18:58:56.446+0000] {logging_mixin.py:190} INFO - [2025-12-15T18:58:56.446+0000] {dag.py:4180} INFO - Setting next_dagrun for example_python_operator to None, run_after=None
[2025-12-15T18:58:56.504+0000] {processor.py:208} INFO - Processing /home/airflow/.local/lib/python3.12/site-packages/airflow/example_dags/example_python_operator.py took 0.227 seconds
[2025-12-15T18:59:39.049+0000] {processor.py:186} INFO - Started process (PID=1899) to work on /home/airflow/.local/lib/python3.12/site-packages/airflow/example_dags/example_python_operator.py
[2025-12-15T18:59:39.066+0000] {processor.py:914} INFO - Processing file /home/airflow/.local/lib/python3.12/site-packages/airflow/example_dags/example_python_operator.py for tasks to queue
[2025-12-15T18:59:39.081+0000] {logging_mixin.py:190} INFO - [2025-12-15T18:59:39.079+0000] {dagbag.py:588} INFO - Filling up the DagBag from /home/airflow/.local/lib/python3.12/site-packages/airflow/example_dags/example_python_operator.py
[2025-12-15T18:59:39.279+0000] {processor.py:925} INFO - DAG(s) 'example_python_operator' retrieved from /home/airflow/.local/lib/python3.12/site-packages/airflow/example_dags/example_python_operator.py
[2025-12-15T18:59:39.527+0000] {logging_mixin.py:190} INFO - [2025-12-15T18:59:39.517+0000] {dag.py:3239} INFO - Sync 1 DAGs
[2025-12-15T18:59:39.680+0000] {logging_mixin.py:190} INFO - [2025-12-15T18:59:39.678+0000] {dag.py:4180} INFO - Setting next_dagrun for example_python_operator to None, run_after=None
[2025-12-15T18:59:39.883+0000] {processor.py:208} INFO - Processing /home/airflow/.local/lib/python3.12/site-packages/airflow/example_dags/example_python_operator.py took 0.896 seconds
[2025-12-15T19:00:56.314+0000] {processor.py:186} INFO - Started process (PID=2164) to work on /home/airflow/.local/lib/python3.12/site-packages/airflow/example_dags/example_python_operator.py
[2025-12-15T19:00:56.317+0000] {processor.py:914} INFO - Processing file /home/airflow/.local/lib/python3.12/site-packages/airflow/example_dags/example_python_operator.py for tasks to queue
[2025-12-15T19:00:56.331+0000] {logging_mixin.py:190} INFO - [2025-12-15T19:00:56.330+0000] {dagbag.py:588} INFO - Filling up the DagBag from /home/airflow/.local/lib/python3.12/site-packages/airflow/example_dags/example_python_operator.py
[2025-12-15T19:00:56.514+0000] {processor.py:925} INFO - DAG(s) 'example_python_operator' retrieved from /home/airflow/.local/lib/python3.12/site-packages/airflow/example_dags/example_python_operator.py
[2025-12-15T19:00:56.685+0000] {logging_mixin.py:190} INFO - [2025-12-15T19:00:56.684+0000] {dag.py:3239} INFO - Sync 1 DAGs
[2025-12-15T19:00:56.746+0000] {logging_mixin.py:190} INFO - [2025-12-15T19:00:56.746+0000] {dag.py:4180} INFO - Setting next_dagrun for example_python_operator to None, run_after=None
[2025-12-15T19:00:56.833+0000] {processor.py:208} INFO - Processing /home/airflow/.local/lib/python3.12/site-packages/airflow/example_dags/example_python_operator.py took 0.545 seconds
[2025-12-15T19:01:59.665+0000] {processor.py:186} INFO - Started process (PID=2430) to work on /home/airflow/.local/lib/python3.12/site-packages/airflow/example_dags/example_python_operator.py
[2025-12-15T19:01:59.667+0000] {processor.py:914} INFO - Processing file /home/airflow/.local/lib/python3.12/site-packages/airflow/example_dags/example_python_operator.py for tasks to queue
[2025-12-15T19:01:59.674+0000] {logging_mixin.py:190} INFO - [2025-12-15T19:01:59.673+0000] {dagbag.py:588} INFO - Filling up the DagBag from /home/airflow/.local/lib/python3.12/site-packages/airflow/example_dags/example_python_operator.py
[2025-12-15T19:01:59.711+0000] {processor.py:925} INFO - DAG(s) 'example_python_operator' retrieved from /home/airflow/.local/lib/python3.12/site-packages/airflow/example_dags/example_python_operator.py
[2025-12-15T19:01:59.766+0000] {logging_mixin.py:190} INFO - [2025-12-15T19:01:59.766+0000] {dag.py:3239} INFO - Sync 1 DAGs
[2025-12-15T19:01:59.798+0000] {logging_mixin.py:190} INFO - [2025-12-15T19:01:59.797+0000] {dag.py:4180} INFO - Setting next_dagrun for example_python_operator to None, run_after=None
[2025-12-15T19:01:59.843+0000] {processor.py:208} INFO - Processing /home/airflow/.local/lib/python3.12/site-packages/airflow/example_dags/example_python_operator.py took 0.195 seconds
[2025-12-15T19:02:31.906+0000] {processor.py:186} INFO - Started process (PID=2686) to work on /home/airflow/.local/lib/python3.12/site-packages/airflow/example_dags/example_python_operator.py
[2025-12-15T19:02:31.909+0000] {processor.py:914} INFO - Processing file /home/airflow/.local/lib/python3.12/site-packages/airflow/example_dags/example_python_operator.py for tasks to queue
[2025-12-15T19:02:31.915+0000] {logging_mixin.py:190} INFO - [2025-12-15T19:02:31.914+0000] {dagbag.py:588} INFO - Filling up the DagBag from /home/airflow/.local/lib/python3.12/site-packages/airflow/example_dags/example_python_operator.py
[2025-12-15T19:02:31.952+0000] {processor.py:925} INFO - DAG(s) 'example_python_operator' retrieved from /home/airflow/.local/lib/python3.12/site-packages/airflow/example_dags/example_python_operator.py
[2025-12-15T19:02:32.005+0000] {logging_mixin.py:190} INFO - [2025-12-15T19:02:32.002+0000] {dag.py:3239} INFO - Sync 1 DAGs
[2025-12-15T19:02:32.043+0000] {logging_mixin.py:190} INFO - [2025-12-15T19:02:32.043+0000] {dag.py:4180} INFO - Setting next_dagrun for example_python_operator to None, run_after=None
[2025-12-15T19:02:32.093+0000] {processor.py:208} INFO - Processing /home/airflow/.local/lib/python3.12/site-packages/airflow/example_dags/example_python_operator.py took 0.201 seconds
[2025-12-15T19:03:06.140+0000] {processor.py:186} INFO - Started process (PID=2977) to work on /home/airflow/.local/lib/python3.12/site-packages/airflow/example_dags/example_python_operator.py
[2025-12-15T19:03:06.142+0000] {processor.py:914} INFO - Processing file /home/airflow/.local/lib/python3.12/site-packages/airflow/example_dags/example_python_operator.py for tasks to queue
[2025-12-15T19:03:06.154+0000] {logging_mixin.py:190} INFO - [2025-12-15T19:03:06.153+0000] {dagbag.py:588} INFO - Filling up the DagBag from /home/airflow/.local/lib/python3.12/site-packages/airflow/example_dags/example_python_operator.py
[2025-12-15T19:03:06.195+0000] {processor.py:925} INFO - DAG(s) 'example_python_operator' retrieved from /home/airflow/.local/lib/python3.12/site-packages/airflow/example_dags/example_python_operator.py
[2025-12-15T19:03:06.254+0000] {logging_mixin.py:190} INFO - [2025-12-15T19:03:06.253+0000] {dag.py:3239} INFO - Sync 1 DAGs
[2025-12-15T19:03:06.306+0000] {logging_mixin.py:190} INFO - [2025-12-15T19:03:06.305+0000] {dag.py:4180} INFO - Setting next_dagrun for example_python_operator to None, run_after=None
[2025-12-15T19:03:06.352+0000] {processor.py:208} INFO - Processing /home/airflow/.local/lib/python3.12/site-packages/airflow/example_dags/example_python_operator.py took 0.230 seconds
[2025-12-15T19:03:36.743+0000] {processor.py:186} INFO - Started process (PID=3268) to work on /home/airflow/.local/lib/python3.12/site-packages/airflow/example_dags/example_python_operator.py
[2025-12-15T19:03:36.753+0000] {processor.py:914} INFO - Processing file /home/airflow/.local/lib/python3.12/site-packages/airflow/example_dags/example_python_operator.py for tasks to queue
[2025-12-15T19:03:36.757+0000] {logging_mixin.py:190} INFO - [2025-12-15T19:03:36.756+0000] {dagbag.py:588} INFO - Filling up the DagBag from /home/airflow/.local/lib/python3.12/site-packages/airflow/example_dags/example_python_operator.py
[2025-12-15T19:03:36.783+0000] {processor.py:925} INFO - DAG(s) 'example_python_operator' retrieved from /home/airflow/.local/lib/python3.12/site-packages/airflow/example_dags/example_python_operator.py
[2025-12-15T19:03:36.824+0000] {logging_mixin.py:190} INFO - [2025-12-15T19:03:36.824+0000] {dag.py:3239} INFO - Sync 1 DAGs
[2025-12-15T19:03:36.854+0000] {logging_mixin.py:190} INFO - [2025-12-15T19:03:36.854+0000] {dag.py:4180} INFO - Setting next_dagrun for example_python_operator to None, run_after=None
[2025-12-15T19:03:36.887+0000] {processor.py:208} INFO - Processing /home/airflow/.local/lib/python3.12/site-packages/airflow/example_dags/example_python_operator.py took 0.155 seconds
[2025-12-15T19:04:09.975+0000] {processor.py:186} INFO - Started process (PID=3556) to work on /home/airflow/.local/lib/python3.12/site-packages/airflow/example_dags/example_python_operator.py
[2025-12-15T19:04:09.977+0000] {processor.py:914} INFO - Processing file /home/airflow/.local/lib/python3.12/site-packages/airflow/example_dags/example_python_operator.py for tasks to queue
[2025-12-15T19:04:09.983+0000] {logging_mixin.py:190} INFO - [2025-12-15T19:04:09.982+0000] {dagbag.py:588} INFO - Filling up the DagBag from /home/airflow/.local/lib/python3.12/site-packages/airflow/example_dags/example_python_operator.py
[2025-12-15T19:04:10.008+0000] {processor.py:925} INFO - DAG(s) 'example_python_operator' retrieved from /home/airflow/.local/lib/python3.12/site-packages/airflow/example_dags/example_python_operator.py
[2025-12-15T19:04:10.054+0000] {logging_mixin.py:190} INFO - [2025-12-15T19:04:10.053+0000] {dag.py:3239} INFO - Sync 1 DAGs
[2025-12-15T19:04:10.085+0000] {logging_mixin.py:190} INFO - [2025-12-15T19:04:10.085+0000] {dag.py:4180} INFO - Setting next_dagrun for example_python_operator to None, run_after=None
[2025-12-15T19:04:10.120+0000] {processor.py:208} INFO - Processing /home/airflow/.local/lib/python3.12/site-packages/airflow/example_dags/example_python_operator.py took 0.157 seconds
[2025-12-15T19:04:42.244+0000] {processor.py:186} INFO - Started process (PID=3815) to work on /home/airflow/.local/lib/python3.12/site-packages/airflow/example_dags/example_python_operator.py
[2025-12-15T19:04:42.246+0000] {processor.py:914} INFO - Processing file /home/airflow/.local/lib/python3.12/site-packages/airflow/example_dags/example_python_operator.py for tasks to queue
[2025-12-15T19:04:42.251+0000] {logging_mixin.py:190} INFO - [2025-12-15T19:04:42.250+0000] {dagbag.py:588} INFO - Filling up the DagBag from /home/airflow/.local/lib/python3.12/site-packages/airflow/example_dags/example_python_operator.py
[2025-12-15T19:04:42.282+0000] {processor.py:925} INFO - DAG(s) 'example_python_operator' retrieved from /home/airflow/.local/lib/python3.12/site-packages/airflow/example_dags/example_python_operator.py
[2025-12-15T19:04:42.336+0000] {logging_mixin.py:190} INFO - [2025-12-15T19:04:42.335+0000] {dag.py:3239} INFO - Sync 1 DAGs
[2025-12-15T19:04:42.369+0000] {logging_mixin.py:190} INFO - [2025-12-15T19:04:42.368+0000] {dag.py:4180} INFO - Setting next_dagrun for example_python_operator to None, run_after=None
[2025-12-15T19:04:42.404+0000] {processor.py:208} INFO - Processing /home/airflow/.local/lib/python3.12/site-packages/airflow/example_dags/example_python_operator.py took 0.176 seconds
[2025-12-15T19:05:14.916+0000] {processor.py:186} INFO - Started process (PID=4108) to work on /home/airflow/.local/lib/python3.12/site-packages/airflow/example_dags/example_python_operator.py
[2025-12-15T19:05:14.918+0000] {processor.py:914} INFO - Processing file /home/airflow/.local/lib/python3.12/site-packages/airflow/example_dags/example_python_operator.py for tasks to queue
[2025-12-15T19:05:14.922+0000] {logging_mixin.py:190} INFO - [2025-12-15T19:05:14.921+0000] {dagbag.py:588} INFO - Filling up the DagBag from /home/airflow/.local/lib/python3.12/site-packages/airflow/example_dags/example_python_operator.py
[2025-12-15T19:05:14.944+0000] {processor.py:925} INFO - DAG(s) 'example_python_operator' retrieved from /home/airflow/.local/lib/python3.12/site-packages/airflow/example_dags/example_python_operator.py
[2025-12-15T19:05:14.974+0000] {logging_mixin.py:190} INFO - [2025-12-15T19:05:14.974+0000] {dag.py:3239} INFO - Sync 1 DAGs
[2025-12-15T19:05:14.997+0000] {logging_mixin.py:190} INFO - [2025-12-15T19:05:14.997+0000] {dag.py:4180} INFO - Setting next_dagrun for example_python_operator to None, run_after=None
[2025-12-15T19:05:15.021+0000] {processor.py:208} INFO - Processing /home/airflow/.local/lib/python3.12/site-packages/airflow/example_dags/example_python_operator.py took 0.115 seconds
[2025-12-15T19:05:46.254+0000] {processor.py:186} INFO - Started process (PID=4397) to work on /home/airflow/.local/lib/python3.12/site-packages/airflow/example_dags/example_python_operator.py
[2025-12-15T19:05:46.260+0000] {processor.py:914} INFO - Processing file /home/airflow/.local/lib/python3.12/site-packages/airflow/example_dags/example_python_operator.py for tasks to queue
[2025-12-15T19:05:46.267+0000] {logging_mixin.py:190} INFO - [2025-12-15T19:05:46.266+0000] {dagbag.py:588} INFO - Filling up the DagBag from /home/airflow/.local/lib/python3.12/site-packages/airflow/example_dags/example_python_operator.py
[2025-12-15T19:05:46.296+0000] {processor.py:925} INFO - DAG(s) 'example_python_operator' retrieved from /home/airflow/.local/lib/python3.12/site-packages/airflow/example_dags/example_python_operator.py
[2025-12-15T19:05:46.335+0000] {logging_mixin.py:190} INFO - [2025-12-15T19:05:46.334+0000] {dag.py:3239} INFO - Sync 1 DAGs
[2025-12-15T19:05:46.359+0000] {logging_mixin.py:190} INFO - [2025-12-15T19:05:46.358+0000] {dag.py:4180} INFO - Setting next_dagrun for example_python_operator to None, run_after=None
[2025-12-15T19:05:46.391+0000] {processor.py:208} INFO - Processing /home/airflow/.local/lib/python3.12/site-packages/airflow/example_dags/example_python_operator.py took 0.156 seconds
[2025-12-15T19:06:17.168+0000] {processor.py:186} INFO - Started process (PID=4683) to work on /home/airflow/.local/lib/python3.12/site-packages/airflow/example_dags/example_python_operator.py
[2025-12-15T19:06:17.184+0000] {processor.py:914} INFO - Processing file /home/airflow/.local/lib/python3.12/site-packages/airflow/example_dags/example_python_operator.py for tasks to queue
[2025-12-15T19:06:17.227+0000] {logging_mixin.py:190} INFO - [2025-12-15T19:06:17.214+0000] {dagbag.py:588} INFO - Filling up the DagBag from /home/airflow/.local/lib/python3.12/site-packages/airflow/example_dags/example_python_operator.py
[2025-12-15T19:06:17.372+0000] {processor.py:925} INFO - DAG(s) 'example_python_operator' retrieved from /home/airflow/.local/lib/python3.12/site-packages/airflow/example_dags/example_python_operator.py
[2025-12-15T19:06:17.568+0000] {logging_mixin.py:190} INFO - [2025-12-15T19:06:17.568+0000] {dag.py:3239} INFO - Sync 1 DAGs
[2025-12-15T19:06:17.689+0000] {logging_mixin.py:190} INFO - [2025-12-15T19:06:17.688+0000] {dag.py:4180} INFO - Setting next_dagrun for example_python_operator to None, run_after=None
[2025-12-15T19:06:17.786+0000] {processor.py:208} INFO - Processing /home/airflow/.local/lib/python3.12/site-packages/airflow/example_dags/example_python_operator.py took 0.683 seconds
[2025-12-15T19:06:48.092+0000] {processor.py:186} INFO - Started process (PID=4974) to work on /home/airflow/.local/lib/python3.12/site-packages/airflow/example_dags/example_python_operator.py
[2025-12-15T19:06:48.094+0000] {processor.py:914} INFO - Processing file /home/airflow/.local/lib/python3.12/site-packages/airflow/example_dags/example_python_operator.py for tasks to queue
[2025-12-15T19:06:48.097+0000] {logging_mixin.py:190} INFO - [2025-12-15T19:06:48.097+0000] {dagbag.py:588} INFO - Filling up the DagBag from /home/airflow/.local/lib/python3.12/site-packages/airflow/example_dags/example_python_operator.py
[2025-12-15T19:06:48.124+0000] {processor.py:925} INFO - DAG(s) 'example_python_operator' retrieved from /home/airflow/.local/lib/python3.12/site-packages/airflow/example_dags/example_python_operator.py
[2025-12-15T19:06:48.158+0000] {logging_mixin.py:190} INFO - [2025-12-15T19:06:48.158+0000] {dag.py:3239} INFO - Sync 1 DAGs
[2025-12-15T19:06:48.188+0000] {logging_mixin.py:190} INFO - [2025-12-15T19:06:48.188+0000] {dag.py:4180} INFO - Setting next_dagrun for example_python_operator to None, run_after=None
[2025-12-15T19:06:48.224+0000] {processor.py:208} INFO - Processing /home/airflow/.local/lib/python3.12/site-packages/airflow/example_dags/example_python_operator.py took 0.141 seconds
[2025-12-15T19:07:25.848+0000] {processor.py:186} INFO - Started process (PID=5240) to work on /home/airflow/.local/lib/python3.12/site-packages/airflow/example_dags/example_python_operator.py
[2025-12-15T19:07:25.851+0000] {processor.py:914} INFO - Processing file /home/airflow/.local/lib/python3.12/site-packages/airflow/example_dags/example_python_operator.py for tasks to queue
[2025-12-15T19:07:25.867+0000] {logging_mixin.py:190} INFO - [2025-12-15T19:07:25.861+0000] {dagbag.py:588} INFO - Filling up the DagBag from /home/airflow/.local/lib/python3.12/site-packages/airflow/example_dags/example_python_operator.py
[2025-12-15T19:07:25.929+0000] {processor.py:925} INFO - DAG(s) 'example_python_operator' retrieved from /home/airflow/.local/lib/python3.12/site-packages/airflow/example_dags/example_python_operator.py
[2025-12-15T19:07:26.025+0000] {logging_mixin.py:190} INFO - [2025-12-15T19:07:26.024+0000] {dag.py:3239} INFO - Sync 1 DAGs
[2025-12-15T19:07:26.085+0000] {logging_mixin.py:190} INFO - [2025-12-15T19:07:26.084+0000] {dag.py:4180} INFO - Setting next_dagrun for example_python_operator to None, run_after=None
[2025-12-15T19:07:26.158+0000] {processor.py:208} INFO - Processing /home/airflow/.local/lib/python3.12/site-packages/airflow/example_dags/example_python_operator.py took 0.337 seconds
[2025-12-15T19:07:56.926+0000] {processor.py:186} INFO - Started process (PID=5531) to work on /home/airflow/.local/lib/python3.12/site-packages/airflow/example_dags/example_python_operator.py
[2025-12-15T19:07:56.928+0000] {processor.py:914} INFO - Processing file /home/airflow/.local/lib/python3.12/site-packages/airflow/example_dags/example_python_operator.py for tasks to queue
[2025-12-15T19:07:56.932+0000] {logging_mixin.py:190} INFO - [2025-12-15T19:07:56.932+0000] {dagbag.py:588} INFO - Filling up the DagBag from /home/airflow/.local/lib/python3.12/site-packages/airflow/example_dags/example_python_operator.py
[2025-12-15T19:07:56.953+0000] {processor.py:925} INFO - DAG(s) 'example_python_operator' retrieved from /home/airflow/.local/lib/python3.12/site-packages/airflow/example_dags/example_python_operator.py
[2025-12-15T19:07:56.985+0000] {logging_mixin.py:190} INFO - [2025-12-15T19:07:56.985+0000] {dag.py:3239} INFO - Sync 1 DAGs
[2025-12-15T19:07:57.010+0000] {logging_mixin.py:190} INFO - [2025-12-15T19:07:57.009+0000] {dag.py:4180} INFO - Setting next_dagrun for example_python_operator to None, run_after=None
[2025-12-15T19:07:57.039+0000] {processor.py:208} INFO - Processing /home/airflow/.local/lib/python3.12/site-packages/airflow/example_dags/example_python_operator.py took 0.121 seconds
[2025-12-15T19:08:28.704+0000] {processor.py:186} INFO - Started process (PID=5822) to work on /home/airflow/.local/lib/python3.12/site-packages/airflow/example_dags/example_python_operator.py
[2025-12-15T19:08:28.707+0000] {processor.py:914} INFO - Processing file /home/airflow/.local/lib/python3.12/site-packages/airflow/example_dags/example_python_operator.py for tasks to queue
[2025-12-15T19:08:28.715+0000] {logging_mixin.py:190} INFO - [2025-12-15T19:08:28.714+0000] {dagbag.py:588} INFO - Filling up the DagBag from /home/airflow/.local/lib/python3.12/site-packages/airflow/example_dags/example_python_operator.py
[2025-12-15T19:08:28.763+0000] {processor.py:925} INFO - DAG(s) 'example_python_operator' retrieved from /home/airflow/.local/lib/python3.12/site-packages/airflow/example_dags/example_python_operator.py
[2025-12-15T19:08:28.821+0000] {logging_mixin.py:190} INFO - [2025-12-15T19:08:28.820+0000] {dag.py:3239} INFO - Sync 1 DAGs
[2025-12-15T19:08:28.854+0000] {logging_mixin.py:190} INFO - [2025-12-15T19:08:28.854+0000] {dag.py:4180} INFO - Setting next_dagrun for example_python_operator to None, run_after=None
[2025-12-15T19:08:28.913+0000] {processor.py:208} INFO - Processing /home/airflow/.local/lib/python3.12/site-packages/airflow/example_dags/example_python_operator.py took 0.224 seconds
[2025-12-15T19:08:59.289+0000] {processor.py:186} INFO - Started process (PID=6113) to work on /home/airflow/.local/lib/python3.12/site-packages/airflow/example_dags/example_python_operator.py
[2025-12-15T19:08:59.298+0000] {processor.py:914} INFO - Processing file /home/airflow/.local/lib/python3.12/site-packages/airflow/example_dags/example_python_operator.py for tasks to queue
[2025-12-15T19:08:59.303+0000] {logging_mixin.py:190} INFO - [2025-12-15T19:08:59.302+0000] {dagbag.py:588} INFO - Filling up the DagBag from /home/airflow/.local/lib/python3.12/site-packages/airflow/example_dags/example_python_operator.py
[2025-12-15T19:08:59.329+0000] {processor.py:925} INFO - DAG(s) 'example_python_operator' retrieved from /home/airflow/.local/lib/python3.12/site-packages/airflow/example_dags/example_python_operator.py
[2025-12-15T19:08:59.365+0000] {logging_mixin.py:190} INFO - [2025-12-15T19:08:59.365+0000] {dag.py:3239} INFO - Sync 1 DAGs
[2025-12-15T19:08:59.388+0000] {logging_mixin.py:190} INFO - [2025-12-15T19:08:59.387+0000] {dag.py:4180} INFO - Setting next_dagrun for example_python_operator to None, run_after=None
[2025-12-15T19:08:59.426+0000] {processor.py:208} INFO - Processing /home/airflow/.local/lib/python3.12/site-packages/airflow/example_dags/example_python_operator.py took 0.151 seconds
[2025-12-15T19:09:30.048+0000] {processor.py:186} INFO - Started process (PID=6399) to work on /home/airflow/.local/lib/python3.12/site-packages/airflow/example_dags/example_python_operator.py
[2025-12-15T19:09:30.050+0000] {processor.py:914} INFO - Processing file /home/airflow/.local/lib/python3.12/site-packages/airflow/example_dags/example_python_operator.py for tasks to queue
[2025-12-15T19:09:30.053+0000] {logging_mixin.py:190} INFO - [2025-12-15T19:09:30.053+0000] {dagbag.py:588} INFO - Filling up the DagBag from /home/airflow/.local/lib/python3.12/site-packages/airflow/example_dags/example_python_operator.py
[2025-12-15T19:09:30.078+0000] {processor.py:925} INFO - DAG(s) 'example_python_operator' retrieved from /home/airflow/.local/lib/python3.12/site-packages/airflow/example_dags/example_python_operator.py
[2025-12-15T19:09:30.115+0000] {logging_mixin.py:190} INFO - [2025-12-15T19:09:30.115+0000] {dag.py:3239} INFO - Sync 1 DAGs
[2025-12-15T19:09:30.144+0000] {logging_mixin.py:190} INFO - [2025-12-15T19:09:30.144+0000] {dag.py:4180} INFO - Setting next_dagrun for example_python_operator to None, run_after=None
[2025-12-15T19:09:30.180+0000] {processor.py:208} INFO - Processing /home/airflow/.local/lib/python3.12/site-packages/airflow/example_dags/example_python_operator.py took 0.143 seconds
[2025-12-15T19:10:00.765+0000] {processor.py:186} INFO - Started process (PID=6692) to work on /home/airflow/.local/lib/python3.12/site-packages/airflow/example_dags/example_python_operator.py
[2025-12-15T19:10:00.775+0000] {processor.py:914} INFO - Processing file /home/airflow/.local/lib/python3.12/site-packages/airflow/example_dags/example_python_operator.py for tasks to queue
[2025-12-15T19:10:00.779+0000] {logging_mixin.py:190} INFO - [2025-12-15T19:10:00.778+0000] {dagbag.py:588} INFO - Filling up the DagBag from /home/airflow/.local/lib/python3.12/site-packages/airflow/example_dags/example_python_operator.py
[2025-12-15T19:10:00.804+0000] {processor.py:925} INFO - DAG(s) 'example_python_operator' retrieved from /home/airflow/.local/lib/python3.12/site-packages/airflow/example_dags/example_python_operator.py
[2025-12-15T19:10:00.842+0000] {logging_mixin.py:190} INFO - [2025-12-15T19:10:00.842+0000] {dag.py:3239} INFO - Sync 1 DAGs
[2025-12-15T19:10:00.871+0000] {logging_mixin.py:190} INFO - [2025-12-15T19:10:00.870+0000] {dag.py:4180} INFO - Setting next_dagrun for example_python_operator to None, run_after=None
[2025-12-15T19:10:00.905+0000] {processor.py:208} INFO - Processing /home/airflow/.local/lib/python3.12/site-packages/airflow/example_dags/example_python_operator.py took 0.151 seconds
[2025-12-15T19:10:32.554+0000] {processor.py:186} INFO - Started process (PID=6982) to work on /home/airflow/.local/lib/python3.12/site-packages/airflow/example_dags/example_python_operator.py
[2025-12-15T19:10:32.566+0000] {processor.py:914} INFO - Processing file /home/airflow/.local/lib/python3.12/site-packages/airflow/example_dags/example_python_operator.py for tasks to queue
[2025-12-15T19:10:32.582+0000] {logging_mixin.py:190} INFO - [2025-12-15T19:10:32.581+0000] {dagbag.py:588} INFO - Filling up the DagBag from /home/airflow/.local/lib/python3.12/site-packages/airflow/example_dags/example_python_operator.py
[2025-12-15T19:10:32.681+0000] {processor.py:925} INFO - DAG(s) 'example_python_operator' retrieved from /home/airflow/.local/lib/python3.12/site-packages/airflow/example_dags/example_python_operator.py
[2025-12-15T19:10:32.837+0000] {logging_mixin.py:190} INFO - [2025-12-15T19:10:32.836+0000] {dag.py:3239} INFO - Sync 1 DAGs
[2025-12-15T19:10:32.959+0000] {logging_mixin.py:190} INFO - [2025-12-15T19:10:32.959+0000] {dag.py:4180} INFO - Setting next_dagrun for example_python_operator to None, run_after=None
[2025-12-15T19:10:33.127+0000] {processor.py:208} INFO - Processing /home/airflow/.local/lib/python3.12/site-packages/airflow/example_dags/example_python_operator.py took 0.623 seconds
[2025-12-15T19:11:03.494+0000] {processor.py:186} INFO - Started process (PID=7270) to work on /home/airflow/.local/lib/python3.12/site-packages/airflow/example_dags/example_python_operator.py
[2025-12-15T19:11:03.495+0000] {processor.py:914} INFO - Processing file /home/airflow/.local/lib/python3.12/site-packages/airflow/example_dags/example_python_operator.py for tasks to queue
[2025-12-15T19:11:03.498+0000] {logging_mixin.py:190} INFO - [2025-12-15T19:11:03.498+0000] {dagbag.py:588} INFO - Filling up the DagBag from /home/airflow/.local/lib/python3.12/site-packages/airflow/example_dags/example_python_operator.py
[2025-12-15T19:11:03.515+0000] {processor.py:925} INFO - DAG(s) 'example_python_operator' retrieved from /home/airflow/.local/lib/python3.12/site-packages/airflow/example_dags/example_python_operator.py
[2025-12-15T19:11:03.547+0000] {logging_mixin.py:190} INFO - [2025-12-15T19:11:03.547+0000] {dag.py:3239} INFO - Sync 1 DAGs
[2025-12-15T19:11:03.570+0000] {logging_mixin.py:190} INFO - [2025-12-15T19:11:03.569+0000] {dag.py:4180} INFO - Setting next_dagrun for example_python_operator to None, run_after=None
[2025-12-15T19:11:03.602+0000] {processor.py:208} INFO - Processing /home/airflow/.local/lib/python3.12/site-packages/airflow/example_dags/example_python_operator.py took 0.119 seconds
[2025-12-15T19:11:34.382+0000] {processor.py:186} INFO - Started process (PID=7561) to work on /home/airflow/.local/lib/python3.12/site-packages/airflow/example_dags/example_python_operator.py
[2025-12-15T19:11:34.383+0000] {processor.py:914} INFO - Processing file /home/airflow/.local/lib/python3.12/site-packages/airflow/example_dags/example_python_operator.py for tasks to queue
[2025-12-15T19:11:34.385+0000] {logging_mixin.py:190} INFO - [2025-12-15T19:11:34.385+0000] {dagbag.py:588} INFO - Filling up the DagBag from /home/airflow/.local/lib/python3.12/site-packages/airflow/example_dags/example_python_operator.py
[2025-12-15T19:11:34.402+0000] {processor.py:925} INFO - DAG(s) 'example_python_operator' retrieved from /home/airflow/.local/lib/python3.12/site-packages/airflow/example_dags/example_python_operator.py
[2025-12-15T19:11:34.434+0000] {logging_mixin.py:190} INFO - [2025-12-15T19:11:34.434+0000] {dag.py:3239} INFO - Sync 1 DAGs
[2025-12-15T19:11:34.453+0000] {logging_mixin.py:190} INFO - [2025-12-15T19:11:34.453+0000] {dag.py:4180} INFO - Setting next_dagrun for example_python_operator to None, run_after=None
[2025-12-15T19:11:34.477+0000] {processor.py:208} INFO - Processing /home/airflow/.local/lib/python3.12/site-packages/airflow/example_dags/example_python_operator.py took 0.104 seconds
[2025-12-15T19:12:05.418+0000] {processor.py:186} INFO - Started process (PID=7852) to work on /home/airflow/.local/lib/python3.12/site-packages/airflow/example_dags/example_python_operator.py
[2025-12-15T19:12:05.431+0000] {processor.py:914} INFO - Processing file /home/airflow/.local/lib/python3.12/site-packages/airflow/example_dags/example_python_operator.py for tasks to queue
[2025-12-15T19:12:05.434+0000] {logging_mixin.py:190} INFO - [2025-12-15T19:12:05.433+0000] {dagbag.py:588} INFO - Filling up the DagBag from /home/airflow/.local/lib/python3.12/site-packages/airflow/example_dags/example_python_operator.py
[2025-12-15T19:12:05.529+0000] {processor.py:925} INFO - DAG(s) 'example_python_operator' retrieved from /home/airflow/.local/lib/python3.12/site-packages/airflow/example_dags/example_python_operator.py
[2025-12-15T19:12:05.591+0000] {logging_mixin.py:190} INFO - [2025-12-15T19:12:05.591+0000] {dag.py:3239} INFO - Sync 1 DAGs
[2025-12-15T19:12:05.621+0000] {logging_mixin.py:190} INFO - [2025-12-15T19:12:05.621+0000] {dag.py:4180} INFO - Setting next_dagrun for example_python_operator to None, run_after=None
[2025-12-15T19:12:05.657+0000] {processor.py:208} INFO - Processing /home/airflow/.local/lib/python3.12/site-packages/airflow/example_dags/example_python_operator.py took 0.287 seconds
[2025-12-15T19:12:35.811+0000] {processor.py:186} INFO - Started process (PID=8143) to work on /home/airflow/.local/lib/python3.12/site-packages/airflow/example_dags/example_python_operator.py
[2025-12-15T19:12:35.813+0000] {processor.py:914} INFO - Processing file /home/airflow/.local/lib/python3.12/site-packages/airflow/example_dags/example_python_operator.py for tasks to queue
[2025-12-15T19:12:35.817+0000] {logging_mixin.py:190} INFO - [2025-12-15T19:12:35.816+0000] {dagbag.py:588} INFO - Filling up the DagBag from /home/airflow/.local/lib/python3.12/site-packages/airflow/example_dags/example_python_operator.py
[2025-12-15T19:12:35.869+0000] {processor.py:925} INFO - DAG(s) 'example_python_operator' retrieved from /home/airflow/.local/lib/python3.12/site-packages/airflow/example_dags/example_python_operator.py
[2025-12-15T19:12:35.934+0000] {logging_mixin.py:190} INFO - [2025-12-15T19:12:35.932+0000] {dag.py:3239} INFO - Sync 1 DAGs
[2025-12-15T19:12:35.984+0000] {logging_mixin.py:190} INFO - [2025-12-15T19:12:35.983+0000] {dag.py:4180} INFO - Setting next_dagrun for example_python_operator to None, run_after=None
[2025-12-15T19:12:36.037+0000] {processor.py:208} INFO - Processing /home/airflow/.local/lib/python3.12/site-packages/airflow/example_dags/example_python_operator.py took 0.261 seconds
[2025-12-15T19:13:06.762+0000] {processor.py:186} INFO - Started process (PID=8434) to work on /home/airflow/.local/lib/python3.12/site-packages/airflow/example_dags/example_python_operator.py
[2025-12-15T19:13:06.765+0000] {processor.py:914} INFO - Processing file /home/airflow/.local/lib/python3.12/site-packages/airflow/example_dags/example_python_operator.py for tasks to queue
[2025-12-15T19:13:06.768+0000] {logging_mixin.py:190} INFO - [2025-12-15T19:13:06.767+0000] {dagbag.py:588} INFO - Filling up the DagBag from /home/airflow/.local/lib/python3.12/site-packages/airflow/example_dags/example_python_operator.py
[2025-12-15T19:13:06.800+0000] {processor.py:925} INFO - DAG(s) 'example_python_operator' retrieved from /home/airflow/.local/lib/python3.12/site-packages/airflow/example_dags/example_python_operator.py
[2025-12-15T19:13:06.845+0000] {logging_mixin.py:190} INFO - [2025-12-15T19:13:06.844+0000] {dag.py:3239} INFO - Sync 1 DAGs
[2025-12-15T19:13:06.881+0000] {logging_mixin.py:190} INFO - [2025-12-15T19:13:06.880+0000] {dag.py:4180} INFO - Setting next_dagrun for example_python_operator to None, run_after=None
[2025-12-15T19:13:06.919+0000] {processor.py:208} INFO - Processing /home/airflow/.local/lib/python3.12/site-packages/airflow/example_dags/example_python_operator.py took 0.168 seconds
[2025-12-15T19:13:37.185+0000] {processor.py:186} INFO - Started process (PID=8725) to work on /home/airflow/.local/lib/python3.12/site-packages/airflow/example_dags/example_python_operator.py
[2025-12-15T19:13:37.189+0000] {processor.py:914} INFO - Processing file /home/airflow/.local/lib/python3.12/site-packages/airflow/example_dags/example_python_operator.py for tasks to queue
[2025-12-15T19:13:37.202+0000] {logging_mixin.py:190} INFO - [2025-12-15T19:13:37.191+0000] {dagbag.py:588} INFO - Filling up the DagBag from /home/airflow/.local/lib/python3.12/site-packages/airflow/example_dags/example_python_operator.py
[2025-12-15T19:13:37.303+0000] {processor.py:925} INFO - DAG(s) 'example_python_operator' retrieved from /home/airflow/.local/lib/python3.12/site-packages/airflow/example_dags/example_python_operator.py
[2025-12-15T19:13:37.466+0000] {logging_mixin.py:190} INFO - [2025-12-15T19:13:37.458+0000] {dag.py:3239} INFO - Sync 1 DAGs
[2025-12-15T19:13:37.600+0000] {logging_mixin.py:190} INFO - [2025-12-15T19:13:37.599+0000] {dag.py:4180} INFO - Setting next_dagrun for example_python_operator to None, run_after=None
[2025-12-15T19:13:37.748+0000] {processor.py:208} INFO - Processing /home/airflow/.local/lib/python3.12/site-packages/airflow/example_dags/example_python_operator.py took 0.610 seconds
[2025-12-15T19:14:08.512+0000] {processor.py:186} INFO - Started process (PID=9016) to work on /home/airflow/.local/lib/python3.12/site-packages/airflow/example_dags/example_python_operator.py
[2025-12-15T19:14:08.514+0000] {processor.py:914} INFO - Processing file /home/airflow/.local/lib/python3.12/site-packages/airflow/example_dags/example_python_operator.py for tasks to queue
[2025-12-15T19:14:08.516+0000] {logging_mixin.py:190} INFO - [2025-12-15T19:14:08.515+0000] {dagbag.py:588} INFO - Filling up the DagBag from /home/airflow/.local/lib/python3.12/site-packages/airflow/example_dags/example_python_operator.py
[2025-12-15T19:14:08.545+0000] {processor.py:925} INFO - DAG(s) 'example_python_operator' retrieved from /home/airflow/.local/lib/python3.12/site-packages/airflow/example_dags/example_python_operator.py
[2025-12-15T19:14:08.596+0000] {logging_mixin.py:190} INFO - [2025-12-15T19:14:08.596+0000] {dag.py:3239} INFO - Sync 1 DAGs
[2025-12-15T19:14:08.638+0000] {logging_mixin.py:190} INFO - [2025-12-15T19:14:08.636+0000] {dag.py:4180} INFO - Setting next_dagrun for example_python_operator to None, run_after=None
[2025-12-15T19:14:08.679+0000] {processor.py:208} INFO - Processing /home/airflow/.local/lib/python3.12/site-packages/airflow/example_dags/example_python_operator.py took 0.183 seconds
[2025-12-15T19:14:39.135+0000] {processor.py:186} INFO - Started process (PID=9295) to work on /home/airflow/.local/lib/python3.12/site-packages/airflow/example_dags/example_python_operator.py
[2025-12-15T19:14:39.137+0000] {processor.py:914} INFO - Processing file /home/airflow/.local/lib/python3.12/site-packages/airflow/example_dags/example_python_operator.py for tasks to queue
[2025-12-15T19:14:39.138+0000] {logging_mixin.py:190} INFO - [2025-12-15T19:14:39.138+0000] {dagbag.py:588} INFO - Filling up the DagBag from /home/airflow/.local/lib/python3.12/site-packages/airflow/example_dags/example_python_operator.py
[2025-12-15T19:14:39.162+0000] {processor.py:925} INFO - DAG(s) 'example_python_operator' retrieved from /home/airflow/.local/lib/python3.12/site-packages/airflow/example_dags/example_python_operator.py
[2025-12-15T19:14:39.197+0000] {logging_mixin.py:190} INFO - [2025-12-15T19:14:39.197+0000] {dag.py:3239} INFO - Sync 1 DAGs
[2025-12-15T19:14:39.222+0000] {logging_mixin.py:190} INFO - [2025-12-15T19:14:39.222+0000] {dag.py:4180} INFO - Setting next_dagrun for example_python_operator to None, run_after=None
[2025-12-15T19:14:39.250+0000] {processor.py:208} INFO - Processing /home/airflow/.local/lib/python3.12/site-packages/airflow/example_dags/example_python_operator.py took 0.127 seconds
[2025-12-15T19:15:10.516+0000] {processor.py:186} INFO - Started process (PID=9586) to work on /home/airflow/.local/lib/python3.12/site-packages/airflow/example_dags/example_python_operator.py
[2025-12-15T19:15:10.545+0000] {processor.py:914} INFO - Processing file /home/airflow/.local/lib/python3.12/site-packages/airflow/example_dags/example_python_operator.py for tasks to queue
[2025-12-15T19:15:10.548+0000] {logging_mixin.py:190} INFO - [2025-12-15T19:15:10.547+0000] {dagbag.py:588} INFO - Filling up the DagBag from /home/airflow/.local/lib/python3.12/site-packages/airflow/example_dags/example_python_operator.py
[2025-12-15T19:15:10.578+0000] {processor.py:925} INFO - DAG(s) 'example_python_operator' retrieved from /home/airflow/.local/lib/python3.12/site-packages/airflow/example_dags/example_python_operator.py
[2025-12-15T19:15:10.631+0000] {logging_mixin.py:190} INFO - [2025-12-15T19:15:10.631+0000] {dag.py:3239} INFO - Sync 1 DAGs
[2025-12-15T19:15:10.660+0000] {logging_mixin.py:190} INFO - [2025-12-15T19:15:10.659+0000] {dag.py:4180} INFO - Setting next_dagrun for example_python_operator to None, run_after=None
[2025-12-15T19:15:10.699+0000] {processor.py:208} INFO - Processing /home/airflow/.local/lib/python3.12/site-packages/airflow/example_dags/example_python_operator.py took 0.194 seconds
[2025-12-15T19:15:42.416+0000] {processor.py:186} INFO - Started process (PID=9867) to work on /home/airflow/.local/lib/python3.12/site-packages/airflow/example_dags/example_python_operator.py
[2025-12-15T19:15:42.418+0000] {processor.py:914} INFO - Processing file /home/airflow/.local/lib/python3.12/site-packages/airflow/example_dags/example_python_operator.py for tasks to queue
[2025-12-15T19:15:42.420+0000] {logging_mixin.py:190} INFO - [2025-12-15T19:15:42.420+0000] {dagbag.py:588} INFO - Filling up the DagBag from /home/airflow/.local/lib/python3.12/site-packages/airflow/example_dags/example_python_operator.py
[2025-12-15T19:15:42.449+0000] {processor.py:925} INFO - DAG(s) 'example_python_operator' retrieved from /home/airflow/.local/lib/python3.12/site-packages/airflow/example_dags/example_python_operator.py
[2025-12-15T19:15:42.492+0000] {logging_mixin.py:190} INFO - [2025-12-15T19:15:42.491+0000] {dag.py:3239} INFO - Sync 1 DAGs
[2025-12-15T19:15:42.528+0000] {logging_mixin.py:190} INFO - [2025-12-15T19:15:42.527+0000] {dag.py:4180} INFO - Setting next_dagrun for example_python_operator to None, run_after=None
[2025-12-15T19:15:42.579+0000] {processor.py:208} INFO - Processing /home/airflow/.local/lib/python3.12/site-packages/airflow/example_dags/example_python_operator.py took 0.181 seconds
[2025-12-15T19:16:14.285+0000] {processor.py:186} INFO - Started process (PID=10140) to work on /home/airflow/.local/lib/python3.12/site-packages/airflow/example_dags/example_python_operator.py
[2025-12-15T19:16:14.295+0000] {processor.py:914} INFO - Processing file /home/airflow/.local/lib/python3.12/site-packages/airflow/example_dags/example_python_operator.py for tasks to queue
[2025-12-15T19:16:14.299+0000] {logging_mixin.py:190} INFO - [2025-12-15T19:16:14.298+0000] {dagbag.py:588} INFO - Filling up the DagBag from /home/airflow/.local/lib/python3.12/site-packages/airflow/example_dags/example_python_operator.py
[2025-12-15T19:16:14.415+0000] {processor.py:925} INFO - DAG(s) 'example_python_operator' retrieved from /home/airflow/.local/lib/python3.12/site-packages/airflow/example_dags/example_python_operator.py
[2025-12-15T19:16:14.492+0000] {logging_mixin.py:190} INFO - [2025-12-15T19:16:14.492+0000] {dag.py:3239} INFO - Sync 1 DAGs
[2025-12-15T19:16:14.533+0000] {logging_mixin.py:190} INFO - [2025-12-15T19:16:14.532+0000] {dag.py:4180} INFO - Setting next_dagrun for example_python_operator to None, run_after=None
[2025-12-15T19:16:14.579+0000] {processor.py:208} INFO - Processing /home/airflow/.local/lib/python3.12/site-packages/airflow/example_dags/example_python_operator.py took 0.345 seconds
[2025-12-15T19:16:46.752+0000] {processor.py:186} INFO - Started process (PID=10409) to work on /home/airflow/.local/lib/python3.12/site-packages/airflow/example_dags/example_python_operator.py
[2025-12-15T19:16:46.755+0000] {processor.py:914} INFO - Processing file /home/airflow/.local/lib/python3.12/site-packages/airflow/example_dags/example_python_operator.py for tasks to queue
[2025-12-15T19:16:46.768+0000] {logging_mixin.py:190} INFO - [2025-12-15T19:16:46.767+0000] {dagbag.py:588} INFO - Filling up the DagBag from /home/airflow/.local/lib/python3.12/site-packages/airflow/example_dags/example_python_operator.py
[2025-12-15T19:16:46.881+0000] {processor.py:925} INFO - DAG(s) 'example_python_operator' retrieved from /home/airflow/.local/lib/python3.12/site-packages/airflow/example_dags/example_python_operator.py
[2025-12-15T19:16:47.062+0000] {logging_mixin.py:190} INFO - [2025-12-15T19:16:47.061+0000] {dag.py:3239} INFO - Sync 1 DAGs
[2025-12-15T19:16:47.209+0000] {logging_mixin.py:190} INFO - [2025-12-15T19:16:47.208+0000] {dag.py:4180} INFO - Setting next_dagrun for example_python_operator to None, run_after=None
[2025-12-15T19:16:47.366+0000] {processor.py:208} INFO - Processing /home/airflow/.local/lib/python3.12/site-packages/airflow/example_dags/example_python_operator.py took 0.646 seconds
[2025-12-15T19:17:24.274+0000] {processor.py:186} INFO - Started process (PID=10675) to work on /home/airflow/.local/lib/python3.12/site-packages/airflow/example_dags/example_python_operator.py
[2025-12-15T19:17:24.277+0000] {processor.py:914} INFO - Processing file /home/airflow/.local/lib/python3.12/site-packages/airflow/example_dags/example_python_operator.py for tasks to queue
[2025-12-15T19:17:24.281+0000] {logging_mixin.py:190} INFO - [2025-12-15T19:17:24.280+0000] {dagbag.py:588} INFO - Filling up the DagBag from /home/airflow/.local/lib/python3.12/site-packages/airflow/example_dags/example_python_operator.py
[2025-12-15T19:17:24.322+0000] {processor.py:925} INFO - DAG(s) 'example_python_operator' retrieved from /home/airflow/.local/lib/python3.12/site-packages/airflow/example_dags/example_python_operator.py
[2025-12-15T19:17:24.391+0000] {logging_mixin.py:190} INFO - [2025-12-15T19:17:24.391+0000] {dag.py:3239} INFO - Sync 1 DAGs
[2025-12-15T19:17:24.425+0000] {logging_mixin.py:190} INFO - [2025-12-15T19:17:24.424+0000] {dag.py:4180} INFO - Setting next_dagrun for example_python_operator to None, run_after=None
[2025-12-15T19:17:24.466+0000] {processor.py:208} INFO - Processing /home/airflow/.local/lib/python3.12/site-packages/airflow/example_dags/example_python_operator.py took 0.216 seconds
[2025-12-15T19:17:54.946+0000] {processor.py:186} INFO - Started process (PID=10975) to work on /home/airflow/.local/lib/python3.12/site-packages/airflow/example_dags/example_python_operator.py
[2025-12-15T19:17:54.955+0000] {processor.py:914} INFO - Processing file /home/airflow/.local/lib/python3.12/site-packages/airflow/example_dags/example_python_operator.py for tasks to queue
[2025-12-15T19:17:54.959+0000] {logging_mixin.py:190} INFO - [2025-12-15T19:17:54.958+0000] {dagbag.py:588} INFO - Filling up the DagBag from /home/airflow/.local/lib/python3.12/site-packages/airflow/example_dags/example_python_operator.py
[2025-12-15T19:17:55.029+0000] {processor.py:925} INFO - DAG(s) 'example_python_operator' retrieved from /home/airflow/.local/lib/python3.12/site-packages/airflow/example_dags/example_python_operator.py
[2025-12-15T19:17:55.187+0000] {logging_mixin.py:190} INFO - [2025-12-15T19:17:55.178+0000] {dag.py:3239} INFO - Sync 1 DAGs
[2025-12-15T19:17:55.296+0000] {logging_mixin.py:190} INFO - [2025-12-15T19:17:55.295+0000] {dag.py:4180} INFO - Setting next_dagrun for example_python_operator to None, run_after=None
[2025-12-15T19:17:55.462+0000] {processor.py:208} INFO - Processing /home/airflow/.local/lib/python3.12/site-packages/airflow/example_dags/example_python_operator.py took 0.531 seconds
[2025-12-15T19:18:27.526+0000] {processor.py:186} INFO - Started process (PID=11266) to work on /home/airflow/.local/lib/python3.12/site-packages/airflow/example_dags/example_python_operator.py
[2025-12-15T19:18:27.532+0000] {processor.py:914} INFO - Processing file /home/airflow/.local/lib/python3.12/site-packages/airflow/example_dags/example_python_operator.py for tasks to queue
[2025-12-15T19:18:27.536+0000] {logging_mixin.py:190} INFO - [2025-12-15T19:18:27.536+0000] {dagbag.py:588} INFO - Filling up the DagBag from /home/airflow/.local/lib/python3.12/site-packages/airflow/example_dags/example_python_operator.py
[2025-12-15T19:18:27.581+0000] {processor.py:925} INFO - DAG(s) 'example_python_operator' retrieved from /home/airflow/.local/lib/python3.12/site-packages/airflow/example_dags/example_python_operator.py
[2025-12-15T19:18:27.645+0000] {logging_mixin.py:190} INFO - [2025-12-15T19:18:27.644+0000] {dag.py:3239} INFO - Sync 1 DAGs
[2025-12-15T19:18:27.685+0000] {logging_mixin.py:190} INFO - [2025-12-15T19:18:27.684+0000] {dag.py:4180} INFO - Setting next_dagrun for example_python_operator to None, run_after=None
[2025-12-15T19:18:27.728+0000] {processor.py:208} INFO - Processing /home/airflow/.local/lib/python3.12/site-packages/airflow/example_dags/example_python_operator.py took 0.219 seconds
[2025-12-15T19:18:58.375+0000] {processor.py:186} INFO - Started process (PID=11555) to work on /home/airflow/.local/lib/python3.12/site-packages/airflow/example_dags/example_python_operator.py
[2025-12-15T19:18:58.378+0000] {processor.py:914} INFO - Processing file /home/airflow/.local/lib/python3.12/site-packages/airflow/example_dags/example_python_operator.py for tasks to queue
[2025-12-15T19:18:58.380+0000] {logging_mixin.py:190} INFO - [2025-12-15T19:18:58.379+0000] {dagbag.py:588} INFO - Filling up the DagBag from /home/airflow/.local/lib/python3.12/site-packages/airflow/example_dags/example_python_operator.py
[2025-12-15T19:18:58.440+0000] {processor.py:925} INFO - DAG(s) 'example_python_operator' retrieved from /home/airflow/.local/lib/python3.12/site-packages/airflow/example_dags/example_python_operator.py
[2025-12-15T19:18:58.552+0000] {logging_mixin.py:190} INFO - [2025-12-15T19:18:58.551+0000] {dag.py:3239} INFO - Sync 1 DAGs
[2025-12-15T19:18:58.641+0000] {logging_mixin.py:190} INFO - [2025-12-15T19:18:58.641+0000] {dag.py:4180} INFO - Setting next_dagrun for example_python_operator to None, run_after=None
[2025-12-15T19:18:58.751+0000] {processor.py:208} INFO - Processing /home/airflow/.local/lib/python3.12/site-packages/airflow/example_dags/example_python_operator.py took 0.396 seconds
