[2025-12-15T18:56:23.640+0000] {processor.py:186} INFO - Started process (PID=395) to work on /home/airflow/.local/lib/python3.12/site-packages/airflow/example_dags/example_setup_teardown.py
[2025-12-15T18:56:23.641+0000] {processor.py:914} INFO - Processing file /home/airflow/.local/lib/python3.12/site-packages/airflow/example_dags/example_setup_teardown.py for tasks to queue
[2025-12-15T18:56:23.648+0000] {logging_mixin.py:190} INFO - [2025-12-15T18:56:23.647+0000] {dagbag.py:588} INFO - Filling up the DagBag from /home/airflow/.local/lib/python3.12/site-packages/airflow/example_dags/example_setup_teardown.py
[2025-12-15T18:56:23.676+0000] {processor.py:925} INFO - DAG(s) 'example_setup_teardown' retrieved from /home/airflow/.local/lib/python3.12/site-packages/airflow/example_dags/example_setup_teardown.py
[2025-12-15T18:56:23.994+0000] {logging_mixin.py:190} INFO - [2025-12-15T18:56:23.993+0000] {override.py:1911} INFO - Created Permission View: can read on DAG:example_setup_teardown
[2025-12-15T18:56:24.021+0000] {logging_mixin.py:190} INFO - [2025-12-15T18:56:24.020+0000] {override.py:1911} INFO - Created Permission View: can edit on DAG:example_setup_teardown
[2025-12-15T18:56:24.045+0000] {logging_mixin.py:190} INFO - [2025-12-15T18:56:24.045+0000] {override.py:1911} INFO - Created Permission View: can delete on DAG:example_setup_teardown
[2025-12-15T18:56:24.069+0000] {logging_mixin.py:190} INFO - [2025-12-15T18:56:24.068+0000] {override.py:1911} INFO - Created Permission View: can read on DAG Run:example_setup_teardown
[2025-12-15T18:56:24.093+0000] {logging_mixin.py:190} INFO - [2025-12-15T18:56:24.093+0000] {override.py:1911} INFO - Created Permission View: menu access on DAG Run:example_setup_teardown
[2025-12-15T18:56:24.113+0000] {logging_mixin.py:190} INFO - [2025-12-15T18:56:24.112+0000] {override.py:1911} INFO - Created Permission View: can create on DAG Run:example_setup_teardown
[2025-12-15T18:56:24.134+0000] {logging_mixin.py:190} INFO - [2025-12-15T18:56:24.134+0000] {override.py:1911} INFO - Created Permission View: can delete on DAG Run:example_setup_teardown
[2025-12-15T18:56:24.136+0000] {logging_mixin.py:190} INFO - [2025-12-15T18:56:24.135+0000] {dag.py:3239} INFO - Sync 1 DAGs
[2025-12-15T18:56:24.177+0000] {logging_mixin.py:190} INFO - [2025-12-15T18:56:24.177+0000] {dag.py:3262} INFO - Creating ORM DAG for example_setup_teardown
[2025-12-15T18:56:24.179+0000] {logging_mixin.py:190} INFO - [2025-12-15T18:56:24.178+0000] {dag.py:4180} INFO - Setting next_dagrun for example_setup_teardown to None, run_after=None
[2025-12-15T18:56:24.223+0000] {processor.py:208} INFO - Processing /home/airflow/.local/lib/python3.12/site-packages/airflow/example_dags/example_setup_teardown.py took 0.600 seconds
[2025-12-15T18:56:57.766+0000] {processor.py:186} INFO - Started process (PID=690) to work on /home/airflow/.local/lib/python3.12/site-packages/airflow/example_dags/example_setup_teardown.py
[2025-12-15T18:56:57.768+0000] {processor.py:914} INFO - Processing file /home/airflow/.local/lib/python3.12/site-packages/airflow/example_dags/example_setup_teardown.py for tasks to queue
[2025-12-15T18:56:57.777+0000] {logging_mixin.py:190} INFO - [2025-12-15T18:56:57.772+0000] {dagbag.py:588} INFO - Filling up the DagBag from /home/airflow/.local/lib/python3.12/site-packages/airflow/example_dags/example_setup_teardown.py
[2025-12-15T18:56:57.801+0000] {processor.py:925} INFO - DAG(s) 'example_setup_teardown' retrieved from /home/airflow/.local/lib/python3.12/site-packages/airflow/example_dags/example_setup_teardown.py
[2025-12-15T18:56:57.862+0000] {logging_mixin.py:190} INFO - [2025-12-15T18:56:57.862+0000] {dag.py:3239} INFO - Sync 1 DAGs
[2025-12-15T18:56:57.899+0000] {logging_mixin.py:190} INFO - [2025-12-15T18:56:57.898+0000] {dag.py:4180} INFO - Setting next_dagrun for example_setup_teardown to None, run_after=None
[2025-12-15T18:56:57.953+0000] {processor.py:208} INFO - Processing /home/airflow/.local/lib/python3.12/site-packages/airflow/example_dags/example_setup_teardown.py took 0.204 seconds
[2025-12-15T18:57:33.964+0000] {processor.py:186} INFO - Started process (PID=991) to work on /home/airflow/.local/lib/python3.12/site-packages/airflow/example_dags/example_setup_teardown.py
[2025-12-15T18:57:33.966+0000] {processor.py:914} INFO - Processing file /home/airflow/.local/lib/python3.12/site-packages/airflow/example_dags/example_setup_teardown.py for tasks to queue
[2025-12-15T18:57:33.971+0000] {logging_mixin.py:190} INFO - [2025-12-15T18:57:33.971+0000] {dagbag.py:588} INFO - Filling up the DagBag from /home/airflow/.local/lib/python3.12/site-packages/airflow/example_dags/example_setup_teardown.py
[2025-12-15T18:57:33.995+0000] {processor.py:925} INFO - DAG(s) 'example_setup_teardown' retrieved from /home/airflow/.local/lib/python3.12/site-packages/airflow/example_dags/example_setup_teardown.py
[2025-12-15T18:57:34.044+0000] {logging_mixin.py:190} INFO - [2025-12-15T18:57:34.043+0000] {dag.py:3239} INFO - Sync 1 DAGs
[2025-12-15T18:57:34.077+0000] {logging_mixin.py:190} INFO - [2025-12-15T18:57:34.076+0000] {dag.py:4180} INFO - Setting next_dagrun for example_setup_teardown to None, run_after=None
[2025-12-15T18:57:34.110+0000] {processor.py:208} INFO - Processing /home/airflow/.local/lib/python3.12/site-packages/airflow/example_dags/example_setup_teardown.py took 0.168 seconds
[2025-12-15T18:58:14.490+0000] {processor.py:186} INFO - Started process (PID=1290) to work on /home/airflow/.local/lib/python3.12/site-packages/airflow/example_dags/example_setup_teardown.py
[2025-12-15T18:58:14.504+0000] {processor.py:914} INFO - Processing file /home/airflow/.local/lib/python3.12/site-packages/airflow/example_dags/example_setup_teardown.py for tasks to queue
[2025-12-15T18:58:14.523+0000] {logging_mixin.py:190} INFO - [2025-12-15T18:58:14.522+0000] {dagbag.py:588} INFO - Filling up the DagBag from /home/airflow/.local/lib/python3.12/site-packages/airflow/example_dags/example_setup_teardown.py
[2025-12-15T18:58:14.580+0000] {processor.py:925} INFO - DAG(s) 'example_setup_teardown' retrieved from /home/airflow/.local/lib/python3.12/site-packages/airflow/example_dags/example_setup_teardown.py
[2025-12-15T18:58:14.739+0000] {logging_mixin.py:190} INFO - [2025-12-15T18:58:14.730+0000] {dag.py:3239} INFO - Sync 1 DAGs
[2025-12-15T18:58:14.835+0000] {logging_mixin.py:190} INFO - [2025-12-15T18:58:14.834+0000] {dag.py:4180} INFO - Setting next_dagrun for example_setup_teardown to None, run_after=None
[2025-12-15T18:58:14.983+0000] {processor.py:208} INFO - Processing /home/airflow/.local/lib/python3.12/site-packages/airflow/example_dags/example_setup_teardown.py took 0.532 seconds
[2025-12-15T18:58:45.264+0000] {processor.py:186} INFO - Started process (PID=1577) to work on /home/airflow/.local/lib/python3.12/site-packages/airflow/example_dags/example_setup_teardown.py
[2025-12-15T18:58:45.266+0000] {processor.py:914} INFO - Processing file /home/airflow/.local/lib/python3.12/site-packages/airflow/example_dags/example_setup_teardown.py for tasks to queue
[2025-12-15T18:58:45.270+0000] {logging_mixin.py:190} INFO - [2025-12-15T18:58:45.269+0000] {dagbag.py:588} INFO - Filling up the DagBag from /home/airflow/.local/lib/python3.12/site-packages/airflow/example_dags/example_setup_teardown.py
[2025-12-15T18:58:45.289+0000] {processor.py:925} INFO - DAG(s) 'example_setup_teardown' retrieved from /home/airflow/.local/lib/python3.12/site-packages/airflow/example_dags/example_setup_teardown.py
[2025-12-15T18:58:45.325+0000] {logging_mixin.py:190} INFO - [2025-12-15T18:58:45.324+0000] {dag.py:3239} INFO - Sync 1 DAGs
[2025-12-15T18:58:45.353+0000] {logging_mixin.py:190} INFO - [2025-12-15T18:58:45.353+0000] {dag.py:4180} INFO - Setting next_dagrun for example_setup_teardown to None, run_after=None
[2025-12-15T18:58:45.382+0000] {processor.py:208} INFO - Processing /home/airflow/.local/lib/python3.12/site-packages/airflow/example_dags/example_setup_teardown.py took 0.128 seconds
[2025-12-15T18:59:49.285+0000] {processor.py:186} INFO - Started process (PID=1987) to work on /home/airflow/.local/lib/python3.12/site-packages/airflow/example_dags/example_setup_teardown.py
[2025-12-15T18:59:49.288+0000] {processor.py:914} INFO - Processing file /home/airflow/.local/lib/python3.12/site-packages/airflow/example_dags/example_setup_teardown.py for tasks to queue
[2025-12-15T18:59:49.293+0000] {logging_mixin.py:190} INFO - [2025-12-15T18:59:49.292+0000] {dagbag.py:588} INFO - Filling up the DagBag from /home/airflow/.local/lib/python3.12/site-packages/airflow/example_dags/example_setup_teardown.py
[2025-12-15T18:59:50.060+0000] {processor.py:925} INFO - DAG(s) 'example_setup_teardown' retrieved from /home/airflow/.local/lib/python3.12/site-packages/airflow/example_dags/example_setup_teardown.py
[2025-12-15T18:59:50.252+0000] {logging_mixin.py:190} INFO - [2025-12-15T18:59:50.251+0000] {dag.py:3239} INFO - Sync 1 DAGs
[2025-12-15T18:59:50.537+0000] {logging_mixin.py:190} INFO - [2025-12-15T18:59:50.536+0000] {dag.py:4180} INFO - Setting next_dagrun for example_setup_teardown to None, run_after=None
[2025-12-15T18:59:50.956+0000] {processor.py:208} INFO - Processing /home/airflow/.local/lib/python3.12/site-packages/airflow/example_dags/example_setup_teardown.py took 1.686 seconds
[2025-12-15T19:01:54.440+0000] {processor.py:186} INFO - Started process (PID=2310) to work on /home/airflow/.local/lib/python3.12/site-packages/airflow/example_dags/example_setup_teardown.py
[2025-12-15T19:01:54.446+0000] {processor.py:914} INFO - Processing file /home/airflow/.local/lib/python3.12/site-packages/airflow/example_dags/example_setup_teardown.py for tasks to queue
[2025-12-15T19:01:54.456+0000] {logging_mixin.py:190} INFO - [2025-12-15T19:01:54.454+0000] {dagbag.py:588} INFO - Filling up the DagBag from /home/airflow/.local/lib/python3.12/site-packages/airflow/example_dags/example_setup_teardown.py
[2025-12-15T19:01:54.504+0000] {processor.py:925} INFO - DAG(s) 'example_setup_teardown' retrieved from /home/airflow/.local/lib/python3.12/site-packages/airflow/example_dags/example_setup_teardown.py
[2025-12-15T19:01:54.576+0000] {logging_mixin.py:190} INFO - [2025-12-15T19:01:54.576+0000] {dag.py:3239} INFO - Sync 1 DAGs
[2025-12-15T19:01:54.620+0000] {logging_mixin.py:190} INFO - [2025-12-15T19:01:54.620+0000] {dag.py:4180} INFO - Setting next_dagrun for example_setup_teardown to None, run_after=None
[2025-12-15T19:01:54.674+0000] {processor.py:208} INFO - Processing /home/airflow/.local/lib/python3.12/site-packages/airflow/example_dags/example_setup_teardown.py took 0.269 seconds
[2025-12-15T19:02:25.131+0000] {processor.py:186} INFO - Started process (PID=2600) to work on /home/airflow/.local/lib/python3.12/site-packages/airflow/example_dags/example_setup_teardown.py
[2025-12-15T19:02:25.137+0000] {processor.py:914} INFO - Processing file /home/airflow/.local/lib/python3.12/site-packages/airflow/example_dags/example_setup_teardown.py for tasks to queue
[2025-12-15T19:02:25.140+0000] {logging_mixin.py:190} INFO - [2025-12-15T19:02:25.140+0000] {dagbag.py:588} INFO - Filling up the DagBag from /home/airflow/.local/lib/python3.12/site-packages/airflow/example_dags/example_setup_teardown.py
[2025-12-15T19:02:25.156+0000] {processor.py:925} INFO - DAG(s) 'example_setup_teardown' retrieved from /home/airflow/.local/lib/python3.12/site-packages/airflow/example_dags/example_setup_teardown.py
[2025-12-15T19:02:25.196+0000] {logging_mixin.py:190} INFO - [2025-12-15T19:02:25.195+0000] {dag.py:3239} INFO - Sync 1 DAGs
[2025-12-15T19:02:25.225+0000] {logging_mixin.py:190} INFO - [2025-12-15T19:02:25.225+0000] {dag.py:4180} INFO - Setting next_dagrun for example_setup_teardown to None, run_after=None
[2025-12-15T19:02:25.262+0000] {processor.py:208} INFO - Processing /home/airflow/.local/lib/python3.12/site-packages/airflow/example_dags/example_setup_teardown.py took 0.145 seconds
[2025-12-15T19:02:56.152+0000] {processor.py:186} INFO - Started process (PID=2886) to work on /home/airflow/.local/lib/python3.12/site-packages/airflow/example_dags/example_setup_teardown.py
[2025-12-15T19:02:56.158+0000] {processor.py:914} INFO - Processing file /home/airflow/.local/lib/python3.12/site-packages/airflow/example_dags/example_setup_teardown.py for tasks to queue
[2025-12-15T19:02:56.162+0000] {logging_mixin.py:190} INFO - [2025-12-15T19:02:56.162+0000] {dagbag.py:588} INFO - Filling up the DagBag from /home/airflow/.local/lib/python3.12/site-packages/airflow/example_dags/example_setup_teardown.py
[2025-12-15T19:02:56.184+0000] {processor.py:925} INFO - DAG(s) 'example_setup_teardown' retrieved from /home/airflow/.local/lib/python3.12/site-packages/airflow/example_dags/example_setup_teardown.py
[2025-12-15T19:02:56.244+0000] {logging_mixin.py:190} INFO - [2025-12-15T19:02:56.244+0000] {dag.py:3239} INFO - Sync 1 DAGs
[2025-12-15T19:02:56.281+0000] {logging_mixin.py:190} INFO - [2025-12-15T19:02:56.281+0000] {dag.py:4180} INFO - Setting next_dagrun for example_setup_teardown to None, run_after=None
[2025-12-15T19:02:56.329+0000] {processor.py:208} INFO - Processing /home/airflow/.local/lib/python3.12/site-packages/airflow/example_dags/example_setup_teardown.py took 0.193 seconds
[2025-12-15T19:03:30.809+0000] {processor.py:186} INFO - Started process (PID=3183) to work on /home/airflow/.local/lib/python3.12/site-packages/airflow/example_dags/example_setup_teardown.py
[2025-12-15T19:03:30.811+0000] {processor.py:914} INFO - Processing file /home/airflow/.local/lib/python3.12/site-packages/airflow/example_dags/example_setup_teardown.py for tasks to queue
[2025-12-15T19:03:30.815+0000] {logging_mixin.py:190} INFO - [2025-12-15T19:03:30.814+0000] {dagbag.py:588} INFO - Filling up the DagBag from /home/airflow/.local/lib/python3.12/site-packages/airflow/example_dags/example_setup_teardown.py
[2025-12-15T19:03:30.831+0000] {processor.py:925} INFO - DAG(s) 'example_setup_teardown' retrieved from /home/airflow/.local/lib/python3.12/site-packages/airflow/example_dags/example_setup_teardown.py
[2025-12-15T19:03:30.867+0000] {logging_mixin.py:190} INFO - [2025-12-15T19:03:30.866+0000] {dag.py:3239} INFO - Sync 1 DAGs
[2025-12-15T19:03:30.894+0000] {logging_mixin.py:190} INFO - [2025-12-15T19:03:30.894+0000] {dag.py:4180} INFO - Setting next_dagrun for example_setup_teardown to None, run_after=None
[2025-12-15T19:03:30.929+0000] {processor.py:208} INFO - Processing /home/airflow/.local/lib/python3.12/site-packages/airflow/example_dags/example_setup_teardown.py took 0.134 seconds
[2025-12-15T19:04:07.986+0000] {processor.py:186} INFO - Started process (PID=3489) to work on /home/airflow/.local/lib/python3.12/site-packages/airflow/example_dags/example_setup_teardown.py
[2025-12-15T19:04:07.988+0000] {processor.py:914} INFO - Processing file /home/airflow/.local/lib/python3.12/site-packages/airflow/example_dags/example_setup_teardown.py for tasks to queue
[2025-12-15T19:04:07.992+0000] {logging_mixin.py:190} INFO - [2025-12-15T19:04:07.991+0000] {dagbag.py:588} INFO - Filling up the DagBag from /home/airflow/.local/lib/python3.12/site-packages/airflow/example_dags/example_setup_teardown.py
[2025-12-15T19:04:08.010+0000] {processor.py:925} INFO - DAG(s) 'example_setup_teardown' retrieved from /home/airflow/.local/lib/python3.12/site-packages/airflow/example_dags/example_setup_teardown.py
[2025-12-15T19:04:08.060+0000] {logging_mixin.py:190} INFO - [2025-12-15T19:04:08.060+0000] {dag.py:3239} INFO - Sync 1 DAGs
[2025-12-15T19:04:08.089+0000] {logging_mixin.py:190} INFO - [2025-12-15T19:04:08.089+0000] {dag.py:4180} INFO - Setting next_dagrun for example_setup_teardown to None, run_after=None
[2025-12-15T19:04:08.131+0000] {processor.py:208} INFO - Processing /home/airflow/.local/lib/python3.12/site-packages/airflow/example_dags/example_setup_teardown.py took 0.165 seconds
[2025-12-15T19:04:43.371+0000] {processor.py:186} INFO - Started process (PID=3865) to work on /home/airflow/.local/lib/python3.12/site-packages/airflow/example_dags/example_setup_teardown.py
[2025-12-15T19:04:43.381+0000] {processor.py:914} INFO - Processing file /home/airflow/.local/lib/python3.12/site-packages/airflow/example_dags/example_setup_teardown.py for tasks to queue
[2025-12-15T19:04:43.386+0000] {logging_mixin.py:190} INFO - [2025-12-15T19:04:43.386+0000] {dagbag.py:588} INFO - Filling up the DagBag from /home/airflow/.local/lib/python3.12/site-packages/airflow/example_dags/example_setup_teardown.py
[2025-12-15T19:04:43.401+0000] {processor.py:925} INFO - DAG(s) 'example_setup_teardown' retrieved from /home/airflow/.local/lib/python3.12/site-packages/airflow/example_dags/example_setup_teardown.py
[2025-12-15T19:04:43.434+0000] {logging_mixin.py:190} INFO - [2025-12-15T19:04:43.434+0000] {dag.py:3239} INFO - Sync 1 DAGs
[2025-12-15T19:04:43.463+0000] {logging_mixin.py:190} INFO - [2025-12-15T19:04:43.463+0000] {dag.py:4180} INFO - Setting next_dagrun for example_setup_teardown to None, run_after=None
[2025-12-15T19:04:43.515+0000] {processor.py:208} INFO - Processing /home/airflow/.local/lib/python3.12/site-packages/airflow/example_dags/example_setup_teardown.py took 0.155 seconds
[2025-12-15T19:05:15.977+0000] {processor.py:186} INFO - Started process (PID=4151) to work on /home/airflow/.local/lib/python3.12/site-packages/airflow/example_dags/example_setup_teardown.py
[2025-12-15T19:05:15.979+0000] {processor.py:914} INFO - Processing file /home/airflow/.local/lib/python3.12/site-packages/airflow/example_dags/example_setup_teardown.py for tasks to queue
[2025-12-15T19:05:15.983+0000] {logging_mixin.py:190} INFO - [2025-12-15T19:05:15.982+0000] {dagbag.py:588} INFO - Filling up the DagBag from /home/airflow/.local/lib/python3.12/site-packages/airflow/example_dags/example_setup_teardown.py
[2025-12-15T19:05:16.001+0000] {processor.py:925} INFO - DAG(s) 'example_setup_teardown' retrieved from /home/airflow/.local/lib/python3.12/site-packages/airflow/example_dags/example_setup_teardown.py
[2025-12-15T19:05:16.036+0000] {logging_mixin.py:190} INFO - [2025-12-15T19:05:16.035+0000] {dag.py:3239} INFO - Sync 1 DAGs
[2025-12-15T19:05:16.064+0000] {logging_mixin.py:190} INFO - [2025-12-15T19:05:16.064+0000] {dag.py:4180} INFO - Setting next_dagrun for example_setup_teardown to None, run_after=None
[2025-12-15T19:05:16.097+0000] {processor.py:208} INFO - Processing /home/airflow/.local/lib/python3.12/site-packages/airflow/example_dags/example_setup_teardown.py took 0.130 seconds
[2025-12-15T19:05:47.443+0000] {processor.py:186} INFO - Started process (PID=4442) to work on /home/airflow/.local/lib/python3.12/site-packages/airflow/example_dags/example_setup_teardown.py
[2025-12-15T19:05:47.445+0000] {processor.py:914} INFO - Processing file /home/airflow/.local/lib/python3.12/site-packages/airflow/example_dags/example_setup_teardown.py for tasks to queue
[2025-12-15T19:05:47.449+0000] {logging_mixin.py:190} INFO - [2025-12-15T19:05:47.448+0000] {dagbag.py:588} INFO - Filling up the DagBag from /home/airflow/.local/lib/python3.12/site-packages/airflow/example_dags/example_setup_teardown.py
[2025-12-15T19:05:47.462+0000] {processor.py:925} INFO - DAG(s) 'example_setup_teardown' retrieved from /home/airflow/.local/lib/python3.12/site-packages/airflow/example_dags/example_setup_teardown.py
[2025-12-15T19:05:47.490+0000] {logging_mixin.py:190} INFO - [2025-12-15T19:05:47.490+0000] {dag.py:3239} INFO - Sync 1 DAGs
[2025-12-15T19:05:47.510+0000] {logging_mixin.py:190} INFO - [2025-12-15T19:05:47.510+0000] {dag.py:4180} INFO - Setting next_dagrun for example_setup_teardown to None, run_after=None
[2025-12-15T19:05:47.538+0000] {processor.py:208} INFO - Processing /home/airflow/.local/lib/python3.12/site-packages/airflow/example_dags/example_setup_teardown.py took 0.104 seconds
[2025-12-15T19:06:20.556+0000] {processor.py:186} INFO - Started process (PID=4738) to work on /home/airflow/.local/lib/python3.12/site-packages/airflow/example_dags/example_setup_teardown.py
[2025-12-15T19:06:20.561+0000] {processor.py:914} INFO - Processing file /home/airflow/.local/lib/python3.12/site-packages/airflow/example_dags/example_setup_teardown.py for tasks to queue
[2025-12-15T19:06:20.575+0000] {logging_mixin.py:190} INFO - [2025-12-15T19:06:20.574+0000] {dagbag.py:588} INFO - Filling up the DagBag from /home/airflow/.local/lib/python3.12/site-packages/airflow/example_dags/example_setup_teardown.py
[2025-12-15T19:06:20.635+0000] {processor.py:925} INFO - DAG(s) 'example_setup_teardown' retrieved from /home/airflow/.local/lib/python3.12/site-packages/airflow/example_dags/example_setup_teardown.py
[2025-12-15T19:06:20.771+0000] {logging_mixin.py:190} INFO - [2025-12-15T19:06:20.770+0000] {dag.py:3239} INFO - Sync 1 DAGs
[2025-12-15T19:06:20.810+0000] {logging_mixin.py:190} INFO - [2025-12-15T19:06:20.809+0000] {dag.py:4180} INFO - Setting next_dagrun for example_setup_teardown to None, run_after=None
[2025-12-15T19:06:20.855+0000] {processor.py:208} INFO - Processing /home/airflow/.local/lib/python3.12/site-packages/airflow/example_dags/example_setup_teardown.py took 0.351 seconds
[2025-12-15T19:06:50.993+0000] {processor.py:186} INFO - Started process (PID=5024) to work on /home/airflow/.local/lib/python3.12/site-packages/airflow/example_dags/example_setup_teardown.py
[2025-12-15T19:06:50.997+0000] {processor.py:914} INFO - Processing file /home/airflow/.local/lib/python3.12/site-packages/airflow/example_dags/example_setup_teardown.py for tasks to queue
[2025-12-15T19:06:51.001+0000] {logging_mixin.py:190} INFO - [2025-12-15T19:06:51.001+0000] {dagbag.py:588} INFO - Filling up the DagBag from /home/airflow/.local/lib/python3.12/site-packages/airflow/example_dags/example_setup_teardown.py
[2025-12-15T19:06:51.020+0000] {processor.py:925} INFO - DAG(s) 'example_setup_teardown' retrieved from /home/airflow/.local/lib/python3.12/site-packages/airflow/example_dags/example_setup_teardown.py
[2025-12-15T19:06:51.061+0000] {logging_mixin.py:190} INFO - [2025-12-15T19:06:51.060+0000] {dag.py:3239} INFO - Sync 1 DAGs
[2025-12-15T19:06:51.086+0000] {logging_mixin.py:190} INFO - [2025-12-15T19:06:51.085+0000] {dag.py:4180} INFO - Setting next_dagrun for example_setup_teardown to None, run_after=None
[2025-12-15T19:06:51.114+0000] {processor.py:208} INFO - Processing /home/airflow/.local/lib/python3.12/site-packages/airflow/example_dags/example_setup_teardown.py took 0.132 seconds
[2025-12-15T19:07:30.095+0000] {processor.py:186} INFO - Started process (PID=5320) to work on /home/airflow/.local/lib/python3.12/site-packages/airflow/example_dags/example_setup_teardown.py
[2025-12-15T19:07:30.107+0000] {processor.py:914} INFO - Processing file /home/airflow/.local/lib/python3.12/site-packages/airflow/example_dags/example_setup_teardown.py for tasks to queue
[2025-12-15T19:07:30.123+0000] {logging_mixin.py:190} INFO - [2025-12-15T19:07:30.122+0000] {dagbag.py:588} INFO - Filling up the DagBag from /home/airflow/.local/lib/python3.12/site-packages/airflow/example_dags/example_setup_teardown.py
[2025-12-15T19:07:30.198+0000] {processor.py:925} INFO - DAG(s) 'example_setup_teardown' retrieved from /home/airflow/.local/lib/python3.12/site-packages/airflow/example_dags/example_setup_teardown.py
[2025-12-15T19:07:30.302+0000] {logging_mixin.py:190} INFO - [2025-12-15T19:07:30.301+0000] {dag.py:3239} INFO - Sync 1 DAGs
[2025-12-15T19:07:30.415+0000] {logging_mixin.py:190} INFO - [2025-12-15T19:07:30.414+0000] {dag.py:4180} INFO - Setting next_dagrun for example_setup_teardown to None, run_after=None
[2025-12-15T19:07:30.549+0000] {processor.py:208} INFO - Processing /home/airflow/.local/lib/python3.12/site-packages/airflow/example_dags/example_setup_teardown.py took 0.496 seconds
[2025-12-15T19:08:01.446+0000] {processor.py:186} INFO - Started process (PID=5613) to work on /home/airflow/.local/lib/python3.12/site-packages/airflow/example_dags/example_setup_teardown.py
[2025-12-15T19:08:01.447+0000] {processor.py:914} INFO - Processing file /home/airflow/.local/lib/python3.12/site-packages/airflow/example_dags/example_setup_teardown.py for tasks to queue
[2025-12-15T19:08:01.450+0000] {logging_mixin.py:190} INFO - [2025-12-15T19:08:01.450+0000] {dagbag.py:588} INFO - Filling up the DagBag from /home/airflow/.local/lib/python3.12/site-packages/airflow/example_dags/example_setup_teardown.py
[2025-12-15T19:08:01.461+0000] {processor.py:925} INFO - DAG(s) 'example_setup_teardown' retrieved from /home/airflow/.local/lib/python3.12/site-packages/airflow/example_dags/example_setup_teardown.py
[2025-12-15T19:08:01.486+0000] {logging_mixin.py:190} INFO - [2025-12-15T19:08:01.485+0000] {dag.py:3239} INFO - Sync 1 DAGs
[2025-12-15T19:08:01.503+0000] {logging_mixin.py:190} INFO - [2025-12-15T19:08:01.502+0000] {dag.py:4180} INFO - Setting next_dagrun for example_setup_teardown to None, run_after=None
[2025-12-15T19:08:01.526+0000] {processor.py:208} INFO - Processing /home/airflow/.local/lib/python3.12/site-packages/airflow/example_dags/example_setup_teardown.py took 0.087 seconds
[2025-12-15T19:08:32.352+0000] {processor.py:186} INFO - Started process (PID=5904) to work on /home/airflow/.local/lib/python3.12/site-packages/airflow/example_dags/example_setup_teardown.py
[2025-12-15T19:08:32.359+0000] {processor.py:914} INFO - Processing file /home/airflow/.local/lib/python3.12/site-packages/airflow/example_dags/example_setup_teardown.py for tasks to queue
[2025-12-15T19:08:32.383+0000] {logging_mixin.py:190} INFO - [2025-12-15T19:08:32.382+0000] {dagbag.py:588} INFO - Filling up the DagBag from /home/airflow/.local/lib/python3.12/site-packages/airflow/example_dags/example_setup_teardown.py
[2025-12-15T19:08:32.470+0000] {processor.py:925} INFO - DAG(s) 'example_setup_teardown' retrieved from /home/airflow/.local/lib/python3.12/site-packages/airflow/example_dags/example_setup_teardown.py
[2025-12-15T19:08:32.619+0000] {logging_mixin.py:190} INFO - [2025-12-15T19:08:32.618+0000] {dag.py:3239} INFO - Sync 1 DAGs
[2025-12-15T19:08:32.736+0000] {logging_mixin.py:190} INFO - [2025-12-15T19:08:32.735+0000] {dag.py:4180} INFO - Setting next_dagrun for example_setup_teardown to None, run_after=None
[2025-12-15T19:08:32.873+0000] {processor.py:208} INFO - Processing /home/airflow/.local/lib/python3.12/site-packages/airflow/example_dags/example_setup_teardown.py took 0.622 seconds
[2025-12-15T19:09:03.378+0000] {processor.py:186} INFO - Started process (PID=6195) to work on /home/airflow/.local/lib/python3.12/site-packages/airflow/example_dags/example_setup_teardown.py
[2025-12-15T19:09:03.383+0000] {processor.py:914} INFO - Processing file /home/airflow/.local/lib/python3.12/site-packages/airflow/example_dags/example_setup_teardown.py for tasks to queue
[2025-12-15T19:09:03.385+0000] {logging_mixin.py:190} INFO - [2025-12-15T19:09:03.385+0000] {dagbag.py:588} INFO - Filling up the DagBag from /home/airflow/.local/lib/python3.12/site-packages/airflow/example_dags/example_setup_teardown.py
[2025-12-15T19:09:03.397+0000] {processor.py:925} INFO - DAG(s) 'example_setup_teardown' retrieved from /home/airflow/.local/lib/python3.12/site-packages/airflow/example_dags/example_setup_teardown.py
[2025-12-15T19:09:03.424+0000] {logging_mixin.py:190} INFO - [2025-12-15T19:09:03.423+0000] {dag.py:3239} INFO - Sync 1 DAGs
[2025-12-15T19:09:03.446+0000] {logging_mixin.py:190} INFO - [2025-12-15T19:09:03.445+0000] {dag.py:4180} INFO - Setting next_dagrun for example_setup_teardown to None, run_after=None
[2025-12-15T19:09:03.476+0000] {processor.py:208} INFO - Processing /home/airflow/.local/lib/python3.12/site-packages/airflow/example_dags/example_setup_teardown.py took 0.105 seconds
[2025-12-15T19:09:34.942+0000] {processor.py:186} INFO - Started process (PID=6484) to work on /home/airflow/.local/lib/python3.12/site-packages/airflow/example_dags/example_setup_teardown.py
[2025-12-15T19:09:34.945+0000] {processor.py:914} INFO - Processing file /home/airflow/.local/lib/python3.12/site-packages/airflow/example_dags/example_setup_teardown.py for tasks to queue
[2025-12-15T19:09:34.962+0000] {logging_mixin.py:190} INFO - [2025-12-15T19:09:34.960+0000] {dagbag.py:588} INFO - Filling up the DagBag from /home/airflow/.local/lib/python3.12/site-packages/airflow/example_dags/example_setup_teardown.py
[2025-12-15T19:09:35.016+0000] {processor.py:925} INFO - DAG(s) 'example_setup_teardown' retrieved from /home/airflow/.local/lib/python3.12/site-packages/airflow/example_dags/example_setup_teardown.py
[2025-12-15T19:09:35.143+0000] {logging_mixin.py:190} INFO - [2025-12-15T19:09:35.143+0000] {dag.py:3239} INFO - Sync 1 DAGs
[2025-12-15T19:09:35.234+0000] {logging_mixin.py:190} INFO - [2025-12-15T19:09:35.234+0000] {dag.py:4180} INFO - Setting next_dagrun for example_setup_teardown to None, run_after=None
[2025-12-15T19:09:35.302+0000] {processor.py:208} INFO - Processing /home/airflow/.local/lib/python3.12/site-packages/airflow/example_dags/example_setup_teardown.py took 0.395 seconds
[2025-12-15T19:10:05.546+0000] {processor.py:186} INFO - Started process (PID=6770) to work on /home/airflow/.local/lib/python3.12/site-packages/airflow/example_dags/example_setup_teardown.py
[2025-12-15T19:10:05.548+0000] {processor.py:914} INFO - Processing file /home/airflow/.local/lib/python3.12/site-packages/airflow/example_dags/example_setup_teardown.py for tasks to queue
[2025-12-15T19:10:05.550+0000] {logging_mixin.py:190} INFO - [2025-12-15T19:10:05.550+0000] {dagbag.py:588} INFO - Filling up the DagBag from /home/airflow/.local/lib/python3.12/site-packages/airflow/example_dags/example_setup_teardown.py
[2025-12-15T19:10:05.564+0000] {processor.py:925} INFO - DAG(s) 'example_setup_teardown' retrieved from /home/airflow/.local/lib/python3.12/site-packages/airflow/example_dags/example_setup_teardown.py
[2025-12-15T19:10:05.606+0000] {logging_mixin.py:190} INFO - [2025-12-15T19:10:05.606+0000] {dag.py:3239} INFO - Sync 1 DAGs
[2025-12-15T19:10:05.636+0000] {logging_mixin.py:190} INFO - [2025-12-15T19:10:05.635+0000] {dag.py:4180} INFO - Setting next_dagrun for example_setup_teardown to None, run_after=None
[2025-12-15T19:10:05.671+0000] {processor.py:208} INFO - Processing /home/airflow/.local/lib/python3.12/site-packages/airflow/example_dags/example_setup_teardown.py took 0.133 seconds
[2025-12-15T19:10:40.520+0000] {processor.py:186} INFO - Started process (PID=7067) to work on /home/airflow/.local/lib/python3.12/site-packages/airflow/example_dags/example_setup_teardown.py
[2025-12-15T19:10:40.638+0000] {processor.py:914} INFO - Processing file /home/airflow/.local/lib/python3.12/site-packages/airflow/example_dags/example_setup_teardown.py for tasks to queue
[2025-12-15T19:10:40.643+0000] {logging_mixin.py:190} INFO - [2025-12-15T19:10:40.642+0000] {dagbag.py:588} INFO - Filling up the DagBag from /home/airflow/.local/lib/python3.12/site-packages/airflow/example_dags/example_setup_teardown.py
[2025-12-15T19:10:40.661+0000] {processor.py:925} INFO - DAG(s) 'example_setup_teardown' retrieved from /home/airflow/.local/lib/python3.12/site-packages/airflow/example_dags/example_setup_teardown.py
[2025-12-15T19:10:40.713+0000] {logging_mixin.py:190} INFO - [2025-12-15T19:10:40.709+0000] {dag.py:3239} INFO - Sync 1 DAGs
[2025-12-15T19:10:40.751+0000] {logging_mixin.py:190} INFO - [2025-12-15T19:10:40.750+0000] {dag.py:4180} INFO - Setting next_dagrun for example_setup_teardown to None, run_after=None
[2025-12-15T19:10:40.814+0000] {processor.py:208} INFO - Processing /home/airflow/.local/lib/python3.12/site-packages/airflow/example_dags/example_setup_teardown.py took 0.311 seconds
[2025-12-15T19:11:13.828+0000] {processor.py:186} INFO - Started process (PID=7358) to work on /home/airflow/.local/lib/python3.12/site-packages/airflow/example_dags/example_setup_teardown.py
[2025-12-15T19:11:13.833+0000] {processor.py:914} INFO - Processing file /home/airflow/.local/lib/python3.12/site-packages/airflow/example_dags/example_setup_teardown.py for tasks to queue
[2025-12-15T19:11:13.838+0000] {logging_mixin.py:190} INFO - [2025-12-15T19:11:13.837+0000] {dagbag.py:588} INFO - Filling up the DagBag from /home/airflow/.local/lib/python3.12/site-packages/airflow/example_dags/example_setup_teardown.py
[2025-12-15T19:09:28.297+0000] {processor.py:925} INFO - DAG(s) 'example_setup_teardown' retrieved from /home/airflow/.local/lib/python3.12/site-packages/airflow/example_dags/example_setup_teardown.py
[2025-12-15T19:09:28.362+0000] {logging_mixin.py:190} INFO - [2025-12-15T19:09:28.362+0000] {dag.py:3239} INFO - Sync 1 DAGs
[2025-12-15T19:09:28.409+0000] {logging_mixin.py:190} INFO - [2025-12-15T19:09:28.408+0000] {dag.py:4180} INFO - Setting next_dagrun for example_setup_teardown to None, run_after=None
[2025-12-15T19:09:28.466+0000] {processor.py:208} INFO - Processing /home/airflow/.local/lib/python3.12/site-packages/airflow/example_dags/example_setup_teardown.py took 0.234 seconds
[2025-12-15T19:11:47.926+0000] {processor.py:186} INFO - Started process (PID=7649) to work on /home/airflow/.local/lib/python3.12/site-packages/airflow/example_dags/example_setup_teardown.py
[2025-12-15T19:11:47.928+0000] {processor.py:914} INFO - Processing file /home/airflow/.local/lib/python3.12/site-packages/airflow/example_dags/example_setup_teardown.py for tasks to queue
[2025-12-15T19:11:47.930+0000] {logging_mixin.py:190} INFO - [2025-12-15T19:11:47.930+0000] {dagbag.py:588} INFO - Filling up the DagBag from /home/airflow/.local/lib/python3.12/site-packages/airflow/example_dags/example_setup_teardown.py
[2025-12-15T19:11:47.948+0000] {processor.py:925} INFO - DAG(s) 'example_setup_teardown' retrieved from /home/airflow/.local/lib/python3.12/site-packages/airflow/example_dags/example_setup_teardown.py
[2025-12-15T19:11:48.150+0000] {logging_mixin.py:190} INFO - [2025-12-15T19:11:48.149+0000] {dag.py:3239} INFO - Sync 1 DAGs
[2025-12-15T19:11:48.169+0000] {logging_mixin.py:190} INFO - [2025-12-15T19:11:48.169+0000] {dag.py:4180} INFO - Setting next_dagrun for example_setup_teardown to None, run_after=None
[2025-12-15T19:11:48.208+0000] {processor.py:208} INFO - Processing /home/airflow/.local/lib/python3.12/site-packages/airflow/example_dags/example_setup_teardown.py took 0.292 seconds
[2025-12-15T19:12:18.752+0000] {processor.py:186} INFO - Started process (PID=7935) to work on /home/airflow/.local/lib/python3.12/site-packages/airflow/example_dags/example_setup_teardown.py
[2025-12-15T19:12:18.753+0000] {processor.py:914} INFO - Processing file /home/airflow/.local/lib/python3.12/site-packages/airflow/example_dags/example_setup_teardown.py for tasks to queue
[2025-12-15T19:12:18.754+0000] {logging_mixin.py:190} INFO - [2025-12-15T19:12:18.754+0000] {dagbag.py:588} INFO - Filling up the DagBag from /home/airflow/.local/lib/python3.12/site-packages/airflow/example_dags/example_setup_teardown.py
[2025-12-15T19:12:18.765+0000] {processor.py:925} INFO - DAG(s) 'example_setup_teardown' retrieved from /home/airflow/.local/lib/python3.12/site-packages/airflow/example_dags/example_setup_teardown.py
[2025-12-15T19:12:18.792+0000] {logging_mixin.py:190} INFO - [2025-12-15T19:12:18.792+0000] {dag.py:3239} INFO - Sync 1 DAGs
[2025-12-15T19:12:18.812+0000] {logging_mixin.py:190} INFO - [2025-12-15T19:12:18.811+0000] {dag.py:4180} INFO - Setting next_dagrun for example_setup_teardown to None, run_after=None
[2025-12-15T19:12:18.841+0000] {processor.py:208} INFO - Processing /home/airflow/.local/lib/python3.12/site-packages/airflow/example_dags/example_setup_teardown.py took 0.100 seconds
[2025-12-15T19:12:50.019+0000] {processor.py:186} INFO - Started process (PID=8226) to work on /home/airflow/.local/lib/python3.12/site-packages/airflow/example_dags/example_setup_teardown.py
[2025-12-15T19:12:50.021+0000] {processor.py:914} INFO - Processing file /home/airflow/.local/lib/python3.12/site-packages/airflow/example_dags/example_setup_teardown.py for tasks to queue
[2025-12-15T19:12:50.022+0000] {logging_mixin.py:190} INFO - [2025-12-15T19:12:50.022+0000] {dagbag.py:588} INFO - Filling up the DagBag from /home/airflow/.local/lib/python3.12/site-packages/airflow/example_dags/example_setup_teardown.py
[2025-12-15T19:12:50.034+0000] {processor.py:925} INFO - DAG(s) 'example_setup_teardown' retrieved from /home/airflow/.local/lib/python3.12/site-packages/airflow/example_dags/example_setup_teardown.py
[2025-12-15T19:12:50.063+0000] {logging_mixin.py:190} INFO - [2025-12-15T19:12:50.063+0000] {dag.py:3239} INFO - Sync 1 DAGs
[2025-12-15T19:12:50.082+0000] {logging_mixin.py:190} INFO - [2025-12-15T19:12:50.081+0000] {dag.py:4180} INFO - Setting next_dagrun for example_setup_teardown to None, run_after=None
[2025-12-15T19:12:50.110+0000] {processor.py:208} INFO - Processing /home/airflow/.local/lib/python3.12/site-packages/airflow/example_dags/example_setup_teardown.py took 0.098 seconds
[2025-12-15T19:13:20.345+0000] {processor.py:186} INFO - Started process (PID=8514) to work on /home/airflow/.local/lib/python3.12/site-packages/airflow/example_dags/example_setup_teardown.py
[2025-12-15T19:13:20.350+0000] {processor.py:914} INFO - Processing file /home/airflow/.local/lib/python3.12/site-packages/airflow/example_dags/example_setup_teardown.py for tasks to queue
[2025-12-15T19:13:20.352+0000] {logging_mixin.py:190} INFO - [2025-12-15T19:13:20.351+0000] {dagbag.py:588} INFO - Filling up the DagBag from /home/airflow/.local/lib/python3.12/site-packages/airflow/example_dags/example_setup_teardown.py
[2025-12-15T19:13:20.367+0000] {processor.py:925} INFO - DAG(s) 'example_setup_teardown' retrieved from /home/airflow/.local/lib/python3.12/site-packages/airflow/example_dags/example_setup_teardown.py
[2025-12-15T19:13:20.402+0000] {logging_mixin.py:190} INFO - [2025-12-15T19:13:20.402+0000] {dag.py:3239} INFO - Sync 1 DAGs
[2025-12-15T19:13:20.429+0000] {logging_mixin.py:190} INFO - [2025-12-15T19:13:20.429+0000] {dag.py:4180} INFO - Setting next_dagrun for example_setup_teardown to None, run_after=None
[2025-12-15T19:13:20.484+0000] {processor.py:208} INFO - Processing /home/airflow/.local/lib/python3.12/site-packages/airflow/example_dags/example_setup_teardown.py took 0.150 seconds
[2025-12-15T19:13:51.629+0000] {processor.py:186} INFO - Started process (PID=8805) to work on /home/airflow/.local/lib/python3.12/site-packages/airflow/example_dags/example_setup_teardown.py
[2025-12-15T19:13:51.645+0000] {processor.py:914} INFO - Processing file /home/airflow/.local/lib/python3.12/site-packages/airflow/example_dags/example_setup_teardown.py for tasks to queue
[2025-12-15T19:13:51.657+0000] {logging_mixin.py:190} INFO - [2025-12-15T19:13:51.654+0000] {dagbag.py:588} INFO - Filling up the DagBag from /home/airflow/.local/lib/python3.12/site-packages/airflow/example_dags/example_setup_teardown.py
[2025-12-15T19:13:51.717+0000] {processor.py:925} INFO - DAG(s) 'example_setup_teardown' retrieved from /home/airflow/.local/lib/python3.12/site-packages/airflow/example_dags/example_setup_teardown.py
[2025-12-15T19:13:51.923+0000] {logging_mixin.py:190} INFO - [2025-12-15T19:13:51.922+0000] {dag.py:3239} INFO - Sync 1 DAGs
[2025-12-15T19:13:52.064+0000] {logging_mixin.py:190} INFO - [2025-12-15T19:13:52.064+0000] {dag.py:4180} INFO - Setting next_dagrun for example_setup_teardown to None, run_after=None
[2025-12-15T19:13:52.308+0000] {processor.py:208} INFO - Processing /home/airflow/.local/lib/python3.12/site-packages/airflow/example_dags/example_setup_teardown.py took 0.746 seconds
[2025-12-15T19:14:22.768+0000] {processor.py:186} INFO - Started process (PID=9096) to work on /home/airflow/.local/lib/python3.12/site-packages/airflow/example_dags/example_setup_teardown.py
[2025-12-15T19:14:22.788+0000] {processor.py:914} INFO - Processing file /home/airflow/.local/lib/python3.12/site-packages/airflow/example_dags/example_setup_teardown.py for tasks to queue
[2025-12-15T19:14:22.791+0000] {logging_mixin.py:190} INFO - [2025-12-15T19:14:22.790+0000] {dagbag.py:588} INFO - Filling up the DagBag from /home/airflow/.local/lib/python3.12/site-packages/airflow/example_dags/example_setup_teardown.py
[2025-12-15T19:14:22.814+0000] {processor.py:925} INFO - DAG(s) 'example_setup_teardown' retrieved from /home/airflow/.local/lib/python3.12/site-packages/airflow/example_dags/example_setup_teardown.py
[2025-12-15T19:14:22.874+0000] {logging_mixin.py:190} INFO - [2025-12-15T19:14:22.874+0000] {dag.py:3239} INFO - Sync 1 DAGs
[2025-12-15T19:14:22.929+0000] {logging_mixin.py:190} INFO - [2025-12-15T19:14:22.929+0000] {dag.py:4180} INFO - Setting next_dagrun for example_setup_teardown to None, run_after=None
[2025-12-15T19:14:23.005+0000] {processor.py:208} INFO - Processing /home/airflow/.local/lib/python3.12/site-packages/airflow/example_dags/example_setup_teardown.py took 0.250 seconds
[2025-12-15T19:14:55.929+0000] {processor.py:186} INFO - Started process (PID=9387) to work on /home/airflow/.local/lib/python3.12/site-packages/airflow/example_dags/example_setup_teardown.py
[2025-12-15T19:14:55.949+0000] {processor.py:914} INFO - Processing file /home/airflow/.local/lib/python3.12/site-packages/airflow/example_dags/example_setup_teardown.py for tasks to queue
[2025-12-15T19:14:55.950+0000] {logging_mixin.py:190} INFO - [2025-12-15T19:14:55.950+0000] {dagbag.py:588} INFO - Filling up the DagBag from /home/airflow/.local/lib/python3.12/site-packages/airflow/example_dags/example_setup_teardown.py
[2025-12-15T19:14:55.965+0000] {processor.py:925} INFO - DAG(s) 'example_setup_teardown' retrieved from /home/airflow/.local/lib/python3.12/site-packages/airflow/example_dags/example_setup_teardown.py
[2025-12-15T19:14:56.005+0000] {logging_mixin.py:190} INFO - [2025-12-15T19:14:56.004+0000] {dag.py:3239} INFO - Sync 1 DAGs
[2025-12-15T19:14:56.028+0000] {logging_mixin.py:190} INFO - [2025-12-15T19:14:56.028+0000] {dag.py:4180} INFO - Setting next_dagrun for example_setup_teardown to None, run_after=None
[2025-12-15T19:14:56.068+0000] {processor.py:208} INFO - Processing /home/airflow/.local/lib/python3.12/site-packages/airflow/example_dags/example_setup_teardown.py took 0.150 seconds
[2025-12-15T19:15:26.235+0000] {processor.py:186} INFO - Started process (PID=9678) to work on /home/airflow/.local/lib/python3.12/site-packages/airflow/example_dags/example_setup_teardown.py
[2025-12-15T19:15:26.237+0000] {processor.py:914} INFO - Processing file /home/airflow/.local/lib/python3.12/site-packages/airflow/example_dags/example_setup_teardown.py for tasks to queue
[2025-12-15T19:15:26.239+0000] {logging_mixin.py:190} INFO - [2025-12-15T19:15:26.238+0000] {dagbag.py:588} INFO - Filling up the DagBag from /home/airflow/.local/lib/python3.12/site-packages/airflow/example_dags/example_setup_teardown.py
[2025-12-15T19:15:26.254+0000] {processor.py:925} INFO - DAG(s) 'example_setup_teardown' retrieved from /home/airflow/.local/lib/python3.12/site-packages/airflow/example_dags/example_setup_teardown.py
[2025-12-15T19:15:26.298+0000] {logging_mixin.py:190} INFO - [2025-12-15T19:15:26.297+0000] {dag.py:3239} INFO - Sync 1 DAGs
[2025-12-15T19:15:26.332+0000] {logging_mixin.py:190} INFO - [2025-12-15T19:15:26.332+0000] {dag.py:4180} INFO - Setting next_dagrun for example_setup_teardown to None, run_after=None
[2025-12-15T19:15:26.377+0000] {processor.py:208} INFO - Processing /home/airflow/.local/lib/python3.12/site-packages/airflow/example_dags/example_setup_teardown.py took 0.155 seconds
[2025-12-15T19:15:57.199+0000] {processor.py:186} INFO - Started process (PID=9969) to work on /home/airflow/.local/lib/python3.12/site-packages/airflow/example_dags/example_setup_teardown.py
[2025-12-15T19:15:57.202+0000] {processor.py:914} INFO - Processing file /home/airflow/.local/lib/python3.12/site-packages/airflow/example_dags/example_setup_teardown.py for tasks to queue
[2025-12-15T19:15:57.214+0000] {logging_mixin.py:190} INFO - [2025-12-15T19:15:57.213+0000] {dagbag.py:588} INFO - Filling up the DagBag from /home/airflow/.local/lib/python3.12/site-packages/airflow/example_dags/example_setup_teardown.py
[2025-12-15T19:15:57.293+0000] {processor.py:925} INFO - DAG(s) 'example_setup_teardown' retrieved from /home/airflow/.local/lib/python3.12/site-packages/airflow/example_dags/example_setup_teardown.py
[2025-12-15T19:15:57.418+0000] {logging_mixin.py:190} INFO - [2025-12-15T19:15:57.418+0000] {dag.py:3239} INFO - Sync 1 DAGs
[2025-12-15T19:15:57.496+0000] {logging_mixin.py:190} INFO - [2025-12-15T19:15:57.495+0000] {dag.py:4180} INFO - Setting next_dagrun for example_setup_teardown to None, run_after=None
[2025-12-15T19:15:57.565+0000] {processor.py:208} INFO - Processing /home/airflow/.local/lib/python3.12/site-packages/airflow/example_dags/example_setup_teardown.py took 0.403 seconds
[2025-12-15T19:16:28.456+0000] {processor.py:186} INFO - Started process (PID=10260) to work on /home/airflow/.local/lib/python3.12/site-packages/airflow/example_dags/example_setup_teardown.py
[2025-12-15T19:16:28.458+0000] {processor.py:914} INFO - Processing file /home/airflow/.local/lib/python3.12/site-packages/airflow/example_dags/example_setup_teardown.py for tasks to queue
[2025-12-15T19:16:28.462+0000] {logging_mixin.py:190} INFO - [2025-12-15T19:16:28.462+0000] {dagbag.py:588} INFO - Filling up the DagBag from /home/airflow/.local/lib/python3.12/site-packages/airflow/example_dags/example_setup_teardown.py
[2025-12-15T19:16:28.486+0000] {processor.py:925} INFO - DAG(s) 'example_setup_teardown' retrieved from /home/airflow/.local/lib/python3.12/site-packages/airflow/example_dags/example_setup_teardown.py
[2025-12-15T19:16:28.528+0000] {logging_mixin.py:190} INFO - [2025-12-15T19:16:28.528+0000] {dag.py:3239} INFO - Sync 1 DAGs
[2025-12-15T19:16:28.567+0000] {logging_mixin.py:190} INFO - [2025-12-15T19:16:28.566+0000] {dag.py:4180} INFO - Setting next_dagrun for example_setup_teardown to None, run_after=None
[2025-12-15T19:16:28.608+0000] {processor.py:208} INFO - Processing /home/airflow/.local/lib/python3.12/site-packages/airflow/example_dags/example_setup_teardown.py took 0.170 seconds
[2025-12-15T19:16:58.769+0000] {processor.py:186} INFO - Started process (PID=10549) to work on /home/airflow/.local/lib/python3.12/site-packages/airflow/example_dags/example_setup_teardown.py
[2025-12-15T19:16:58.773+0000] {processor.py:914} INFO - Processing file /home/airflow/.local/lib/python3.12/site-packages/airflow/example_dags/example_setup_teardown.py for tasks to queue
[2025-12-15T19:16:58.785+0000] {logging_mixin.py:190} INFO - [2025-12-15T19:16:58.784+0000] {dagbag.py:588} INFO - Filling up the DagBag from /home/airflow/.local/lib/python3.12/site-packages/airflow/example_dags/example_setup_teardown.py
[2025-12-15T19:16:58.849+0000] {processor.py:925} INFO - DAG(s) 'example_setup_teardown' retrieved from /home/airflow/.local/lib/python3.12/site-packages/airflow/example_dags/example_setup_teardown.py
[2025-12-15T19:16:59.004+0000] {logging_mixin.py:190} INFO - [2025-12-15T19:16:59.003+0000] {dag.py:3239} INFO - Sync 1 DAGs
[2025-12-15T19:16:59.111+0000] {logging_mixin.py:190} INFO - [2025-12-15T19:16:59.110+0000] {dag.py:4180} INFO - Setting next_dagrun for example_setup_teardown to None, run_after=None
[2025-12-15T19:16:59.228+0000] {processor.py:208} INFO - Processing /home/airflow/.local/lib/python3.12/site-packages/airflow/example_dags/example_setup_teardown.py took 0.510 seconds
[2025-12-15T19:17:32.281+0000] {processor.py:186} INFO - Started process (PID=10823) to work on /home/airflow/.local/lib/python3.12/site-packages/airflow/example_dags/example_setup_teardown.py
[2025-12-15T19:17:32.283+0000] {processor.py:914} INFO - Processing file /home/airflow/.local/lib/python3.12/site-packages/airflow/example_dags/example_setup_teardown.py for tasks to queue
[2025-12-15T19:17:32.287+0000] {logging_mixin.py:190} INFO - [2025-12-15T19:17:32.286+0000] {dagbag.py:588} INFO - Filling up the DagBag from /home/airflow/.local/lib/python3.12/site-packages/airflow/example_dags/example_setup_teardown.py
[2025-12-15T19:17:32.324+0000] {processor.py:925} INFO - DAG(s) 'example_setup_teardown' retrieved from /home/airflow/.local/lib/python3.12/site-packages/airflow/example_dags/example_setup_teardown.py
[2025-12-15T19:17:32.396+0000] {logging_mixin.py:190} INFO - [2025-12-15T19:17:32.395+0000] {dag.py:3239} INFO - Sync 1 DAGs
[2025-12-15T19:17:32.443+0000] {logging_mixin.py:190} INFO - [2025-12-15T19:17:32.442+0000] {dag.py:4180} INFO - Setting next_dagrun for example_setup_teardown to None, run_after=None
[2025-12-15T19:17:32.503+0000] {processor.py:208} INFO - Processing /home/airflow/.local/lib/python3.12/site-packages/airflow/example_dags/example_setup_teardown.py took 0.252 seconds
[2025-12-15T19:18:03.676+0000] {processor.py:186} INFO - Started process (PID=11115) to work on /home/airflow/.local/lib/python3.12/site-packages/airflow/example_dags/example_setup_teardown.py
[2025-12-15T19:18:03.713+0000] {processor.py:914} INFO - Processing file /home/airflow/.local/lib/python3.12/site-packages/airflow/example_dags/example_setup_teardown.py for tasks to queue
[2025-12-15T19:18:03.716+0000] {logging_mixin.py:190} INFO - [2025-12-15T19:18:03.715+0000] {dagbag.py:588} INFO - Filling up the DagBag from /home/airflow/.local/lib/python3.12/site-packages/airflow/example_dags/example_setup_teardown.py
[2025-12-15T19:18:03.744+0000] {processor.py:925} INFO - DAG(s) 'example_setup_teardown' retrieved from /home/airflow/.local/lib/python3.12/site-packages/airflow/example_dags/example_setup_teardown.py
[2025-12-15T19:18:03.795+0000] {logging_mixin.py:190} INFO - [2025-12-15T19:18:03.794+0000] {dag.py:3239} INFO - Sync 1 DAGs
[2025-12-15T19:18:03.832+0000] {logging_mixin.py:190} INFO - [2025-12-15T19:18:03.831+0000] {dag.py:4180} INFO - Setting next_dagrun for example_setup_teardown to None, run_after=None
[2025-12-15T19:18:03.883+0000] {processor.py:208} INFO - Processing /home/airflow/.local/lib/python3.12/site-packages/airflow/example_dags/example_setup_teardown.py took 0.226 seconds
[2025-12-15T19:18:34.548+0000] {processor.py:186} INFO - Started process (PID=11411) to work on /home/airflow/.local/lib/python3.12/site-packages/airflow/example_dags/example_setup_teardown.py
[2025-12-15T19:18:34.552+0000] {processor.py:914} INFO - Processing file /home/airflow/.local/lib/python3.12/site-packages/airflow/example_dags/example_setup_teardown.py for tasks to queue
[2025-12-15T19:18:34.555+0000] {logging_mixin.py:190} INFO - [2025-12-15T19:18:34.554+0000] {dagbag.py:588} INFO - Filling up the DagBag from /home/airflow/.local/lib/python3.12/site-packages/airflow/example_dags/example_setup_teardown.py
[2025-12-15T19:18:34.579+0000] {processor.py:925} INFO - DAG(s) 'example_setup_teardown' retrieved from /home/airflow/.local/lib/python3.12/site-packages/airflow/example_dags/example_setup_teardown.py
[2025-12-15T19:18:34.639+0000] {logging_mixin.py:190} INFO - [2025-12-15T19:18:34.639+0000] {dag.py:3239} INFO - Sync 1 DAGs
[2025-12-15T19:18:34.693+0000] {logging_mixin.py:190} INFO - [2025-12-15T19:18:34.692+0000] {dag.py:4180} INFO - Setting next_dagrun for example_setup_teardown to None, run_after=None
[2025-12-15T19:18:34.738+0000] {processor.py:208} INFO - Processing /home/airflow/.local/lib/python3.12/site-packages/airflow/example_dags/example_setup_teardown.py took 0.205 seconds
[2025-12-15T19:19:08.625+0000] {processor.py:186} INFO - Started process (PID=11703) to work on /home/airflow/.local/lib/python3.12/site-packages/airflow/example_dags/example_setup_teardown.py
[2025-12-15T19:19:08.630+0000] {processor.py:914} INFO - Processing file /home/airflow/.local/lib/python3.12/site-packages/airflow/example_dags/example_setup_teardown.py for tasks to queue
[2025-12-15T19:19:08.636+0000] {logging_mixin.py:190} INFO - [2025-12-15T19:19:08.635+0000] {dagbag.py:588} INFO - Filling up the DagBag from /home/airflow/.local/lib/python3.12/site-packages/airflow/example_dags/example_setup_teardown.py
[2025-12-15T19:19:08.672+0000] {processor.py:925} INFO - DAG(s) 'example_setup_teardown' retrieved from /home/airflow/.local/lib/python3.12/site-packages/airflow/example_dags/example_setup_teardown.py
[2025-12-15T19:19:08.756+0000] {logging_mixin.py:190} INFO - [2025-12-15T19:19:08.755+0000] {dag.py:3239} INFO - Sync 1 DAGs
[2025-12-15T19:19:08.818+0000] {logging_mixin.py:190} INFO - [2025-12-15T19:19:08.817+0000] {dag.py:4180} INFO - Setting next_dagrun for example_setup_teardown to None, run_after=None
[2025-12-15T19:19:08.886+0000] {processor.py:208} INFO - Processing /home/airflow/.local/lib/python3.12/site-packages/airflow/example_dags/example_setup_teardown.py took 0.287 seconds
