[2025-12-15T18:55:42.241+0000] {processor.py:186} INFO - Started process (PID=294) to work on /home/airflow/.local/lib/python3.12/site-packages/airflow/example_dags/example_subdag_operator.py
[2025-12-15T18:55:42.244+0000] {processor.py:914} INFO - Processing file /home/airflow/.local/lib/python3.12/site-packages/airflow/example_dags/example_subdag_operator.py for tasks to queue
[2025-12-15T18:55:42.288+0000] {logging_mixin.py:190} INFO - [2025-12-15T18:55:42.287+0000] {dagbag.py:588} INFO - Filling up the DagBag from /home/airflow/.local/lib/python3.12/site-packages/airflow/example_dags/example_subdag_operator.py
[2025-12-15T18:55:42.456+0000] {processor.py:925} INFO - DAG(s) 'example_subdag_operator.section-1', 'example_subdag_operator.section-2', 'example_subdag_operator' retrieved from /home/airflow/.local/lib/python3.12/site-packages/airflow/example_dags/example_subdag_operator.py
[2025-12-15T18:55:43.130+0000] {logging_mixin.py:190} INFO - [2025-12-15T18:55:43.127+0000] {override.py:1911} INFO - Created Permission View: can read on DAG:example_subdag_operator
[2025-12-15T18:55:43.223+0000] {logging_mixin.py:190} INFO - [2025-12-15T18:55:43.221+0000] {override.py:1911} INFO - Created Permission View: can edit on DAG:example_subdag_operator
[2025-12-15T18:55:43.279+0000] {logging_mixin.py:190} INFO - [2025-12-15T18:55:43.279+0000] {override.py:1911} INFO - Created Permission View: can delete on DAG:example_subdag_operator
[2025-12-15T18:55:43.340+0000] {logging_mixin.py:190} INFO - [2025-12-15T18:55:43.339+0000] {override.py:1911} INFO - Created Permission View: can read on DAG Run:example_subdag_operator
[2025-12-15T18:55:43.376+0000] {logging_mixin.py:190} INFO - [2025-12-15T18:55:43.375+0000] {override.py:1911} INFO - Created Permission View: menu access on DAG Run:example_subdag_operator
[2025-12-15T18:55:43.440+0000] {logging_mixin.py:190} INFO - [2025-12-15T18:55:43.439+0000] {override.py:1911} INFO - Created Permission View: can create on DAG Run:example_subdag_operator
[2025-12-15T18:55:43.485+0000] {logging_mixin.py:190} INFO - [2025-12-15T18:55:43.485+0000] {override.py:1911} INFO - Created Permission View: can delete on DAG Run:example_subdag_operator
[2025-12-15T18:55:43.487+0000] {logging_mixin.py:190} INFO - [2025-12-15T18:55:43.486+0000] {dag.py:3239} INFO - Sync 3 DAGs
[2025-12-15T18:55:43.551+0000] {logging_mixin.py:190} INFO - [2025-12-15T18:55:43.551+0000] {dag.py:3262} INFO - Creating ORM DAG for example_subdag_operator.section-2
[2025-12-15T18:55:43.561+0000] {logging_mixin.py:190} INFO - [2025-12-15T18:55:43.560+0000] {dag.py:3262} INFO - Creating ORM DAG for example_subdag_operator
[2025-12-15T18:55:43.563+0000] {logging_mixin.py:190} INFO - [2025-12-15T18:55:43.563+0000] {dag.py:3262} INFO - Creating ORM DAG for example_subdag_operator.section-1
[2025-12-15T18:55:43.644+0000] {logging_mixin.py:190} INFO - [2025-12-15T18:55:43.643+0000] {dag.py:4180} INFO - Setting next_dagrun for example_subdag_operator to 2022-01-01 00:00:00+00:00, run_after=2022-01-01 00:00:00+00:00
[2025-12-15T18:55:43.647+0000] {logging_mixin.py:190} INFO - [2025-12-15T18:55:43.646+0000] {dag.py:4180} INFO - Setting next_dagrun for example_subdag_operator.section-1 to None, run_after=None
[2025-12-15T18:55:43.648+0000] {logging_mixin.py:190} INFO - [2025-12-15T18:55:43.648+0000] {dag.py:4180} INFO - Setting next_dagrun for example_subdag_operator.section-2 to None, run_after=None
[2025-12-15T18:55:43.712+0000] {logging_mixin.py:190} INFO - [2025-12-15T18:55:43.711+0000] {dag.py:3239} INFO - Sync 2 DAGs
[2025-12-15T18:55:43.735+0000] {logging_mixin.py:190} INFO - [2025-12-15T18:55:43.735+0000] {dag.py:4180} INFO - Setting next_dagrun for example_subdag_operator.section-1 to None, run_after=None
[2025-12-15T18:55:43.748+0000] {logging_mixin.py:190} INFO - [2025-12-15T18:55:43.747+0000] {dag.py:4180} INFO - Setting next_dagrun for example_subdag_operator.section-2 to None, run_after=None
[2025-12-15T18:55:43.857+0000] {processor.py:208} INFO - Processing /home/airflow/.local/lib/python3.12/site-packages/airflow/example_dags/example_subdag_operator.py took 1.646 seconds
[2025-12-15T18:56:46.680+0000] {processor.py:186} INFO - Started process (PID=589) to work on /home/airflow/.local/lib/python3.12/site-packages/airflow/example_dags/example_subdag_operator.py
[2025-12-15T18:56:46.693+0000] {processor.py:914} INFO - Processing file /home/airflow/.local/lib/python3.12/site-packages/airflow/example_dags/example_subdag_operator.py for tasks to queue
[2025-12-15T18:56:46.702+0000] {logging_mixin.py:190} INFO - [2025-12-15T18:56:46.701+0000] {dagbag.py:588} INFO - Filling up the DagBag from /home/airflow/.local/lib/python3.12/site-packages/airflow/example_dags/example_subdag_operator.py
[2025-12-15T18:56:46.812+0000] {processor.py:925} INFO - DAG(s) 'example_subdag_operator.section-1', 'example_subdag_operator.section-2', 'example_subdag_operator' retrieved from /home/airflow/.local/lib/python3.12/site-packages/airflow/example_dags/example_subdag_operator.py
[2025-12-15T18:56:46.866+0000] {logging_mixin.py:190} INFO - [2025-12-15T18:56:46.866+0000] {dag.py:3239} INFO - Sync 3 DAGs
[2025-12-15T18:56:46.959+0000] {logging_mixin.py:190} INFO - [2025-12-15T18:56:46.958+0000] {dag.py:4180} INFO - Setting next_dagrun for example_subdag_operator to 2022-01-01 00:00:00+00:00, run_after=2022-01-01 00:00:00+00:00
[2025-12-15T18:56:46.976+0000] {logging_mixin.py:190} INFO - [2025-12-15T18:56:46.975+0000] {dag.py:4180} INFO - Setting next_dagrun for example_subdag_operator.section-1 to None, run_after=None
[2025-12-15T18:56:46.981+0000] {logging_mixin.py:190} INFO - [2025-12-15T18:56:46.980+0000] {dag.py:4180} INFO - Setting next_dagrun for example_subdag_operator.section-2 to None, run_after=None
[2025-12-15T18:56:47.003+0000] {logging_mixin.py:190} INFO - [2025-12-15T18:56:47.003+0000] {dag.py:3239} INFO - Sync 2 DAGs
[2025-12-15T18:56:47.022+0000] {logging_mixin.py:190} INFO - [2025-12-15T18:56:47.021+0000] {dag.py:4180} INFO - Setting next_dagrun for example_subdag_operator.section-1 to None, run_after=None
[2025-12-15T18:56:47.024+0000] {logging_mixin.py:190} INFO - [2025-12-15T18:56:47.023+0000] {dag.py:4180} INFO - Setting next_dagrun for example_subdag_operator.section-2 to None, run_after=None
[2025-12-15T18:56:47.098+0000] {processor.py:208} INFO - Processing /home/airflow/.local/lib/python3.12/site-packages/airflow/example_dags/example_subdag_operator.py took 0.443 seconds
[2025-12-15T18:57:17.770+0000] {processor.py:186} INFO - Started process (PID=890) to work on /home/airflow/.local/lib/python3.12/site-packages/airflow/example_dags/example_subdag_operator.py
[2025-12-15T18:57:17.772+0000] {processor.py:914} INFO - Processing file /home/airflow/.local/lib/python3.12/site-packages/airflow/example_dags/example_subdag_operator.py for tasks to queue
[2025-12-15T18:57:17.776+0000] {logging_mixin.py:190} INFO - [2025-12-15T18:57:17.776+0000] {dagbag.py:588} INFO - Filling up the DagBag from /home/airflow/.local/lib/python3.12/site-packages/airflow/example_dags/example_subdag_operator.py
[2025-12-15T18:57:17.850+0000] {processor.py:925} INFO - DAG(s) 'example_subdag_operator.section-1', 'example_subdag_operator.section-2', 'example_subdag_operator' retrieved from /home/airflow/.local/lib/python3.12/site-packages/airflow/example_dags/example_subdag_operator.py
[2025-12-15T18:57:17.884+0000] {logging_mixin.py:190} INFO - [2025-12-15T18:57:17.884+0000] {dag.py:3239} INFO - Sync 3 DAGs
[2025-12-15T18:57:17.933+0000] {logging_mixin.py:190} INFO - [2025-12-15T18:57:17.932+0000] {dag.py:4180} INFO - Setting next_dagrun for example_subdag_operator to 2022-01-01 00:00:00+00:00, run_after=2022-01-01 00:00:00+00:00
[2025-12-15T18:57:17.940+0000] {logging_mixin.py:190} INFO - [2025-12-15T18:57:17.939+0000] {dag.py:4180} INFO - Setting next_dagrun for example_subdag_operator.section-1 to None, run_after=None
[2025-12-15T18:57:17.942+0000] {logging_mixin.py:190} INFO - [2025-12-15T18:57:17.941+0000] {dag.py:4180} INFO - Setting next_dagrun for example_subdag_operator.section-2 to None, run_after=None
[2025-12-15T18:57:17.956+0000] {logging_mixin.py:190} INFO - [2025-12-15T18:57:17.956+0000] {dag.py:3239} INFO - Sync 2 DAGs
[2025-12-15T18:57:17.966+0000] {logging_mixin.py:190} INFO - [2025-12-15T18:57:17.965+0000] {dag.py:4180} INFO - Setting next_dagrun for example_subdag_operator.section-1 to None, run_after=None
[2025-12-15T18:57:17.966+0000] {logging_mixin.py:190} INFO - [2025-12-15T18:57:17.966+0000] {dag.py:4180} INFO - Setting next_dagrun for example_subdag_operator.section-2 to None, run_after=None
[2025-12-15T18:57:17.988+0000] {processor.py:208} INFO - Processing /home/airflow/.local/lib/python3.12/site-packages/airflow/example_dags/example_subdag_operator.py took 0.232 seconds
[2025-12-15T18:57:52.368+0000] {processor.py:186} INFO - Started process (PID=1154) to work on /home/airflow/.local/lib/python3.12/site-packages/airflow/example_dags/example_subdag_operator.py
[2025-12-15T18:57:52.370+0000] {processor.py:914} INFO - Processing file /home/airflow/.local/lib/python3.12/site-packages/airflow/example_dags/example_subdag_operator.py for tasks to queue
[2025-12-15T18:57:52.375+0000] {logging_mixin.py:190} INFO - [2025-12-15T18:57:52.374+0000] {dagbag.py:588} INFO - Filling up the DagBag from /home/airflow/.local/lib/python3.12/site-packages/airflow/example_dags/example_subdag_operator.py
[2025-12-15T18:57:52.437+0000] {processor.py:925} INFO - DAG(s) 'example_subdag_operator.section-1', 'example_subdag_operator.section-2', 'example_subdag_operator' retrieved from /home/airflow/.local/lib/python3.12/site-packages/airflow/example_dags/example_subdag_operator.py
[2025-12-15T18:57:52.472+0000] {logging_mixin.py:190} INFO - [2025-12-15T18:57:52.472+0000] {dag.py:3239} INFO - Sync 3 DAGs
[2025-12-15T18:57:52.525+0000] {logging_mixin.py:190} INFO - [2025-12-15T18:57:52.524+0000] {dag.py:4180} INFO - Setting next_dagrun for example_subdag_operator to 2022-01-01 00:00:00+00:00, run_after=2022-01-01 00:00:00+00:00
[2025-12-15T18:57:52.531+0000] {logging_mixin.py:190} INFO - [2025-12-15T18:57:52.530+0000] {dag.py:4180} INFO - Setting next_dagrun for example_subdag_operator.section-1 to None, run_after=None
[2025-12-15T18:57:52.535+0000] {logging_mixin.py:190} INFO - [2025-12-15T18:57:52.534+0000] {dag.py:4180} INFO - Setting next_dagrun for example_subdag_operator.section-2 to None, run_after=None
[2025-12-15T18:57:52.546+0000] {logging_mixin.py:190} INFO - [2025-12-15T18:57:52.546+0000] {dag.py:3239} INFO - Sync 2 DAGs
[2025-12-15T18:57:52.557+0000] {logging_mixin.py:190} INFO - [2025-12-15T18:57:52.557+0000] {dag.py:4180} INFO - Setting next_dagrun for example_subdag_operator.section-1 to None, run_after=None
[2025-12-15T18:57:52.558+0000] {logging_mixin.py:190} INFO - [2025-12-15T18:57:52.558+0000] {dag.py:4180} INFO - Setting next_dagrun for example_subdag_operator.section-2 to None, run_after=None
[2025-12-15T18:57:52.580+0000] {processor.py:208} INFO - Processing /home/airflow/.local/lib/python3.12/site-packages/airflow/example_dags/example_subdag_operator.py took 0.229 seconds
[2025-12-15T18:58:27.321+0000] {processor.py:186} INFO - Started process (PID=1451) to work on /home/airflow/.local/lib/python3.12/site-packages/airflow/example_dags/example_subdag_operator.py
[2025-12-15T18:58:27.333+0000] {processor.py:914} INFO - Processing file /home/airflow/.local/lib/python3.12/site-packages/airflow/example_dags/example_subdag_operator.py for tasks to queue
[2025-12-15T18:58:27.351+0000] {logging_mixin.py:190} INFO - [2025-12-15T18:58:27.350+0000] {dagbag.py:588} INFO - Filling up the DagBag from /home/airflow/.local/lib/python3.12/site-packages/airflow/example_dags/example_subdag_operator.py
[2025-12-15T18:58:27.550+0000] {processor.py:925} INFO - DAG(s) 'example_subdag_operator.section-1', 'example_subdag_operator.section-2', 'example_subdag_operator' retrieved from /home/airflow/.local/lib/python3.12/site-packages/airflow/example_dags/example_subdag_operator.py
[2025-12-15T18:58:27.652+0000] {logging_mixin.py:190} INFO - [2025-12-15T18:58:27.651+0000] {dag.py:3239} INFO - Sync 3 DAGs
[2025-12-15T18:58:27.745+0000] {logging_mixin.py:190} INFO - [2025-12-15T18:58:27.745+0000] {dag.py:4180} INFO - Setting next_dagrun for example_subdag_operator to 2022-01-01 00:00:00+00:00, run_after=2022-01-01 00:00:00+00:00
[2025-12-15T18:58:27.753+0000] {logging_mixin.py:190} INFO - [2025-12-15T18:58:27.753+0000] {dag.py:4180} INFO - Setting next_dagrun for example_subdag_operator.section-1 to None, run_after=None
[2025-12-15T18:58:27.756+0000] {logging_mixin.py:190} INFO - [2025-12-15T18:58:27.756+0000] {dag.py:4180} INFO - Setting next_dagrun for example_subdag_operator.section-2 to None, run_after=None
[2025-12-15T18:58:27.777+0000] {logging_mixin.py:190} INFO - [2025-12-15T18:58:27.777+0000] {dag.py:3239} INFO - Sync 2 DAGs
[2025-12-15T18:58:27.789+0000] {logging_mixin.py:190} INFO - [2025-12-15T18:58:27.788+0000] {dag.py:4180} INFO - Setting next_dagrun for example_subdag_operator.section-1 to None, run_after=None
[2025-12-15T18:58:27.790+0000] {logging_mixin.py:190} INFO - [2025-12-15T18:58:27.789+0000] {dag.py:4180} INFO - Setting next_dagrun for example_subdag_operator.section-2 to None, run_after=None
[2025-12-15T18:58:27.984+0000] {processor.py:208} INFO - Processing /home/airflow/.local/lib/python3.12/site-packages/airflow/example_dags/example_subdag_operator.py took 0.710 seconds
[2025-12-15T18:58:58.119+0000] {processor.py:186} INFO - Started process (PID=1739) to work on /home/airflow/.local/lib/python3.12/site-packages/airflow/example_dags/example_subdag_operator.py
[2025-12-15T18:58:58.305+0000] {processor.py:914} INFO - Processing file /home/airflow/.local/lib/python3.12/site-packages/airflow/example_dags/example_subdag_operator.py for tasks to queue
[2025-12-15T18:58:58.312+0000] {logging_mixin.py:190} INFO - [2025-12-15T18:58:58.311+0000] {dagbag.py:588} INFO - Filling up the DagBag from /home/airflow/.local/lib/python3.12/site-packages/airflow/example_dags/example_subdag_operator.py
[2025-12-15T18:58:58.389+0000] {processor.py:925} INFO - DAG(s) 'example_subdag_operator.section-1', 'example_subdag_operator.section-2', 'example_subdag_operator' retrieved from /home/airflow/.local/lib/python3.12/site-packages/airflow/example_dags/example_subdag_operator.py
[2025-12-15T18:58:58.431+0000] {logging_mixin.py:190} INFO - [2025-12-15T18:58:58.430+0000] {dag.py:3239} INFO - Sync 3 DAGs
[2025-12-15T18:58:58.489+0000] {logging_mixin.py:190} INFO - [2025-12-15T18:58:58.488+0000] {dag.py:4180} INFO - Setting next_dagrun for example_subdag_operator to 2022-01-01 00:00:00+00:00, run_after=2022-01-01 00:00:00+00:00
[2025-12-15T18:58:58.495+0000] {logging_mixin.py:190} INFO - [2025-12-15T18:58:58.495+0000] {dag.py:4180} INFO - Setting next_dagrun for example_subdag_operator.section-1 to None, run_after=None
[2025-12-15T18:58:58.498+0000] {logging_mixin.py:190} INFO - [2025-12-15T18:58:58.497+0000] {dag.py:4180} INFO - Setting next_dagrun for example_subdag_operator.section-2 to None, run_after=None
[2025-12-15T18:58:58.511+0000] {logging_mixin.py:190} INFO - [2025-12-15T18:58:58.510+0000] {dag.py:3239} INFO - Sync 2 DAGs
[2025-12-15T18:58:58.673+0000] {logging_mixin.py:190} INFO - [2025-12-15T18:58:58.673+0000] {dag.py:4180} INFO - Setting next_dagrun for example_subdag_operator.section-1 to None, run_after=None
[2025-12-15T18:58:58.674+0000] {logging_mixin.py:190} INFO - [2025-12-15T18:58:58.674+0000] {dag.py:4180} INFO - Setting next_dagrun for example_subdag_operator.section-2 to None, run_after=None
[2025-12-15T18:58:58.714+0000] {processor.py:208} INFO - Processing /home/airflow/.local/lib/python3.12/site-packages/airflow/example_dags/example_subdag_operator.py took 0.622 seconds
[2025-12-15T18:59:41.250+0000] {processor.py:186} INFO - Started process (PID=1924) to work on /home/airflow/.local/lib/python3.12/site-packages/airflow/example_dags/example_subdag_operator.py
[2025-12-15T18:59:41.281+0000] {processor.py:914} INFO - Processing file /home/airflow/.local/lib/python3.12/site-packages/airflow/example_dags/example_subdag_operator.py for tasks to queue
[2025-12-15T18:59:41.289+0000] {logging_mixin.py:190} INFO - [2025-12-15T18:59:41.288+0000] {dagbag.py:588} INFO - Filling up the DagBag from /home/airflow/.local/lib/python3.12/site-packages/airflow/example_dags/example_subdag_operator.py
[2025-12-15T18:59:41.623+0000] {processor.py:925} INFO - DAG(s) 'example_subdag_operator.section-1', 'example_subdag_operator.section-2', 'example_subdag_operator' retrieved from /home/airflow/.local/lib/python3.12/site-packages/airflow/example_dags/example_subdag_operator.py
[2025-12-15T18:59:41.730+0000] {logging_mixin.py:190} INFO - [2025-12-15T18:59:41.729+0000] {dag.py:3239} INFO - Sync 3 DAGs
[2025-12-15T18:59:41.905+0000] {logging_mixin.py:190} INFO - [2025-12-15T18:59:41.905+0000] {dag.py:4180} INFO - Setting next_dagrun for example_subdag_operator to 2022-01-01 00:00:00+00:00, run_after=2022-01-01 00:00:00+00:00
[2025-12-15T18:59:41.941+0000] {logging_mixin.py:190} INFO - [2025-12-15T18:59:41.934+0000] {dag.py:4180} INFO - Setting next_dagrun for example_subdag_operator.section-1 to None, run_after=None
[2025-12-15T18:59:41.945+0000] {logging_mixin.py:190} INFO - [2025-12-15T18:59:41.944+0000] {dag.py:4180} INFO - Setting next_dagrun for example_subdag_operator.section-2 to None, run_after=None
[2025-12-15T18:59:42.021+0000] {logging_mixin.py:190} INFO - [2025-12-15T18:59:42.020+0000] {dag.py:3239} INFO - Sync 2 DAGs
[2025-12-15T18:59:42.067+0000] {logging_mixin.py:190} INFO - [2025-12-15T18:59:42.067+0000] {dag.py:4180} INFO - Setting next_dagrun for example_subdag_operator.section-1 to None, run_after=None
[2025-12-15T18:59:42.069+0000] {logging_mixin.py:190} INFO - [2025-12-15T18:59:42.069+0000] {dag.py:4180} INFO - Setting next_dagrun for example_subdag_operator.section-2 to None, run_after=None
[2025-12-15T18:59:42.167+0000] {processor.py:208} INFO - Processing /home/airflow/.local/lib/python3.12/site-packages/airflow/example_dags/example_subdag_operator.py took 0.964 seconds
[2025-12-15T19:00:58.473+0000] {processor.py:186} INFO - Started process (PID=2189) to work on /home/airflow/.local/lib/python3.12/site-packages/airflow/example_dags/example_subdag_operator.py
[2025-12-15T19:00:58.477+0000] {processor.py:914} INFO - Processing file /home/airflow/.local/lib/python3.12/site-packages/airflow/example_dags/example_subdag_operator.py for tasks to queue
[2025-12-15T19:00:58.491+0000] {logging_mixin.py:190} INFO - [2025-12-15T19:00:58.490+0000] {dagbag.py:588} INFO - Filling up the DagBag from /home/airflow/.local/lib/python3.12/site-packages/airflow/example_dags/example_subdag_operator.py
[2025-12-15T19:00:58.717+0000] {processor.py:925} INFO - DAG(s) 'example_subdag_operator.section-1', 'example_subdag_operator.section-2', 'example_subdag_operator' retrieved from /home/airflow/.local/lib/python3.12/site-packages/airflow/example_dags/example_subdag_operator.py
[2025-12-15T19:00:58.990+0000] {logging_mixin.py:190} INFO - [2025-12-15T19:00:58.984+0000] {dag.py:3239} INFO - Sync 3 DAGs
[2025-12-15T19:00:59.452+0000] {logging_mixin.py:190} INFO - [2025-12-15T19:00:59.448+0000] {dag.py:4180} INFO - Setting next_dagrun for example_subdag_operator to 2022-01-01 00:00:00+00:00, run_after=2022-01-01 00:00:00+00:00
[2025-12-15T19:00:59.511+0000] {logging_mixin.py:190} INFO - [2025-12-15T19:00:59.510+0000] {dag.py:4180} INFO - Setting next_dagrun for example_subdag_operator.section-1 to None, run_after=None
[2025-12-15T19:00:59.516+0000] {logging_mixin.py:190} INFO - [2025-12-15T19:00:59.515+0000] {dag.py:4180} INFO - Setting next_dagrun for example_subdag_operator.section-2 to None, run_after=None
[2025-12-15T19:00:59.710+0000] {logging_mixin.py:190} INFO - [2025-12-15T19:00:59.710+0000] {dag.py:3239} INFO - Sync 2 DAGs
[2025-12-15T19:00:59.789+0000] {logging_mixin.py:190} INFO - [2025-12-15T19:00:59.788+0000] {dag.py:4180} INFO - Setting next_dagrun for example_subdag_operator.section-1 to None, run_after=None
[2025-12-15T19:00:59.797+0000] {logging_mixin.py:190} INFO - [2025-12-15T19:00:59.797+0000] {dag.py:4180} INFO - Setting next_dagrun for example_subdag_operator.section-2 to None, run_after=None
[2025-12-15T19:01:01.865+0000] {processor.py:208} INFO - Processing /home/airflow/.local/lib/python3.12/site-packages/airflow/example_dags/example_subdag_operator.py took 3.422 seconds
[2025-12-15T19:02:00.365+0000] {processor.py:186} INFO - Started process (PID=2455) to work on /home/airflow/.local/lib/python3.12/site-packages/airflow/example_dags/example_subdag_operator.py
[2025-12-15T19:02:00.367+0000] {processor.py:914} INFO - Processing file /home/airflow/.local/lib/python3.12/site-packages/airflow/example_dags/example_subdag_operator.py for tasks to queue
[2025-12-15T19:02:00.374+0000] {logging_mixin.py:190} INFO - [2025-12-15T19:02:00.374+0000] {dagbag.py:588} INFO - Filling up the DagBag from /home/airflow/.local/lib/python3.12/site-packages/airflow/example_dags/example_subdag_operator.py
[2025-12-15T19:02:00.445+0000] {processor.py:925} INFO - DAG(s) 'example_subdag_operator.section-1', 'example_subdag_operator.section-2', 'example_subdag_operator' retrieved from /home/airflow/.local/lib/python3.12/site-packages/airflow/example_dags/example_subdag_operator.py
[2025-12-15T19:02:00.491+0000] {logging_mixin.py:190} INFO - [2025-12-15T19:02:00.491+0000] {dag.py:3239} INFO - Sync 3 DAGs
[2025-12-15T19:02:00.567+0000] {logging_mixin.py:190} INFO - [2025-12-15T19:02:00.566+0000] {dag.py:4180} INFO - Setting next_dagrun for example_subdag_operator to 2022-01-01 00:00:00+00:00, run_after=2022-01-01 00:00:00+00:00
[2025-12-15T19:02:00.576+0000] {logging_mixin.py:190} INFO - [2025-12-15T19:02:00.576+0000] {dag.py:4180} INFO - Setting next_dagrun for example_subdag_operator.section-1 to None, run_after=None
[2025-12-15T19:02:00.580+0000] {logging_mixin.py:190} INFO - [2025-12-15T19:02:00.580+0000] {dag.py:4180} INFO - Setting next_dagrun for example_subdag_operator.section-2 to None, run_after=None
[2025-12-15T19:02:00.600+0000] {logging_mixin.py:190} INFO - [2025-12-15T19:02:00.600+0000] {dag.py:3239} INFO - Sync 2 DAGs
[2025-12-15T19:02:00.617+0000] {logging_mixin.py:190} INFO - [2025-12-15T19:02:00.616+0000] {dag.py:4180} INFO - Setting next_dagrun for example_subdag_operator.section-1 to None, run_after=None
[2025-12-15T19:02:00.617+0000] {logging_mixin.py:190} INFO - [2025-12-15T19:02:00.617+0000] {dag.py:4180} INFO - Setting next_dagrun for example_subdag_operator.section-2 to None, run_after=None
[2025-12-15T19:02:00.661+0000] {processor.py:208} INFO - Processing /home/airflow/.local/lib/python3.12/site-packages/airflow/example_dags/example_subdag_operator.py took 0.316 seconds
[2025-12-15T19:02:32.518+0000] {processor.py:186} INFO - Started process (PID=2711) to work on /home/airflow/.local/lib/python3.12/site-packages/airflow/example_dags/example_subdag_operator.py
[2025-12-15T19:02:32.522+0000] {processor.py:914} INFO - Processing file /home/airflow/.local/lib/python3.12/site-packages/airflow/example_dags/example_subdag_operator.py for tasks to queue
[2025-12-15T19:02:32.531+0000] {logging_mixin.py:190} INFO - [2025-12-15T19:02:32.530+0000] {dagbag.py:588} INFO - Filling up the DagBag from /home/airflow/.local/lib/python3.12/site-packages/airflow/example_dags/example_subdag_operator.py
[2025-12-15T19:02:32.600+0000] {processor.py:925} INFO - DAG(s) 'example_subdag_operator.section-1', 'example_subdag_operator.section-2', 'example_subdag_operator' retrieved from /home/airflow/.local/lib/python3.12/site-packages/airflow/example_dags/example_subdag_operator.py
[2025-12-15T19:02:32.635+0000] {logging_mixin.py:190} INFO - [2025-12-15T19:02:32.634+0000] {dag.py:3239} INFO - Sync 3 DAGs
[2025-12-15T19:02:32.696+0000] {logging_mixin.py:190} INFO - [2025-12-15T19:02:32.696+0000] {dag.py:4180} INFO - Setting next_dagrun for example_subdag_operator to 2022-01-01 00:00:00+00:00, run_after=2022-01-01 00:00:00+00:00
[2025-12-15T19:02:32.703+0000] {logging_mixin.py:190} INFO - [2025-12-15T19:02:32.702+0000] {dag.py:4180} INFO - Setting next_dagrun for example_subdag_operator.section-1 to None, run_after=None
[2025-12-15T19:02:32.710+0000] {logging_mixin.py:190} INFO - [2025-12-15T19:02:32.709+0000] {dag.py:4180} INFO - Setting next_dagrun for example_subdag_operator.section-2 to None, run_after=None
[2025-12-15T19:02:32.729+0000] {logging_mixin.py:190} INFO - [2025-12-15T19:02:32.728+0000] {dag.py:3239} INFO - Sync 2 DAGs
[2025-12-15T19:02:32.744+0000] {logging_mixin.py:190} INFO - [2025-12-15T19:02:32.744+0000] {dag.py:4180} INFO - Setting next_dagrun for example_subdag_operator.section-1 to None, run_after=None
[2025-12-15T19:02:32.745+0000] {logging_mixin.py:190} INFO - [2025-12-15T19:02:32.745+0000] {dag.py:4180} INFO - Setting next_dagrun for example_subdag_operator.section-2 to None, run_after=None
[2025-12-15T19:02:32.774+0000] {processor.py:208} INFO - Processing /home/airflow/.local/lib/python3.12/site-packages/airflow/example_dags/example_subdag_operator.py took 0.271 seconds
[2025-12-15T19:03:06.710+0000] {processor.py:186} INFO - Started process (PID=3002) to work on /home/airflow/.local/lib/python3.12/site-packages/airflow/example_dags/example_subdag_operator.py
[2025-12-15T19:03:06.717+0000] {processor.py:914} INFO - Processing file /home/airflow/.local/lib/python3.12/site-packages/airflow/example_dags/example_subdag_operator.py for tasks to queue
[2025-12-15T19:03:06.723+0000] {logging_mixin.py:190} INFO - [2025-12-15T19:03:06.722+0000] {dagbag.py:588} INFO - Filling up the DagBag from /home/airflow/.local/lib/python3.12/site-packages/airflow/example_dags/example_subdag_operator.py
[2025-12-15T19:03:06.779+0000] {processor.py:925} INFO - DAG(s) 'example_subdag_operator.section-1', 'example_subdag_operator.section-2', 'example_subdag_operator' retrieved from /home/airflow/.local/lib/python3.12/site-packages/airflow/example_dags/example_subdag_operator.py
[2025-12-15T19:03:06.806+0000] {logging_mixin.py:190} INFO - [2025-12-15T19:03:06.806+0000] {dag.py:3239} INFO - Sync 3 DAGs
[2025-12-15T19:03:06.856+0000] {logging_mixin.py:190} INFO - [2025-12-15T19:03:06.856+0000] {dag.py:4180} INFO - Setting next_dagrun for example_subdag_operator to 2022-01-01 00:00:00+00:00, run_after=2022-01-01 00:00:00+00:00
[2025-12-15T19:03:06.866+0000] {logging_mixin.py:190} INFO - [2025-12-15T19:03:06.865+0000] {dag.py:4180} INFO - Setting next_dagrun for example_subdag_operator.section-1 to None, run_after=None
[2025-12-15T19:03:06.868+0000] {logging_mixin.py:190} INFO - [2025-12-15T19:03:06.868+0000] {dag.py:4180} INFO - Setting next_dagrun for example_subdag_operator.section-2 to None, run_after=None
[2025-12-15T19:03:06.883+0000] {logging_mixin.py:190} INFO - [2025-12-15T19:03:06.883+0000] {dag.py:3239} INFO - Sync 2 DAGs
[2025-12-15T19:03:06.892+0000] {logging_mixin.py:190} INFO - [2025-12-15T19:03:06.892+0000] {dag.py:4180} INFO - Setting next_dagrun for example_subdag_operator.section-1 to None, run_after=None
[2025-12-15T19:03:06.893+0000] {logging_mixin.py:190} INFO - [2025-12-15T19:03:06.892+0000] {dag.py:4180} INFO - Setting next_dagrun for example_subdag_operator.section-2 to None, run_after=None
[2025-12-15T19:03:06.920+0000] {processor.py:208} INFO - Processing /home/airflow/.local/lib/python3.12/site-packages/airflow/example_dags/example_subdag_operator.py took 0.224 seconds
[2025-12-15T19:03:37.291+0000] {processor.py:186} INFO - Started process (PID=3293) to work on /home/airflow/.local/lib/python3.12/site-packages/airflow/example_dags/example_subdag_operator.py
[2025-12-15T19:03:37.293+0000] {processor.py:914} INFO - Processing file /home/airflow/.local/lib/python3.12/site-packages/airflow/example_dags/example_subdag_operator.py for tasks to queue
[2025-12-15T19:03:37.299+0000] {logging_mixin.py:190} INFO - [2025-12-15T19:03:37.298+0000] {dagbag.py:588} INFO - Filling up the DagBag from /home/airflow/.local/lib/python3.12/site-packages/airflow/example_dags/example_subdag_operator.py
[2025-12-15T19:03:37.353+0000] {processor.py:925} INFO - DAG(s) 'example_subdag_operator.section-1', 'example_subdag_operator.section-2', 'example_subdag_operator' retrieved from /home/airflow/.local/lib/python3.12/site-packages/airflow/example_dags/example_subdag_operator.py
[2025-12-15T19:03:37.389+0000] {logging_mixin.py:190} INFO - [2025-12-15T19:03:37.389+0000] {dag.py:3239} INFO - Sync 3 DAGs
[2025-12-15T19:03:37.438+0000] {logging_mixin.py:190} INFO - [2025-12-15T19:03:37.437+0000] {dag.py:4180} INFO - Setting next_dagrun for example_subdag_operator to 2022-01-01 00:00:00+00:00, run_after=2022-01-01 00:00:00+00:00
[2025-12-15T19:03:37.444+0000] {logging_mixin.py:190} INFO - [2025-12-15T19:03:37.444+0000] {dag.py:4180} INFO - Setting next_dagrun for example_subdag_operator.section-1 to None, run_after=None
[2025-12-15T19:03:37.451+0000] {logging_mixin.py:190} INFO - [2025-12-15T19:03:37.450+0000] {dag.py:4180} INFO - Setting next_dagrun for example_subdag_operator.section-2 to None, run_after=None
[2025-12-15T19:03:37.465+0000] {logging_mixin.py:190} INFO - [2025-12-15T19:03:37.464+0000] {dag.py:3239} INFO - Sync 2 DAGs
[2025-12-15T19:03:37.477+0000] {logging_mixin.py:190} INFO - [2025-12-15T19:03:37.476+0000] {dag.py:4180} INFO - Setting next_dagrun for example_subdag_operator.section-1 to None, run_after=None
[2025-12-15T19:03:37.478+0000] {logging_mixin.py:190} INFO - [2025-12-15T19:03:37.477+0000] {dag.py:4180} INFO - Setting next_dagrun for example_subdag_operator.section-2 to None, run_after=None
[2025-12-15T19:03:37.505+0000] {processor.py:208} INFO - Processing /home/airflow/.local/lib/python3.12/site-packages/airflow/example_dags/example_subdag_operator.py took 0.228 seconds
[2025-12-15T19:04:10.448+0000] {processor.py:186} INFO - Started process (PID=3579) to work on /home/airflow/.local/lib/python3.12/site-packages/airflow/example_dags/example_subdag_operator.py
[2025-12-15T19:04:10.453+0000] {processor.py:914} INFO - Processing file /home/airflow/.local/lib/python3.12/site-packages/airflow/example_dags/example_subdag_operator.py for tasks to queue
[2025-12-15T19:04:10.457+0000] {logging_mixin.py:190} INFO - [2025-12-15T19:04:10.456+0000] {dagbag.py:588} INFO - Filling up the DagBag from /home/airflow/.local/lib/python3.12/site-packages/airflow/example_dags/example_subdag_operator.py
[2025-12-15T19:04:10.505+0000] {processor.py:925} INFO - DAG(s) 'example_subdag_operator.section-1', 'example_subdag_operator.section-2', 'example_subdag_operator' retrieved from /home/airflow/.local/lib/python3.12/site-packages/airflow/example_dags/example_subdag_operator.py
[2025-12-15T19:04:10.539+0000] {logging_mixin.py:190} INFO - [2025-12-15T19:04:10.538+0000] {dag.py:3239} INFO - Sync 3 DAGs
[2025-12-15T19:04:10.587+0000] {logging_mixin.py:190} INFO - [2025-12-15T19:04:10.586+0000] {dag.py:4180} INFO - Setting next_dagrun for example_subdag_operator to 2022-01-01 00:00:00+00:00, run_after=2022-01-01 00:00:00+00:00
[2025-12-15T19:04:10.593+0000] {logging_mixin.py:190} INFO - [2025-12-15T19:04:10.592+0000] {dag.py:4180} INFO - Setting next_dagrun for example_subdag_operator.section-1 to None, run_after=None
[2025-12-15T19:04:10.595+0000] {logging_mixin.py:190} INFO - [2025-12-15T19:04:10.595+0000] {dag.py:4180} INFO - Setting next_dagrun for example_subdag_operator.section-2 to None, run_after=None
[2025-12-15T19:04:10.611+0000] {logging_mixin.py:190} INFO - [2025-12-15T19:04:10.611+0000] {dag.py:3239} INFO - Sync 2 DAGs
[2025-12-15T19:04:10.623+0000] {logging_mixin.py:190} INFO - [2025-12-15T19:04:10.622+0000] {dag.py:4180} INFO - Setting next_dagrun for example_subdag_operator.section-1 to None, run_after=None
[2025-12-15T19:04:10.623+0000] {logging_mixin.py:190} INFO - [2025-12-15T19:04:10.623+0000] {dag.py:4180} INFO - Setting next_dagrun for example_subdag_operator.section-2 to None, run_after=None
[2025-12-15T19:04:10.645+0000] {processor.py:208} INFO - Processing /home/airflow/.local/lib/python3.12/site-packages/airflow/example_dags/example_subdag_operator.py took 0.207 seconds
[2025-12-15T19:04:42.795+0000] {processor.py:186} INFO - Started process (PID=3840) to work on /home/airflow/.local/lib/python3.12/site-packages/airflow/example_dags/example_subdag_operator.py
[2025-12-15T19:04:42.805+0000] {processor.py:914} INFO - Processing file /home/airflow/.local/lib/python3.12/site-packages/airflow/example_dags/example_subdag_operator.py for tasks to queue
[2025-12-15T19:04:42.809+0000] {logging_mixin.py:190} INFO - [2025-12-15T19:04:42.808+0000] {dagbag.py:588} INFO - Filling up the DagBag from /home/airflow/.local/lib/python3.12/site-packages/airflow/example_dags/example_subdag_operator.py
[2025-12-15T19:04:42.856+0000] {processor.py:925} INFO - DAG(s) 'example_subdag_operator.section-1', 'example_subdag_operator.section-2', 'example_subdag_operator' retrieved from /home/airflow/.local/lib/python3.12/site-packages/airflow/example_dags/example_subdag_operator.py
[2025-12-15T19:04:42.883+0000] {logging_mixin.py:190} INFO - [2025-12-15T19:04:42.883+0000] {dag.py:3239} INFO - Sync 3 DAGs
[2025-12-15T19:04:42.926+0000] {logging_mixin.py:190} INFO - [2025-12-15T19:04:42.925+0000] {dag.py:4180} INFO - Setting next_dagrun for example_subdag_operator to 2022-01-01 00:00:00+00:00, run_after=2022-01-01 00:00:00+00:00
[2025-12-15T19:04:42.933+0000] {logging_mixin.py:190} INFO - [2025-12-15T19:04:42.933+0000] {dag.py:4180} INFO - Setting next_dagrun for example_subdag_operator.section-1 to None, run_after=None
[2025-12-15T19:04:42.936+0000] {logging_mixin.py:190} INFO - [2025-12-15T19:04:42.936+0000] {dag.py:4180} INFO - Setting next_dagrun for example_subdag_operator.section-2 to None, run_after=None
[2025-12-15T19:04:42.951+0000] {logging_mixin.py:190} INFO - [2025-12-15T19:04:42.951+0000] {dag.py:3239} INFO - Sync 2 DAGs
[2025-12-15T19:04:42.960+0000] {logging_mixin.py:190} INFO - [2025-12-15T19:04:42.960+0000] {dag.py:4180} INFO - Setting next_dagrun for example_subdag_operator.section-1 to None, run_after=None
[2025-12-15T19:04:42.961+0000] {logging_mixin.py:190} INFO - [2025-12-15T19:04:42.961+0000] {dag.py:4180} INFO - Setting next_dagrun for example_subdag_operator.section-2 to None, run_after=None
[2025-12-15T19:04:42.987+0000] {processor.py:208} INFO - Processing /home/airflow/.local/lib/python3.12/site-packages/airflow/example_dags/example_subdag_operator.py took 0.207 seconds
[2025-12-15T19:05:15.628+0000] {processor.py:186} INFO - Started process (PID=4133) to work on /home/airflow/.local/lib/python3.12/site-packages/airflow/example_dags/example_subdag_operator.py
[2025-12-15T19:05:15.630+0000] {processor.py:914} INFO - Processing file /home/airflow/.local/lib/python3.12/site-packages/airflow/example_dags/example_subdag_operator.py for tasks to queue
[2025-12-15T19:05:15.633+0000] {logging_mixin.py:190} INFO - [2025-12-15T19:05:15.633+0000] {dagbag.py:588} INFO - Filling up the DagBag from /home/airflow/.local/lib/python3.12/site-packages/airflow/example_dags/example_subdag_operator.py
[2025-12-15T19:05:15.676+0000] {processor.py:925} INFO - DAG(s) 'example_subdag_operator.section-1', 'example_subdag_operator.section-2', 'example_subdag_operator' retrieved from /home/airflow/.local/lib/python3.12/site-packages/airflow/example_dags/example_subdag_operator.py
[2025-12-15T19:05:15.696+0000] {logging_mixin.py:190} INFO - [2025-12-15T19:05:15.696+0000] {dag.py:3239} INFO - Sync 3 DAGs
[2025-12-15T19:05:15.737+0000] {logging_mixin.py:190} INFO - [2025-12-15T19:05:15.737+0000] {dag.py:4180} INFO - Setting next_dagrun for example_subdag_operator to 2022-01-01 00:00:00+00:00, run_after=2022-01-01 00:00:00+00:00
[2025-12-15T19:05:15.742+0000] {logging_mixin.py:190} INFO - [2025-12-15T19:05:15.742+0000] {dag.py:4180} INFO - Setting next_dagrun for example_subdag_operator.section-1 to None, run_after=None
[2025-12-15T19:05:15.745+0000] {logging_mixin.py:190} INFO - [2025-12-15T19:05:15.744+0000] {dag.py:4180} INFO - Setting next_dagrun for example_subdag_operator.section-2 to None, run_after=None
[2025-12-15T19:05:15.755+0000] {logging_mixin.py:190} INFO - [2025-12-15T19:05:15.755+0000] {dag.py:3239} INFO - Sync 2 DAGs
[2025-12-15T19:05:15.767+0000] {logging_mixin.py:190} INFO - [2025-12-15T19:05:15.767+0000] {dag.py:4180} INFO - Setting next_dagrun for example_subdag_operator.section-1 to None, run_after=None
[2025-12-15T19:05:15.768+0000] {logging_mixin.py:190} INFO - [2025-12-15T19:05:15.768+0000] {dag.py:4180} INFO - Setting next_dagrun for example_subdag_operator.section-2 to None, run_after=None
[2025-12-15T19:05:15.791+0000] {processor.py:208} INFO - Processing /home/airflow/.local/lib/python3.12/site-packages/airflow/example_dags/example_subdag_operator.py took 0.173 seconds
[2025-12-15T19:05:47.134+0000] {processor.py:186} INFO - Started process (PID=4422) to work on /home/airflow/.local/lib/python3.12/site-packages/airflow/example_dags/example_subdag_operator.py
[2025-12-15T19:05:47.136+0000] {processor.py:914} INFO - Processing file /home/airflow/.local/lib/python3.12/site-packages/airflow/example_dags/example_subdag_operator.py for tasks to queue
[2025-12-15T19:05:47.140+0000] {logging_mixin.py:190} INFO - [2025-12-15T19:05:47.139+0000] {dagbag.py:588} INFO - Filling up the DagBag from /home/airflow/.local/lib/python3.12/site-packages/airflow/example_dags/example_subdag_operator.py
[2025-12-15T19:05:47.177+0000] {processor.py:925} INFO - DAG(s) 'example_subdag_operator.section-1', 'example_subdag_operator.section-2', 'example_subdag_operator' retrieved from /home/airflow/.local/lib/python3.12/site-packages/airflow/example_dags/example_subdag_operator.py
[2025-12-15T19:05:47.196+0000] {logging_mixin.py:190} INFO - [2025-12-15T19:05:47.196+0000] {dag.py:3239} INFO - Sync 3 DAGs
[2025-12-15T19:05:47.226+0000] {logging_mixin.py:190} INFO - [2025-12-15T19:05:47.226+0000] {dag.py:4180} INFO - Setting next_dagrun for example_subdag_operator to 2022-01-01 00:00:00+00:00, run_after=2022-01-01 00:00:00+00:00
[2025-12-15T19:05:47.230+0000] {logging_mixin.py:190} INFO - [2025-12-15T19:05:47.230+0000] {dag.py:4180} INFO - Setting next_dagrun for example_subdag_operator.section-1 to None, run_after=None
[2025-12-15T19:05:47.232+0000] {logging_mixin.py:190} INFO - [2025-12-15T19:05:47.232+0000] {dag.py:4180} INFO - Setting next_dagrun for example_subdag_operator.section-2 to None, run_after=None
[2025-12-15T19:05:47.241+0000] {logging_mixin.py:190} INFO - [2025-12-15T19:05:47.241+0000] {dag.py:3239} INFO - Sync 2 DAGs
[2025-12-15T19:05:47.248+0000] {logging_mixin.py:190} INFO - [2025-12-15T19:05:47.247+0000] {dag.py:4180} INFO - Setting next_dagrun for example_subdag_operator.section-1 to None, run_after=None
[2025-12-15T19:05:47.248+0000] {logging_mixin.py:190} INFO - [2025-12-15T19:05:47.248+0000] {dag.py:4180} INFO - Setting next_dagrun for example_subdag_operator.section-2 to None, run_after=None
[2025-12-15T19:05:47.264+0000] {processor.py:208} INFO - Processing /home/airflow/.local/lib/python3.12/site-packages/airflow/example_dags/example_subdag_operator.py took 0.138 seconds
[2025-12-15T19:06:18.911+0000] {processor.py:186} INFO - Started process (PID=4708) to work on /home/airflow/.local/lib/python3.12/site-packages/airflow/example_dags/example_subdag_operator.py
[2025-12-15T19:06:18.925+0000] {processor.py:914} INFO - Processing file /home/airflow/.local/lib/python3.12/site-packages/airflow/example_dags/example_subdag_operator.py for tasks to queue
[2025-12-15T19:06:18.941+0000] {logging_mixin.py:190} INFO - [2025-12-15T19:06:18.940+0000] {dagbag.py:588} INFO - Filling up the DagBag from /home/airflow/.local/lib/python3.12/site-packages/airflow/example_dags/example_subdag_operator.py
[2025-12-15T19:06:19.105+0000] {processor.py:925} INFO - DAG(s) 'example_subdag_operator.section-1', 'example_subdag_operator.section-2', 'example_subdag_operator' retrieved from /home/airflow/.local/lib/python3.12/site-packages/airflow/example_dags/example_subdag_operator.py
[2025-12-15T19:06:19.204+0000] {logging_mixin.py:190} INFO - [2025-12-15T19:06:19.203+0000] {dag.py:3239} INFO - Sync 3 DAGs
[2025-12-15T19:06:19.352+0000] {logging_mixin.py:190} INFO - [2025-12-15T19:06:19.351+0000] {dag.py:4180} INFO - Setting next_dagrun for example_subdag_operator to 2022-01-01 00:00:00+00:00, run_after=2022-01-01 00:00:00+00:00
[2025-12-15T19:06:19.370+0000] {logging_mixin.py:190} INFO - [2025-12-15T19:06:19.369+0000] {dag.py:4180} INFO - Setting next_dagrun for example_subdag_operator.section-1 to None, run_after=None
[2025-12-15T19:06:19.376+0000] {logging_mixin.py:190} INFO - [2025-12-15T19:06:19.376+0000] {dag.py:4180} INFO - Setting next_dagrun for example_subdag_operator.section-2 to None, run_after=None
[2025-12-15T19:06:19.418+0000] {logging_mixin.py:190} INFO - [2025-12-15T19:06:19.417+0000] {dag.py:3239} INFO - Sync 2 DAGs
[2025-12-15T19:06:19.450+0000] {logging_mixin.py:190} INFO - [2025-12-15T19:06:19.450+0000] {dag.py:4180} INFO - Setting next_dagrun for example_subdag_operator.section-1 to None, run_after=None
[2025-12-15T19:06:19.452+0000] {logging_mixin.py:190} INFO - [2025-12-15T19:06:19.451+0000] {dag.py:4180} INFO - Setting next_dagrun for example_subdag_operator.section-2 to None, run_after=None
[2025-12-15T19:06:19.485+0000] {processor.py:208} INFO - Processing /home/airflow/.local/lib/python3.12/site-packages/airflow/example_dags/example_subdag_operator.py took 0.638 seconds
[2025-12-15T19:06:50.146+0000] {processor.py:186} INFO - Started process (PID=4999) to work on /home/airflow/.local/lib/python3.12/site-packages/airflow/example_dags/example_subdag_operator.py
[2025-12-15T19:06:50.148+0000] {processor.py:914} INFO - Processing file /home/airflow/.local/lib/python3.12/site-packages/airflow/example_dags/example_subdag_operator.py for tasks to queue
[2025-12-15T19:06:50.157+0000] {logging_mixin.py:190} INFO - [2025-12-15T19:06:50.156+0000] {dagbag.py:588} INFO - Filling up the DagBag from /home/airflow/.local/lib/python3.12/site-packages/airflow/example_dags/example_subdag_operator.py
[2025-12-15T19:06:50.236+0000] {processor.py:925} INFO - DAG(s) 'example_subdag_operator.section-1', 'example_subdag_operator.section-2', 'example_subdag_operator' retrieved from /home/airflow/.local/lib/python3.12/site-packages/airflow/example_dags/example_subdag_operator.py
[2025-12-15T19:06:50.274+0000] {logging_mixin.py:190} INFO - [2025-12-15T19:06:50.273+0000] {dag.py:3239} INFO - Sync 3 DAGs
[2025-12-15T19:06:50.346+0000] {logging_mixin.py:190} INFO - [2025-12-15T19:06:50.345+0000] {dag.py:4180} INFO - Setting next_dagrun for example_subdag_operator to 2022-01-01 00:00:00+00:00, run_after=2022-01-01 00:00:00+00:00
[2025-12-15T19:06:50.356+0000] {logging_mixin.py:190} INFO - [2025-12-15T19:06:50.356+0000] {dag.py:4180} INFO - Setting next_dagrun for example_subdag_operator.section-1 to None, run_after=None
[2025-12-15T19:06:50.360+0000] {logging_mixin.py:190} INFO - [2025-12-15T19:06:50.360+0000] {dag.py:4180} INFO - Setting next_dagrun for example_subdag_operator.section-2 to None, run_after=None
[2025-12-15T19:06:50.381+0000] {logging_mixin.py:190} INFO - [2025-12-15T19:06:50.381+0000] {dag.py:3239} INFO - Sync 2 DAGs
[2025-12-15T19:06:50.396+0000] {logging_mixin.py:190} INFO - [2025-12-15T19:06:50.395+0000] {dag.py:4180} INFO - Setting next_dagrun for example_subdag_operator.section-1 to None, run_after=None
[2025-12-15T19:06:50.397+0000] {logging_mixin.py:190} INFO - [2025-12-15T19:06:50.397+0000] {dag.py:4180} INFO - Setting next_dagrun for example_subdag_operator.section-2 to None, run_after=None
[2025-12-15T19:06:50.433+0000] {processor.py:208} INFO - Processing /home/airflow/.local/lib/python3.12/site-packages/airflow/example_dags/example_subdag_operator.py took 0.309 seconds
[2025-12-15T19:07:26.586+0000] {processor.py:186} INFO - Started process (PID=5265) to work on /home/airflow/.local/lib/python3.12/site-packages/airflow/example_dags/example_subdag_operator.py
[2025-12-15T19:07:26.588+0000] {processor.py:914} INFO - Processing file /home/airflow/.local/lib/python3.12/site-packages/airflow/example_dags/example_subdag_operator.py for tasks to queue
[2025-12-15T19:07:26.591+0000] {logging_mixin.py:190} INFO - [2025-12-15T19:07:26.591+0000] {dagbag.py:588} INFO - Filling up the DagBag from /home/airflow/.local/lib/python3.12/site-packages/airflow/example_dags/example_subdag_operator.py
[2025-12-15T19:07:26.636+0000] {processor.py:925} INFO - DAG(s) 'example_subdag_operator.section-1', 'example_subdag_operator.section-2', 'example_subdag_operator' retrieved from /home/airflow/.local/lib/python3.12/site-packages/airflow/example_dags/example_subdag_operator.py
[2025-12-15T19:07:26.660+0000] {logging_mixin.py:190} INFO - [2025-12-15T19:07:26.660+0000] {dag.py:3239} INFO - Sync 3 DAGs
[2025-12-15T19:07:26.698+0000] {logging_mixin.py:190} INFO - [2025-12-15T19:07:26.698+0000] {dag.py:4180} INFO - Setting next_dagrun for example_subdag_operator to 2022-01-01 00:00:00+00:00, run_after=2022-01-01 00:00:00+00:00
[2025-12-15T19:07:26.705+0000] {logging_mixin.py:190} INFO - [2025-12-15T19:07:26.705+0000] {dag.py:4180} INFO - Setting next_dagrun for example_subdag_operator.section-1 to None, run_after=None
[2025-12-15T19:07:26.707+0000] {logging_mixin.py:190} INFO - [2025-12-15T19:07:26.707+0000] {dag.py:4180} INFO - Setting next_dagrun for example_subdag_operator.section-2 to None, run_after=None
[2025-12-15T19:07:26.718+0000] {logging_mixin.py:190} INFO - [2025-12-15T19:07:26.718+0000] {dag.py:3239} INFO - Sync 2 DAGs
[2025-12-15T19:07:26.728+0000] {logging_mixin.py:190} INFO - [2025-12-15T19:07:26.728+0000] {dag.py:4180} INFO - Setting next_dagrun for example_subdag_operator.section-1 to None, run_after=None
[2025-12-15T19:07:26.729+0000] {logging_mixin.py:190} INFO - [2025-12-15T19:07:26.729+0000] {dag.py:4180} INFO - Setting next_dagrun for example_subdag_operator.section-2 to None, run_after=None
[2025-12-15T19:07:26.746+0000] {processor.py:208} INFO - Processing /home/airflow/.local/lib/python3.12/site-packages/airflow/example_dags/example_subdag_operator.py took 0.174 seconds
[2025-12-15T19:07:57.390+0000] {processor.py:186} INFO - Started process (PID=5556) to work on /home/airflow/.local/lib/python3.12/site-packages/airflow/example_dags/example_subdag_operator.py
[2025-12-15T19:07:57.406+0000] {processor.py:914} INFO - Processing file /home/airflow/.local/lib/python3.12/site-packages/airflow/example_dags/example_subdag_operator.py for tasks to queue
[2025-12-15T19:07:57.411+0000] {logging_mixin.py:190} INFO - [2025-12-15T19:07:57.410+0000] {dagbag.py:588} INFO - Filling up the DagBag from /home/airflow/.local/lib/python3.12/site-packages/airflow/example_dags/example_subdag_operator.py
[2025-12-15T19:07:57.460+0000] {processor.py:925} INFO - DAG(s) 'example_subdag_operator.section-1', 'example_subdag_operator.section-2', 'example_subdag_operator' retrieved from /home/airflow/.local/lib/python3.12/site-packages/airflow/example_dags/example_subdag_operator.py
[2025-12-15T19:07:57.488+0000] {logging_mixin.py:190} INFO - [2025-12-15T19:07:57.487+0000] {dag.py:3239} INFO - Sync 3 DAGs
[2025-12-15T19:07:57.541+0000] {logging_mixin.py:190} INFO - [2025-12-15T19:07:57.540+0000] {dag.py:4180} INFO - Setting next_dagrun for example_subdag_operator to 2022-01-01 00:00:00+00:00, run_after=2022-01-01 00:00:00+00:00
[2025-12-15T19:07:57.547+0000] {logging_mixin.py:190} INFO - [2025-12-15T19:07:57.547+0000] {dag.py:4180} INFO - Setting next_dagrun for example_subdag_operator.section-1 to None, run_after=None
[2025-12-15T19:07:57.550+0000] {logging_mixin.py:190} INFO - [2025-12-15T19:07:57.550+0000] {dag.py:4180} INFO - Setting next_dagrun for example_subdag_operator.section-2 to None, run_after=None
[2025-12-15T19:07:57.565+0000] {logging_mixin.py:190} INFO - [2025-12-15T19:07:57.564+0000] {dag.py:3239} INFO - Sync 2 DAGs
[2025-12-15T19:07:57.573+0000] {logging_mixin.py:190} INFO - [2025-12-15T19:07:57.573+0000] {dag.py:4180} INFO - Setting next_dagrun for example_subdag_operator.section-1 to None, run_after=None
[2025-12-15T19:07:57.574+0000] {logging_mixin.py:190} INFO - [2025-12-15T19:07:57.574+0000] {dag.py:4180} INFO - Setting next_dagrun for example_subdag_operator.section-2 to None, run_after=None
[2025-12-15T19:07:57.611+0000] {processor.py:208} INFO - Processing /home/airflow/.local/lib/python3.12/site-packages/airflow/example_dags/example_subdag_operator.py took 0.233 seconds
[2025-12-15T19:08:29.362+0000] {processor.py:186} INFO - Started process (PID=5847) to work on /home/airflow/.local/lib/python3.12/site-packages/airflow/example_dags/example_subdag_operator.py
[2025-12-15T19:08:29.365+0000] {processor.py:914} INFO - Processing file /home/airflow/.local/lib/python3.12/site-packages/airflow/example_dags/example_subdag_operator.py for tasks to queue
[2025-12-15T19:08:29.373+0000] {logging_mixin.py:190} INFO - [2025-12-15T19:08:29.372+0000] {dagbag.py:588} INFO - Filling up the DagBag from /home/airflow/.local/lib/python3.12/site-packages/airflow/example_dags/example_subdag_operator.py
[2025-12-15T19:08:29.426+0000] {processor.py:925} INFO - DAG(s) 'example_subdag_operator.section-1', 'example_subdag_operator.section-2', 'example_subdag_operator' retrieved from /home/airflow/.local/lib/python3.12/site-packages/airflow/example_dags/example_subdag_operator.py
[2025-12-15T19:08:29.454+0000] {logging_mixin.py:190} INFO - [2025-12-15T19:08:29.454+0000] {dag.py:3239} INFO - Sync 3 DAGs
[2025-12-15T19:08:29.501+0000] {logging_mixin.py:190} INFO - [2025-12-15T19:08:29.500+0000] {dag.py:4180} INFO - Setting next_dagrun for example_subdag_operator to 2022-01-01 00:00:00+00:00, run_after=2022-01-01 00:00:00+00:00
[2025-12-15T19:08:29.513+0000] {logging_mixin.py:190} INFO - [2025-12-15T19:08:29.512+0000] {dag.py:4180} INFO - Setting next_dagrun for example_subdag_operator.section-1 to None, run_after=None
[2025-12-15T19:08:29.516+0000] {logging_mixin.py:190} INFO - [2025-12-15T19:08:29.515+0000] {dag.py:4180} INFO - Setting next_dagrun for example_subdag_operator.section-2 to None, run_after=None
[2025-12-15T19:08:29.535+0000] {logging_mixin.py:190} INFO - [2025-12-15T19:08:29.534+0000] {dag.py:3239} INFO - Sync 2 DAGs
[2025-12-15T19:08:29.549+0000] {logging_mixin.py:190} INFO - [2025-12-15T19:08:29.549+0000] {dag.py:4180} INFO - Setting next_dagrun for example_subdag_operator.section-1 to None, run_after=None
[2025-12-15T19:08:29.550+0000] {logging_mixin.py:190} INFO - [2025-12-15T19:08:29.549+0000] {dag.py:4180} INFO - Setting next_dagrun for example_subdag_operator.section-2 to None, run_after=None
[2025-12-15T19:08:29.575+0000] {processor.py:208} INFO - Processing /home/airflow/.local/lib/python3.12/site-packages/airflow/example_dags/example_subdag_operator.py took 0.225 seconds
[2025-12-15T19:08:59.950+0000] {processor.py:186} INFO - Started process (PID=6138) to work on /home/airflow/.local/lib/python3.12/site-packages/airflow/example_dags/example_subdag_operator.py
[2025-12-15T19:08:59.952+0000] {processor.py:914} INFO - Processing file /home/airflow/.local/lib/python3.12/site-packages/airflow/example_dags/example_subdag_operator.py for tasks to queue
[2025-12-15T19:08:59.957+0000] {logging_mixin.py:190} INFO - [2025-12-15T19:08:59.956+0000] {dagbag.py:588} INFO - Filling up the DagBag from /home/airflow/.local/lib/python3.12/site-packages/airflow/example_dags/example_subdag_operator.py
[2025-12-15T19:09:00.007+0000] {processor.py:925} INFO - DAG(s) 'example_subdag_operator.section-1', 'example_subdag_operator.section-2', 'example_subdag_operator' retrieved from /home/airflow/.local/lib/python3.12/site-packages/airflow/example_dags/example_subdag_operator.py
[2025-12-15T19:09:00.036+0000] {logging_mixin.py:190} INFO - [2025-12-15T19:09:00.036+0000] {dag.py:3239} INFO - Sync 3 DAGs
[2025-12-15T19:09:00.078+0000] {logging_mixin.py:190} INFO - [2025-12-15T19:09:00.078+0000] {dag.py:4180} INFO - Setting next_dagrun for example_subdag_operator to 2022-01-01 00:00:00+00:00, run_after=2022-01-01 00:00:00+00:00
[2025-12-15T19:09:00.087+0000] {logging_mixin.py:190} INFO - [2025-12-15T19:09:00.086+0000] {dag.py:4180} INFO - Setting next_dagrun for example_subdag_operator.section-1 to None, run_after=None
[2025-12-15T19:09:00.090+0000] {logging_mixin.py:190} INFO - [2025-12-15T19:09:00.089+0000] {dag.py:4180} INFO - Setting next_dagrun for example_subdag_operator.section-2 to None, run_after=None
[2025-12-15T19:09:00.103+0000] {logging_mixin.py:190} INFO - [2025-12-15T19:09:00.103+0000] {dag.py:3239} INFO - Sync 2 DAGs
[2025-12-15T19:09:00.116+0000] {logging_mixin.py:190} INFO - [2025-12-15T19:09:00.115+0000] {dag.py:4180} INFO - Setting next_dagrun for example_subdag_operator.section-1 to None, run_after=None
[2025-12-15T19:09:00.116+0000] {logging_mixin.py:190} INFO - [2025-12-15T19:09:00.116+0000] {dag.py:4180} INFO - Setting next_dagrun for example_subdag_operator.section-2 to None, run_after=None
[2025-12-15T19:09:00.140+0000] {processor.py:208} INFO - Processing /home/airflow/.local/lib/python3.12/site-packages/airflow/example_dags/example_subdag_operator.py took 0.201 seconds
[2025-12-15T19:09:31.684+0000] {processor.py:186} INFO - Started process (PID=6429) to work on /home/airflow/.local/lib/python3.12/site-packages/airflow/example_dags/example_subdag_operator.py
[2025-12-15T19:09:31.687+0000] {processor.py:914} INFO - Processing file /home/airflow/.local/lib/python3.12/site-packages/airflow/example_dags/example_subdag_operator.py for tasks to queue
[2025-12-15T19:09:31.690+0000] {logging_mixin.py:190} INFO - [2025-12-15T19:09:31.690+0000] {dagbag.py:588} INFO - Filling up the DagBag from /home/airflow/.local/lib/python3.12/site-packages/airflow/example_dags/example_subdag_operator.py
[2025-12-15T19:09:31.737+0000] {processor.py:925} INFO - DAG(s) 'example_subdag_operator.section-1', 'example_subdag_operator.section-2', 'example_subdag_operator' retrieved from /home/airflow/.local/lib/python3.12/site-packages/airflow/example_dags/example_subdag_operator.py
[2025-12-15T19:09:31.762+0000] {logging_mixin.py:190} INFO - [2025-12-15T19:09:31.761+0000] {dag.py:3239} INFO - Sync 3 DAGs
[2025-12-15T19:09:31.806+0000] {logging_mixin.py:190} INFO - [2025-12-15T19:09:31.805+0000] {dag.py:4180} INFO - Setting next_dagrun for example_subdag_operator to 2022-01-01 00:00:00+00:00, run_after=2022-01-01 00:00:00+00:00
[2025-12-15T19:09:31.812+0000] {logging_mixin.py:190} INFO - [2025-12-15T19:09:31.811+0000] {dag.py:4180} INFO - Setting next_dagrun for example_subdag_operator.section-1 to None, run_after=None
[2025-12-15T19:09:31.814+0000] {logging_mixin.py:190} INFO - [2025-12-15T19:09:31.813+0000] {dag.py:4180} INFO - Setting next_dagrun for example_subdag_operator.section-2 to None, run_after=None
[2025-12-15T19:09:31.827+0000] {logging_mixin.py:190} INFO - [2025-12-15T19:09:31.826+0000] {dag.py:3239} INFO - Sync 2 DAGs
[2025-12-15T19:09:31.837+0000] {logging_mixin.py:190} INFO - [2025-12-15T19:09:31.837+0000] {dag.py:4180} INFO - Setting next_dagrun for example_subdag_operator.section-1 to None, run_after=None
[2025-12-15T19:09:31.838+0000] {logging_mixin.py:190} INFO - [2025-12-15T19:09:31.838+0000] {dag.py:4180} INFO - Setting next_dagrun for example_subdag_operator.section-2 to None, run_after=None
[2025-12-15T19:09:31.888+0000] {processor.py:208} INFO - Processing /home/airflow/.local/lib/python3.12/site-packages/airflow/example_dags/example_subdag_operator.py took 0.214 seconds
[2025-12-15T19:10:02.395+0000] {processor.py:186} INFO - Started process (PID=6715) to work on /home/airflow/.local/lib/python3.12/site-packages/airflow/example_dags/example_subdag_operator.py
[2025-12-15T19:10:02.405+0000] {processor.py:914} INFO - Processing file /home/airflow/.local/lib/python3.12/site-packages/airflow/example_dags/example_subdag_operator.py for tasks to queue
[2025-12-15T19:10:02.409+0000] {logging_mixin.py:190} INFO - [2025-12-15T19:10:02.409+0000] {dagbag.py:588} INFO - Filling up the DagBag from /home/airflow/.local/lib/python3.12/site-packages/airflow/example_dags/example_subdag_operator.py
[2025-12-15T19:10:02.445+0000] {processor.py:925} INFO - DAG(s) 'example_subdag_operator.section-1', 'example_subdag_operator.section-2', 'example_subdag_operator' retrieved from /home/airflow/.local/lib/python3.12/site-packages/airflow/example_dags/example_subdag_operator.py
[2025-12-15T19:10:02.469+0000] {logging_mixin.py:190} INFO - [2025-12-15T19:10:02.469+0000] {dag.py:3239} INFO - Sync 3 DAGs
[2025-12-15T19:10:02.504+0000] {logging_mixin.py:190} INFO - [2025-12-15T19:10:02.503+0000] {dag.py:4180} INFO - Setting next_dagrun for example_subdag_operator to 2022-01-01 00:00:00+00:00, run_after=2022-01-01 00:00:00+00:00
[2025-12-15T19:10:02.508+0000] {logging_mixin.py:190} INFO - [2025-12-15T19:10:02.508+0000] {dag.py:4180} INFO - Setting next_dagrun for example_subdag_operator.section-1 to None, run_after=None
[2025-12-15T19:10:02.510+0000] {logging_mixin.py:190} INFO - [2025-12-15T19:10:02.510+0000] {dag.py:4180} INFO - Setting next_dagrun for example_subdag_operator.section-2 to None, run_after=None
[2025-12-15T19:10:02.522+0000] {logging_mixin.py:190} INFO - [2025-12-15T19:10:02.522+0000] {dag.py:3239} INFO - Sync 2 DAGs
[2025-12-15T19:10:02.532+0000] {logging_mixin.py:190} INFO - [2025-12-15T19:10:02.532+0000] {dag.py:4180} INFO - Setting next_dagrun for example_subdag_operator.section-1 to None, run_after=None
[2025-12-15T19:10:02.532+0000] {logging_mixin.py:190} INFO - [2025-12-15T19:10:02.532+0000] {dag.py:4180} INFO - Setting next_dagrun for example_subdag_operator.section-2 to None, run_after=None
[2025-12-15T19:10:02.569+0000] {processor.py:208} INFO - Processing /home/airflow/.local/lib/python3.12/site-packages/airflow/example_dags/example_subdag_operator.py took 0.183 seconds
[2025-12-15T19:10:35.904+0000] {processor.py:186} INFO - Started process (PID=7007) to work on /home/airflow/.local/lib/python3.12/site-packages/airflow/example_dags/example_subdag_operator.py
[2025-12-15T19:10:35.915+0000] {processor.py:914} INFO - Processing file /home/airflow/.local/lib/python3.12/site-packages/airflow/example_dags/example_subdag_operator.py for tasks to queue
[2025-12-15T19:10:35.921+0000] {logging_mixin.py:190} INFO - [2025-12-15T19:10:35.920+0000] {dagbag.py:588} INFO - Filling up the DagBag from /home/airflow/.local/lib/python3.12/site-packages/airflow/example_dags/example_subdag_operator.py
[2025-12-15T19:10:36.084+0000] {processor.py:925} INFO - DAG(s) 'example_subdag_operator.section-1', 'example_subdag_operator.section-2', 'example_subdag_operator' retrieved from /home/airflow/.local/lib/python3.12/site-packages/airflow/example_dags/example_subdag_operator.py
[2025-12-15T19:10:36.162+0000] {logging_mixin.py:190} INFO - [2025-12-15T19:10:36.162+0000] {dag.py:3239} INFO - Sync 3 DAGs
[2025-12-15T19:10:36.263+0000] {logging_mixin.py:190} INFO - [2025-12-15T19:10:36.262+0000] {dag.py:4180} INFO - Setting next_dagrun for example_subdag_operator to 2022-01-01 00:00:00+00:00, run_after=2022-01-01 00:00:00+00:00
[2025-12-15T19:10:36.280+0000] {logging_mixin.py:190} INFO - [2025-12-15T19:10:36.279+0000] {dag.py:4180} INFO - Setting next_dagrun for example_subdag_operator.section-1 to None, run_after=None
[2025-12-15T19:10:36.286+0000] {logging_mixin.py:190} INFO - [2025-12-15T19:10:36.285+0000] {dag.py:4180} INFO - Setting next_dagrun for example_subdag_operator.section-2 to None, run_after=None
[2025-12-15T19:10:36.317+0000] {logging_mixin.py:190} INFO - [2025-12-15T19:10:36.316+0000] {dag.py:3239} INFO - Sync 2 DAGs
[2025-12-15T19:10:36.337+0000] {logging_mixin.py:190} INFO - [2025-12-15T19:10:36.336+0000] {dag.py:4180} INFO - Setting next_dagrun for example_subdag_operator.section-1 to None, run_after=None
[2025-12-15T19:10:36.340+0000] {logging_mixin.py:190} INFO - [2025-12-15T19:10:36.340+0000] {dag.py:4180} INFO - Setting next_dagrun for example_subdag_operator.section-2 to None, run_after=None
[2025-12-15T19:10:36.387+0000] {processor.py:208} INFO - Processing /home/airflow/.local/lib/python3.12/site-packages/airflow/example_dags/example_subdag_operator.py took 0.519 seconds
[2025-12-15T19:11:06.998+0000] {processor.py:186} INFO - Started process (PID=7300) to work on /home/airflow/.local/lib/python3.12/site-packages/airflow/example_dags/example_subdag_operator.py
[2025-12-15T19:11:07.029+0000] {processor.py:914} INFO - Processing file /home/airflow/.local/lib/python3.12/site-packages/airflow/example_dags/example_subdag_operator.py for tasks to queue
[2025-12-15T19:11:07.033+0000] {logging_mixin.py:190} INFO - [2025-12-15T19:11:07.032+0000] {dagbag.py:588} INFO - Filling up the DagBag from /home/airflow/.local/lib/python3.12/site-packages/airflow/example_dags/example_subdag_operator.py
[2025-12-15T19:11:07.076+0000] {processor.py:925} INFO - DAG(s) 'example_subdag_operator.section-1', 'example_subdag_operator.section-2', 'example_subdag_operator' retrieved from /home/airflow/.local/lib/python3.12/site-packages/airflow/example_dags/example_subdag_operator.py
[2025-12-15T19:11:07.102+0000] {logging_mixin.py:190} INFO - [2025-12-15T19:11:07.102+0000] {dag.py:3239} INFO - Sync 3 DAGs
[2025-12-15T19:11:07.143+0000] {logging_mixin.py:190} INFO - [2025-12-15T19:11:07.143+0000] {dag.py:4180} INFO - Setting next_dagrun for example_subdag_operator to 2022-01-01 00:00:00+00:00, run_after=2022-01-01 00:00:00+00:00
[2025-12-15T19:11:07.149+0000] {logging_mixin.py:190} INFO - [2025-12-15T19:11:07.149+0000] {dag.py:4180} INFO - Setting next_dagrun for example_subdag_operator.section-1 to None, run_after=None
[2025-12-15T19:11:07.151+0000] {logging_mixin.py:190} INFO - [2025-12-15T19:11:07.151+0000] {dag.py:4180} INFO - Setting next_dagrun for example_subdag_operator.section-2 to None, run_after=None
[2025-12-15T19:11:07.165+0000] {logging_mixin.py:190} INFO - [2025-12-15T19:11:07.164+0000] {dag.py:3239} INFO - Sync 2 DAGs
[2025-12-15T19:11:07.176+0000] {logging_mixin.py:190} INFO - [2025-12-15T19:11:07.175+0000] {dag.py:4180} INFO - Setting next_dagrun for example_subdag_operator.section-1 to None, run_after=None
[2025-12-15T19:11:07.177+0000] {logging_mixin.py:190} INFO - [2025-12-15T19:11:07.177+0000] {dag.py:4180} INFO - Setting next_dagrun for example_subdag_operator.section-2 to None, run_after=None
[2025-12-15T19:11:07.200+0000] {processor.py:208} INFO - Processing /home/airflow/.local/lib/python3.12/site-packages/airflow/example_dags/example_subdag_operator.py took 0.214 seconds
[2025-12-15T19:11:37.664+0000] {processor.py:186} INFO - Started process (PID=7584) to work on /home/airflow/.local/lib/python3.12/site-packages/airflow/example_dags/example_subdag_operator.py
[2025-12-15T19:11:37.669+0000] {processor.py:914} INFO - Processing file /home/airflow/.local/lib/python3.12/site-packages/airflow/example_dags/example_subdag_operator.py for tasks to queue
[2025-12-15T19:11:37.670+0000] {logging_mixin.py:190} INFO - [2025-12-15T19:11:37.670+0000] {dagbag.py:588} INFO - Filling up the DagBag from /home/airflow/.local/lib/python3.12/site-packages/airflow/example_dags/example_subdag_operator.py
[2025-12-15T19:11:37.699+0000] {processor.py:925} INFO - DAG(s) 'example_subdag_operator.section-1', 'example_subdag_operator.section-2', 'example_subdag_operator' retrieved from /home/airflow/.local/lib/python3.12/site-packages/airflow/example_dags/example_subdag_operator.py
[2025-12-15T19:11:37.716+0000] {logging_mixin.py:190} INFO - [2025-12-15T19:11:37.715+0000] {dag.py:3239} INFO - Sync 3 DAGs
[2025-12-15T19:11:37.743+0000] {logging_mixin.py:190} INFO - [2025-12-15T19:11:37.742+0000] {dag.py:4180} INFO - Setting next_dagrun for example_subdag_operator to 2022-01-01 00:00:00+00:00, run_after=2022-01-01 00:00:00+00:00
[2025-12-15T19:11:37.747+0000] {logging_mixin.py:190} INFO - [2025-12-15T19:11:37.746+0000] {dag.py:4180} INFO - Setting next_dagrun for example_subdag_operator.section-1 to None, run_after=None
[2025-12-15T19:11:37.749+0000] {logging_mixin.py:190} INFO - [2025-12-15T19:11:37.749+0000] {dag.py:4180} INFO - Setting next_dagrun for example_subdag_operator.section-2 to None, run_after=None
[2025-12-15T19:11:37.758+0000] {logging_mixin.py:190} INFO - [2025-12-15T19:11:37.757+0000] {dag.py:3239} INFO - Sync 2 DAGs
[2025-12-15T19:11:37.765+0000] {logging_mixin.py:190} INFO - [2025-12-15T19:11:37.765+0000] {dag.py:4180} INFO - Setting next_dagrun for example_subdag_operator.section-1 to None, run_after=None
[2025-12-15T19:11:37.766+0000] {logging_mixin.py:190} INFO - [2025-12-15T19:11:37.766+0000] {dag.py:4180} INFO - Setting next_dagrun for example_subdag_operator.section-2 to None, run_after=None
[2025-12-15T19:11:37.781+0000] {processor.py:208} INFO - Processing /home/airflow/.local/lib/python3.12/site-packages/airflow/example_dags/example_subdag_operator.py took 0.125 seconds
[2025-12-15T19:12:07.886+0000] {processor.py:186} INFO - Started process (PID=7875) to work on /home/airflow/.local/lib/python3.12/site-packages/airflow/example_dags/example_subdag_operator.py
[2025-12-15T19:12:07.888+0000] {processor.py:914} INFO - Processing file /home/airflow/.local/lib/python3.12/site-packages/airflow/example_dags/example_subdag_operator.py for tasks to queue
[2025-12-15T19:12:07.890+0000] {logging_mixin.py:190} INFO - [2025-12-15T19:12:07.889+0000] {dagbag.py:588} INFO - Filling up the DagBag from /home/airflow/.local/lib/python3.12/site-packages/airflow/example_dags/example_subdag_operator.py
[2025-12-15T19:12:07.928+0000] {processor.py:925} INFO - DAG(s) 'example_subdag_operator.section-1', 'example_subdag_operator.section-2', 'example_subdag_operator' retrieved from /home/airflow/.local/lib/python3.12/site-packages/airflow/example_dags/example_subdag_operator.py
[2025-12-15T19:12:07.947+0000] {logging_mixin.py:190} INFO - [2025-12-15T19:12:07.947+0000] {dag.py:3239} INFO - Sync 3 DAGs
[2025-12-15T19:12:07.983+0000] {logging_mixin.py:190} INFO - [2025-12-15T19:12:07.983+0000] {dag.py:4180} INFO - Setting next_dagrun for example_subdag_operator to 2022-01-01 00:00:00+00:00, run_after=2022-01-01 00:00:00+00:00
[2025-12-15T19:12:07.988+0000] {logging_mixin.py:190} INFO - [2025-12-15T19:12:07.988+0000] {dag.py:4180} INFO - Setting next_dagrun for example_subdag_operator.section-1 to None, run_after=None
[2025-12-15T19:12:07.990+0000] {logging_mixin.py:190} INFO - [2025-12-15T19:12:07.990+0000] {dag.py:4180} INFO - Setting next_dagrun for example_subdag_operator.section-2 to None, run_after=None
[2025-12-15T19:12:08.002+0000] {logging_mixin.py:190} INFO - [2025-12-15T19:12:08.001+0000] {dag.py:3239} INFO - Sync 2 DAGs
[2025-12-15T19:12:08.008+0000] {logging_mixin.py:190} INFO - [2025-12-15T19:12:08.008+0000] {dag.py:4180} INFO - Setting next_dagrun for example_subdag_operator.section-1 to None, run_after=None
[2025-12-15T19:12:08.009+0000] {logging_mixin.py:190} INFO - [2025-12-15T19:12:08.009+0000] {dag.py:4180} INFO - Setting next_dagrun for example_subdag_operator.section-2 to None, run_after=None
[2025-12-15T19:12:08.041+0000] {processor.py:208} INFO - Processing /home/airflow/.local/lib/python3.12/site-packages/airflow/example_dags/example_subdag_operator.py took 0.163 seconds
[2025-12-15T19:12:38.167+0000] {processor.py:186} INFO - Started process (PID=8166) to work on /home/airflow/.local/lib/python3.12/site-packages/airflow/example_dags/example_subdag_operator.py
[2025-12-15T19:12:38.169+0000] {processor.py:914} INFO - Processing file /home/airflow/.local/lib/python3.12/site-packages/airflow/example_dags/example_subdag_operator.py for tasks to queue
[2025-12-15T19:12:38.172+0000] {logging_mixin.py:190} INFO - [2025-12-15T19:12:38.172+0000] {dagbag.py:588} INFO - Filling up the DagBag from /home/airflow/.local/lib/python3.12/site-packages/airflow/example_dags/example_subdag_operator.py
[2025-12-15T19:12:38.231+0000] {processor.py:925} INFO - DAG(s) 'example_subdag_operator.section-1', 'example_subdag_operator.section-2', 'example_subdag_operator' retrieved from /home/airflow/.local/lib/python3.12/site-packages/airflow/example_dags/example_subdag_operator.py
[2025-12-15T19:12:38.262+0000] {logging_mixin.py:190} INFO - [2025-12-15T19:12:38.261+0000] {dag.py:3239} INFO - Sync 3 DAGs
[2025-12-15T19:12:38.311+0000] {logging_mixin.py:190} INFO - [2025-12-15T19:12:38.311+0000] {dag.py:4180} INFO - Setting next_dagrun for example_subdag_operator to 2022-01-01 00:00:00+00:00, run_after=2022-01-01 00:00:00+00:00
[2025-12-15T19:12:38.318+0000] {logging_mixin.py:190} INFO - [2025-12-15T19:12:38.318+0000] {dag.py:4180} INFO - Setting next_dagrun for example_subdag_operator.section-1 to None, run_after=None
[2025-12-15T19:12:38.322+0000] {logging_mixin.py:190} INFO - [2025-12-15T19:12:38.321+0000] {dag.py:4180} INFO - Setting next_dagrun for example_subdag_operator.section-2 to None, run_after=None
[2025-12-15T19:12:38.335+0000] {logging_mixin.py:190} INFO - [2025-12-15T19:12:38.335+0000] {dag.py:3239} INFO - Sync 2 DAGs
[2025-12-15T19:12:38.345+0000] {logging_mixin.py:190} INFO - [2025-12-15T19:12:38.344+0000] {dag.py:4180} INFO - Setting next_dagrun for example_subdag_operator.section-1 to None, run_after=None
[2025-12-15T19:12:38.345+0000] {logging_mixin.py:190} INFO - [2025-12-15T19:12:38.345+0000] {dag.py:4180} INFO - Setting next_dagrun for example_subdag_operator.section-2 to None, run_after=None
[2025-12-15T19:12:38.370+0000] {processor.py:208} INFO - Processing /home/airflow/.local/lib/python3.12/site-packages/airflow/example_dags/example_subdag_operator.py took 0.213 seconds
[2025-12-15T19:13:08.988+0000] {processor.py:186} INFO - Started process (PID=8457) to work on /home/airflow/.local/lib/python3.12/site-packages/airflow/example_dags/example_subdag_operator.py
[2025-12-15T19:13:09.006+0000] {processor.py:914} INFO - Processing file /home/airflow/.local/lib/python3.12/site-packages/airflow/example_dags/example_subdag_operator.py for tasks to queue
[2025-12-15T19:13:09.007+0000] {logging_mixin.py:190} INFO - [2025-12-15T19:13:09.007+0000] {dagbag.py:588} INFO - Filling up the DagBag from /home/airflow/.local/lib/python3.12/site-packages/airflow/example_dags/example_subdag_operator.py
[2025-12-15T19:13:09.041+0000] {processor.py:925} INFO - DAG(s) 'example_subdag_operator.section-1', 'example_subdag_operator.section-2', 'example_subdag_operator' retrieved from /home/airflow/.local/lib/python3.12/site-packages/airflow/example_dags/example_subdag_operator.py
[2025-12-15T19:13:09.059+0000] {logging_mixin.py:190} INFO - [2025-12-15T19:13:09.059+0000] {dag.py:3239} INFO - Sync 3 DAGs
[2025-12-15T19:13:09.098+0000] {logging_mixin.py:190} INFO - [2025-12-15T19:13:09.098+0000] {dag.py:4180} INFO - Setting next_dagrun for example_subdag_operator to 2022-01-01 00:00:00+00:00, run_after=2022-01-01 00:00:00+00:00
[2025-12-15T19:13:09.102+0000] {logging_mixin.py:190} INFO - [2025-12-15T19:13:09.102+0000] {dag.py:4180} INFO - Setting next_dagrun for example_subdag_operator.section-1 to None, run_after=None
[2025-12-15T19:13:09.104+0000] {logging_mixin.py:190} INFO - [2025-12-15T19:13:09.104+0000] {dag.py:4180} INFO - Setting next_dagrun for example_subdag_operator.section-2 to None, run_after=None
[2025-12-15T19:13:09.115+0000] {logging_mixin.py:190} INFO - [2025-12-15T19:13:09.114+0000] {dag.py:3239} INFO - Sync 2 DAGs
[2025-12-15T19:13:09.121+0000] {logging_mixin.py:190} INFO - [2025-12-15T19:13:09.121+0000] {dag.py:4180} INFO - Setting next_dagrun for example_subdag_operator.section-1 to None, run_after=None
[2025-12-15T19:13:09.122+0000] {logging_mixin.py:190} INFO - [2025-12-15T19:13:09.122+0000] {dag.py:4180} INFO - Setting next_dagrun for example_subdag_operator.section-2 to None, run_after=None
[2025-12-15T19:13:09.138+0000] {processor.py:208} INFO - Processing /home/airflow/.local/lib/python3.12/site-packages/airflow/example_dags/example_subdag_operator.py took 0.158 seconds
[2025-12-15T19:13:39.898+0000] {processor.py:186} INFO - Started process (PID=8750) to work on /home/airflow/.local/lib/python3.12/site-packages/airflow/example_dags/example_subdag_operator.py
[2025-12-15T19:13:39.903+0000] {processor.py:914} INFO - Processing file /home/airflow/.local/lib/python3.12/site-packages/airflow/example_dags/example_subdag_operator.py for tasks to queue
[2025-12-15T19:13:39.909+0000] {logging_mixin.py:190} INFO - [2025-12-15T19:13:39.908+0000] {dagbag.py:588} INFO - Filling up the DagBag from /home/airflow/.local/lib/python3.12/site-packages/airflow/example_dags/example_subdag_operator.py
[2025-12-15T19:13:39.982+0000] {processor.py:925} INFO - DAG(s) 'example_subdag_operator.section-1', 'example_subdag_operator.section-2', 'example_subdag_operator' retrieved from /home/airflow/.local/lib/python3.12/site-packages/airflow/example_dags/example_subdag_operator.py
[2025-12-15T19:13:40.030+0000] {logging_mixin.py:190} INFO - [2025-12-15T19:13:40.029+0000] {dag.py:3239} INFO - Sync 3 DAGs
[2025-12-15T19:13:40.141+0000] {logging_mixin.py:190} INFO - [2025-12-15T19:13:40.140+0000] {dag.py:4180} INFO - Setting next_dagrun for example_subdag_operator to 2022-01-01 00:00:00+00:00, run_after=2022-01-01 00:00:00+00:00
[2025-12-15T19:13:40.155+0000] {logging_mixin.py:190} INFO - [2025-12-15T19:13:40.154+0000] {dag.py:4180} INFO - Setting next_dagrun for example_subdag_operator.section-1 to None, run_after=None
[2025-12-15T19:13:40.158+0000] {logging_mixin.py:190} INFO - [2025-12-15T19:13:40.158+0000] {dag.py:4180} INFO - Setting next_dagrun for example_subdag_operator.section-2 to None, run_after=None
[2025-12-15T19:13:40.189+0000] {logging_mixin.py:190} INFO - [2025-12-15T19:13:40.189+0000] {dag.py:3239} INFO - Sync 2 DAGs
[2025-12-15T19:13:40.213+0000] {logging_mixin.py:190} INFO - [2025-12-15T19:13:40.212+0000] {dag.py:4180} INFO - Setting next_dagrun for example_subdag_operator.section-1 to None, run_after=None
[2025-12-15T19:13:40.214+0000] {logging_mixin.py:190} INFO - [2025-12-15T19:13:40.213+0000] {dag.py:4180} INFO - Setting next_dagrun for example_subdag_operator.section-2 to None, run_after=None
[2025-12-15T19:13:40.251+0000] {processor.py:208} INFO - Processing /home/airflow/.local/lib/python3.12/site-packages/airflow/example_dags/example_subdag_operator.py took 0.383 seconds
[2025-12-15T19:14:11.035+0000] {processor.py:186} INFO - Started process (PID=9041) to work on /home/airflow/.local/lib/python3.12/site-packages/airflow/example_dags/example_subdag_operator.py
[2025-12-15T19:14:11.039+0000] {processor.py:914} INFO - Processing file /home/airflow/.local/lib/python3.12/site-packages/airflow/example_dags/example_subdag_operator.py for tasks to queue
[2025-12-15T19:14:11.050+0000] {logging_mixin.py:190} INFO - [2025-12-15T19:14:11.049+0000] {dagbag.py:588} INFO - Filling up the DagBag from /home/airflow/.local/lib/python3.12/site-packages/airflow/example_dags/example_subdag_operator.py
[2025-12-15T19:14:11.212+0000] {processor.py:925} INFO - DAG(s) 'example_subdag_operator.section-1', 'example_subdag_operator.section-2', 'example_subdag_operator' retrieved from /home/airflow/.local/lib/python3.12/site-packages/airflow/example_dags/example_subdag_operator.py
[2025-12-15T19:14:11.310+0000] {logging_mixin.py:190} INFO - [2025-12-15T19:14:11.310+0000] {dag.py:3239} INFO - Sync 3 DAGs
[2025-12-15T19:14:11.489+0000] {logging_mixin.py:190} INFO - [2025-12-15T19:14:11.488+0000] {dag.py:4180} INFO - Setting next_dagrun for example_subdag_operator to 2022-01-01 00:00:00+00:00, run_after=2022-01-01 00:00:00+00:00
[2025-12-15T19:14:11.510+0000] {logging_mixin.py:190} INFO - [2025-12-15T19:14:11.510+0000] {dag.py:4180} INFO - Setting next_dagrun for example_subdag_operator.section-1 to None, run_after=None
[2025-12-15T19:14:11.516+0000] {logging_mixin.py:190} INFO - [2025-12-15T19:14:11.515+0000] {dag.py:4180} INFO - Setting next_dagrun for example_subdag_operator.section-2 to None, run_after=None
[2025-12-15T19:14:11.561+0000] {logging_mixin.py:190} INFO - [2025-12-15T19:14:11.559+0000] {dag.py:3239} INFO - Sync 2 DAGs
[2025-12-15T19:14:11.586+0000] {logging_mixin.py:190} INFO - [2025-12-15T19:14:11.585+0000] {dag.py:4180} INFO - Setting next_dagrun for example_subdag_operator.section-1 to None, run_after=None
[2025-12-15T19:14:11.587+0000] {logging_mixin.py:190} INFO - [2025-12-15T19:14:11.587+0000] {dag.py:4180} INFO - Setting next_dagrun for example_subdag_operator.section-2 to None, run_after=None
[2025-12-15T19:14:11.660+0000] {processor.py:208} INFO - Processing /home/airflow/.local/lib/python3.12/site-packages/airflow/example_dags/example_subdag_operator.py took 0.662 seconds
[2025-12-15T19:14:42.373+0000] {processor.py:186} INFO - Started process (PID=9332) to work on /home/airflow/.local/lib/python3.12/site-packages/airflow/example_dags/example_subdag_operator.py
[2025-12-15T19:14:42.376+0000] {processor.py:914} INFO - Processing file /home/airflow/.local/lib/python3.12/site-packages/airflow/example_dags/example_subdag_operator.py for tasks to queue
[2025-12-15T19:14:42.380+0000] {logging_mixin.py:190} INFO - [2025-12-15T19:14:42.378+0000] {dagbag.py:588} INFO - Filling up the DagBag from /home/airflow/.local/lib/python3.12/site-packages/airflow/example_dags/example_subdag_operator.py
[2025-12-15T19:14:42.466+0000] {processor.py:925} INFO - DAG(s) 'example_subdag_operator.section-1', 'example_subdag_operator.section-2', 'example_subdag_operator' retrieved from /home/airflow/.local/lib/python3.12/site-packages/airflow/example_dags/example_subdag_operator.py
[2025-12-15T19:14:42.509+0000] {logging_mixin.py:190} INFO - [2025-12-15T19:14:42.508+0000] {dag.py:3239} INFO - Sync 3 DAGs
[2025-12-15T19:14:42.586+0000] {logging_mixin.py:190} INFO - [2025-12-15T19:14:42.586+0000] {dag.py:4180} INFO - Setting next_dagrun for example_subdag_operator to 2022-01-01 00:00:00+00:00, run_after=2022-01-01 00:00:00+00:00
[2025-12-15T19:14:42.593+0000] {logging_mixin.py:190} INFO - [2025-12-15T19:14:42.593+0000] {dag.py:4180} INFO - Setting next_dagrun for example_subdag_operator.section-1 to None, run_after=None
[2025-12-15T19:14:42.596+0000] {logging_mixin.py:190} INFO - [2025-12-15T19:14:42.596+0000] {dag.py:4180} INFO - Setting next_dagrun for example_subdag_operator.section-2 to None, run_after=None
[2025-12-15T19:14:42.616+0000] {logging_mixin.py:190} INFO - [2025-12-15T19:14:42.612+0000] {dag.py:3239} INFO - Sync 2 DAGs
[2025-12-15T19:14:42.631+0000] {logging_mixin.py:190} INFO - [2025-12-15T19:14:42.631+0000] {dag.py:4180} INFO - Setting next_dagrun for example_subdag_operator.section-1 to None, run_after=None
[2025-12-15T19:14:42.632+0000] {logging_mixin.py:190} INFO - [2025-12-15T19:14:42.632+0000] {dag.py:4180} INFO - Setting next_dagrun for example_subdag_operator.section-2 to None, run_after=None
[2025-12-15T19:14:42.663+0000] {processor.py:208} INFO - Processing /home/airflow/.local/lib/python3.12/site-packages/airflow/example_dags/example_subdag_operator.py took 0.310 seconds
[2025-12-15T19:15:13.133+0000] {processor.py:186} INFO - Started process (PID=9623) to work on /home/airflow/.local/lib/python3.12/site-packages/airflow/example_dags/example_subdag_operator.py
[2025-12-15T19:15:13.135+0000] {processor.py:914} INFO - Processing file /home/airflow/.local/lib/python3.12/site-packages/airflow/example_dags/example_subdag_operator.py for tasks to queue
[2025-12-15T19:15:13.139+0000] {logging_mixin.py:190} INFO - [2025-12-15T19:15:13.138+0000] {dagbag.py:588} INFO - Filling up the DagBag from /home/airflow/.local/lib/python3.12/site-packages/airflow/example_dags/example_subdag_operator.py
[2025-12-15T19:15:13.180+0000] {processor.py:925} INFO - DAG(s) 'example_subdag_operator.section-1', 'example_subdag_operator.section-2', 'example_subdag_operator' retrieved from /home/airflow/.local/lib/python3.12/site-packages/airflow/example_dags/example_subdag_operator.py
[2025-12-15T19:15:13.205+0000] {logging_mixin.py:190} INFO - [2025-12-15T19:15:13.205+0000] {dag.py:3239} INFO - Sync 3 DAGs
[2025-12-15T19:15:13.242+0000] {logging_mixin.py:190} INFO - [2025-12-15T19:15:13.242+0000] {dag.py:4180} INFO - Setting next_dagrun for example_subdag_operator to 2022-01-01 00:00:00+00:00, run_after=2022-01-01 00:00:00+00:00
[2025-12-15T19:15:13.248+0000] {logging_mixin.py:190} INFO - [2025-12-15T19:15:13.248+0000] {dag.py:4180} INFO - Setting next_dagrun for example_subdag_operator.section-1 to None, run_after=None
[2025-12-15T19:15:13.250+0000] {logging_mixin.py:190} INFO - [2025-12-15T19:15:13.249+0000] {dag.py:4180} INFO - Setting next_dagrun for example_subdag_operator.section-2 to None, run_after=None
[2025-12-15T19:15:13.263+0000] {logging_mixin.py:190} INFO - [2025-12-15T19:15:13.263+0000] {dag.py:3239} INFO - Sync 2 DAGs
[2025-12-15T19:15:13.271+0000] {logging_mixin.py:190} INFO - [2025-12-15T19:15:13.271+0000] {dag.py:4180} INFO - Setting next_dagrun for example_subdag_operator.section-1 to None, run_after=None
[2025-12-15T19:15:13.272+0000] {logging_mixin.py:190} INFO - [2025-12-15T19:15:13.272+0000] {dag.py:4180} INFO - Setting next_dagrun for example_subdag_operator.section-2 to None, run_after=None
[2025-12-15T19:15:13.295+0000] {processor.py:208} INFO - Processing /home/airflow/.local/lib/python3.12/site-packages/airflow/example_dags/example_subdag_operator.py took 0.172 seconds
[2025-12-15T19:15:43.551+0000] {processor.py:186} INFO - Started process (PID=9912) to work on /home/airflow/.local/lib/python3.12/site-packages/airflow/example_dags/example_subdag_operator.py
[2025-12-15T19:15:43.579+0000] {processor.py:914} INFO - Processing file /home/airflow/.local/lib/python3.12/site-packages/airflow/example_dags/example_subdag_operator.py for tasks to queue
[2025-12-15T19:15:43.581+0000] {logging_mixin.py:190} INFO - [2025-12-15T19:15:43.580+0000] {dagbag.py:588} INFO - Filling up the DagBag from /home/airflow/.local/lib/python3.12/site-packages/airflow/example_dags/example_subdag_operator.py
[2025-12-15T19:15:43.742+0000] {processor.py:925} INFO - DAG(s) 'example_subdag_operator.section-1', 'example_subdag_operator.section-2', 'example_subdag_operator' retrieved from /home/airflow/.local/lib/python3.12/site-packages/airflow/example_dags/example_subdag_operator.py
[2025-12-15T19:15:43.885+0000] {logging_mixin.py:190} INFO - [2025-12-15T19:15:43.876+0000] {dag.py:3239} INFO - Sync 3 DAGs
[2025-12-15T19:15:44.092+0000] {logging_mixin.py:190} INFO - [2025-12-15T19:15:44.092+0000] {dag.py:4180} INFO - Setting next_dagrun for example_subdag_operator to 2022-01-01 00:00:00+00:00, run_after=2022-01-01 00:00:00+00:00
[2025-12-15T19:15:44.112+0000] {logging_mixin.py:190} INFO - [2025-12-15T19:15:44.111+0000] {dag.py:4180} INFO - Setting next_dagrun for example_subdag_operator.section-1 to None, run_after=None
[2025-12-15T19:15:44.125+0000] {logging_mixin.py:190} INFO - [2025-12-15T19:15:44.124+0000] {dag.py:4180} INFO - Setting next_dagrun for example_subdag_operator.section-2 to None, run_after=None
[2025-12-15T19:15:44.197+0000] {logging_mixin.py:190} INFO - [2025-12-15T19:15:44.188+0000] {dag.py:3239} INFO - Sync 2 DAGs
[2025-12-15T19:15:44.228+0000] {logging_mixin.py:190} INFO - [2025-12-15T19:15:44.227+0000] {dag.py:4180} INFO - Setting next_dagrun for example_subdag_operator.section-1 to None, run_after=None
[2025-12-15T19:15:44.229+0000] {logging_mixin.py:190} INFO - [2025-12-15T19:15:44.229+0000] {dag.py:4180} INFO - Setting next_dagrun for example_subdag_operator.section-2 to None, run_after=None
[2025-12-15T19:15:44.314+0000] {processor.py:208} INFO - Processing /home/airflow/.local/lib/python3.12/site-packages/airflow/example_dags/example_subdag_operator.py took 0.780 seconds
[2025-12-15T19:16:15.610+0000] {processor.py:186} INFO - Started process (PID=10183) to work on /home/airflow/.local/lib/python3.12/site-packages/airflow/example_dags/example_subdag_operator.py
[2025-12-15T19:16:15.629+0000] {processor.py:914} INFO - Processing file /home/airflow/.local/lib/python3.12/site-packages/airflow/example_dags/example_subdag_operator.py for tasks to queue
[2025-12-15T19:16:15.631+0000] {logging_mixin.py:190} INFO - [2025-12-15T19:16:15.630+0000] {dagbag.py:588} INFO - Filling up the DagBag from /home/airflow/.local/lib/python3.12/site-packages/airflow/example_dags/example_subdag_operator.py
[2025-12-15T19:16:15.679+0000] {processor.py:925} INFO - DAG(s) 'example_subdag_operator.section-1', 'example_subdag_operator.section-2', 'example_subdag_operator' retrieved from /home/airflow/.local/lib/python3.12/site-packages/airflow/example_dags/example_subdag_operator.py
[2025-12-15T19:16:15.710+0000] {logging_mixin.py:190} INFO - [2025-12-15T19:16:15.710+0000] {dag.py:3239} INFO - Sync 3 DAGs
[2025-12-15T19:16:15.753+0000] {logging_mixin.py:190} INFO - [2025-12-15T19:16:15.753+0000] {dag.py:4180} INFO - Setting next_dagrun for example_subdag_operator to 2022-01-01 00:00:00+00:00, run_after=2022-01-01 00:00:00+00:00
[2025-12-15T19:16:15.761+0000] {logging_mixin.py:190} INFO - [2025-12-15T19:16:15.760+0000] {dag.py:4180} INFO - Setting next_dagrun for example_subdag_operator.section-1 to None, run_after=None
[2025-12-15T19:16:15.762+0000] {logging_mixin.py:190} INFO - [2025-12-15T19:16:15.762+0000] {dag.py:4180} INFO - Setting next_dagrun for example_subdag_operator.section-2 to None, run_after=None
[2025-12-15T19:16:15.775+0000] {logging_mixin.py:190} INFO - [2025-12-15T19:16:15.775+0000] {dag.py:3239} INFO - Sync 2 DAGs
[2025-12-15T19:16:15.783+0000] {logging_mixin.py:190} INFO - [2025-12-15T19:16:15.782+0000] {dag.py:4180} INFO - Setting next_dagrun for example_subdag_operator.section-1 to None, run_after=None
[2025-12-15T19:16:15.783+0000] {logging_mixin.py:190} INFO - [2025-12-15T19:16:15.783+0000] {dag.py:4180} INFO - Setting next_dagrun for example_subdag_operator.section-2 to None, run_after=None
[2025-12-15T19:16:15.803+0000] {processor.py:208} INFO - Processing /home/airflow/.local/lib/python3.12/site-packages/airflow/example_dags/example_subdag_operator.py took 0.205 seconds
[2025-12-15T19:16:50.080+0000] {processor.py:186} INFO - Started process (PID=10464) to work on /home/airflow/.local/lib/python3.12/site-packages/airflow/example_dags/example_subdag_operator.py
[2025-12-15T19:16:50.349+0000] {processor.py:914} INFO - Processing file /home/airflow/.local/lib/python3.12/site-packages/airflow/example_dags/example_subdag_operator.py for tasks to queue
[2025-12-15T19:16:50.353+0000] {logging_mixin.py:190} INFO - [2025-12-15T19:16:50.352+0000] {dagbag.py:588} INFO - Filling up the DagBag from /home/airflow/.local/lib/python3.12/site-packages/airflow/example_dags/example_subdag_operator.py
[2025-12-15T19:16:50.459+0000] {processor.py:925} INFO - DAG(s) 'example_subdag_operator.section-1', 'example_subdag_operator.section-2', 'example_subdag_operator' retrieved from /home/airflow/.local/lib/python3.12/site-packages/airflow/example_dags/example_subdag_operator.py
[2025-12-15T19:16:50.497+0000] {logging_mixin.py:190} INFO - [2025-12-15T19:16:50.497+0000] {dag.py:3239} INFO - Sync 3 DAGs
[2025-12-15T19:16:50.567+0000] {logging_mixin.py:190} INFO - [2025-12-15T19:16:50.567+0000] {dag.py:4180} INFO - Setting next_dagrun for example_subdag_operator to 2022-01-01 00:00:00+00:00, run_after=2022-01-01 00:00:00+00:00
[2025-12-15T19:16:50.583+0000] {logging_mixin.py:190} INFO - [2025-12-15T19:16:50.583+0000] {dag.py:4180} INFO - Setting next_dagrun for example_subdag_operator.section-1 to None, run_after=None
[2025-12-15T19:16:50.586+0000] {logging_mixin.py:190} INFO - [2025-12-15T19:16:50.586+0000] {dag.py:4180} INFO - Setting next_dagrun for example_subdag_operator.section-2 to None, run_after=None
[2025-12-15T19:16:50.612+0000] {logging_mixin.py:190} INFO - [2025-12-15T19:16:50.610+0000] {dag.py:3239} INFO - Sync 2 DAGs
[2025-12-15T19:16:50.626+0000] {logging_mixin.py:190} INFO - [2025-12-15T19:16:50.626+0000] {dag.py:4180} INFO - Setting next_dagrun for example_subdag_operator.section-1 to None, run_after=None
[2025-12-15T19:16:50.628+0000] {logging_mixin.py:190} INFO - [2025-12-15T19:16:50.627+0000] {dag.py:4180} INFO - Setting next_dagrun for example_subdag_operator.section-2 to None, run_after=None
[2025-12-15T19:16:50.674+0000] {processor.py:208} INFO - Processing /home/airflow/.local/lib/python3.12/site-packages/airflow/example_dags/example_subdag_operator.py took 0.642 seconds
[2025-12-15T19:17:24.926+0000] {processor.py:186} INFO - Started process (PID=10700) to work on /home/airflow/.local/lib/python3.12/site-packages/airflow/example_dags/example_subdag_operator.py
[2025-12-15T19:17:24.932+0000] {processor.py:914} INFO - Processing file /home/airflow/.local/lib/python3.12/site-packages/airflow/example_dags/example_subdag_operator.py for tasks to queue
[2025-12-15T19:17:24.935+0000] {logging_mixin.py:190} INFO - [2025-12-15T19:17:24.934+0000] {dagbag.py:588} INFO - Filling up the DagBag from /home/airflow/.local/lib/python3.12/site-packages/airflow/example_dags/example_subdag_operator.py
[2025-12-15T19:17:25.003+0000] {processor.py:925} INFO - DAG(s) 'example_subdag_operator.section-1', 'example_subdag_operator.section-2', 'example_subdag_operator' retrieved from /home/airflow/.local/lib/python3.12/site-packages/airflow/example_dags/example_subdag_operator.py
[2025-12-15T19:17:25.063+0000] {logging_mixin.py:190} INFO - [2025-12-15T19:17:25.062+0000] {dag.py:3239} INFO - Sync 3 DAGs
[2025-12-15T19:17:25.147+0000] {logging_mixin.py:190} INFO - [2025-12-15T19:17:25.146+0000] {dag.py:4180} INFO - Setting next_dagrun for example_subdag_operator to 2022-01-01 00:00:00+00:00, run_after=2022-01-01 00:00:00+00:00
[2025-12-15T19:17:25.156+0000] {logging_mixin.py:190} INFO - [2025-12-15T19:17:25.155+0000] {dag.py:4180} INFO - Setting next_dagrun for example_subdag_operator.section-1 to None, run_after=None
[2025-12-15T19:17:25.167+0000] {logging_mixin.py:190} INFO - [2025-12-15T19:17:25.166+0000] {dag.py:4180} INFO - Setting next_dagrun for example_subdag_operator.section-2 to None, run_after=None
[2025-12-15T19:17:25.204+0000] {logging_mixin.py:190} INFO - [2025-12-15T19:17:25.197+0000] {dag.py:3239} INFO - Sync 2 DAGs
[2025-12-15T19:17:25.234+0000] {logging_mixin.py:190} INFO - [2025-12-15T19:17:25.233+0000] {dag.py:4180} INFO - Setting next_dagrun for example_subdag_operator.section-1 to None, run_after=None
[2025-12-15T19:17:25.235+0000] {logging_mixin.py:190} INFO - [2025-12-15T19:17:25.235+0000] {dag.py:4180} INFO - Setting next_dagrun for example_subdag_operator.section-2 to None, run_after=None
[2025-12-15T19:17:25.306+0000] {processor.py:208} INFO - Processing /home/airflow/.local/lib/python3.12/site-packages/airflow/example_dags/example_subdag_operator.py took 0.383 seconds
[2025-12-15T19:17:56.570+0000] {processor.py:186} INFO - Started process (PID=11000) to work on /home/airflow/.local/lib/python3.12/site-packages/airflow/example_dags/example_subdag_operator.py
[2025-12-15T19:17:56.572+0000] {processor.py:914} INFO - Processing file /home/airflow/.local/lib/python3.12/site-packages/airflow/example_dags/example_subdag_operator.py for tasks to queue
[2025-12-15T19:17:56.580+0000] {logging_mixin.py:190} INFO - [2025-12-15T19:17:56.579+0000] {dagbag.py:588} INFO - Filling up the DagBag from /home/airflow/.local/lib/python3.12/site-packages/airflow/example_dags/example_subdag_operator.py
[2025-12-15T19:17:56.640+0000] {processor.py:925} INFO - DAG(s) 'example_subdag_operator.section-1', 'example_subdag_operator.section-2', 'example_subdag_operator' retrieved from /home/airflow/.local/lib/python3.12/site-packages/airflow/example_dags/example_subdag_operator.py
[2025-12-15T19:17:56.673+0000] {logging_mixin.py:190} INFO - [2025-12-15T19:17:56.672+0000] {dag.py:3239} INFO - Sync 3 DAGs
[2025-12-15T19:17:56.728+0000] {logging_mixin.py:190} INFO - [2025-12-15T19:17:56.726+0000] {dag.py:4180} INFO - Setting next_dagrun for example_subdag_operator to 2022-01-01 00:00:00+00:00, run_after=2022-01-01 00:00:00+00:00
[2025-12-15T19:17:56.738+0000] {logging_mixin.py:190} INFO - [2025-12-15T19:17:56.738+0000] {dag.py:4180} INFO - Setting next_dagrun for example_subdag_operator.section-1 to None, run_after=None
[2025-12-15T19:17:56.741+0000] {logging_mixin.py:190} INFO - [2025-12-15T19:17:56.741+0000] {dag.py:4180} INFO - Setting next_dagrun for example_subdag_operator.section-2 to None, run_after=None
[2025-12-15T19:17:56.766+0000] {logging_mixin.py:190} INFO - [2025-12-15T19:17:56.765+0000] {dag.py:3239} INFO - Sync 2 DAGs
[2025-12-15T19:17:56.781+0000] {logging_mixin.py:190} INFO - [2025-12-15T19:17:56.781+0000] {dag.py:4180} INFO - Setting next_dagrun for example_subdag_operator.section-1 to None, run_after=None
[2025-12-15T19:17:56.782+0000] {logging_mixin.py:190} INFO - [2025-12-15T19:17:56.781+0000] {dag.py:4180} INFO - Setting next_dagrun for example_subdag_operator.section-2 to None, run_after=None
[2025-12-15T19:17:56.829+0000] {processor.py:208} INFO - Processing /home/airflow/.local/lib/python3.12/site-packages/airflow/example_dags/example_subdag_operator.py took 0.290 seconds
[2025-12-15T19:18:29.035+0000] {processor.py:186} INFO - Started process (PID=11291) to work on /home/airflow/.local/lib/python3.12/site-packages/airflow/example_dags/example_subdag_operator.py
[2025-12-15T19:18:29.053+0000] {processor.py:914} INFO - Processing file /home/airflow/.local/lib/python3.12/site-packages/airflow/example_dags/example_subdag_operator.py for tasks to queue
[2025-12-15T19:18:29.056+0000] {logging_mixin.py:190} INFO - [2025-12-15T19:18:29.055+0000] {dagbag.py:588} INFO - Filling up the DagBag from /home/airflow/.local/lib/python3.12/site-packages/airflow/example_dags/example_subdag_operator.py
[2025-12-15T19:18:29.137+0000] {processor.py:925} INFO - DAG(s) 'example_subdag_operator.section-1', 'example_subdag_operator.section-2', 'example_subdag_operator' retrieved from /home/airflow/.local/lib/python3.12/site-packages/airflow/example_dags/example_subdag_operator.py
[2025-12-15T19:18:29.181+0000] {logging_mixin.py:190} INFO - [2025-12-15T19:18:29.177+0000] {dag.py:3239} INFO - Sync 3 DAGs
[2025-12-15T19:18:29.258+0000] {logging_mixin.py:190} INFO - [2025-12-15T19:18:29.258+0000] {dag.py:4180} INFO - Setting next_dagrun for example_subdag_operator to 2022-01-01 00:00:00+00:00, run_after=2022-01-01 00:00:00+00:00
[2025-12-15T19:18:29.265+0000] {logging_mixin.py:190} INFO - [2025-12-15T19:18:29.265+0000] {dag.py:4180} INFO - Setting next_dagrun for example_subdag_operator.section-1 to None, run_after=None
[2025-12-15T19:18:29.267+0000] {logging_mixin.py:190} INFO - [2025-12-15T19:18:29.267+0000] {dag.py:4180} INFO - Setting next_dagrun for example_subdag_operator.section-2 to None, run_after=None
[2025-12-15T19:18:29.287+0000] {logging_mixin.py:190} INFO - [2025-12-15T19:18:29.286+0000] {dag.py:3239} INFO - Sync 2 DAGs
[2025-12-15T19:18:29.299+0000] {logging_mixin.py:190} INFO - [2025-12-15T19:18:29.298+0000] {dag.py:4180} INFO - Setting next_dagrun for example_subdag_operator.section-1 to None, run_after=None
[2025-12-15T19:18:29.299+0000] {logging_mixin.py:190} INFO - [2025-12-15T19:18:29.299+0000] {dag.py:4180} INFO - Setting next_dagrun for example_subdag_operator.section-2 to None, run_after=None
[2025-12-15T19:18:29.328+0000] {processor.py:208} INFO - Processing /home/airflow/.local/lib/python3.12/site-packages/airflow/example_dags/example_subdag_operator.py took 0.312 seconds
[2025-12-15T19:17:17.543+0000] {processor.py:186} INFO - Started process (PID=11585) to work on /home/airflow/.local/lib/python3.12/site-packages/airflow/example_dags/example_subdag_operator.py
[2025-12-15T19:17:17.548+0000] {processor.py:914} INFO - Processing file /home/airflow/.local/lib/python3.12/site-packages/airflow/example_dags/example_subdag_operator.py for tasks to queue
[2025-12-15T19:17:17.556+0000] {logging_mixin.py:190} INFO - [2025-12-15T19:17:17.554+0000] {dagbag.py:588} INFO - Filling up the DagBag from /home/airflow/.local/lib/python3.12/site-packages/airflow/example_dags/example_subdag_operator.py
[2025-12-15T19:17:17.632+0000] {processor.py:925} INFO - DAG(s) 'example_subdag_operator.section-1', 'example_subdag_operator.section-2', 'example_subdag_operator' retrieved from /home/airflow/.local/lib/python3.12/site-packages/airflow/example_dags/example_subdag_operator.py
[2025-12-15T19:19:03.856+0000] {logging_mixin.py:190} INFO - [2025-12-15T19:19:03.855+0000] {dag.py:3239} INFO - Sync 3 DAGs
