[2025-12-15T18:55:36.301+0000] {processor.py:186} INFO - Started process (PID=274) to work on /home/airflow/.local/lib/python3.12/site-packages/airflow/example_dags/example_python_decorator.py
[2025-12-15T18:55:36.308+0000] {processor.py:914} INFO - Processing file /home/airflow/.local/lib/python3.12/site-packages/airflow/example_dags/example_python_decorator.py for tasks to queue
[2025-12-15T18:55:36.316+0000] {logging_mixin.py:190} INFO - [2025-12-15T18:55:36.314+0000] {dagbag.py:588} INFO - Filling up the DagBag from /home/airflow/.local/lib/python3.12/site-packages/airflow/example_dags/example_python_decorator.py
[2025-12-15T18:55:36.461+0000] {processor.py:925} INFO - DAG(s) 'example_python_decorator' retrieved from /home/airflow/.local/lib/python3.12/site-packages/airflow/example_dags/example_python_decorator.py
[2025-12-15T18:55:37.110+0000] {logging_mixin.py:190} INFO - [2025-12-15T18:55:37.108+0000] {override.py:1911} INFO - Created Permission View: can read on DAG:example_python_decorator
[2025-12-15T18:55:37.293+0000] {logging_mixin.py:190} INFO - [2025-12-15T18:55:37.292+0000] {override.py:1911} INFO - Created Permission View: can edit on DAG:example_python_decorator
[2025-12-15T18:55:37.536+0000] {logging_mixin.py:190} INFO - [2025-12-15T18:55:37.535+0000] {override.py:1911} INFO - Created Permission View: can delete on DAG:example_python_decorator
[2025-12-15T18:55:37.664+0000] {logging_mixin.py:190} INFO - [2025-12-15T18:55:37.663+0000] {override.py:1911} INFO - Created Permission View: can read on DAG Run:example_python_decorator
[2025-12-15T18:55:37.750+0000] {logging_mixin.py:190} INFO - [2025-12-15T18:55:37.749+0000] {override.py:1911} INFO - Created Permission View: menu access on DAG Run:example_python_decorator
[2025-12-15T18:55:37.916+0000] {logging_mixin.py:190} INFO - [2025-12-15T18:55:37.914+0000] {override.py:1911} INFO - Created Permission View: can create on DAG Run:example_python_decorator
[2025-12-15T18:55:38.314+0000] {logging_mixin.py:190} INFO - [2025-12-15T18:55:38.312+0000] {override.py:1911} INFO - Created Permission View: can delete on DAG Run:example_python_decorator
[2025-12-15T18:55:38.359+0000] {logging_mixin.py:190} INFO - [2025-12-15T18:55:38.358+0000] {dag.py:3239} INFO - Sync 1 DAGs
[2025-12-15T18:55:38.869+0000] {logging_mixin.py:190} INFO - [2025-12-15T18:55:38.868+0000] {dag.py:3262} INFO - Creating ORM DAG for example_python_decorator
[2025-12-15T18:55:38.871+0000] {logging_mixin.py:190} INFO - [2025-12-15T18:55:38.870+0000] {dag.py:4180} INFO - Setting next_dagrun for example_python_decorator to None, run_after=None
[2025-12-15T18:55:39.103+0000] {processor.py:208} INFO - Processing /home/airflow/.local/lib/python3.12/site-packages/airflow/example_dags/example_python_decorator.py took 2.828 seconds
[2025-12-15T18:56:45.711+0000] {processor.py:186} INFO - Started process (PID=569) to work on /home/airflow/.local/lib/python3.12/site-packages/airflow/example_dags/example_python_decorator.py
[2025-12-15T18:56:45.724+0000] {processor.py:914} INFO - Processing file /home/airflow/.local/lib/python3.12/site-packages/airflow/example_dags/example_python_decorator.py for tasks to queue
[2025-12-15T18:56:45.732+0000] {logging_mixin.py:190} INFO - [2025-12-15T18:56:45.731+0000] {dagbag.py:588} INFO - Filling up the DagBag from /home/airflow/.local/lib/python3.12/site-packages/airflow/example_dags/example_python_decorator.py
[2025-12-15T18:56:45.810+0000] {processor.py:925} INFO - DAG(s) 'example_python_decorator' retrieved from /home/airflow/.local/lib/python3.12/site-packages/airflow/example_dags/example_python_decorator.py
[2025-12-15T18:56:45.913+0000] {logging_mixin.py:190} INFO - [2025-12-15T18:56:45.913+0000] {dag.py:3239} INFO - Sync 1 DAGs
[2025-12-15T18:56:45.960+0000] {logging_mixin.py:190} INFO - [2025-12-15T18:56:45.959+0000] {dag.py:4180} INFO - Setting next_dagrun for example_python_decorator to None, run_after=None
[2025-12-15T18:56:46.038+0000] {processor.py:208} INFO - Processing /home/airflow/.local/lib/python3.12/site-packages/airflow/example_dags/example_python_decorator.py took 0.353 seconds
[2025-12-15T18:57:16.994+0000] {processor.py:186} INFO - Started process (PID=872) to work on /home/airflow/.local/lib/python3.12/site-packages/airflow/example_dags/example_python_decorator.py
[2025-12-15T18:57:16.998+0000] {processor.py:914} INFO - Processing file /home/airflow/.local/lib/python3.12/site-packages/airflow/example_dags/example_python_decorator.py for tasks to queue
[2025-12-15T18:57:17.003+0000] {logging_mixin.py:190} INFO - [2025-12-15T18:57:17.002+0000] {dagbag.py:588} INFO - Filling up the DagBag from /home/airflow/.local/lib/python3.12/site-packages/airflow/example_dags/example_python_decorator.py
[2025-12-15T18:57:17.034+0000] {processor.py:925} INFO - DAG(s) 'example_python_decorator' retrieved from /home/airflow/.local/lib/python3.12/site-packages/airflow/example_dags/example_python_decorator.py
[2025-12-15T18:57:17.078+0000] {logging_mixin.py:190} INFO - [2025-12-15T18:57:17.077+0000] {dag.py:3239} INFO - Sync 1 DAGs
[2025-12-15T18:57:17.105+0000] {logging_mixin.py:190} INFO - [2025-12-15T18:57:17.104+0000] {dag.py:4180} INFO - Setting next_dagrun for example_python_decorator to None, run_after=None
[2025-12-15T18:57:17.280+0000] {processor.py:208} INFO - Processing /home/airflow/.local/lib/python3.12/site-packages/airflow/example_dags/example_python_decorator.py took 0.306 seconds
[2025-12-15T18:57:51.223+0000] {processor.py:186} INFO - Started process (PID=1134) to work on /home/airflow/.local/lib/python3.12/site-packages/airflow/example_dags/example_python_decorator.py
[2025-12-15T18:57:51.225+0000] {processor.py:914} INFO - Processing file /home/airflow/.local/lib/python3.12/site-packages/airflow/example_dags/example_python_decorator.py for tasks to queue
[2025-12-15T18:57:51.230+0000] {logging_mixin.py:190} INFO - [2025-12-15T18:57:51.230+0000] {dagbag.py:588} INFO - Filling up the DagBag from /home/airflow/.local/lib/python3.12/site-packages/airflow/example_dags/example_python_decorator.py
[2025-12-15T18:57:51.261+0000] {processor.py:925} INFO - DAG(s) 'example_python_decorator' retrieved from /home/airflow/.local/lib/python3.12/site-packages/airflow/example_dags/example_python_decorator.py
[2025-12-15T18:57:51.436+0000] {logging_mixin.py:190} INFO - [2025-12-15T18:57:51.435+0000] {dag.py:3239} INFO - Sync 1 DAGs
[2025-12-15T18:57:51.710+0000] {logging_mixin.py:190} INFO - [2025-12-15T18:57:51.708+0000] {dag.py:4180} INFO - Setting next_dagrun for example_python_decorator to None, run_after=None
[2025-12-15T18:57:52.066+0000] {processor.py:208} INFO - Processing /home/airflow/.local/lib/python3.12/site-packages/airflow/example_dags/example_python_decorator.py took 0.862 seconds
[2025-12-15T18:58:25.174+0000] {processor.py:186} INFO - Started process (PID=1431) to work on /home/airflow/.local/lib/python3.12/site-packages/airflow/example_dags/example_python_decorator.py
[2025-12-15T18:58:25.178+0000] {processor.py:914} INFO - Processing file /home/airflow/.local/lib/python3.12/site-packages/airflow/example_dags/example_python_decorator.py for tasks to queue
[2025-12-15T18:58:25.185+0000] {logging_mixin.py:190} INFO - [2025-12-15T18:58:25.184+0000] {dagbag.py:588} INFO - Filling up the DagBag from /home/airflow/.local/lib/python3.12/site-packages/airflow/example_dags/example_python_decorator.py
[2025-12-15T18:58:25.234+0000] {processor.py:925} INFO - DAG(s) 'example_python_decorator' retrieved from /home/airflow/.local/lib/python3.12/site-packages/airflow/example_dags/example_python_decorator.py
[2025-12-15T18:58:25.384+0000] {logging_mixin.py:190} INFO - [2025-12-15T18:58:25.383+0000] {dag.py:3239} INFO - Sync 1 DAGs
[2025-12-15T18:58:25.478+0000] {logging_mixin.py:190} INFO - [2025-12-15T18:58:25.477+0000] {dag.py:4180} INFO - Setting next_dagrun for example_python_decorator to None, run_after=None
[2025-12-15T18:58:25.626+0000] {processor.py:208} INFO - Processing /home/airflow/.local/lib/python3.12/site-packages/airflow/example_dags/example_python_decorator.py took 0.469 seconds
[2025-12-15T18:58:56.492+0000] {processor.py:186} INFO - Started process (PID=1722) to work on /home/airflow/.local/lib/python3.12/site-packages/airflow/example_dags/example_python_decorator.py
[2025-12-15T18:58:56.496+0000] {processor.py:914} INFO - Processing file /home/airflow/.local/lib/python3.12/site-packages/airflow/example_dags/example_python_decorator.py for tasks to queue
[2025-12-15T18:58:56.504+0000] {logging_mixin.py:190} INFO - [2025-12-15T18:58:56.503+0000] {dagbag.py:588} INFO - Filling up the DagBag from /home/airflow/.local/lib/python3.12/site-packages/airflow/example_dags/example_python_decorator.py
[2025-12-15T18:58:56.546+0000] {processor.py:925} INFO - DAG(s) 'example_python_decorator' retrieved from /home/airflow/.local/lib/python3.12/site-packages/airflow/example_dags/example_python_decorator.py
[2025-12-15T18:58:56.603+0000] {logging_mixin.py:190} INFO - [2025-12-15T18:58:56.602+0000] {dag.py:3239} INFO - Sync 1 DAGs
[2025-12-15T18:58:56.630+0000] {logging_mixin.py:190} INFO - [2025-12-15T18:58:56.630+0000] {dag.py:4180} INFO - Setting next_dagrun for example_python_decorator to None, run_after=None
[2025-12-15T18:58:56.675+0000] {processor.py:208} INFO - Processing /home/airflow/.local/lib/python3.12/site-packages/airflow/example_dags/example_python_decorator.py took 0.202 seconds
[2025-12-15T18:59:39.406+0000] {processor.py:186} INFO - Started process (PID=1904) to work on /home/airflow/.local/lib/python3.12/site-packages/airflow/example_dags/example_python_decorator.py
[2025-12-15T18:59:39.422+0000] {processor.py:914} INFO - Processing file /home/airflow/.local/lib/python3.12/site-packages/airflow/example_dags/example_python_decorator.py for tasks to queue
[2025-12-15T18:59:39.439+0000] {logging_mixin.py:190} INFO - [2025-12-15T18:59:39.428+0000] {dagbag.py:588} INFO - Filling up the DagBag from /home/airflow/.local/lib/python3.12/site-packages/airflow/example_dags/example_python_decorator.py
[2025-12-15T18:59:39.543+0000] {processor.py:925} INFO - DAG(s) 'example_python_decorator' retrieved from /home/airflow/.local/lib/python3.12/site-packages/airflow/example_dags/example_python_decorator.py
[2025-12-15T18:59:39.696+0000] {logging_mixin.py:190} INFO - [2025-12-15T18:59:39.695+0000] {dag.py:3239} INFO - Sync 1 DAGs
[2025-12-15T18:59:39.790+0000] {logging_mixin.py:190} INFO - [2025-12-15T18:59:39.790+0000] {dag.py:4180} INFO - Setting next_dagrun for example_python_decorator to None, run_after=None
[2025-12-15T18:59:39.927+0000] {processor.py:208} INFO - Processing /home/airflow/.local/lib/python3.12/site-packages/airflow/example_dags/example_python_decorator.py took 0.557 seconds
[2025-12-15T19:00:56.770+0000] {processor.py:186} INFO - Started process (PID=2169) to work on /home/airflow/.local/lib/python3.12/site-packages/airflow/example_dags/example_python_decorator.py
[2025-12-15T19:00:56.775+0000] {processor.py:914} INFO - Processing file /home/airflow/.local/lib/python3.12/site-packages/airflow/example_dags/example_python_decorator.py for tasks to queue
[2025-12-15T19:00:56.802+0000] {logging_mixin.py:190} INFO - [2025-12-15T19:00:56.799+0000] {dagbag.py:588} INFO - Filling up the DagBag from /home/airflow/.local/lib/python3.12/site-packages/airflow/example_dags/example_python_decorator.py
[2025-12-15T19:00:56.908+0000] {processor.py:925} INFO - DAG(s) 'example_python_decorator' retrieved from /home/airflow/.local/lib/python3.12/site-packages/airflow/example_dags/example_python_decorator.py
[2025-12-15T19:00:57.031+0000] {logging_mixin.py:190} INFO - [2025-12-15T19:00:57.027+0000] {dag.py:3239} INFO - Sync 1 DAGs
[2025-12-15T19:00:57.105+0000] {logging_mixin.py:190} INFO - [2025-12-15T19:00:57.104+0000] {dag.py:4180} INFO - Setting next_dagrun for example_python_decorator to None, run_after=None
[2025-12-15T19:00:57.205+0000] {processor.py:208} INFO - Processing /home/airflow/.local/lib/python3.12/site-packages/airflow/example_dags/example_python_decorator.py took 0.481 seconds
[2025-12-15T19:01:59.826+0000] {processor.py:186} INFO - Started process (PID=2435) to work on /home/airflow/.local/lib/python3.12/site-packages/airflow/example_dags/example_python_decorator.py
[2025-12-15T19:01:59.828+0000] {processor.py:914} INFO - Processing file /home/airflow/.local/lib/python3.12/site-packages/airflow/example_dags/example_python_decorator.py for tasks to queue
[2025-12-15T19:01:59.833+0000] {logging_mixin.py:190} INFO - [2025-12-15T19:01:59.832+0000] {dagbag.py:588} INFO - Filling up the DagBag from /home/airflow/.local/lib/python3.12/site-packages/airflow/example_dags/example_python_decorator.py
[2025-12-15T19:01:59.872+0000] {processor.py:925} INFO - DAG(s) 'example_python_decorator' retrieved from /home/airflow/.local/lib/python3.12/site-packages/airflow/example_dags/example_python_decorator.py
[2025-12-15T19:01:59.923+0000] {logging_mixin.py:190} INFO - [2025-12-15T19:01:59.922+0000] {dag.py:3239} INFO - Sync 1 DAGs
[2025-12-15T19:01:59.968+0000] {logging_mixin.py:190} INFO - [2025-12-15T19:01:59.968+0000] {dag.py:4180} INFO - Setting next_dagrun for example_python_decorator to None, run_after=None
[2025-12-15T19:02:00.023+0000] {processor.py:208} INFO - Processing /home/airflow/.local/lib/python3.12/site-packages/airflow/example_dags/example_python_decorator.py took 0.212 seconds
[2025-12-15T19:02:31.981+0000] {processor.py:186} INFO - Started process (PID=2691) to work on /home/airflow/.local/lib/python3.12/site-packages/airflow/example_dags/example_python_decorator.py
[2025-12-15T19:02:31.993+0000] {processor.py:914} INFO - Processing file /home/airflow/.local/lib/python3.12/site-packages/airflow/example_dags/example_python_decorator.py for tasks to queue
[2025-12-15T19:02:31.998+0000] {logging_mixin.py:190} INFO - [2025-12-15T19:02:31.998+0000] {dagbag.py:588} INFO - Filling up the DagBag from /home/airflow/.local/lib/python3.12/site-packages/airflow/example_dags/example_python_decorator.py
[2025-12-15T19:02:32.037+0000] {processor.py:925} INFO - DAG(s) 'example_python_decorator' retrieved from /home/airflow/.local/lib/python3.12/site-packages/airflow/example_dags/example_python_decorator.py
[2025-12-15T19:02:32.098+0000] {logging_mixin.py:190} INFO - [2025-12-15T19:02:32.098+0000] {dag.py:3239} INFO - Sync 1 DAGs
[2025-12-15T19:02:32.136+0000] {logging_mixin.py:190} INFO - [2025-12-15T19:02:32.135+0000] {dag.py:4180} INFO - Setting next_dagrun for example_python_decorator to None, run_after=None
[2025-12-15T19:02:32.179+0000] {processor.py:208} INFO - Processing /home/airflow/.local/lib/python3.12/site-packages/airflow/example_dags/example_python_decorator.py took 0.215 seconds
[2025-12-15T19:03:06.214+0000] {processor.py:186} INFO - Started process (PID=2982) to work on /home/airflow/.local/lib/python3.12/site-packages/airflow/example_dags/example_python_decorator.py
[2025-12-15T19:03:06.217+0000] {processor.py:914} INFO - Processing file /home/airflow/.local/lib/python3.12/site-packages/airflow/example_dags/example_python_decorator.py for tasks to queue
[2025-12-15T19:03:06.223+0000] {logging_mixin.py:190} INFO - [2025-12-15T19:03:06.222+0000] {dagbag.py:588} INFO - Filling up the DagBag from /home/airflow/.local/lib/python3.12/site-packages/airflow/example_dags/example_python_decorator.py
[2025-12-15T19:03:06.262+0000] {processor.py:925} INFO - DAG(s) 'example_python_decorator' retrieved from /home/airflow/.local/lib/python3.12/site-packages/airflow/example_dags/example_python_decorator.py
[2025-12-15T19:03:06.333+0000] {logging_mixin.py:190} INFO - [2025-12-15T19:03:06.328+0000] {dag.py:3239} INFO - Sync 1 DAGs
[2025-12-15T19:03:06.366+0000] {logging_mixin.py:190} INFO - [2025-12-15T19:03:06.365+0000] {dag.py:4180} INFO - Setting next_dagrun for example_python_decorator to None, run_after=None
[2025-12-15T19:03:06.410+0000] {processor.py:208} INFO - Processing /home/airflow/.local/lib/python3.12/site-packages/airflow/example_dags/example_python_decorator.py took 0.218 seconds
[2025-12-15T19:03:36.842+0000] {processor.py:186} INFO - Started process (PID=3273) to work on /home/airflow/.local/lib/python3.12/site-packages/airflow/example_dags/example_python_decorator.py
[2025-12-15T19:03:36.846+0000] {processor.py:914} INFO - Processing file /home/airflow/.local/lib/python3.12/site-packages/airflow/example_dags/example_python_decorator.py for tasks to queue
[2025-12-15T19:03:36.851+0000] {logging_mixin.py:190} INFO - [2025-12-15T19:03:36.851+0000] {dagbag.py:588} INFO - Filling up the DagBag from /home/airflow/.local/lib/python3.12/site-packages/airflow/example_dags/example_python_decorator.py
[2025-12-15T19:03:36.881+0000] {processor.py:925} INFO - DAG(s) 'example_python_decorator' retrieved from /home/airflow/.local/lib/python3.12/site-packages/airflow/example_dags/example_python_decorator.py
[2025-12-15T19:03:36.924+0000] {logging_mixin.py:190} INFO - [2025-12-15T19:03:36.924+0000] {dag.py:3239} INFO - Sync 1 DAGs
[2025-12-15T19:03:36.958+0000] {logging_mixin.py:190} INFO - [2025-12-15T19:03:36.957+0000] {dag.py:4180} INFO - Setting next_dagrun for example_python_decorator to None, run_after=None
[2025-12-15T19:03:37.002+0000] {processor.py:208} INFO - Processing /home/airflow/.local/lib/python3.12/site-packages/airflow/example_dags/example_python_decorator.py took 0.174 seconds
[2025-12-15T19:04:10.008+0000] {processor.py:186} INFO - Started process (PID=3559) to work on /home/airflow/.local/lib/python3.12/site-packages/airflow/example_dags/example_python_decorator.py
[2025-12-15T19:04:10.010+0000] {processor.py:914} INFO - Processing file /home/airflow/.local/lib/python3.12/site-packages/airflow/example_dags/example_python_decorator.py for tasks to queue
[2025-12-15T19:04:10.015+0000] {logging_mixin.py:190} INFO - [2025-12-15T19:04:10.014+0000] {dagbag.py:588} INFO - Filling up the DagBag from /home/airflow/.local/lib/python3.12/site-packages/airflow/example_dags/example_python_decorator.py
[2025-12-15T19:04:10.051+0000] {processor.py:925} INFO - DAG(s) 'example_python_decorator' retrieved from /home/airflow/.local/lib/python3.12/site-packages/airflow/example_dags/example_python_decorator.py
[2025-12-15T19:04:10.092+0000] {logging_mixin.py:190} INFO - [2025-12-15T19:04:10.092+0000] {dag.py:3239} INFO - Sync 1 DAGs
[2025-12-15T19:04:10.122+0000] {logging_mixin.py:190} INFO - [2025-12-15T19:04:10.121+0000] {dag.py:4180} INFO - Setting next_dagrun for example_python_decorator to None, run_after=None
[2025-12-15T19:04:10.158+0000] {processor.py:208} INFO - Processing /home/airflow/.local/lib/python3.12/site-packages/airflow/example_dags/example_python_decorator.py took 0.162 seconds
[2025-12-15T19:04:42.383+0000] {processor.py:186} INFO - Started process (PID=3820) to work on /home/airflow/.local/lib/python3.12/site-packages/airflow/example_dags/example_python_decorator.py
[2025-12-15T19:04:42.385+0000] {processor.py:914} INFO - Processing file /home/airflow/.local/lib/python3.12/site-packages/airflow/example_dags/example_python_decorator.py for tasks to queue
[2025-12-15T19:04:42.390+0000] {logging_mixin.py:190} INFO - [2025-12-15T19:04:42.390+0000] {dagbag.py:588} INFO - Filling up the DagBag from /home/airflow/.local/lib/python3.12/site-packages/airflow/example_dags/example_python_decorator.py
[2025-12-15T19:04:42.425+0000] {processor.py:925} INFO - DAG(s) 'example_python_decorator' retrieved from /home/airflow/.local/lib/python3.12/site-packages/airflow/example_dags/example_python_decorator.py
[2025-12-15T19:04:42.468+0000] {logging_mixin.py:190} INFO - [2025-12-15T19:04:42.467+0000] {dag.py:3239} INFO - Sync 1 DAGs
[2025-12-15T19:04:42.500+0000] {logging_mixin.py:190} INFO - [2025-12-15T19:04:42.500+0000] {dag.py:4180} INFO - Setting next_dagrun for example_python_decorator to None, run_after=None
[2025-12-15T19:04:42.541+0000] {processor.py:208} INFO - Processing /home/airflow/.local/lib/python3.12/site-packages/airflow/example_dags/example_python_decorator.py took 0.171 seconds
[2025-12-15T19:05:14.940+0000] {processor.py:186} INFO - Started process (PID=4111) to work on /home/airflow/.local/lib/python3.12/site-packages/airflow/example_dags/example_python_decorator.py
[2025-12-15T19:05:14.941+0000] {processor.py:914} INFO - Processing file /home/airflow/.local/lib/python3.12/site-packages/airflow/example_dags/example_python_decorator.py for tasks to queue
[2025-12-15T19:05:14.945+0000] {logging_mixin.py:190} INFO - [2025-12-15T19:05:14.944+0000] {dagbag.py:588} INFO - Filling up the DagBag from /home/airflow/.local/lib/python3.12/site-packages/airflow/example_dags/example_python_decorator.py
[2025-12-15T19:05:14.970+0000] {processor.py:925} INFO - DAG(s) 'example_python_decorator' retrieved from /home/airflow/.local/lib/python3.12/site-packages/airflow/example_dags/example_python_decorator.py
[2025-12-15T19:05:15.003+0000] {logging_mixin.py:190} INFO - [2025-12-15T19:05:15.002+0000] {dag.py:3239} INFO - Sync 1 DAGs
[2025-12-15T19:05:15.023+0000] {logging_mixin.py:190} INFO - [2025-12-15T19:05:15.022+0000] {dag.py:4180} INFO - Setting next_dagrun for example_python_decorator to None, run_after=None
[2025-12-15T19:05:15.049+0000] {processor.py:208} INFO - Processing /home/airflow/.local/lib/python3.12/site-packages/airflow/example_dags/example_python_decorator.py took 0.119 seconds
[2025-12-15T19:05:46.438+0000] {processor.py:186} INFO - Started process (PID=4402) to work on /home/airflow/.local/lib/python3.12/site-packages/airflow/example_dags/example_python_decorator.py
[2025-12-15T19:05:46.443+0000] {processor.py:914} INFO - Processing file /home/airflow/.local/lib/python3.12/site-packages/airflow/example_dags/example_python_decorator.py for tasks to queue
[2025-12-15T19:05:46.448+0000] {logging_mixin.py:190} INFO - [2025-12-15T19:05:46.447+0000] {dagbag.py:588} INFO - Filling up the DagBag from /home/airflow/.local/lib/python3.12/site-packages/airflow/example_dags/example_python_decorator.py
[2025-12-15T19:05:46.475+0000] {processor.py:925} INFO - DAG(s) 'example_python_decorator' retrieved from /home/airflow/.local/lib/python3.12/site-packages/airflow/example_dags/example_python_decorator.py
[2025-12-15T19:05:46.513+0000] {logging_mixin.py:190} INFO - [2025-12-15T19:05:46.512+0000] {dag.py:3239} INFO - Sync 1 DAGs
[2025-12-15T19:05:46.545+0000] {logging_mixin.py:190} INFO - [2025-12-15T19:05:46.545+0000] {dag.py:4180} INFO - Setting next_dagrun for example_python_decorator to None, run_after=None
[2025-12-15T19:05:46.569+0000] {processor.py:208} INFO - Processing /home/airflow/.local/lib/python3.12/site-packages/airflow/example_dags/example_python_decorator.py took 0.140 seconds
[2025-12-15T19:06:17.688+0000] {processor.py:186} INFO - Started process (PID=4688) to work on /home/airflow/.local/lib/python3.12/site-packages/airflow/example_dags/example_python_decorator.py
[2025-12-15T19:06:17.691+0000] {processor.py:914} INFO - Processing file /home/airflow/.local/lib/python3.12/site-packages/airflow/example_dags/example_python_decorator.py for tasks to queue
[2025-12-15T19:06:17.707+0000] {logging_mixin.py:190} INFO - [2025-12-15T19:06:17.705+0000] {dagbag.py:588} INFO - Filling up the DagBag from /home/airflow/.local/lib/python3.12/site-packages/airflow/example_dags/example_python_decorator.py
[2025-12-15T19:06:17.793+0000] {processor.py:925} INFO - DAG(s) 'example_python_decorator' retrieved from /home/airflow/.local/lib/python3.12/site-packages/airflow/example_dags/example_python_decorator.py
[2025-12-15T19:06:17.893+0000] {logging_mixin.py:190} INFO - [2025-12-15T19:06:17.892+0000] {dag.py:3239} INFO - Sync 1 DAGs
[2025-12-15T19:06:17.962+0000] {logging_mixin.py:190} INFO - [2025-12-15T19:06:17.961+0000] {dag.py:4180} INFO - Setting next_dagrun for example_python_decorator to None, run_after=None
[2025-12-15T19:06:18.026+0000] {processor.py:208} INFO - Processing /home/airflow/.local/lib/python3.12/site-packages/airflow/example_dags/example_python_decorator.py took 0.374 seconds
[2025-12-15T19:06:48.266+0000] {processor.py:186} INFO - Started process (PID=4981) to work on /home/airflow/.local/lib/python3.12/site-packages/airflow/example_dags/example_python_decorator.py
[2025-12-15T19:06:48.267+0000] {processor.py:914} INFO - Processing file /home/airflow/.local/lib/python3.12/site-packages/airflow/example_dags/example_python_decorator.py for tasks to queue
[2025-12-15T19:06:48.270+0000] {logging_mixin.py:190} INFO - [2025-12-15T19:06:48.270+0000] {dagbag.py:588} INFO - Filling up the DagBag from /home/airflow/.local/lib/python3.12/site-packages/airflow/example_dags/example_python_decorator.py
[2025-12-15T19:06:48.295+0000] {processor.py:925} INFO - DAG(s) 'example_python_decorator' retrieved from /home/airflow/.local/lib/python3.12/site-packages/airflow/example_dags/example_python_decorator.py
[2025-12-15T19:06:48.330+0000] {logging_mixin.py:190} INFO - [2025-12-15T19:06:48.329+0000] {dag.py:3239} INFO - Sync 1 DAGs
[2025-12-15T19:06:48.352+0000] {logging_mixin.py:190} INFO - [2025-12-15T19:06:48.352+0000] {dag.py:4180} INFO - Setting next_dagrun for example_python_decorator to None, run_after=None
[2025-12-15T19:06:48.386+0000] {processor.py:208} INFO - Processing /home/airflow/.local/lib/python3.12/site-packages/airflow/example_dags/example_python_decorator.py took 0.131 seconds
[2025-12-15T19:07:26.064+0000] {processor.py:186} INFO - Started process (PID=5245) to work on /home/airflow/.local/lib/python3.12/site-packages/airflow/example_dags/example_python_decorator.py
[2025-12-15T19:07:26.067+0000] {processor.py:914} INFO - Processing file /home/airflow/.local/lib/python3.12/site-packages/airflow/example_dags/example_python_decorator.py for tasks to queue
[2025-12-15T19:07:26.079+0000] {logging_mixin.py:190} INFO - [2025-12-15T19:07:26.077+0000] {dagbag.py:588} INFO - Filling up the DagBag from /home/airflow/.local/lib/python3.12/site-packages/airflow/example_dags/example_python_decorator.py
[2025-12-15T19:07:26.150+0000] {processor.py:925} INFO - DAG(s) 'example_python_decorator' retrieved from /home/airflow/.local/lib/python3.12/site-packages/airflow/example_dags/example_python_decorator.py
[2025-12-15T19:07:26.213+0000] {logging_mixin.py:190} INFO - [2025-12-15T19:07:26.212+0000] {dag.py:3239} INFO - Sync 1 DAGs
[2025-12-15T19:07:26.255+0000] {logging_mixin.py:190} INFO - [2025-12-15T19:07:26.255+0000] {dag.py:4180} INFO - Setting next_dagrun for example_python_decorator to None, run_after=None
[2025-12-15T19:07:26.302+0000] {processor.py:208} INFO - Processing /home/airflow/.local/lib/python3.12/site-packages/airflow/example_dags/example_python_decorator.py took 0.264 seconds
[2025-12-15T19:07:56.967+0000] {processor.py:186} INFO - Started process (PID=5536) to work on /home/airflow/.local/lib/python3.12/site-packages/airflow/example_dags/example_python_decorator.py
[2025-12-15T19:07:56.968+0000] {processor.py:914} INFO - Processing file /home/airflow/.local/lib/python3.12/site-packages/airflow/example_dags/example_python_decorator.py for tasks to queue
[2025-12-15T19:07:56.972+0000] {logging_mixin.py:190} INFO - [2025-12-15T19:07:56.971+0000] {dagbag.py:588} INFO - Filling up the DagBag from /home/airflow/.local/lib/python3.12/site-packages/airflow/example_dags/example_python_decorator.py
[2025-12-15T19:07:57.000+0000] {processor.py:925} INFO - DAG(s) 'example_python_decorator' retrieved from /home/airflow/.local/lib/python3.12/site-packages/airflow/example_dags/example_python_decorator.py
[2025-12-15T19:07:57.037+0000] {logging_mixin.py:190} INFO - [2025-12-15T19:07:57.037+0000] {dag.py:3239} INFO - Sync 1 DAGs
[2025-12-15T19:07:57.063+0000] {logging_mixin.py:190} INFO - [2025-12-15T19:07:57.062+0000] {dag.py:4180} INFO - Setting next_dagrun for example_python_decorator to None, run_after=None
[2025-12-15T19:07:57.122+0000] {processor.py:208} INFO - Processing /home/airflow/.local/lib/python3.12/site-packages/airflow/example_dags/example_python_decorator.py took 0.164 seconds
[2025-12-15T19:08:28.814+0000] {processor.py:186} INFO - Started process (PID=5827) to work on /home/airflow/.local/lib/python3.12/site-packages/airflow/example_dags/example_python_decorator.py
[2025-12-15T19:08:28.817+0000] {processor.py:914} INFO - Processing file /home/airflow/.local/lib/python3.12/site-packages/airflow/example_dags/example_python_decorator.py for tasks to queue
[2025-12-15T19:08:28.822+0000] {logging_mixin.py:190} INFO - [2025-12-15T19:08:28.822+0000] {dagbag.py:588} INFO - Filling up the DagBag from /home/airflow/.local/lib/python3.12/site-packages/airflow/example_dags/example_python_decorator.py
[2025-12-15T19:08:28.858+0000] {processor.py:925} INFO - DAG(s) 'example_python_decorator' retrieved from /home/airflow/.local/lib/python3.12/site-packages/airflow/example_dags/example_python_decorator.py
[2025-12-15T19:08:28.921+0000] {logging_mixin.py:190} INFO - [2025-12-15T19:08:28.921+0000] {dag.py:3239} INFO - Sync 1 DAGs
[2025-12-15T19:08:28.964+0000] {logging_mixin.py:190} INFO - [2025-12-15T19:08:28.963+0000] {dag.py:4180} INFO - Setting next_dagrun for example_python_decorator to None, run_after=None
[2025-12-15T19:08:29.028+0000] {processor.py:208} INFO - Processing /home/airflow/.local/lib/python3.12/site-packages/airflow/example_dags/example_python_decorator.py took 0.229 seconds
[2025-12-15T19:08:59.473+0000] {processor.py:186} INFO - Started process (PID=6118) to work on /home/airflow/.local/lib/python3.12/site-packages/airflow/example_dags/example_python_decorator.py
[2025-12-15T19:08:59.475+0000] {processor.py:914} INFO - Processing file /home/airflow/.local/lib/python3.12/site-packages/airflow/example_dags/example_python_decorator.py for tasks to queue
[2025-12-15T19:08:59.478+0000] {logging_mixin.py:190} INFO - [2025-12-15T19:08:59.478+0000] {dagbag.py:588} INFO - Filling up the DagBag from /home/airflow/.local/lib/python3.12/site-packages/airflow/example_dags/example_python_decorator.py
[2025-12-15T19:08:59.505+0000] {processor.py:925} INFO - DAG(s) 'example_python_decorator' retrieved from /home/airflow/.local/lib/python3.12/site-packages/airflow/example_dags/example_python_decorator.py
[2025-12-15T19:08:59.547+0000] {logging_mixin.py:190} INFO - [2025-12-15T19:08:59.547+0000] {dag.py:3239} INFO - Sync 1 DAGs
[2025-12-15T19:08:59.570+0000] {logging_mixin.py:190} INFO - [2025-12-15T19:08:59.569+0000] {dag.py:4180} INFO - Setting next_dagrun for example_python_decorator to None, run_after=None
[2025-12-15T19:08:59.611+0000] {processor.py:208} INFO - Processing /home/airflow/.local/lib/python3.12/site-packages/airflow/example_dags/example_python_decorator.py took 0.148 seconds
[2025-12-15T19:09:30.216+0000] {processor.py:186} INFO - Started process (PID=6406) to work on /home/airflow/.local/lib/python3.12/site-packages/airflow/example_dags/example_python_decorator.py
[2025-12-15T19:09:30.218+0000] {processor.py:914} INFO - Processing file /home/airflow/.local/lib/python3.12/site-packages/airflow/example_dags/example_python_decorator.py for tasks to queue
[2025-12-15T19:09:30.221+0000] {logging_mixin.py:190} INFO - [2025-12-15T19:09:30.221+0000] {dagbag.py:588} INFO - Filling up the DagBag from /home/airflow/.local/lib/python3.12/site-packages/airflow/example_dags/example_python_decorator.py
[2025-12-15T19:09:30.246+0000] {processor.py:925} INFO - DAG(s) 'example_python_decorator' retrieved from /home/airflow/.local/lib/python3.12/site-packages/airflow/example_dags/example_python_decorator.py
[2025-12-15T19:09:30.279+0000] {logging_mixin.py:190} INFO - [2025-12-15T19:09:30.279+0000] {dag.py:3239} INFO - Sync 1 DAGs
[2025-12-15T19:09:30.300+0000] {logging_mixin.py:190} INFO - [2025-12-15T19:09:30.300+0000] {dag.py:4180} INFO - Setting next_dagrun for example_python_decorator to None, run_after=None
[2025-12-15T19:09:30.337+0000] {processor.py:208} INFO - Processing /home/airflow/.local/lib/python3.12/site-packages/airflow/example_dags/example_python_decorator.py took 0.131 seconds
[2025-12-15T19:10:00.957+0000] {processor.py:186} INFO - Started process (PID=6697) to work on /home/airflow/.local/lib/python3.12/site-packages/airflow/example_dags/example_python_decorator.py
[2025-12-15T19:10:00.980+0000] {processor.py:914} INFO - Processing file /home/airflow/.local/lib/python3.12/site-packages/airflow/example_dags/example_python_decorator.py for tasks to queue
[2025-12-15T19:10:00.988+0000] {logging_mixin.py:190} INFO - [2025-12-15T19:10:00.987+0000] {dagbag.py:588} INFO - Filling up the DagBag from /home/airflow/.local/lib/python3.12/site-packages/airflow/example_dags/example_python_decorator.py
[2025-12-15T19:10:01.014+0000] {processor.py:925} INFO - DAG(s) 'example_python_decorator' retrieved from /home/airflow/.local/lib/python3.12/site-packages/airflow/example_dags/example_python_decorator.py
[2025-12-15T19:10:01.053+0000] {logging_mixin.py:190} INFO - [2025-12-15T19:10:01.053+0000] {dag.py:3239} INFO - Sync 1 DAGs
[2025-12-15T19:10:01.075+0000] {logging_mixin.py:190} INFO - [2025-12-15T19:10:01.074+0000] {dag.py:4180} INFO - Setting next_dagrun for example_python_decorator to None, run_after=None
[2025-12-15T19:10:01.120+0000] {processor.py:208} INFO - Processing /home/airflow/.local/lib/python3.12/site-packages/airflow/example_dags/example_python_decorator.py took 0.176 seconds
[2025-12-15T19:10:33.320+0000] {processor.py:186} INFO - Started process (PID=6987) to work on /home/airflow/.local/lib/python3.12/site-packages/airflow/example_dags/example_python_decorator.py
[2025-12-15T19:10:33.333+0000] {processor.py:914} INFO - Processing file /home/airflow/.local/lib/python3.12/site-packages/airflow/example_dags/example_python_decorator.py for tasks to queue
[2025-12-15T19:10:33.350+0000] {logging_mixin.py:190} INFO - [2025-12-15T19:10:33.349+0000] {dagbag.py:588} INFO - Filling up the DagBag from /home/airflow/.local/lib/python3.12/site-packages/airflow/example_dags/example_python_decorator.py
[2025-12-15T19:10:33.492+0000] {processor.py:925} INFO - DAG(s) 'example_python_decorator' retrieved from /home/airflow/.local/lib/python3.12/site-packages/airflow/example_dags/example_python_decorator.py
[2025-12-15T19:10:33.672+0000] {logging_mixin.py:190} INFO - [2025-12-15T19:10:33.671+0000] {dag.py:3239} INFO - Sync 1 DAGs
[2025-12-15T19:10:33.795+0000] {logging_mixin.py:190} INFO - [2025-12-15T19:10:33.795+0000] {dag.py:4180} INFO - Setting next_dagrun for example_python_decorator to None, run_after=None
[2025-12-15T19:10:33.984+0000] {processor.py:208} INFO - Processing /home/airflow/.local/lib/python3.12/site-packages/airflow/example_dags/example_python_decorator.py took 0.713 seconds
[2025-12-15T19:11:04.526+0000] {processor.py:186} INFO - Started process (PID=7275) to work on /home/airflow/.local/lib/python3.12/site-packages/airflow/example_dags/example_python_decorator.py
[2025-12-15T19:11:04.529+0000] {processor.py:914} INFO - Processing file /home/airflow/.local/lib/python3.12/site-packages/airflow/example_dags/example_python_decorator.py for tasks to queue
[2025-12-15T19:11:04.532+0000] {logging_mixin.py:190} INFO - [2025-12-15T19:11:04.532+0000] {dagbag.py:588} INFO - Filling up the DagBag from /home/airflow/.local/lib/python3.12/site-packages/airflow/example_dags/example_python_decorator.py
[2025-12-15T19:11:04.557+0000] {processor.py:925} INFO - DAG(s) 'example_python_decorator' retrieved from /home/airflow/.local/lib/python3.12/site-packages/airflow/example_dags/example_python_decorator.py
[2025-12-15T19:11:04.589+0000] {logging_mixin.py:190} INFO - [2025-12-15T19:11:04.588+0000] {dag.py:3239} INFO - Sync 1 DAGs
[2025-12-15T19:11:04.612+0000] {logging_mixin.py:190} INFO - [2025-12-15T19:11:04.612+0000] {dag.py:4180} INFO - Setting next_dagrun for example_python_decorator to None, run_after=None
[2025-12-15T19:11:04.640+0000] {processor.py:208} INFO - Processing /home/airflow/.local/lib/python3.12/site-packages/airflow/example_dags/example_python_decorator.py took 0.124 seconds
[2025-12-15T19:11:35.391+0000] {processor.py:186} INFO - Started process (PID=7566) to work on /home/airflow/.local/lib/python3.12/site-packages/airflow/example_dags/example_python_decorator.py
[2025-12-15T19:11:35.410+0000] {processor.py:914} INFO - Processing file /home/airflow/.local/lib/python3.12/site-packages/airflow/example_dags/example_python_decorator.py for tasks to queue
[2025-12-15T19:11:35.411+0000] {logging_mixin.py:190} INFO - [2025-12-15T19:11:35.411+0000] {dagbag.py:588} INFO - Filling up the DagBag from /home/airflow/.local/lib/python3.12/site-packages/airflow/example_dags/example_python_decorator.py
[2025-12-15T19:11:35.434+0000] {processor.py:925} INFO - DAG(s) 'example_python_decorator' retrieved from /home/airflow/.local/lib/python3.12/site-packages/airflow/example_dags/example_python_decorator.py
[2025-12-15T19:11:35.460+0000] {logging_mixin.py:190} INFO - [2025-12-15T19:11:35.459+0000] {dag.py:3239} INFO - Sync 1 DAGs
[2025-12-15T19:11:35.479+0000] {logging_mixin.py:190} INFO - [2025-12-15T19:11:35.479+0000] {dag.py:4180} INFO - Setting next_dagrun for example_python_decorator to None, run_after=None
[2025-12-15T19:11:35.502+0000] {processor.py:208} INFO - Processing /home/airflow/.local/lib/python3.12/site-packages/airflow/example_dags/example_python_decorator.py took 0.117 seconds
[2025-12-15T19:12:05.708+0000] {processor.py:186} INFO - Started process (PID=7857) to work on /home/airflow/.local/lib/python3.12/site-packages/airflow/example_dags/example_python_decorator.py
[2025-12-15T19:12:05.730+0000] {processor.py:914} INFO - Processing file /home/airflow/.local/lib/python3.12/site-packages/airflow/example_dags/example_python_decorator.py for tasks to queue
[2025-12-15T19:12:05.732+0000] {logging_mixin.py:190} INFO - [2025-12-15T19:12:05.731+0000] {dagbag.py:588} INFO - Filling up the DagBag from /home/airflow/.local/lib/python3.12/site-packages/airflow/example_dags/example_python_decorator.py
[2025-12-15T19:12:05.757+0000] {processor.py:925} INFO - DAG(s) 'example_python_decorator' retrieved from /home/airflow/.local/lib/python3.12/site-packages/airflow/example_dags/example_python_decorator.py
[2025-12-15T19:12:05.793+0000] {logging_mixin.py:190} INFO - [2025-12-15T19:12:05.793+0000] {dag.py:3239} INFO - Sync 1 DAGs
[2025-12-15T19:12:05.824+0000] {logging_mixin.py:190} INFO - [2025-12-15T19:12:05.824+0000] {dag.py:4180} INFO - Setting next_dagrun for example_python_decorator to None, run_after=None
[2025-12-15T19:12:05.858+0000] {processor.py:208} INFO - Processing /home/airflow/.local/lib/python3.12/site-packages/airflow/example_dags/example_python_decorator.py took 0.162 seconds
[2025-12-15T19:12:36.107+0000] {processor.py:186} INFO - Started process (PID=8148) to work on /home/airflow/.local/lib/python3.12/site-packages/airflow/example_dags/example_python_decorator.py
[2025-12-15T19:12:36.109+0000] {processor.py:914} INFO - Processing file /home/airflow/.local/lib/python3.12/site-packages/airflow/example_dags/example_python_decorator.py for tasks to queue
[2025-12-15T19:12:36.111+0000] {logging_mixin.py:190} INFO - [2025-12-15T19:12:36.110+0000] {dagbag.py:588} INFO - Filling up the DagBag from /home/airflow/.local/lib/python3.12/site-packages/airflow/example_dags/example_python_decorator.py
[2025-12-15T19:12:36.147+0000] {processor.py:925} INFO - DAG(s) 'example_python_decorator' retrieved from /home/airflow/.local/lib/python3.12/site-packages/airflow/example_dags/example_python_decorator.py
[2025-12-15T19:12:36.208+0000] {logging_mixin.py:190} INFO - [2025-12-15T19:12:36.207+0000] {dag.py:3239} INFO - Sync 1 DAGs
[2025-12-15T19:12:36.250+0000] {logging_mixin.py:190} INFO - [2025-12-15T19:12:36.250+0000] {dag.py:4180} INFO - Setting next_dagrun for example_python_decorator to None, run_after=None
[2025-12-15T19:12:36.328+0000] {processor.py:208} INFO - Processing /home/airflow/.local/lib/python3.12/site-packages/airflow/example_dags/example_python_decorator.py took 0.233 seconds
[2025-12-15T19:13:06.777+0000] {processor.py:186} INFO - Started process (PID=8437) to work on /home/airflow/.local/lib/python3.12/site-packages/airflow/example_dags/example_python_decorator.py
[2025-12-15T19:13:06.779+0000] {processor.py:914} INFO - Processing file /home/airflow/.local/lib/python3.12/site-packages/airflow/example_dags/example_python_decorator.py for tasks to queue
[2025-12-15T19:13:06.781+0000] {logging_mixin.py:190} INFO - [2025-12-15T19:13:06.780+0000] {dagbag.py:588} INFO - Filling up the DagBag from /home/airflow/.local/lib/python3.12/site-packages/airflow/example_dags/example_python_decorator.py
[2025-12-15T19:13:06.813+0000] {processor.py:925} INFO - DAG(s) 'example_python_decorator' retrieved from /home/airflow/.local/lib/python3.12/site-packages/airflow/example_dags/example_python_decorator.py
[2025-12-15T19:13:06.861+0000] {logging_mixin.py:190} INFO - [2025-12-15T19:13:06.860+0000] {dag.py:3239} INFO - Sync 1 DAGs
[2025-12-15T19:13:06.889+0000] {logging_mixin.py:190} INFO - [2025-12-15T19:13:06.889+0000] {dag.py:4180} INFO - Setting next_dagrun for example_python_decorator to None, run_after=None
[2025-12-15T19:13:06.925+0000] {processor.py:208} INFO - Processing /home/airflow/.local/lib/python3.12/site-packages/airflow/example_dags/example_python_decorator.py took 0.158 seconds
[2025-12-15T19:13:37.210+0000] {processor.py:186} INFO - Started process (PID=8728) to work on /home/airflow/.local/lib/python3.12/site-packages/airflow/example_dags/example_python_decorator.py
[2025-12-15T19:13:37.218+0000] {processor.py:914} INFO - Processing file /home/airflow/.local/lib/python3.12/site-packages/airflow/example_dags/example_python_decorator.py for tasks to queue
[2025-12-15T19:13:37.221+0000] {logging_mixin.py:190} INFO - [2025-12-15T19:13:37.221+0000] {dagbag.py:588} INFO - Filling up the DagBag from /home/airflow/.local/lib/python3.12/site-packages/airflow/example_dags/example_python_decorator.py
[2025-12-15T19:13:37.310+0000] {processor.py:925} INFO - DAG(s) 'example_python_decorator' retrieved from /home/airflow/.local/lib/python3.12/site-packages/airflow/example_dags/example_python_decorator.py
[2025-12-15T19:13:37.437+0000] {logging_mixin.py:190} INFO - [2025-12-15T19:13:37.436+0000] {dag.py:3239} INFO - Sync 1 DAGs
[2025-12-15T19:13:37.538+0000] {logging_mixin.py:190} INFO - [2025-12-15T19:13:37.537+0000] {dag.py:4180} INFO - Setting next_dagrun for example_python_decorator to None, run_after=None
[2025-12-15T19:13:37.647+0000] {processor.py:208} INFO - Processing /home/airflow/.local/lib/python3.12/site-packages/airflow/example_dags/example_python_decorator.py took 0.472 seconds
[2025-12-15T19:14:08.528+0000] {processor.py:186} INFO - Started process (PID=9019) to work on /home/airflow/.local/lib/python3.12/site-packages/airflow/example_dags/example_python_decorator.py
[2025-12-15T19:14:08.530+0000] {processor.py:914} INFO - Processing file /home/airflow/.local/lib/python3.12/site-packages/airflow/example_dags/example_python_decorator.py for tasks to queue
[2025-12-15T19:14:08.531+0000] {logging_mixin.py:190} INFO - [2025-12-15T19:14:08.531+0000] {dagbag.py:588} INFO - Filling up the DagBag from /home/airflow/.local/lib/python3.12/site-packages/airflow/example_dags/example_python_decorator.py
[2025-12-15T19:14:08.566+0000] {processor.py:925} INFO - DAG(s) 'example_python_decorator' retrieved from /home/airflow/.local/lib/python3.12/site-packages/airflow/example_dags/example_python_decorator.py
[2025-12-15T19:14:08.626+0000] {logging_mixin.py:190} INFO - [2025-12-15T19:14:08.625+0000] {dag.py:3239} INFO - Sync 1 DAGs
[2025-12-15T19:14:08.661+0000] {logging_mixin.py:190} INFO - [2025-12-15T19:14:08.660+0000] {dag.py:4180} INFO - Setting next_dagrun for example_python_decorator to None, run_after=None
[2025-12-15T19:14:08.713+0000] {processor.py:208} INFO - Processing /home/airflow/.local/lib/python3.12/site-packages/airflow/example_dags/example_python_decorator.py took 0.199 seconds
[2025-12-15T19:14:39.167+0000] {processor.py:186} INFO - Started process (PID=9300) to work on /home/airflow/.local/lib/python3.12/site-packages/airflow/example_dags/example_python_decorator.py
[2025-12-15T19:14:39.169+0000] {processor.py:914} INFO - Processing file /home/airflow/.local/lib/python3.12/site-packages/airflow/example_dags/example_python_decorator.py for tasks to queue
[2025-12-15T19:14:39.171+0000] {logging_mixin.py:190} INFO - [2025-12-15T19:14:39.170+0000] {dagbag.py:588} INFO - Filling up the DagBag from /home/airflow/.local/lib/python3.12/site-packages/airflow/example_dags/example_python_decorator.py
[2025-12-15T19:14:39.199+0000] {processor.py:925} INFO - DAG(s) 'example_python_decorator' retrieved from /home/airflow/.local/lib/python3.12/site-packages/airflow/example_dags/example_python_decorator.py
[2025-12-15T19:14:39.236+0000] {logging_mixin.py:190} INFO - [2025-12-15T19:14:39.235+0000] {dag.py:3239} INFO - Sync 1 DAGs
[2025-12-15T19:14:39.270+0000] {logging_mixin.py:190} INFO - [2025-12-15T19:14:39.268+0000] {dag.py:4180} INFO - Setting next_dagrun for example_python_decorator to None, run_after=None
[2025-12-15T19:14:39.303+0000] {processor.py:208} INFO - Processing /home/airflow/.local/lib/python3.12/site-packages/airflow/example_dags/example_python_decorator.py took 0.148 seconds
[2025-12-15T19:15:10.634+0000] {processor.py:186} INFO - Started process (PID=9591) to work on /home/airflow/.local/lib/python3.12/site-packages/airflow/example_dags/example_python_decorator.py
[2025-12-15T19:15:10.663+0000] {processor.py:914} INFO - Processing file /home/airflow/.local/lib/python3.12/site-packages/airflow/example_dags/example_python_decorator.py for tasks to queue
[2025-12-15T19:15:10.665+0000] {logging_mixin.py:190} INFO - [2025-12-15T19:15:10.664+0000] {dagbag.py:588} INFO - Filling up the DagBag from /home/airflow/.local/lib/python3.12/site-packages/airflow/example_dags/example_python_decorator.py
[2025-12-15T19:15:10.705+0000] {processor.py:925} INFO - DAG(s) 'example_python_decorator' retrieved from /home/airflow/.local/lib/python3.12/site-packages/airflow/example_dags/example_python_decorator.py
[2025-12-15T19:15:10.764+0000] {logging_mixin.py:190} INFO - [2025-12-15T19:15:10.764+0000] {dag.py:3239} INFO - Sync 1 DAGs
[2025-12-15T19:15:10.796+0000] {logging_mixin.py:190} INFO - [2025-12-15T19:15:10.796+0000] {dag.py:4180} INFO - Setting next_dagrun for example_python_decorator to None, run_after=None
[2025-12-15T19:15:10.831+0000] {processor.py:208} INFO - Processing /home/airflow/.local/lib/python3.12/site-packages/airflow/example_dags/example_python_decorator.py took 0.216 seconds
[2025-12-15T19:15:42.480+0000] {processor.py:186} INFO - Started process (PID=9872) to work on /home/airflow/.local/lib/python3.12/site-packages/airflow/example_dags/example_python_decorator.py
[2025-12-15T19:15:42.509+0000] {processor.py:914} INFO - Processing file /home/airflow/.local/lib/python3.12/site-packages/airflow/example_dags/example_python_decorator.py for tasks to queue
[2025-12-15T19:15:42.512+0000] {logging_mixin.py:190} INFO - [2025-12-15T19:15:42.511+0000] {dagbag.py:588} INFO - Filling up the DagBag from /home/airflow/.local/lib/python3.12/site-packages/airflow/example_dags/example_python_decorator.py
[2025-12-15T19:15:42.559+0000] {processor.py:925} INFO - DAG(s) 'example_python_decorator' retrieved from /home/airflow/.local/lib/python3.12/site-packages/airflow/example_dags/example_python_decorator.py
[2025-12-15T19:15:42.614+0000] {logging_mixin.py:190} INFO - [2025-12-15T19:15:42.614+0000] {dag.py:3239} INFO - Sync 1 DAGs
[2025-12-15T19:15:42.658+0000] {logging_mixin.py:190} INFO - [2025-12-15T19:15:42.657+0000] {dag.py:4180} INFO - Setting next_dagrun for example_python_decorator to None, run_after=None
[2025-12-15T19:15:42.703+0000] {processor.py:208} INFO - Processing /home/airflow/.local/lib/python3.12/site-packages/airflow/example_dags/example_python_decorator.py took 0.236 seconds
[2025-12-15T19:16:14.313+0000] {processor.py:186} INFO - Started process (PID=10143) to work on /home/airflow/.local/lib/python3.12/site-packages/airflow/example_dags/example_python_decorator.py
[2025-12-15T19:16:14.317+0000] {processor.py:914} INFO - Processing file /home/airflow/.local/lib/python3.12/site-packages/airflow/example_dags/example_python_decorator.py for tasks to queue
[2025-12-15T19:16:14.328+0000] {logging_mixin.py:190} INFO - [2025-12-15T19:16:14.327+0000] {dagbag.py:588} INFO - Filling up the DagBag from /home/airflow/.local/lib/python3.12/site-packages/airflow/example_dags/example_python_decorator.py
[2025-12-15T19:16:14.432+0000] {processor.py:925} INFO - DAG(s) 'example_python_decorator' retrieved from /home/airflow/.local/lib/python3.12/site-packages/airflow/example_dags/example_python_decorator.py
[2025-12-15T19:16:14.510+0000] {logging_mixin.py:190} INFO - [2025-12-15T19:16:14.509+0000] {dag.py:3239} INFO - Sync 1 DAGs
[2025-12-15T19:16:14.544+0000] {logging_mixin.py:190} INFO - [2025-12-15T19:16:14.543+0000] {dag.py:4180} INFO - Setting next_dagrun for example_python_decorator to None, run_after=None
[2025-12-15T19:16:14.592+0000] {processor.py:208} INFO - Processing /home/airflow/.local/lib/python3.12/site-packages/airflow/example_dags/example_python_decorator.py took 0.314 seconds
[2025-12-15T19:16:47.133+0000] {processor.py:186} INFO - Started process (PID=10414) to work on /home/airflow/.local/lib/python3.12/site-packages/airflow/example_dags/example_python_decorator.py
[2025-12-15T19:16:47.138+0000] {processor.py:914} INFO - Processing file /home/airflow/.local/lib/python3.12/site-packages/airflow/example_dags/example_python_decorator.py for tasks to queue
[2025-12-15T19:16:47.151+0000] {logging_mixin.py:190} INFO - [2025-12-15T19:16:47.150+0000] {dagbag.py:588} INFO - Filling up the DagBag from /home/airflow/.local/lib/python3.12/site-packages/airflow/example_dags/example_python_decorator.py
[2025-12-15T19:16:47.341+0000] {processor.py:925} INFO - DAG(s) 'example_python_decorator' retrieved from /home/airflow/.local/lib/python3.12/site-packages/airflow/example_dags/example_python_decorator.py
[2025-12-15T19:16:47.506+0000] {logging_mixin.py:190} INFO - [2025-12-15T19:16:47.505+0000] {dag.py:3239} INFO - Sync 1 DAGs
[2025-12-15T19:16:47.621+0000] {logging_mixin.py:190} INFO - [2025-12-15T19:16:47.620+0000] {dag.py:4180} INFO - Setting next_dagrun for example_python_decorator to None, run_after=None
[2025-12-15T19:16:47.752+0000] {processor.py:208} INFO - Processing /home/airflow/.local/lib/python3.12/site-packages/airflow/example_dags/example_python_decorator.py took 0.680 seconds
[2025-12-15T19:17:24.386+0000] {processor.py:186} INFO - Started process (PID=10680) to work on /home/airflow/.local/lib/python3.12/site-packages/airflow/example_dags/example_python_decorator.py
[2025-12-15T19:17:24.388+0000] {processor.py:914} INFO - Processing file /home/airflow/.local/lib/python3.12/site-packages/airflow/example_dags/example_python_decorator.py for tasks to queue
[2025-12-15T19:17:24.390+0000] {logging_mixin.py:190} INFO - [2025-12-15T19:17:24.389+0000] {dagbag.py:588} INFO - Filling up the DagBag from /home/airflow/.local/lib/python3.12/site-packages/airflow/example_dags/example_python_decorator.py
[2025-12-15T19:17:24.428+0000] {processor.py:925} INFO - DAG(s) 'example_python_decorator' retrieved from /home/airflow/.local/lib/python3.12/site-packages/airflow/example_dags/example_python_decorator.py
[2025-12-15T19:17:24.484+0000] {logging_mixin.py:190} INFO - [2025-12-15T19:17:24.484+0000] {dag.py:3239} INFO - Sync 1 DAGs
[2025-12-15T19:17:24.530+0000] {logging_mixin.py:190} INFO - [2025-12-15T19:17:24.530+0000] {dag.py:4180} INFO - Setting next_dagrun for example_python_decorator to None, run_after=None
[2025-12-15T19:17:24.575+0000] {processor.py:208} INFO - Processing /home/airflow/.local/lib/python3.12/site-packages/airflow/example_dags/example_python_decorator.py took 0.212 seconds
[2025-12-15T19:17:55.204+0000] {processor.py:186} INFO - Started process (PID=10980) to work on /home/airflow/.local/lib/python3.12/site-packages/airflow/example_dags/example_python_decorator.py
[2025-12-15T19:17:55.207+0000] {processor.py:914} INFO - Processing file /home/airflow/.local/lib/python3.12/site-packages/airflow/example_dags/example_python_decorator.py for tasks to queue
[2025-12-15T19:17:55.218+0000] {logging_mixin.py:190} INFO - [2025-12-15T19:17:55.216+0000] {dagbag.py:588} INFO - Filling up the DagBag from /home/airflow/.local/lib/python3.12/site-packages/airflow/example_dags/example_python_decorator.py
[2025-12-15T19:17:55.310+0000] {processor.py:925} INFO - DAG(s) 'example_python_decorator' retrieved from /home/airflow/.local/lib/python3.12/site-packages/airflow/example_dags/example_python_decorator.py
[2025-12-15T19:17:55.435+0000] {logging_mixin.py:190} INFO - [2025-12-15T19:17:55.435+0000] {dag.py:3239} INFO - Sync 1 DAGs
[2025-12-15T19:17:55.541+0000] {logging_mixin.py:190} INFO - [2025-12-15T19:17:55.540+0000] {dag.py:4180} INFO - Setting next_dagrun for example_python_decorator to None, run_after=None
[2025-12-15T19:17:55.637+0000] {processor.py:208} INFO - Processing /home/airflow/.local/lib/python3.12/site-packages/airflow/example_dags/example_python_decorator.py took 0.479 seconds
[2025-12-15T19:18:27.790+0000] {processor.py:186} INFO - Started process (PID=11273) to work on /home/airflow/.local/lib/python3.12/site-packages/airflow/example_dags/example_python_decorator.py
[2025-12-15T19:18:27.792+0000] {processor.py:914} INFO - Processing file /home/airflow/.local/lib/python3.12/site-packages/airflow/example_dags/example_python_decorator.py for tasks to queue
[2025-12-15T19:18:27.794+0000] {logging_mixin.py:190} INFO - [2025-12-15T19:18:27.793+0000] {dagbag.py:588} INFO - Filling up the DagBag from /home/airflow/.local/lib/python3.12/site-packages/airflow/example_dags/example_python_decorator.py
[2025-12-15T19:18:27.825+0000] {processor.py:925} INFO - DAG(s) 'example_python_decorator' retrieved from /home/airflow/.local/lib/python3.12/site-packages/airflow/example_dags/example_python_decorator.py
[2025-12-15T19:18:27.869+0000] {logging_mixin.py:190} INFO - [2025-12-15T19:18:27.869+0000] {dag.py:3239} INFO - Sync 1 DAGs
[2025-12-15T19:18:27.902+0000] {logging_mixin.py:190} INFO - [2025-12-15T19:18:27.902+0000] {dag.py:4180} INFO - Setting next_dagrun for example_python_decorator to None, run_after=None
[2025-12-15T19:18:27.936+0000] {processor.py:208} INFO - Processing /home/airflow/.local/lib/python3.12/site-packages/airflow/example_dags/example_python_decorator.py took 0.158 seconds
[2025-12-15T19:18:58.887+0000] {processor.py:186} INFO - Started process (PID=11560) to work on /home/airflow/.local/lib/python3.12/site-packages/airflow/example_dags/example_python_decorator.py
[2025-12-15T19:18:58.899+0000] {processor.py:914} INFO - Processing file /home/airflow/.local/lib/python3.12/site-packages/airflow/example_dags/example_python_decorator.py for tasks to queue
[2025-12-15T19:18:58.902+0000] {logging_mixin.py:190} INFO - [2025-12-15T19:18:58.901+0000] {dagbag.py:588} INFO - Filling up the DagBag from /home/airflow/.local/lib/python3.12/site-packages/airflow/example_dags/example_python_decorator.py
[2025-12-15T19:18:58.999+0000] {processor.py:925} INFO - DAG(s) 'example_python_decorator' retrieved from /home/airflow/.local/lib/python3.12/site-packages/airflow/example_dags/example_python_decorator.py
[2025-12-15T19:18:59.118+0000] {logging_mixin.py:190} INFO - [2025-12-15T19:18:59.117+0000] {dag.py:3239} INFO - Sync 1 DAGs
[2025-12-15T19:18:59.245+0000] {logging_mixin.py:190} INFO - [2025-12-15T19:18:59.244+0000] {dag.py:4180} INFO - Setting next_dagrun for example_python_decorator to None, run_after=None
[2025-12-15T19:18:59.362+0000] {processor.py:208} INFO - Processing /home/airflow/.local/lib/python3.12/site-packages/airflow/example_dags/example_python_decorator.py took 0.513 seconds
