[2025-12-15T18:56:31.291+0000] {processor.py:186} INFO - Started process (PID=451) to work on /home/airflow/.local/lib/python3.12/site-packages/airflow/example_dags/example_branch_operator.py
[2025-12-15T18:56:31.302+0000] {processor.py:914} INFO - Processing file /home/airflow/.local/lib/python3.12/site-packages/airflow/example_dags/example_branch_operator.py for tasks to queue
[2025-12-15T18:56:31.309+0000] {logging_mixin.py:190} INFO - [2025-12-15T18:56:31.307+0000] {dagbag.py:588} INFO - Filling up the DagBag from /home/airflow/.local/lib/python3.12/site-packages/airflow/example_dags/example_branch_operator.py
[2025-12-15T18:56:31.407+0000] {processor.py:925} INFO - DAG(s) 'example_branch_operator' retrieved from /home/airflow/.local/lib/python3.12/site-packages/airflow/example_dags/example_branch_operator.py
[2025-12-15T18:56:31.852+0000] {logging_mixin.py:190} INFO - [2025-12-15T18:56:31.851+0000] {override.py:1911} INFO - Created Permission View: can read on DAG:example_branch_operator
[2025-12-15T18:56:31.874+0000] {logging_mixin.py:190} INFO - [2025-12-15T18:56:31.873+0000] {override.py:1911} INFO - Created Permission View: can edit on DAG:example_branch_operator
[2025-12-15T18:56:31.887+0000] {logging_mixin.py:190} INFO - [2025-12-15T18:56:31.886+0000] {override.py:1911} INFO - Created Permission View: can delete on DAG:example_branch_operator
[2025-12-15T18:56:31.905+0000] {logging_mixin.py:190} INFO - [2025-12-15T18:56:31.904+0000] {override.py:1911} INFO - Created Permission View: can read on DAG Run:example_branch_operator
[2025-12-15T18:56:31.925+0000] {logging_mixin.py:190} INFO - [2025-12-15T18:56:31.925+0000] {override.py:1911} INFO - Created Permission View: menu access on DAG Run:example_branch_operator
[2025-12-15T18:56:31.955+0000] {logging_mixin.py:190} INFO - [2025-12-15T18:56:31.954+0000] {override.py:1911} INFO - Created Permission View: can create on DAG Run:example_branch_operator
[2025-12-15T18:56:31.987+0000] {logging_mixin.py:190} INFO - [2025-12-15T18:56:31.987+0000] {override.py:1911} INFO - Created Permission View: can delete on DAG Run:example_branch_operator
[2025-12-15T18:56:31.988+0000] {logging_mixin.py:190} INFO - [2025-12-15T18:56:31.988+0000] {dag.py:3239} INFO - Sync 1 DAGs
[2025-12-15T18:56:32.048+0000] {logging_mixin.py:190} INFO - [2025-12-15T18:56:32.048+0000] {dag.py:3262} INFO - Creating ORM DAG for example_branch_operator
[2025-12-15T18:56:32.088+0000] {logging_mixin.py:190} INFO - [2025-12-15T18:56:32.087+0000] {dag.py:4180} INFO - Setting next_dagrun for example_branch_operator to 2025-12-14 00:00:00+00:00, run_after=2025-12-15 00:00:00+00:00
[2025-12-15T18:56:32.141+0000] {processor.py:208} INFO - Processing /home/airflow/.local/lib/python3.12/site-packages/airflow/example_dags/example_branch_operator.py took 0.883 seconds
[2025-12-15T18:57:04.821+0000] {processor.py:186} INFO - Started process (PID=747) to work on /home/airflow/.local/lib/python3.12/site-packages/airflow/example_dags/example_branch_operator.py
[2025-12-15T18:57:04.825+0000] {processor.py:914} INFO - Processing file /home/airflow/.local/lib/python3.12/site-packages/airflow/example_dags/example_branch_operator.py for tasks to queue
[2025-12-15T18:57:04.832+0000] {logging_mixin.py:190} INFO - [2025-12-15T18:57:04.831+0000] {dagbag.py:588} INFO - Filling up the DagBag from /home/airflow/.local/lib/python3.12/site-packages/airflow/example_dags/example_branch_operator.py
[2025-12-15T18:57:04.947+0000] {processor.py:925} INFO - DAG(s) 'example_branch_operator' retrieved from /home/airflow/.local/lib/python3.12/site-packages/airflow/example_dags/example_branch_operator.py
[2025-12-15T18:57:05.102+0000] {logging_mixin.py:190} INFO - [2025-12-15T18:57:05.101+0000] {dag.py:3239} INFO - Sync 1 DAGs
[2025-12-15T18:57:05.187+0000] {logging_mixin.py:190} INFO - [2025-12-15T18:57:05.186+0000] {dag.py:4180} INFO - Setting next_dagrun for example_branch_operator to 2025-12-14 00:00:00+00:00, run_after=2025-12-15 00:00:00+00:00
[2025-12-15T18:57:05.249+0000] {processor.py:208} INFO - Processing /home/airflow/.local/lib/python3.12/site-packages/airflow/example_dags/example_branch_operator.py took 0.470 seconds
[2025-12-15T18:57:40.151+0000] {processor.py:186} INFO - Started process (PID=1044) to work on /home/airflow/.local/lib/python3.12/site-packages/airflow/example_dags/example_branch_operator.py
[2025-12-15T18:57:40.166+0000] {processor.py:914} INFO - Processing file /home/airflow/.local/lib/python3.12/site-packages/airflow/example_dags/example_branch_operator.py for tasks to queue
[2025-12-15T18:57:40.217+0000] {logging_mixin.py:190} INFO - [2025-12-15T18:57:40.215+0000] {dagbag.py:588} INFO - Filling up the DagBag from /home/airflow/.local/lib/python3.12/site-packages/airflow/example_dags/example_branch_operator.py
[2025-12-15T18:57:40.505+0000] {processor.py:925} INFO - DAG(s) 'example_branch_operator' retrieved from /home/airflow/.local/lib/python3.12/site-packages/airflow/example_dags/example_branch_operator.py
[2025-12-15T18:57:40.847+0000] {logging_mixin.py:190} INFO - [2025-12-15T18:57:40.847+0000] {dag.py:3239} INFO - Sync 1 DAGs
[2025-12-15T18:57:41.177+0000] {logging_mixin.py:190} INFO - [2025-12-15T18:57:41.176+0000] {dag.py:4180} INFO - Setting next_dagrun for example_branch_operator to 2025-12-14 00:00:00+00:00, run_after=2025-12-15 00:00:00+00:00
[2025-12-15T18:57:41.424+0000] {processor.py:208} INFO - Processing /home/airflow/.local/lib/python3.12/site-packages/airflow/example_dags/example_branch_operator.py took 1.286 seconds
[2025-12-15T18:58:18.573+0000] {processor.py:186} INFO - Started process (PID=1331) to work on /home/airflow/.local/lib/python3.12/site-packages/airflow/example_dags/example_branch_operator.py
[2025-12-15T18:58:18.575+0000] {processor.py:914} INFO - Processing file /home/airflow/.local/lib/python3.12/site-packages/airflow/example_dags/example_branch_operator.py for tasks to queue
[2025-12-15T18:58:18.580+0000] {logging_mixin.py:190} INFO - [2025-12-15T18:58:18.580+0000] {dagbag.py:588} INFO - Filling up the DagBag from /home/airflow/.local/lib/python3.12/site-packages/airflow/example_dags/example_branch_operator.py
[2025-12-15T18:58:18.631+0000] {processor.py:925} INFO - DAG(s) 'example_branch_operator' retrieved from /home/airflow/.local/lib/python3.12/site-packages/airflow/example_dags/example_branch_operator.py
[2025-12-15T18:58:18.693+0000] {logging_mixin.py:190} INFO - [2025-12-15T18:58:18.692+0000] {dag.py:3239} INFO - Sync 1 DAGs
[2025-12-15T18:58:18.750+0000] {logging_mixin.py:190} INFO - [2025-12-15T18:58:18.749+0000] {dag.py:4180} INFO - Setting next_dagrun for example_branch_operator to 2025-12-14 00:00:00+00:00, run_after=2025-12-15 00:00:00+00:00
[2025-12-15T18:58:18.792+0000] {processor.py:208} INFO - Processing /home/airflow/.local/lib/python3.12/site-packages/airflow/example_dags/example_branch_operator.py took 0.233 seconds
[2025-12-15T18:58:52.022+0000] {processor.py:186} INFO - Started process (PID=1627) to work on /home/airflow/.local/lib/python3.12/site-packages/airflow/example_dags/example_branch_operator.py
[2025-12-15T18:58:52.025+0000] {processor.py:914} INFO - Processing file /home/airflow/.local/lib/python3.12/site-packages/airflow/example_dags/example_branch_operator.py for tasks to queue
[2025-12-15T18:58:52.031+0000] {logging_mixin.py:190} INFO - [2025-12-15T18:58:52.030+0000] {dagbag.py:588} INFO - Filling up the DagBag from /home/airflow/.local/lib/python3.12/site-packages/airflow/example_dags/example_branch_operator.py
[2025-12-15T18:58:52.086+0000] {processor.py:925} INFO - DAG(s) 'example_branch_operator' retrieved from /home/airflow/.local/lib/python3.12/site-packages/airflow/example_dags/example_branch_operator.py
[2025-12-15T18:58:52.175+0000] {logging_mixin.py:190} INFO - [2025-12-15T18:58:52.174+0000] {dag.py:3239} INFO - Sync 1 DAGs
[2025-12-15T18:58:52.276+0000] {logging_mixin.py:190} INFO - [2025-12-15T18:58:52.275+0000] {dag.py:4180} INFO - Setting next_dagrun for example_branch_operator to 2025-12-14 00:00:00+00:00, run_after=2025-12-15 00:00:00+00:00
[2025-12-15T18:58:52.359+0000] {processor.py:208} INFO - Processing /home/airflow/.local/lib/python3.12/site-packages/airflow/example_dags/example_branch_operator.py took 0.353 seconds
[2025-12-15T18:59:59.776+0000] {processor.py:186} INFO - Started process (PID=2037) to work on /home/airflow/.local/lib/python3.12/site-packages/airflow/example_dags/example_branch_operator.py
[2025-12-15T18:59:59.785+0000] {processor.py:914} INFO - Processing file /home/airflow/.local/lib/python3.12/site-packages/airflow/example_dags/example_branch_operator.py for tasks to queue
[2025-12-15T18:59:59.807+0000] {logging_mixin.py:190} INFO - [2025-12-15T18:59:59.806+0000] {dagbag.py:588} INFO - Filling up the DagBag from /home/airflow/.local/lib/python3.12/site-packages/airflow/example_dags/example_branch_operator.py
[2025-12-15T18:59:59.935+0000] {processor.py:925} INFO - DAG(s) 'example_branch_operator' retrieved from /home/airflow/.local/lib/python3.12/site-packages/airflow/example_dags/example_branch_operator.py
[2025-12-15T19:00:00.439+0000] {logging_mixin.py:190} INFO - [2025-12-15T19:00:00.438+0000] {dag.py:3239} INFO - Sync 1 DAGs
[2025-12-15T19:00:01.099+0000] {logging_mixin.py:190} INFO - [2025-12-15T19:00:01.097+0000] {dag.py:4180} INFO - Setting next_dagrun for example_branch_operator to 2025-12-14 00:00:00+00:00, run_after=2025-12-15 00:00:00+00:00
[2025-12-15T19:00:03.318+0000] {processor.py:208} INFO - Processing /home/airflow/.local/lib/python3.12/site-packages/airflow/example_dags/example_branch_operator.py took 3.576 seconds
[2025-12-15T19:01:57.861+0000] {processor.py:186} INFO - Started process (PID=2360) to work on /home/airflow/.local/lib/python3.12/site-packages/airflow/example_dags/example_branch_operator.py
[2025-12-15T19:01:57.864+0000] {processor.py:914} INFO - Processing file /home/airflow/.local/lib/python3.12/site-packages/airflow/example_dags/example_branch_operator.py for tasks to queue
[2025-12-15T19:01:57.870+0000] {logging_mixin.py:190} INFO - [2025-12-15T19:01:57.870+0000] {dagbag.py:588} INFO - Filling up the DagBag from /home/airflow/.local/lib/python3.12/site-packages/airflow/example_dags/example_branch_operator.py
[2025-12-15T19:01:57.925+0000] {processor.py:925} INFO - DAG(s) 'example_branch_operator' retrieved from /home/airflow/.local/lib/python3.12/site-packages/airflow/example_dags/example_branch_operator.py
[2025-12-15T19:01:57.994+0000] {logging_mixin.py:190} INFO - [2025-12-15T19:01:57.992+0000] {dag.py:3239} INFO - Sync 1 DAGs
[2025-12-15T19:01:58.049+0000] {logging_mixin.py:190} INFO - [2025-12-15T19:01:58.048+0000] {dag.py:4180} INFO - Setting next_dagrun for example_branch_operator to 2025-12-14 00:00:00+00:00, run_after=2025-12-15 00:00:00+00:00
[2025-12-15T19:01:58.090+0000] {processor.py:208} INFO - Processing /home/airflow/.local/lib/python3.12/site-packages/airflow/example_dags/example_branch_operator.py took 0.243 seconds
[2025-12-15T19:02:33.332+0000] {processor.py:186} INFO - Started process (PID=2736) to work on /home/airflow/.local/lib/python3.12/site-packages/airflow/example_dags/example_branch_operator.py
[2025-12-15T19:02:33.334+0000] {processor.py:914} INFO - Processing file /home/airflow/.local/lib/python3.12/site-packages/airflow/example_dags/example_branch_operator.py for tasks to queue
[2025-12-15T19:02:33.338+0000] {logging_mixin.py:190} INFO - [2025-12-15T19:02:33.337+0000] {dagbag.py:588} INFO - Filling up the DagBag from /home/airflow/.local/lib/python3.12/site-packages/airflow/example_dags/example_branch_operator.py
[2025-12-15T19:02:33.393+0000] {processor.py:925} INFO - DAG(s) 'example_branch_operator' retrieved from /home/airflow/.local/lib/python3.12/site-packages/airflow/example_dags/example_branch_operator.py
[2025-12-15T19:02:33.463+0000] {logging_mixin.py:190} INFO - [2025-12-15T19:02:33.462+0000] {dag.py:3239} INFO - Sync 1 DAGs
[2025-12-15T19:02:33.520+0000] {logging_mixin.py:190} INFO - [2025-12-15T19:02:33.520+0000] {dag.py:4180} INFO - Setting next_dagrun for example_branch_operator to 2025-12-14 00:00:00+00:00, run_after=2025-12-15 00:00:00+00:00
[2025-12-15T19:02:33.571+0000] {processor.py:208} INFO - Processing /home/airflow/.local/lib/python3.12/site-packages/airflow/example_dags/example_branch_operator.py took 0.257 seconds
[2025-12-15T19:03:08.030+0000] {processor.py:186} INFO - Started process (PID=3047) to work on /home/airflow/.local/lib/python3.12/site-packages/airflow/example_dags/example_branch_operator.py
[2025-12-15T19:03:08.033+0000] {processor.py:914} INFO - Processing file /home/airflow/.local/lib/python3.12/site-packages/airflow/example_dags/example_branch_operator.py for tasks to queue
[2025-12-15T19:03:08.039+0000] {logging_mixin.py:190} INFO - [2025-12-15T19:03:08.039+0000] {dagbag.py:588} INFO - Filling up the DagBag from /home/airflow/.local/lib/python3.12/site-packages/airflow/example_dags/example_branch_operator.py
[2025-12-15T19:03:08.089+0000] {processor.py:925} INFO - DAG(s) 'example_branch_operator' retrieved from /home/airflow/.local/lib/python3.12/site-packages/airflow/example_dags/example_branch_operator.py
[2025-12-15T19:03:08.156+0000] {logging_mixin.py:190} INFO - [2025-12-15T19:03:08.156+0000] {dag.py:3239} INFO - Sync 1 DAGs
[2025-12-15T19:03:08.217+0000] {logging_mixin.py:190} INFO - [2025-12-15T19:03:08.216+0000] {dag.py:4180} INFO - Setting next_dagrun for example_branch_operator to 2025-12-14 00:00:00+00:00, run_after=2025-12-15 00:00:00+00:00
[2025-12-15T19:03:08.257+0000] {processor.py:208} INFO - Processing /home/airflow/.local/lib/python3.12/site-packages/airflow/example_dags/example_branch_operator.py took 0.243 seconds
[2025-12-15T19:03:39.868+0000] {processor.py:186} INFO - Started process (PID=3338) to work on /home/airflow/.local/lib/python3.12/site-packages/airflow/example_dags/example_branch_operator.py
[2025-12-15T19:03:39.887+0000] {processor.py:914} INFO - Processing file /home/airflow/.local/lib/python3.12/site-packages/airflow/example_dags/example_branch_operator.py for tasks to queue
[2025-12-15T19:03:39.895+0000] {logging_mixin.py:190} INFO - [2025-12-15T19:03:39.894+0000] {dagbag.py:588} INFO - Filling up the DagBag from /home/airflow/.local/lib/python3.12/site-packages/airflow/example_dags/example_branch_operator.py
[2025-12-15T19:03:40.037+0000] {processor.py:925} INFO - DAG(s) 'example_branch_operator' retrieved from /home/airflow/.local/lib/python3.12/site-packages/airflow/example_dags/example_branch_operator.py
[2025-12-15T19:03:40.234+0000] {logging_mixin.py:190} INFO - [2025-12-15T19:03:40.234+0000] {dag.py:3239} INFO - Sync 1 DAGs
[2025-12-15T19:03:40.441+0000] {logging_mixin.py:190} INFO - [2025-12-15T19:03:40.440+0000] {dag.py:4180} INFO - Setting next_dagrun for example_branch_operator to 2025-12-14 00:00:00+00:00, run_after=2025-12-15 00:00:00+00:00
[2025-12-15T19:03:40.557+0000] {processor.py:208} INFO - Processing /home/airflow/.local/lib/python3.12/site-packages/airflow/example_dags/example_branch_operator.py took 0.727 seconds
[2025-12-15T19:04:12.173+0000] {processor.py:186} INFO - Started process (PID=3629) to work on /home/airflow/.local/lib/python3.12/site-packages/airflow/example_dags/example_branch_operator.py
[2025-12-15T19:04:12.176+0000] {processor.py:914} INFO - Processing file /home/airflow/.local/lib/python3.12/site-packages/airflow/example_dags/example_branch_operator.py for tasks to queue
[2025-12-15T19:04:12.180+0000] {logging_mixin.py:190} INFO - [2025-12-15T19:04:12.180+0000] {dagbag.py:588} INFO - Filling up the DagBag from /home/airflow/.local/lib/python3.12/site-packages/airflow/example_dags/example_branch_operator.py
[2025-12-15T19:04:12.219+0000] {processor.py:925} INFO - DAG(s) 'example_branch_operator' retrieved from /home/airflow/.local/lib/python3.12/site-packages/airflow/example_dags/example_branch_operator.py
[2025-12-15T19:04:12.273+0000] {logging_mixin.py:190} INFO - [2025-12-15T19:04:12.273+0000] {dag.py:3239} INFO - Sync 1 DAGs
[2025-12-15T19:04:12.322+0000] {logging_mixin.py:190} INFO - [2025-12-15T19:04:12.322+0000] {dag.py:4180} INFO - Setting next_dagrun for example_branch_operator to 2025-12-14 00:00:00+00:00, run_after=2025-12-15 00:00:00+00:00
[2025-12-15T19:04:12.361+0000] {processor.py:208} INFO - Processing /home/airflow/.local/lib/python3.12/site-packages/airflow/example_dags/example_branch_operator.py took 0.204 seconds
[2025-12-15T19:04:45.647+0000] {processor.py:186} INFO - Started process (PID=3920) to work on /home/airflow/.local/lib/python3.12/site-packages/airflow/example_dags/example_branch_operator.py
[2025-12-15T19:04:45.650+0000] {processor.py:914} INFO - Processing file /home/airflow/.local/lib/python3.12/site-packages/airflow/example_dags/example_branch_operator.py for tasks to queue
[2025-12-15T19:04:45.654+0000] {logging_mixin.py:190} INFO - [2025-12-15T19:04:45.653+0000] {dagbag.py:588} INFO - Filling up the DagBag from /home/airflow/.local/lib/python3.12/site-packages/airflow/example_dags/example_branch_operator.py
[2025-12-15T19:04:45.684+0000] {processor.py:925} INFO - DAG(s) 'example_branch_operator' retrieved from /home/airflow/.local/lib/python3.12/site-packages/airflow/example_dags/example_branch_operator.py
[2025-12-15T19:04:45.726+0000] {logging_mixin.py:190} INFO - [2025-12-15T19:04:45.726+0000] {dag.py:3239} INFO - Sync 1 DAGs
[2025-12-15T19:04:45.766+0000] {logging_mixin.py:190} INFO - [2025-12-15T19:04:45.766+0000] {dag.py:4180} INFO - Setting next_dagrun for example_branch_operator to 2025-12-14 00:00:00+00:00, run_after=2025-12-15 00:00:00+00:00
[2025-12-15T19:04:45.797+0000] {processor.py:208} INFO - Processing /home/airflow/.local/lib/python3.12/site-packages/airflow/example_dags/example_branch_operator.py took 0.159 seconds
[2025-12-15T19:05:18.194+0000] {processor.py:186} INFO - Started process (PID=4211) to work on /home/airflow/.local/lib/python3.12/site-packages/airflow/example_dags/example_branch_operator.py
[2025-12-15T19:05:18.196+0000] {processor.py:914} INFO - Processing file /home/airflow/.local/lib/python3.12/site-packages/airflow/example_dags/example_branch_operator.py for tasks to queue
[2025-12-15T19:05:18.199+0000] {logging_mixin.py:190} INFO - [2025-12-15T19:05:18.199+0000] {dagbag.py:588} INFO - Filling up the DagBag from /home/airflow/.local/lib/python3.12/site-packages/airflow/example_dags/example_branch_operator.py
[2025-12-15T19:05:18.233+0000] {processor.py:925} INFO - DAG(s) 'example_branch_operator' retrieved from /home/airflow/.local/lib/python3.12/site-packages/airflow/example_dags/example_branch_operator.py
[2025-12-15T19:05:18.280+0000] {logging_mixin.py:190} INFO - [2025-12-15T19:05:18.280+0000] {dag.py:3239} INFO - Sync 1 DAGs
[2025-12-15T19:05:18.322+0000] {logging_mixin.py:190} INFO - [2025-12-15T19:05:18.321+0000] {dag.py:4180} INFO - Setting next_dagrun for example_branch_operator to 2025-12-14 00:00:00+00:00, run_after=2025-12-15 00:00:00+00:00
[2025-12-15T19:05:18.354+0000] {processor.py:208} INFO - Processing /home/airflow/.local/lib/python3.12/site-packages/airflow/example_dags/example_branch_operator.py took 0.170 seconds
[2025-12-15T19:05:49.295+0000] {processor.py:186} INFO - Started process (PID=4502) to work on /home/airflow/.local/lib/python3.12/site-packages/airflow/example_dags/example_branch_operator.py
[2025-12-15T19:05:49.297+0000] {processor.py:914} INFO - Processing file /home/airflow/.local/lib/python3.12/site-packages/airflow/example_dags/example_branch_operator.py for tasks to queue
[2025-12-15T19:05:49.301+0000] {logging_mixin.py:190} INFO - [2025-12-15T19:05:49.300+0000] {dagbag.py:588} INFO - Filling up the DagBag from /home/airflow/.local/lib/python3.12/site-packages/airflow/example_dags/example_branch_operator.py
[2025-12-15T19:05:49.327+0000] {processor.py:925} INFO - DAG(s) 'example_branch_operator' retrieved from /home/airflow/.local/lib/python3.12/site-packages/airflow/example_dags/example_branch_operator.py
[2025-12-15T19:05:49.365+0000] {logging_mixin.py:190} INFO - [2025-12-15T19:05:49.364+0000] {dag.py:3239} INFO - Sync 1 DAGs
[2025-12-15T19:05:49.400+0000] {logging_mixin.py:190} INFO - [2025-12-15T19:05:49.399+0000] {dag.py:4180} INFO - Setting next_dagrun for example_branch_operator to 2025-12-14 00:00:00+00:00, run_after=2025-12-15 00:00:00+00:00
[2025-12-15T19:05:49.432+0000] {processor.py:208} INFO - Processing /home/airflow/.local/lib/python3.12/site-packages/airflow/example_dags/example_branch_operator.py took 0.145 seconds
[2025-12-15T19:06:23.395+0000] {processor.py:186} INFO - Started process (PID=4793) to work on /home/airflow/.local/lib/python3.12/site-packages/airflow/example_dags/example_branch_operator.py
[2025-12-15T19:06:23.397+0000] {processor.py:914} INFO - Processing file /home/airflow/.local/lib/python3.12/site-packages/airflow/example_dags/example_branch_operator.py for tasks to queue
[2025-12-15T19:06:23.400+0000] {logging_mixin.py:190} INFO - [2025-12-15T19:06:23.400+0000] {dagbag.py:588} INFO - Filling up the DagBag from /home/airflow/.local/lib/python3.12/site-packages/airflow/example_dags/example_branch_operator.py
[2025-12-15T19:06:23.439+0000] {processor.py:925} INFO - DAG(s) 'example_branch_operator' retrieved from /home/airflow/.local/lib/python3.12/site-packages/airflow/example_dags/example_branch_operator.py
[2025-12-15T19:06:23.487+0000] {logging_mixin.py:190} INFO - [2025-12-15T19:06:23.486+0000] {dag.py:3239} INFO - Sync 1 DAGs
[2025-12-15T19:06:23.530+0000] {logging_mixin.py:190} INFO - [2025-12-15T19:06:23.529+0000] {dag.py:4180} INFO - Setting next_dagrun for example_branch_operator to 2025-12-14 00:00:00+00:00, run_after=2025-12-15 00:00:00+00:00
[2025-12-15T19:06:23.557+0000] {processor.py:208} INFO - Processing /home/airflow/.local/lib/python3.12/site-packages/airflow/example_dags/example_branch_operator.py took 0.174 seconds
[2025-12-15T19:06:56.177+0000] {processor.py:186} INFO - Started process (PID=5084) to work on /home/airflow/.local/lib/python3.12/site-packages/airflow/example_dags/example_branch_operator.py
[2025-12-15T19:06:56.179+0000] {processor.py:914} INFO - Processing file /home/airflow/.local/lib/python3.12/site-packages/airflow/example_dags/example_branch_operator.py for tasks to queue
[2025-12-15T19:06:56.184+0000] {logging_mixin.py:190} INFO - [2025-12-15T19:06:56.184+0000] {dagbag.py:588} INFO - Filling up the DagBag from /home/airflow/.local/lib/python3.12/site-packages/airflow/example_dags/example_branch_operator.py
[2025-12-15T19:06:56.219+0000] {processor.py:925} INFO - DAG(s) 'example_branch_operator' retrieved from /home/airflow/.local/lib/python3.12/site-packages/airflow/example_dags/example_branch_operator.py
[2025-12-15T19:06:56.275+0000] {logging_mixin.py:190} INFO - [2025-12-15T19:06:56.274+0000] {dag.py:3239} INFO - Sync 1 DAGs
[2025-12-15T19:06:56.317+0000] {logging_mixin.py:190} INFO - [2025-12-15T19:06:56.316+0000] {dag.py:4180} INFO - Setting next_dagrun for example_branch_operator to 2025-12-14 00:00:00+00:00, run_after=2025-12-15 00:00:00+00:00
[2025-12-15T19:06:56.351+0000] {processor.py:208} INFO - Processing /home/airflow/.local/lib/python3.12/site-packages/airflow/example_dags/example_branch_operator.py took 0.184 seconds
[2025-12-15T19:07:33.086+0000] {processor.py:186} INFO - Started process (PID=5375) to work on /home/airflow/.local/lib/python3.12/site-packages/airflow/example_dags/example_branch_operator.py
[2025-12-15T19:07:33.088+0000] {processor.py:914} INFO - Processing file /home/airflow/.local/lib/python3.12/site-packages/airflow/example_dags/example_branch_operator.py for tasks to queue
[2025-12-15T19:07:33.094+0000] {logging_mixin.py:190} INFO - [2025-12-15T19:07:33.093+0000] {dagbag.py:588} INFO - Filling up the DagBag from /home/airflow/.local/lib/python3.12/site-packages/airflow/example_dags/example_branch_operator.py
[2025-12-15T19:07:33.136+0000] {processor.py:925} INFO - DAG(s) 'example_branch_operator' retrieved from /home/airflow/.local/lib/python3.12/site-packages/airflow/example_dags/example_branch_operator.py
[2025-12-15T19:07:33.182+0000] {logging_mixin.py:190} INFO - [2025-12-15T19:07:33.182+0000] {dag.py:3239} INFO - Sync 1 DAGs
[2025-12-15T19:07:33.221+0000] {logging_mixin.py:190} INFO - [2025-12-15T19:07:33.221+0000] {dag.py:4180} INFO - Setting next_dagrun for example_branch_operator to 2025-12-14 00:00:00+00:00, run_after=2025-12-15 00:00:00+00:00
[2025-12-15T19:07:33.252+0000] {processor.py:208} INFO - Processing /home/airflow/.local/lib/python3.12/site-packages/airflow/example_dags/example_branch_operator.py took 0.179 seconds
[2025-12-15T19:08:05.024+0000] {processor.py:186} INFO - Started process (PID=5666) to work on /home/airflow/.local/lib/python3.12/site-packages/airflow/example_dags/example_branch_operator.py
[2025-12-15T19:08:05.026+0000] {processor.py:914} INFO - Processing file /home/airflow/.local/lib/python3.12/site-packages/airflow/example_dags/example_branch_operator.py for tasks to queue
[2025-12-15T19:08:05.030+0000] {logging_mixin.py:190} INFO - [2025-12-15T19:08:05.028+0000] {dagbag.py:588} INFO - Filling up the DagBag from /home/airflow/.local/lib/python3.12/site-packages/airflow/example_dags/example_branch_operator.py
[2025-12-15T19:08:05.059+0000] {processor.py:925} INFO - DAG(s) 'example_branch_operator' retrieved from /home/airflow/.local/lib/python3.12/site-packages/airflow/example_dags/example_branch_operator.py
[2025-12-15T19:08:05.113+0000] {logging_mixin.py:190} INFO - [2025-12-15T19:08:05.112+0000] {dag.py:3239} INFO - Sync 1 DAGs
[2025-12-15T19:08:05.160+0000] {logging_mixin.py:190} INFO - [2025-12-15T19:08:05.159+0000] {dag.py:4180} INFO - Setting next_dagrun for example_branch_operator to 2025-12-14 00:00:00+00:00, run_after=2025-12-15 00:00:00+00:00
[2025-12-15T19:08:05.185+0000] {processor.py:208} INFO - Processing /home/airflow/.local/lib/python3.12/site-packages/airflow/example_dags/example_branch_operator.py took 0.170 seconds
[2025-12-15T19:08:40.276+0000] {processor.py:186} INFO - Started process (PID=5957) to work on /home/airflow/.local/lib/python3.12/site-packages/airflow/example_dags/example_branch_operator.py
[2025-12-15T19:08:40.282+0000] {processor.py:914} INFO - Processing file /home/airflow/.local/lib/python3.12/site-packages/airflow/example_dags/example_branch_operator.py for tasks to queue
[2025-12-15T19:08:40.286+0000] {logging_mixin.py:190} INFO - [2025-12-15T19:08:40.286+0000] {dagbag.py:588} INFO - Filling up the DagBag from /home/airflow/.local/lib/python3.12/site-packages/airflow/example_dags/example_branch_operator.py
[2025-12-15T19:08:40.340+0000] {processor.py:925} INFO - DAG(s) 'example_branch_operator' retrieved from /home/airflow/.local/lib/python3.12/site-packages/airflow/example_dags/example_branch_operator.py
[2025-12-15T19:08:40.418+0000] {logging_mixin.py:190} INFO - [2025-12-15T19:08:40.418+0000] {dag.py:3239} INFO - Sync 1 DAGs
[2025-12-15T19:08:40.481+0000] {logging_mixin.py:190} INFO - [2025-12-15T19:08:40.480+0000] {dag.py:4180} INFO - Setting next_dagrun for example_branch_operator to 2025-12-14 00:00:00+00:00, run_after=2025-12-15 00:00:00+00:00
[2025-12-15T19:08:40.537+0000] {processor.py:208} INFO - Processing /home/airflow/.local/lib/python3.12/site-packages/airflow/example_dags/example_branch_operator.py took 0.277 seconds
[2025-12-15T19:09:11.448+0000] {processor.py:186} INFO - Started process (PID=6248) to work on /home/airflow/.local/lib/python3.12/site-packages/airflow/example_dags/example_branch_operator.py
[2025-12-15T19:09:11.449+0000] {processor.py:914} INFO - Processing file /home/airflow/.local/lib/python3.12/site-packages/airflow/example_dags/example_branch_operator.py for tasks to queue
[2025-12-15T19:09:11.453+0000] {logging_mixin.py:190} INFO - [2025-12-15T19:09:11.452+0000] {dagbag.py:588} INFO - Filling up the DagBag from /home/airflow/.local/lib/python3.12/site-packages/airflow/example_dags/example_branch_operator.py
[2025-12-15T19:09:11.481+0000] {processor.py:925} INFO - DAG(s) 'example_branch_operator' retrieved from /home/airflow/.local/lib/python3.12/site-packages/airflow/example_dags/example_branch_operator.py
[2025-12-15T19:09:11.521+0000] {logging_mixin.py:190} INFO - [2025-12-15T19:09:11.521+0000] {dag.py:3239} INFO - Sync 1 DAGs
[2025-12-15T19:09:11.555+0000] {logging_mixin.py:190} INFO - [2025-12-15T19:09:11.555+0000] {dag.py:4180} INFO - Setting next_dagrun for example_branch_operator to 2025-12-14 00:00:00+00:00, run_after=2025-12-15 00:00:00+00:00
[2025-12-15T19:09:11.589+0000] {processor.py:208} INFO - Processing /home/airflow/.local/lib/python3.12/site-packages/airflow/example_dags/example_branch_operator.py took 0.150 seconds
[2025-12-15T19:09:44.924+0000] {processor.py:186} INFO - Started process (PID=6541) to work on /home/airflow/.local/lib/python3.12/site-packages/airflow/example_dags/example_branch_operator.py
[2025-12-15T19:09:44.932+0000] {processor.py:914} INFO - Processing file /home/airflow/.local/lib/python3.12/site-packages/airflow/example_dags/example_branch_operator.py for tasks to queue
[2025-12-15T19:09:44.941+0000] {logging_mixin.py:190} INFO - [2025-12-15T19:09:44.940+0000] {dagbag.py:588} INFO - Filling up the DagBag from /home/airflow/.local/lib/python3.12/site-packages/airflow/example_dags/example_branch_operator.py
[2025-12-15T19:09:45.090+0000] {processor.py:925} INFO - DAG(s) 'example_branch_operator' retrieved from /home/airflow/.local/lib/python3.12/site-packages/airflow/example_dags/example_branch_operator.py
[2025-12-15T19:09:45.340+0000] {logging_mixin.py:190} INFO - [2025-12-15T19:09:45.330+0000] {dag.py:3239} INFO - Sync 1 DAGs
[2025-12-15T19:09:45.563+0000] {logging_mixin.py:190} INFO - [2025-12-15T19:09:45.562+0000] {dag.py:4180} INFO - Setting next_dagrun for example_branch_operator to 2025-12-14 00:00:00+00:00, run_after=2025-12-15 00:00:00+00:00
[2025-12-15T19:09:45.693+0000] {processor.py:208} INFO - Processing /home/airflow/.local/lib/python3.12/site-packages/airflow/example_dags/example_branch_operator.py took 0.795 seconds
[2025-12-15T19:10:16.303+0000] {processor.py:186} INFO - Started process (PID=6832) to work on /home/airflow/.local/lib/python3.12/site-packages/airflow/example_dags/example_branch_operator.py
[2025-12-15T19:10:16.305+0000] {processor.py:914} INFO - Processing file /home/airflow/.local/lib/python3.12/site-packages/airflow/example_dags/example_branch_operator.py for tasks to queue
[2025-12-15T19:10:16.311+0000] {logging_mixin.py:190} INFO - [2025-12-15T19:10:16.310+0000] {dagbag.py:588} INFO - Filling up the DagBag from /home/airflow/.local/lib/python3.12/site-packages/airflow/example_dags/example_branch_operator.py
[2025-12-15T19:10:16.353+0000] {processor.py:925} INFO - DAG(s) 'example_branch_operator' retrieved from /home/airflow/.local/lib/python3.12/site-packages/airflow/example_dags/example_branch_operator.py
[2025-12-15T19:10:16.415+0000] {logging_mixin.py:190} INFO - [2025-12-15T19:10:16.415+0000] {dag.py:3239} INFO - Sync 1 DAGs
[2025-12-15T19:10:16.482+0000] {logging_mixin.py:190} INFO - [2025-12-15T19:10:16.482+0000] {dag.py:4180} INFO - Setting next_dagrun for example_branch_operator to 2025-12-14 00:00:00+00:00, run_after=2025-12-15 00:00:00+00:00
[2025-12-15T19:10:16.518+0000] {processor.py:208} INFO - Processing /home/airflow/.local/lib/python3.12/site-packages/airflow/example_dags/example_branch_operator.py took 0.226 seconds
[2025-12-15T19:10:49.075+0000] {processor.py:186} INFO - Started process (PID=7124) to work on /home/airflow/.local/lib/python3.12/site-packages/airflow/example_dags/example_branch_operator.py
[2025-12-15T19:10:49.094+0000] {processor.py:914} INFO - Processing file /home/airflow/.local/lib/python3.12/site-packages/airflow/example_dags/example_branch_operator.py for tasks to queue
[2025-12-15T19:10:49.098+0000] {logging_mixin.py:190} INFO - [2025-12-15T19:10:49.097+0000] {dagbag.py:588} INFO - Filling up the DagBag from /home/airflow/.local/lib/python3.12/site-packages/airflow/example_dags/example_branch_operator.py
[2025-12-15T19:10:49.130+0000] {processor.py:925} INFO - DAG(s) 'example_branch_operator' retrieved from /home/airflow/.local/lib/python3.12/site-packages/airflow/example_dags/example_branch_operator.py
[2025-12-15T19:10:49.178+0000] {logging_mixin.py:190} INFO - [2025-12-15T19:10:49.178+0000] {dag.py:3239} INFO - Sync 1 DAGs
[2025-12-15T19:10:49.221+0000] {logging_mixin.py:190} INFO - [2025-12-15T19:10:49.221+0000] {dag.py:4180} INFO - Setting next_dagrun for example_branch_operator to 2025-12-14 00:00:00+00:00, run_after=2025-12-15 00:00:00+00:00
[2025-12-15T19:10:49.251+0000] {processor.py:208} INFO - Processing /home/airflow/.local/lib/python3.12/site-packages/airflow/example_dags/example_branch_operator.py took 0.189 seconds
[2025-12-15T19:11:19.704+0000] {processor.py:186} INFO - Started process (PID=7413) to work on /home/airflow/.local/lib/python3.12/site-packages/airflow/example_dags/example_branch_operator.py
[2025-12-15T19:11:19.717+0000] {processor.py:914} INFO - Processing file /home/airflow/.local/lib/python3.12/site-packages/airflow/example_dags/example_branch_operator.py for tasks to queue
[2025-12-15T19:11:19.720+0000] {logging_mixin.py:190} INFO - [2025-12-15T19:11:19.720+0000] {dagbag.py:588} INFO - Filling up the DagBag from /home/airflow/.local/lib/python3.12/site-packages/airflow/example_dags/example_branch_operator.py
[2025-12-15T19:11:19.748+0000] {processor.py:925} INFO - DAG(s) 'example_branch_operator' retrieved from /home/airflow/.local/lib/python3.12/site-packages/airflow/example_dags/example_branch_operator.py
[2025-12-15T19:11:19.787+0000] {logging_mixin.py:190} INFO - [2025-12-15T19:11:19.787+0000] {dag.py:3239} INFO - Sync 1 DAGs
[2025-12-15T19:11:19.823+0000] {logging_mixin.py:190} INFO - [2025-12-15T19:11:19.822+0000] {dag.py:4180} INFO - Setting next_dagrun for example_branch_operator to 2025-12-14 00:00:00+00:00, run_after=2025-12-15 00:00:00+00:00
[2025-12-15T19:11:19.852+0000] {processor.py:208} INFO - Processing /home/airflow/.local/lib/python3.12/site-packages/airflow/example_dags/example_branch_operator.py took 0.157 seconds
[2025-12-15T19:11:51.416+0000] {processor.py:186} INFO - Started process (PID=7704) to work on /home/airflow/.local/lib/python3.12/site-packages/airflow/example_dags/example_branch_operator.py
[2025-12-15T19:11:51.437+0000] {processor.py:914} INFO - Processing file /home/airflow/.local/lib/python3.12/site-packages/airflow/example_dags/example_branch_operator.py for tasks to queue
[2025-12-15T19:11:51.439+0000] {logging_mixin.py:190} INFO - [2025-12-15T19:11:51.438+0000] {dagbag.py:588} INFO - Filling up the DagBag from /home/airflow/.local/lib/python3.12/site-packages/airflow/example_dags/example_branch_operator.py
[2025-12-15T19:11:51.477+0000] {processor.py:925} INFO - DAG(s) 'example_branch_operator' retrieved from /home/airflow/.local/lib/python3.12/site-packages/airflow/example_dags/example_branch_operator.py
[2025-12-15T19:11:51.533+0000] {logging_mixin.py:190} INFO - [2025-12-15T19:11:51.532+0000] {dag.py:3239} INFO - Sync 1 DAGs
[2025-12-15T19:11:51.575+0000] {logging_mixin.py:190} INFO - [2025-12-15T19:11:51.574+0000] {dag.py:4180} INFO - Setting next_dagrun for example_branch_operator to 2025-12-14 00:00:00+00:00, run_after=2025-12-15 00:00:00+00:00
[2025-12-15T19:11:51.607+0000] {processor.py:208} INFO - Processing /home/airflow/.local/lib/python3.12/site-packages/airflow/example_dags/example_branch_operator.py took 0.205 seconds
[2025-12-15T19:12:23.063+0000] {processor.py:186} INFO - Started process (PID=7997) to work on /home/airflow/.local/lib/python3.12/site-packages/airflow/example_dags/example_branch_operator.py
[2025-12-15T19:12:23.066+0000] {processor.py:914} INFO - Processing file /home/airflow/.local/lib/python3.12/site-packages/airflow/example_dags/example_branch_operator.py for tasks to queue
[2025-12-15T19:12:23.069+0000] {logging_mixin.py:190} INFO - [2025-12-15T19:12:23.068+0000] {dagbag.py:588} INFO - Filling up the DagBag from /home/airflow/.local/lib/python3.12/site-packages/airflow/example_dags/example_branch_operator.py
[2025-12-15T19:12:23.120+0000] {processor.py:925} INFO - DAG(s) 'example_branch_operator' retrieved from /home/airflow/.local/lib/python3.12/site-packages/airflow/example_dags/example_branch_operator.py
[2025-12-15T19:12:23.164+0000] {logging_mixin.py:190} INFO - [2025-12-15T19:12:23.163+0000] {dag.py:3239} INFO - Sync 1 DAGs
[2025-12-15T19:12:23.205+0000] {logging_mixin.py:190} INFO - [2025-12-15T19:12:23.204+0000] {dag.py:4180} INFO - Setting next_dagrun for example_branch_operator to 2025-12-14 00:00:00+00:00, run_after=2025-12-15 00:00:00+00:00
[2025-12-15T19:12:23.253+0000] {processor.py:208} INFO - Processing /home/airflow/.local/lib/python3.12/site-packages/airflow/example_dags/example_branch_operator.py took 0.209 seconds
[2025-12-15T19:12:54.564+0000] {processor.py:186} INFO - Started process (PID=8293) to work on /home/airflow/.local/lib/python3.12/site-packages/airflow/example_dags/example_branch_operator.py
[2025-12-15T19:12:54.565+0000] {processor.py:914} INFO - Processing file /home/airflow/.local/lib/python3.12/site-packages/airflow/example_dags/example_branch_operator.py for tasks to queue
[2025-12-15T19:12:54.567+0000] {logging_mixin.py:190} INFO - [2025-12-15T19:12:54.566+0000] {dagbag.py:588} INFO - Filling up the DagBag from /home/airflow/.local/lib/python3.12/site-packages/airflow/example_dags/example_branch_operator.py
[2025-12-15T19:12:54.591+0000] {processor.py:925} INFO - DAG(s) 'example_branch_operator' retrieved from /home/airflow/.local/lib/python3.12/site-packages/airflow/example_dags/example_branch_operator.py
[2025-12-15T19:12:54.626+0000] {logging_mixin.py:190} INFO - [2025-12-15T19:12:54.626+0000] {dag.py:3239} INFO - Sync 1 DAGs
[2025-12-15T19:12:54.660+0000] {logging_mixin.py:190} INFO - [2025-12-15T19:12:54.659+0000] {dag.py:4180} INFO - Setting next_dagrun for example_branch_operator to 2025-12-14 00:00:00+00:00, run_after=2025-12-15 00:00:00+00:00
[2025-12-15T19:12:54.706+0000] {processor.py:208} INFO - Processing /home/airflow/.local/lib/python3.12/site-packages/airflow/example_dags/example_branch_operator.py took 0.151 seconds
[2025-12-15T19:13:30.241+0000] {processor.py:186} INFO - Started process (PID=8593) to work on /home/airflow/.local/lib/python3.12/site-packages/airflow/example_dags/example_branch_operator.py
[2025-12-15T19:13:30.243+0000] {processor.py:914} INFO - Processing file /home/airflow/.local/lib/python3.12/site-packages/airflow/example_dags/example_branch_operator.py for tasks to queue
[2025-12-15T19:13:30.245+0000] {logging_mixin.py:190} INFO - [2025-12-15T19:13:30.245+0000] {dagbag.py:588} INFO - Filling up the DagBag from /home/airflow/.local/lib/python3.12/site-packages/airflow/example_dags/example_branch_operator.py
[2025-12-15T19:13:30.297+0000] {processor.py:925} INFO - DAG(s) 'example_branch_operator' retrieved from /home/airflow/.local/lib/python3.12/site-packages/airflow/example_dags/example_branch_operator.py
[2025-12-15T19:13:30.380+0000] {logging_mixin.py:190} INFO - [2025-12-15T19:13:30.380+0000] {dag.py:3239} INFO - Sync 1 DAGs
[2025-12-15T19:13:30.478+0000] {logging_mixin.py:190} INFO - [2025-12-15T19:13:30.477+0000] {dag.py:4180} INFO - Setting next_dagrun for example_branch_operator to 2025-12-14 00:00:00+00:00, run_after=2025-12-15 00:00:00+00:00
[2025-12-15T19:13:30.544+0000] {processor.py:208} INFO - Processing /home/airflow/.local/lib/python3.12/site-packages/airflow/example_dags/example_branch_operator.py took 0.329 seconds
[2025-12-15T19:14:01.621+0000] {processor.py:186} INFO - Started process (PID=8884) to work on /home/airflow/.local/lib/python3.12/site-packages/airflow/example_dags/example_branch_operator.py
[2025-12-15T19:14:01.634+0000] {processor.py:914} INFO - Processing file /home/airflow/.local/lib/python3.12/site-packages/airflow/example_dags/example_branch_operator.py for tasks to queue
[2025-12-15T19:14:01.638+0000] {logging_mixin.py:190} INFO - [2025-12-15T19:14:01.636+0000] {dagbag.py:588} INFO - Filling up the DagBag from /home/airflow/.local/lib/python3.12/site-packages/airflow/example_dags/example_branch_operator.py
[2025-12-15T19:14:01.744+0000] {processor.py:925} INFO - DAG(s) 'example_branch_operator' retrieved from /home/airflow/.local/lib/python3.12/site-packages/airflow/example_dags/example_branch_operator.py
[2025-12-15T19:14:01.870+0000] {logging_mixin.py:190} INFO - [2025-12-15T19:14:01.869+0000] {dag.py:3239} INFO - Sync 1 DAGs
[2025-12-15T19:14:01.951+0000] {logging_mixin.py:190} INFO - [2025-12-15T19:14:01.950+0000] {dag.py:4180} INFO - Setting next_dagrun for example_branch_operator to 2025-12-14 00:00:00+00:00, run_after=2025-12-15 00:00:00+00:00
[2025-12-15T19:14:02.032+0000] {processor.py:208} INFO - Processing /home/airflow/.local/lib/python3.12/site-packages/airflow/example_dags/example_branch_operator.py took 0.441 seconds
[2025-12-15T19:14:32.191+0000] {processor.py:186} INFO - Started process (PID=9175) to work on /home/airflow/.local/lib/python3.12/site-packages/airflow/example_dags/example_branch_operator.py
[2025-12-15T19:14:32.193+0000] {processor.py:914} INFO - Processing file /home/airflow/.local/lib/python3.12/site-packages/airflow/example_dags/example_branch_operator.py for tasks to queue
[2025-12-15T19:14:32.195+0000] {logging_mixin.py:190} INFO - [2025-12-15T19:14:32.194+0000] {dagbag.py:588} INFO - Filling up the DagBag from /home/airflow/.local/lib/python3.12/site-packages/airflow/example_dags/example_branch_operator.py
[2025-12-15T19:14:32.228+0000] {processor.py:925} INFO - DAG(s) 'example_branch_operator' retrieved from /home/airflow/.local/lib/python3.12/site-packages/airflow/example_dags/example_branch_operator.py
[2025-12-15T19:14:32.278+0000] {logging_mixin.py:190} INFO - [2025-12-15T19:14:32.277+0000] {dag.py:3239} INFO - Sync 1 DAGs
[2025-12-15T19:14:32.323+0000] {logging_mixin.py:190} INFO - [2025-12-15T19:14:32.321+0000] {dag.py:4180} INFO - Setting next_dagrun for example_branch_operator to 2025-12-14 00:00:00+00:00, run_after=2025-12-15 00:00:00+00:00
[2025-12-15T19:14:32.353+0000] {processor.py:208} INFO - Processing /home/airflow/.local/lib/python3.12/site-packages/airflow/example_dags/example_branch_operator.py took 0.176 seconds
[2025-12-15T19:15:06.100+0000] {processor.py:186} INFO - Started process (PID=9466) to work on /home/airflow/.local/lib/python3.12/site-packages/airflow/example_dags/example_branch_operator.py
[2025-12-15T19:15:06.102+0000] {processor.py:914} INFO - Processing file /home/airflow/.local/lib/python3.12/site-packages/airflow/example_dags/example_branch_operator.py for tasks to queue
[2025-12-15T19:15:06.104+0000] {logging_mixin.py:190} INFO - [2025-12-15T19:15:06.103+0000] {dagbag.py:588} INFO - Filling up the DagBag from /home/airflow/.local/lib/python3.12/site-packages/airflow/example_dags/example_branch_operator.py
[2025-12-15T19:15:06.152+0000] {processor.py:925} INFO - DAG(s) 'example_branch_operator' retrieved from /home/airflow/.local/lib/python3.12/site-packages/airflow/example_dags/example_branch_operator.py
[2025-12-15T19:15:06.211+0000] {logging_mixin.py:190} INFO - [2025-12-15T19:15:06.210+0000] {dag.py:3239} INFO - Sync 1 DAGs
[2025-12-15T19:15:06.270+0000] {logging_mixin.py:190} INFO - [2025-12-15T19:15:06.269+0000] {dag.py:4180} INFO - Setting next_dagrun for example_branch_operator to 2025-12-14 00:00:00+00:00, run_after=2025-12-15 00:00:00+00:00
[2025-12-15T19:15:06.314+0000] {processor.py:208} INFO - Processing /home/airflow/.local/lib/python3.12/site-packages/airflow/example_dags/example_branch_operator.py took 0.231 seconds
[2025-12-15T19:15:39.214+0000] {processor.py:186} INFO - Started process (PID=9762) to work on /home/airflow/.local/lib/python3.12/site-packages/airflow/example_dags/example_branch_operator.py
[2025-12-15T19:15:39.216+0000] {processor.py:914} INFO - Processing file /home/airflow/.local/lib/python3.12/site-packages/airflow/example_dags/example_branch_operator.py for tasks to queue
[2025-12-15T19:15:39.221+0000] {logging_mixin.py:190} INFO - [2025-12-15T19:15:39.220+0000] {dagbag.py:588} INFO - Filling up the DagBag from /home/airflow/.local/lib/python3.12/site-packages/airflow/example_dags/example_branch_operator.py
[2025-12-15T19:15:39.259+0000] {processor.py:925} INFO - DAG(s) 'example_branch_operator' retrieved from /home/airflow/.local/lib/python3.12/site-packages/airflow/example_dags/example_branch_operator.py
[2025-12-15T19:15:39.315+0000] {logging_mixin.py:190} INFO - [2025-12-15T19:15:39.314+0000] {dag.py:3239} INFO - Sync 1 DAGs
[2025-12-15T19:15:39.364+0000] {logging_mixin.py:190} INFO - [2025-12-15T19:15:39.364+0000] {dag.py:4180} INFO - Setting next_dagrun for example_branch_operator to 2025-12-14 00:00:00+00:00, run_after=2025-12-15 00:00:00+00:00
[2025-12-15T19:15:39.439+0000] {processor.py:208} INFO - Processing /home/airflow/.local/lib/python3.12/site-packages/airflow/example_dags/example_branch_operator.py took 0.240 seconds
[2025-12-15T19:16:10.576+0000] {processor.py:186} INFO - Started process (PID=10055) to work on /home/airflow/.local/lib/python3.12/site-packages/airflow/example_dags/example_branch_operator.py
[2025-12-15T19:16:10.606+0000] {processor.py:914} INFO - Processing file /home/airflow/.local/lib/python3.12/site-packages/airflow/example_dags/example_branch_operator.py for tasks to queue
[2025-12-15T19:16:10.608+0000] {logging_mixin.py:190} INFO - [2025-12-15T19:16:10.607+0000] {dagbag.py:588} INFO - Filling up the DagBag from /home/airflow/.local/lib/python3.12/site-packages/airflow/example_dags/example_branch_operator.py
[2025-12-15T19:16:10.646+0000] {processor.py:925} INFO - DAG(s) 'example_branch_operator' retrieved from /home/airflow/.local/lib/python3.12/site-packages/airflow/example_dags/example_branch_operator.py
[2025-12-15T19:16:10.697+0000] {logging_mixin.py:190} INFO - [2025-12-15T19:16:10.697+0000] {dag.py:3239} INFO - Sync 1 DAGs
[2025-12-15T19:16:10.744+0000] {logging_mixin.py:190} INFO - [2025-12-15T19:16:10.743+0000] {dag.py:4180} INFO - Setting next_dagrun for example_branch_operator to 2025-12-14 00:00:00+00:00, run_after=2025-12-15 00:00:00+00:00
[2025-12-15T19:16:10.806+0000] {processor.py:208} INFO - Processing /home/airflow/.local/lib/python3.12/site-packages/airflow/example_dags/example_branch_operator.py took 0.242 seconds
[2025-12-15T19:16:43.543+0000] {processor.py:186} INFO - Started process (PID=10349) to work on /home/airflow/.local/lib/python3.12/site-packages/airflow/example_dags/example_branch_operator.py
[2025-12-15T19:16:43.546+0000] {processor.py:914} INFO - Processing file /home/airflow/.local/lib/python3.12/site-packages/airflow/example_dags/example_branch_operator.py for tasks to queue
[2025-12-15T19:16:43.548+0000] {logging_mixin.py:190} INFO - [2025-12-15T19:16:43.547+0000] {dagbag.py:588} INFO - Filling up the DagBag from /home/airflow/.local/lib/python3.12/site-packages/airflow/example_dags/example_branch_operator.py
[2025-12-15T19:16:43.614+0000] {processor.py:925} INFO - DAG(s) 'example_branch_operator' retrieved from /home/airflow/.local/lib/python3.12/site-packages/airflow/example_dags/example_branch_operator.py
[2025-12-15T19:16:43.697+0000] {logging_mixin.py:190} INFO - [2025-12-15T19:16:43.697+0000] {dag.py:3239} INFO - Sync 1 DAGs
[2025-12-15T19:16:43.935+0000] {logging_mixin.py:190} INFO - [2025-12-15T19:16:43.934+0000] {dag.py:4180} INFO - Setting next_dagrun for example_branch_operator to 2025-12-14 00:00:00+00:00, run_after=2025-12-15 00:00:00+00:00
[2025-12-15T19:16:44.091+0000] {processor.py:208} INFO - Processing /home/airflow/.local/lib/python3.12/site-packages/airflow/example_dags/example_branch_operator.py took 0.574 seconds
[2025-12-15T19:17:22.924+0000] {processor.py:186} INFO - Started process (PID=10640) to work on /home/airflow/.local/lib/python3.12/site-packages/airflow/example_dags/example_branch_operator.py
[2025-12-15T19:17:22.937+0000] {processor.py:914} INFO - Processing file /home/airflow/.local/lib/python3.12/site-packages/airflow/example_dags/example_branch_operator.py for tasks to queue
[2025-12-15T19:17:22.940+0000] {logging_mixin.py:190} INFO - [2025-12-15T19:17:22.939+0000] {dagbag.py:588} INFO - Filling up the DagBag from /home/airflow/.local/lib/python3.12/site-packages/airflow/example_dags/example_branch_operator.py
[2025-12-15T19:17:23.030+0000] {processor.py:925} INFO - DAG(s) 'example_branch_operator' retrieved from /home/airflow/.local/lib/python3.12/site-packages/airflow/example_dags/example_branch_operator.py
[2025-12-15T19:17:23.131+0000] {logging_mixin.py:190} INFO - [2025-12-15T19:17:23.131+0000] {dag.py:3239} INFO - Sync 1 DAGs
[2025-12-15T19:17:23.230+0000] {logging_mixin.py:190} INFO - [2025-12-15T19:17:23.228+0000] {dag.py:4180} INFO - Setting next_dagrun for example_branch_operator to 2025-12-14 00:00:00+00:00, run_after=2025-12-15 00:00:00+00:00
[2025-12-15T19:17:23.323+0000] {processor.py:208} INFO - Processing /home/airflow/.local/lib/python3.12/site-packages/airflow/example_dags/example_branch_operator.py took 0.424 seconds
[2025-12-15T19:17:54.531+0000] {processor.py:186} INFO - Started process (PID=10960) to work on /home/airflow/.local/lib/python3.12/site-packages/airflow/example_dags/example_branch_operator.py
[2025-12-15T19:17:54.552+0000] {processor.py:914} INFO - Processing file /home/airflow/.local/lib/python3.12/site-packages/airflow/example_dags/example_branch_operator.py for tasks to queue
[2025-12-15T19:17:54.554+0000] {logging_mixin.py:190} INFO - [2025-12-15T19:17:54.554+0000] {dagbag.py:588} INFO - Filling up the DagBag from /home/airflow/.local/lib/python3.12/site-packages/airflow/example_dags/example_branch_operator.py
[2025-12-15T19:17:54.595+0000] {processor.py:925} INFO - DAG(s) 'example_branch_operator' retrieved from /home/airflow/.local/lib/python3.12/site-packages/airflow/example_dags/example_branch_operator.py
[2025-12-15T19:17:54.658+0000] {logging_mixin.py:190} INFO - [2025-12-15T19:17:54.658+0000] {dag.py:3239} INFO - Sync 1 DAGs
[2025-12-15T19:17:54.714+0000] {logging_mixin.py:190} INFO - [2025-12-15T19:17:54.714+0000] {dag.py:4180} INFO - Setting next_dagrun for example_branch_operator to 2025-12-14 00:00:00+00:00, run_after=2025-12-15 00:00:00+00:00
[2025-12-15T19:17:54.750+0000] {processor.py:208} INFO - Processing /home/airflow/.local/lib/python3.12/site-packages/airflow/example_dags/example_branch_operator.py took 0.232 seconds
[2025-12-15T19:18:27.463+0000] {processor.py:186} INFO - Started process (PID=11261) to work on /home/airflow/.local/lib/python3.12/site-packages/airflow/example_dags/example_branch_operator.py
[2025-12-15T19:18:27.466+0000] {processor.py:914} INFO - Processing file /home/airflow/.local/lib/python3.12/site-packages/airflow/example_dags/example_branch_operator.py for tasks to queue
[2025-12-15T19:18:27.470+0000] {logging_mixin.py:190} INFO - [2025-12-15T19:18:27.469+0000] {dagbag.py:588} INFO - Filling up the DagBag from /home/airflow/.local/lib/python3.12/site-packages/airflow/example_dags/example_branch_operator.py
[2025-12-15T19:18:27.525+0000] {processor.py:925} INFO - DAG(s) 'example_branch_operator' retrieved from /home/airflow/.local/lib/python3.12/site-packages/airflow/example_dags/example_branch_operator.py
[2025-12-15T19:18:27.598+0000] {logging_mixin.py:190} INFO - [2025-12-15T19:18:27.598+0000] {dag.py:3239} INFO - Sync 1 DAGs
[2025-12-15T19:18:27.670+0000] {logging_mixin.py:190} INFO - [2025-12-15T19:18:27.670+0000] {dag.py:4180} INFO - Setting next_dagrun for example_branch_operator to 2025-12-14 00:00:00+00:00, run_after=2025-12-15 00:00:00+00:00
[2025-12-15T19:18:27.727+0000] {processor.py:208} INFO - Processing /home/airflow/.local/lib/python3.12/site-packages/airflow/example_dags/example_branch_operator.py took 0.287 seconds
[2025-12-15T19:18:59.625+0000] {processor.py:186} INFO - Started process (PID=11567) to work on /home/airflow/.local/lib/python3.12/site-packages/airflow/example_dags/example_branch_operator.py
[2025-12-15T19:18:59.628+0000] {processor.py:914} INFO - Processing file /home/airflow/.local/lib/python3.12/site-packages/airflow/example_dags/example_branch_operator.py for tasks to queue
[2025-12-15T19:18:59.640+0000] {logging_mixin.py:190} INFO - [2025-12-15T19:18:59.639+0000] {dagbag.py:588} INFO - Filling up the DagBag from /home/airflow/.local/lib/python3.12/site-packages/airflow/example_dags/example_branch_operator.py
[2025-12-15T19:18:59.814+0000] {processor.py:925} INFO - DAG(s) 'example_branch_operator' retrieved from /home/airflow/.local/lib/python3.12/site-packages/airflow/example_dags/example_branch_operator.py
[2025-12-15T19:19:00.030+0000] {logging_mixin.py:190} INFO - [2025-12-15T19:19:00.029+0000] {dag.py:3239} INFO - Sync 1 DAGs
[2025-12-15T19:19:00.244+0000] {logging_mixin.py:190} INFO - [2025-12-15T19:19:00.244+0000] {dag.py:4180} INFO - Setting next_dagrun for example_branch_operator to 2025-12-14 00:00:00+00:00, run_after=2025-12-15 00:00:00+00:00
[2025-12-15T19:19:00.367+0000] {processor.py:208} INFO - Processing /home/airflow/.local/lib/python3.12/site-packages/airflow/example_dags/example_branch_operator.py took 0.814 seconds
