[2025-12-15T18:56:29.045+0000] {processor.py:186} INFO - Started process (PID=426) to work on /home/airflow/.local/lib/python3.12/site-packages/airflow/example_dags/example_xcom.py
[2025-12-15T18:56:29.047+0000] {processor.py:914} INFO - Processing file /home/airflow/.local/lib/python3.12/site-packages/airflow/example_dags/example_xcom.py for tasks to queue
[2025-12-15T18:56:29.053+0000] {logging_mixin.py:190} INFO - [2025-12-15T18:56:29.052+0000] {dagbag.py:588} INFO - Filling up the DagBag from /home/airflow/.local/lib/python3.12/site-packages/airflow/example_dags/example_xcom.py
[2025-12-15T18:56:29.085+0000] {processor.py:925} INFO - DAG(s) 'example_xcom' retrieved from /home/airflow/.local/lib/python3.12/site-packages/airflow/example_dags/example_xcom.py
[2025-12-15T18:56:29.437+0000] {logging_mixin.py:190} INFO - [2025-12-15T18:56:29.435+0000] {override.py:1911} INFO - Created Permission View: can read on DAG:example_xcom
[2025-12-15T18:56:29.469+0000] {logging_mixin.py:190} INFO - [2025-12-15T18:56:29.468+0000] {override.py:1911} INFO - Created Permission View: can edit on DAG:example_xcom
[2025-12-15T18:56:29.488+0000] {logging_mixin.py:190} INFO - [2025-12-15T18:56:29.487+0000] {override.py:1911} INFO - Created Permission View: can delete on DAG:example_xcom
[2025-12-15T18:56:29.509+0000] {logging_mixin.py:190} INFO - [2025-12-15T18:56:29.508+0000] {override.py:1911} INFO - Created Permission View: can read on DAG Run:example_xcom
[2025-12-15T18:56:29.526+0000] {logging_mixin.py:190} INFO - [2025-12-15T18:56:29.525+0000] {override.py:1911} INFO - Created Permission View: menu access on DAG Run:example_xcom
[2025-12-15T18:56:29.540+0000] {logging_mixin.py:190} INFO - [2025-12-15T18:56:29.539+0000] {override.py:1911} INFO - Created Permission View: can create on DAG Run:example_xcom
[2025-12-15T18:56:29.558+0000] {logging_mixin.py:190} INFO - [2025-12-15T18:56:29.557+0000] {override.py:1911} INFO - Created Permission View: can delete on DAG Run:example_xcom
[2025-12-15T18:56:29.559+0000] {logging_mixin.py:190} INFO - [2025-12-15T18:56:29.558+0000] {dag.py:3239} INFO - Sync 1 DAGs
[2025-12-15T18:56:29.594+0000] {logging_mixin.py:190} INFO - [2025-12-15T18:56:29.594+0000] {dag.py:3262} INFO - Creating ORM DAG for example_xcom
[2025-12-15T18:56:29.618+0000] {logging_mixin.py:190} INFO - [2025-12-15T18:56:29.617+0000] {dag.py:4180} INFO - Setting next_dagrun for example_xcom to 2021-01-01 00:00:00+00:00, run_after=2021-01-01 00:00:00+00:00
[2025-12-15T18:56:29.661+0000] {processor.py:208} INFO - Processing /home/airflow/.local/lib/python3.12/site-packages/airflow/example_dags/example_xcom.py took 0.638 seconds
[2025-12-15T18:57:00.106+0000] {processor.py:186} INFO - Started process (PID=717) to work on /home/airflow/.local/lib/python3.12/site-packages/airflow/example_dags/example_xcom.py
[2025-12-15T18:57:00.108+0000] {processor.py:914} INFO - Processing file /home/airflow/.local/lib/python3.12/site-packages/airflow/example_dags/example_xcom.py for tasks to queue
[2025-12-15T18:57:00.113+0000] {logging_mixin.py:190} INFO - [2025-12-15T18:57:00.112+0000] {dagbag.py:588} INFO - Filling up the DagBag from /home/airflow/.local/lib/python3.12/site-packages/airflow/example_dags/example_xcom.py
[2025-12-15T18:57:00.134+0000] {processor.py:925} INFO - DAG(s) 'example_xcom' retrieved from /home/airflow/.local/lib/python3.12/site-packages/airflow/example_dags/example_xcom.py
[2025-12-15T18:57:00.179+0000] {logging_mixin.py:190} INFO - [2025-12-15T18:57:00.179+0000] {dag.py:3239} INFO - Sync 1 DAGs
[2025-12-15T18:57:00.237+0000] {logging_mixin.py:190} INFO - [2025-12-15T18:57:00.237+0000] {dag.py:4180} INFO - Setting next_dagrun for example_xcom to 2021-01-01 00:00:00+00:00, run_after=2021-01-01 00:00:00+00:00
[2025-12-15T18:57:00.289+0000] {processor.py:208} INFO - Processing /home/airflow/.local/lib/python3.12/site-packages/airflow/example_dags/example_xcom.py took 0.195 seconds
[2025-12-15T18:57:35.153+0000] {processor.py:186} INFO - Started process (PID=1013) to work on /home/airflow/.local/lib/python3.12/site-packages/airflow/example_dags/example_xcom.py
[2025-12-15T18:57:35.156+0000] {processor.py:914} INFO - Processing file /home/airflow/.local/lib/python3.12/site-packages/airflow/example_dags/example_xcom.py for tasks to queue
[2025-12-15T18:57:35.162+0000] {logging_mixin.py:190} INFO - [2025-12-15T18:57:35.161+0000] {dagbag.py:588} INFO - Filling up the DagBag from /home/airflow/.local/lib/python3.12/site-packages/airflow/example_dags/example_xcom.py
[2025-12-15T18:57:35.183+0000] {processor.py:925} INFO - DAG(s) 'example_xcom' retrieved from /home/airflow/.local/lib/python3.12/site-packages/airflow/example_dags/example_xcom.py
[2025-12-15T18:57:35.257+0000] {logging_mixin.py:190} INFO - [2025-12-15T18:57:35.256+0000] {dag.py:3239} INFO - Sync 1 DAGs
[2025-12-15T18:57:35.317+0000] {logging_mixin.py:190} INFO - [2025-12-15T18:57:35.317+0000] {dag.py:4180} INFO - Setting next_dagrun for example_xcom to 2021-01-01 00:00:00+00:00, run_after=2021-01-01 00:00:00+00:00
[2025-12-15T18:57:35.361+0000] {processor.py:208} INFO - Processing /home/airflow/.local/lib/python3.12/site-packages/airflow/example_dags/example_xcom.py took 0.224 seconds
[2025-12-15T18:58:17.356+0000] {processor.py:186} INFO - Started process (PID=1311) to work on /home/airflow/.local/lib/python3.12/site-packages/airflow/example_dags/example_xcom.py
[2025-12-15T18:58:17.360+0000] {processor.py:914} INFO - Processing file /home/airflow/.local/lib/python3.12/site-packages/airflow/example_dags/example_xcom.py for tasks to queue
[2025-12-15T18:58:17.366+0000] {logging_mixin.py:190} INFO - [2025-12-15T18:58:17.365+0000] {dagbag.py:588} INFO - Filling up the DagBag from /home/airflow/.local/lib/python3.12/site-packages/airflow/example_dags/example_xcom.py
[2025-12-15T18:58:17.387+0000] {processor.py:925} INFO - DAG(s) 'example_xcom' retrieved from /home/airflow/.local/lib/python3.12/site-packages/airflow/example_dags/example_xcom.py
[2025-12-15T18:58:17.429+0000] {logging_mixin.py:190} INFO - [2025-12-15T18:58:17.428+0000] {dag.py:3239} INFO - Sync 1 DAGs
[2025-12-15T18:58:18.037+0000] {logging_mixin.py:190} INFO - [2025-12-15T18:58:18.036+0000] {dag.py:4180} INFO - Setting next_dagrun for example_xcom to 2021-01-01 00:00:00+00:00, run_after=2021-01-01 00:00:00+00:00
[2025-12-15T18:58:18.091+0000] {processor.py:208} INFO - Processing /home/airflow/.local/lib/python3.12/site-packages/airflow/example_dags/example_xcom.py took 0.752 seconds
[2025-12-15T18:58:48.452+0000] {processor.py:186} INFO - Started process (PID=1602) to work on /home/airflow/.local/lib/python3.12/site-packages/airflow/example_dags/example_xcom.py
[2025-12-15T18:58:48.454+0000] {processor.py:914} INFO - Processing file /home/airflow/.local/lib/python3.12/site-packages/airflow/example_dags/example_xcom.py for tasks to queue
[2025-12-15T18:58:48.458+0000] {logging_mixin.py:190} INFO - [2025-12-15T18:58:48.457+0000] {dagbag.py:588} INFO - Filling up the DagBag from /home/airflow/.local/lib/python3.12/site-packages/airflow/example_dags/example_xcom.py
[2025-12-15T18:58:48.471+0000] {processor.py:925} INFO - DAG(s) 'example_xcom' retrieved from /home/airflow/.local/lib/python3.12/site-packages/airflow/example_dags/example_xcom.py
[2025-12-15T18:58:48.510+0000] {logging_mixin.py:190} INFO - [2025-12-15T18:58:48.509+0000] {dag.py:3239} INFO - Sync 1 DAGs
[2025-12-15T18:58:48.553+0000] {logging_mixin.py:190} INFO - [2025-12-15T18:58:48.552+0000] {dag.py:4180} INFO - Setting next_dagrun for example_xcom to 2021-01-01 00:00:00+00:00, run_after=2021-01-01 00:00:00+00:00
[2025-12-15T18:58:48.580+0000] {processor.py:208} INFO - Processing /home/airflow/.local/lib/python3.12/site-packages/airflow/example_dags/example_xcom.py took 0.137 seconds
[2025-12-15T18:59:56.976+0000] {processor.py:186} INFO - Started process (PID=2012) to work on /home/airflow/.local/lib/python3.12/site-packages/airflow/example_dags/example_xcom.py
[2025-12-15T18:59:56.979+0000] {processor.py:914} INFO - Processing file /home/airflow/.local/lib/python3.12/site-packages/airflow/example_dags/example_xcom.py for tasks to queue
[2025-12-15T18:59:56.995+0000] {logging_mixin.py:190} INFO - [2025-12-15T18:59:56.993+0000] {dagbag.py:588} INFO - Filling up the DagBag from /home/airflow/.local/lib/python3.12/site-packages/airflow/example_dags/example_xcom.py
[2025-12-15T18:59:57.066+0000] {processor.py:925} INFO - DAG(s) 'example_xcom' retrieved from /home/airflow/.local/lib/python3.12/site-packages/airflow/example_dags/example_xcom.py
[2025-12-15T18:59:57.221+0000] {logging_mixin.py:190} INFO - [2025-12-15T18:59:57.220+0000] {dag.py:3239} INFO - Sync 1 DAGs
[2025-12-15T18:59:57.447+0000] {logging_mixin.py:190} INFO - [2025-12-15T18:59:57.446+0000] {dag.py:4180} INFO - Setting next_dagrun for example_xcom to 2021-01-01 00:00:00+00:00, run_after=2021-01-01 00:00:00+00:00
[2025-12-15T18:59:57.580+0000] {processor.py:208} INFO - Processing /home/airflow/.local/lib/python3.12/site-packages/airflow/example_dags/example_xcom.py took 0.641 seconds
[2025-12-15T19:01:57.086+0000] {processor.py:186} INFO - Started process (PID=2335) to work on /home/airflow/.local/lib/python3.12/site-packages/airflow/example_dags/example_xcom.py
[2025-12-15T19:01:57.088+0000] {processor.py:914} INFO - Processing file /home/airflow/.local/lib/python3.12/site-packages/airflow/example_dags/example_xcom.py for tasks to queue
[2025-12-15T19:01:57.092+0000] {logging_mixin.py:190} INFO - [2025-12-15T19:01:57.091+0000] {dagbag.py:588} INFO - Filling up the DagBag from /home/airflow/.local/lib/python3.12/site-packages/airflow/example_dags/example_xcom.py
[2025-12-15T19:01:57.114+0000] {processor.py:925} INFO - DAG(s) 'example_xcom' retrieved from /home/airflow/.local/lib/python3.12/site-packages/airflow/example_dags/example_xcom.py
[2025-12-15T19:01:57.170+0000] {logging_mixin.py:190} INFO - [2025-12-15T19:01:57.169+0000] {dag.py:3239} INFO - Sync 1 DAGs
[2025-12-15T19:01:57.226+0000] {logging_mixin.py:190} INFO - [2025-12-15T19:01:57.225+0000] {dag.py:4180} INFO - Setting next_dagrun for example_xcom to 2021-01-01 00:00:00+00:00, run_after=2021-01-01 00:00:00+00:00
[2025-12-15T19:01:57.270+0000] {processor.py:208} INFO - Processing /home/airflow/.local/lib/python3.12/site-packages/airflow/example_dags/example_xcom.py took 0.199 seconds
[2025-12-15T19:02:30.520+0000] {processor.py:186} INFO - Started process (PID=2636) to work on /home/airflow/.local/lib/python3.12/site-packages/airflow/example_dags/example_xcom.py
[2025-12-15T19:02:30.523+0000] {processor.py:914} INFO - Processing file /home/airflow/.local/lib/python3.12/site-packages/airflow/example_dags/example_xcom.py for tasks to queue
[2025-12-15T19:02:30.528+0000] {logging_mixin.py:190} INFO - [2025-12-15T19:02:30.527+0000] {dagbag.py:588} INFO - Filling up the DagBag from /home/airflow/.local/lib/python3.12/site-packages/airflow/example_dags/example_xcom.py
[2025-12-15T19:02:30.556+0000] {processor.py:925} INFO - DAG(s) 'example_xcom' retrieved from /home/airflow/.local/lib/python3.12/site-packages/airflow/example_dags/example_xcom.py
[2025-12-15T19:02:30.600+0000] {logging_mixin.py:190} INFO - [2025-12-15T19:02:30.600+0000] {dag.py:3239} INFO - Sync 1 DAGs
[2025-12-15T19:02:30.648+0000] {logging_mixin.py:190} INFO - [2025-12-15T19:02:30.648+0000] {dag.py:4180} INFO - Setting next_dagrun for example_xcom to 2021-01-01 00:00:00+00:00, run_after=2021-01-01 00:00:00+00:00
[2025-12-15T19:02:30.688+0000] {processor.py:208} INFO - Processing /home/airflow/.local/lib/python3.12/site-packages/airflow/example_dags/example_xcom.py took 0.186 seconds
[2025-12-15T19:03:02.584+0000] {processor.py:186} INFO - Started process (PID=2927) to work on /home/airflow/.local/lib/python3.12/site-packages/airflow/example_dags/example_xcom.py
[2025-12-15T19:03:02.598+0000] {processor.py:914} INFO - Processing file /home/airflow/.local/lib/python3.12/site-packages/airflow/example_dags/example_xcom.py for tasks to queue
[2025-12-15T19:03:02.606+0000] {logging_mixin.py:190} INFO - [2025-12-15T19:03:02.605+0000] {dagbag.py:588} INFO - Filling up the DagBag from /home/airflow/.local/lib/python3.12/site-packages/airflow/example_dags/example_xcom.py
[2025-12-15T19:03:02.672+0000] {processor.py:925} INFO - DAG(s) 'example_xcom' retrieved from /home/airflow/.local/lib/python3.12/site-packages/airflow/example_dags/example_xcom.py
[2025-12-15T19:03:02.838+0000] {logging_mixin.py:190} INFO - [2025-12-15T19:03:02.837+0000] {dag.py:3239} INFO - Sync 1 DAGs
[2025-12-15T19:03:03.056+0000] {logging_mixin.py:190} INFO - [2025-12-15T19:03:03.056+0000] {dag.py:4180} INFO - Setting next_dagrun for example_xcom to 2021-01-01 00:00:00+00:00, run_after=2021-01-01 00:00:00+00:00
[2025-12-15T19:03:03.254+0000] {processor.py:208} INFO - Processing /home/airflow/.local/lib/python3.12/site-packages/airflow/example_dags/example_xcom.py took 0.712 seconds
[2025-12-15T19:03:33.496+0000] {processor.py:186} INFO - Started process (PID=3215) to work on /home/airflow/.local/lib/python3.12/site-packages/airflow/example_dags/example_xcom.py
[2025-12-15T19:03:33.500+0000] {processor.py:914} INFO - Processing file /home/airflow/.local/lib/python3.12/site-packages/airflow/example_dags/example_xcom.py for tasks to queue
[2025-12-15T19:03:33.504+0000] {logging_mixin.py:190} INFO - [2025-12-15T19:03:33.503+0000] {dagbag.py:588} INFO - Filling up the DagBag from /home/airflow/.local/lib/python3.12/site-packages/airflow/example_dags/example_xcom.py
[2025-12-15T19:03:33.524+0000] {processor.py:925} INFO - DAG(s) 'example_xcom' retrieved from /home/airflow/.local/lib/python3.12/site-packages/airflow/example_dags/example_xcom.py
[2025-12-15T19:03:33.576+0000] {logging_mixin.py:190} INFO - [2025-12-15T19:03:33.574+0000] {dag.py:3239} INFO - Sync 1 DAGs
[2025-12-15T19:03:33.616+0000] {logging_mixin.py:190} INFO - [2025-12-15T19:03:33.615+0000] {dag.py:4180} INFO - Setting next_dagrun for example_xcom to 2021-01-01 00:00:00+00:00, run_after=2021-01-01 00:00:00+00:00
[2025-12-15T19:03:33.660+0000] {processor.py:208} INFO - Processing /home/airflow/.local/lib/python3.12/site-packages/airflow/example_dags/example_xcom.py took 0.180 seconds
[2025-12-15T19:04:08.953+0000] {processor.py:186} INFO - Started process (PID=3509) to work on /home/airflow/.local/lib/python3.12/site-packages/airflow/example_dags/example_xcom.py
[2025-12-15T19:04:08.955+0000] {processor.py:914} INFO - Processing file /home/airflow/.local/lib/python3.12/site-packages/airflow/example_dags/example_xcom.py for tasks to queue
[2025-12-15T19:04:08.960+0000] {logging_mixin.py:190} INFO - [2025-12-15T19:04:08.959+0000] {dagbag.py:588} INFO - Filling up the DagBag from /home/airflow/.local/lib/python3.12/site-packages/airflow/example_dags/example_xcom.py
[2025-12-15T19:04:08.983+0000] {processor.py:925} INFO - DAG(s) 'example_xcom' retrieved from /home/airflow/.local/lib/python3.12/site-packages/airflow/example_dags/example_xcom.py
[2025-12-15T19:04:09.027+0000] {logging_mixin.py:190} INFO - [2025-12-15T19:04:09.027+0000] {dag.py:3239} INFO - Sync 1 DAGs
[2025-12-15T19:04:09.077+0000] {logging_mixin.py:190} INFO - [2025-12-15T19:04:09.077+0000] {dag.py:4180} INFO - Setting next_dagrun for example_xcom to 2021-01-01 00:00:00+00:00, run_after=2021-01-01 00:00:00+00:00
[2025-12-15T19:04:09.120+0000] {processor.py:208} INFO - Processing /home/airflow/.local/lib/python3.12/site-packages/airflow/example_dags/example_xcom.py took 0.180 seconds
[2025-12-15T19:04:44.341+0000] {processor.py:186} INFO - Started process (PID=3885) to work on /home/airflow/.local/lib/python3.12/site-packages/airflow/example_dags/example_xcom.py
[2025-12-15T19:04:44.343+0000] {processor.py:914} INFO - Processing file /home/airflow/.local/lib/python3.12/site-packages/airflow/example_dags/example_xcom.py for tasks to queue
[2025-12-15T19:04:44.347+0000] {logging_mixin.py:190} INFO - [2025-12-15T19:04:44.346+0000] {dagbag.py:588} INFO - Filling up the DagBag from /home/airflow/.local/lib/python3.12/site-packages/airflow/example_dags/example_xcom.py
[2025-12-15T19:04:44.366+0000] {processor.py:925} INFO - DAG(s) 'example_xcom' retrieved from /home/airflow/.local/lib/python3.12/site-packages/airflow/example_dags/example_xcom.py
[2025-12-15T19:04:44.416+0000] {logging_mixin.py:190} INFO - [2025-12-15T19:04:44.415+0000] {dag.py:3239} INFO - Sync 1 DAGs
[2025-12-15T19:04:44.460+0000] {logging_mixin.py:190} INFO - [2025-12-15T19:04:44.459+0000] {dag.py:4180} INFO - Setting next_dagrun for example_xcom to 2021-01-01 00:00:00+00:00, run_after=2021-01-01 00:00:00+00:00
[2025-12-15T19:04:44.510+0000] {processor.py:208} INFO - Processing /home/airflow/.local/lib/python3.12/site-packages/airflow/example_dags/example_xcom.py took 0.181 seconds
[2025-12-15T19:05:17.601+0000] {processor.py:186} INFO - Started process (PID=4186) to work on /home/airflow/.local/lib/python3.12/site-packages/airflow/example_dags/example_xcom.py
[2025-12-15T19:05:17.603+0000] {processor.py:914} INFO - Processing file /home/airflow/.local/lib/python3.12/site-packages/airflow/example_dags/example_xcom.py for tasks to queue
[2025-12-15T19:05:17.606+0000] {logging_mixin.py:190} INFO - [2025-12-15T19:05:17.606+0000] {dagbag.py:588} INFO - Filling up the DagBag from /home/airflow/.local/lib/python3.12/site-packages/airflow/example_dags/example_xcom.py
[2025-12-15T19:05:17.622+0000] {processor.py:925} INFO - DAG(s) 'example_xcom' retrieved from /home/airflow/.local/lib/python3.12/site-packages/airflow/example_dags/example_xcom.py
[2025-12-15T19:05:17.661+0000] {logging_mixin.py:190} INFO - [2025-12-15T19:05:17.661+0000] {dag.py:3239} INFO - Sync 1 DAGs
[2025-12-15T19:05:17.701+0000] {logging_mixin.py:190} INFO - [2025-12-15T19:05:17.701+0000] {dag.py:4180} INFO - Setting next_dagrun for example_xcom to 2021-01-01 00:00:00+00:00, run_after=2021-01-01 00:00:00+00:00
[2025-12-15T19:05:17.734+0000] {processor.py:208} INFO - Processing /home/airflow/.local/lib/python3.12/site-packages/airflow/example_dags/example_xcom.py took 0.144 seconds
[2025-12-15T19:05:48.814+0000] {processor.py:186} INFO - Started process (PID=4477) to work on /home/airflow/.local/lib/python3.12/site-packages/airflow/example_dags/example_xcom.py
[2025-12-15T19:05:48.821+0000] {processor.py:914} INFO - Processing file /home/airflow/.local/lib/python3.12/site-packages/airflow/example_dags/example_xcom.py for tasks to queue
[2025-12-15T19:05:48.825+0000] {logging_mixin.py:190} INFO - [2025-12-15T19:05:48.825+0000] {dagbag.py:588} INFO - Filling up the DagBag from /home/airflow/.local/lib/python3.12/site-packages/airflow/example_dags/example_xcom.py
[2025-12-15T19:05:48.840+0000] {processor.py:925} INFO - DAG(s) 'example_xcom' retrieved from /home/airflow/.local/lib/python3.12/site-packages/airflow/example_dags/example_xcom.py
[2025-12-15T19:05:48.871+0000] {logging_mixin.py:190} INFO - [2025-12-15T19:05:48.871+0000] {dag.py:3239} INFO - Sync 1 DAGs
[2025-12-15T19:05:48.906+0000] {logging_mixin.py:190} INFO - [2025-12-15T19:05:48.905+0000] {dag.py:4180} INFO - Setting next_dagrun for example_xcom to 2021-01-01 00:00:00+00:00, run_after=2021-01-01 00:00:00+00:00
[2025-12-15T19:05:48.932+0000] {processor.py:208} INFO - Processing /home/airflow/.local/lib/python3.12/site-packages/airflow/example_dags/example_xcom.py took 0.129 seconds
[2025-12-15T19:06:22.811+0000] {processor.py:186} INFO - Started process (PID=4768) to work on /home/airflow/.local/lib/python3.12/site-packages/airflow/example_dags/example_xcom.py
[2025-12-15T19:06:22.815+0000] {processor.py:914} INFO - Processing file /home/airflow/.local/lib/python3.12/site-packages/airflow/example_dags/example_xcom.py for tasks to queue
[2025-12-15T19:06:22.819+0000] {logging_mixin.py:190} INFO - [2025-12-15T19:06:22.818+0000] {dagbag.py:588} INFO - Filling up the DagBag from /home/airflow/.local/lib/python3.12/site-packages/airflow/example_dags/example_xcom.py
[2025-12-15T19:06:22.836+0000] {processor.py:925} INFO - DAG(s) 'example_xcom' retrieved from /home/airflow/.local/lib/python3.12/site-packages/airflow/example_dags/example_xcom.py
[2025-12-15T19:06:22.871+0000] {logging_mixin.py:190} INFO - [2025-12-15T19:06:22.870+0000] {dag.py:3239} INFO - Sync 1 DAGs
[2025-12-15T19:06:22.911+0000] {logging_mixin.py:190} INFO - [2025-12-15T19:06:22.911+0000] {dag.py:4180} INFO - Setting next_dagrun for example_xcom to 2021-01-01 00:00:00+00:00, run_after=2021-01-01 00:00:00+00:00
[2025-12-15T19:06:22.951+0000] {processor.py:208} INFO - Processing /home/airflow/.local/lib/python3.12/site-packages/airflow/example_dags/example_xcom.py took 0.151 seconds
[2025-12-15T19:06:55.569+0000] {processor.py:186} INFO - Started process (PID=5059) to work on /home/airflow/.local/lib/python3.12/site-packages/airflow/example_dags/example_xcom.py
[2025-12-15T19:06:55.572+0000] {processor.py:914} INFO - Processing file /home/airflow/.local/lib/python3.12/site-packages/airflow/example_dags/example_xcom.py for tasks to queue
[2025-12-15T19:06:55.576+0000] {logging_mixin.py:190} INFO - [2025-12-15T19:06:55.576+0000] {dagbag.py:588} INFO - Filling up the DagBag from /home/airflow/.local/lib/python3.12/site-packages/airflow/example_dags/example_xcom.py
[2025-12-15T19:06:55.597+0000] {processor.py:925} INFO - DAG(s) 'example_xcom' retrieved from /home/airflow/.local/lib/python3.12/site-packages/airflow/example_dags/example_xcom.py
[2025-12-15T19:06:55.641+0000] {logging_mixin.py:190} INFO - [2025-12-15T19:06:55.641+0000] {dag.py:3239} INFO - Sync 1 DAGs
[2025-12-15T19:06:55.691+0000] {logging_mixin.py:190} INFO - [2025-12-15T19:06:55.690+0000] {dag.py:4180} INFO - Setting next_dagrun for example_xcom to 2021-01-01 00:00:00+00:00, run_after=2021-01-01 00:00:00+00:00
[2025-12-15T19:06:55.729+0000] {processor.py:208} INFO - Processing /home/airflow/.local/lib/python3.12/site-packages/airflow/example_dags/example_xcom.py took 0.174 seconds
[2025-12-15T19:07:32.512+0000] {processor.py:186} INFO - Started process (PID=5350) to work on /home/airflow/.local/lib/python3.12/site-packages/airflow/example_dags/example_xcom.py
[2025-12-15T19:07:32.514+0000] {processor.py:914} INFO - Processing file /home/airflow/.local/lib/python3.12/site-packages/airflow/example_dags/example_xcom.py for tasks to queue
[2025-12-15T19:07:32.517+0000] {logging_mixin.py:190} INFO - [2025-12-15T19:07:32.517+0000] {dagbag.py:588} INFO - Filling up the DagBag from /home/airflow/.local/lib/python3.12/site-packages/airflow/example_dags/example_xcom.py
[2025-12-15T19:07:32.532+0000] {processor.py:925} INFO - DAG(s) 'example_xcom' retrieved from /home/airflow/.local/lib/python3.12/site-packages/airflow/example_dags/example_xcom.py
[2025-12-15T19:07:32.571+0000] {logging_mixin.py:190} INFO - [2025-12-15T19:07:32.571+0000] {dag.py:3239} INFO - Sync 1 DAGs
[2025-12-15T19:07:32.614+0000] {logging_mixin.py:190} INFO - [2025-12-15T19:07:32.614+0000] {dag.py:4180} INFO - Setting next_dagrun for example_xcom to 2021-01-01 00:00:00+00:00, run_after=2021-01-01 00:00:00+00:00
[2025-12-15T19:07:32.648+0000] {processor.py:208} INFO - Processing /home/airflow/.local/lib/python3.12/site-packages/airflow/example_dags/example_xcom.py took 0.147 seconds
[2025-12-15T19:08:04.540+0000] {processor.py:186} INFO - Started process (PID=5641) to work on /home/airflow/.local/lib/python3.12/site-packages/airflow/example_dags/example_xcom.py
[2025-12-15T19:08:04.542+0000] {processor.py:914} INFO - Processing file /home/airflow/.local/lib/python3.12/site-packages/airflow/example_dags/example_xcom.py for tasks to queue
[2025-12-15T19:08:04.546+0000] {logging_mixin.py:190} INFO - [2025-12-15T19:08:04.545+0000] {dagbag.py:588} INFO - Filling up the DagBag from /home/airflow/.local/lib/python3.12/site-packages/airflow/example_dags/example_xcom.py
[2025-12-15T19:08:04.563+0000] {processor.py:925} INFO - DAG(s) 'example_xcom' retrieved from /home/airflow/.local/lib/python3.12/site-packages/airflow/example_dags/example_xcom.py
[2025-12-15T19:08:04.596+0000] {logging_mixin.py:190} INFO - [2025-12-15T19:08:04.596+0000] {dag.py:3239} INFO - Sync 1 DAGs
[2025-12-15T19:08:04.632+0000] {logging_mixin.py:190} INFO - [2025-12-15T19:08:04.632+0000] {dag.py:4180} INFO - Setting next_dagrun for example_xcom to 2021-01-01 00:00:00+00:00, run_after=2021-01-01 00:00:00+00:00
[2025-12-15T19:08:04.660+0000] {processor.py:208} INFO - Processing /home/airflow/.local/lib/python3.12/site-packages/airflow/example_dags/example_xcom.py took 0.130 seconds
[2025-12-15T19:08:39.560+0000] {processor.py:186} INFO - Started process (PID=5934) to work on /home/airflow/.local/lib/python3.12/site-packages/airflow/example_dags/example_xcom.py
[2025-12-15T19:08:39.563+0000] {processor.py:914} INFO - Processing file /home/airflow/.local/lib/python3.12/site-packages/airflow/example_dags/example_xcom.py for tasks to queue
[2025-12-15T19:08:39.568+0000] {logging_mixin.py:190} INFO - [2025-12-15T19:08:39.567+0000] {dagbag.py:588} INFO - Filling up the DagBag from /home/airflow/.local/lib/python3.12/site-packages/airflow/example_dags/example_xcom.py
[2025-12-15T19:08:39.591+0000] {processor.py:925} INFO - DAG(s) 'example_xcom' retrieved from /home/airflow/.local/lib/python3.12/site-packages/airflow/example_dags/example_xcom.py
[2025-12-15T19:08:39.639+0000] {logging_mixin.py:190} INFO - [2025-12-15T19:08:39.639+0000] {dag.py:3239} INFO - Sync 1 DAGs
[2025-12-15T19:08:39.697+0000] {logging_mixin.py:190} INFO - [2025-12-15T19:08:39.696+0000] {dag.py:4180} INFO - Setting next_dagrun for example_xcom to 2021-01-01 00:00:00+00:00, run_after=2021-01-01 00:00:00+00:00
[2025-12-15T19:08:39.748+0000] {processor.py:208} INFO - Processing /home/airflow/.local/lib/python3.12/site-packages/airflow/example_dags/example_xcom.py took 0.203 seconds
[2025-12-15T19:09:10.992+0000] {processor.py:186} INFO - Started process (PID=6223) to work on /home/airflow/.local/lib/python3.12/site-packages/airflow/example_dags/example_xcom.py
[2025-12-15T19:09:10.994+0000] {processor.py:914} INFO - Processing file /home/airflow/.local/lib/python3.12/site-packages/airflow/example_dags/example_xcom.py for tasks to queue
[2025-12-15T19:09:10.999+0000] {logging_mixin.py:190} INFO - [2025-12-15T19:09:10.999+0000] {dagbag.py:588} INFO - Filling up the DagBag from /home/airflow/.local/lib/python3.12/site-packages/airflow/example_dags/example_xcom.py
[2025-12-15T19:09:11.019+0000] {processor.py:925} INFO - DAG(s) 'example_xcom' retrieved from /home/airflow/.local/lib/python3.12/site-packages/airflow/example_dags/example_xcom.py
[2025-12-15T19:09:11.053+0000] {logging_mixin.py:190} INFO - [2025-12-15T19:09:11.052+0000] {dag.py:3239} INFO - Sync 1 DAGs
[2025-12-15T19:09:11.091+0000] {logging_mixin.py:190} INFO - [2025-12-15T19:09:11.091+0000] {dag.py:4180} INFO - Setting next_dagrun for example_xcom to 2021-01-01 00:00:00+00:00, run_after=2021-01-01 00:00:00+00:00
[2025-12-15T19:09:11.126+0000] {processor.py:208} INFO - Processing /home/airflow/.local/lib/python3.12/site-packages/airflow/example_dags/example_xcom.py took 0.147 seconds
[2025-12-15T19:09:43.837+0000] {processor.py:186} INFO - Started process (PID=6514) to work on /home/airflow/.local/lib/python3.12/site-packages/airflow/example_dags/example_xcom.py
[2025-12-15T19:09:43.839+0000] {processor.py:914} INFO - Processing file /home/airflow/.local/lib/python3.12/site-packages/airflow/example_dags/example_xcom.py for tasks to queue
[2025-12-15T19:09:43.843+0000] {logging_mixin.py:190} INFO - [2025-12-15T19:09:43.842+0000] {dagbag.py:588} INFO - Filling up the DagBag from /home/airflow/.local/lib/python3.12/site-packages/airflow/example_dags/example_xcom.py
[2025-12-15T19:09:43.865+0000] {processor.py:925} INFO - DAG(s) 'example_xcom' retrieved from /home/airflow/.local/lib/python3.12/site-packages/airflow/example_dags/example_xcom.py
[2025-12-15T19:09:43.909+0000] {logging_mixin.py:190} INFO - [2025-12-15T19:09:43.908+0000] {dag.py:3239} INFO - Sync 1 DAGs
[2025-12-15T19:09:43.958+0000] {logging_mixin.py:190} INFO - [2025-12-15T19:09:43.958+0000] {dag.py:4180} INFO - Setting next_dagrun for example_xcom to 2021-01-01 00:00:00+00:00, run_after=2021-01-01 00:00:00+00:00
[2025-12-15T19:09:44.001+0000] {processor.py:208} INFO - Processing /home/airflow/.local/lib/python3.12/site-packages/airflow/example_dags/example_xcom.py took 0.178 seconds
[2025-12-15T19:10:15.678+0000] {processor.py:186} INFO - Started process (PID=6807) to work on /home/airflow/.local/lib/python3.12/site-packages/airflow/example_dags/example_xcom.py
[2025-12-15T19:10:15.680+0000] {processor.py:914} INFO - Processing file /home/airflow/.local/lib/python3.12/site-packages/airflow/example_dags/example_xcom.py for tasks to queue
[2025-12-15T19:10:15.683+0000] {logging_mixin.py:190} INFO - [2025-12-15T19:10:15.682+0000] {dagbag.py:588} INFO - Filling up the DagBag from /home/airflow/.local/lib/python3.12/site-packages/airflow/example_dags/example_xcom.py
[2025-12-15T19:10:15.700+0000] {processor.py:925} INFO - DAG(s) 'example_xcom' retrieved from /home/airflow/.local/lib/python3.12/site-packages/airflow/example_dags/example_xcom.py
[2025-12-15T19:10:15.737+0000] {logging_mixin.py:190} INFO - [2025-12-15T19:10:15.736+0000] {dag.py:3239} INFO - Sync 1 DAGs
[2025-12-15T19:10:15.782+0000] {logging_mixin.py:190} INFO - [2025-12-15T19:10:15.781+0000] {dag.py:4180} INFO - Setting next_dagrun for example_xcom to 2021-01-01 00:00:00+00:00, run_after=2021-01-01 00:00:00+00:00
[2025-12-15T19:10:15.816+0000] {processor.py:208} INFO - Processing /home/airflow/.local/lib/python3.12/site-packages/airflow/example_dags/example_xcom.py took 0.152 seconds
[2025-12-15T19:10:48.357+0000] {processor.py:186} INFO - Started process (PID=7099) to work on /home/airflow/.local/lib/python3.12/site-packages/airflow/example_dags/example_xcom.py
[2025-12-15T19:10:48.359+0000] {processor.py:914} INFO - Processing file /home/airflow/.local/lib/python3.12/site-packages/airflow/example_dags/example_xcom.py for tasks to queue
[2025-12-15T19:10:48.363+0000] {logging_mixin.py:190} INFO - [2025-12-15T19:10:48.363+0000] {dagbag.py:588} INFO - Filling up the DagBag from /home/airflow/.local/lib/python3.12/site-packages/airflow/example_dags/example_xcom.py
[2025-12-15T19:10:48.385+0000] {processor.py:925} INFO - DAG(s) 'example_xcom' retrieved from /home/airflow/.local/lib/python3.12/site-packages/airflow/example_dags/example_xcom.py
[2025-12-15T19:10:48.431+0000] {logging_mixin.py:190} INFO - [2025-12-15T19:10:48.430+0000] {dag.py:3239} INFO - Sync 1 DAGs
[2025-12-15T19:10:48.473+0000] {logging_mixin.py:190} INFO - [2025-12-15T19:10:48.473+0000] {dag.py:4180} INFO - Setting next_dagrun for example_xcom to 2021-01-01 00:00:00+00:00, run_after=2021-01-01 00:00:00+00:00
[2025-12-15T19:10:48.528+0000] {processor.py:208} INFO - Processing /home/airflow/.local/lib/python3.12/site-packages/airflow/example_dags/example_xcom.py took 0.184 seconds
[2025-12-15T19:11:19.245+0000] {processor.py:186} INFO - Started process (PID=7388) to work on /home/airflow/.local/lib/python3.12/site-packages/airflow/example_dags/example_xcom.py
[2025-12-15T19:11:19.246+0000] {processor.py:914} INFO - Processing file /home/airflow/.local/lib/python3.12/site-packages/airflow/example_dags/example_xcom.py for tasks to queue
[2025-12-15T19:11:19.250+0000] {logging_mixin.py:190} INFO - [2025-12-15T19:11:19.249+0000] {dagbag.py:588} INFO - Filling up the DagBag from /home/airflow/.local/lib/python3.12/site-packages/airflow/example_dags/example_xcom.py
[2025-12-15T19:11:19.263+0000] {processor.py:925} INFO - DAG(s) 'example_xcom' retrieved from /home/airflow/.local/lib/python3.12/site-packages/airflow/example_dags/example_xcom.py
[2025-12-15T19:11:19.294+0000] {logging_mixin.py:190} INFO - [2025-12-15T19:11:19.293+0000] {dag.py:3239} INFO - Sync 1 DAGs
[2025-12-15T19:11:19.328+0000] {logging_mixin.py:190} INFO - [2025-12-15T19:11:19.328+0000] {dag.py:4180} INFO - Setting next_dagrun for example_xcom to 2021-01-01 00:00:00+00:00, run_after=2021-01-01 00:00:00+00:00
[2025-12-15T19:11:19.356+0000] {processor.py:208} INFO - Processing /home/airflow/.local/lib/python3.12/site-packages/airflow/example_dags/example_xcom.py took 0.120 seconds
[2025-12-15T19:11:50.967+0000] {processor.py:186} INFO - Started process (PID=7681) to work on /home/airflow/.local/lib/python3.12/site-packages/airflow/example_dags/example_xcom.py
[2025-12-15T19:11:50.984+0000] {processor.py:914} INFO - Processing file /home/airflow/.local/lib/python3.12/site-packages/airflow/example_dags/example_xcom.py for tasks to queue
[2025-12-15T19:11:50.986+0000] {logging_mixin.py:190} INFO - [2025-12-15T19:11:50.986+0000] {dagbag.py:588} INFO - Filling up the DagBag from /home/airflow/.local/lib/python3.12/site-packages/airflow/example_dags/example_xcom.py
[2025-12-15T19:11:51.006+0000] {processor.py:925} INFO - DAG(s) 'example_xcom' retrieved from /home/airflow/.local/lib/python3.12/site-packages/airflow/example_dags/example_xcom.py
[2025-12-15T19:11:51.043+0000] {logging_mixin.py:190} INFO - [2025-12-15T19:11:51.043+0000] {dag.py:3239} INFO - Sync 1 DAGs
[2025-12-15T19:11:51.085+0000] {logging_mixin.py:190} INFO - [2025-12-15T19:11:51.085+0000] {dag.py:4180} INFO - Setting next_dagrun for example_xcom to 2021-01-01 00:00:00+00:00, run_after=2021-01-01 00:00:00+00:00
[2025-12-15T19:11:51.118+0000] {processor.py:208} INFO - Processing /home/airflow/.local/lib/python3.12/site-packages/airflow/example_dags/example_xcom.py took 0.163 seconds
[2025-12-15T19:12:22.226+0000] {processor.py:186} INFO - Started process (PID=7972) to work on /home/airflow/.local/lib/python3.12/site-packages/airflow/example_dags/example_xcom.py
[2025-12-15T19:12:22.227+0000] {processor.py:914} INFO - Processing file /home/airflow/.local/lib/python3.12/site-packages/airflow/example_dags/example_xcom.py for tasks to queue
[2025-12-15T19:12:22.228+0000] {logging_mixin.py:190} INFO - [2025-12-15T19:12:22.228+0000] {dagbag.py:588} INFO - Filling up the DagBag from /home/airflow/.local/lib/python3.12/site-packages/airflow/example_dags/example_xcom.py
[2025-12-15T19:12:22.241+0000] {processor.py:925} INFO - DAG(s) 'example_xcom' retrieved from /home/airflow/.local/lib/python3.12/site-packages/airflow/example_dags/example_xcom.py
[2025-12-15T19:12:22.269+0000] {logging_mixin.py:190} INFO - [2025-12-15T19:12:22.268+0000] {dag.py:3239} INFO - Sync 1 DAGs
[2025-12-15T19:12:22.300+0000] {logging_mixin.py:190} INFO - [2025-12-15T19:12:22.300+0000] {dag.py:4180} INFO - Setting next_dagrun for example_xcom to 2021-01-01 00:00:00+00:00, run_after=2021-01-01 00:00:00+00:00
[2025-12-15T19:12:22.339+0000] {processor.py:208} INFO - Processing /home/airflow/.local/lib/python3.12/site-packages/airflow/example_dags/example_xcom.py took 0.121 seconds
[2025-12-15T19:12:54.063+0000] {processor.py:186} INFO - Started process (PID=8263) to work on /home/airflow/.local/lib/python3.12/site-packages/airflow/example_dags/example_xcom.py
[2025-12-15T19:12:54.065+0000] {processor.py:914} INFO - Processing file /home/airflow/.local/lib/python3.12/site-packages/airflow/example_dags/example_xcom.py for tasks to queue
[2025-12-15T19:12:54.067+0000] {logging_mixin.py:190} INFO - [2025-12-15T19:12:54.066+0000] {dagbag.py:588} INFO - Filling up the DagBag from /home/airflow/.local/lib/python3.12/site-packages/airflow/example_dags/example_xcom.py
[2025-12-15T19:12:54.080+0000] {processor.py:925} INFO - DAG(s) 'example_xcom' retrieved from /home/airflow/.local/lib/python3.12/site-packages/airflow/example_dags/example_xcom.py
[2025-12-15T19:12:54.111+0000] {logging_mixin.py:190} INFO - [2025-12-15T19:12:54.110+0000] {dag.py:3239} INFO - Sync 1 DAGs
[2025-12-15T19:12:54.142+0000] {logging_mixin.py:190} INFO - [2025-12-15T19:12:54.142+0000] {dag.py:4180} INFO - Setting next_dagrun for example_xcom to 2021-01-01 00:00:00+00:00, run_after=2021-01-01 00:00:00+00:00
[2025-12-15T19:12:54.167+0000] {processor.py:208} INFO - Processing /home/airflow/.local/lib/python3.12/site-packages/airflow/example_dags/example_xcom.py took 0.112 seconds
[2025-12-15T19:13:29.157+0000] {processor.py:186} INFO - Started process (PID=8570) to work on /home/airflow/.local/lib/python3.12/site-packages/airflow/example_dags/example_xcom.py
[2025-12-15T19:13:29.186+0000] {processor.py:914} INFO - Processing file /home/airflow/.local/lib/python3.12/site-packages/airflow/example_dags/example_xcom.py for tasks to queue
[2025-12-15T19:13:29.191+0000] {logging_mixin.py:190} INFO - [2025-12-15T19:13:29.190+0000] {dagbag.py:588} INFO - Filling up the DagBag from /home/airflow/.local/lib/python3.12/site-packages/airflow/example_dags/example_xcom.py
[2025-12-15T19:13:29.230+0000] {processor.py:925} INFO - DAG(s) 'example_xcom' retrieved from /home/airflow/.local/lib/python3.12/site-packages/airflow/example_dags/example_xcom.py
[2025-12-15T19:13:29.312+0000] {logging_mixin.py:190} INFO - [2025-12-15T19:13:29.311+0000] {dag.py:3239} INFO - Sync 1 DAGs
[2025-12-15T19:13:29.473+0000] {logging_mixin.py:190} INFO - [2025-12-15T19:13:29.471+0000] {dag.py:4180} INFO - Setting next_dagrun for example_xcom to 2021-01-01 00:00:00+00:00, run_after=2021-01-01 00:00:00+00:00
[2025-12-15T19:13:29.536+0000] {processor.py:208} INFO - Processing /home/airflow/.local/lib/python3.12/site-packages/airflow/example_dags/example_xcom.py took 0.406 seconds
[2025-12-15T19:14:00.569+0000] {processor.py:186} INFO - Started process (PID=8861) to work on /home/airflow/.local/lib/python3.12/site-packages/airflow/example_dags/example_xcom.py
[2025-12-15T19:14:00.572+0000] {processor.py:914} INFO - Processing file /home/airflow/.local/lib/python3.12/site-packages/airflow/example_dags/example_xcom.py for tasks to queue
[2025-12-15T19:14:00.574+0000] {logging_mixin.py:190} INFO - [2025-12-15T19:14:00.574+0000] {dagbag.py:588} INFO - Filling up the DagBag from /home/airflow/.local/lib/python3.12/site-packages/airflow/example_dags/example_xcom.py
[2025-12-15T19:14:00.586+0000] {processor.py:925} INFO - DAG(s) 'example_xcom' retrieved from /home/airflow/.local/lib/python3.12/site-packages/airflow/example_dags/example_xcom.py
[2025-12-15T19:14:00.615+0000] {logging_mixin.py:190} INFO - [2025-12-15T19:14:00.615+0000] {dag.py:3239} INFO - Sync 1 DAGs
[2025-12-15T19:14:00.647+0000] {logging_mixin.py:190} INFO - [2025-12-15T19:14:00.647+0000] {dag.py:4180} INFO - Setting next_dagrun for example_xcom to 2021-01-01 00:00:00+00:00, run_after=2021-01-01 00:00:00+00:00
[2025-12-15T19:14:00.674+0000] {processor.py:208} INFO - Processing /home/airflow/.local/lib/python3.12/site-packages/airflow/example_dags/example_xcom.py took 0.114 seconds
[2025-12-15T19:14:31.714+0000] {processor.py:186} INFO - Started process (PID=9150) to work on /home/airflow/.local/lib/python3.12/site-packages/airflow/example_dags/example_xcom.py
[2025-12-15T19:14:31.716+0000] {processor.py:914} INFO - Processing file /home/airflow/.local/lib/python3.12/site-packages/airflow/example_dags/example_xcom.py for tasks to queue
[2025-12-15T19:14:31.719+0000] {logging_mixin.py:190} INFO - [2025-12-15T19:14:31.718+0000] {dagbag.py:588} INFO - Filling up the DagBag from /home/airflow/.local/lib/python3.12/site-packages/airflow/example_dags/example_xcom.py
[2025-12-15T19:14:31.745+0000] {processor.py:925} INFO - DAG(s) 'example_xcom' retrieved from /home/airflow/.local/lib/python3.12/site-packages/airflow/example_dags/example_xcom.py
[2025-12-15T19:14:31.781+0000] {logging_mixin.py:190} INFO - [2025-12-15T19:14:31.780+0000] {dag.py:3239} INFO - Sync 1 DAGs
[2025-12-15T19:14:31.828+0000] {logging_mixin.py:190} INFO - [2025-12-15T19:14:31.828+0000] {dag.py:4180} INFO - Setting next_dagrun for example_xcom to 2021-01-01 00:00:00+00:00, run_after=2021-01-01 00:00:00+00:00
[2025-12-15T19:14:31.888+0000] {processor.py:208} INFO - Processing /home/airflow/.local/lib/python3.12/site-packages/airflow/example_dags/example_xcom.py took 0.188 seconds
[2025-12-15T19:15:05.188+0000] {processor.py:186} INFO - Started process (PID=9441) to work on /home/airflow/.local/lib/python3.12/site-packages/airflow/example_dags/example_xcom.py
[2025-12-15T19:15:05.190+0000] {processor.py:914} INFO - Processing file /home/airflow/.local/lib/python3.12/site-packages/airflow/example_dags/example_xcom.py for tasks to queue
[2025-12-15T19:15:05.192+0000] {logging_mixin.py:190} INFO - [2025-12-15T19:15:05.191+0000] {dagbag.py:588} INFO - Filling up the DagBag from /home/airflow/.local/lib/python3.12/site-packages/airflow/example_dags/example_xcom.py
[2025-12-15T19:15:05.225+0000] {processor.py:925} INFO - DAG(s) 'example_xcom' retrieved from /home/airflow/.local/lib/python3.12/site-packages/airflow/example_dags/example_xcom.py
[2025-12-15T19:15:05.271+0000] {logging_mixin.py:190} INFO - [2025-12-15T19:15:05.271+0000] {dag.py:3239} INFO - Sync 1 DAGs
[2025-12-15T19:15:05.334+0000] {logging_mixin.py:190} INFO - [2025-12-15T19:15:05.333+0000] {dag.py:4180} INFO - Setting next_dagrun for example_xcom to 2021-01-01 00:00:00+00:00, run_after=2021-01-01 00:00:00+00:00
[2025-12-15T19:15:05.393+0000] {processor.py:208} INFO - Processing /home/airflow/.local/lib/python3.12/site-packages/airflow/example_dags/example_xcom.py took 0.237 seconds
[2025-12-15T19:15:38.474+0000] {processor.py:186} INFO - Started process (PID=9734) to work on /home/airflow/.local/lib/python3.12/site-packages/airflow/example_dags/example_xcom.py
[2025-12-15T19:15:38.505+0000] {processor.py:914} INFO - Processing file /home/airflow/.local/lib/python3.12/site-packages/airflow/example_dags/example_xcom.py for tasks to queue
[2025-12-15T19:15:38.507+0000] {logging_mixin.py:190} INFO - [2025-12-15T19:15:38.507+0000] {dagbag.py:588} INFO - Filling up the DagBag from /home/airflow/.local/lib/python3.12/site-packages/airflow/example_dags/example_xcom.py
[2025-12-15T19:15:38.529+0000] {processor.py:925} INFO - DAG(s) 'example_xcom' retrieved from /home/airflow/.local/lib/python3.12/site-packages/airflow/example_dags/example_xcom.py
[2025-12-15T19:15:38.575+0000] {logging_mixin.py:190} INFO - [2025-12-15T19:15:38.574+0000] {dag.py:3239} INFO - Sync 1 DAGs
[2025-12-15T19:15:38.630+0000] {logging_mixin.py:190} INFO - [2025-12-15T19:15:38.630+0000] {dag.py:4180} INFO - Setting next_dagrun for example_xcom to 2021-01-01 00:00:00+00:00, run_after=2021-01-01 00:00:00+00:00
[2025-12-15T19:15:38.676+0000] {processor.py:208} INFO - Processing /home/airflow/.local/lib/python3.12/site-packages/airflow/example_dags/example_xcom.py took 0.217 seconds
[2025-12-15T19:16:09.923+0000] {processor.py:186} INFO - Started process (PID=10028) to work on /home/airflow/.local/lib/python3.12/site-packages/airflow/example_dags/example_xcom.py
[2025-12-15T19:16:09.925+0000] {processor.py:914} INFO - Processing file /home/airflow/.local/lib/python3.12/site-packages/airflow/example_dags/example_xcom.py for tasks to queue
[2025-12-15T19:16:09.927+0000] {logging_mixin.py:190} INFO - [2025-12-15T19:16:09.926+0000] {dagbag.py:588} INFO - Filling up the DagBag from /home/airflow/.local/lib/python3.12/site-packages/airflow/example_dags/example_xcom.py
[2025-12-15T19:16:09.946+0000] {processor.py:925} INFO - DAG(s) 'example_xcom' retrieved from /home/airflow/.local/lib/python3.12/site-packages/airflow/example_dags/example_xcom.py
[2025-12-15T19:16:09.992+0000] {logging_mixin.py:190} INFO - [2025-12-15T19:16:09.992+0000] {dag.py:3239} INFO - Sync 1 DAGs
[2025-12-15T19:16:10.035+0000] {logging_mixin.py:190} INFO - [2025-12-15T19:16:10.034+0000] {dag.py:4180} INFO - Setting next_dagrun for example_xcom to 2021-01-01 00:00:00+00:00, run_after=2021-01-01 00:00:00+00:00
[2025-12-15T19:16:10.078+0000] {processor.py:208} INFO - Processing /home/airflow/.local/lib/python3.12/site-packages/airflow/example_dags/example_xcom.py took 0.169 seconds
[2025-12-15T19:16:42.281+0000] {processor.py:186} INFO - Started process (PID=10319) to work on /home/airflow/.local/lib/python3.12/site-packages/airflow/example_dags/example_xcom.py
[2025-12-15T19:16:42.284+0000] {processor.py:914} INFO - Processing file /home/airflow/.local/lib/python3.12/site-packages/airflow/example_dags/example_xcom.py for tasks to queue
[2025-12-15T19:16:42.287+0000] {logging_mixin.py:190} INFO - [2025-12-15T19:16:42.286+0000] {dagbag.py:588} INFO - Filling up the DagBag from /home/airflow/.local/lib/python3.12/site-packages/airflow/example_dags/example_xcom.py
[2025-12-15T19:16:42.320+0000] {processor.py:925} INFO - DAG(s) 'example_xcom' retrieved from /home/airflow/.local/lib/python3.12/site-packages/airflow/example_dags/example_xcom.py
[2025-12-15T19:16:42.395+0000] {logging_mixin.py:190} INFO - [2025-12-15T19:16:42.394+0000] {dag.py:3239} INFO - Sync 1 DAGs
[2025-12-15T19:16:42.496+0000] {logging_mixin.py:190} INFO - [2025-12-15T19:16:42.496+0000] {dag.py:4180} INFO - Setting next_dagrun for example_xcom to 2021-01-01 00:00:00+00:00, run_after=2021-01-01 00:00:00+00:00
[2025-12-15T19:16:42.567+0000] {processor.py:208} INFO - Processing /home/airflow/.local/lib/python3.12/site-packages/airflow/example_dags/example_xcom.py took 0.308 seconds
[2025-12-15T19:17:20.690+0000] {processor.py:186} INFO - Started process (PID=10615) to work on /home/airflow/.local/lib/python3.12/site-packages/airflow/example_dags/example_xcom.py
[2025-12-15T19:17:20.694+0000] {processor.py:914} INFO - Processing file /home/airflow/.local/lib/python3.12/site-packages/airflow/example_dags/example_xcom.py for tasks to queue
[2025-12-15T19:17:20.701+0000] {logging_mixin.py:190} INFO - [2025-12-15T19:17:20.700+0000] {dagbag.py:588} INFO - Filling up the DagBag from /home/airflow/.local/lib/python3.12/site-packages/airflow/example_dags/example_xcom.py
[2025-12-15T19:17:20.757+0000] {processor.py:925} INFO - DAG(s) 'example_xcom' retrieved from /home/airflow/.local/lib/python3.12/site-packages/airflow/example_dags/example_xcom.py
[2025-12-15T19:17:20.869+0000] {logging_mixin.py:190} INFO - [2025-12-15T19:17:20.868+0000] {dag.py:3239} INFO - Sync 1 DAGs
[2025-12-15T19:17:21.019+0000] {logging_mixin.py:190} INFO - [2025-12-15T19:17:21.010+0000] {dag.py:4180} INFO - Setting next_dagrun for example_xcom to 2021-01-01 00:00:00+00:00, run_after=2021-01-01 00:00:00+00:00
[2025-12-15T19:17:21.159+0000] {processor.py:208} INFO - Processing /home/airflow/.local/lib/python3.12/site-packages/airflow/example_dags/example_xcom.py took 0.493 seconds
[2025-12-15T19:17:51.377+0000] {processor.py:186} INFO - Started process (PID=10910) to work on /home/airflow/.local/lib/python3.12/site-packages/airflow/example_dags/example_xcom.py
[2025-12-15T19:17:51.386+0000] {processor.py:914} INFO - Processing file /home/airflow/.local/lib/python3.12/site-packages/airflow/example_dags/example_xcom.py for tasks to queue
[2025-12-15T19:17:51.389+0000] {logging_mixin.py:190} INFO - [2025-12-15T19:17:51.388+0000] {dagbag.py:588} INFO - Filling up the DagBag from /home/airflow/.local/lib/python3.12/site-packages/airflow/example_dags/example_xcom.py
[2025-12-15T19:17:51.423+0000] {processor.py:925} INFO - DAG(s) 'example_xcom' retrieved from /home/airflow/.local/lib/python3.12/site-packages/airflow/example_dags/example_xcom.py
[2025-12-15T19:17:51.476+0000] {logging_mixin.py:190} INFO - [2025-12-15T19:17:51.476+0000] {dag.py:3239} INFO - Sync 1 DAGs
[2025-12-15T19:17:51.571+0000] {logging_mixin.py:190} INFO - [2025-12-15T19:17:51.570+0000] {dag.py:4180} INFO - Setting next_dagrun for example_xcom to 2021-01-01 00:00:00+00:00, run_after=2021-01-01 00:00:00+00:00
[2025-12-15T19:17:51.627+0000] {processor.py:208} INFO - Processing /home/airflow/.local/lib/python3.12/site-packages/airflow/example_dags/example_xcom.py took 0.288 seconds
[2025-12-15T19:18:21.947+0000] {processor.py:186} INFO - Started process (PID=11196) to work on /home/airflow/.local/lib/python3.12/site-packages/airflow/example_dags/example_xcom.py
[2025-12-15T19:18:21.954+0000] {processor.py:914} INFO - Processing file /home/airflow/.local/lib/python3.12/site-packages/airflow/example_dags/example_xcom.py for tasks to queue
[2025-12-15T19:18:21.958+0000] {logging_mixin.py:190} INFO - [2025-12-15T19:18:21.957+0000] {dagbag.py:588} INFO - Filling up the DagBag from /home/airflow/.local/lib/python3.12/site-packages/airflow/example_dags/example_xcom.py
[2025-12-15T19:18:22.040+0000] {processor.py:925} INFO - DAG(s) 'example_xcom' retrieved from /home/airflow/.local/lib/python3.12/site-packages/airflow/example_dags/example_xcom.py
[2025-12-15T19:18:22.164+0000] {logging_mixin.py:190} INFO - [2025-12-15T19:18:22.164+0000] {dag.py:3239} INFO - Sync 1 DAGs
[2025-12-15T19:18:22.260+0000] {logging_mixin.py:190} INFO - [2025-12-15T19:18:22.260+0000] {dag.py:4180} INFO - Setting next_dagrun for example_xcom to 2021-01-01 00:00:00+00:00, run_after=2021-01-01 00:00:00+00:00
[2025-12-15T19:18:22.317+0000] {processor.py:208} INFO - Processing /home/airflow/.local/lib/python3.12/site-packages/airflow/example_dags/example_xcom.py took 0.412 seconds
[2025-12-15T19:18:52.737+0000] {processor.py:186} INFO - Started process (PID=11487) to work on /home/airflow/.local/lib/python3.12/site-packages/airflow/example_dags/example_xcom.py
[2025-12-15T19:18:52.741+0000] {processor.py:914} INFO - Processing file /home/airflow/.local/lib/python3.12/site-packages/airflow/example_dags/example_xcom.py for tasks to queue
[2025-12-15T19:18:52.743+0000] {logging_mixin.py:190} INFO - [2025-12-15T19:18:52.743+0000] {dagbag.py:588} INFO - Filling up the DagBag from /home/airflow/.local/lib/python3.12/site-packages/airflow/example_dags/example_xcom.py
[2025-12-15T19:18:52.759+0000] {processor.py:925} INFO - DAG(s) 'example_xcom' retrieved from /home/airflow/.local/lib/python3.12/site-packages/airflow/example_dags/example_xcom.py
[2025-12-15T19:18:52.793+0000] {logging_mixin.py:190} INFO - [2025-12-15T19:18:52.792+0000] {dag.py:3239} INFO - Sync 1 DAGs
[2025-12-15T19:18:52.832+0000] {logging_mixin.py:190} INFO - [2025-12-15T19:18:52.831+0000] {dag.py:4180} INFO - Setting next_dagrun for example_xcom to 2021-01-01 00:00:00+00:00, run_after=2021-01-01 00:00:00+00:00
[2025-12-15T19:18:52.881+0000] {processor.py:208} INFO - Processing /home/airflow/.local/lib/python3.12/site-packages/airflow/example_dags/example_xcom.py took 0.152 seconds
