[2025-12-15T18:56:32.225+0000] {processor.py:186} INFO - Started process (PID=461) to work on /home/airflow/.local/lib/python3.12/site-packages/airflow/example_dags/tutorial_taskflow_api_virtualenv.py
[2025-12-15T18:56:32.227+0000] {processor.py:914} INFO - Processing file /home/airflow/.local/lib/python3.12/site-packages/airflow/example_dags/tutorial_taskflow_api_virtualenv.py for tasks to queue
[2025-12-15T18:56:32.232+0000] {logging_mixin.py:190} INFO - [2025-12-15T18:56:32.231+0000] {dagbag.py:588} INFO - Filling up the DagBag from /home/airflow/.local/lib/python3.12/site-packages/airflow/example_dags/tutorial_taskflow_api_virtualenv.py
[2025-12-15T18:56:32.263+0000] {processor.py:925} INFO - DAG(s) 'tutorial_taskflow_api_virtualenv' retrieved from /home/airflow/.local/lib/python3.12/site-packages/airflow/example_dags/tutorial_taskflow_api_virtualenv.py
[2025-12-15T18:56:32.563+0000] {logging_mixin.py:190} INFO - [2025-12-15T18:56:32.562+0000] {override.py:1911} INFO - Created Permission View: can read on DAG:tutorial_taskflow_api_virtualenv
[2025-12-15T18:56:32.611+0000] {logging_mixin.py:190} INFO - [2025-12-15T18:56:32.611+0000] {override.py:1911} INFO - Created Permission View: can edit on DAG:tutorial_taskflow_api_virtualenv
[2025-12-15T18:56:32.644+0000] {logging_mixin.py:190} INFO - [2025-12-15T18:56:32.643+0000] {override.py:1911} INFO - Created Permission View: can delete on DAG:tutorial_taskflow_api_virtualenv
[2025-12-15T18:56:32.688+0000] {logging_mixin.py:190} INFO - [2025-12-15T18:56:32.687+0000] {override.py:1911} INFO - Created Permission View: can read on DAG Run:tutorial_taskflow_api_virtualenv
[2025-12-15T18:56:32.723+0000] {logging_mixin.py:190} INFO - [2025-12-15T18:56:32.722+0000] {override.py:1911} INFO - Created Permission View: menu access on DAG Run:tutorial_taskflow_api_virtualenv
[2025-12-15T18:56:32.754+0000] {logging_mixin.py:190} INFO - [2025-12-15T18:56:32.753+0000] {override.py:1911} INFO - Created Permission View: can create on DAG Run:tutorial_taskflow_api_virtualenv
[2025-12-15T18:56:32.774+0000] {logging_mixin.py:190} INFO - [2025-12-15T18:56:32.774+0000] {override.py:1911} INFO - Created Permission View: can delete on DAG Run:tutorial_taskflow_api_virtualenv
[2025-12-15T18:56:32.776+0000] {logging_mixin.py:190} INFO - [2025-12-15T18:56:32.775+0000] {dag.py:3239} INFO - Sync 1 DAGs
[2025-12-15T18:56:33.674+0000] {logging_mixin.py:190} INFO - [2025-12-15T18:56:33.673+0000] {dag.py:3262} INFO - Creating ORM DAG for tutorial_taskflow_api_virtualenv
[2025-12-15T18:56:33.676+0000] {logging_mixin.py:190} INFO - [2025-12-15T18:56:33.675+0000] {dag.py:4180} INFO - Setting next_dagrun for tutorial_taskflow_api_virtualenv to None, run_after=None
[2025-12-15T18:56:33.750+0000] {processor.py:208} INFO - Processing /home/airflow/.local/lib/python3.12/site-packages/airflow/example_dags/tutorial_taskflow_api_virtualenv.py took 1.545 seconds
[2025-12-15T18:57:05.378+0000] {processor.py:186} INFO - Started process (PID=755) to work on /home/airflow/.local/lib/python3.12/site-packages/airflow/example_dags/tutorial_taskflow_api_virtualenv.py
[2025-12-15T18:57:05.382+0000] {processor.py:914} INFO - Processing file /home/airflow/.local/lib/python3.12/site-packages/airflow/example_dags/tutorial_taskflow_api_virtualenv.py for tasks to queue
[2025-12-15T18:57:05.395+0000] {logging_mixin.py:190} INFO - [2025-12-15T18:57:05.394+0000] {dagbag.py:588} INFO - Filling up the DagBag from /home/airflow/.local/lib/python3.12/site-packages/airflow/example_dags/tutorial_taskflow_api_virtualenv.py
[2025-12-15T18:57:05.449+0000] {processor.py:925} INFO - DAG(s) 'tutorial_taskflow_api_virtualenv' retrieved from /home/airflow/.local/lib/python3.12/site-packages/airflow/example_dags/tutorial_taskflow_api_virtualenv.py
[2025-12-15T18:57:05.507+0000] {logging_mixin.py:190} INFO - [2025-12-15T18:57:05.506+0000] {dag.py:3239} INFO - Sync 1 DAGs
[2025-12-15T18:57:05.558+0000] {logging_mixin.py:190} INFO - [2025-12-15T18:57:05.557+0000] {dag.py:4180} INFO - Setting next_dagrun for tutorial_taskflow_api_virtualenv to None, run_after=None
[2025-12-15T18:55:20.255+0000] {processor.py:208} INFO - Processing /home/airflow/.local/lib/python3.12/site-packages/airflow/example_dags/tutorial_taskflow_api_virtualenv.py took 0.265 seconds
[2025-12-15T18:57:06.801+0000] {processor.py:186} INFO - Started process (PID=770) to work on /home/airflow/.local/lib/python3.12/site-packages/airflow/example_dags/tutorial_taskflow_api_virtualenv.py
[2025-12-15T18:57:06.804+0000] {processor.py:914} INFO - Processing file /home/airflow/.local/lib/python3.12/site-packages/airflow/example_dags/tutorial_taskflow_api_virtualenv.py for tasks to queue
[2025-12-15T18:57:06.810+0000] {logging_mixin.py:190} INFO - [2025-12-15T18:57:06.809+0000] {dagbag.py:588} INFO - Filling up the DagBag from /home/airflow/.local/lib/python3.12/site-packages/airflow/example_dags/tutorial_taskflow_api_virtualenv.py
[2025-12-15T18:57:06.853+0000] {processor.py:925} INFO - DAG(s) 'tutorial_taskflow_api_virtualenv' retrieved from /home/airflow/.local/lib/python3.12/site-packages/airflow/example_dags/tutorial_taskflow_api_virtualenv.py
[2025-12-15T18:57:06.908+0000] {logging_mixin.py:190} INFO - [2025-12-15T18:57:06.907+0000] {dag.py:3239} INFO - Sync 1 DAGs
[2025-12-15T18:57:06.952+0000] {logging_mixin.py:190} INFO - [2025-12-15T18:57:06.951+0000] {dag.py:4180} INFO - Setting next_dagrun for tutorial_taskflow_api_virtualenv to None, run_after=None
[2025-12-15T18:57:07.018+0000] {processor.py:208} INFO - Processing /home/airflow/.local/lib/python3.12/site-packages/airflow/example_dags/tutorial_taskflow_api_virtualenv.py took 0.236 seconds
[2025-12-15T18:57:43.798+0000] {processor.py:186} INFO - Started process (PID=1061) to work on /home/airflow/.local/lib/python3.12/site-packages/airflow/example_dags/tutorial_taskflow_api_virtualenv.py
[2025-12-15T18:57:43.801+0000] {processor.py:914} INFO - Processing file /home/airflow/.local/lib/python3.12/site-packages/airflow/example_dags/tutorial_taskflow_api_virtualenv.py for tasks to queue
[2025-12-15T18:57:43.806+0000] {logging_mixin.py:190} INFO - [2025-12-15T18:57:43.805+0000] {dagbag.py:588} INFO - Filling up the DagBag from /home/airflow/.local/lib/python3.12/site-packages/airflow/example_dags/tutorial_taskflow_api_virtualenv.py
[2025-12-15T18:57:43.842+0000] {processor.py:925} INFO - DAG(s) 'tutorial_taskflow_api_virtualenv' retrieved from /home/airflow/.local/lib/python3.12/site-packages/airflow/example_dags/tutorial_taskflow_api_virtualenv.py
[2025-12-15T18:57:43.925+0000] {logging_mixin.py:190} INFO - [2025-12-15T18:57:43.925+0000] {dag.py:3239} INFO - Sync 1 DAGs
[2025-12-15T18:57:43.959+0000] {logging_mixin.py:190} INFO - [2025-12-15T18:57:43.959+0000] {dag.py:4180} INFO - Setting next_dagrun for tutorial_taskflow_api_virtualenv to None, run_after=None
[2025-12-15T18:57:44.036+0000] {processor.py:208} INFO - Processing /home/airflow/.local/lib/python3.12/site-packages/airflow/example_dags/tutorial_taskflow_api_virtualenv.py took 0.293 seconds
[2025-12-15T18:58:19.577+0000] {processor.py:186} INFO - Started process (PID=1356) to work on /home/airflow/.local/lib/python3.12/site-packages/airflow/example_dags/tutorial_taskflow_api_virtualenv.py
[2025-12-15T18:58:19.579+0000] {processor.py:914} INFO - Processing file /home/airflow/.local/lib/python3.12/site-packages/airflow/example_dags/tutorial_taskflow_api_virtualenv.py for tasks to queue
[2025-12-15T18:58:19.585+0000] {logging_mixin.py:190} INFO - [2025-12-15T18:58:19.584+0000] {dagbag.py:588} INFO - Filling up the DagBag from /home/airflow/.local/lib/python3.12/site-packages/airflow/example_dags/tutorial_taskflow_api_virtualenv.py
[2025-12-15T18:58:19.619+0000] {processor.py:925} INFO - DAG(s) 'tutorial_taskflow_api_virtualenv' retrieved from /home/airflow/.local/lib/python3.12/site-packages/airflow/example_dags/tutorial_taskflow_api_virtualenv.py
[2025-12-15T18:58:19.664+0000] {logging_mixin.py:190} INFO - [2025-12-15T18:58:19.663+0000] {dag.py:3239} INFO - Sync 1 DAGs
[2025-12-15T18:58:19.700+0000] {logging_mixin.py:190} INFO - [2025-12-15T18:58:19.699+0000] {dag.py:4180} INFO - Setting next_dagrun for tutorial_taskflow_api_virtualenv to None, run_after=None
[2025-12-15T18:58:19.804+0000] {processor.py:208} INFO - Processing /home/airflow/.local/lib/python3.12/site-packages/airflow/example_dags/tutorial_taskflow_api_virtualenv.py took 0.243 seconds
[2025-12-15T18:58:52.550+0000] {processor.py:186} INFO - Started process (PID=1642) to work on /home/airflow/.local/lib/python3.12/site-packages/airflow/example_dags/tutorial_taskflow_api_virtualenv.py
[2025-12-15T18:58:52.660+0000] {processor.py:914} INFO - Processing file /home/airflow/.local/lib/python3.12/site-packages/airflow/example_dags/tutorial_taskflow_api_virtualenv.py for tasks to queue
[2025-12-15T18:58:52.664+0000] {logging_mixin.py:190} INFO - [2025-12-15T18:58:52.663+0000] {dagbag.py:588} INFO - Filling up the DagBag from /home/airflow/.local/lib/python3.12/site-packages/airflow/example_dags/tutorial_taskflow_api_virtualenv.py
[2025-12-15T18:58:52.730+0000] {processor.py:925} INFO - DAG(s) 'tutorial_taskflow_api_virtualenv' retrieved from /home/airflow/.local/lib/python3.12/site-packages/airflow/example_dags/tutorial_taskflow_api_virtualenv.py
[2025-12-15T18:58:52.782+0000] {logging_mixin.py:190} INFO - [2025-12-15T18:58:52.781+0000] {dag.py:3239} INFO - Sync 1 DAGs
[2025-12-15T18:58:52.805+0000] {logging_mixin.py:190} INFO - [2025-12-15T18:58:52.805+0000] {dag.py:4180} INFO - Setting next_dagrun for tutorial_taskflow_api_virtualenv to None, run_after=None
[2025-12-15T18:58:52.839+0000] {processor.py:208} INFO - Processing /home/airflow/.local/lib/python3.12/site-packages/airflow/example_dags/tutorial_taskflow_api_virtualenv.py took 0.305 seconds
[2025-12-15T19:00:06.013+0000] {processor.py:186} INFO - Started process (PID=2047) to work on /home/airflow/.local/lib/python3.12/site-packages/airflow/example_dags/tutorial_taskflow_api_virtualenv.py
[2025-12-15T19:00:06.065+0000] {processor.py:914} INFO - Processing file /home/airflow/.local/lib/python3.12/site-packages/airflow/example_dags/tutorial_taskflow_api_virtualenv.py for tasks to queue
[2025-12-15T19:00:06.233+0000] {logging_mixin.py:190} INFO - [2025-12-15T19:00:06.232+0000] {dagbag.py:588} INFO - Filling up the DagBag from /home/airflow/.local/lib/python3.12/site-packages/airflow/example_dags/tutorial_taskflow_api_virtualenv.py
[2025-12-15T19:00:06.431+0000] {processor.py:925} INFO - DAG(s) 'tutorial_taskflow_api_virtualenv' retrieved from /home/airflow/.local/lib/python3.12/site-packages/airflow/example_dags/tutorial_taskflow_api_virtualenv.py
[2025-12-15T19:00:07.326+0000] {logging_mixin.py:190} INFO - [2025-12-15T19:00:07.325+0000] {dag.py:3239} INFO - Sync 1 DAGs
[2025-12-15T19:00:08.289+0000] {logging_mixin.py:190} INFO - [2025-12-15T19:00:08.288+0000] {dag.py:4180} INFO - Setting next_dagrun for tutorial_taskflow_api_virtualenv to None, run_after=None
[2025-12-15T19:00:10.306+0000] {processor.py:208} INFO - Processing /home/airflow/.local/lib/python3.12/site-packages/airflow/example_dags/tutorial_taskflow_api_virtualenv.py took 4.412 seconds
[2025-12-15T19:01:58.157+0000] {processor.py:186} INFO - Started process (PID=2370) to work on /home/airflow/.local/lib/python3.12/site-packages/airflow/example_dags/tutorial_taskflow_api_virtualenv.py
[2025-12-15T19:01:58.160+0000] {processor.py:914} INFO - Processing file /home/airflow/.local/lib/python3.12/site-packages/airflow/example_dags/tutorial_taskflow_api_virtualenv.py for tasks to queue
[2025-12-15T19:01:58.165+0000] {logging_mixin.py:190} INFO - [2025-12-15T19:01:58.165+0000] {dagbag.py:588} INFO - Filling up the DagBag from /home/airflow/.local/lib/python3.12/site-packages/airflow/example_dags/tutorial_taskflow_api_virtualenv.py
[2025-12-15T19:01:58.196+0000] {processor.py:925} INFO - DAG(s) 'tutorial_taskflow_api_virtualenv' retrieved from /home/airflow/.local/lib/python3.12/site-packages/airflow/example_dags/tutorial_taskflow_api_virtualenv.py
[2025-12-15T19:01:58.242+0000] {logging_mixin.py:190} INFO - [2025-12-15T19:01:58.242+0000] {dag.py:3239} INFO - Sync 1 DAGs
[2025-12-15T19:01:58.279+0000] {logging_mixin.py:190} INFO - [2025-12-15T19:01:58.278+0000] {dag.py:4180} INFO - Setting next_dagrun for tutorial_taskflow_api_virtualenv to None, run_after=None
[2025-12-15T19:01:58.325+0000] {processor.py:208} INFO - Processing /home/airflow/.local/lib/python3.12/site-packages/airflow/example_dags/tutorial_taskflow_api_virtualenv.py took 0.182 seconds
[2025-12-15T19:02:33.645+0000] {processor.py:186} INFO - Started process (PID=2748) to work on /home/airflow/.local/lib/python3.12/site-packages/airflow/example_dags/tutorial_taskflow_api_virtualenv.py
[2025-12-15T19:02:33.649+0000] {processor.py:914} INFO - Processing file /home/airflow/.local/lib/python3.12/site-packages/airflow/example_dags/tutorial_taskflow_api_virtualenv.py for tasks to queue
[2025-12-15T19:02:33.653+0000] {logging_mixin.py:190} INFO - [2025-12-15T19:02:33.652+0000] {dagbag.py:588} INFO - Filling up the DagBag from /home/airflow/.local/lib/python3.12/site-packages/airflow/example_dags/tutorial_taskflow_api_virtualenv.py
[2025-12-15T19:02:33.685+0000] {processor.py:925} INFO - DAG(s) 'tutorial_taskflow_api_virtualenv' retrieved from /home/airflow/.local/lib/python3.12/site-packages/airflow/example_dags/tutorial_taskflow_api_virtualenv.py
[2025-12-15T19:02:33.729+0000] {logging_mixin.py:190} INFO - [2025-12-15T19:02:33.729+0000] {dag.py:3239} INFO - Sync 1 DAGs
[2025-12-15T19:02:33.763+0000] {logging_mixin.py:190} INFO - [2025-12-15T19:02:33.763+0000] {dag.py:4180} INFO - Setting next_dagrun for tutorial_taskflow_api_virtualenv to None, run_after=None
[2025-12-15T19:02:33.803+0000] {processor.py:208} INFO - Processing /home/airflow/.local/lib/python3.12/site-packages/airflow/example_dags/tutorial_taskflow_api_virtualenv.py took 0.173 seconds
[2025-12-15T19:03:08.334+0000] {processor.py:186} INFO - Started process (PID=3057) to work on /home/airflow/.local/lib/python3.12/site-packages/airflow/example_dags/tutorial_taskflow_api_virtualenv.py
[2025-12-15T19:03:08.337+0000] {processor.py:914} INFO - Processing file /home/airflow/.local/lib/python3.12/site-packages/airflow/example_dags/tutorial_taskflow_api_virtualenv.py for tasks to queue
[2025-12-15T19:03:08.343+0000] {logging_mixin.py:190} INFO - [2025-12-15T19:03:08.342+0000] {dagbag.py:588} INFO - Filling up the DagBag from /home/airflow/.local/lib/python3.12/site-packages/airflow/example_dags/tutorial_taskflow_api_virtualenv.py
[2025-12-15T19:03:08.375+0000] {processor.py:925} INFO - DAG(s) 'tutorial_taskflow_api_virtualenv' retrieved from /home/airflow/.local/lib/python3.12/site-packages/airflow/example_dags/tutorial_taskflow_api_virtualenv.py
[2025-12-15T19:03:08.422+0000] {logging_mixin.py:190} INFO - [2025-12-15T19:03:08.421+0000] {dag.py:3239} INFO - Sync 1 DAGs
[2025-12-15T19:03:08.457+0000] {logging_mixin.py:190} INFO - [2025-12-15T19:03:08.456+0000] {dag.py:4180} INFO - Setting next_dagrun for tutorial_taskflow_api_virtualenv to None, run_after=None
[2025-12-15T19:03:08.504+0000] {processor.py:208} INFO - Processing /home/airflow/.local/lib/python3.12/site-packages/airflow/example_dags/tutorial_taskflow_api_virtualenv.py took 0.182 seconds
[2025-12-15T19:03:40.751+0000] {processor.py:186} INFO - Started process (PID=3348) to work on /home/airflow/.local/lib/python3.12/site-packages/airflow/example_dags/tutorial_taskflow_api_virtualenv.py
[2025-12-15T19:03:41.307+0000] {processor.py:914} INFO - Processing file /home/airflow/.local/lib/python3.12/site-packages/airflow/example_dags/tutorial_taskflow_api_virtualenv.py for tasks to queue
[2025-12-15T19:03:41.317+0000] {logging_mixin.py:190} INFO - [2025-12-15T19:03:41.316+0000] {dagbag.py:588} INFO - Filling up the DagBag from /home/airflow/.local/lib/python3.12/site-packages/airflow/example_dags/tutorial_taskflow_api_virtualenv.py
[2025-12-15T19:03:41.382+0000] {processor.py:925} INFO - DAG(s) 'tutorial_taskflow_api_virtualenv' retrieved from /home/airflow/.local/lib/python3.12/site-packages/airflow/example_dags/tutorial_taskflow_api_virtualenv.py
[2025-12-15T19:03:41.439+0000] {logging_mixin.py:190} INFO - [2025-12-15T19:03:41.438+0000] {dag.py:3239} INFO - Sync 1 DAGs
[2025-12-15T19:03:41.488+0000] {logging_mixin.py:190} INFO - [2025-12-15T19:03:41.488+0000] {dag.py:4180} INFO - Setting next_dagrun for tutorial_taskflow_api_virtualenv to None, run_after=None
[2025-12-15T19:03:42.308+0000] {processor.py:208} INFO - Processing /home/airflow/.local/lib/python3.12/site-packages/airflow/example_dags/tutorial_taskflow_api_virtualenv.py took 1.589 seconds
[2025-12-15T19:04:12.610+0000] {processor.py:186} INFO - Started process (PID=3641) to work on /home/airflow/.local/lib/python3.12/site-packages/airflow/example_dags/tutorial_taskflow_api_virtualenv.py
[2025-12-15T19:04:12.612+0000] {processor.py:914} INFO - Processing file /home/airflow/.local/lib/python3.12/site-packages/airflow/example_dags/tutorial_taskflow_api_virtualenv.py for tasks to queue
[2025-12-15T19:04:12.616+0000] {logging_mixin.py:190} INFO - [2025-12-15T19:04:12.615+0000] {dagbag.py:588} INFO - Filling up the DagBag from /home/airflow/.local/lib/python3.12/site-packages/airflow/example_dags/tutorial_taskflow_api_virtualenv.py
[2025-12-15T19:04:12.643+0000] {processor.py:925} INFO - DAG(s) 'tutorial_taskflow_api_virtualenv' retrieved from /home/airflow/.local/lib/python3.12/site-packages/airflow/example_dags/tutorial_taskflow_api_virtualenv.py
[2025-12-15T19:04:12.681+0000] {logging_mixin.py:190} INFO - [2025-12-15T19:04:12.681+0000] {dag.py:3239} INFO - Sync 1 DAGs
[2025-12-15T19:04:12.707+0000] {logging_mixin.py:190} INFO - [2025-12-15T19:04:12.707+0000] {dag.py:4180} INFO - Setting next_dagrun for tutorial_taskflow_api_virtualenv to None, run_after=None
[2025-12-15T19:04:12.741+0000] {processor.py:208} INFO - Processing /home/airflow/.local/lib/python3.12/site-packages/airflow/example_dags/tutorial_taskflow_api_virtualenv.py took 0.144 seconds
[2025-12-15T19:04:45.872+0000] {processor.py:186} INFO - Started process (PID=3930) to work on /home/airflow/.local/lib/python3.12/site-packages/airflow/example_dags/tutorial_taskflow_api_virtualenv.py
[2025-12-15T19:04:45.874+0000] {processor.py:914} INFO - Processing file /home/airflow/.local/lib/python3.12/site-packages/airflow/example_dags/tutorial_taskflow_api_virtualenv.py for tasks to queue
[2025-12-15T19:04:45.877+0000] {logging_mixin.py:190} INFO - [2025-12-15T19:04:45.877+0000] {dagbag.py:588} INFO - Filling up the DagBag from /home/airflow/.local/lib/python3.12/site-packages/airflow/example_dags/tutorial_taskflow_api_virtualenv.py
[2025-12-15T19:04:45.897+0000] {processor.py:925} INFO - DAG(s) 'tutorial_taskflow_api_virtualenv' retrieved from /home/airflow/.local/lib/python3.12/site-packages/airflow/example_dags/tutorial_taskflow_api_virtualenv.py
[2025-12-15T19:04:45.928+0000] {logging_mixin.py:190} INFO - [2025-12-15T19:04:45.928+0000] {dag.py:3239} INFO - Sync 1 DAGs
[2025-12-15T19:04:45.953+0000] {logging_mixin.py:190} INFO - [2025-12-15T19:04:45.952+0000] {dag.py:4180} INFO - Setting next_dagrun for tutorial_taskflow_api_virtualenv to None, run_after=None
[2025-12-15T19:04:45.989+0000] {processor.py:208} INFO - Processing /home/airflow/.local/lib/python3.12/site-packages/airflow/example_dags/tutorial_taskflow_api_virtualenv.py took 0.127 seconds
[2025-12-15T19:05:18.410+0000] {processor.py:186} INFO - Started process (PID=4223) to work on /home/airflow/.local/lib/python3.12/site-packages/airflow/example_dags/tutorial_taskflow_api_virtualenv.py
[2025-12-15T19:05:18.412+0000] {processor.py:914} INFO - Processing file /home/airflow/.local/lib/python3.12/site-packages/airflow/example_dags/tutorial_taskflow_api_virtualenv.py for tasks to queue
[2025-12-15T19:05:18.416+0000] {logging_mixin.py:190} INFO - [2025-12-15T19:05:18.415+0000] {dagbag.py:588} INFO - Filling up the DagBag from /home/airflow/.local/lib/python3.12/site-packages/airflow/example_dags/tutorial_taskflow_api_virtualenv.py
[2025-12-15T19:05:18.439+0000] {processor.py:925} INFO - DAG(s) 'tutorial_taskflow_api_virtualenv' retrieved from /home/airflow/.local/lib/python3.12/site-packages/airflow/example_dags/tutorial_taskflow_api_virtualenv.py
[2025-12-15T19:05:18.476+0000] {logging_mixin.py:190} INFO - [2025-12-15T19:05:18.476+0000] {dag.py:3239} INFO - Sync 1 DAGs
[2025-12-15T19:05:18.501+0000] {logging_mixin.py:190} INFO - [2025-12-15T19:05:18.501+0000] {dag.py:4180} INFO - Setting next_dagrun for tutorial_taskflow_api_virtualenv to None, run_after=None
[2025-12-15T19:05:18.535+0000] {processor.py:208} INFO - Processing /home/airflow/.local/lib/python3.12/site-packages/airflow/example_dags/tutorial_taskflow_api_virtualenv.py took 0.135 seconds
[2025-12-15T19:05:49.481+0000] {processor.py:186} INFO - Started process (PID=4514) to work on /home/airflow/.local/lib/python3.12/site-packages/airflow/example_dags/tutorial_taskflow_api_virtualenv.py
[2025-12-15T19:05:49.482+0000] {processor.py:914} INFO - Processing file /home/airflow/.local/lib/python3.12/site-packages/airflow/example_dags/tutorial_taskflow_api_virtualenv.py for tasks to queue
[2025-12-15T19:05:49.485+0000] {logging_mixin.py:190} INFO - [2025-12-15T19:05:49.485+0000] {dagbag.py:588} INFO - Filling up the DagBag from /home/airflow/.local/lib/python3.12/site-packages/airflow/example_dags/tutorial_taskflow_api_virtualenv.py
[2025-12-15T19:05:49.503+0000] {processor.py:925} INFO - DAG(s) 'tutorial_taskflow_api_virtualenv' retrieved from /home/airflow/.local/lib/python3.12/site-packages/airflow/example_dags/tutorial_taskflow_api_virtualenv.py
[2025-12-15T19:05:49.534+0000] {logging_mixin.py:190} INFO - [2025-12-15T19:05:49.534+0000] {dag.py:3239} INFO - Sync 1 DAGs
[2025-12-15T19:05:49.554+0000] {logging_mixin.py:190} INFO - [2025-12-15T19:05:49.554+0000] {dag.py:4180} INFO - Setting next_dagrun for tutorial_taskflow_api_virtualenv to None, run_after=None
[2025-12-15T19:05:49.579+0000] {processor.py:208} INFO - Processing /home/airflow/.local/lib/python3.12/site-packages/airflow/example_dags/tutorial_taskflow_api_virtualenv.py took 0.108 seconds
[2025-12-15T19:06:23.618+0000] {processor.py:186} INFO - Started process (PID=4803) to work on /home/airflow/.local/lib/python3.12/site-packages/airflow/example_dags/tutorial_taskflow_api_virtualenv.py
[2025-12-15T19:06:23.621+0000] {processor.py:914} INFO - Processing file /home/airflow/.local/lib/python3.12/site-packages/airflow/example_dags/tutorial_taskflow_api_virtualenv.py for tasks to queue
[2025-12-15T19:06:23.626+0000] {logging_mixin.py:190} INFO - [2025-12-15T19:06:23.626+0000] {dagbag.py:588} INFO - Filling up the DagBag from /home/airflow/.local/lib/python3.12/site-packages/airflow/example_dags/tutorial_taskflow_api_virtualenv.py
[2025-12-15T19:06:23.649+0000] {processor.py:925} INFO - DAG(s) 'tutorial_taskflow_api_virtualenv' retrieved from /home/airflow/.local/lib/python3.12/site-packages/airflow/example_dags/tutorial_taskflow_api_virtualenv.py
[2025-12-15T19:06:23.690+0000] {logging_mixin.py:190} INFO - [2025-12-15T19:06:23.690+0000] {dag.py:3239} INFO - Sync 1 DAGs
[2025-12-15T19:06:23.717+0000] {logging_mixin.py:190} INFO - [2025-12-15T19:06:23.717+0000] {dag.py:4180} INFO - Setting next_dagrun for tutorial_taskflow_api_virtualenv to None, run_after=None
[2025-12-15T19:06:23.754+0000] {processor.py:208} INFO - Processing /home/airflow/.local/lib/python3.12/site-packages/airflow/example_dags/tutorial_taskflow_api_virtualenv.py took 0.145 seconds
[2025-12-15T19:06:56.405+0000] {processor.py:186} INFO - Started process (PID=5094) to work on /home/airflow/.local/lib/python3.12/site-packages/airflow/example_dags/tutorial_taskflow_api_virtualenv.py
[2025-12-15T19:06:56.407+0000] {processor.py:914} INFO - Processing file /home/airflow/.local/lib/python3.12/site-packages/airflow/example_dags/tutorial_taskflow_api_virtualenv.py for tasks to queue
[2025-12-15T19:06:56.414+0000] {logging_mixin.py:190} INFO - [2025-12-15T19:06:56.413+0000] {dagbag.py:588} INFO - Filling up the DagBag from /home/airflow/.local/lib/python3.12/site-packages/airflow/example_dags/tutorial_taskflow_api_virtualenv.py
[2025-12-15T19:06:56.437+0000] {processor.py:925} INFO - DAG(s) 'tutorial_taskflow_api_virtualenv' retrieved from /home/airflow/.local/lib/python3.12/site-packages/airflow/example_dags/tutorial_taskflow_api_virtualenv.py
[2025-12-15T19:06:56.473+0000] {logging_mixin.py:190} INFO - [2025-12-15T19:06:56.472+0000] {dag.py:3239} INFO - Sync 1 DAGs
[2025-12-15T19:06:56.496+0000] {logging_mixin.py:190} INFO - [2025-12-15T19:06:56.496+0000] {dag.py:4180} INFO - Setting next_dagrun for tutorial_taskflow_api_virtualenv to None, run_after=None
[2025-12-15T19:06:56.540+0000] {processor.py:208} INFO - Processing /home/airflow/.local/lib/python3.12/site-packages/airflow/example_dags/tutorial_taskflow_api_virtualenv.py took 0.148 seconds
[2025-12-15T19:07:33.305+0000] {processor.py:186} INFO - Started process (PID=5387) to work on /home/airflow/.local/lib/python3.12/site-packages/airflow/example_dags/tutorial_taskflow_api_virtualenv.py
[2025-12-15T19:07:33.308+0000] {processor.py:914} INFO - Processing file /home/airflow/.local/lib/python3.12/site-packages/airflow/example_dags/tutorial_taskflow_api_virtualenv.py for tasks to queue
[2025-12-15T19:07:33.312+0000] {logging_mixin.py:190} INFO - [2025-12-15T19:07:33.311+0000] {dagbag.py:588} INFO - Filling up the DagBag from /home/airflow/.local/lib/python3.12/site-packages/airflow/example_dags/tutorial_taskflow_api_virtualenv.py
[2025-12-15T19:07:33.333+0000] {processor.py:925} INFO - DAG(s) 'tutorial_taskflow_api_virtualenv' retrieved from /home/airflow/.local/lib/python3.12/site-packages/airflow/example_dags/tutorial_taskflow_api_virtualenv.py
[2025-12-15T19:07:33.363+0000] {logging_mixin.py:190} INFO - [2025-12-15T19:07:33.363+0000] {dag.py:3239} INFO - Sync 1 DAGs
[2025-12-15T19:07:33.398+0000] {logging_mixin.py:190} INFO - [2025-12-15T19:07:33.397+0000] {dag.py:4180} INFO - Setting next_dagrun for tutorial_taskflow_api_virtualenv to None, run_after=None
[2025-12-15T19:07:33.446+0000] {processor.py:208} INFO - Processing /home/airflow/.local/lib/python3.12/site-packages/airflow/example_dags/tutorial_taskflow_api_virtualenv.py took 0.150 seconds
[2025-12-15T19:08:05.228+0000] {processor.py:186} INFO - Started process (PID=5678) to work on /home/airflow/.local/lib/python3.12/site-packages/airflow/example_dags/tutorial_taskflow_api_virtualenv.py
[2025-12-15T19:08:05.235+0000] {processor.py:914} INFO - Processing file /home/airflow/.local/lib/python3.12/site-packages/airflow/example_dags/tutorial_taskflow_api_virtualenv.py for tasks to queue
[2025-12-15T19:08:05.238+0000] {logging_mixin.py:190} INFO - [2025-12-15T19:08:05.238+0000] {dagbag.py:588} INFO - Filling up the DagBag from /home/airflow/.local/lib/python3.12/site-packages/airflow/example_dags/tutorial_taskflow_api_virtualenv.py
[2025-12-15T19:08:05.259+0000] {processor.py:925} INFO - DAG(s) 'tutorial_taskflow_api_virtualenv' retrieved from /home/airflow/.local/lib/python3.12/site-packages/airflow/example_dags/tutorial_taskflow_api_virtualenv.py
[2025-12-15T19:08:05.286+0000] {logging_mixin.py:190} INFO - [2025-12-15T19:08:05.286+0000] {dag.py:3239} INFO - Sync 1 DAGs
[2025-12-15T19:08:05.305+0000] {logging_mixin.py:190} INFO - [2025-12-15T19:08:05.305+0000] {dag.py:4180} INFO - Setting next_dagrun for tutorial_taskflow_api_virtualenv to None, run_after=None
[2025-12-15T19:08:05.339+0000] {processor.py:208} INFO - Processing /home/airflow/.local/lib/python3.12/site-packages/airflow/example_dags/tutorial_taskflow_api_virtualenv.py took 0.120 seconds
[2025-12-15T19:08:40.615+0000] {processor.py:186} INFO - Started process (PID=5967) to work on /home/airflow/.local/lib/python3.12/site-packages/airflow/example_dags/tutorial_taskflow_api_virtualenv.py
[2025-12-15T19:08:40.617+0000] {processor.py:914} INFO - Processing file /home/airflow/.local/lib/python3.12/site-packages/airflow/example_dags/tutorial_taskflow_api_virtualenv.py for tasks to queue
[2025-12-15T19:08:40.622+0000] {logging_mixin.py:190} INFO - [2025-12-15T19:08:40.621+0000] {dagbag.py:588} INFO - Filling up the DagBag from /home/airflow/.local/lib/python3.12/site-packages/airflow/example_dags/tutorial_taskflow_api_virtualenv.py
[2025-12-15T19:08:40.650+0000] {processor.py:925} INFO - DAG(s) 'tutorial_taskflow_api_virtualenv' retrieved from /home/airflow/.local/lib/python3.12/site-packages/airflow/example_dags/tutorial_taskflow_api_virtualenv.py
[2025-12-15T19:08:40.689+0000] {logging_mixin.py:190} INFO - [2025-12-15T19:08:40.688+0000] {dag.py:3239} INFO - Sync 1 DAGs
[2025-12-15T19:08:40.718+0000] {logging_mixin.py:190} INFO - [2025-12-15T19:08:40.718+0000] {dag.py:4180} INFO - Setting next_dagrun for tutorial_taskflow_api_virtualenv to None, run_after=None
[2025-12-15T19:08:40.758+0000] {processor.py:208} INFO - Processing /home/airflow/.local/lib/python3.12/site-packages/airflow/example_dags/tutorial_taskflow_api_virtualenv.py took 0.159 seconds
[2025-12-15T19:09:11.639+0000] {processor.py:186} INFO - Started process (PID=6258) to work on /home/airflow/.local/lib/python3.12/site-packages/airflow/example_dags/tutorial_taskflow_api_virtualenv.py
[2025-12-15T19:09:11.641+0000] {processor.py:914} INFO - Processing file /home/airflow/.local/lib/python3.12/site-packages/airflow/example_dags/tutorial_taskflow_api_virtualenv.py for tasks to queue
[2025-12-15T19:09:11.644+0000] {logging_mixin.py:190} INFO - [2025-12-15T19:09:11.643+0000] {dagbag.py:588} INFO - Filling up the DagBag from /home/airflow/.local/lib/python3.12/site-packages/airflow/example_dags/tutorial_taskflow_api_virtualenv.py
[2025-12-15T19:09:11.666+0000] {processor.py:925} INFO - DAG(s) 'tutorial_taskflow_api_virtualenv' retrieved from /home/airflow/.local/lib/python3.12/site-packages/airflow/example_dags/tutorial_taskflow_api_virtualenv.py
[2025-12-15T19:09:11.700+0000] {logging_mixin.py:190} INFO - [2025-12-15T19:09:11.699+0000] {dag.py:3239} INFO - Sync 1 DAGs
[2025-12-15T19:09:11.727+0000] {logging_mixin.py:190} INFO - [2025-12-15T19:09:11.726+0000] {dag.py:4180} INFO - Setting next_dagrun for tutorial_taskflow_api_virtualenv to None, run_after=None
[2025-12-15T19:09:11.760+0000] {processor.py:208} INFO - Processing /home/airflow/.local/lib/python3.12/site-packages/airflow/example_dags/tutorial_taskflow_api_virtualenv.py took 0.131 seconds
[2025-12-15T19:09:45.777+0000] {processor.py:186} INFO - Started process (PID=6549) to work on /home/airflow/.local/lib/python3.12/site-packages/airflow/example_dags/tutorial_taskflow_api_virtualenv.py
[2025-12-15T19:09:45.780+0000] {processor.py:914} INFO - Processing file /home/airflow/.local/lib/python3.12/site-packages/airflow/example_dags/tutorial_taskflow_api_virtualenv.py for tasks to queue
[2025-12-15T19:09:45.797+0000] {logging_mixin.py:190} INFO - [2025-12-15T19:09:45.796+0000] {dagbag.py:588} INFO - Filling up the DagBag from /home/airflow/.local/lib/python3.12/site-packages/airflow/example_dags/tutorial_taskflow_api_virtualenv.py
[2025-12-15T19:09:45.940+0000] {processor.py:925} INFO - DAG(s) 'tutorial_taskflow_api_virtualenv' retrieved from /home/airflow/.local/lib/python3.12/site-packages/airflow/example_dags/tutorial_taskflow_api_virtualenv.py
[2025-12-15T19:09:46.132+0000] {logging_mixin.py:190} INFO - [2025-12-15T19:09:46.131+0000] {dag.py:3239} INFO - Sync 1 DAGs
[2025-12-15T19:09:46.258+0000] {logging_mixin.py:190} INFO - [2025-12-15T19:09:46.257+0000] {dag.py:4180} INFO - Setting next_dagrun for tutorial_taskflow_api_virtualenv to None, run_after=None
[2025-12-15T19:09:46.418+0000] {processor.py:208} INFO - Processing /home/airflow/.local/lib/python3.12/site-packages/airflow/example_dags/tutorial_taskflow_api_virtualenv.py took 0.718 seconds
[2025-12-15T19:10:16.586+0000] {processor.py:186} INFO - Started process (PID=6842) to work on /home/airflow/.local/lib/python3.12/site-packages/airflow/example_dags/tutorial_taskflow_api_virtualenv.py
[2025-12-15T19:10:16.588+0000] {processor.py:914} INFO - Processing file /home/airflow/.local/lib/python3.12/site-packages/airflow/example_dags/tutorial_taskflow_api_virtualenv.py for tasks to queue
[2025-12-15T19:10:16.595+0000] {logging_mixin.py:190} INFO - [2025-12-15T19:10:16.595+0000] {dagbag.py:588} INFO - Filling up the DagBag from /home/airflow/.local/lib/python3.12/site-packages/airflow/example_dags/tutorial_taskflow_api_virtualenv.py
[2025-12-15T19:10:16.617+0000] {processor.py:925} INFO - DAG(s) 'tutorial_taskflow_api_virtualenv' retrieved from /home/airflow/.local/lib/python3.12/site-packages/airflow/example_dags/tutorial_taskflow_api_virtualenv.py
[2025-12-15T19:10:16.654+0000] {logging_mixin.py:190} INFO - [2025-12-15T19:10:16.654+0000] {dag.py:3239} INFO - Sync 1 DAGs
[2025-12-15T19:10:16.681+0000] {logging_mixin.py:190} INFO - [2025-12-15T19:10:16.680+0000] {dag.py:4180} INFO - Setting next_dagrun for tutorial_taskflow_api_virtualenv to None, run_after=None
[2025-12-15T19:10:16.726+0000] {processor.py:208} INFO - Processing /home/airflow/.local/lib/python3.12/site-packages/airflow/example_dags/tutorial_taskflow_api_virtualenv.py took 0.153 seconds
[2025-12-15T19:10:49.312+0000] {processor.py:186} INFO - Started process (PID=7132) to work on /home/airflow/.local/lib/python3.12/site-packages/airflow/example_dags/tutorial_taskflow_api_virtualenv.py
[2025-12-15T19:10:49.324+0000] {processor.py:914} INFO - Processing file /home/airflow/.local/lib/python3.12/site-packages/airflow/example_dags/tutorial_taskflow_api_virtualenv.py for tasks to queue
[2025-12-15T19:10:49.327+0000] {logging_mixin.py:190} INFO - [2025-12-15T19:10:49.327+0000] {dagbag.py:588} INFO - Filling up the DagBag from /home/airflow/.local/lib/python3.12/site-packages/airflow/example_dags/tutorial_taskflow_api_virtualenv.py
[2025-12-15T19:10:49.349+0000] {processor.py:925} INFO - DAG(s) 'tutorial_taskflow_api_virtualenv' retrieved from /home/airflow/.local/lib/python3.12/site-packages/airflow/example_dags/tutorial_taskflow_api_virtualenv.py
[2025-12-15T19:10:49.388+0000] {logging_mixin.py:190} INFO - [2025-12-15T19:10:49.387+0000] {dag.py:3239} INFO - Sync 1 DAGs
[2025-12-15T19:10:49.427+0000] {logging_mixin.py:190} INFO - [2025-12-15T19:10:49.426+0000] {dag.py:4180} INFO - Setting next_dagrun for tutorial_taskflow_api_virtualenv to None, run_after=None
[2025-12-15T19:10:49.464+0000] {processor.py:208} INFO - Processing /home/airflow/.local/lib/python3.12/site-packages/airflow/example_dags/tutorial_taskflow_api_virtualenv.py took 0.163 seconds
[2025-12-15T19:11:19.897+0000] {processor.py:186} INFO - Started process (PID=7423) to work on /home/airflow/.local/lib/python3.12/site-packages/airflow/example_dags/tutorial_taskflow_api_virtualenv.py
[2025-12-15T19:11:19.899+0000] {processor.py:914} INFO - Processing file /home/airflow/.local/lib/python3.12/site-packages/airflow/example_dags/tutorial_taskflow_api_virtualenv.py for tasks to queue
[2025-12-15T19:11:19.902+0000] {logging_mixin.py:190} INFO - [2025-12-15T19:11:19.901+0000] {dagbag.py:588} INFO - Filling up the DagBag from /home/airflow/.local/lib/python3.12/site-packages/airflow/example_dags/tutorial_taskflow_api_virtualenv.py
[2025-12-15T19:11:19.923+0000] {processor.py:925} INFO - DAG(s) 'tutorial_taskflow_api_virtualenv' retrieved from /home/airflow/.local/lib/python3.12/site-packages/airflow/example_dags/tutorial_taskflow_api_virtualenv.py
[2025-12-15T19:11:19.951+0000] {logging_mixin.py:190} INFO - [2025-12-15T19:11:19.950+0000] {dag.py:3239} INFO - Sync 1 DAGs
[2025-12-15T19:11:19.970+0000] {logging_mixin.py:190} INFO - [2025-12-15T19:11:19.970+0000] {dag.py:4180} INFO - Setting next_dagrun for tutorial_taskflow_api_virtualenv to None, run_after=None
[2025-12-15T19:11:20.038+0000] {processor.py:208} INFO - Processing /home/airflow/.local/lib/python3.12/site-packages/airflow/example_dags/tutorial_taskflow_api_virtualenv.py took 0.150 seconds
[2025-12-15T19:11:51.664+0000] {processor.py:186} INFO - Started process (PID=7714) to work on /home/airflow/.local/lib/python3.12/site-packages/airflow/example_dags/tutorial_taskflow_api_virtualenv.py
[2025-12-15T19:11:51.666+0000] {processor.py:914} INFO - Processing file /home/airflow/.local/lib/python3.12/site-packages/airflow/example_dags/tutorial_taskflow_api_virtualenv.py for tasks to queue
[2025-12-15T19:11:51.668+0000] {logging_mixin.py:190} INFO - [2025-12-15T19:11:51.667+0000] {dagbag.py:588} INFO - Filling up the DagBag from /home/airflow/.local/lib/python3.12/site-packages/airflow/example_dags/tutorial_taskflow_api_virtualenv.py
[2025-12-15T19:11:51.692+0000] {processor.py:925} INFO - DAG(s) 'tutorial_taskflow_api_virtualenv' retrieved from /home/airflow/.local/lib/python3.12/site-packages/airflow/example_dags/tutorial_taskflow_api_virtualenv.py
[2025-12-15T19:11:51.731+0000] {logging_mixin.py:190} INFO - [2025-12-15T19:11:51.730+0000] {dag.py:3239} INFO - Sync 1 DAGs
[2025-12-15T19:11:51.760+0000] {logging_mixin.py:190} INFO - [2025-12-15T19:11:51.759+0000] {dag.py:4180} INFO - Setting next_dagrun for tutorial_taskflow_api_virtualenv to None, run_after=None
[2025-12-15T19:11:51.797+0000] {processor.py:208} INFO - Processing /home/airflow/.local/lib/python3.12/site-packages/airflow/example_dags/tutorial_taskflow_api_virtualenv.py took 0.145 seconds
[2025-12-15T19:12:23.300+0000] {processor.py:186} INFO - Started process (PID=8007) to work on /home/airflow/.local/lib/python3.12/site-packages/airflow/example_dags/tutorial_taskflow_api_virtualenv.py
[2025-12-15T19:12:23.302+0000] {processor.py:914} INFO - Processing file /home/airflow/.local/lib/python3.12/site-packages/airflow/example_dags/tutorial_taskflow_api_virtualenv.py for tasks to queue
[2025-12-15T19:12:23.304+0000] {logging_mixin.py:190} INFO - [2025-12-15T19:12:23.304+0000] {dagbag.py:588} INFO - Filling up the DagBag from /home/airflow/.local/lib/python3.12/site-packages/airflow/example_dags/tutorial_taskflow_api_virtualenv.py
[2025-12-15T19:12:23.327+0000] {processor.py:925} INFO - DAG(s) 'tutorial_taskflow_api_virtualenv' retrieved from /home/airflow/.local/lib/python3.12/site-packages/airflow/example_dags/tutorial_taskflow_api_virtualenv.py
[2025-12-15T19:12:23.358+0000] {logging_mixin.py:190} INFO - [2025-12-15T19:12:23.358+0000] {dag.py:3239} INFO - Sync 1 DAGs
[2025-12-15T19:12:23.383+0000] {logging_mixin.py:190} INFO - [2025-12-15T19:12:23.383+0000] {dag.py:4180} INFO - Setting next_dagrun for tutorial_taskflow_api_virtualenv to None, run_after=None
[2025-12-15T19:12:23.415+0000] {processor.py:208} INFO - Processing /home/airflow/.local/lib/python3.12/site-packages/airflow/example_dags/tutorial_taskflow_api_virtualenv.py took 0.125 seconds
[2025-12-15T19:12:54.760+0000] {processor.py:186} INFO - Started process (PID=8303) to work on /home/airflow/.local/lib/python3.12/site-packages/airflow/example_dags/tutorial_taskflow_api_virtualenv.py
[2025-12-15T19:12:54.762+0000] {processor.py:914} INFO - Processing file /home/airflow/.local/lib/python3.12/site-packages/airflow/example_dags/tutorial_taskflow_api_virtualenv.py for tasks to queue
[2025-12-15T19:12:54.765+0000] {logging_mixin.py:190} INFO - [2025-12-15T19:12:54.764+0000] {dagbag.py:588} INFO - Filling up the DagBag from /home/airflow/.local/lib/python3.12/site-packages/airflow/example_dags/tutorial_taskflow_api_virtualenv.py
[2025-12-15T19:12:54.847+0000] {processor.py:925} INFO - DAG(s) 'tutorial_taskflow_api_virtualenv' retrieved from /home/airflow/.local/lib/python3.12/site-packages/airflow/example_dags/tutorial_taskflow_api_virtualenv.py
[2025-12-15T19:12:54.928+0000] {logging_mixin.py:190} INFO - [2025-12-15T19:12:54.928+0000] {dag.py:3239} INFO - Sync 1 DAGs
[2025-12-15T19:12:55.026+0000] {logging_mixin.py:190} INFO - [2025-12-15T19:12:55.025+0000] {dag.py:4180} INFO - Setting next_dagrun for tutorial_taskflow_api_virtualenv to None, run_after=None
[2025-12-15T19:12:55.133+0000] {processor.py:208} INFO - Processing /home/airflow/.local/lib/python3.12/site-packages/airflow/example_dags/tutorial_taskflow_api_virtualenv.py took 0.396 seconds
[2025-12-15T19:13:30.615+0000] {processor.py:186} INFO - Started process (PID=8605) to work on /home/airflow/.local/lib/python3.12/site-packages/airflow/example_dags/tutorial_taskflow_api_virtualenv.py
[2025-12-15T19:13:30.617+0000] {processor.py:914} INFO - Processing file /home/airflow/.local/lib/python3.12/site-packages/airflow/example_dags/tutorial_taskflow_api_virtualenv.py for tasks to queue
[2025-12-15T19:13:30.626+0000] {logging_mixin.py:190} INFO - [2025-12-15T19:13:30.625+0000] {dagbag.py:588} INFO - Filling up the DagBag from /home/airflow/.local/lib/python3.12/site-packages/airflow/example_dags/tutorial_taskflow_api_virtualenv.py
[2025-12-15T19:13:30.658+0000] {processor.py:925} INFO - DAG(s) 'tutorial_taskflow_api_virtualenv' retrieved from /home/airflow/.local/lib/python3.12/site-packages/airflow/example_dags/tutorial_taskflow_api_virtualenv.py
[2025-12-15T19:13:30.715+0000] {logging_mixin.py:190} INFO - [2025-12-15T19:13:30.714+0000] {dag.py:3239} INFO - Sync 1 DAGs
[2025-12-15T19:13:30.767+0000] {logging_mixin.py:190} INFO - [2025-12-15T19:13:30.766+0000] {dag.py:4180} INFO - Setting next_dagrun for tutorial_taskflow_api_virtualenv to None, run_after=None
[2025-12-15T19:13:30.831+0000] {processor.py:208} INFO - Processing /home/airflow/.local/lib/python3.12/site-packages/airflow/example_dags/tutorial_taskflow_api_virtualenv.py took 0.233 seconds
[2025-12-15T19:14:02.116+0000] {processor.py:186} INFO - Started process (PID=8894) to work on /home/airflow/.local/lib/python3.12/site-packages/airflow/example_dags/tutorial_taskflow_api_virtualenv.py
[2025-12-15T19:14:02.126+0000] {processor.py:914} INFO - Processing file /home/airflow/.local/lib/python3.12/site-packages/airflow/example_dags/tutorial_taskflow_api_virtualenv.py for tasks to queue
[2025-12-15T19:14:02.129+0000] {logging_mixin.py:190} INFO - [2025-12-15T19:14:02.129+0000] {dagbag.py:588} INFO - Filling up the DagBag from /home/airflow/.local/lib/python3.12/site-packages/airflow/example_dags/tutorial_taskflow_api_virtualenv.py
[2025-12-15T19:14:02.167+0000] {processor.py:925} INFO - DAG(s) 'tutorial_taskflow_api_virtualenv' retrieved from /home/airflow/.local/lib/python3.12/site-packages/airflow/example_dags/tutorial_taskflow_api_virtualenv.py
[2025-12-15T19:14:02.258+0000] {logging_mixin.py:190} INFO - [2025-12-15T19:14:02.258+0000] {dag.py:3239} INFO - Sync 1 DAGs
[2025-12-15T19:14:02.298+0000] {logging_mixin.py:190} INFO - [2025-12-15T19:14:02.298+0000] {dag.py:4180} INFO - Setting next_dagrun for tutorial_taskflow_api_virtualenv to None, run_after=None
[2025-12-15T19:14:02.388+0000] {processor.py:208} INFO - Processing /home/airflow/.local/lib/python3.12/site-packages/airflow/example_dags/tutorial_taskflow_api_virtualenv.py took 0.289 seconds
[2025-12-15T19:14:32.520+0000] {processor.py:186} INFO - Started process (PID=9187) to work on /home/airflow/.local/lib/python3.12/site-packages/airflow/example_dags/tutorial_taskflow_api_virtualenv.py
[2025-12-15T19:14:32.537+0000] {processor.py:914} INFO - Processing file /home/airflow/.local/lib/python3.12/site-packages/airflow/example_dags/tutorial_taskflow_api_virtualenv.py for tasks to queue
[2025-12-15T19:14:32.538+0000] {logging_mixin.py:190} INFO - [2025-12-15T19:14:32.538+0000] {dagbag.py:588} INFO - Filling up the DagBag from /home/airflow/.local/lib/python3.12/site-packages/airflow/example_dags/tutorial_taskflow_api_virtualenv.py
[2025-12-15T19:14:32.558+0000] {processor.py:925} INFO - DAG(s) 'tutorial_taskflow_api_virtualenv' retrieved from /home/airflow/.local/lib/python3.12/site-packages/airflow/example_dags/tutorial_taskflow_api_virtualenv.py
[2025-12-15T19:14:32.590+0000] {logging_mixin.py:190} INFO - [2025-12-15T19:14:32.590+0000] {dag.py:3239} INFO - Sync 1 DAGs
[2025-12-15T19:14:32.619+0000] {logging_mixin.py:190} INFO - [2025-12-15T19:14:32.619+0000] {dag.py:4180} INFO - Setting next_dagrun for tutorial_taskflow_api_virtualenv to None, run_after=None
[2025-12-15T19:14:32.678+0000] {processor.py:208} INFO - Processing /home/airflow/.local/lib/python3.12/site-packages/airflow/example_dags/tutorial_taskflow_api_virtualenv.py took 0.168 seconds
[2025-12-15T19:15:06.512+0000] {processor.py:186} INFO - Started process (PID=9481) to work on /home/airflow/.local/lib/python3.12/site-packages/airflow/example_dags/tutorial_taskflow_api_virtualenv.py
[2025-12-15T19:15:06.535+0000] {processor.py:914} INFO - Processing file /home/airflow/.local/lib/python3.12/site-packages/airflow/example_dags/tutorial_taskflow_api_virtualenv.py for tasks to queue
[2025-12-15T19:15:06.538+0000] {logging_mixin.py:190} INFO - [2025-12-15T19:15:06.537+0000] {dagbag.py:588} INFO - Filling up the DagBag from /home/airflow/.local/lib/python3.12/site-packages/airflow/example_dags/tutorial_taskflow_api_virtualenv.py
[2025-12-15T19:15:06.572+0000] {processor.py:925} INFO - DAG(s) 'tutorial_taskflow_api_virtualenv' retrieved from /home/airflow/.local/lib/python3.12/site-packages/airflow/example_dags/tutorial_taskflow_api_virtualenv.py
[2025-12-15T19:15:06.621+0000] {logging_mixin.py:190} INFO - [2025-12-15T19:15:06.621+0000] {dag.py:3239} INFO - Sync 1 DAGs
[2025-12-15T19:15:06.669+0000] {logging_mixin.py:190} INFO - [2025-12-15T19:15:06.668+0000] {dag.py:4180} INFO - Setting next_dagrun for tutorial_taskflow_api_virtualenv to None, run_after=None
[2025-12-15T19:15:06.823+0000] {processor.py:208} INFO - Processing /home/airflow/.local/lib/python3.12/site-packages/airflow/example_dags/tutorial_taskflow_api_virtualenv.py took 0.323 seconds
[2025-12-15T19:15:39.499+0000] {processor.py:186} INFO - Started process (PID=9772) to work on /home/airflow/.local/lib/python3.12/site-packages/airflow/example_dags/tutorial_taskflow_api_virtualenv.py
[2025-12-15T19:15:39.529+0000] {processor.py:914} INFO - Processing file /home/airflow/.local/lib/python3.12/site-packages/airflow/example_dags/tutorial_taskflow_api_virtualenv.py for tasks to queue
[2025-12-15T19:15:39.531+0000] {logging_mixin.py:190} INFO - [2025-12-15T19:15:39.530+0000] {dagbag.py:588} INFO - Filling up the DagBag from /home/airflow/.local/lib/python3.12/site-packages/airflow/example_dags/tutorial_taskflow_api_virtualenv.py
[2025-12-15T19:15:39.556+0000] {processor.py:925} INFO - DAG(s) 'tutorial_taskflow_api_virtualenv' retrieved from /home/airflow/.local/lib/python3.12/site-packages/airflow/example_dags/tutorial_taskflow_api_virtualenv.py
[2025-12-15T19:15:39.594+0000] {logging_mixin.py:190} INFO - [2025-12-15T19:15:39.594+0000] {dag.py:3239} INFO - Sync 1 DAGs
[2025-12-15T19:15:39.624+0000] {logging_mixin.py:190} INFO - [2025-12-15T19:15:39.624+0000] {dag.py:4180} INFO - Setting next_dagrun for tutorial_taskflow_api_virtualenv to None, run_after=None
[2025-12-15T19:15:39.659+0000] {processor.py:208} INFO - Processing /home/airflow/.local/lib/python3.12/site-packages/airflow/example_dags/tutorial_taskflow_api_virtualenv.py took 0.172 seconds
[2025-12-15T19:16:11.346+0000] {processor.py:186} INFO - Started process (PID=10070) to work on /home/airflow/.local/lib/python3.12/site-packages/airflow/example_dags/tutorial_taskflow_api_virtualenv.py
[2025-12-15T19:16:11.350+0000] {processor.py:914} INFO - Processing file /home/airflow/.local/lib/python3.12/site-packages/airflow/example_dags/tutorial_taskflow_api_virtualenv.py for tasks to queue
[2025-12-15T19:16:11.362+0000] {logging_mixin.py:190} INFO - [2025-12-15T19:16:11.361+0000] {dagbag.py:588} INFO - Filling up the DagBag from /home/airflow/.local/lib/python3.12/site-packages/airflow/example_dags/tutorial_taskflow_api_virtualenv.py
[2025-12-15T19:16:11.474+0000] {processor.py:925} INFO - DAG(s) 'tutorial_taskflow_api_virtualenv' retrieved from /home/airflow/.local/lib/python3.12/site-packages/airflow/example_dags/tutorial_taskflow_api_virtualenv.py
[2025-12-15T19:16:11.640+0000] {logging_mixin.py:190} INFO - [2025-12-15T19:16:11.639+0000] {dag.py:3239} INFO - Sync 1 DAGs
[2025-12-15T19:16:11.714+0000] {logging_mixin.py:190} INFO - [2025-12-15T19:16:11.714+0000] {dag.py:4180} INFO - Setting next_dagrun for tutorial_taskflow_api_virtualenv to None, run_after=None
[2025-12-15T19:16:11.783+0000] {processor.py:208} INFO - Processing /home/airflow/.local/lib/python3.12/site-packages/airflow/example_dags/tutorial_taskflow_api_virtualenv.py took 0.486 seconds
[2025-12-15T19:16:44.358+0000] {processor.py:186} INFO - Started process (PID=10359) to work on /home/airflow/.local/lib/python3.12/site-packages/airflow/example_dags/tutorial_taskflow_api_virtualenv.py
[2025-12-15T19:16:44.371+0000] {processor.py:914} INFO - Processing file /home/airflow/.local/lib/python3.12/site-packages/airflow/example_dags/tutorial_taskflow_api_virtualenv.py for tasks to queue
[2025-12-15T19:16:44.376+0000] {logging_mixin.py:190} INFO - [2025-12-15T19:16:44.375+0000] {dagbag.py:588} INFO - Filling up the DagBag from /home/airflow/.local/lib/python3.12/site-packages/airflow/example_dags/tutorial_taskflow_api_virtualenv.py
[2025-12-15T19:16:44.500+0000] {processor.py:925} INFO - DAG(s) 'tutorial_taskflow_api_virtualenv' retrieved from /home/airflow/.local/lib/python3.12/site-packages/airflow/example_dags/tutorial_taskflow_api_virtualenv.py
[2025-12-15T19:16:44.629+0000] {logging_mixin.py:190} INFO - [2025-12-15T19:16:44.628+0000] {dag.py:3239} INFO - Sync 1 DAGs
[2025-12-15T19:16:44.702+0000] {logging_mixin.py:190} INFO - [2025-12-15T19:16:44.701+0000] {dag.py:4180} INFO - Setting next_dagrun for tutorial_taskflow_api_virtualenv to None, run_after=None
[2025-12-15T19:16:44.783+0000] {processor.py:208} INFO - Processing /home/airflow/.local/lib/python3.12/site-packages/airflow/example_dags/tutorial_taskflow_api_virtualenv.py took 0.491 seconds
[2025-12-15T19:17:27.787+0000] {processor.py:186} INFO - Started process (PID=10757) to work on /home/airflow/.local/lib/python3.12/site-packages/airflow/example_dags/tutorial_taskflow_api_virtualenv.py
[2025-12-15T19:17:27.791+0000] {processor.py:914} INFO - Processing file /home/airflow/.local/lib/python3.12/site-packages/airflow/example_dags/tutorial_taskflow_api_virtualenv.py for tasks to queue
[2025-12-15T19:17:27.794+0000] {logging_mixin.py:190} INFO - [2025-12-15T19:17:27.793+0000] {dagbag.py:588} INFO - Filling up the DagBag from /home/airflow/.local/lib/python3.12/site-packages/airflow/example_dags/tutorial_taskflow_api_virtualenv.py
[2025-12-15T19:17:27.831+0000] {processor.py:925} INFO - DAG(s) 'tutorial_taskflow_api_virtualenv' retrieved from /home/airflow/.local/lib/python3.12/site-packages/airflow/example_dags/tutorial_taskflow_api_virtualenv.py
[2025-12-15T19:17:27.890+0000] {logging_mixin.py:190} INFO - [2025-12-15T19:17:27.889+0000] {dag.py:3239} INFO - Sync 1 DAGs
[2025-12-15T19:17:27.923+0000] {logging_mixin.py:190} INFO - [2025-12-15T19:17:27.923+0000] {dag.py:4180} INFO - Setting next_dagrun for tutorial_taskflow_api_virtualenv to None, run_after=None
[2025-12-15T19:17:27.968+0000] {processor.py:208} INFO - Processing /home/airflow/.local/lib/python3.12/site-packages/airflow/example_dags/tutorial_taskflow_api_virtualenv.py took 0.198 seconds
[2025-12-15T19:16:13.869+0000] {processor.py:186} INFO - Started process (PID=11055) to work on /home/airflow/.local/lib/python3.12/site-packages/airflow/example_dags/tutorial_taskflow_api_virtualenv.py
[2025-12-15T19:16:13.872+0000] {processor.py:914} INFO - Processing file /home/airflow/.local/lib/python3.12/site-packages/airflow/example_dags/tutorial_taskflow_api_virtualenv.py for tasks to queue
[2025-12-15T19:16:13.887+0000] {logging_mixin.py:190} INFO - [2025-12-15T19:16:13.875+0000] {dagbag.py:588} INFO - Filling up the DagBag from /home/airflow/.local/lib/python3.12/site-packages/airflow/example_dags/tutorial_taskflow_api_virtualenv.py
[2025-12-15T19:16:13.970+0000] {processor.py:925} INFO - DAG(s) 'tutorial_taskflow_api_virtualenv' retrieved from /home/airflow/.local/lib/python3.12/site-packages/airflow/example_dags/tutorial_taskflow_api_virtualenv.py
[2025-12-15T19:18:00.271+0000] {logging_mixin.py:190} INFO - [2025-12-15T19:18:00.270+0000] {dag.py:3239} INFO - Sync 1 DAGs
[2025-12-15T19:18:00.367+0000] {logging_mixin.py:190} INFO - [2025-12-15T19:18:00.366+0000] {dag.py:4180} INFO - Setting next_dagrun for tutorial_taskflow_api_virtualenv to None, run_after=None
[2025-12-15T19:18:00.466+0000] {processor.py:208} INFO - Processing /home/airflow/.local/lib/python3.12/site-packages/airflow/example_dags/tutorial_taskflow_api_virtualenv.py took 0.448 seconds
[2025-12-15T19:18:32.856+0000] {processor.py:186} INFO - Started process (PID=11349) to work on /home/airflow/.local/lib/python3.12/site-packages/airflow/example_dags/tutorial_taskflow_api_virtualenv.py
[2025-12-15T19:18:32.868+0000] {processor.py:914} INFO - Processing file /home/airflow/.local/lib/python3.12/site-packages/airflow/example_dags/tutorial_taskflow_api_virtualenv.py for tasks to queue
[2025-12-15T19:18:32.880+0000] {logging_mixin.py:190} INFO - [2025-12-15T19:18:32.874+0000] {dagbag.py:588} INFO - Filling up the DagBag from /home/airflow/.local/lib/python3.12/site-packages/airflow/example_dags/tutorial_taskflow_api_virtualenv.py
[2025-12-15T19:18:32.945+0000] {processor.py:925} INFO - DAG(s) 'tutorial_taskflow_api_virtualenv' retrieved from /home/airflow/.local/lib/python3.12/site-packages/airflow/example_dags/tutorial_taskflow_api_virtualenv.py
[2025-12-15T19:18:33.037+0000] {logging_mixin.py:190} INFO - [2025-12-15T19:18:33.037+0000] {dag.py:3239} INFO - Sync 1 DAGs
[2025-12-15T19:18:33.100+0000] {logging_mixin.py:190} INFO - [2025-12-15T19:18:33.100+0000] {dag.py:4180} INFO - Setting next_dagrun for tutorial_taskflow_api_virtualenv to None, run_after=None
[2025-12-15T19:18:33.160+0000] {processor.py:208} INFO - Processing /home/airflow/.local/lib/python3.12/site-packages/airflow/example_dags/tutorial_taskflow_api_virtualenv.py took 0.339 seconds
[2025-12-15T19:19:06.439+0000] {processor.py:186} INFO - Started process (PID=11648) to work on /home/airflow/.local/lib/python3.12/site-packages/airflow/example_dags/tutorial_taskflow_api_virtualenv.py
[2025-12-15T19:19:06.443+0000] {processor.py:914} INFO - Processing file /home/airflow/.local/lib/python3.12/site-packages/airflow/example_dags/tutorial_taskflow_api_virtualenv.py for tasks to queue
[2025-12-15T19:19:06.455+0000] {logging_mixin.py:190} INFO - [2025-12-15T19:19:06.446+0000] {dagbag.py:588} INFO - Filling up the DagBag from /home/airflow/.local/lib/python3.12/site-packages/airflow/example_dags/tutorial_taskflow_api_virtualenv.py
[2025-12-15T19:19:06.528+0000] {processor.py:925} INFO - DAG(s) 'tutorial_taskflow_api_virtualenv' retrieved from /home/airflow/.local/lib/python3.12/site-packages/airflow/example_dags/tutorial_taskflow_api_virtualenv.py
[2025-12-15T19:19:06.658+0000] {logging_mixin.py:190} INFO - [2025-12-15T19:19:06.658+0000] {dag.py:3239} INFO - Sync 1 DAGs
[2025-12-15T19:19:06.752+0000] {logging_mixin.py:190} INFO - [2025-12-15T19:19:06.751+0000] {dag.py:4180} INFO - Setting next_dagrun for tutorial_taskflow_api_virtualenv to None, run_after=None
[2025-12-15T19:19:06.868+0000] {processor.py:208} INFO - Processing /home/airflow/.local/lib/python3.12/site-packages/airflow/example_dags/tutorial_taskflow_api_virtualenv.py took 0.467 seconds
