[2025-12-15T18:56:13.247+0000] {processor.py:186} INFO - Started process (PID=370) to work on /home/airflow/.local/lib/python3.12/site-packages/airflow/example_dags/tutorial_taskflow_templates.py
[2025-12-15T18:56:13.260+0000] {processor.py:914} INFO - Processing file /home/airflow/.local/lib/python3.12/site-packages/airflow/example_dags/tutorial_taskflow_templates.py for tasks to queue
[2025-12-15T18:56:13.279+0000] {logging_mixin.py:190} INFO - [2025-12-15T18:56:13.278+0000] {dagbag.py:588} INFO - Filling up the DagBag from /home/airflow/.local/lib/python3.12/site-packages/airflow/example_dags/tutorial_taskflow_templates.py
[2025-12-15T18:56:13.569+0000] {processor.py:925} INFO - DAG(s) 'tutorial_taskflow_templates' retrieved from /home/airflow/.local/lib/python3.12/site-packages/airflow/example_dags/tutorial_taskflow_templates.py
[2025-12-15T18:56:14.269+0000] {logging_mixin.py:190} INFO - [2025-12-15T18:56:14.266+0000] {override.py:1911} INFO - Created Permission View: can read on DAG:tutorial_taskflow_templates
[2025-12-15T18:56:14.344+0000] {logging_mixin.py:190} INFO - [2025-12-15T18:56:14.343+0000] {override.py:1911} INFO - Created Permission View: can edit on DAG:tutorial_taskflow_templates
[2025-12-15T18:56:14.391+0000] {logging_mixin.py:190} INFO - [2025-12-15T18:56:14.391+0000] {override.py:1911} INFO - Created Permission View: can delete on DAG:tutorial_taskflow_templates
[2025-12-15T18:56:14.461+0000] {logging_mixin.py:190} INFO - [2025-12-15T18:56:14.460+0000] {override.py:1911} INFO - Created Permission View: can read on DAG Run:tutorial_taskflow_templates
[2025-12-15T18:56:14.497+0000] {logging_mixin.py:190} INFO - [2025-12-15T18:56:14.496+0000] {override.py:1911} INFO - Created Permission View: menu access on DAG Run:tutorial_taskflow_templates
[2025-12-15T18:56:14.583+0000] {logging_mixin.py:190} INFO - [2025-12-15T18:56:14.582+0000] {override.py:1911} INFO - Created Permission View: can create on DAG Run:tutorial_taskflow_templates
[2025-12-15T18:56:14.662+0000] {logging_mixin.py:190} INFO - [2025-12-15T18:56:14.661+0000] {override.py:1911} INFO - Created Permission View: can delete on DAG Run:tutorial_taskflow_templates
[2025-12-15T18:56:14.663+0000] {logging_mixin.py:190} INFO - [2025-12-15T18:56:14.663+0000] {dag.py:3239} INFO - Sync 1 DAGs
[2025-12-15T18:56:14.756+0000] {logging_mixin.py:190} INFO - [2025-12-15T18:56:14.756+0000] {dag.py:3262} INFO - Creating ORM DAG for tutorial_taskflow_templates
[2025-12-15T18:56:15.044+0000] {logging_mixin.py:190} INFO - [2025-12-15T18:56:15.044+0000] {dag.py:4180} INFO - Setting next_dagrun for tutorial_taskflow_templates to 2025-12-14 00:00:00+00:00, run_after=2025-12-15 00:00:00+00:00
[2025-12-15T18:56:15.158+0000] {processor.py:208} INFO - Processing /home/airflow/.local/lib/python3.12/site-packages/airflow/example_dags/tutorial_taskflow_templates.py took 1.991 seconds
[2025-12-15T18:56:56.436+0000] {processor.py:186} INFO - Started process (PID=664) to work on /home/airflow/.local/lib/python3.12/site-packages/airflow/example_dags/tutorial_taskflow_templates.py
[2025-12-15T18:56:56.438+0000] {processor.py:914} INFO - Processing file /home/airflow/.local/lib/python3.12/site-packages/airflow/example_dags/tutorial_taskflow_templates.py for tasks to queue
[2025-12-15T18:56:56.444+0000] {logging_mixin.py:190} INFO - [2025-12-15T18:56:56.443+0000] {dagbag.py:588} INFO - Filling up the DagBag from /home/airflow/.local/lib/python3.12/site-packages/airflow/example_dags/tutorial_taskflow_templates.py
[2025-12-15T18:56:56.474+0000] {processor.py:925} INFO - DAG(s) 'tutorial_taskflow_templates' retrieved from /home/airflow/.local/lib/python3.12/site-packages/airflow/example_dags/tutorial_taskflow_templates.py
[2025-12-15T18:56:56.523+0000] {logging_mixin.py:190} INFO - [2025-12-15T18:56:56.523+0000] {dag.py:3239} INFO - Sync 1 DAGs
[2025-12-15T18:56:56.591+0000] {logging_mixin.py:190} INFO - [2025-12-15T18:56:56.590+0000] {dag.py:4180} INFO - Setting next_dagrun for tutorial_taskflow_templates to 2025-12-14 00:00:00+00:00, run_after=2025-12-15 00:00:00+00:00
[2025-12-15T18:56:56.635+0000] {processor.py:208} INFO - Processing /home/airflow/.local/lib/python3.12/site-packages/airflow/example_dags/tutorial_taskflow_templates.py took 0.220 seconds
[2025-12-15T18:57:32.282+0000] {processor.py:186} INFO - Started process (PID=966) to work on /home/airflow/.local/lib/python3.12/site-packages/airflow/example_dags/tutorial_taskflow_templates.py
[2025-12-15T18:57:32.283+0000] {processor.py:914} INFO - Processing file /home/airflow/.local/lib/python3.12/site-packages/airflow/example_dags/tutorial_taskflow_templates.py for tasks to queue
[2025-12-15T18:57:32.287+0000] {logging_mixin.py:190} INFO - [2025-12-15T18:57:32.286+0000] {dagbag.py:588} INFO - Filling up the DagBag from /home/airflow/.local/lib/python3.12/site-packages/airflow/example_dags/tutorial_taskflow_templates.py
[2025-12-15T18:57:32.309+0000] {processor.py:925} INFO - DAG(s) 'tutorial_taskflow_templates' retrieved from /home/airflow/.local/lib/python3.12/site-packages/airflow/example_dags/tutorial_taskflow_templates.py
[2025-12-15T18:57:32.363+0000] {logging_mixin.py:190} INFO - [2025-12-15T18:57:32.363+0000] {dag.py:3239} INFO - Sync 1 DAGs
[2025-12-15T18:57:32.416+0000] {logging_mixin.py:190} INFO - [2025-12-15T18:57:32.415+0000] {dag.py:4180} INFO - Setting next_dagrun for tutorial_taskflow_templates to 2025-12-14 00:00:00+00:00, run_after=2025-12-15 00:00:00+00:00
[2025-12-15T18:57:32.452+0000] {processor.py:208} INFO - Processing /home/airflow/.local/lib/python3.12/site-packages/airflow/example_dags/tutorial_taskflow_templates.py took 0.182 seconds
[2025-12-15T18:58:07.494+0000] {processor.py:186} INFO - Started process (PID=1261) to work on /home/airflow/.local/lib/python3.12/site-packages/airflow/example_dags/tutorial_taskflow_templates.py
[2025-12-15T18:58:07.499+0000] {processor.py:914} INFO - Processing file /home/airflow/.local/lib/python3.12/site-packages/airflow/example_dags/tutorial_taskflow_templates.py for tasks to queue
[2025-12-15T18:58:07.505+0000] {logging_mixin.py:190} INFO - [2025-12-15T18:58:07.504+0000] {dagbag.py:588} INFO - Filling up the DagBag from /home/airflow/.local/lib/python3.12/site-packages/airflow/example_dags/tutorial_taskflow_templates.py
[2025-12-15T18:58:07.551+0000] {processor.py:925} INFO - DAG(s) 'tutorial_taskflow_templates' retrieved from /home/airflow/.local/lib/python3.12/site-packages/airflow/example_dags/tutorial_taskflow_templates.py
[2025-12-15T18:58:07.623+0000] {logging_mixin.py:190} INFO - [2025-12-15T18:58:07.622+0000] {dag.py:3239} INFO - Sync 1 DAGs
[2025-12-15T18:56:24.275+0000] {logging_mixin.py:190} INFO - [2025-12-15T18:56:24.274+0000] {dag.py:4180} INFO - Setting next_dagrun for tutorial_taskflow_templates to 2025-12-14 00:00:00+00:00, run_after=2025-12-15 00:00:00+00:00
[2025-12-15T18:56:24.333+0000] {processor.py:208} INFO - Processing /home/airflow/.local/lib/python3.12/site-packages/airflow/example_dags/tutorial_taskflow_templates.py took 0.302 seconds
[2025-12-15T18:58:12.074+0000] {processor.py:186} INFO - Started process (PID=1281) to work on /home/airflow/.local/lib/python3.12/site-packages/airflow/example_dags/tutorial_taskflow_templates.py
[2025-12-15T18:58:12.075+0000] {processor.py:914} INFO - Processing file /home/airflow/.local/lib/python3.12/site-packages/airflow/example_dags/tutorial_taskflow_templates.py for tasks to queue
[2025-12-15T18:58:12.869+0000] {logging_mixin.py:190} INFO - [2025-12-15T18:58:12.868+0000] {dagbag.py:588} INFO - Filling up the DagBag from /home/airflow/.local/lib/python3.12/site-packages/airflow/example_dags/tutorial_taskflow_templates.py
[2025-12-15T18:58:13.176+0000] {processor.py:925} INFO - DAG(s) 'tutorial_taskflow_templates' retrieved from /home/airflow/.local/lib/python3.12/site-packages/airflow/example_dags/tutorial_taskflow_templates.py
[2025-12-15T18:58:13.254+0000] {logging_mixin.py:190} INFO - [2025-12-15T18:58:13.254+0000] {dag.py:3239} INFO - Sync 1 DAGs
[2025-12-15T18:58:13.366+0000] {logging_mixin.py:190} INFO - [2025-12-15T18:58:13.365+0000] {dag.py:4180} INFO - Setting next_dagrun for tutorial_taskflow_templates to 2025-12-14 00:00:00+00:00, run_after=2025-12-15 00:00:00+00:00
[2025-12-15T18:58:13.971+0000] {processor.py:208} INFO - Processing /home/airflow/.local/lib/python3.12/site-packages/airflow/example_dags/tutorial_taskflow_templates.py took 1.908 seconds
[2025-12-15T18:58:45.013+0000] {processor.py:186} INFO - Started process (PID=1572) to work on /home/airflow/.local/lib/python3.12/site-packages/airflow/example_dags/tutorial_taskflow_templates.py
[2025-12-15T18:58:45.017+0000] {processor.py:914} INFO - Processing file /home/airflow/.local/lib/python3.12/site-packages/airflow/example_dags/tutorial_taskflow_templates.py for tasks to queue
[2025-12-15T18:58:45.023+0000] {logging_mixin.py:190} INFO - [2025-12-15T18:58:45.022+0000] {dagbag.py:588} INFO - Filling up the DagBag from /home/airflow/.local/lib/python3.12/site-packages/airflow/example_dags/tutorial_taskflow_templates.py
[2025-12-15T18:58:45.063+0000] {processor.py:925} INFO - DAG(s) 'tutorial_taskflow_templates' retrieved from /home/airflow/.local/lib/python3.12/site-packages/airflow/example_dags/tutorial_taskflow_templates.py
[2025-12-15T18:58:45.122+0000] {logging_mixin.py:190} INFO - [2025-12-15T18:58:45.121+0000] {dag.py:3239} INFO - Sync 1 DAGs
[2025-12-15T18:58:45.169+0000] {logging_mixin.py:190} INFO - [2025-12-15T18:58:45.169+0000] {dag.py:4180} INFO - Setting next_dagrun for tutorial_taskflow_templates to 2025-12-14 00:00:00+00:00, run_after=2025-12-15 00:00:00+00:00
[2025-12-15T18:58:45.209+0000] {processor.py:208} INFO - Processing /home/airflow/.local/lib/python3.12/site-packages/airflow/example_dags/tutorial_taskflow_templates.py took 0.211 seconds
[2025-12-15T18:59:46.085+0000] {processor.py:186} INFO - Started process (PID=1962) to work on /home/airflow/.local/lib/python3.12/site-packages/airflow/example_dags/tutorial_taskflow_templates.py
[2025-12-15T18:59:46.088+0000] {processor.py:914} INFO - Processing file /home/airflow/.local/lib/python3.12/site-packages/airflow/example_dags/tutorial_taskflow_templates.py for tasks to queue
[2025-12-15T18:59:46.096+0000] {logging_mixin.py:190} INFO - [2025-12-15T18:59:46.095+0000] {dagbag.py:588} INFO - Filling up the DagBag from /home/airflow/.local/lib/python3.12/site-packages/airflow/example_dags/tutorial_taskflow_templates.py
[2025-12-15T18:59:46.133+0000] {processor.py:925} INFO - DAG(s) 'tutorial_taskflow_templates' retrieved from /home/airflow/.local/lib/python3.12/site-packages/airflow/example_dags/tutorial_taskflow_templates.py
[2025-12-15T18:59:46.224+0000] {logging_mixin.py:190} INFO - [2025-12-15T18:59:46.223+0000] {dag.py:3239} INFO - Sync 1 DAGs
[2025-12-15T18:59:46.334+0000] {logging_mixin.py:190} INFO - [2025-12-15T18:59:46.333+0000] {dag.py:4180} INFO - Setting next_dagrun for tutorial_taskflow_templates to 2025-12-14 00:00:00+00:00, run_after=2025-12-15 00:00:00+00:00
[2025-12-15T18:59:46.466+0000] {processor.py:208} INFO - Processing /home/airflow/.local/lib/python3.12/site-packages/airflow/example_dags/tutorial_taskflow_templates.py took 0.401 seconds
[2025-12-15T19:01:49.168+0000] {processor.py:186} INFO - Started process (PID=2279) to work on /home/airflow/.local/lib/python3.12/site-packages/airflow/example_dags/tutorial_taskflow_templates.py
[2025-12-15T19:01:49.178+0000] {processor.py:914} INFO - Processing file /home/airflow/.local/lib/python3.12/site-packages/airflow/example_dags/tutorial_taskflow_templates.py for tasks to queue
[2025-12-15T19:01:49.196+0000] {logging_mixin.py:190} INFO - [2025-12-15T19:01:49.195+0000] {dagbag.py:588} INFO - Filling up the DagBag from /home/airflow/.local/lib/python3.12/site-packages/airflow/example_dags/tutorial_taskflow_templates.py
[2025-12-15T19:01:49.306+0000] {processor.py:925} INFO - DAG(s) 'tutorial_taskflow_templates' retrieved from /home/airflow/.local/lib/python3.12/site-packages/airflow/example_dags/tutorial_taskflow_templates.py
[2025-12-15T19:01:49.468+0000] {logging_mixin.py:190} INFO - [2025-12-15T19:01:49.467+0000] {dag.py:3239} INFO - Sync 1 DAGs
[2025-12-15T19:00:04.044+0000] {logging_mixin.py:190} INFO - [2025-12-15T19:00:04.034+0000] {dag.py:4180} INFO - Setting next_dagrun for tutorial_taskflow_templates to 2025-12-14 00:00:00+00:00, run_after=2025-12-15 00:00:00+00:00
[2025-12-15T19:01:50.368+0000] {processor.py:208} INFO - Processing /home/airflow/.local/lib/python3.12/site-packages/airflow/example_dags/tutorial_taskflow_templates.py took 0.725 seconds
[2025-12-15T19:02:22.457+0000] {processor.py:186} INFO - Started process (PID=2575) to work on /home/airflow/.local/lib/python3.12/site-packages/airflow/example_dags/tutorial_taskflow_templates.py
[2025-12-15T19:02:22.459+0000] {processor.py:914} INFO - Processing file /home/airflow/.local/lib/python3.12/site-packages/airflow/example_dags/tutorial_taskflow_templates.py for tasks to queue
[2025-12-15T19:02:22.468+0000] {logging_mixin.py:190} INFO - [2025-12-15T19:02:22.468+0000] {dagbag.py:588} INFO - Filling up the DagBag from /home/airflow/.local/lib/python3.12/site-packages/airflow/example_dags/tutorial_taskflow_templates.py
[2025-12-15T19:02:22.500+0000] {processor.py:925} INFO - DAG(s) 'tutorial_taskflow_templates' retrieved from /home/airflow/.local/lib/python3.12/site-packages/airflow/example_dags/tutorial_taskflow_templates.py
[2025-12-15T19:02:22.542+0000] {logging_mixin.py:190} INFO - [2025-12-15T19:02:22.541+0000] {dag.py:3239} INFO - Sync 1 DAGs
[2025-12-15T19:02:22.592+0000] {logging_mixin.py:190} INFO - [2025-12-15T19:02:22.592+0000] {dag.py:4180} INFO - Setting next_dagrun for tutorial_taskflow_templates to 2025-12-14 00:00:00+00:00, run_after=2025-12-15 00:00:00+00:00
[2025-12-15T19:02:22.634+0000] {processor.py:208} INFO - Processing /home/airflow/.local/lib/python3.12/site-packages/airflow/example_dags/tutorial_taskflow_templates.py took 0.186 seconds
[2025-12-15T19:02:55.489+0000] {processor.py:186} INFO - Started process (PID=2866) to work on /home/airflow/.local/lib/python3.12/site-packages/airflow/example_dags/tutorial_taskflow_templates.py
[2025-12-15T19:02:55.492+0000] {processor.py:914} INFO - Processing file /home/airflow/.local/lib/python3.12/site-packages/airflow/example_dags/tutorial_taskflow_templates.py for tasks to queue
[2025-12-15T19:02:55.498+0000] {logging_mixin.py:190} INFO - [2025-12-15T19:02:55.497+0000] {dagbag.py:588} INFO - Filling up the DagBag from /home/airflow/.local/lib/python3.12/site-packages/airflow/example_dags/tutorial_taskflow_templates.py
[2025-12-15T19:02:55.541+0000] {processor.py:925} INFO - DAG(s) 'tutorial_taskflow_templates' retrieved from /home/airflow/.local/lib/python3.12/site-packages/airflow/example_dags/tutorial_taskflow_templates.py
[2025-12-15T19:02:55.595+0000] {logging_mixin.py:190} INFO - [2025-12-15T19:02:55.595+0000] {dag.py:3239} INFO - Sync 1 DAGs
[2025-12-15T19:02:55.661+0000] {logging_mixin.py:190} INFO - [2025-12-15T19:02:55.661+0000] {dag.py:4180} INFO - Setting next_dagrun for tutorial_taskflow_templates to 2025-12-14 00:00:00+00:00, run_after=2025-12-15 00:00:00+00:00
[2025-12-15T19:02:55.711+0000] {processor.py:208} INFO - Processing /home/airflow/.local/lib/python3.12/site-packages/airflow/example_dags/tutorial_taskflow_templates.py took 0.240 seconds
[2025-12-15T19:03:30.198+0000] {processor.py:186} INFO - Started process (PID=3163) to work on /home/airflow/.local/lib/python3.12/site-packages/airflow/example_dags/tutorial_taskflow_templates.py
[2025-12-15T19:03:30.200+0000] {processor.py:914} INFO - Processing file /home/airflow/.local/lib/python3.12/site-packages/airflow/example_dags/tutorial_taskflow_templates.py for tasks to queue
[2025-12-15T19:03:30.204+0000] {logging_mixin.py:190} INFO - [2025-12-15T19:03:30.204+0000] {dagbag.py:588} INFO - Filling up the DagBag from /home/airflow/.local/lib/python3.12/site-packages/airflow/example_dags/tutorial_taskflow_templates.py
[2025-12-15T19:03:30.232+0000] {processor.py:925} INFO - DAG(s) 'tutorial_taskflow_templates' retrieved from /home/airflow/.local/lib/python3.12/site-packages/airflow/example_dags/tutorial_taskflow_templates.py
[2025-12-15T19:03:30.273+0000] {logging_mixin.py:190} INFO - [2025-12-15T19:03:30.272+0000] {dag.py:3239} INFO - Sync 1 DAGs
[2025-12-15T19:03:30.326+0000] {logging_mixin.py:190} INFO - [2025-12-15T19:03:30.325+0000] {dag.py:4180} INFO - Setting next_dagrun for tutorial_taskflow_templates to 2025-12-14 00:00:00+00:00, run_after=2025-12-15 00:00:00+00:00
[2025-12-15T19:03:30.364+0000] {processor.py:208} INFO - Processing /home/airflow/.local/lib/python3.12/site-packages/airflow/example_dags/tutorial_taskflow_templates.py took 0.179 seconds
[2025-12-15T19:04:06.768+0000] {processor.py:186} INFO - Started process (PID=3464) to work on /home/airflow/.local/lib/python3.12/site-packages/airflow/example_dags/tutorial_taskflow_templates.py
[2025-12-15T19:04:06.771+0000] {processor.py:914} INFO - Processing file /home/airflow/.local/lib/python3.12/site-packages/airflow/example_dags/tutorial_taskflow_templates.py for tasks to queue
[2025-12-15T19:04:06.775+0000] {logging_mixin.py:190} INFO - [2025-12-15T19:04:06.775+0000] {dagbag.py:588} INFO - Filling up the DagBag from /home/airflow/.local/lib/python3.12/site-packages/airflow/example_dags/tutorial_taskflow_templates.py
[2025-12-15T19:04:06.807+0000] {processor.py:925} INFO - DAG(s) 'tutorial_taskflow_templates' retrieved from /home/airflow/.local/lib/python3.12/site-packages/airflow/example_dags/tutorial_taskflow_templates.py
[2025-12-15T19:04:06.852+0000] {logging_mixin.py:190} INFO - [2025-12-15T19:04:06.852+0000] {dag.py:3239} INFO - Sync 1 DAGs
[2025-12-15T19:04:06.898+0000] {logging_mixin.py:190} INFO - [2025-12-15T19:04:06.898+0000] {dag.py:4180} INFO - Setting next_dagrun for tutorial_taskflow_templates to 2025-12-14 00:00:00+00:00, run_after=2025-12-15 00:00:00+00:00
[2025-12-15T19:04:06.938+0000] {processor.py:208} INFO - Processing /home/airflow/.local/lib/python3.12/site-packages/airflow/example_dags/tutorial_taskflow_templates.py took 0.181 seconds
[2025-12-15T19:04:37.834+0000] {processor.py:186} INFO - Started process (PID=3750) to work on /home/airflow/.local/lib/python3.12/site-packages/airflow/example_dags/tutorial_taskflow_templates.py
[2025-12-15T19:04:37.836+0000] {processor.py:914} INFO - Processing file /home/airflow/.local/lib/python3.12/site-packages/airflow/example_dags/tutorial_taskflow_templates.py for tasks to queue
[2025-12-15T19:04:37.841+0000] {logging_mixin.py:190} INFO - [2025-12-15T19:04:37.840+0000] {dagbag.py:588} INFO - Filling up the DagBag from /home/airflow/.local/lib/python3.12/site-packages/airflow/example_dags/tutorial_taskflow_templates.py
[2025-12-15T19:04:37.883+0000] {processor.py:925} INFO - DAG(s) 'tutorial_taskflow_templates' retrieved from /home/airflow/.local/lib/python3.12/site-packages/airflow/example_dags/tutorial_taskflow_templates.py
[2025-12-15T19:04:37.969+0000] {logging_mixin.py:190} INFO - [2025-12-15T19:04:37.968+0000] {dag.py:3239} INFO - Sync 1 DAGs
[2025-12-15T19:04:38.136+0000] {logging_mixin.py:190} INFO - [2025-12-15T19:04:38.135+0000] {dag.py:4180} INFO - Setting next_dagrun for tutorial_taskflow_templates to 2025-12-14 00:00:00+00:00, run_after=2025-12-15 00:00:00+00:00
[2025-12-15T19:04:38.302+0000] {processor.py:208} INFO - Processing /home/airflow/.local/lib/python3.12/site-packages/airflow/example_dags/tutorial_taskflow_templates.py took 0.484 seconds
[2025-12-15T19:05:09.724+0000] {processor.py:186} INFO - Started process (PID=4043) to work on /home/airflow/.local/lib/python3.12/site-packages/airflow/example_dags/tutorial_taskflow_templates.py
[2025-12-15T19:05:09.726+0000] {processor.py:914} INFO - Processing file /home/airflow/.local/lib/python3.12/site-packages/airflow/example_dags/tutorial_taskflow_templates.py for tasks to queue
[2025-12-15T19:05:09.729+0000] {logging_mixin.py:190} INFO - [2025-12-15T19:05:09.728+0000] {dagbag.py:588} INFO - Filling up the DagBag from /home/airflow/.local/lib/python3.12/site-packages/airflow/example_dags/tutorial_taskflow_templates.py
[2025-12-15T19:05:09.752+0000] {processor.py:925} INFO - DAG(s) 'tutorial_taskflow_templates' retrieved from /home/airflow/.local/lib/python3.12/site-packages/airflow/example_dags/tutorial_taskflow_templates.py
[2025-12-15T19:05:09.791+0000] {logging_mixin.py:190} INFO - [2025-12-15T19:05:09.791+0000] {dag.py:3239} INFO - Sync 1 DAGs
[2025-12-15T19:05:09.829+0000] {logging_mixin.py:190} INFO - [2025-12-15T19:05:09.829+0000] {dag.py:4180} INFO - Setting next_dagrun for tutorial_taskflow_templates to 2025-12-14 00:00:00+00:00, run_after=2025-12-15 00:00:00+00:00
[2025-12-15T19:05:09.861+0000] {processor.py:208} INFO - Processing /home/airflow/.local/lib/python3.12/site-packages/airflow/example_dags/tutorial_taskflow_templates.py took 0.148 seconds
[2025-12-15T19:05:41.361+0000] {processor.py:186} INFO - Started process (PID=4332) to work on /home/airflow/.local/lib/python3.12/site-packages/airflow/example_dags/tutorial_taskflow_templates.py
[2025-12-15T19:05:41.363+0000] {processor.py:914} INFO - Processing file /home/airflow/.local/lib/python3.12/site-packages/airflow/example_dags/tutorial_taskflow_templates.py for tasks to queue
[2025-12-15T19:05:41.366+0000] {logging_mixin.py:190} INFO - [2025-12-15T19:05:41.365+0000] {dagbag.py:588} INFO - Filling up the DagBag from /home/airflow/.local/lib/python3.12/site-packages/airflow/example_dags/tutorial_taskflow_templates.py
[2025-12-15T19:05:41.385+0000] {processor.py:925} INFO - DAG(s) 'tutorial_taskflow_templates' retrieved from /home/airflow/.local/lib/python3.12/site-packages/airflow/example_dags/tutorial_taskflow_templates.py
[2025-12-15T19:05:41.419+0000] {logging_mixin.py:190} INFO - [2025-12-15T19:05:41.419+0000] {dag.py:3239} INFO - Sync 1 DAGs
[2025-12-15T19:05:41.452+0000] {logging_mixin.py:190} INFO - [2025-12-15T19:05:41.452+0000] {dag.py:4180} INFO - Setting next_dagrun for tutorial_taskflow_templates to 2025-12-14 00:00:00+00:00, run_after=2025-12-15 00:00:00+00:00
[2025-12-15T19:05:41.486+0000] {processor.py:208} INFO - Processing /home/airflow/.local/lib/python3.12/site-packages/airflow/example_dags/tutorial_taskflow_templates.py took 0.133 seconds
[2025-12-15T19:06:13.212+0000] {processor.py:186} INFO - Started process (PID=4623) to work on /home/airflow/.local/lib/python3.12/site-packages/airflow/example_dags/tutorial_taskflow_templates.py
[2025-12-15T19:06:13.214+0000] {processor.py:914} INFO - Processing file /home/airflow/.local/lib/python3.12/site-packages/airflow/example_dags/tutorial_taskflow_templates.py for tasks to queue
[2025-12-15T19:06:13.220+0000] {logging_mixin.py:190} INFO - [2025-12-15T19:06:13.219+0000] {dagbag.py:588} INFO - Filling up the DagBag from /home/airflow/.local/lib/python3.12/site-packages/airflow/example_dags/tutorial_taskflow_templates.py
[2025-12-15T19:06:13.253+0000] {processor.py:925} INFO - DAG(s) 'tutorial_taskflow_templates' retrieved from /home/airflow/.local/lib/python3.12/site-packages/airflow/example_dags/tutorial_taskflow_templates.py
[2025-12-15T19:06:13.300+0000] {logging_mixin.py:190} INFO - [2025-12-15T19:06:13.300+0000] {dag.py:3239} INFO - Sync 1 DAGs
[2025-12-15T19:06:13.361+0000] {logging_mixin.py:190} INFO - [2025-12-15T19:06:13.360+0000] {dag.py:4180} INFO - Setting next_dagrun for tutorial_taskflow_templates to 2025-12-14 00:00:00+00:00, run_after=2025-12-15 00:00:00+00:00
[2025-12-15T19:06:13.402+0000] {processor.py:208} INFO - Processing /home/airflow/.local/lib/python3.12/site-packages/airflow/example_dags/tutorial_taskflow_templates.py took 0.204 seconds
[2025-12-15T19:06:44.826+0000] {processor.py:186} INFO - Started process (PID=4914) to work on /home/airflow/.local/lib/python3.12/site-packages/airflow/example_dags/tutorial_taskflow_templates.py
[2025-12-15T19:06:44.828+0000] {processor.py:914} INFO - Processing file /home/airflow/.local/lib/python3.12/site-packages/airflow/example_dags/tutorial_taskflow_templates.py for tasks to queue
[2025-12-15T19:06:44.833+0000] {logging_mixin.py:190} INFO - [2025-12-15T19:06:44.832+0000] {dagbag.py:588} INFO - Filling up the DagBag from /home/airflow/.local/lib/python3.12/site-packages/airflow/example_dags/tutorial_taskflow_templates.py
[2025-12-15T19:06:44.931+0000] {processor.py:925} INFO - DAG(s) 'tutorial_taskflow_templates' retrieved from /home/airflow/.local/lib/python3.12/site-packages/airflow/example_dags/tutorial_taskflow_templates.py
[2025-12-15T19:06:45.071+0000] {logging_mixin.py:190} INFO - [2025-12-15T19:06:45.071+0000] {dag.py:3239} INFO - Sync 1 DAGs
[2025-12-15T19:06:45.210+0000] {logging_mixin.py:190} INFO - [2025-12-15T19:06:45.209+0000] {dag.py:4180} INFO - Setting next_dagrun for tutorial_taskflow_templates to 2025-12-14 00:00:00+00:00, run_after=2025-12-15 00:00:00+00:00
[2025-12-15T19:06:45.324+0000] {processor.py:208} INFO - Processing /home/airflow/.local/lib/python3.12/site-packages/airflow/example_dags/tutorial_taskflow_templates.py took 0.512 seconds
[2025-12-15T19:07:27.436+0000] {processor.py:186} INFO - Started process (PID=5300) to work on /home/airflow/.local/lib/python3.12/site-packages/airflow/example_dags/tutorial_taskflow_templates.py
[2025-12-15T19:07:27.448+0000] {processor.py:914} INFO - Processing file /home/airflow/.local/lib/python3.12/site-packages/airflow/example_dags/tutorial_taskflow_templates.py for tasks to queue
[2025-12-15T19:07:27.464+0000] {logging_mixin.py:190} INFO - [2025-12-15T19:07:27.463+0000] {dagbag.py:588} INFO - Filling up the DagBag from /home/airflow/.local/lib/python3.12/site-packages/airflow/example_dags/tutorial_taskflow_templates.py
[2025-12-15T19:07:27.529+0000] {processor.py:925} INFO - DAG(s) 'tutorial_taskflow_templates' retrieved from /home/airflow/.local/lib/python3.12/site-packages/airflow/example_dags/tutorial_taskflow_templates.py
[2025-12-15T19:07:27.575+0000] {logging_mixin.py:190} INFO - [2025-12-15T19:07:27.575+0000] {dag.py:3239} INFO - Sync 1 DAGs
[2025-12-15T19:07:27.630+0000] {logging_mixin.py:190} INFO - [2025-12-15T19:07:27.630+0000] {dag.py:4180} INFO - Setting next_dagrun for tutorial_taskflow_templates to 2025-12-14 00:00:00+00:00, run_after=2025-12-15 00:00:00+00:00
[2025-12-15T19:07:27.775+0000] {processor.py:208} INFO - Processing /home/airflow/.local/lib/python3.12/site-packages/airflow/example_dags/tutorial_taskflow_templates.py took 0.374 seconds
[2025-12-15T19:07:58.031+0000] {processor.py:186} INFO - Started process (PID=5586) to work on /home/airflow/.local/lib/python3.12/site-packages/airflow/example_dags/tutorial_taskflow_templates.py
[2025-12-15T19:07:58.033+0000] {processor.py:914} INFO - Processing file /home/airflow/.local/lib/python3.12/site-packages/airflow/example_dags/tutorial_taskflow_templates.py for tasks to queue
[2025-12-15T19:07:58.037+0000] {logging_mixin.py:190} INFO - [2025-12-15T19:07:58.036+0000] {dagbag.py:588} INFO - Filling up the DagBag from /home/airflow/.local/lib/python3.12/site-packages/airflow/example_dags/tutorial_taskflow_templates.py
[2025-12-15T19:07:58.060+0000] {processor.py:925} INFO - DAG(s) 'tutorial_taskflow_templates' retrieved from /home/airflow/.local/lib/python3.12/site-packages/airflow/example_dags/tutorial_taskflow_templates.py
[2025-12-15T19:07:58.097+0000] {logging_mixin.py:190} INFO - [2025-12-15T19:07:58.097+0000] {dag.py:3239} INFO - Sync 1 DAGs
[2025-12-15T19:07:58.136+0000] {logging_mixin.py:190} INFO - [2025-12-15T19:07:58.136+0000] {dag.py:4180} INFO - Setting next_dagrun for tutorial_taskflow_templates to 2025-12-14 00:00:00+00:00, run_after=2025-12-15 00:00:00+00:00
[2025-12-15T19:07:58.369+0000] {processor.py:208} INFO - Processing /home/airflow/.local/lib/python3.12/site-packages/airflow/example_dags/tutorial_taskflow_templates.py took 0.350 seconds
[2025-12-15T19:08:30.247+0000] {processor.py:186} INFO - Started process (PID=5877) to work on /home/airflow/.local/lib/python3.12/site-packages/airflow/example_dags/tutorial_taskflow_templates.py
[2025-12-15T19:08:30.248+0000] {processor.py:914} INFO - Processing file /home/airflow/.local/lib/python3.12/site-packages/airflow/example_dags/tutorial_taskflow_templates.py for tasks to queue
[2025-12-15T19:08:30.253+0000] {logging_mixin.py:190} INFO - [2025-12-15T19:08:30.252+0000] {dagbag.py:588} INFO - Filling up the DagBag from /home/airflow/.local/lib/python3.12/site-packages/airflow/example_dags/tutorial_taskflow_templates.py
[2025-12-15T19:08:30.282+0000] {processor.py:925} INFO - DAG(s) 'tutorial_taskflow_templates' retrieved from /home/airflow/.local/lib/python3.12/site-packages/airflow/example_dags/tutorial_taskflow_templates.py
[2025-12-15T19:08:30.317+0000] {logging_mixin.py:190} INFO - [2025-12-15T19:08:30.316+0000] {dag.py:3239} INFO - Sync 1 DAGs
[2025-12-15T19:08:30.368+0000] {logging_mixin.py:190} INFO - [2025-12-15T19:08:30.367+0000] {dag.py:4180} INFO - Setting next_dagrun for tutorial_taskflow_templates to 2025-12-14 00:00:00+00:00, run_after=2025-12-15 00:00:00+00:00
[2025-12-15T19:08:30.415+0000] {processor.py:208} INFO - Processing /home/airflow/.local/lib/python3.12/site-packages/airflow/example_dags/tutorial_taskflow_templates.py took 0.180 seconds
[2025-12-15T19:09:00.522+0000] {processor.py:186} INFO - Started process (PID=6163) to work on /home/airflow/.local/lib/python3.12/site-packages/airflow/example_dags/tutorial_taskflow_templates.py
[2025-12-15T19:09:00.524+0000] {processor.py:914} INFO - Processing file /home/airflow/.local/lib/python3.12/site-packages/airflow/example_dags/tutorial_taskflow_templates.py for tasks to queue
[2025-12-15T19:09:00.529+0000] {logging_mixin.py:190} INFO - [2025-12-15T19:09:00.528+0000] {dagbag.py:588} INFO - Filling up the DagBag from /home/airflow/.local/lib/python3.12/site-packages/airflow/example_dags/tutorial_taskflow_templates.py
[2025-12-15T19:09:00.558+0000] {processor.py:925} INFO - DAG(s) 'tutorial_taskflow_templates' retrieved from /home/airflow/.local/lib/python3.12/site-packages/airflow/example_dags/tutorial_taskflow_templates.py
[2025-12-15T19:09:00.592+0000] {logging_mixin.py:190} INFO - [2025-12-15T19:09:00.592+0000] {dag.py:3239} INFO - Sync 1 DAGs
[2025-12-15T19:09:00.640+0000] {logging_mixin.py:190} INFO - [2025-12-15T19:09:00.640+0000] {dag.py:4180} INFO - Setting next_dagrun for tutorial_taskflow_templates to 2025-12-14 00:00:00+00:00, run_after=2025-12-15 00:00:00+00:00
[2025-12-15T19:09:00.674+0000] {processor.py:208} INFO - Processing /home/airflow/.local/lib/python3.12/site-packages/airflow/example_dags/tutorial_taskflow_templates.py took 0.163 seconds
[2025-12-15T19:09:32.536+0000] {processor.py:186} INFO - Started process (PID=6459) to work on /home/airflow/.local/lib/python3.12/site-packages/airflow/example_dags/tutorial_taskflow_templates.py
[2025-12-15T19:09:32.549+0000] {processor.py:914} INFO - Processing file /home/airflow/.local/lib/python3.12/site-packages/airflow/example_dags/tutorial_taskflow_templates.py for tasks to queue
[2025-12-15T19:09:32.567+0000] {logging_mixin.py:190} INFO - [2025-12-15T19:09:32.565+0000] {dagbag.py:588} INFO - Filling up the DagBag from /home/airflow/.local/lib/python3.12/site-packages/airflow/example_dags/tutorial_taskflow_templates.py
[2025-12-15T19:09:32.684+0000] {processor.py:925} INFO - DAG(s) 'tutorial_taskflow_templates' retrieved from /home/airflow/.local/lib/python3.12/site-packages/airflow/example_dags/tutorial_taskflow_templates.py
[2025-12-15T19:09:32.802+0000] {logging_mixin.py:190} INFO - [2025-12-15T19:09:32.802+0000] {dag.py:3239} INFO - Sync 1 DAGs
[2025-12-15T19:09:32.995+0000] {logging_mixin.py:190} INFO - [2025-12-15T19:09:32.994+0000] {dag.py:4180} INFO - Setting next_dagrun for tutorial_taskflow_templates to 2025-12-14 00:00:00+00:00, run_after=2025-12-15 00:00:00+00:00
[2025-12-15T19:09:33.142+0000] {processor.py:208} INFO - Processing /home/airflow/.local/lib/python3.12/site-packages/airflow/example_dags/tutorial_taskflow_templates.py took 0.664 seconds
[2025-12-15T19:10:04.326+0000] {processor.py:186} INFO - Started process (PID=6752) to work on /home/airflow/.local/lib/python3.12/site-packages/airflow/example_dags/tutorial_taskflow_templates.py
[2025-12-15T19:10:04.327+0000] {processor.py:914} INFO - Processing file /home/airflow/.local/lib/python3.12/site-packages/airflow/example_dags/tutorial_taskflow_templates.py for tasks to queue
[2025-12-15T19:10:04.331+0000] {logging_mixin.py:190} INFO - [2025-12-15T19:10:04.330+0000] {dagbag.py:588} INFO - Filling up the DagBag from /home/airflow/.local/lib/python3.12/site-packages/airflow/example_dags/tutorial_taskflow_templates.py
[2025-12-15T19:10:04.351+0000] {processor.py:925} INFO - DAG(s) 'tutorial_taskflow_templates' retrieved from /home/airflow/.local/lib/python3.12/site-packages/airflow/example_dags/tutorial_taskflow_templates.py
[2025-12-15T19:10:04.384+0000] {logging_mixin.py:190} INFO - [2025-12-15T19:10:04.384+0000] {dag.py:3239} INFO - Sync 1 DAGs
[2025-12-15T19:10:04.420+0000] {logging_mixin.py:190} INFO - [2025-12-15T19:10:04.420+0000] {dag.py:4180} INFO - Setting next_dagrun for tutorial_taskflow_templates to 2025-12-14 00:00:00+00:00, run_after=2025-12-15 00:00:00+00:00
[2025-12-15T19:10:04.467+0000] {processor.py:208} INFO - Processing /home/airflow/.local/lib/python3.12/site-packages/airflow/example_dags/tutorial_taskflow_templates.py took 0.152 seconds
[2025-12-15T19:10:38.544+0000] {processor.py:186} INFO - Started process (PID=7042) to work on /home/airflow/.local/lib/python3.12/site-packages/airflow/example_dags/tutorial_taskflow_templates.py
[2025-12-15T19:10:38.547+0000] {processor.py:914} INFO - Processing file /home/airflow/.local/lib/python3.12/site-packages/airflow/example_dags/tutorial_taskflow_templates.py for tasks to queue
[2025-12-15T19:10:38.555+0000] {logging_mixin.py:190} INFO - [2025-12-15T19:10:38.554+0000] {dagbag.py:588} INFO - Filling up the DagBag from /home/airflow/.local/lib/python3.12/site-packages/airflow/example_dags/tutorial_taskflow_templates.py
[2025-12-15T19:10:38.594+0000] {processor.py:925} INFO - DAG(s) 'tutorial_taskflow_templates' retrieved from /home/airflow/.local/lib/python3.12/site-packages/airflow/example_dags/tutorial_taskflow_templates.py
[2025-12-15T19:10:38.650+0000] {logging_mixin.py:190} INFO - [2025-12-15T19:10:38.646+0000] {dag.py:3239} INFO - Sync 1 DAGs
[2025-12-15T19:10:38.731+0000] {logging_mixin.py:190} INFO - [2025-12-15T19:10:38.730+0000] {dag.py:4180} INFO - Setting next_dagrun for tutorial_taskflow_templates to 2025-12-14 00:00:00+00:00, run_after=2025-12-15 00:00:00+00:00
[2025-12-15T19:10:38.794+0000] {processor.py:208} INFO - Processing /home/airflow/.local/lib/python3.12/site-packages/airflow/example_dags/tutorial_taskflow_templates.py took 0.271 seconds
[2025-12-15T19:11:09.213+0000] {processor.py:186} INFO - Started process (PID=7328) to work on /home/airflow/.local/lib/python3.12/site-packages/airflow/example_dags/tutorial_taskflow_templates.py
[2025-12-15T19:11:09.216+0000] {processor.py:914} INFO - Processing file /home/airflow/.local/lib/python3.12/site-packages/airflow/example_dags/tutorial_taskflow_templates.py for tasks to queue
[2025-12-15T19:11:09.231+0000] {logging_mixin.py:190} INFO - [2025-12-15T19:11:09.230+0000] {dagbag.py:588} INFO - Filling up the DagBag from /home/airflow/.local/lib/python3.12/site-packages/airflow/example_dags/tutorial_taskflow_templates.py
[2025-12-15T19:11:09.316+0000] {processor.py:925} INFO - DAG(s) 'tutorial_taskflow_templates' retrieved from /home/airflow/.local/lib/python3.12/site-packages/airflow/example_dags/tutorial_taskflow_templates.py
[2025-12-15T19:11:09.412+0000] {logging_mixin.py:190} INFO - [2025-12-15T19:11:09.406+0000] {dag.py:3239} INFO - Sync 1 DAGs
[2025-12-15T19:11:09.564+0000] {logging_mixin.py:190} INFO - [2025-12-15T19:11:09.563+0000] {dag.py:4180} INFO - Setting next_dagrun for tutorial_taskflow_templates to 2025-12-14 00:00:00+00:00, run_after=2025-12-15 00:00:00+00:00
[2025-12-15T19:11:09.736+0000] {processor.py:208} INFO - Processing /home/airflow/.local/lib/python3.12/site-packages/airflow/example_dags/tutorial_taskflow_templates.py took 0.557 seconds
[2025-12-15T19:11:40.084+0000] {processor.py:186} INFO - Started process (PID=7614) to work on /home/airflow/.local/lib/python3.12/site-packages/airflow/example_dags/tutorial_taskflow_templates.py
[2025-12-15T19:11:40.086+0000] {processor.py:914} INFO - Processing file /home/airflow/.local/lib/python3.12/site-packages/airflow/example_dags/tutorial_taskflow_templates.py for tasks to queue
[2025-12-15T19:11:40.088+0000] {logging_mixin.py:190} INFO - [2025-12-15T19:11:40.087+0000] {dagbag.py:588} INFO - Filling up the DagBag from /home/airflow/.local/lib/python3.12/site-packages/airflow/example_dags/tutorial_taskflow_templates.py
[2025-12-15T19:11:40.114+0000] {processor.py:925} INFO - DAG(s) 'tutorial_taskflow_templates' retrieved from /home/airflow/.local/lib/python3.12/site-packages/airflow/example_dags/tutorial_taskflow_templates.py
[2025-12-15T19:11:40.160+0000] {logging_mixin.py:190} INFO - [2025-12-15T19:11:40.159+0000] {dag.py:3239} INFO - Sync 1 DAGs
[2025-12-15T19:11:40.332+0000] {logging_mixin.py:190} INFO - [2025-12-15T19:11:40.331+0000] {dag.py:4180} INFO - Setting next_dagrun for tutorial_taskflow_templates to 2025-12-14 00:00:00+00:00, run_after=2025-12-15 00:00:00+00:00
[2025-12-15T19:11:40.449+0000] {processor.py:208} INFO - Processing /home/airflow/.local/lib/python3.12/site-packages/airflow/example_dags/tutorial_taskflow_templates.py took 0.377 seconds
[2025-12-15T19:12:11.232+0000] {processor.py:186} INFO - Started process (PID=7905) to work on /home/airflow/.local/lib/python3.12/site-packages/airflow/example_dags/tutorial_taskflow_templates.py
[2025-12-15T19:12:11.234+0000] {processor.py:914} INFO - Processing file /home/airflow/.local/lib/python3.12/site-packages/airflow/example_dags/tutorial_taskflow_templates.py for tasks to queue
[2025-12-15T19:12:11.235+0000] {logging_mixin.py:190} INFO - [2025-12-15T19:12:11.235+0000] {dagbag.py:588} INFO - Filling up the DagBag from /home/airflow/.local/lib/python3.12/site-packages/airflow/example_dags/tutorial_taskflow_templates.py
[2025-12-15T19:12:11.252+0000] {processor.py:925} INFO - DAG(s) 'tutorial_taskflow_templates' retrieved from /home/airflow/.local/lib/python3.12/site-packages/airflow/example_dags/tutorial_taskflow_templates.py
[2025-12-15T19:12:11.276+0000] {logging_mixin.py:190} INFO - [2025-12-15T19:12:11.276+0000] {dag.py:3239} INFO - Sync 1 DAGs
[2025-12-15T19:12:11.306+0000] {logging_mixin.py:190} INFO - [2025-12-15T19:12:11.306+0000] {dag.py:4180} INFO - Setting next_dagrun for tutorial_taskflow_templates to 2025-12-14 00:00:00+00:00, run_after=2025-12-15 00:00:00+00:00
[2025-12-15T19:12:11.338+0000] {processor.py:208} INFO - Processing /home/airflow/.local/lib/python3.12/site-packages/airflow/example_dags/tutorial_taskflow_templates.py took 0.114 seconds
[2025-12-15T19:12:41.654+0000] {processor.py:186} INFO - Started process (PID=8196) to work on /home/airflow/.local/lib/python3.12/site-packages/airflow/example_dags/tutorial_taskflow_templates.py
[2025-12-15T19:12:41.668+0000] {processor.py:914} INFO - Processing file /home/airflow/.local/lib/python3.12/site-packages/airflow/example_dags/tutorial_taskflow_templates.py for tasks to queue
[2025-12-15T19:12:41.669+0000] {logging_mixin.py:190} INFO - [2025-12-15T19:12:41.669+0000] {dagbag.py:588} INFO - Filling up the DagBag from /home/airflow/.local/lib/python3.12/site-packages/airflow/example_dags/tutorial_taskflow_templates.py
[2025-12-15T19:12:41.686+0000] {processor.py:925} INFO - DAG(s) 'tutorial_taskflow_templates' retrieved from /home/airflow/.local/lib/python3.12/site-packages/airflow/example_dags/tutorial_taskflow_templates.py
[2025-12-15T19:12:41.710+0000] {logging_mixin.py:190} INFO - [2025-12-15T19:12:41.709+0000] {dag.py:3239} INFO - Sync 1 DAGs
[2025-12-15T19:12:41.738+0000] {logging_mixin.py:190} INFO - [2025-12-15T19:12:41.737+0000] {dag.py:4180} INFO - Setting next_dagrun for tutorial_taskflow_templates to 2025-12-14 00:00:00+00:00, run_after=2025-12-15 00:00:00+00:00
[2025-12-15T19:12:41.761+0000] {processor.py:208} INFO - Processing /home/airflow/.local/lib/python3.12/site-packages/airflow/example_dags/tutorial_taskflow_templates.py took 0.114 seconds
[2025-12-15T19:13:12.288+0000] {processor.py:186} INFO - Started process (PID=8487) to work on /home/airflow/.local/lib/python3.12/site-packages/airflow/example_dags/tutorial_taskflow_templates.py
[2025-12-15T19:13:12.290+0000] {processor.py:914} INFO - Processing file /home/airflow/.local/lib/python3.12/site-packages/airflow/example_dags/tutorial_taskflow_templates.py for tasks to queue
[2025-12-15T19:13:12.291+0000] {logging_mixin.py:190} INFO - [2025-12-15T19:13:12.291+0000] {dagbag.py:588} INFO - Filling up the DagBag from /home/airflow/.local/lib/python3.12/site-packages/airflow/example_dags/tutorial_taskflow_templates.py
[2025-12-15T19:13:12.309+0000] {processor.py:925} INFO - DAG(s) 'tutorial_taskflow_templates' retrieved from /home/airflow/.local/lib/python3.12/site-packages/airflow/example_dags/tutorial_taskflow_templates.py
[2025-12-15T19:13:12.337+0000] {logging_mixin.py:190} INFO - [2025-12-15T19:13:12.336+0000] {dag.py:3239} INFO - Sync 1 DAGs
[2025-12-15T19:13:12.368+0000] {logging_mixin.py:190} INFO - [2025-12-15T19:13:12.368+0000] {dag.py:4180} INFO - Setting next_dagrun for tutorial_taskflow_templates to 2025-12-14 00:00:00+00:00, run_after=2025-12-15 00:00:00+00:00
[2025-12-15T19:13:12.407+0000] {processor.py:208} INFO - Processing /home/airflow/.local/lib/python3.12/site-packages/airflow/example_dags/tutorial_taskflow_templates.py took 0.130 seconds
[2025-12-15T19:13:42.982+0000] {processor.py:186} INFO - Started process (PID=8778) to work on /home/airflow/.local/lib/python3.12/site-packages/airflow/example_dags/tutorial_taskflow_templates.py
[2025-12-15T19:13:43.000+0000] {processor.py:914} INFO - Processing file /home/airflow/.local/lib/python3.12/site-packages/airflow/example_dags/tutorial_taskflow_templates.py for tasks to queue
[2025-12-15T19:13:43.002+0000] {logging_mixin.py:190} INFO - [2025-12-15T19:13:43.002+0000] {dagbag.py:588} INFO - Filling up the DagBag from /home/airflow/.local/lib/python3.12/site-packages/airflow/example_dags/tutorial_taskflow_templates.py
[2025-12-15T19:13:43.039+0000] {processor.py:925} INFO - DAG(s) 'tutorial_taskflow_templates' retrieved from /home/airflow/.local/lib/python3.12/site-packages/airflow/example_dags/tutorial_taskflow_templates.py
[2025-12-15T19:13:43.091+0000] {logging_mixin.py:190} INFO - [2025-12-15T19:13:43.090+0000] {dag.py:3239} INFO - Sync 1 DAGs
[2025-12-15T19:13:43.166+0000] {logging_mixin.py:190} INFO - [2025-12-15T19:13:43.165+0000] {dag.py:4180} INFO - Setting next_dagrun for tutorial_taskflow_templates to 2025-12-14 00:00:00+00:00, run_after=2025-12-15 00:00:00+00:00
[2025-12-15T19:13:43.222+0000] {processor.py:208} INFO - Processing /home/airflow/.local/lib/python3.12/site-packages/airflow/example_dags/tutorial_taskflow_templates.py took 0.259 seconds
[2025-12-15T19:14:13.282+0000] {processor.py:186} INFO - Started process (PID=9066) to work on /home/airflow/.local/lib/python3.12/site-packages/airflow/example_dags/tutorial_taskflow_templates.py
[2025-12-15T19:14:13.301+0000] {processor.py:914} INFO - Processing file /home/airflow/.local/lib/python3.12/site-packages/airflow/example_dags/tutorial_taskflow_templates.py for tasks to queue
[2025-12-15T19:14:13.304+0000] {logging_mixin.py:190} INFO - [2025-12-15T19:14:13.302+0000] {dagbag.py:588} INFO - Filling up the DagBag from /home/airflow/.local/lib/python3.12/site-packages/airflow/example_dags/tutorial_taskflow_templates.py
[2025-12-15T19:14:13.375+0000] {processor.py:925} INFO - DAG(s) 'tutorial_taskflow_templates' retrieved from /home/airflow/.local/lib/python3.12/site-packages/airflow/example_dags/tutorial_taskflow_templates.py
[2025-12-15T19:14:13.524+0000] {logging_mixin.py:190} INFO - [2025-12-15T19:14:13.523+0000] {dag.py:3239} INFO - Sync 1 DAGs
[2025-12-15T19:14:13.657+0000] {logging_mixin.py:190} INFO - [2025-12-15T19:14:13.656+0000] {dag.py:4180} INFO - Setting next_dagrun for tutorial_taskflow_templates to 2025-12-14 00:00:00+00:00, run_after=2025-12-15 00:00:00+00:00
[2025-12-15T19:14:13.756+0000] {processor.py:208} INFO - Processing /home/airflow/.local/lib/python3.12/site-packages/airflow/example_dags/tutorial_taskflow_templates.py took 0.486 seconds
[2025-12-15T19:14:44.382+0000] {processor.py:186} INFO - Started process (PID=9357) to work on /home/airflow/.local/lib/python3.12/site-packages/airflow/example_dags/tutorial_taskflow_templates.py
[2025-12-15T19:14:44.384+0000] {processor.py:914} INFO - Processing file /home/airflow/.local/lib/python3.12/site-packages/airflow/example_dags/tutorial_taskflow_templates.py for tasks to queue
[2025-12-15T19:14:44.388+0000] {logging_mixin.py:190} INFO - [2025-12-15T19:14:44.387+0000] {dagbag.py:588} INFO - Filling up the DagBag from /home/airflow/.local/lib/python3.12/site-packages/airflow/example_dags/tutorial_taskflow_templates.py
[2025-12-15T19:14:44.415+0000] {processor.py:925} INFO - DAG(s) 'tutorial_taskflow_templates' retrieved from /home/airflow/.local/lib/python3.12/site-packages/airflow/example_dags/tutorial_taskflow_templates.py
[2025-12-15T19:14:44.460+0000] {logging_mixin.py:190} INFO - [2025-12-15T19:14:44.459+0000] {dag.py:3239} INFO - Sync 1 DAGs
[2025-12-15T19:14:44.521+0000] {logging_mixin.py:190} INFO - [2025-12-15T19:14:44.521+0000] {dag.py:4180} INFO - Setting next_dagrun for tutorial_taskflow_templates to 2025-12-14 00:00:00+00:00, run_after=2025-12-15 00:00:00+00:00
[2025-12-15T19:14:44.567+0000] {processor.py:208} INFO - Processing /home/airflow/.local/lib/python3.12/site-packages/airflow/example_dags/tutorial_taskflow_templates.py took 0.198 seconds
[2025-12-15T19:15:15.009+0000] {processor.py:186} INFO - Started process (PID=9648) to work on /home/airflow/.local/lib/python3.12/site-packages/airflow/example_dags/tutorial_taskflow_templates.py
[2025-12-15T19:15:15.011+0000] {processor.py:914} INFO - Processing file /home/airflow/.local/lib/python3.12/site-packages/airflow/example_dags/tutorial_taskflow_templates.py for tasks to queue
[2025-12-15T19:15:15.014+0000] {logging_mixin.py:190} INFO - [2025-12-15T19:15:15.013+0000] {dagbag.py:588} INFO - Filling up the DagBag from /home/airflow/.local/lib/python3.12/site-packages/airflow/example_dags/tutorial_taskflow_templates.py
[2025-12-15T19:15:15.034+0000] {processor.py:925} INFO - DAG(s) 'tutorial_taskflow_templates' retrieved from /home/airflow/.local/lib/python3.12/site-packages/airflow/example_dags/tutorial_taskflow_templates.py
[2025-12-15T19:15:15.074+0000] {logging_mixin.py:190} INFO - [2025-12-15T19:15:15.074+0000] {dag.py:3239} INFO - Sync 1 DAGs
[2025-12-15T19:15:15.134+0000] {logging_mixin.py:190} INFO - [2025-12-15T19:15:15.133+0000] {dag.py:4180} INFO - Setting next_dagrun for tutorial_taskflow_templates to 2025-12-14 00:00:00+00:00, run_after=2025-12-15 00:00:00+00:00
[2025-12-15T19:15:15.166+0000] {processor.py:208} INFO - Processing /home/airflow/.local/lib/python3.12/site-packages/airflow/example_dags/tutorial_taskflow_templates.py took 0.174 seconds
[2025-12-15T19:15:45.322+0000] {processor.py:186} INFO - Started process (PID=9939) to work on /home/airflow/.local/lib/python3.12/site-packages/airflow/example_dags/tutorial_taskflow_templates.py
[2025-12-15T19:15:45.349+0000] {processor.py:914} INFO - Processing file /home/airflow/.local/lib/python3.12/site-packages/airflow/example_dags/tutorial_taskflow_templates.py for tasks to queue
[2025-12-15T19:15:45.352+0000] {logging_mixin.py:190} INFO - [2025-12-15T19:15:45.351+0000] {dagbag.py:588} INFO - Filling up the DagBag from /home/airflow/.local/lib/python3.12/site-packages/airflow/example_dags/tutorial_taskflow_templates.py
[2025-12-15T19:15:45.385+0000] {processor.py:925} INFO - DAG(s) 'tutorial_taskflow_templates' retrieved from /home/airflow/.local/lib/python3.12/site-packages/airflow/example_dags/tutorial_taskflow_templates.py
[2025-12-15T19:15:45.425+0000] {logging_mixin.py:190} INFO - [2025-12-15T19:15:45.424+0000] {dag.py:3239} INFO - Sync 1 DAGs
[2025-12-15T19:15:45.471+0000] {logging_mixin.py:190} INFO - [2025-12-15T19:15:45.471+0000] {dag.py:4180} INFO - Setting next_dagrun for tutorial_taskflow_templates to 2025-12-14 00:00:00+00:00, run_after=2025-12-15 00:00:00+00:00
[2025-12-15T19:15:45.506+0000] {processor.py:208} INFO - Processing /home/airflow/.local/lib/python3.12/site-packages/airflow/example_dags/tutorial_taskflow_templates.py took 0.195 seconds
[2025-12-15T19:16:17.294+0000] {processor.py:186} INFO - Started process (PID=10228) to work on /home/airflow/.local/lib/python3.12/site-packages/airflow/example_dags/tutorial_taskflow_templates.py
[2025-12-15T19:16:17.303+0000] {processor.py:914} INFO - Processing file /home/airflow/.local/lib/python3.12/site-packages/airflow/example_dags/tutorial_taskflow_templates.py for tasks to queue
[2025-12-15T19:16:17.309+0000] {logging_mixin.py:190} INFO - [2025-12-15T19:16:17.308+0000] {dagbag.py:588} INFO - Filling up the DagBag from /home/airflow/.local/lib/python3.12/site-packages/airflow/example_dags/tutorial_taskflow_templates.py
[2025-12-15T19:16:17.394+0000] {processor.py:925} INFO - DAG(s) 'tutorial_taskflow_templates' retrieved from /home/airflow/.local/lib/python3.12/site-packages/airflow/example_dags/tutorial_taskflow_templates.py
[2025-12-15T19:16:17.464+0000] {logging_mixin.py:190} INFO - [2025-12-15T19:16:17.463+0000] {dag.py:3239} INFO - Sync 1 DAGs
[2025-12-15T19:16:17.530+0000] {logging_mixin.py:190} INFO - [2025-12-15T19:16:17.530+0000] {dag.py:4180} INFO - Setting next_dagrun for tutorial_taskflow_templates to 2025-12-14 00:00:00+00:00, run_after=2025-12-15 00:00:00+00:00
[2025-12-15T19:16:17.583+0000] {processor.py:208} INFO - Processing /home/airflow/.local/lib/python3.12/site-packages/airflow/example_dags/tutorial_taskflow_templates.py took 0.327 seconds
[2025-12-15T19:16:52.650+0000] {processor.py:186} INFO - Started process (PID=10509) to work on /home/airflow/.local/lib/python3.12/site-packages/airflow/example_dags/tutorial_taskflow_templates.py
[2025-12-15T19:16:52.652+0000] {processor.py:914} INFO - Processing file /home/airflow/.local/lib/python3.12/site-packages/airflow/example_dags/tutorial_taskflow_templates.py for tasks to queue
[2025-12-15T19:16:52.665+0000] {logging_mixin.py:190} INFO - [2025-12-15T19:16:52.664+0000] {dagbag.py:588} INFO - Filling up the DagBag from /home/airflow/.local/lib/python3.12/site-packages/airflow/example_dags/tutorial_taskflow_templates.py
[2025-12-15T19:16:52.752+0000] {processor.py:925} INFO - DAG(s) 'tutorial_taskflow_templates' retrieved from /home/airflow/.local/lib/python3.12/site-packages/airflow/example_dags/tutorial_taskflow_templates.py
[2025-12-15T19:16:52.879+0000] {logging_mixin.py:190} INFO - [2025-12-15T19:16:52.879+0000] {dag.py:3239} INFO - Sync 1 DAGs
[2025-12-15T19:16:53.043+0000] {logging_mixin.py:190} INFO - [2025-12-15T19:16:53.042+0000] {dag.py:4180} INFO - Setting next_dagrun for tutorial_taskflow_templates to 2025-12-14 00:00:00+00:00, run_after=2025-12-15 00:00:00+00:00
[2025-12-15T19:16:53.103+0000] {processor.py:208} INFO - Processing /home/airflow/.local/lib/python3.12/site-packages/airflow/example_dags/tutorial_taskflow_templates.py took 0.504 seconds
[2025-12-15T19:17:27.492+0000] {processor.py:186} INFO - Started process (PID=10747) to work on /home/airflow/.local/lib/python3.12/site-packages/airflow/example_dags/tutorial_taskflow_templates.py
[2025-12-15T19:17:27.494+0000] {processor.py:914} INFO - Processing file /home/airflow/.local/lib/python3.12/site-packages/airflow/example_dags/tutorial_taskflow_templates.py for tasks to queue
[2025-12-15T19:17:27.495+0000] {logging_mixin.py:190} INFO - [2025-12-15T19:17:27.495+0000] {dagbag.py:588} INFO - Filling up the DagBag from /home/airflow/.local/lib/python3.12/site-packages/airflow/example_dags/tutorial_taskflow_templates.py
[2025-12-15T19:17:27.534+0000] {processor.py:925} INFO - DAG(s) 'tutorial_taskflow_templates' retrieved from /home/airflow/.local/lib/python3.12/site-packages/airflow/example_dags/tutorial_taskflow_templates.py
[2025-12-15T19:17:27.585+0000] {logging_mixin.py:190} INFO - [2025-12-15T19:17:27.584+0000] {dag.py:3239} INFO - Sync 1 DAGs
[2025-12-15T19:17:27.659+0000] {logging_mixin.py:190} INFO - [2025-12-15T19:17:27.659+0000] {dag.py:4180} INFO - Setting next_dagrun for tutorial_taskflow_templates to 2025-12-14 00:00:00+00:00, run_after=2025-12-15 00:00:00+00:00
[2025-12-15T19:17:27.707+0000] {processor.py:208} INFO - Processing /home/airflow/.local/lib/python3.12/site-packages/airflow/example_dags/tutorial_taskflow_templates.py took 0.231 seconds
[2025-12-15T19:17:58.105+0000] {processor.py:186} INFO - Started process (PID=11047) to work on /home/airflow/.local/lib/python3.12/site-packages/airflow/example_dags/tutorial_taskflow_templates.py
[2025-12-15T19:17:58.110+0000] {processor.py:914} INFO - Processing file /home/airflow/.local/lib/python3.12/site-packages/airflow/example_dags/tutorial_taskflow_templates.py for tasks to queue
[2025-12-15T19:17:58.121+0000] {logging_mixin.py:190} INFO - [2025-12-15T19:17:58.120+0000] {dagbag.py:588} INFO - Filling up the DagBag from /home/airflow/.local/lib/python3.12/site-packages/airflow/example_dags/tutorial_taskflow_templates.py
[2025-12-15T19:17:58.221+0000] {processor.py:925} INFO - DAG(s) 'tutorial_taskflow_templates' retrieved from /home/airflow/.local/lib/python3.12/site-packages/airflow/example_dags/tutorial_taskflow_templates.py
[2025-12-15T19:17:58.381+0000] {logging_mixin.py:190} INFO - [2025-12-15T19:17:58.380+0000] {dag.py:3239} INFO - Sync 1 DAGs
[2025-12-15T19:17:58.622+0000] {logging_mixin.py:190} INFO - [2025-12-15T19:17:58.622+0000] {dag.py:4180} INFO - Setting next_dagrun for tutorial_taskflow_templates to 2025-12-14 00:00:00+00:00, run_after=2025-12-15 00:00:00+00:00
[2025-12-15T19:17:58.771+0000] {processor.py:208} INFO - Processing /home/airflow/.local/lib/python3.12/site-packages/airflow/example_dags/tutorial_taskflow_templates.py took 0.725 seconds
[2025-12-15T19:18:31.458+0000] {processor.py:186} INFO - Started process (PID=11334) to work on /home/airflow/.local/lib/python3.12/site-packages/airflow/example_dags/tutorial_taskflow_templates.py
[2025-12-15T19:18:31.463+0000] {processor.py:914} INFO - Processing file /home/airflow/.local/lib/python3.12/site-packages/airflow/example_dags/tutorial_taskflow_templates.py for tasks to queue
[2025-12-15T19:18:31.467+0000] {logging_mixin.py:190} INFO - [2025-12-15T19:18:31.466+0000] {dagbag.py:588} INFO - Filling up the DagBag from /home/airflow/.local/lib/python3.12/site-packages/airflow/example_dags/tutorial_taskflow_templates.py
[2025-12-15T19:18:31.583+0000] {processor.py:925} INFO - DAG(s) 'tutorial_taskflow_templates' retrieved from /home/airflow/.local/lib/python3.12/site-packages/airflow/example_dags/tutorial_taskflow_templates.py
[2025-12-15T19:18:31.760+0000] {logging_mixin.py:190} INFO - [2025-12-15T19:18:31.759+0000] {dag.py:3239} INFO - Sync 1 DAGs
[2025-12-15T19:18:31.973+0000] {logging_mixin.py:190} INFO - [2025-12-15T19:18:31.972+0000] {dag.py:4180} INFO - Setting next_dagrun for tutorial_taskflow_templates to 2025-12-14 00:00:00+00:00, run_after=2025-12-15 00:00:00+00:00
[2025-12-15T19:18:32.140+0000] {processor.py:208} INFO - Processing /home/airflow/.local/lib/python3.12/site-packages/airflow/example_dags/tutorial_taskflow_templates.py took 0.735 seconds
[2025-12-15T19:19:05.345+0000] {processor.py:186} INFO - Started process (PID=11628) to work on /home/airflow/.local/lib/python3.12/site-packages/airflow/example_dags/tutorial_taskflow_templates.py
[2025-12-15T19:19:05.347+0000] {processor.py:914} INFO - Processing file /home/airflow/.local/lib/python3.12/site-packages/airflow/example_dags/tutorial_taskflow_templates.py for tasks to queue
[2025-12-15T19:19:05.350+0000] {logging_mixin.py:190} INFO - [2025-12-15T19:19:05.349+0000] {dagbag.py:588} INFO - Filling up the DagBag from /home/airflow/.local/lib/python3.12/site-packages/airflow/example_dags/tutorial_taskflow_templates.py
[2025-12-15T19:19:05.392+0000] {processor.py:925} INFO - DAG(s) 'tutorial_taskflow_templates' retrieved from /home/airflow/.local/lib/python3.12/site-packages/airflow/example_dags/tutorial_taskflow_templates.py
[2025-12-15T19:19:05.451+0000] {logging_mixin.py:190} INFO - [2025-12-15T19:19:05.450+0000] {dag.py:3239} INFO - Sync 1 DAGs
[2025-12-15T19:19:05.576+0000] {logging_mixin.py:190} INFO - [2025-12-15T19:19:05.575+0000] {dag.py:4180} INFO - Setting next_dagrun for tutorial_taskflow_templates to 2025-12-14 00:00:00+00:00, run_after=2025-12-15 00:00:00+00:00
[2025-12-15T19:19:05.663+0000] {processor.py:208} INFO - Processing /home/airflow/.local/lib/python3.12/site-packages/airflow/example_dags/tutorial_taskflow_templates.py took 0.334 seconds
