[2025-12-15T18:55:35.039+0000] {processor.py:186} INFO - Started process (PID=264) to work on /home/airflow/.local/lib/python3.12/site-packages/airflow/example_dags/tutorial.py
[2025-12-15T18:55:35.042+0000] {processor.py:914} INFO - Processing file /home/airflow/.local/lib/python3.12/site-packages/airflow/example_dags/tutorial.py for tasks to queue
[2025-12-15T18:55:35.052+0000] {logging_mixin.py:190} INFO - [2025-12-15T18:55:35.051+0000] {dagbag.py:588} INFO - Filling up the DagBag from /home/airflow/.local/lib/python3.12/site-packages/airflow/example_dags/tutorial.py
[2025-12-15T18:55:35.102+0000] {processor.py:925} INFO - DAG(s) 'tutorial' retrieved from /home/airflow/.local/lib/python3.12/site-packages/airflow/example_dags/tutorial.py
[2025-12-15T18:55:35.710+0000] {logging_mixin.py:190} INFO - [2025-12-15T18:55:35.708+0000] {override.py:1911} INFO - Created Permission View: can read on DAG:tutorial
[2025-12-15T18:55:35.761+0000] {logging_mixin.py:190} INFO - [2025-12-15T18:55:35.759+0000] {override.py:1911} INFO - Created Permission View: can edit on DAG:tutorial
[2025-12-15T18:55:35.794+0000] {logging_mixin.py:190} INFO - [2025-12-15T18:55:35.793+0000] {override.py:1911} INFO - Created Permission View: can delete on DAG:tutorial
[2025-12-15T18:55:35.827+0000] {logging_mixin.py:190} INFO - [2025-12-15T18:55:35.826+0000] {override.py:1911} INFO - Created Permission View: can read on DAG Run:tutorial
[2025-12-15T18:55:35.860+0000] {logging_mixin.py:190} INFO - [2025-12-15T18:55:35.859+0000] {override.py:1911} INFO - Created Permission View: menu access on DAG Run:tutorial
[2025-12-15T18:55:35.888+0000] {logging_mixin.py:190} INFO - [2025-12-15T18:55:35.887+0000] {override.py:1911} INFO - Created Permission View: can create on DAG Run:tutorial
[2025-12-15T18:55:35.919+0000] {logging_mixin.py:190} INFO - [2025-12-15T18:55:35.917+0000] {override.py:1911} INFO - Created Permission View: can delete on DAG Run:tutorial
[2025-12-15T18:55:35.921+0000] {logging_mixin.py:190} INFO - [2025-12-15T18:55:35.920+0000] {dag.py:3239} INFO - Sync 1 DAGs
[2025-12-15T18:55:35.989+0000] {logging_mixin.py:190} INFO - [2025-12-15T18:55:35.988+0000] {dag.py:3262} INFO - Creating ORM DAG for tutorial
[2025-12-15T18:55:36.052+0000] {logging_mixin.py:190} INFO - [2025-12-15T18:55:36.051+0000] {dag.py:4180} INFO - Setting next_dagrun for tutorial to 2025-12-14 00:00:00+00:00, run_after=2025-12-15 00:00:00+00:00
[2025-12-15T18:55:36.156+0000] {processor.py:208} INFO - Processing /home/airflow/.local/lib/python3.12/site-packages/airflow/example_dags/tutorial.py took 1.142 seconds
[2025-12-15T18:56:44.660+0000] {processor.py:186} INFO - Started process (PID=559) to work on /home/airflow/.local/lib/python3.12/site-packages/airflow/example_dags/tutorial.py
[2025-12-15T18:56:44.664+0000] {processor.py:914} INFO - Processing file /home/airflow/.local/lib/python3.12/site-packages/airflow/example_dags/tutorial.py for tasks to queue
[2025-12-15T18:56:44.676+0000] {logging_mixin.py:190} INFO - [2025-12-15T18:56:44.674+0000] {dagbag.py:588} INFO - Filling up the DagBag from /home/airflow/.local/lib/python3.12/site-packages/airflow/example_dags/tutorial.py
[2025-12-15T18:56:44.704+0000] {processor.py:925} INFO - DAG(s) 'tutorial' retrieved from /home/airflow/.local/lib/python3.12/site-packages/airflow/example_dags/tutorial.py
[2025-12-15T18:56:44.805+0000] {logging_mixin.py:190} INFO - [2025-12-15T18:56:44.805+0000] {dag.py:3239} INFO - Sync 1 DAGs
[2025-12-15T18:56:44.927+0000] {logging_mixin.py:190} INFO - [2025-12-15T18:56:44.927+0000] {dag.py:4180} INFO - Setting next_dagrun for tutorial to 2025-12-14 00:00:00+00:00, run_after=2025-12-15 00:00:00+00:00
[2025-12-15T18:56:45.049+0000] {processor.py:208} INFO - Processing /home/airflow/.local/lib/python3.12/site-packages/airflow/example_dags/tutorial.py took 0.431 seconds
[2025-12-15T18:57:15.986+0000] {processor.py:186} INFO - Started process (PID=860) to work on /home/airflow/.local/lib/python3.12/site-packages/airflow/example_dags/tutorial.py
[2025-12-15T18:57:15.989+0000] {processor.py:914} INFO - Processing file /home/airflow/.local/lib/python3.12/site-packages/airflow/example_dags/tutorial.py for tasks to queue
[2025-12-15T18:57:16.004+0000] {logging_mixin.py:190} INFO - [2025-12-15T18:57:16.003+0000] {dagbag.py:588} INFO - Filling up the DagBag from /home/airflow/.local/lib/python3.12/site-packages/airflow/example_dags/tutorial.py
[2025-12-15T18:57:16.045+0000] {processor.py:925} INFO - DAG(s) 'tutorial' retrieved from /home/airflow/.local/lib/python3.12/site-packages/airflow/example_dags/tutorial.py
[2025-12-15T18:57:16.165+0000] {logging_mixin.py:190} INFO - [2025-12-15T18:57:16.164+0000] {dag.py:3239} INFO - Sync 1 DAGs
[2025-12-15T18:57:16.285+0000] {logging_mixin.py:190} INFO - [2025-12-15T18:57:16.285+0000] {dag.py:4180} INFO - Setting next_dagrun for tutorial to 2025-12-14 00:00:00+00:00, run_after=2025-12-15 00:00:00+00:00
[2025-12-15T18:57:16.399+0000] {processor.py:208} INFO - Processing /home/airflow/.local/lib/python3.12/site-packages/airflow/example_dags/tutorial.py took 0.463 seconds
[2025-12-15T18:57:50.951+0000] {processor.py:186} INFO - Started process (PID=1124) to work on /home/airflow/.local/lib/python3.12/site-packages/airflow/example_dags/tutorial.py
[2025-12-15T18:57:50.953+0000] {processor.py:914} INFO - Processing file /home/airflow/.local/lib/python3.12/site-packages/airflow/example_dags/tutorial.py for tasks to queue
[2025-12-15T18:57:50.956+0000] {logging_mixin.py:190} INFO - [2025-12-15T18:57:50.956+0000] {dagbag.py:588} INFO - Filling up the DagBag from /home/airflow/.local/lib/python3.12/site-packages/airflow/example_dags/tutorial.py
[2025-12-15T18:57:50.970+0000] {processor.py:925} INFO - DAG(s) 'tutorial' retrieved from /home/airflow/.local/lib/python3.12/site-packages/airflow/example_dags/tutorial.py
[2025-12-15T18:57:51.032+0000] {logging_mixin.py:190} INFO - [2025-12-15T18:57:51.031+0000] {dag.py:3239} INFO - Sync 1 DAGs
[2025-12-15T18:57:51.091+0000] {logging_mixin.py:190} INFO - [2025-12-15T18:57:51.091+0000] {dag.py:4180} INFO - Setting next_dagrun for tutorial to 2025-12-14 00:00:00+00:00, run_after=2025-12-15 00:00:00+00:00
[2025-12-15T18:57:51.146+0000] {processor.py:208} INFO - Processing /home/airflow/.local/lib/python3.12/site-packages/airflow/example_dags/tutorial.py took 0.204 seconds
[2025-12-15T18:58:24.826+0000] {processor.py:186} INFO - Started process (PID=1421) to work on /home/airflow/.local/lib/python3.12/site-packages/airflow/example_dags/tutorial.py
[2025-12-15T18:58:24.829+0000] {processor.py:914} INFO - Processing file /home/airflow/.local/lib/python3.12/site-packages/airflow/example_dags/tutorial.py for tasks to queue
[2025-12-15T18:58:24.836+0000] {logging_mixin.py:190} INFO - [2025-12-15T18:58:24.836+0000] {dagbag.py:588} INFO - Filling up the DagBag from /home/airflow/.local/lib/python3.12/site-packages/airflow/example_dags/tutorial.py
[2025-12-15T18:58:24.865+0000] {processor.py:925} INFO - DAG(s) 'tutorial' retrieved from /home/airflow/.local/lib/python3.12/site-packages/airflow/example_dags/tutorial.py
[2025-12-15T18:58:24.939+0000] {logging_mixin.py:190} INFO - [2025-12-15T18:58:24.938+0000] {dag.py:3239} INFO - Sync 1 DAGs
[2025-12-15T18:58:25.021+0000] {logging_mixin.py:190} INFO - [2025-12-15T18:58:25.019+0000] {dag.py:4180} INFO - Setting next_dagrun for tutorial to 2025-12-14 00:00:00+00:00, run_after=2025-12-15 00:00:00+00:00
[2025-12-15T18:58:25.072+0000] {processor.py:208} INFO - Processing /home/airflow/.local/lib/python3.12/site-packages/airflow/example_dags/tutorial.py took 0.277 seconds
[2025-12-15T18:58:56.200+0000] {processor.py:186} INFO - Started process (PID=1712) to work on /home/airflow/.local/lib/python3.12/site-packages/airflow/example_dags/tutorial.py
[2025-12-15T18:58:56.203+0000] {processor.py:914} INFO - Processing file /home/airflow/.local/lib/python3.12/site-packages/airflow/example_dags/tutorial.py for tasks to queue
[2025-12-15T18:58:56.211+0000] {logging_mixin.py:190} INFO - [2025-12-15T18:58:56.210+0000] {dagbag.py:588} INFO - Filling up the DagBag from /home/airflow/.local/lib/python3.12/site-packages/airflow/example_dags/tutorial.py
[2025-12-15T18:58:56.237+0000] {processor.py:925} INFO - DAG(s) 'tutorial' retrieved from /home/airflow/.local/lib/python3.12/site-packages/airflow/example_dags/tutorial.py
[2025-12-15T18:58:56.301+0000] {logging_mixin.py:190} INFO - [2025-12-15T18:58:56.300+0000] {dag.py:3239} INFO - Sync 1 DAGs
[2025-12-15T18:58:56.365+0000] {logging_mixin.py:190} INFO - [2025-12-15T18:58:56.364+0000] {dag.py:4180} INFO - Setting next_dagrun for tutorial to 2025-12-14 00:00:00+00:00, run_after=2025-12-15 00:00:00+00:00
[2025-12-15T18:58:56.405+0000] {processor.py:208} INFO - Processing /home/airflow/.local/lib/python3.12/site-packages/airflow/example_dags/tutorial.py took 0.218 seconds
[2025-12-15T18:59:38.397+0000] {processor.py:186} INFO - Started process (PID=1894) to work on /home/airflow/.local/lib/python3.12/site-packages/airflow/example_dags/tutorial.py
[2025-12-15T18:59:38.408+0000] {processor.py:914} INFO - Processing file /home/airflow/.local/lib/python3.12/site-packages/airflow/example_dags/tutorial.py for tasks to queue
[2025-12-15T18:59:38.424+0000] {logging_mixin.py:190} INFO - [2025-12-15T18:59:38.423+0000] {dagbag.py:588} INFO - Filling up the DagBag from /home/airflow/.local/lib/python3.12/site-packages/airflow/example_dags/tutorial.py
[2025-12-15T18:59:38.492+0000] {processor.py:925} INFO - DAG(s) 'tutorial' retrieved from /home/airflow/.local/lib/python3.12/site-packages/airflow/example_dags/tutorial.py
[2025-12-15T18:59:38.624+0000] {logging_mixin.py:190} INFO - [2025-12-15T18:59:38.623+0000] {dag.py:3239} INFO - Sync 1 DAGs
[2025-12-15T18:59:38.809+0000] {logging_mixin.py:190} INFO - [2025-12-15T18:59:38.809+0000] {dag.py:4180} INFO - Setting next_dagrun for tutorial to 2025-12-14 00:00:00+00:00, run_after=2025-12-15 00:00:00+00:00
[2025-12-15T18:59:38.976+0000] {processor.py:208} INFO - Processing /home/airflow/.local/lib/python3.12/site-packages/airflow/example_dags/tutorial.py took 0.619 seconds
[2025-12-15T19:00:56.190+0000] {processor.py:186} INFO - Started process (PID=2159) to work on /home/airflow/.local/lib/python3.12/site-packages/airflow/example_dags/tutorial.py
[2025-12-15T19:00:56.194+0000] {processor.py:914} INFO - Processing file /home/airflow/.local/lib/python3.12/site-packages/airflow/example_dags/tutorial.py for tasks to queue
[2025-12-15T19:00:56.206+0000] {logging_mixin.py:190} INFO - [2025-12-15T19:00:56.205+0000] {dagbag.py:588} INFO - Filling up the DagBag from /home/airflow/.local/lib/python3.12/site-packages/airflow/example_dags/tutorial.py
[2025-12-15T19:00:56.246+0000] {processor.py:925} INFO - DAG(s) 'tutorial' retrieved from /home/airflow/.local/lib/python3.12/site-packages/airflow/example_dags/tutorial.py
[2025-12-15T19:00:56.348+0000] {logging_mixin.py:190} INFO - [2025-12-15T19:00:56.348+0000] {dag.py:3239} INFO - Sync 1 DAGs
[2025-12-15T19:00:56.480+0000] {logging_mixin.py:190} INFO - [2025-12-15T19:00:56.479+0000] {dag.py:4180} INFO - Setting next_dagrun for tutorial to 2025-12-14 00:00:00+00:00, run_after=2025-12-15 00:00:00+00:00
[2025-12-15T19:00:56.593+0000] {processor.py:208} INFO - Processing /home/airflow/.local/lib/python3.12/site-packages/airflow/example_dags/tutorial.py took 0.435 seconds
[2025-12-15T19:01:59.573+0000] {processor.py:186} INFO - Started process (PID=2425) to work on /home/airflow/.local/lib/python3.12/site-packages/airflow/example_dags/tutorial.py
[2025-12-15T19:01:59.575+0000] {processor.py:914} INFO - Processing file /home/airflow/.local/lib/python3.12/site-packages/airflow/example_dags/tutorial.py for tasks to queue
[2025-12-15T19:01:59.581+0000] {logging_mixin.py:190} INFO - [2025-12-15T19:01:59.580+0000] {dagbag.py:588} INFO - Filling up the DagBag from /home/airflow/.local/lib/python3.12/site-packages/airflow/example_dags/tutorial.py
[2025-12-15T19:01:59.601+0000] {processor.py:925} INFO - DAG(s) 'tutorial' retrieved from /home/airflow/.local/lib/python3.12/site-packages/airflow/example_dags/tutorial.py
[2025-12-15T19:01:59.646+0000] {logging_mixin.py:190} INFO - [2025-12-15T19:01:59.645+0000] {dag.py:3239} INFO - Sync 1 DAGs
[2025-12-15T19:01:59.712+0000] {logging_mixin.py:190} INFO - [2025-12-15T19:01:59.712+0000] {dag.py:4180} INFO - Setting next_dagrun for tutorial to 2025-12-14 00:00:00+00:00, run_after=2025-12-15 00:00:00+00:00
[2025-12-15T19:01:59.756+0000] {processor.py:208} INFO - Processing /home/airflow/.local/lib/python3.12/site-packages/airflow/example_dags/tutorial.py took 0.197 seconds
[2025-12-15T19:02:31.728+0000] {processor.py:186} INFO - Started process (PID=2681) to work on /home/airflow/.local/lib/python3.12/site-packages/airflow/example_dags/tutorial.py
[2025-12-15T19:02:31.730+0000] {processor.py:914} INFO - Processing file /home/airflow/.local/lib/python3.12/site-packages/airflow/example_dags/tutorial.py for tasks to queue
[2025-12-15T19:02:31.734+0000] {logging_mixin.py:190} INFO - [2025-12-15T19:02:31.733+0000] {dagbag.py:588} INFO - Filling up the DagBag from /home/airflow/.local/lib/python3.12/site-packages/airflow/example_dags/tutorial.py
[2025-12-15T19:02:31.757+0000] {processor.py:925} INFO - DAG(s) 'tutorial' retrieved from /home/airflow/.local/lib/python3.12/site-packages/airflow/example_dags/tutorial.py
[2025-12-15T19:02:31.807+0000] {logging_mixin.py:190} INFO - [2025-12-15T19:02:31.807+0000] {dag.py:3239} INFO - Sync 1 DAGs
[2025-12-15T19:02:31.863+0000] {logging_mixin.py:190} INFO - [2025-12-15T19:02:31.863+0000] {dag.py:4180} INFO - Setting next_dagrun for tutorial to 2025-12-14 00:00:00+00:00, run_after=2025-12-15 00:00:00+00:00
[2025-12-15T19:02:31.902+0000] {processor.py:208} INFO - Processing /home/airflow/.local/lib/python3.12/site-packages/airflow/example_dags/tutorial.py took 0.187 seconds
[2025-12-15T19:03:05.914+0000] {processor.py:186} INFO - Started process (PID=2972) to work on /home/airflow/.local/lib/python3.12/site-packages/airflow/example_dags/tutorial.py
[2025-12-15T19:03:05.918+0000] {processor.py:914} INFO - Processing file /home/airflow/.local/lib/python3.12/site-packages/airflow/example_dags/tutorial.py for tasks to queue
[2025-12-15T19:03:05.923+0000] {logging_mixin.py:190} INFO - [2025-12-15T19:03:05.922+0000] {dagbag.py:588} INFO - Filling up the DagBag from /home/airflow/.local/lib/python3.12/site-packages/airflow/example_dags/tutorial.py
[2025-12-15T19:03:05.950+0000] {processor.py:925} INFO - DAG(s) 'tutorial' retrieved from /home/airflow/.local/lib/python3.12/site-packages/airflow/example_dags/tutorial.py
[2025-12-15T19:03:06.003+0000] {logging_mixin.py:190} INFO - [2025-12-15T19:03:06.003+0000] {dag.py:3239} INFO - Sync 1 DAGs
[2025-12-15T19:03:06.072+0000] {logging_mixin.py:190} INFO - [2025-12-15T19:03:06.072+0000] {dag.py:4180} INFO - Setting next_dagrun for tutorial to 2025-12-14 00:00:00+00:00, run_after=2025-12-15 00:00:00+00:00
[2025-12-15T19:03:06.123+0000] {processor.py:208} INFO - Processing /home/airflow/.local/lib/python3.12/site-packages/airflow/example_dags/tutorial.py took 0.229 seconds
[2025-12-15T19:03:36.623+0000] {processor.py:186} INFO - Started process (PID=3263) to work on /home/airflow/.local/lib/python3.12/site-packages/airflow/example_dags/tutorial.py
[2025-12-15T19:03:36.630+0000] {processor.py:914} INFO - Processing file /home/airflow/.local/lib/python3.12/site-packages/airflow/example_dags/tutorial.py for tasks to queue
[2025-12-15T19:03:36.636+0000] {logging_mixin.py:190} INFO - [2025-12-15T19:03:36.635+0000] {dagbag.py:588} INFO - Filling up the DagBag from /home/airflow/.local/lib/python3.12/site-packages/airflow/example_dags/tutorial.py
[2025-12-15T19:03:36.656+0000] {processor.py:925} INFO - DAG(s) 'tutorial' retrieved from /home/airflow/.local/lib/python3.12/site-packages/airflow/example_dags/tutorial.py
[2025-12-15T19:03:36.699+0000] {logging_mixin.py:190} INFO - [2025-12-15T19:03:36.699+0000] {dag.py:3239} INFO - Sync 1 DAGs
[2025-12-15T19:03:36.750+0000] {logging_mixin.py:190} INFO - [2025-12-15T19:03:36.749+0000] {dag.py:4180} INFO - Setting next_dagrun for tutorial to 2025-12-14 00:00:00+00:00, run_after=2025-12-15 00:00:00+00:00
[2025-12-15T19:03:36.784+0000] {processor.py:208} INFO - Processing /home/airflow/.local/lib/python3.12/site-packages/airflow/example_dags/tutorial.py took 0.177 seconds
[2025-12-15T19:04:09.804+0000] {processor.py:186} INFO - Started process (PID=3549) to work on /home/airflow/.local/lib/python3.12/site-packages/airflow/example_dags/tutorial.py
[2025-12-15T19:04:09.806+0000] {processor.py:914} INFO - Processing file /home/airflow/.local/lib/python3.12/site-packages/airflow/example_dags/tutorial.py for tasks to queue
[2025-12-15T19:04:09.810+0000] {logging_mixin.py:190} INFO - [2025-12-15T19:04:09.809+0000] {dagbag.py:588} INFO - Filling up the DagBag from /home/airflow/.local/lib/python3.12/site-packages/airflow/example_dags/tutorial.py
[2025-12-15T19:04:09.828+0000] {processor.py:925} INFO - DAG(s) 'tutorial' retrieved from /home/airflow/.local/lib/python3.12/site-packages/airflow/example_dags/tutorial.py
[2025-12-15T19:04:09.866+0000] {logging_mixin.py:190} INFO - [2025-12-15T19:04:09.866+0000] {dag.py:3239} INFO - Sync 1 DAGs
[2025-12-15T19:04:09.911+0000] {logging_mixin.py:190} INFO - [2025-12-15T19:04:09.910+0000] {dag.py:4180} INFO - Setting next_dagrun for tutorial to 2025-12-14 00:00:00+00:00, run_after=2025-12-15 00:00:00+00:00
[2025-12-15T19:04:09.944+0000] {processor.py:208} INFO - Processing /home/airflow/.local/lib/python3.12/site-packages/airflow/example_dags/tutorial.py took 0.153 seconds
[2025-12-15T19:04:42.154+0000] {processor.py:186} INFO - Started process (PID=3810) to work on /home/airflow/.local/lib/python3.12/site-packages/airflow/example_dags/tutorial.py
[2025-12-15T19:04:42.156+0000] {processor.py:914} INFO - Processing file /home/airflow/.local/lib/python3.12/site-packages/airflow/example_dags/tutorial.py for tasks to queue
[2025-12-15T19:04:42.161+0000] {logging_mixin.py:190} INFO - [2025-12-15T19:04:42.160+0000] {dagbag.py:588} INFO - Filling up the DagBag from /home/airflow/.local/lib/python3.12/site-packages/airflow/example_dags/tutorial.py
[2025-12-15T19:04:42.179+0000] {processor.py:925} INFO - DAG(s) 'tutorial' retrieved from /home/airflow/.local/lib/python3.12/site-packages/airflow/example_dags/tutorial.py
[2025-12-15T19:04:42.220+0000] {logging_mixin.py:190} INFO - [2025-12-15T19:04:42.219+0000] {dag.py:3239} INFO - Sync 1 DAGs
[2025-12-15T19:04:42.278+0000] {logging_mixin.py:190} INFO - [2025-12-15T19:04:42.278+0000] {dag.py:4180} INFO - Setting next_dagrun for tutorial to 2025-12-14 00:00:00+00:00, run_after=2025-12-15 00:00:00+00:00
[2025-12-15T19:04:42.322+0000] {processor.py:208} INFO - Processing /home/airflow/.local/lib/python3.12/site-packages/airflow/example_dags/tutorial.py took 0.180 seconds
[2025-12-15T19:05:14.729+0000] {processor.py:186} INFO - Started process (PID=4101) to work on /home/airflow/.local/lib/python3.12/site-packages/airflow/example_dags/tutorial.py
[2025-12-15T19:05:14.731+0000] {processor.py:914} INFO - Processing file /home/airflow/.local/lib/python3.12/site-packages/airflow/example_dags/tutorial.py for tasks to queue
[2025-12-15T19:05:14.735+0000] {logging_mixin.py:190} INFO - [2025-12-15T19:05:14.735+0000] {dagbag.py:588} INFO - Filling up the DagBag from /home/airflow/.local/lib/python3.12/site-packages/airflow/example_dags/tutorial.py
[2025-12-15T19:05:14.750+0000] {processor.py:925} INFO - DAG(s) 'tutorial' retrieved from /home/airflow/.local/lib/python3.12/site-packages/airflow/example_dags/tutorial.py
[2025-12-15T19:05:14.787+0000] {logging_mixin.py:190} INFO - [2025-12-15T19:05:14.787+0000] {dag.py:3239} INFO - Sync 1 DAGs
[2025-12-15T19:05:14.828+0000] {logging_mixin.py:190} INFO - [2025-12-15T19:05:14.827+0000] {dag.py:4180} INFO - Setting next_dagrun for tutorial to 2025-12-14 00:00:00+00:00, run_after=2025-12-15 00:00:00+00:00
[2025-12-15T19:05:14.863+0000] {processor.py:208} INFO - Processing /home/airflow/.local/lib/python3.12/site-packages/airflow/example_dags/tutorial.py took 0.144 seconds
[2025-12-15T19:05:45.675+0000] {processor.py:186} INFO - Started process (PID=4387) to work on /home/airflow/.local/lib/python3.12/site-packages/airflow/example_dags/tutorial.py
[2025-12-15T19:05:45.689+0000] {processor.py:914} INFO - Processing file /home/airflow/.local/lib/python3.12/site-packages/airflow/example_dags/tutorial.py for tasks to queue
[2025-12-15T19:05:45.696+0000] {logging_mixin.py:190} INFO - [2025-12-15T19:05:45.695+0000] {dagbag.py:588} INFO - Filling up the DagBag from /home/airflow/.local/lib/python3.12/site-packages/airflow/example_dags/tutorial.py
[2025-12-15T19:05:45.748+0000] {processor.py:925} INFO - DAG(s) 'tutorial' retrieved from /home/airflow/.local/lib/python3.12/site-packages/airflow/example_dags/tutorial.py
[2025-12-15T19:05:45.876+0000] {logging_mixin.py:190} INFO - [2025-12-15T19:05:45.875+0000] {dag.py:3239} INFO - Sync 1 DAGs
[2025-12-15T19:05:46.064+0000] {logging_mixin.py:190} INFO - [2025-12-15T19:05:46.063+0000] {dag.py:4180} INFO - Setting next_dagrun for tutorial to 2025-12-14 00:00:00+00:00, run_after=2025-12-15 00:00:00+00:00
[2025-12-15T19:05:46.129+0000] {processor.py:208} INFO - Processing /home/airflow/.local/lib/python3.12/site-packages/airflow/example_dags/tutorial.py took 0.480 seconds
[2025-12-15T19:06:16.917+0000] {processor.py:186} INFO - Started process (PID=4680) to work on /home/airflow/.local/lib/python3.12/site-packages/airflow/example_dags/tutorial.py
[2025-12-15T19:06:16.921+0000] {processor.py:914} INFO - Processing file /home/airflow/.local/lib/python3.12/site-packages/airflow/example_dags/tutorial.py for tasks to queue
[2025-12-15T19:06:16.931+0000] {logging_mixin.py:190} INFO - [2025-12-15T19:06:16.927+0000] {dagbag.py:588} INFO - Filling up the DagBag from /home/airflow/.local/lib/python3.12/site-packages/airflow/example_dags/tutorial.py
[2025-12-15T19:06:16.989+0000] {processor.py:925} INFO - DAG(s) 'tutorial' retrieved from /home/airflow/.local/lib/python3.12/site-packages/airflow/example_dags/tutorial.py
[2025-12-15T19:06:17.163+0000] {logging_mixin.py:190} INFO - [2025-12-15T19:06:17.162+0000] {dag.py:3239} INFO - Sync 1 DAGs
[2025-12-15T19:06:17.384+0000] {logging_mixin.py:190} INFO - [2025-12-15T19:06:17.384+0000] {dag.py:4180} INFO - Setting next_dagrun for tutorial to 2025-12-14 00:00:00+00:00, run_after=2025-12-15 00:00:00+00:00
[2025-12-15T19:06:17.526+0000] {processor.py:208} INFO - Processing /home/airflow/.local/lib/python3.12/site-packages/airflow/example_dags/tutorial.py took 0.647 seconds
[2025-12-15T19:06:48.079+0000] {processor.py:186} INFO - Started process (PID=4971) to work on /home/airflow/.local/lib/python3.12/site-packages/airflow/example_dags/tutorial.py
[2025-12-15T19:06:48.082+0000] {processor.py:914} INFO - Processing file /home/airflow/.local/lib/python3.12/site-packages/airflow/example_dags/tutorial.py for tasks to queue
[2025-12-15T19:06:48.085+0000] {logging_mixin.py:190} INFO - [2025-12-15T19:06:48.084+0000] {dagbag.py:588} INFO - Filling up the DagBag from /home/airflow/.local/lib/python3.12/site-packages/airflow/example_dags/tutorial.py
[2025-12-15T19:06:48.099+0000] {processor.py:925} INFO - DAG(s) 'tutorial' retrieved from /home/airflow/.local/lib/python3.12/site-packages/airflow/example_dags/tutorial.py
[2025-12-15T19:06:48.132+0000] {logging_mixin.py:190} INFO - [2025-12-15T19:06:48.132+0000] {dag.py:3239} INFO - Sync 1 DAGs
[2025-12-15T19:06:48.178+0000] {logging_mixin.py:190} INFO - [2025-12-15T19:06:48.178+0000] {dag.py:4180} INFO - Setting next_dagrun for tutorial to 2025-12-14 00:00:00+00:00, run_after=2025-12-15 00:00:00+00:00
[2025-12-15T19:06:48.218+0000] {processor.py:208} INFO - Processing /home/airflow/.local/lib/python3.12/site-packages/airflow/example_dags/tutorial.py took 0.151 seconds
[2025-12-15T19:07:25.538+0000] {processor.py:186} INFO - Started process (PID=5235) to work on /home/airflow/.local/lib/python3.12/site-packages/airflow/example_dags/tutorial.py
[2025-12-15T19:07:25.541+0000] {processor.py:914} INFO - Processing file /home/airflow/.local/lib/python3.12/site-packages/airflow/example_dags/tutorial.py for tasks to queue
[2025-12-15T19:07:25.556+0000] {logging_mixin.py:190} INFO - [2025-12-15T19:07:25.552+0000] {dagbag.py:588} INFO - Filling up the DagBag from /home/airflow/.local/lib/python3.12/site-packages/airflow/example_dags/tutorial.py
[2025-12-15T19:07:25.610+0000] {processor.py:925} INFO - DAG(s) 'tutorial' retrieved from /home/airflow/.local/lib/python3.12/site-packages/airflow/example_dags/tutorial.py
[2025-12-15T19:07:25.712+0000] {logging_mixin.py:190} INFO - [2025-12-15T19:07:25.711+0000] {dag.py:3239} INFO - Sync 1 DAGs
[2025-12-15T19:07:25.850+0000] {logging_mixin.py:190} INFO - [2025-12-15T19:07:25.849+0000] {dag.py:4180} INFO - Setting next_dagrun for tutorial to 2025-12-14 00:00:00+00:00, run_after=2025-12-15 00:00:00+00:00
[2025-12-15T19:07:25.948+0000] {processor.py:208} INFO - Processing /home/airflow/.local/lib/python3.12/site-packages/airflow/example_dags/tutorial.py took 0.434 seconds
[2025-12-15T19:07:56.811+0000] {processor.py:186} INFO - Started process (PID=5526) to work on /home/airflow/.local/lib/python3.12/site-packages/airflow/example_dags/tutorial.py
[2025-12-15T19:07:56.812+0000] {processor.py:914} INFO - Processing file /home/airflow/.local/lib/python3.12/site-packages/airflow/example_dags/tutorial.py for tasks to queue
[2025-12-15T19:07:56.816+0000] {logging_mixin.py:190} INFO - [2025-12-15T19:07:56.816+0000] {dagbag.py:588} INFO - Filling up the DagBag from /home/airflow/.local/lib/python3.12/site-packages/airflow/example_dags/tutorial.py
[2025-12-15T19:07:56.828+0000] {processor.py:925} INFO - DAG(s) 'tutorial' retrieved from /home/airflow/.local/lib/python3.12/site-packages/airflow/example_dags/tutorial.py
[2025-12-15T19:07:56.858+0000] {logging_mixin.py:190} INFO - [2025-12-15T19:07:56.858+0000] {dag.py:3239} INFO - Sync 1 DAGs
[2025-12-15T19:07:56.891+0000] {logging_mixin.py:190} INFO - [2025-12-15T19:07:56.891+0000] {dag.py:4180} INFO - Setting next_dagrun for tutorial to 2025-12-14 00:00:00+00:00, run_after=2025-12-15 00:00:00+00:00
[2025-12-15T19:07:56.918+0000] {processor.py:208} INFO - Processing /home/airflow/.local/lib/python3.12/site-packages/airflow/example_dags/tutorial.py took 0.116 seconds
[2025-12-15T19:08:28.512+0000] {processor.py:186} INFO - Started process (PID=5817) to work on /home/airflow/.local/lib/python3.12/site-packages/airflow/example_dags/tutorial.py
[2025-12-15T19:08:28.518+0000] {processor.py:914} INFO - Processing file /home/airflow/.local/lib/python3.12/site-packages/airflow/example_dags/tutorial.py for tasks to queue
[2025-12-15T19:08:28.525+0000] {logging_mixin.py:190} INFO - [2025-12-15T19:08:28.524+0000] {dagbag.py:588} INFO - Filling up the DagBag from /home/airflow/.local/lib/python3.12/site-packages/airflow/example_dags/tutorial.py
[2025-12-15T19:08:28.546+0000] {processor.py:925} INFO - DAG(s) 'tutorial' retrieved from /home/airflow/.local/lib/python3.12/site-packages/airflow/example_dags/tutorial.py
[2025-12-15T19:08:28.594+0000] {logging_mixin.py:190} INFO - [2025-12-15T19:08:28.594+0000] {dag.py:3239} INFO - Sync 1 DAGs
[2025-12-15T19:08:28.666+0000] {logging_mixin.py:190} INFO - [2025-12-15T19:08:28.665+0000] {dag.py:4180} INFO - Setting next_dagrun for tutorial to 2025-12-14 00:00:00+00:00, run_after=2025-12-15 00:00:00+00:00
[2025-12-15T19:08:28.727+0000] {processor.py:208} INFO - Processing /home/airflow/.local/lib/python3.12/site-packages/airflow/example_dags/tutorial.py took 0.229 seconds
[2025-12-15T19:08:59.071+0000] {processor.py:186} INFO - Started process (PID=6108) to work on /home/airflow/.local/lib/python3.12/site-packages/airflow/example_dags/tutorial.py
[2025-12-15T19:08:59.082+0000] {processor.py:914} INFO - Processing file /home/airflow/.local/lib/python3.12/site-packages/airflow/example_dags/tutorial.py for tasks to queue
[2025-12-15T19:08:59.086+0000] {logging_mixin.py:190} INFO - [2025-12-15T19:08:59.086+0000] {dagbag.py:588} INFO - Filling up the DagBag from /home/airflow/.local/lib/python3.12/site-packages/airflow/example_dags/tutorial.py
[2025-12-15T19:08:59.101+0000] {processor.py:925} INFO - DAG(s) 'tutorial' retrieved from /home/airflow/.local/lib/python3.12/site-packages/airflow/example_dags/tutorial.py
[2025-12-15T19:08:59.137+0000] {logging_mixin.py:190} INFO - [2025-12-15T19:08:59.136+0000] {dag.py:3239} INFO - Sync 1 DAGs
[2025-12-15T19:08:59.185+0000] {logging_mixin.py:190} INFO - [2025-12-15T19:08:59.185+0000] {dag.py:4180} INFO - Setting next_dagrun for tutorial to 2025-12-14 00:00:00+00:00, run_after=2025-12-15 00:00:00+00:00
[2025-12-15T19:08:59.224+0000] {processor.py:208} INFO - Processing /home/airflow/.local/lib/python3.12/site-packages/airflow/example_dags/tutorial.py took 0.165 seconds
[2025-12-15T19:09:30.034+0000] {processor.py:186} INFO - Started process (PID=6396) to work on /home/airflow/.local/lib/python3.12/site-packages/airflow/example_dags/tutorial.py
[2025-12-15T19:09:30.036+0000] {processor.py:914} INFO - Processing file /home/airflow/.local/lib/python3.12/site-packages/airflow/example_dags/tutorial.py for tasks to queue
[2025-12-15T19:09:30.039+0000] {logging_mixin.py:190} INFO - [2025-12-15T19:09:30.038+0000] {dagbag.py:588} INFO - Filling up the DagBag from /home/airflow/.local/lib/python3.12/site-packages/airflow/example_dags/tutorial.py
[2025-12-15T19:09:30.052+0000] {processor.py:925} INFO - DAG(s) 'tutorial' retrieved from /home/airflow/.local/lib/python3.12/site-packages/airflow/example_dags/tutorial.py
[2025-12-15T19:09:30.087+0000] {logging_mixin.py:190} INFO - [2025-12-15T19:09:30.087+0000] {dag.py:3239} INFO - Sync 1 DAGs
[2025-12-15T19:09:30.128+0000] {logging_mixin.py:190} INFO - [2025-12-15T19:09:30.128+0000] {dag.py:4180} INFO - Setting next_dagrun for tutorial to 2025-12-14 00:00:00+00:00, run_after=2025-12-15 00:00:00+00:00
[2025-12-15T19:09:30.162+0000] {processor.py:208} INFO - Processing /home/airflow/.local/lib/python3.12/site-packages/airflow/example_dags/tutorial.py took 0.139 seconds
[2025-12-15T19:10:00.576+0000] {processor.py:186} INFO - Started process (PID=6685) to work on /home/airflow/.local/lib/python3.12/site-packages/airflow/example_dags/tutorial.py
[2025-12-15T19:10:00.577+0000] {processor.py:914} INFO - Processing file /home/airflow/.local/lib/python3.12/site-packages/airflow/example_dags/tutorial.py for tasks to queue
[2025-12-15T19:10:00.583+0000] {logging_mixin.py:190} INFO - [2025-12-15T19:10:00.582+0000] {dagbag.py:588} INFO - Filling up the DagBag from /home/airflow/.local/lib/python3.12/site-packages/airflow/example_dags/tutorial.py
[2025-12-15T19:10:00.600+0000] {processor.py:925} INFO - DAG(s) 'tutorial' retrieved from /home/airflow/.local/lib/python3.12/site-packages/airflow/example_dags/tutorial.py
[2025-12-15T19:10:00.637+0000] {logging_mixin.py:190} INFO - [2025-12-15T19:10:00.636+0000] {dag.py:3239} INFO - Sync 1 DAGs
[2025-12-15T19:10:00.679+0000] {logging_mixin.py:190} INFO - [2025-12-15T19:10:00.678+0000] {dag.py:4180} INFO - Setting next_dagrun for tutorial to 2025-12-14 00:00:00+00:00, run_after=2025-12-15 00:00:00+00:00
[2025-12-15T19:10:00.720+0000] {processor.py:208} INFO - Processing /home/airflow/.local/lib/python3.12/site-packages/airflow/example_dags/tutorial.py took 0.154 seconds
[2025-12-15T19:10:31.433+0000] {processor.py:186} INFO - Started process (PID=6972) to work on /home/airflow/.local/lib/python3.12/site-packages/airflow/example_dags/tutorial.py
[2025-12-15T19:10:31.435+0000] {processor.py:914} INFO - Processing file /home/airflow/.local/lib/python3.12/site-packages/airflow/example_dags/tutorial.py for tasks to queue
[2025-12-15T19:10:31.445+0000] {logging_mixin.py:190} INFO - [2025-12-15T19:10:31.444+0000] {dagbag.py:588} INFO - Filling up the DagBag from /home/airflow/.local/lib/python3.12/site-packages/airflow/example_dags/tutorial.py
[2025-12-15T19:10:31.469+0000] {processor.py:925} INFO - DAG(s) 'tutorial' retrieved from /home/airflow/.local/lib/python3.12/site-packages/airflow/example_dags/tutorial.py
[2025-12-15T19:10:31.524+0000] {logging_mixin.py:190} INFO - [2025-12-15T19:10:31.523+0000] {dag.py:3239} INFO - Sync 1 DAGs
[2025-12-15T19:10:31.586+0000] {logging_mixin.py:190} INFO - [2025-12-15T19:10:31.586+0000] {dag.py:4180} INFO - Setting next_dagrun for tutorial to 2025-12-14 00:00:00+00:00, run_after=2025-12-15 00:00:00+00:00
[2025-12-15T19:10:31.636+0000] {processor.py:208} INFO - Processing /home/airflow/.local/lib/python3.12/site-packages/airflow/example_dags/tutorial.py took 0.221 seconds
[2025-12-15T19:11:02.254+0000] {processor.py:186} INFO - Started process (PID=7263) to work on /home/airflow/.local/lib/python3.12/site-packages/airflow/example_dags/tutorial.py
[2025-12-15T19:11:02.258+0000] {processor.py:914} INFO - Processing file /home/airflow/.local/lib/python3.12/site-packages/airflow/example_dags/tutorial.py for tasks to queue
[2025-12-15T19:11:02.261+0000] {logging_mixin.py:190} INFO - [2025-12-15T19:11:02.261+0000] {dagbag.py:588} INFO - Filling up the DagBag from /home/airflow/.local/lib/python3.12/site-packages/airflow/example_dags/tutorial.py
[2025-12-15T19:11:02.279+0000] {processor.py:925} INFO - DAG(s) 'tutorial' retrieved from /home/airflow/.local/lib/python3.12/site-packages/airflow/example_dags/tutorial.py
[2025-12-15T19:11:02.327+0000] {logging_mixin.py:190} INFO - [2025-12-15T19:11:02.326+0000] {dag.py:3239} INFO - Sync 1 DAGs
[2025-12-15T19:11:02.394+0000] {logging_mixin.py:190} INFO - [2025-12-15T19:11:02.393+0000] {dag.py:4180} INFO - Setting next_dagrun for tutorial to 2025-12-14 00:00:00+00:00, run_after=2025-12-15 00:00:00+00:00
[2025-12-15T19:11:02.433+0000] {processor.py:208} INFO - Processing /home/airflow/.local/lib/python3.12/site-packages/airflow/example_dags/tutorial.py took 0.190 seconds
[2025-12-15T19:11:33.375+0000] {processor.py:186} INFO - Started process (PID=7554) to work on /home/airflow/.local/lib/python3.12/site-packages/airflow/example_dags/tutorial.py
[2025-12-15T19:11:33.376+0000] {processor.py:914} INFO - Processing file /home/airflow/.local/lib/python3.12/site-packages/airflow/example_dags/tutorial.py for tasks to queue
[2025-12-15T19:11:33.379+0000] {logging_mixin.py:190} INFO - [2025-12-15T19:11:33.378+0000] {dagbag.py:588} INFO - Filling up the DagBag from /home/airflow/.local/lib/python3.12/site-packages/airflow/example_dags/tutorial.py
[2025-12-15T19:11:33.398+0000] {processor.py:925} INFO - DAG(s) 'tutorial' retrieved from /home/airflow/.local/lib/python3.12/site-packages/airflow/example_dags/tutorial.py
[2025-12-15T19:11:33.437+0000] {logging_mixin.py:190} INFO - [2025-12-15T19:11:33.437+0000] {dag.py:3239} INFO - Sync 1 DAGs
[2025-12-15T19:11:33.474+0000] {logging_mixin.py:190} INFO - [2025-12-15T19:11:33.474+0000] {dag.py:4180} INFO - Setting next_dagrun for tutorial to 2025-12-14 00:00:00+00:00, run_after=2025-12-15 00:00:00+00:00
[2025-12-15T19:11:33.516+0000] {processor.py:208} INFO - Processing /home/airflow/.local/lib/python3.12/site-packages/airflow/example_dags/tutorial.py took 0.154 seconds
[2025-12-15T19:12:04.286+0000] {processor.py:186} INFO - Started process (PID=7845) to work on /home/airflow/.local/lib/python3.12/site-packages/airflow/example_dags/tutorial.py
[2025-12-15T19:12:04.288+0000] {processor.py:914} INFO - Processing file /home/airflow/.local/lib/python3.12/site-packages/airflow/example_dags/tutorial.py for tasks to queue
[2025-12-15T19:12:04.289+0000] {logging_mixin.py:190} INFO - [2025-12-15T19:12:04.289+0000] {dagbag.py:588} INFO - Filling up the DagBag from /home/airflow/.local/lib/python3.12/site-packages/airflow/example_dags/tutorial.py
[2025-12-15T19:12:04.300+0000] {processor.py:925} INFO - DAG(s) 'tutorial' retrieved from /home/airflow/.local/lib/python3.12/site-packages/airflow/example_dags/tutorial.py
[2025-12-15T19:12:04.324+0000] {logging_mixin.py:190} INFO - [2025-12-15T19:12:04.324+0000] {dag.py:3239} INFO - Sync 1 DAGs
[2025-12-15T19:12:04.355+0000] {logging_mixin.py:190} INFO - [2025-12-15T19:12:04.355+0000] {dag.py:4180} INFO - Setting next_dagrun for tutorial to 2025-12-14 00:00:00+00:00, run_after=2025-12-15 00:00:00+00:00
[2025-12-15T19:12:04.398+0000] {processor.py:208} INFO - Processing /home/airflow/.local/lib/python3.12/site-packages/airflow/example_dags/tutorial.py took 0.121 seconds
[2025-12-15T19:12:34.696+0000] {processor.py:186} INFO - Started process (PID=8136) to work on /home/airflow/.local/lib/python3.12/site-packages/airflow/example_dags/tutorial.py
[2025-12-15T19:12:34.698+0000] {processor.py:914} INFO - Processing file /home/airflow/.local/lib/python3.12/site-packages/airflow/example_dags/tutorial.py for tasks to queue
[2025-12-15T19:12:34.700+0000] {logging_mixin.py:190} INFO - [2025-12-15T19:12:34.699+0000] {dagbag.py:588} INFO - Filling up the DagBag from /home/airflow/.local/lib/python3.12/site-packages/airflow/example_dags/tutorial.py
[2025-12-15T19:12:34.714+0000] {processor.py:925} INFO - DAG(s) 'tutorial' retrieved from /home/airflow/.local/lib/python3.12/site-packages/airflow/example_dags/tutorial.py
[2025-12-15T19:12:34.778+0000] {logging_mixin.py:190} INFO - [2025-12-15T19:12:34.778+0000] {dag.py:3239} INFO - Sync 1 DAGs
[2025-12-15T19:12:34.936+0000] {logging_mixin.py:190} INFO - [2025-12-15T19:12:34.935+0000] {dag.py:4180} INFO - Setting next_dagrun for tutorial to 2025-12-14 00:00:00+00:00, run_after=2025-12-15 00:00:00+00:00
[2025-12-15T19:12:35.060+0000] {processor.py:208} INFO - Processing /home/airflow/.local/lib/python3.12/site-packages/airflow/example_dags/tutorial.py took 0.365 seconds
[2025-12-15T19:13:05.515+0000] {processor.py:186} INFO - Started process (PID=8427) to work on /home/airflow/.local/lib/python3.12/site-packages/airflow/example_dags/tutorial.py
[2025-12-15T19:13:05.518+0000] {processor.py:914} INFO - Processing file /home/airflow/.local/lib/python3.12/site-packages/airflow/example_dags/tutorial.py for tasks to queue
[2025-12-15T19:13:05.531+0000] {logging_mixin.py:190} INFO - [2025-12-15T19:13:05.530+0000] {dagbag.py:588} INFO - Filling up the DagBag from /home/airflow/.local/lib/python3.12/site-packages/airflow/example_dags/tutorial.py
[2025-12-15T19:13:05.613+0000] {processor.py:925} INFO - DAG(s) 'tutorial' retrieved from /home/airflow/.local/lib/python3.12/site-packages/airflow/example_dags/tutorial.py
[2025-12-15T19:13:05.762+0000] {logging_mixin.py:190} INFO - [2025-12-15T19:13:05.761+0000] {dag.py:3239} INFO - Sync 1 DAGs
[2025-12-15T19:13:05.936+0000] {logging_mixin.py:190} INFO - [2025-12-15T19:13:05.936+0000] {dag.py:4180} INFO - Setting next_dagrun for tutorial to 2025-12-14 00:00:00+00:00, run_after=2025-12-15 00:00:00+00:00
[2025-12-15T19:13:06.014+0000] {processor.py:208} INFO - Processing /home/airflow/.local/lib/python3.12/site-packages/airflow/example_dags/tutorial.py took 0.548 seconds
[2025-12-15T19:13:36.118+0000] {processor.py:186} INFO - Started process (PID=8720) to work on /home/airflow/.local/lib/python3.12/site-packages/airflow/example_dags/tutorial.py
[2025-12-15T19:13:36.121+0000] {processor.py:914} INFO - Processing file /home/airflow/.local/lib/python3.12/site-packages/airflow/example_dags/tutorial.py for tasks to queue
[2025-12-15T19:13:36.125+0000] {logging_mixin.py:190} INFO - [2025-12-15T19:13:36.125+0000] {dagbag.py:588} INFO - Filling up the DagBag from /home/airflow/.local/lib/python3.12/site-packages/airflow/example_dags/tutorial.py
[2025-12-15T19:13:36.144+0000] {processor.py:925} INFO - DAG(s) 'tutorial' retrieved from /home/airflow/.local/lib/python3.12/site-packages/airflow/example_dags/tutorial.py
[2025-12-15T19:13:36.186+0000] {logging_mixin.py:190} INFO - [2025-12-15T19:13:36.186+0000] {dag.py:3239} INFO - Sync 1 DAGs
[2025-12-15T19:13:36.240+0000] {logging_mixin.py:190} INFO - [2025-12-15T19:13:36.240+0000] {dag.py:4180} INFO - Setting next_dagrun for tutorial to 2025-12-14 00:00:00+00:00, run_after=2025-12-15 00:00:00+00:00
[2025-12-15T19:13:36.276+0000] {processor.py:208} INFO - Processing /home/airflow/.local/lib/python3.12/site-packages/airflow/example_dags/tutorial.py took 0.175 seconds
[2025-12-15T19:14:08.238+0000] {processor.py:186} INFO - Started process (PID=9009) to work on /home/airflow/.local/lib/python3.12/site-packages/airflow/example_dags/tutorial.py
[2025-12-15T19:14:08.239+0000] {processor.py:914} INFO - Processing file /home/airflow/.local/lib/python3.12/site-packages/airflow/example_dags/tutorial.py for tasks to queue
[2025-12-15T19:14:08.241+0000] {logging_mixin.py:190} INFO - [2025-12-15T19:14:08.241+0000] {dagbag.py:588} INFO - Filling up the DagBag from /home/airflow/.local/lib/python3.12/site-packages/airflow/example_dags/tutorial.py
[2025-12-15T19:14:08.259+0000] {processor.py:925} INFO - DAG(s) 'tutorial' retrieved from /home/airflow/.local/lib/python3.12/site-packages/airflow/example_dags/tutorial.py
[2025-12-15T19:14:08.299+0000] {logging_mixin.py:190} INFO - [2025-12-15T19:14:08.298+0000] {dag.py:3239} INFO - Sync 1 DAGs
[2025-12-15T19:14:08.343+0000] {logging_mixin.py:190} INFO - [2025-12-15T19:14:08.343+0000] {dag.py:4180} INFO - Setting next_dagrun for tutorial to 2025-12-14 00:00:00+00:00, run_after=2025-12-15 00:00:00+00:00
[2025-12-15T19:14:08.411+0000] {processor.py:208} INFO - Processing /home/airflow/.local/lib/python3.12/site-packages/airflow/example_dags/tutorial.py took 0.185 seconds
[2025-12-15T19:14:38.966+0000] {processor.py:186} INFO - Started process (PID=9290) to work on /home/airflow/.local/lib/python3.12/site-packages/airflow/example_dags/tutorial.py
[2025-12-15T19:14:38.972+0000] {processor.py:914} INFO - Processing file /home/airflow/.local/lib/python3.12/site-packages/airflow/example_dags/tutorial.py for tasks to queue
[2025-12-15T19:14:38.974+0000] {logging_mixin.py:190} INFO - [2025-12-15T19:14:38.973+0000] {dagbag.py:588} INFO - Filling up the DagBag from /home/airflow/.local/lib/python3.12/site-packages/airflow/example_dags/tutorial.py
[2025-12-15T19:14:38.988+0000] {processor.py:925} INFO - DAG(s) 'tutorial' retrieved from /home/airflow/.local/lib/python3.12/site-packages/airflow/example_dags/tutorial.py
[2025-12-15T19:14:39.022+0000] {logging_mixin.py:190} INFO - [2025-12-15T19:14:39.021+0000] {dag.py:3239} INFO - Sync 1 DAGs
[2025-12-15T19:14:39.062+0000] {logging_mixin.py:190} INFO - [2025-12-15T19:14:39.061+0000] {dag.py:4180} INFO - Setting next_dagrun for tutorial to 2025-12-14 00:00:00+00:00, run_after=2025-12-15 00:00:00+00:00
[2025-12-15T19:14:39.089+0000] {processor.py:208} INFO - Processing /home/airflow/.local/lib/python3.12/site-packages/airflow/example_dags/tutorial.py took 0.133 seconds
[2025-12-15T19:15:10.049+0000] {processor.py:186} INFO - Started process (PID=9571) to work on /home/airflow/.local/lib/python3.12/site-packages/airflow/example_dags/tutorial.py
[2025-12-15T19:15:10.058+0000] {processor.py:914} INFO - Processing file /home/airflow/.local/lib/python3.12/site-packages/airflow/example_dags/tutorial.py for tasks to queue
[2025-12-15T19:15:10.060+0000] {logging_mixin.py:190} INFO - [2025-12-15T19:15:10.060+0000] {dagbag.py:588} INFO - Filling up the DagBag from /home/airflow/.local/lib/python3.12/site-packages/airflow/example_dags/tutorial.py
[2025-12-15T19:15:10.090+0000] {processor.py:925} INFO - DAG(s) 'tutorial' retrieved from /home/airflow/.local/lib/python3.12/site-packages/airflow/example_dags/tutorial.py
[2025-12-15T19:15:10.155+0000] {logging_mixin.py:190} INFO - [2025-12-15T19:15:10.154+0000] {dag.py:3239} INFO - Sync 1 DAGs
[2025-12-15T19:15:10.218+0000] {logging_mixin.py:190} INFO - [2025-12-15T19:15:10.216+0000] {dag.py:4180} INFO - Setting next_dagrun for tutorial to 2025-12-14 00:00:00+00:00, run_after=2025-12-15 00:00:00+00:00
[2025-12-15T19:15:10.273+0000] {processor.py:208} INFO - Processing /home/airflow/.local/lib/python3.12/site-packages/airflow/example_dags/tutorial.py took 0.242 seconds
[2025-12-15T19:15:41.887+0000] {processor.py:186} INFO - Started process (PID=9842) to work on /home/airflow/.local/lib/python3.12/site-packages/airflow/example_dags/tutorial.py
[2025-12-15T19:15:41.895+0000] {processor.py:914} INFO - Processing file /home/airflow/.local/lib/python3.12/site-packages/airflow/example_dags/tutorial.py for tasks to queue
[2025-12-15T19:15:41.899+0000] {logging_mixin.py:190} INFO - [2025-12-15T19:15:41.897+0000] {dagbag.py:588} INFO - Filling up the DagBag from /home/airflow/.local/lib/python3.12/site-packages/airflow/example_dags/tutorial.py
[2025-12-15T19:15:41.935+0000] {processor.py:925} INFO - DAG(s) 'tutorial' retrieved from /home/airflow/.local/lib/python3.12/site-packages/airflow/example_dags/tutorial.py
[2025-12-15T19:15:42.016+0000] {logging_mixin.py:190} INFO - [2025-12-15T19:15:42.016+0000] {dag.py:3239} INFO - Sync 1 DAGs
[2025-12-15T19:15:42.110+0000] {logging_mixin.py:190} INFO - [2025-12-15T19:15:42.109+0000] {dag.py:4180} INFO - Setting next_dagrun for tutorial to 2025-12-14 00:00:00+00:00, run_after=2025-12-15 00:00:00+00:00
[2025-12-15T19:15:42.162+0000] {processor.py:208} INFO - Processing /home/airflow/.local/lib/python3.12/site-packages/airflow/example_dags/tutorial.py took 0.295 seconds
[2025-12-15T19:16:13.669+0000] {processor.py:186} INFO - Started process (PID=10135) to work on /home/airflow/.local/lib/python3.12/site-packages/airflow/example_dags/tutorial.py
[2025-12-15T19:16:13.697+0000] {processor.py:914} INFO - Processing file /home/airflow/.local/lib/python3.12/site-packages/airflow/example_dags/tutorial.py for tasks to queue
[2025-12-15T19:16:13.701+0000] {logging_mixin.py:190} INFO - [2025-12-15T19:16:13.700+0000] {dagbag.py:588} INFO - Filling up the DagBag from /home/airflow/.local/lib/python3.12/site-packages/airflow/example_dags/tutorial.py
[2025-12-15T19:16:13.749+0000] {processor.py:925} INFO - DAG(s) 'tutorial' retrieved from /home/airflow/.local/lib/python3.12/site-packages/airflow/example_dags/tutorial.py
[2025-12-15T19:16:13.844+0000] {logging_mixin.py:190} INFO - [2025-12-15T19:16:13.844+0000] {dag.py:3239} INFO - Sync 1 DAGs
[2025-12-15T19:16:13.985+0000] {logging_mixin.py:190} INFO - [2025-12-15T19:16:13.984+0000] {dag.py:4180} INFO - Setting next_dagrun for tutorial to 2025-12-14 00:00:00+00:00, run_after=2025-12-15 00:00:00+00:00
[2025-12-15T19:16:14.106+0000] {processor.py:208} INFO - Processing /home/airflow/.local/lib/python3.12/site-packages/airflow/example_dags/tutorial.py took 0.470 seconds
[2025-12-15T19:16:46.560+0000] {processor.py:186} INFO - Started process (PID=10404) to work on /home/airflow/.local/lib/python3.12/site-packages/airflow/example_dags/tutorial.py
[2025-12-15T19:16:46.564+0000] {processor.py:914} INFO - Processing file /home/airflow/.local/lib/python3.12/site-packages/airflow/example_dags/tutorial.py for tasks to queue
[2025-12-15T19:16:46.567+0000] {logging_mixin.py:190} INFO - [2025-12-15T19:16:46.566+0000] {dagbag.py:588} INFO - Filling up the DagBag from /home/airflow/.local/lib/python3.12/site-packages/airflow/example_dags/tutorial.py
[2025-12-15T19:16:46.597+0000] {processor.py:925} INFO - DAG(s) 'tutorial' retrieved from /home/airflow/.local/lib/python3.12/site-packages/airflow/example_dags/tutorial.py
[2025-12-15T19:16:46.672+0000] {logging_mixin.py:190} INFO - [2025-12-15T19:16:46.671+0000] {dag.py:3239} INFO - Sync 1 DAGs
[2025-12-15T19:16:46.765+0000] {logging_mixin.py:190} INFO - [2025-12-15T19:16:46.765+0000] {dag.py:4180} INFO - Setting next_dagrun for tutorial to 2025-12-14 00:00:00+00:00, run_after=2025-12-15 00:00:00+00:00
[2025-12-15T19:16:46.896+0000] {processor.py:208} INFO - Processing /home/airflow/.local/lib/python3.12/site-packages/airflow/example_dags/tutorial.py took 0.353 seconds
[2025-12-15T19:17:24.029+0000] {processor.py:186} INFO - Started process (PID=10670) to work on /home/airflow/.local/lib/python3.12/site-packages/airflow/example_dags/tutorial.py
[2025-12-15T19:17:24.031+0000] {processor.py:914} INFO - Processing file /home/airflow/.local/lib/python3.12/site-packages/airflow/example_dags/tutorial.py for tasks to queue
[2025-12-15T19:17:24.034+0000] {logging_mixin.py:190} INFO - [2025-12-15T19:17:24.033+0000] {dagbag.py:588} INFO - Filling up the DagBag from /home/airflow/.local/lib/python3.12/site-packages/airflow/example_dags/tutorial.py
[2025-12-15T19:17:24.059+0000] {processor.py:925} INFO - DAG(s) 'tutorial' retrieved from /home/airflow/.local/lib/python3.12/site-packages/airflow/example_dags/tutorial.py
[2025-12-15T19:17:24.123+0000] {logging_mixin.py:190} INFO - [2025-12-15T19:17:24.123+0000] {dag.py:3239} INFO - Sync 1 DAGs
[2025-12-15T19:17:24.219+0000] {logging_mixin.py:190} INFO - [2025-12-15T19:17:24.218+0000] {dag.py:4180} INFO - Setting next_dagrun for tutorial to 2025-12-14 00:00:00+00:00, run_after=2025-12-15 00:00:00+00:00
[2025-12-15T19:17:24.286+0000] {processor.py:208} INFO - Processing /home/airflow/.local/lib/python3.12/site-packages/airflow/example_dags/tutorial.py took 0.280 seconds
[2025-12-15T19:17:54.813+0000] {processor.py:186} INFO - Started process (PID=10970) to work on /home/airflow/.local/lib/python3.12/site-packages/airflow/example_dags/tutorial.py
[2025-12-15T19:17:54.815+0000] {processor.py:914} INFO - Processing file /home/airflow/.local/lib/python3.12/site-packages/airflow/example_dags/tutorial.py for tasks to queue
[2025-12-15T19:17:54.819+0000] {logging_mixin.py:190} INFO - [2025-12-15T19:17:54.819+0000] {dagbag.py:588} INFO - Filling up the DagBag from /home/airflow/.local/lib/python3.12/site-packages/airflow/example_dags/tutorial.py
[2025-12-15T19:17:54.841+0000] {processor.py:925} INFO - DAG(s) 'tutorial' retrieved from /home/airflow/.local/lib/python3.12/site-packages/airflow/example_dags/tutorial.py
[2025-12-15T19:17:54.885+0000] {logging_mixin.py:190} INFO - [2025-12-15T19:17:54.884+0000] {dag.py:3239} INFO - Sync 1 DAGs
[2025-12-15T19:17:54.935+0000] {logging_mixin.py:190} INFO - [2025-12-15T19:17:54.934+0000] {dag.py:4180} INFO - Setting next_dagrun for tutorial to 2025-12-14 00:00:00+00:00, run_after=2025-12-15 00:00:00+00:00
[2025-12-15T19:17:54.991+0000] {processor.py:208} INFO - Processing /home/airflow/.local/lib/python3.12/site-packages/airflow/example_dags/tutorial.py took 0.192 seconds
[2025-12-15T19:18:27.187+0000] {processor.py:186} INFO - Started process (PID=11256) to work on /home/airflow/.local/lib/python3.12/site-packages/airflow/example_dags/tutorial.py
[2025-12-15T19:18:27.189+0000] {processor.py:914} INFO - Processing file /home/airflow/.local/lib/python3.12/site-packages/airflow/example_dags/tutorial.py for tasks to queue
[2025-12-15T19:18:27.197+0000] {logging_mixin.py:190} INFO - [2025-12-15T19:18:27.196+0000] {dagbag.py:588} INFO - Filling up the DagBag from /home/airflow/.local/lib/python3.12/site-packages/airflow/example_dags/tutorial.py
[2025-12-15T19:18:27.228+0000] {processor.py:925} INFO - DAG(s) 'tutorial' retrieved from /home/airflow/.local/lib/python3.12/site-packages/airflow/example_dags/tutorial.py
[2025-12-15T19:18:27.290+0000] {logging_mixin.py:190} INFO - [2025-12-15T19:18:27.289+0000] {dag.py:3239} INFO - Sync 1 DAGs
[2025-12-15T19:18:27.363+0000] {logging_mixin.py:190} INFO - [2025-12-15T19:18:27.363+0000] {dag.py:4180} INFO - Setting next_dagrun for tutorial to 2025-12-14 00:00:00+00:00, run_after=2025-12-15 00:00:00+00:00
[2025-12-15T19:18:27.426+0000] {processor.py:208} INFO - Processing /home/airflow/.local/lib/python3.12/site-packages/airflow/example_dags/tutorial.py took 0.255 seconds
[2025-12-15T19:18:58.078+0000] {processor.py:186} INFO - Started process (PID=11550) to work on /home/airflow/.local/lib/python3.12/site-packages/airflow/example_dags/tutorial.py
[2025-12-15T19:18:58.103+0000] {processor.py:914} INFO - Processing file /home/airflow/.local/lib/python3.12/site-packages/airflow/example_dags/tutorial.py for tasks to queue
[2025-12-15T19:18:58.106+0000] {logging_mixin.py:190} INFO - [2025-12-15T19:18:58.105+0000] {dagbag.py:588} INFO - Filling up the DagBag from /home/airflow/.local/lib/python3.12/site-packages/airflow/example_dags/tutorial.py
[2025-12-15T19:18:58.131+0000] {processor.py:925} INFO - DAG(s) 'tutorial' retrieved from /home/airflow/.local/lib/python3.12/site-packages/airflow/example_dags/tutorial.py
[2025-12-15T19:18:58.172+0000] {logging_mixin.py:190} INFO - [2025-12-15T19:18:58.171+0000] {dag.py:3239} INFO - Sync 1 DAGs
[2025-12-15T19:18:58.221+0000] {logging_mixin.py:190} INFO - [2025-12-15T19:18:58.221+0000] {dag.py:4180} INFO - Setting next_dagrun for tutorial to 2025-12-14 00:00:00+00:00, run_after=2025-12-15 00:00:00+00:00
[2025-12-15T19:18:58.284+0000] {processor.py:208} INFO - Processing /home/airflow/.local/lib/python3.12/site-packages/airflow/example_dags/tutorial.py took 0.221 seconds
