[2025-12-17T19:19:59.017+0000] {local_task_job_runner.py:123} INFO - ::group::Pre task execution logs
[2025-12-17T19:19:59.054+0000] {taskinstance.py:2613} INFO - Dependencies all met for dep_context=non-requeueable deps ti=<TaskInstance: dag_with_postgres_operator_v1.create_postgres_table manual__2025-12-17T19:08:06.009968+00:00 [queued]>
[2025-12-17T19:19:59.075+0000] {taskinstance.py:2613} INFO - Dependencies all met for dep_context=requeueable deps ti=<TaskInstance: dag_with_postgres_operator_v1.create_postgres_table manual__2025-12-17T19:08:06.009968+00:00 [queued]>
[2025-12-17T19:19:59.075+0000] {taskinstance.py:2866} INFO - Starting attempt 2 of 6
[2025-12-17T19:19:59.099+0000] {taskinstance.py:2889} INFO - Executing <Task(PostgresOperator): create_postgres_table> on 2025-12-17 19:08:06.009968+00:00
[2025-12-17T19:19:59.114+0000] {logging_mixin.py:190} WARNING - /home/***/.local/lib/python3.12/site-packages/***/task/task_runner/standard_task_runner.py:70 DeprecationWarning: This process (pid=2723) is multi-threaded, use of fork() may lead to deadlocks in the child.
[2025-12-17T19:19:59.117+0000] {standard_task_runner.py:72} INFO - Started process 2724 to run task
[2025-12-17T19:19:59.114+0000] {standard_task_runner.py:104} INFO - Running: ['***', 'tasks', 'run', 'dag_with_postgres_operator_v1', 'create_postgres_table', 'manual__2025-12-17T19:08:06.009968+00:00', '--job-id', '8', '--raw', '--subdir', 'DAGS_FOLDER/dag_with_postgres_operator.py', '--cfg-path', '/tmp/tmpuwykg3l4']
[2025-12-17T19:19:59.118+0000] {standard_task_runner.py:105} INFO - Job 8: Subtask create_postgres_table
[2025-12-17T19:19:59.205+0000] {task_command.py:467} INFO - Running <TaskInstance: dag_with_postgres_operator_v1.create_postgres_table manual__2025-12-17T19:08:06.009968+00:00 [running]> on host 49a93f729fc9
[2025-12-17T19:19:59.383+0000] {taskinstance.py:3132} INFO - Exporting env vars: AIRFLOW_CTX_DAG_OWNER='pedro' AIRFLOW_CTX_DAG_ID='dag_with_postgres_operator_v1' AIRFLOW_CTX_TASK_ID='create_postgres_table' AIRFLOW_CTX_EXECUTION_DATE='2025-12-17T19:08:06.009968+00:00' AIRFLOW_CTX_TRY_NUMBER='2' AIRFLOW_CTX_DAG_RUN_ID='manual__2025-12-17T19:08:06.009968+00:00'
[2025-12-17T19:19:59.385+0000] {taskinstance.py:731} INFO - ::endgroup::
[2025-12-17T19:19:59.449+0000] {sql.py:278} INFO - Executing: 
        CREATE TABLE if not exists dag_runs (
            dt date,
            dag_id character varying,
            primary key (dt, dag_id)    
        )
        
[2025-12-17T19:19:59.469+0000] {base.py:84} INFO - Retrieving connection 'postgres_localhost'
[2025-12-17T19:19:59.490+0000] {base.py:84} INFO - Retrieving connection 'postgres_localhost'
[2025-12-17T19:19:59.595+0000] {sql.py:544} INFO - Running statement: 
        CREATE TABLE if not exists dag_runs (
            dt date,
            dag_id character varying,
            primary key (dt, dag_id)    
        )
        , parameters: None
[2025-12-17T19:19:59.626+0000] {taskinstance.py:340} INFO - ::group::Post task execution logs
[2025-12-17T19:19:59.627+0000] {taskinstance.py:352} INFO - Marking task as SUCCESS. dag_id=dag_with_postgres_operator_v1, task_id=create_postgres_table, run_id=manual__2025-12-17T19:08:06.009968+00:00, execution_date=20251217T190806, start_date=20251217T191959, end_date=20251217T191959
[2025-12-17T19:19:59.662+0000] {local_task_job_runner.py:266} INFO - Task exited with return code 0
[2025-12-17T19:19:59.709+0000] {taskinstance.py:3895} INFO - 1 downstream tasks scheduled from follow-on schedule check
[2025-12-17T19:19:59.712+0000] {local_task_job_runner.py:245} INFO - ::endgroup::
