[2025-12-17T19:25:23.800+0000] {local_task_job_runner.py:123} INFO - ::group::Pre task execution logs
[2025-12-17T19:25:24.483+0000] {taskinstance.py:2613} INFO - Dependencies all met for dep_context=non-requeueable deps ti=<TaskInstance: dag_with_postgres_operator_v1.insert_dag_run manual__2025-12-17T19:20:14.166387+00:00 [queued]>
[2025-12-17T19:25:24.591+0000] {taskinstance.py:2613} INFO - Dependencies all met for dep_context=requeueable deps ti=<TaskInstance: dag_with_postgres_operator_v1.insert_dag_run manual__2025-12-17T19:20:14.166387+00:00 [queued]>
[2025-12-17T19:25:24.593+0000] {taskinstance.py:2866} INFO - Starting attempt 2 of 6
[2025-12-17T19:25:24.740+0000] {taskinstance.py:2889} INFO - Executing <Task(PostgresOperator): insert_dag_run> on 2025-12-17 19:20:14.166387+00:00
[2025-12-17T19:25:24.805+0000] {logging_mixin.py:190} WARNING - /home/***/.local/lib/python3.12/site-packages/***/task/task_runner/standard_task_runner.py:70 DeprecationWarning: This process (pid=3103) is multi-threaded, use of fork() may lead to deadlocks in the child.
[2025-12-17T19:25:24.794+0000] {standard_task_runner.py:104} INFO - Running: ['***', 'tasks', 'run', 'dag_with_postgres_operator_v1', 'insert_dag_run', 'manual__2025-12-17T19:20:14.166387+00:00', '--job-id', '12', '--raw', '--subdir', 'DAGS_FOLDER/dag_with_postgres_operator.py', '--cfg-path', '/tmp/tmpk4k__lhl']
[2025-12-17T19:25:24.811+0000] {standard_task_runner.py:105} INFO - Job 12: Subtask insert_dag_run
[2025-12-17T19:25:24.810+0000] {standard_task_runner.py:72} INFO - Started process 3104 to run task
[2025-12-17T19:25:26.050+0000] {task_command.py:467} INFO - Running <TaskInstance: dag_with_postgres_operator_v1.insert_dag_run manual__2025-12-17T19:20:14.166387+00:00 [running]> on host 49a93f729fc9
[2025-12-17T19:25:28.354+0000] {taskinstance.py:3132} INFO - Exporting env vars: AIRFLOW_CTX_DAG_OWNER='pedro' AIRFLOW_CTX_DAG_ID='dag_with_postgres_operator_v1' AIRFLOW_CTX_TASK_ID='insert_dag_run' AIRFLOW_CTX_EXECUTION_DATE='2025-12-17T19:20:14.166387+00:00' AIRFLOW_CTX_TRY_NUMBER='2' AIRFLOW_CTX_DAG_RUN_ID='manual__2025-12-17T19:20:14.166387+00:00'
[2025-12-17T19:25:28.359+0000] {taskinstance.py:731} INFO - ::endgroup::
[2025-12-17T19:25:28.695+0000] {sql.py:278} INFO - Executing: 
        INSERT INTO dag_runs (dt, dag_id)
        VALUES ('2025-12-17', 'dag_with_postgres_operator_v1')
        ON CONFLICT (dt, dag_id) DO NOTHING;
        
[2025-12-17T19:25:28.752+0000] {base.py:84} INFO - Retrieving connection 'postgres_localhost'
[2025-12-17T19:25:28.831+0000] {base.py:84} INFO - Retrieving connection 'postgres_localhost'
[2025-12-17T19:25:29.049+0000] {sql.py:544} INFO - Running statement: 
        INSERT INTO dag_runs (dt, dag_id)
        VALUES ('2025-12-17', 'dag_with_postgres_operator_v1')
        ON CONFLICT (dt, dag_id) DO NOTHING;
        , parameters: None
[2025-12-17T19:25:29.060+0000] {sql.py:553} INFO - Rows affected: 0
[2025-12-17T19:25:29.104+0000] {taskinstance.py:340} INFO - ::group::Post task execution logs
[2025-12-17T19:25:29.108+0000] {taskinstance.py:352} INFO - Marking task as SUCCESS. dag_id=dag_with_postgres_operator_v1, task_id=insert_dag_run, run_id=manual__2025-12-17T19:20:14.166387+00:00, execution_date=20251217T192014, start_date=20251217T192524, end_date=20251217T192529
[2025-12-17T19:25:29.420+0000] {local_task_job_runner.py:266} INFO - Task exited with return code 0
[2025-12-17T19:25:29.544+0000] {taskinstance.py:3895} INFO - 0 downstream tasks scheduled from follow-on schedule check
[2025-12-17T19:25:29.562+0000] {local_task_job_runner.py:245} INFO - ::endgroup::
