[2025-12-17T17:26:52.418+0000] {local_task_job_runner.py:123} INFO - ::group::Pre task execution logs
[2025-12-17T17:26:52.469+0000] {taskinstance.py:2613} INFO - Dependencies all met for dep_context=non-requeueable deps ti=<TaskInstance: dag_with_catchup_and_backfill_v2.task1 manual__2025-12-17T17:26:41.215460+00:00 [queued]>
[2025-12-17T17:26:52.489+0000] {taskinstance.py:2613} INFO - Dependencies all met for dep_context=requeueable deps ti=<TaskInstance: dag_with_catchup_and_backfill_v2.task1 manual__2025-12-17T17:26:41.215460+00:00 [queued]>
[2025-12-17T17:26:52.490+0000] {taskinstance.py:2866} INFO - Starting attempt 1 of 6
[2025-12-17T17:26:52.533+0000] {taskinstance.py:2889} INFO - Executing <Task(BashOperator): task1> on 2025-12-17 17:26:41.215460+00:00
[2025-12-17T17:26:52.553+0000] {standard_task_runner.py:104} INFO - Running: ['***', 'tasks', 'run', 'dag_with_catchup_and_backfill_v2', 'task1', 'manual__2025-12-17T17:26:41.215460+00:00', '--job-id', '38', '--raw', '--subdir', 'DAGS_FOLDER/dag_with_catchup_and_backfill.py', '--cfg-path', '/tmp/tmpore43z8d']
[2025-12-17T17:26:52.560+0000] {standard_task_runner.py:105} INFO - Job 38: Subtask task1
[2025-12-17T17:26:52.695+0000] {logging_mixin.py:190} WARNING - /home/***/.local/lib/python3.12/site-packages/***/task/task_runner/standard_task_runner.py:70 DeprecationWarning: This process (pid=3384) is multi-threaded, use of fork() may lead to deadlocks in the child.
[2025-12-17T17:26:52.696+0000] {standard_task_runner.py:72} INFO - Started process 3385 to run task
[2025-12-17T17:26:52.814+0000] {task_command.py:467} INFO - Running <TaskInstance: dag_with_catchup_and_backfill_v2.task1 manual__2025-12-17T17:26:41.215460+00:00 [running]> on host 15a5db013bdd
[2025-12-17T17:26:53.035+0000] {taskinstance.py:3132} INFO - Exporting env vars: AIRFLOW_CTX_DAG_OWNER='pedro' AIRFLOW_CTX_DAG_ID='dag_with_catchup_and_backfill_v2' AIRFLOW_CTX_TASK_ID='task1' AIRFLOW_CTX_EXECUTION_DATE='2025-12-17T17:26:41.215460+00:00' AIRFLOW_CTX_TRY_NUMBER='1' AIRFLOW_CTX_DAG_RUN_ID='manual__2025-12-17T17:26:41.215460+00:00'
[2025-12-17T17:26:53.037+0000] {taskinstance.py:731} INFO - ::endgroup::
[2025-12-17T17:26:53.356+0000] {subprocess.py:78} INFO - Tmp dir root location: /tmp
[2025-12-17T17:26:53.373+0000] {subprocess.py:88} INFO - Running command: ['/usr/bin/bash', '-c', 'echo This is a simple bash command']
[2025-12-17T17:26:53.400+0000] {subprocess.py:99} INFO - Output:
[2025-12-17T17:26:53.480+0000] {subprocess.py:106} INFO - This is a simple bash command
[2025-12-17T17:26:53.482+0000] {subprocess.py:110} INFO - Command exited with return code 0
[2025-12-17T17:26:53.544+0000] {taskinstance.py:340} INFO - ::group::Post task execution logs
[2025-12-17T17:26:53.545+0000] {taskinstance.py:352} INFO - Marking task as SUCCESS. dag_id=dag_with_catchup_and_backfill_v2, task_id=task1, run_id=manual__2025-12-17T17:26:41.215460+00:00, execution_date=20251217T172641, start_date=20251217T172652, end_date=20251217T172653
[2025-12-17T17:26:53.617+0000] {local_task_job_runner.py:266} INFO - Task exited with return code 0
[2025-12-17T17:26:53.659+0000] {taskinstance.py:3895} INFO - 0 downstream tasks scheduled from follow-on schedule check
[2025-12-17T17:26:53.663+0000] {local_task_job_runner.py:245} INFO - ::endgroup::
