[2025-12-17T16:16:16.919+0000] {local_task_job_runner.py:123} INFO - ::group::Pre task execution logs
[2025-12-17T16:16:17.086+0000] {taskinstance.py:2613} INFO - Dependencies all met for dep_context=non-requeueable deps ti=<TaskInstance: our_first_dag_v5.first_task scheduled__2025-12-15T00:00:00+00:00 [queued]>
[2025-12-17T16:16:17.206+0000] {taskinstance.py:2613} INFO - Dependencies all met for dep_context=requeueable deps ti=<TaskInstance: our_first_dag_v5.first_task scheduled__2025-12-15T00:00:00+00:00 [queued]>
[2025-12-17T16:16:17.213+0000] {taskinstance.py:2866} INFO - Starting attempt 1 of 6
[2025-12-17T16:16:17.346+0000] {taskinstance.py:2889} INFO - Executing <Task(BashOperator): first_task> on 2025-12-15 00:00:00+00:00
[2025-12-17T16:16:17.411+0000] {logging_mixin.py:190} WARNING - /home/***/.local/lib/python3.12/site-packages/***/task/task_runner/standard_task_runner.py:70 DeprecationWarning: This process (pid=658) is multi-threaded, use of fork() may lead to deadlocks in the child.
[2025-12-17T16:16:17.414+0000] {standard_task_runner.py:72} INFO - Started process 660 to run task
[2025-12-17T16:16:17.396+0000] {standard_task_runner.py:104} INFO - Running: ['***', 'tasks', 'run', 'our_first_dag_v5', 'first_task', 'scheduled__2025-12-15T00:00:00+00:00', '--job-id', '5', '--raw', '--subdir', 'DAGS_FOLDER/our_first_dag.py', '--cfg-path', '/tmp/tmpa_wi3soj']
[2025-12-17T16:16:17.420+0000] {standard_task_runner.py:105} INFO - Job 5: Subtask first_task
[2025-12-17T16:16:18.000+0000] {task_command.py:467} INFO - Running <TaskInstance: our_first_dag_v5.first_task scheduled__2025-12-15T00:00:00+00:00 [running]> on host 15a5db013bdd
[2025-12-17T16:16:19.856+0000] {taskinstance.py:3132} INFO - Exporting env vars: AIRFLOW_CTX_DAG_OWNER='pedro' AIRFLOW_CTX_DAG_ID='our_first_dag_v5' AIRFLOW_CTX_TASK_ID='first_task' AIRFLOW_CTX_EXECUTION_DATE='2025-12-15T00:00:00+00:00' AIRFLOW_CTX_TRY_NUMBER='1' AIRFLOW_CTX_DAG_RUN_ID='scheduled__2025-12-15T00:00:00+00:00'
[2025-12-17T16:16:19.859+0000] {taskinstance.py:731} INFO - ::endgroup::
[2025-12-17T16:16:20.519+0000] {subprocess.py:78} INFO - Tmp dir root location: /tmp
[2025-12-17T16:16:20.540+0000] {subprocess.py:88} INFO - Running command: ['/usr/bin/bash', '-c', 'echo hello world this is the first task']
[2025-12-17T16:16:20.634+0000] {subprocess.py:99} INFO - Output:
[2025-12-17T16:16:20.702+0000] {subprocess.py:106} INFO - hello world this is the first task
[2025-12-17T16:16:20.704+0000] {subprocess.py:110} INFO - Command exited with return code 0
[2025-12-17T16:16:20.883+0000] {taskinstance.py:340} INFO - ::group::Post task execution logs
[2025-12-17T16:16:20.884+0000] {taskinstance.py:352} INFO - Marking task as SUCCESS. dag_id=our_first_dag_v5, task_id=first_task, run_id=scheduled__2025-12-15T00:00:00+00:00, execution_date=20251215T000000, start_date=20251217T161617, end_date=20251217T161620
[2025-12-17T16:16:20.978+0000] {local_task_job_runner.py:266} INFO - Task exited with return code 0
[2025-12-17T16:16:21.544+0000] {taskinstance.py:3895} INFO - 2 downstream tasks scheduled from follow-on schedule check
[2025-12-17T16:16:21.560+0000] {local_task_job_runner.py:245} INFO - ::endgroup::
