[2025-12-15T19:54:13.340+0000] {local_task_job_runner.py:123} INFO - ::group::Pre task execution logs
[2025-12-15T19:54:13.460+0000] {taskinstance.py:2613} INFO - Dependencies all met for dep_context=non-requeueable deps ti=<TaskInstance: our_first_dag_v2.third_task manual__2025-12-15T19:51:13.408773+00:00 [queued]>
[2025-12-15T19:54:13.531+0000] {taskinstance.py:2613} INFO - Dependencies all met for dep_context=requeueable deps ti=<TaskInstance: our_first_dag_v2.third_task manual__2025-12-15T19:51:13.408773+00:00 [queued]>
[2025-12-15T19:54:13.532+0000] {taskinstance.py:2866} INFO - Starting attempt 1 of 6
[2025-12-15T19:54:13.750+0000] {taskinstance.py:2889} INFO - Executing <Task(BashOperator): third_task> on 2025-12-15 19:51:13.408773+00:00
[2025-12-15T19:54:13.807+0000] {standard_task_runner.py:104} INFO - Running: ['***', 'tasks', 'run', 'our_first_dag_v2', 'third_task', 'manual__2025-12-15T19:51:13.408773+00:00', '--job-id', '13', '--raw', '--subdir', 'DAGS_FOLDER/our_first_dag.py', '--cfg-path', '/tmp/tmpka6plxlw']
[2025-12-15T19:54:13.829+0000] {standard_task_runner.py:105} INFO - Job 13: Subtask third_task
[2025-12-15T19:54:13.823+0000] {logging_mixin.py:190} WARNING - /home/***/.local/lib/python3.12/site-packages/***/task/task_runner/standard_task_runner.py:70 DeprecationWarning: This process (pid=768) is multi-threaded, use of fork() may lead to deadlocks in the child.
[2025-12-15T19:54:13.833+0000] {standard_task_runner.py:72} INFO - Started process 771 to run task
[2025-12-15T19:54:14.179+0000] {task_command.py:467} INFO - Running <TaskInstance: our_first_dag_v2.third_task manual__2025-12-15T19:51:13.408773+00:00 [running]> on host fd4cece0ef2c
[2025-12-15T19:54:14.661+0000] {taskinstance.py:3132} INFO - Exporting env vars: AIRFLOW_CTX_DAG_OWNER='pedro' AIRFLOW_CTX_DAG_ID='our_first_dag_v2' AIRFLOW_CTX_TASK_ID='third_task' AIRFLOW_CTX_EXECUTION_DATE='2025-12-15T19:51:13.408773+00:00' AIRFLOW_CTX_TRY_NUMBER='1' AIRFLOW_CTX_DAG_RUN_ID='manual__2025-12-15T19:51:13.408773+00:00'
[2025-12-15T19:54:14.662+0000] {taskinstance.py:731} INFO - ::endgroup::
[2025-12-15T19:54:14.785+0000] {subprocess.py:78} INFO - Tmp dir root location: /tmp
[2025-12-15T19:54:14.793+0000] {subprocess.py:88} INFO - Running command: ['/usr/bin/bash', '-c', 'echo hey, I am the third task']
[2025-12-15T19:54:14.874+0000] {subprocess.py:99} INFO - Output:
[2025-12-15T19:54:14.898+0000] {subprocess.py:106} INFO - hey, I am the third task
[2025-12-15T19:54:14.899+0000] {subprocess.py:110} INFO - Command exited with return code 0
[2025-12-15T19:54:15.072+0000] {taskinstance.py:340} INFO - ::group::Post task execution logs
[2025-12-15T19:54:15.074+0000] {taskinstance.py:352} INFO - Marking task as SUCCESS. dag_id=our_first_dag_v2, task_id=third_task, run_id=manual__2025-12-15T19:51:13.408773+00:00, execution_date=20251215T195113, start_date=20251215T195413, end_date=20251215T195415
[2025-12-15T19:54:15.240+0000] {local_task_job_runner.py:266} INFO - Task exited with return code 0
[2025-12-15T19:54:15.388+0000] {taskinstance.py:3895} INFO - 0 downstream tasks scheduled from follow-on schedule check
[2025-12-15T19:54:15.395+0000] {local_task_job_runner.py:245} INFO - ::endgroup::
